<?xml version="1.0" encoding="UTF-8"?>
<testsuite xmlns:xsi="http://www.w3.org/2001/XMLSchema-instance" xsi:noNamespaceSchemaLocation="https://maven.apache.org/surefire/maven-failsafe-plugin/xsd/failsafe-test-report-3.0.xsd" version="3.0" name="starter.CucumberTestSuite" time="44.104" tests="5" errors="0" skipped="0" failures="0">
  <properties>
    <property name="sun.desktop" value="windows"/>
    <property name="awt.toolkit" value="sun.awt.windows.WToolkit"/>
    <property name="file.encoding.pkg" value="sun.io"/>
    <property name="java.specification.version" value="1.8"/>
    <property name="webdriver.chrome.driver" value="C:\Users\ADW User ACR\.cache\selenium\chromedriver\win32\112.0.5615.49\chromedriver.exe"/>
    <property name="sun.cpu.isalist" value="amd64"/>
    <property name="sun.jnu.encoding" value="Cp1252"/>
    <property name="java.class.path" value="D:\D\QE_Alta\MiniProject\Web\Register-Web-Altashop\target\test-classes;D:\D\QE_Alta\MiniProject\Web\Register-Web-Altashop\target\web-automation-alta-1.0-SNAPSHOT.jar;C:\Users\ADW User ACR\.m2\repository\net\serenity-bdd\serenity-core\3.6.21\serenity-core-3.6.21.jar;C:\Users\ADW User ACR\.m2\repository\net\serenity-bdd\serenity-model\3.6.21\serenity-model-3.6.21.jar;C:\Users\ADW User ACR\.m2\repository\org\apache\commons\commons-text\1.10.0\commons-text-1.10.0.jar;C:\Users\ADW User ACR\.m2\repository\commons-net\commons-net\3.9.0\commons-net-3.9.0.jar;C:\Users\ADW User ACR\.m2\repository\com\google\guava\guava\31.1-jre\guava-31.1-jre.jar;C:\Users\ADW User ACR\.m2\repository\com\google\guava\failureaccess\1.0.1\failureaccess-1.0.1.jar;C:\Users\ADW User ACR\.m2\repository\com\google\guava\listenablefuture\9999.0-empty-to-avoid-conflict-with-guava\listenablefuture-9999.0-empty-to-avoid-conflict-with-guava.jar;C:\Users\ADW User ACR\.m2\repository\com\google\code\findbugs\jsr305\3.0.2\jsr305-3.0.2.jar;C:\Users\ADW User ACR\.m2\repository\org\checkerframework\checker-qual\3.12.0\checker-qual-3.12.0.jar;C:\Users\ADW User ACR\.m2\repository\com\google\errorprone\error_prone_annotations\2.11.0\error_prone_annotations-2.11.0.jar;C:\Users\ADW User ACR\.m2\repository\com\google\j2objc\j2objc-annotations\1.3\j2objc-annotations-1.3.jar;C:\Users\ADW User ACR\.m2\repository\com\google\inject\guice\5.1.0\guice-5.1.0.jar;C:\Users\ADW User ACR\.m2\repository\javax\inject\javax.inject\1\javax.inject-1.jar;C:\Users\ADW User ACR\.m2\repository\aopalliance\aopalliance\1.0\aopalliance-1.0.jar;C:\Users\ADW User ACR\.m2\repository\org\jsoup\jsoup\1.14.3\jsoup-1.14.3.jar;C:\Users\ADW User ACR\.m2\repository\com\thoughtworks\xstream\xstream\1.4.20\xstream-1.4.20.jar;C:\Users\ADW User ACR\.m2\repository\io\github\x-stream\mxparser\1.2.2\mxparser-1.2.2.jar;C:\Users\ADW User ACR\.m2\repository\xmlpull\xmlpull\1.1.3.1\xmlpull-1.1.3.1.jar;C:\Users\ADW User ACR\.m2\repository\com\typesafe\config\1.4.2\config-1.4.2.jar;C:\Users\ADW User ACR\.m2\repository\org\imgscalr\imgscalr-lib\4.2\imgscalr-lib-4.2.jar;C:\Users\ADW User ACR\.m2\repository\org\awaitility\awaitility\4.2.0\awaitility-4.2.0.jar;C:\Users\ADW User ACR\.m2\repository\org\freemarker\freemarker\2.3.31\freemarker-2.3.31.jar;C:\Users\ADW User ACR\.m2\repository\io\github\classgraph\classgraph\4.8.138\classgraph-4.8.138.jar;C:\Users\ADW User ACR\.m2\repository\net\sourceforge\jexcelapi\jxl\2.6.12\jxl-2.6.12.jar;C:\Users\ADW User ACR\.m2\repository\net\bytebuddy\byte-buddy-agent\1.14.2\byte-buddy-agent-1.14.2.jar;C:\Users\ADW User ACR\.m2\repository\org\objenesis\objenesis\3.3\objenesis-3.3.jar;C:\Users\ADW User ACR\.m2\repository\net\serenity-bdd\serenity-reports\3.6.21\serenity-reports-3.6.21.jar;C:\Users\ADW User ACR\.m2\repository\net\serenity-bdd\serenity-stats\3.6.21\serenity-stats-3.6.21.jar;C:\Users\ADW User ACR\.m2\repository\net\serenity-bdd\serenity-reports-configuration\3.6.21\serenity-reports-configuration-3.6.21.jar;C:\Users\ADW User ACR\.m2\repository\com\vladsch\flexmark\flexmark-all\0.62.2\flexmark-all-0.62.2.jar;C:\Users\ADW User ACR\.m2\repository\com\vladsch\flexmark\flexmark\0.62.2\flexmark-0.62.2.jar;C:\Users\ADW User ACR\.m2\repository\com\vladsch\flexmark\flexmark-ext-abbreviation\0.62.2\flexmark-ext-abbreviation-0.62.2.jar;C:\Users\ADW User ACR\.m2\repository\com\vladsch\flexmark\flexmark-util\0.62.2\flexmark-util-0.62.2.jar;C:\Users\ADW User ACR\.m2\repository\com\vladsch\flexmark\flexmark-ext-admonition\0.62.2\flexmark-ext-admonition-0.62.2.jar;C:\Users\ADW User ACR\.m2\repository\com\vladsch\flexmark\flexmark-ext-anchorlink\0.62.2\flexmark-ext-anchorlink-0.62.2.jar;C:\Users\ADW User ACR\.m2\repository\com\vladsch\flexmark\flexmark-ext-aside\0.62.2\flexmark-ext-aside-0.62.2.jar;C:\Users\ADW User ACR\.m2\repository\com\vladsch\flexmark\flexmark-ext-attributes\0.62.2\flexmark-ext-attributes-0.62.2.jar;C:\Users\ADW User ACR\.m2\repository\com\vladsch\flexmark\flexmark-ext-autolink\0.62.2\flexmark-ext-autolink-0.62.2.jar;C:\Users\ADW User ACR\.m2\repository\org\nibor\autolink\autolink\0.6.0\autolink-0.6.0.jar;C:\Users\ADW User ACR\.m2\repository\com\vladsch\flexmark\flexmark-ext-definition\0.62.2\flexmark-ext-definition-0.62.2.jar;C:\Users\ADW User ACR\.m2\repository\com\vladsch\flexmark\flexmark-ext-emoji\0.62.2\flexmark-ext-emoji-0.62.2.jar;C:\Users\ADW User ACR\.m2\repository\com\vladsch\flexmark\flexmark-ext-enumerated-reference\0.62.2\flexmark-ext-enumerated-reference-0.62.2.jar;C:\Users\ADW User ACR\.m2\repository\com\vladsch\flexmark\flexmark-ext-escaped-character\0.62.2\flexmark-ext-escaped-character-0.62.2.jar;C:\Users\ADW User ACR\.m2\repository\com\vladsch\flexmark\flexmark-ext-footnotes\0.62.2\flexmark-ext-footnotes-0.62.2.jar;C:\Users\ADW User ACR\.m2\repository\com\vladsch\flexmark\flexmark-ext-gfm-issues\0.62.2\flexmark-ext-gfm-issues-0.62.2.jar;C:\Users\ADW User ACR\.m2\repository\com\vladsch\flexmark\flexmark-ext-gfm-strikethrough\0.62.2\flexmark-ext-gfm-strikethrough-0.62.2.jar;C:\Users\ADW User ACR\.m2\repository\com\vladsch\flexmark\flexmark-ext-gfm-tasklist\0.62.2\flexmark-ext-gfm-tasklist-0.62.2.jar;C:\Users\ADW User ACR\.m2\repository\com\vladsch\flexmark\flexmark-ext-gfm-users\0.62.2\flexmark-ext-gfm-users-0.62.2.jar;C:\Users\ADW User ACR\.m2\repository\com\vladsch\flexmark\flexmark-ext-gitlab\0.62.2\flexmark-ext-gitlab-0.62.2.jar;C:\Users\ADW User ACR\.m2\repository\com\vladsch\flexmark\flexmark-ext-jekyll-front-matter\0.62.2\flexmark-ext-jekyll-front-matter-0.62.2.jar;C:\Users\ADW User ACR\.m2\repository\com\vladsch\flexmark\flexmark-ext-jekyll-tag\0.62.2\flexmark-ext-jekyll-tag-0.62.2.jar;C:\Users\ADW User ACR\.m2\repository\com\vladsch\flexmark\flexmark-ext-media-tags\0.62.2\flexmark-ext-media-tags-0.62.2.jar;C:\Users\ADW User ACR\.m2\repository\com\vladsch\flexmark\flexmark-ext-macros\0.62.2\flexmark-ext-macros-0.62.2.jar;C:\Users\ADW User ACR\.m2\repository\com\vladsch\flexmark\flexmark-ext-ins\0.62.2\flexmark-ext-ins-0.62.2.jar;C:\Users\ADW User ACR\.m2\repository\com\vladsch\flexmark\flexmark-ext-xwiki-macros\0.62.2\flexmark-ext-xwiki-macros-0.62.2.jar;C:\Users\ADW User ACR\.m2\repository\com\vladsch\flexmark\flexmark-ext-superscript\0.62.2\flexmark-ext-superscript-0.62.2.jar;C:\Users\ADW User ACR\.m2\repository\com\vladsch\flexmark\flexmark-ext-tables\0.62.2\flexmark-ext-tables-0.62.2.jar;C:\Users\ADW User ACR\.m2\repository\com\vladsch\flexmark\flexmark-ext-toc\0.62.2\flexmark-ext-toc-0.62.2.jar;C:\Users\ADW User ACR\.m2\repository\com\vladsch\flexmark\flexmark-ext-typographic\0.62.2\flexmark-ext-typographic-0.62.2.jar;C:\Users\ADW User ACR\.m2\repository\com\vladsch\flexmark\flexmark-ext-wikilink\0.62.2\flexmark-ext-wikilink-0.62.2.jar;C:\Users\ADW User ACR\.m2\repository\com\vladsch\flexmark\flexmark-ext-yaml-front-matter\0.62.2\flexmark-ext-yaml-front-matter-0.62.2.jar;C:\Users\ADW User ACR\.m2\repository\com\vladsch\flexmark\flexmark-ext-youtube-embedded\0.62.2\flexmark-ext-youtube-embedded-0.62.2.jar;C:\Users\ADW User ACR\.m2\repository\com\vladsch\flexmark\flexmark-html2md-converter\0.62.2\flexmark-html2md-converter-0.62.2.jar;C:\Users\ADW User ACR\.m2\repository\com\vladsch\flexmark\flexmark-jira-converter\0.62.2\flexmark-jira-converter-0.62.2.jar;C:\Users\ADW User ACR\.m2\repository\com\vladsch\flexmark\flexmark-pdf-converter\0.62.2\flexmark-pdf-converter-0.62.2.jar;C:\Users\ADW User ACR\.m2\repository\com\openhtmltopdf\openhtmltopdf-core\1.0.0\openhtmltopdf-core-1.0.0.jar;C:\Users\ADW User ACR\.m2\repository\com\openhtmltopdf\openhtmltopdf-pdfbox\1.0.0\openhtmltopdf-pdfbox-1.0.0.jar;C:\Users\ADW User ACR\.m2\repository\org\apache\pdfbox\pdfbox\2.0.16\pdfbox-2.0.16.jar;C:\Users\ADW User ACR\.m2\repository\org\apache\pdfbox\fontbox\2.0.16\fontbox-2.0.16.jar;C:\Users\ADW User ACR\.m2\repository\org\apache\pdfbox\xmpbox\2.0.16\xmpbox-2.0.16.jar;C:\Users\ADW User ACR\.m2\repository\de\rototor\pdfbox\graphics2d\0.24\graphics2d-0.24.jar;C:\Users\ADW User ACR\.m2\repository\com\openhtmltopdf\openhtmltopdf-rtl-support\1.0.0\openhtmltopdf-rtl-support-1.0.0.jar;C:\Users\ADW User ACR\.m2\repository\com\openhtmltopdf\openhtmltopdf-jsoup-dom-converter\1.0.0\openhtmltopdf-jsoup-dom-converter-1.0.0.jar;C:\Users\ADW User ACR\.m2\repository\com\vladsch\flexmark\flexmark-profile-pegdown\0.62.2\flexmark-profile-pegdown-0.62.2.jar;C:\Users\ADW User ACR\.m2\repository\com\vladsch\flexmark\flexmark-util-ast\0.62.2\flexmark-util-ast-0.62.2.jar;C:\Users\ADW User ACR\.m2\repository\com\vladsch\flexmark\flexmark-util-builder\0.62.2\flexmark-util-builder-0.62.2.jar;C:\Users\ADW User ACR\.m2\repository\com\vladsch\flexmark\flexmark-util-collection\0.62.2\flexmark-util-collection-0.62.2.jar;C:\Users\ADW User ACR\.m2\repository\com\vladsch\flexmark\flexmark-util-data\0.62.2\flexmark-util-data-0.62.2.jar;C:\Users\ADW User ACR\.m2\repository\com\vladsch\flexmark\flexmark-util-dependency\0.62.2\flexmark-util-dependency-0.62.2.jar;C:\Users\ADW User ACR\.m2\repository\com\vladsch\flexmark\flexmark-util-format\0.62.2\flexmark-util-format-0.62.2.jar;C:\Users\ADW User ACR\.m2\repository\com\vladsch\flexmark\flexmark-util-html\0.62.2\flexmark-util-html-0.62.2.jar;C:\Users\ADW User ACR\.m2\repository\com\vladsch\flexmark\flexmark-util-misc\0.62.2\flexmark-util-misc-0.62.2.jar;C:\Users\ADW User ACR\.m2\repository\com\vladsch\flexmark\flexmark-util-options\0.62.2\flexmark-util-options-0.62.2.jar;C:\Users\ADW User ACR\.m2\repository\com\vladsch\flexmark\flexmark-util-sequence\0.62.2\flexmark-util-sequence-0.62.2.jar;C:\Users\ADW User ACR\.m2\repository\com\vladsch\flexmark\flexmark-util-visitor\0.62.2\flexmark-util-visitor-0.62.2.jar;C:\Users\ADW User ACR\.m2\repository\com\vladsch\flexmark\flexmark-youtrack-converter\0.62.2\flexmark-youtrack-converter-0.62.2.jar;C:\Users\ADW User ACR\.m2\repository\com\ibm\icu\icu4j\72.1\icu4j-72.1.jar;C:\Users\ADW User ACR\.m2\repository\es\nitaur\markdown\txtmark\0.16\txtmark-0.16.jar;C:\Users\ADW User ACR\.m2\repository\net\serenity-bdd\serenity-report-resources\3.6.21\serenity-report-resources-3.6.21.jar;C:\Users\ADW User ACR\.m2\repository\com\google\code\gson\gson\2.10.1\gson-2.10.1.jar;C:\Users\ADW User ACR\.m2\repository\com\fasterxml\jackson\core\jackson-core\2.15.0-rc1\jackson-core-2.15.0-rc1.jar;C:\Users\ADW User ACR\.m2\repository\com\fasterxml\jackson\core\jackson-databind\2.15.0-rc1\jackson-databind-2.15.0-rc1.jar;C:\Users\ADW User ACR\.m2\repository\com\fasterxml\jackson\core\jackson-annotations\2.15.0-rc1\jackson-annotations-2.15.0-rc1.jar;C:\Users\ADW User ACR\.m2\repository\commons-codec\commons-codec\1.15\commons-codec-1.15.jar;C:\Users\ADW User ACR\.m2\repository\commons-io\commons-io\2.11.0\commons-io-2.11.0.jar;C:\Users\ADW User ACR\.m2\repository\org\apache\httpcomponents\httpclient\4.5.13\httpclient-4.5.13.jar;C:\Users\ADW User ACR\.m2\repository\org\apache\httpcomponents\httpcore\4.4.13\httpcore-4.4.13.jar;C:\Users\ADW User ACR\.m2\repository\commons-logging\commons-logging\1.2\commons-logging-1.2.jar;C:\Users\ADW User ACR\.m2\repository\org\seleniumhq\selenium\selenium-java\4.8.1\selenium-java-4.8.1.jar;C:\Users\ADW User ACR\.m2\repository\org\seleniumhq\selenium\selenium-devtools-v108\4.8.1\selenium-devtools-v108-4.8.1.jar;C:\Users\ADW User ACR\.m2\repository\org\seleniumhq\selenium\selenium-devtools-v109\4.8.1\selenium-devtools-v109-4.8.1.jar;C:\Users\ADW User ACR\.m2\repository\org\seleniumhq\selenium\selenium-devtools-v110\4.8.1\selenium-devtools-v110-4.8.1.jar;C:\Users\ADW User ACR\.m2\repository\org\seleniumhq\selenium\selenium-devtools-v85\4.8.1\selenium-devtools-v85-4.8.1.jar;C:\Users\ADW User ACR\.m2\repository\org\seleniumhq\selenium\selenium-remote-driver\4.8.1\selenium-remote-driver-4.8.1.jar;C:\Users\ADW User ACR\.m2\repository\com\beust\jcommander\1.82\jcommander-1.82.jar;C:\Users\ADW User ACR\.m2\repository\io\netty\netty-buffer\4.1.87.Final\netty-buffer-4.1.87.Final.jar;C:\Users\ADW User ACR\.m2\repository\io\netty\netty-codec-http\4.1.87.Final\netty-codec-http-4.1.87.Final.jar;C:\Users\ADW User ACR\.m2\repository\io\netty\netty-codec\4.1.87.Final\netty-codec-4.1.87.Final.jar;C:\Users\ADW User ACR\.m2\repository\io\netty\netty-handler\4.1.87.Final\netty-handler-4.1.87.Final.jar;C:\Users\ADW User ACR\.m2\repository\io\netty\netty-common\4.1.87.Final\netty-common-4.1.87.Final.jar;C:\Users\ADW User ACR\.m2\repository\io\netty\netty-transport-classes-epoll\4.1.87.Final\netty-transport-classes-epoll-4.1.87.Final.jar;C:\Users\ADW User ACR\.m2\repository\io\netty\netty-transport-classes-kqueue\4.1.87.Final\netty-transport-classes-kqueue-4.1.87.Final.jar;C:\Users\ADW User ACR\.m2\repository\io\netty\netty-transport-native-epoll\4.1.87.Final\netty-transport-native-epoll-4.1.87.Final.jar;C:\Users\ADW User ACR\.m2\repository\io\netty\netty-transport-native-kqueue\4.1.87.Final\netty-transport-native-kqueue-4.1.87.Final.jar;C:\Users\ADW User ACR\.m2\repository\io\netty\netty-transport-native-unix-common\4.1.87.Final\netty-transport-native-unix-common-4.1.87.Final.jar;C:\Users\ADW User ACR\.m2\repository\io\netty\netty-transport\4.1.87.Final\netty-transport-4.1.87.Final.jar;C:\Users\ADW User ACR\.m2\repository\io\netty\netty-resolver\4.1.87.Final\netty-resolver-4.1.87.Final.jar;C:\Users\ADW User ACR\.m2\repository\io\opentelemetry\opentelemetry-api\1.22.0\opentelemetry-api-1.22.0.jar;C:\Users\ADW User ACR\.m2\repository\io\opentelemetry\opentelemetry-context\1.22.0\opentelemetry-context-1.22.0.jar;C:\Users\ADW User ACR\.m2\repository\io\opentelemetry\opentelemetry-exporter-logging\1.22.0\opentelemetry-exporter-logging-1.22.0.jar;C:\Users\ADW User ACR\.m2\repository\io\opentelemetry\opentelemetry-sdk-metrics\1.22.0\opentelemetry-sdk-metrics-1.22.0.jar;C:\Users\ADW User ACR\.m2\repository\io\opentelemetry\opentelemetry-sdk-logs\1.22.0-alpha\opentelemetry-sdk-logs-1.22.0-alpha.jar;C:\Users\ADW User ACR\.m2\repository\io\opentelemetry\opentelemetry-api-logs\1.22.0-alpha\opentelemetry-api-logs-1.22.0-alpha.jar;C:\Users\ADW User ACR\.m2\repository\io\opentelemetry\opentelemetry-sdk-common\1.22.0\opentelemetry-sdk-common-1.22.0.jar;C:\Users\ADW User ACR\.m2\repository\io\opentelemetry\opentelemetry-sdk-extension-autoconfigure-spi\1.22.0\opentelemetry-sdk-extension-autoconfigure-spi-1.22.0.jar;C:\Users\ADW User ACR\.m2\repository\io\opentelemetry\opentelemetry-sdk-extension-autoconfigure\1.22.0-alpha\opentelemetry-sdk-extension-autoconfigure-1.22.0-alpha.jar;C:\Users\ADW User ACR\.m2\repository\io\opentelemetry\opentelemetry-sdk-trace\1.22.0\opentelemetry-sdk-trace-1.22.0.jar;C:\Users\ADW User ACR\.m2\repository\io\opentelemetry\opentelemetry-sdk\1.22.0\opentelemetry-sdk-1.22.0.jar;C:\Users\ADW User ACR\.m2\repository\io\opentelemetry\opentelemetry-semconv\1.22.0-alpha\opentelemetry-semconv-1.22.0-alpha.jar;C:\Users\ADW User ACR\.m2\repository\io\ous\jtoml\2.0.0\jtoml-2.0.0.jar;C:\Users\ADW User ACR\.m2\repository\org\apache\commons\commons-exec\1.3\commons-exec-1.3.jar;C:\Users\ADW User ACR\.m2\repository\org\asynchttpclient\async-http-client\2.12.3\async-http-client-2.12.3.jar;C:\Users\ADW User ACR\.m2\repository\org\asynchttpclient\async-http-client-netty-utils\2.12.3\async-http-client-netty-utils-2.12.3.jar;C:\Users\ADW User ACR\.m2\repository\io\netty\netty-codec-socks\4.1.60.Final\netty-codec-socks-4.1.60.Final.jar;C:\Users\ADW User ACR\.m2\repository\io\netty\netty-handler-proxy\4.1.60.Final\netty-handler-proxy-4.1.60.Final.jar;C:\Users\ADW User ACR\.m2\repository\io\netty\netty-transport-native-epoll\4.1.60.Final\netty-transport-native-epoll-4.1.60.Final-linux-x86_64.jar;C:\Users\ADW User ACR\.m2\repository\io\netty\netty-transport-native-kqueue\4.1.60.Final\netty-transport-native-kqueue-4.1.60.Final-osx-x86_64.jar;C:\Users\ADW User ACR\.m2\repository\org\reactivestreams\reactive-streams\1.0.3\reactive-streams-1.0.3.jar;C:\Users\ADW User ACR\.m2\repository\com\typesafe\netty\netty-reactive-streams\2.0.4\netty-reactive-streams-2.0.4.jar;C:\Users\ADW User ACR\.m2\repository\org\seleniumhq\selenium\selenium-manager\4.8.1\selenium-manager-4.8.1.jar;C:\Users\ADW User ACR\.m2\repository\org\seleniumhq\selenium\selenium-safari-driver\4.8.1\selenium-safari-driver-4.8.1.jar;C:\Users\ADW User ACR\.m2\repository\org\seleniumhq\selenium\selenium-api\4.8.1\selenium-api-4.8.1.jar;C:\Users\ADW User ACR\.m2\repository\org\seleniumhq\selenium\selenium-support\4.8.1\selenium-support-4.8.1.jar;C:\Users\ADW User ACR\.m2\repository\com\google\auto\service\auto-service-annotations\1.0.1\auto-service-annotations-1.0.1.jar;C:\Users\ADW User ACR\.m2\repository\com\google\auto\service\auto-service\1.0.1\auto-service-1.0.1.jar;C:\Users\ADW User ACR\.m2\repository\com\google\auto\auto-common\1.2\auto-common-1.2.jar;C:\Users\ADW User ACR\.m2\repository\org\seleniumhq\selenium\selenium-json\4.8.1\selenium-json-4.8.1.jar;C:\Users\ADW User ACR\.m2\repository\org\seleniumhq\selenium\selenium-chrome-driver\4.8.1\selenium-chrome-driver-4.8.1.jar;C:\Users\ADW User ACR\.m2\repository\org\seleniumhq\selenium\selenium-chromium-driver\4.8.1\selenium-chromium-driver-4.8.1.jar;C:\Users\ADW User ACR\.m2\repository\org\seleniumhq\selenium\selenium-firefox-driver\4.8.1\selenium-firefox-driver-4.8.1.jar;C:\Users\ADW User ACR\.m2\repository\org\seleniumhq\selenium\selenium-http\4.8.1\selenium-http-4.8.1.jar;C:\Users\ADW User ACR\.m2\repository\dev\failsafe\failsafe\3.3.0\failsafe-3.3.0.jar;C:\Users\ADW User ACR\.m2\repository\org\seleniumhq\selenium\selenium-edge-driver\4.8.1\selenium-edge-driver-4.8.1.jar;C:\Users\ADW User ACR\.m2\repository\org\seleniumhq\selenium\selenium-ie-driver\4.8.1\selenium-ie-driver-4.8.1.jar;C:\Users\ADW User ACR\.m2\repository\org\projectlombok\lombok\1.18.20\lombok-1.18.20.jar;C:\Users\ADW User ACR\.m2\repository\io\appium\java-client\8.3.0\java-client-8.3.0.jar;C:\Users\ADW User ACR\.m2\repository\commons-validator\commons-validator\1.7\commons-validator-1.7.jar;C:\Users\ADW User ACR\.m2\repository\commons-digester\commons-digester\2.1\commons-digester-2.1.jar;C:\Users\ADW User ACR\.m2\repository\org\apache\groovy\groovy\4.0.10\groovy-4.0.10.jar;C:\Users\ADW User ACR\.m2\repository\net\sf\opencsv\opencsv\2.0\opencsv-2.0.jar;C:\Users\ADW User ACR\.m2\repository\commons-beanutils\commons-beanutils\1.9.4\commons-beanutils-1.9.4.jar;C:\Users\ADW User ACR\.m2\repository\org\apache\commons\commons-lang3\3.12.0\commons-lang3-3.12.0.jar;C:\Users\ADW User ACR\.m2\repository\commons-collections\commons-collections\3.2.2\commons-collections-3.2.2.jar;C:\Users\ADW User ACR\.m2\repository\org\fluentlenium\fluentlenium-core\0.10.2\fluentlenium-core-0.10.2.jar;C:\Users\ADW User ACR\.m2\repository\io\github\bonigarcia\webdrivermanager\5.3.0\webdrivermanager-5.3.0.jar;C:\Users\ADW User ACR\.m2\repository\com\github\docker-java\docker-java\3.2.13\docker-java-3.2.13.jar;C:\Users\ADW User ACR\.m2\repository\com\github\docker-java\docker-java-core\3.2.13\docker-java-core-3.2.13.jar;C:\Users\ADW User ACR\.m2\repository\com\github\docker-java\docker-java-api\3.2.13\docker-java-api-3.2.13.jar;C:\Users\ADW User ACR\.m2\repository\org\apache\commons\commons-compress\1.21\commons-compress-1.21.jar;C:\Users\ADW User ACR\.m2\repository\org\bouncycastle\bcpkix-jdk15on\1.64\bcpkix-jdk15on-1.64.jar;C:\Users\ADW User ACR\.m2\repository\org\bouncycastle\bcprov-jdk15on\1.64\bcprov-jdk15on-1.64.jar;C:\Users\ADW User ACR\.m2\repository\org\slf4j\jcl-over-slf4j\1.7.30\jcl-over-slf4j-1.7.30.jar;C:\Users\ADW User ACR\.m2\repository\com\github\docker-java\docker-java-transport-httpclient5\3.2.13\docker-java-transport-httpclient5-3.2.13.jar;C:\Users\ADW User ACR\.m2\repository\com\github\docker-java\docker-java-transport\3.2.13\docker-java-transport-3.2.13.jar;C:\Users\ADW User ACR\.m2\repository\net\java\dev\jna\jna\5.8.0\jna-5.8.0.jar;C:\Users\ADW User ACR\.m2\repository\org\brotli\dec\0.1.2\dec-0.1.2.jar;C:\Users\ADW User ACR\.m2\repository\org\apache\httpcomponents\client5\httpclient5\5.1.3\httpclient5-5.1.3.jar;C:\Users\ADW User ACR\.m2\repository\org\apache\httpcomponents\core5\httpcore5\5.1.3\httpcore5-5.1.3.jar;C:\Users\ADW User ACR\.m2\repository\org\apache\httpcomponents\core5\httpcore5-h2\5.1.3\httpcore5-h2-5.1.3.jar;C:\Users\ADW User ACR\.m2\repository\com\jhlabs\filters\2.0.235\filters-2.0.235.jar;C:\Users\ADW User ACR\.m2\repository\com\paulhammant\ngwebdriver\1.1.6\ngwebdriver-1.1.6.jar;C:\Users\ADW User ACR\.m2\repository\joda-time\joda-time\2.12.2\joda-time-2.12.2.jar;C:\Users\ADW User ACR\.m2\repository\org\hamcrest\hamcrest\2.2\hamcrest-2.2.jar;C:\Users\ADW User ACR\.m2\repository\com\google\jimfs\jimfs\1.2\jimfs-1.2.jar;C:\Users\ADW User ACR\.m2\repository\org\mockito\mockito-core\3.3.3\mockito-core-3.3.3.jar;C:\Users\ADW User ACR\.m2\repository\javax\xml\bind\jaxb-api\2.3.1\jaxb-api-2.3.1.jar;C:\Users\ADW User ACR\.m2\repository\javax\activation\javax.activation-api\1.2.0\javax.activation-api-1.2.0.jar;C:\Users\ADW User ACR\.m2\repository\com\sun\xml\bind\jaxb-core\2.3.0.1\jaxb-core-2.3.0.1.jar;C:\Users\ADW User ACR\.m2\repository\com\sun\xml\bind\jaxb-impl\2.3.3\jaxb-impl-2.3.3.jar;C:\Users\ADW User ACR\.m2\repository\jakarta\xml\bind\jakarta.xml.bind-api\2.3.3\jakarta.xml.bind-api-2.3.3.jar;C:\Users\ADW User ACR\.m2\repository\com\sun\activation\jakarta.activation\1.2.2\jakarta.activation-1.2.2.jar;C:\Users\ADW User ACR\.m2\repository\javax\activation\activation\1.1.1\activation-1.1.1.jar;C:\Users\ADW User ACR\.m2\repository\net\serenity-bdd\serenity-cucumber\3.6.21\serenity-cucumber-3.6.21.jar;C:\Users\ADW User ACR\.m2\repository\io\cucumber\cucumber-core\7.11.0\cucumber-core-7.11.0.jar;C:\Users\ADW User ACR\.m2\repository\io\cucumber\cucumber-gherkin\7.11.0\cucumber-gherkin-7.11.0.jar;C:\Users\ADW User ACR\.m2\repository\io\cucumber\cucumber-gherkin-messages\7.11.0\cucumber-gherkin-messages-7.11.0.jar;C:\Users\ADW User ACR\.m2\repository\io\cucumber\gherkin\26.0.3\gherkin-26.0.3.jar;C:\Users\ADW User ACR\.m2\repository\io\cucumber\messages\21.0.1\messages-21.0.1.jar;C:\Users\ADW User ACR\.m2\repository\io\cucumber\tag-expressions\5.0.1\tag-expressions-5.0.1.jar;C:\Users\ADW User ACR\.m2\repository\io\cucumber\cucumber-expressions\16.1.1\cucumber-expressions-16.1.1.jar;C:\Users\ADW User ACR\.m2\repository\io\cucumber\datatable\7.11.0\datatable-7.11.0.jar;C:\Users\ADW User ACR\.m2\repository\io\cucumber\cucumber-plugin\7.11.0\cucumber-plugin-7.11.0.jar;C:\Users\ADW User ACR\.m2\repository\io\cucumber\docstring\7.11.0\docstring-7.11.0.jar;C:\Users\ADW User ACR\.m2\repository\io\cucumber\html-formatter\20.2.1\html-formatter-20.2.1.jar;C:\Users\ADW User ACR\.m2\repository\io\cucumber\junit-xml-formatter\0.1.0\junit-xml-formatter-0.1.0.jar;C:\Users\ADW User ACR\.m2\repository\io\cucumber\ci-environment\9.1.0\ci-environment-9.1.0.jar;C:\Users\ADW User ACR\.m2\repository\io\cucumber\cucumber-java\7.11.0\cucumber-java-7.11.0.jar;C:\Users\ADW User ACR\.m2\repository\io\cucumber\cucumber-junit\7.11.0\cucumber-junit-7.11.0.jar;C:\Users\ADW User ACR\.m2\repository\org\apache\commons\commons-csv\1.5\commons-csv-1.5.jar;C:\Users\ADW User ACR\.m2\repository\net\serenity-bdd\serenity-screenplay\3.6.21\serenity-screenplay-3.6.21.jar;C:\Users\ADW User ACR\.m2\repository\net\serenity-bdd\serenity-screenplay-webdriver\3.6.21\serenity-screenplay-webdriver-3.6.21.jar;C:\Users\ADW User ACR\.m2\repository\net\serenity-bdd\serenity-ensure\3.6.21\serenity-ensure-3.6.21.jar;C:\Users\ADW User ACR\.m2\repository\net\serenity-bdd\serenity-junit\3.6.21\serenity-junit-3.6.21.jar;C:\Users\ADW User ACR\.m2\repository\org\jetbrains\kotlin\kotlin-stdlib\1.8.10\kotlin-stdlib-1.8.10.jar;C:\Users\ADW User ACR\.m2\repository\org\jetbrains\kotlin\kotlin-stdlib-common\1.8.10\kotlin-stdlib-common-1.8.10.jar;C:\Users\ADW User ACR\.m2\repository\org\jetbrains\annotations\13.0\annotations-13.0.jar;C:\Users\ADW User ACR\.m2\repository\org\junit\platform\junit-platform-launcher\1.8.2\junit-platform-launcher-1.8.2.jar;C:\Users\ADW User ACR\.m2\repository\org\junit\platform\junit-platform-engine\1.8.2\junit-platform-engine-1.8.2.jar;C:\Users\ADW User ACR\.m2\repository\org\opentest4j\opentest4j\1.2.0\opentest4j-1.2.0.jar;C:\Users\ADW User ACR\.m2\repository\org\junit\platform\junit-platform-commons\1.8.2\junit-platform-commons-1.8.2.jar;C:\Users\ADW User ACR\.m2\repository\org\apiguardian\apiguardian-api\1.1.2\apiguardian-api-1.1.2.jar;C:\Users\ADW User ACR\.m2\repository\org\junit\jupiter\junit-jupiter-engine\5.8.2\junit-jupiter-engine-5.8.2.jar;C:\Users\ADW User ACR\.m2\repository\org\junit\jupiter\junit-jupiter-api\5.8.2\junit-jupiter-api-5.8.2.jar;C:\Users\ADW User ACR\.m2\repository\org\junit\vintage\junit-vintage-engine\5.8.2\junit-vintage-engine-5.8.2.jar;C:\Users\ADW User ACR\.m2\repository\junit\junit\4.13.2\junit-4.13.2.jar;C:\Users\ADW User ACR\.m2\repository\org\hamcrest\hamcrest-core\1.3\hamcrest-core-1.3.jar;C:\Users\ADW User ACR\.m2\repository\ch\qos\logback\logback-classic\1.2.10\logback-classic-1.2.10.jar;C:\Users\ADW User ACR\.m2\repository\ch\qos\logback\logback-core\1.2.10\logback-core-1.2.10.jar;C:\Users\ADW User ACR\.m2\repository\org\slf4j\slf4j-api\1.7.32\slf4j-api-1.7.32.jar;C:\Users\ADW User ACR\.m2\repository\org\assertj\assertj-core\3.23.1\assertj-core-3.23.1.jar;C:\Users\ADW User ACR\.m2\repository\net\bytebuddy\byte-buddy\1.12.10\byte-buddy-1.12.10.jar;"/>
    <property name="java.vm.vendor" value="Oracle Corporation"/>
    <property name="sun.arch.data.model" value="64"/>
    <property name="user.variant" value=""/>
    <property name="java.vendor.url" value="http://java.oracle.com/"/>
    <property name="user.timezone" value="Asia/Bangkok"/>
    <property name="java.vm.specification.version" value="1.8"/>
    <property name="os.name" value="Windows 10"/>
    <property name="user.country" value="US"/>
    <property name="sun.java.launcher" value="SUN_STANDARD"/>
    <property name="sun.boot.library.path" value="C:\Program Files\Java\jdk1.8.0_202\jre\bin"/>
    <property name="sun.java.command" value="C:\Users\ADW User ACR\AppData\Local\Temp\surefire8993776292189834426\surefirebooter4601047974353380658.jar C:\Users\ADW User ACR\AppData\Local\Temp\surefire8993776292189834426 2023-04-24T10-46-08_668-jvmRun1 surefire8496781456321919752tmp surefire_02699230017542997982tmp"/>
    <property name="surefire.test.class.path" value="D:\D\QE_Alta\MiniProject\Web\Register-Web-Altashop\target\test-classes;D:\D\QE_Alta\MiniProject\Web\Register-Web-Altashop\target\web-automation-alta-1.0-SNAPSHOT.jar;C:\Users\ADW User ACR\.m2\repository\net\serenity-bdd\serenity-core\3.6.21\serenity-core-3.6.21.jar;C:\Users\ADW User ACR\.m2\repository\net\serenity-bdd\serenity-model\3.6.21\serenity-model-3.6.21.jar;C:\Users\ADW User ACR\.m2\repository\org\apache\commons\commons-text\1.10.0\commons-text-1.10.0.jar;C:\Users\ADW User ACR\.m2\repository\commons-net\commons-net\3.9.0\commons-net-3.9.0.jar;C:\Users\ADW User ACR\.m2\repository\com\google\guava\guava\31.1-jre\guava-31.1-jre.jar;C:\Users\ADW User ACR\.m2\repository\com\google\guava\failureaccess\1.0.1\failureaccess-1.0.1.jar;C:\Users\ADW User ACR\.m2\repository\com\google\guava\listenablefuture\9999.0-empty-to-avoid-conflict-with-guava\listenablefuture-9999.0-empty-to-avoid-conflict-with-guava.jar;C:\Users\ADW User ACR\.m2\repository\com\google\code\findbugs\jsr305\3.0.2\jsr305-3.0.2.jar;C:\Users\ADW User ACR\.m2\repository\org\checkerframework\checker-qual\3.12.0\checker-qual-3.12.0.jar;C:\Users\ADW User ACR\.m2\repository\com\google\errorprone\error_prone_annotations\2.11.0\error_prone_annotations-2.11.0.jar;C:\Users\ADW User ACR\.m2\repository\com\google\j2objc\j2objc-annotations\1.3\j2objc-annotations-1.3.jar;C:\Users\ADW User ACR\.m2\repository\com\google\inject\guice\5.1.0\guice-5.1.0.jar;C:\Users\ADW User ACR\.m2\repository\javax\inject\javax.inject\1\javax.inject-1.jar;C:\Users\ADW User ACR\.m2\repository\aopalliance\aopalliance\1.0\aopalliance-1.0.jar;C:\Users\ADW User ACR\.m2\repository\org\jsoup\jsoup\1.14.3\jsoup-1.14.3.jar;C:\Users\ADW User ACR\.m2\repository\com\thoughtworks\xstream\xstream\1.4.20\xstream-1.4.20.jar;C:\Users\ADW User ACR\.m2\repository\io\github\x-stream\mxparser\1.2.2\mxparser-1.2.2.jar;C:\Users\ADW User ACR\.m2\repository\xmlpull\xmlpull\1.1.3.1\xmlpull-1.1.3.1.jar;C:\Users\ADW User ACR\.m2\repository\com\typesafe\config\1.4.2\config-1.4.2.jar;C:\Users\ADW User ACR\.m2\repository\org\imgscalr\imgscalr-lib\4.2\imgscalr-lib-4.2.jar;C:\Users\ADW User ACR\.m2\repository\org\awaitility\awaitility\4.2.0\awaitility-4.2.0.jar;C:\Users\ADW User ACR\.m2\repository\org\freemarker\freemarker\2.3.31\freemarker-2.3.31.jar;C:\Users\ADW User ACR\.m2\repository\io\github\classgraph\classgraph\4.8.138\classgraph-4.8.138.jar;C:\Users\ADW User ACR\.m2\repository\net\sourceforge\jexcelapi\jxl\2.6.12\jxl-2.6.12.jar;C:\Users\ADW User ACR\.m2\repository\net\bytebuddy\byte-buddy-agent\1.14.2\byte-buddy-agent-1.14.2.jar;C:\Users\ADW User ACR\.m2\repository\org\objenesis\objenesis\3.3\objenesis-3.3.jar;C:\Users\ADW User ACR\.m2\repository\net\serenity-bdd\serenity-reports\3.6.21\serenity-reports-3.6.21.jar;C:\Users\ADW User ACR\.m2\repository\net\serenity-bdd\serenity-stats\3.6.21\serenity-stats-3.6.21.jar;C:\Users\ADW User ACR\.m2\repository\net\serenity-bdd\serenity-reports-configuration\3.6.21\serenity-reports-configuration-3.6.21.jar;C:\Users\ADW User ACR\.m2\repository\com\vladsch\flexmark\flexmark-all\0.62.2\flexmark-all-0.62.2.jar;C:\Users\ADW User ACR\.m2\repository\com\vladsch\flexmark\flexmark\0.62.2\flexmark-0.62.2.jar;C:\Users\ADW User ACR\.m2\repository\com\vladsch\flexmark\flexmark-ext-abbreviation\0.62.2\flexmark-ext-abbreviation-0.62.2.jar;C:\Users\ADW User ACR\.m2\repository\com\vladsch\flexmark\flexmark-util\0.62.2\flexmark-util-0.62.2.jar;C:\Users\ADW User ACR\.m2\repository\com\vladsch\flexmark\flexmark-ext-admonition\0.62.2\flexmark-ext-admonition-0.62.2.jar;C:\Users\ADW User ACR\.m2\repository\com\vladsch\flexmark\flexmark-ext-anchorlink\0.62.2\flexmark-ext-anchorlink-0.62.2.jar;C:\Users\ADW User ACR\.m2\repository\com\vladsch\flexmark\flexmark-ext-aside\0.62.2\flexmark-ext-aside-0.62.2.jar;C:\Users\ADW User ACR\.m2\repository\com\vladsch\flexmark\flexmark-ext-attributes\0.62.2\flexmark-ext-attributes-0.62.2.jar;C:\Users\ADW User ACR\.m2\repository\com\vladsch\flexmark\flexmark-ext-autolink\0.62.2\flexmark-ext-autolink-0.62.2.jar;C:\Users\ADW User ACR\.m2\repository\org\nibor\autolink\autolink\0.6.0\autolink-0.6.0.jar;C:\Users\ADW User ACR\.m2\repository\com\vladsch\flexmark\flexmark-ext-definition\0.62.2\flexmark-ext-definition-0.62.2.jar;C:\Users\ADW User ACR\.m2\repository\com\vladsch\flexmark\flexmark-ext-emoji\0.62.2\flexmark-ext-emoji-0.62.2.jar;C:\Users\ADW User ACR\.m2\repository\com\vladsch\flexmark\flexmark-ext-enumerated-reference\0.62.2\flexmark-ext-enumerated-reference-0.62.2.jar;C:\Users\ADW User ACR\.m2\repository\com\vladsch\flexmark\flexmark-ext-escaped-character\0.62.2\flexmark-ext-escaped-character-0.62.2.jar;C:\Users\ADW User ACR\.m2\repository\com\vladsch\flexmark\flexmark-ext-footnotes\0.62.2\flexmark-ext-footnotes-0.62.2.jar;C:\Users\ADW User ACR\.m2\repository\com\vladsch\flexmark\flexmark-ext-gfm-issues\0.62.2\flexmark-ext-gfm-issues-0.62.2.jar;C:\Users\ADW User ACR\.m2\repository\com\vladsch\flexmark\flexmark-ext-gfm-strikethrough\0.62.2\flexmark-ext-gfm-strikethrough-0.62.2.jar;C:\Users\ADW User ACR\.m2\repository\com\vladsch\flexmark\flexmark-ext-gfm-tasklist\0.62.2\flexmark-ext-gfm-tasklist-0.62.2.jar;C:\Users\ADW User ACR\.m2\repository\com\vladsch\flexmark\flexmark-ext-gfm-users\0.62.2\flexmark-ext-gfm-users-0.62.2.jar;C:\Users\ADW User ACR\.m2\repository\com\vladsch\flexmark\flexmark-ext-gitlab\0.62.2\flexmark-ext-gitlab-0.62.2.jar;C:\Users\ADW User ACR\.m2\repository\com\vladsch\flexmark\flexmark-ext-jekyll-front-matter\0.62.2\flexmark-ext-jekyll-front-matter-0.62.2.jar;C:\Users\ADW User ACR\.m2\repository\com\vladsch\flexmark\flexmark-ext-jekyll-tag\0.62.2\flexmark-ext-jekyll-tag-0.62.2.jar;C:\Users\ADW User ACR\.m2\repository\com\vladsch\flexmark\flexmark-ext-media-tags\0.62.2\flexmark-ext-media-tags-0.62.2.jar;C:\Users\ADW User ACR\.m2\repository\com\vladsch\flexmark\flexmark-ext-macros\0.62.2\flexmark-ext-macros-0.62.2.jar;C:\Users\ADW User ACR\.m2\repository\com\vladsch\flexmark\flexmark-ext-ins\0.62.2\flexmark-ext-ins-0.62.2.jar;C:\Users\ADW User ACR\.m2\repository\com\vladsch\flexmark\flexmark-ext-xwiki-macros\0.62.2\flexmark-ext-xwiki-macros-0.62.2.jar;C:\Users\ADW User ACR\.m2\repository\com\vladsch\flexmark\flexmark-ext-superscript\0.62.2\flexmark-ext-superscript-0.62.2.jar;C:\Users\ADW User ACR\.m2\repository\com\vladsch\flexmark\flexmark-ext-tables\0.62.2\flexmark-ext-tables-0.62.2.jar;C:\Users\ADW User ACR\.m2\repository\com\vladsch\flexmark\flexmark-ext-toc\0.62.2\flexmark-ext-toc-0.62.2.jar;C:\Users\ADW User ACR\.m2\repository\com\vladsch\flexmark\flexmark-ext-typographic\0.62.2\flexmark-ext-typographic-0.62.2.jar;C:\Users\ADW User ACR\.m2\repository\com\vladsch\flexmark\flexmark-ext-wikilink\0.62.2\flexmark-ext-wikilink-0.62.2.jar;C:\Users\ADW User ACR\.m2\repository\com\vladsch\flexmark\flexmark-ext-yaml-front-matter\0.62.2\flexmark-ext-yaml-front-matter-0.62.2.jar;C:\Users\ADW User ACR\.m2\repository\com\vladsch\flexmark\flexmark-ext-youtube-embedded\0.62.2\flexmark-ext-youtube-embedded-0.62.2.jar;C:\Users\ADW User ACR\.m2\repository\com\vladsch\flexmark\flexmark-html2md-converter\0.62.2\flexmark-html2md-converter-0.62.2.jar;C:\Users\ADW User ACR\.m2\repository\com\vladsch\flexmark\flexmark-jira-converter\0.62.2\flexmark-jira-converter-0.62.2.jar;C:\Users\ADW User ACR\.m2\repository\com\vladsch\flexmark\flexmark-pdf-converter\0.62.2\flexmark-pdf-converter-0.62.2.jar;C:\Users\ADW User ACR\.m2\repository\com\openhtmltopdf\openhtmltopdf-core\1.0.0\openhtmltopdf-core-1.0.0.jar;C:\Users\ADW User ACR\.m2\repository\com\openhtmltopdf\openhtmltopdf-pdfbox\1.0.0\openhtmltopdf-pdfbox-1.0.0.jar;C:\Users\ADW User ACR\.m2\repository\org\apache\pdfbox\pdfbox\2.0.16\pdfbox-2.0.16.jar;C:\Users\ADW User ACR\.m2\repository\org\apache\pdfbox\fontbox\2.0.16\fontbox-2.0.16.jar;C:\Users\ADW User ACR\.m2\repository\org\apache\pdfbox\xmpbox\2.0.16\xmpbox-2.0.16.jar;C:\Users\ADW User ACR\.m2\repository\de\rototor\pdfbox\graphics2d\0.24\graphics2d-0.24.jar;C:\Users\ADW User ACR\.m2\repository\com\openhtmltopdf\openhtmltopdf-rtl-support\1.0.0\openhtmltopdf-rtl-support-1.0.0.jar;C:\Users\ADW User ACR\.m2\repository\com\openhtmltopdf\openhtmltopdf-jsoup-dom-converter\1.0.0\openhtmltopdf-jsoup-dom-converter-1.0.0.jar;C:\Users\ADW User ACR\.m2\repository\com\vladsch\flexmark\flexmark-profile-pegdown\0.62.2\flexmark-profile-pegdown-0.62.2.jar;C:\Users\ADW User ACR\.m2\repository\com\vladsch\flexmark\flexmark-util-ast\0.62.2\flexmark-util-ast-0.62.2.jar;C:\Users\ADW User ACR\.m2\repository\com\vladsch\flexmark\flexmark-util-builder\0.62.2\flexmark-util-builder-0.62.2.jar;C:\Users\ADW User ACR\.m2\repository\com\vladsch\flexmark\flexmark-util-collection\0.62.2\flexmark-util-collection-0.62.2.jar;C:\Users\ADW User ACR\.m2\repository\com\vladsch\flexmark\flexmark-util-data\0.62.2\flexmark-util-data-0.62.2.jar;C:\Users\ADW User ACR\.m2\repository\com\vladsch\flexmark\flexmark-util-dependency\0.62.2\flexmark-util-dependency-0.62.2.jar;C:\Users\ADW User ACR\.m2\repository\com\vladsch\flexmark\flexmark-util-format\0.62.2\flexmark-util-format-0.62.2.jar;C:\Users\ADW User ACR\.m2\repository\com\vladsch\flexmark\flexmark-util-html\0.62.2\flexmark-util-html-0.62.2.jar;C:\Users\ADW User ACR\.m2\repository\com\vladsch\flexmark\flexmark-util-misc\0.62.2\flexmark-util-misc-0.62.2.jar;C:\Users\ADW User ACR\.m2\repository\com\vladsch\flexmark\flexmark-util-options\0.62.2\flexmark-util-options-0.62.2.jar;C:\Users\ADW User ACR\.m2\repository\com\vladsch\flexmark\flexmark-util-sequence\0.62.2\flexmark-util-sequence-0.62.2.jar;C:\Users\ADW User ACR\.m2\repository\com\vladsch\flexmark\flexmark-util-visitor\0.62.2\flexmark-util-visitor-0.62.2.jar;C:\Users\ADW User ACR\.m2\repository\com\vladsch\flexmark\flexmark-youtrack-converter\0.62.2\flexmark-youtrack-converter-0.62.2.jar;C:\Users\ADW User ACR\.m2\repository\com\ibm\icu\icu4j\72.1\icu4j-72.1.jar;C:\Users\ADW User ACR\.m2\repository\es\nitaur\markdown\txtmark\0.16\txtmark-0.16.jar;C:\Users\ADW User ACR\.m2\repository\net\serenity-bdd\serenity-report-resources\3.6.21\serenity-report-resources-3.6.21.jar;C:\Users\ADW User ACR\.m2\repository\com\google\code\gson\gson\2.10.1\gson-2.10.1.jar;C:\Users\ADW User ACR\.m2\repository\com\fasterxml\jackson\core\jackson-core\2.15.0-rc1\jackson-core-2.15.0-rc1.jar;C:\Users\ADW User ACR\.m2\repository\com\fasterxml\jackson\core\jackson-databind\2.15.0-rc1\jackson-databind-2.15.0-rc1.jar;C:\Users\ADW User ACR\.m2\repository\com\fasterxml\jackson\core\jackson-annotations\2.15.0-rc1\jackson-annotations-2.15.0-rc1.jar;C:\Users\ADW User ACR\.m2\repository\commons-codec\commons-codec\1.15\commons-codec-1.15.jar;C:\Users\ADW User ACR\.m2\repository\commons-io\commons-io\2.11.0\commons-io-2.11.0.jar;C:\Users\ADW User ACR\.m2\repository\org\apache\httpcomponents\httpclient\4.5.13\httpclient-4.5.13.jar;C:\Users\ADW User ACR\.m2\repository\org\apache\httpcomponents\httpcore\4.4.13\httpcore-4.4.13.jar;C:\Users\ADW User ACR\.m2\repository\commons-logging\commons-logging\1.2\commons-logging-1.2.jar;C:\Users\ADW User ACR\.m2\repository\org\seleniumhq\selenium\selenium-java\4.8.1\selenium-java-4.8.1.jar;C:\Users\ADW User ACR\.m2\repository\org\seleniumhq\selenium\selenium-devtools-v108\4.8.1\selenium-devtools-v108-4.8.1.jar;C:\Users\ADW User ACR\.m2\repository\org\seleniumhq\selenium\selenium-devtools-v109\4.8.1\selenium-devtools-v109-4.8.1.jar;C:\Users\ADW User ACR\.m2\repository\org\seleniumhq\selenium\selenium-devtools-v110\4.8.1\selenium-devtools-v110-4.8.1.jar;C:\Users\ADW User ACR\.m2\repository\org\seleniumhq\selenium\selenium-devtools-v85\4.8.1\selenium-devtools-v85-4.8.1.jar;C:\Users\ADW User ACR\.m2\repository\org\seleniumhq\selenium\selenium-remote-driver\4.8.1\selenium-remote-driver-4.8.1.jar;C:\Users\ADW User ACR\.m2\repository\com\beust\jcommander\1.82\jcommander-1.82.jar;C:\Users\ADW User ACR\.m2\repository\io\netty\netty-buffer\4.1.87.Final\netty-buffer-4.1.87.Final.jar;C:\Users\ADW User ACR\.m2\repository\io\netty\netty-codec-http\4.1.87.Final\netty-codec-http-4.1.87.Final.jar;C:\Users\ADW User ACR\.m2\repository\io\netty\netty-codec\4.1.87.Final\netty-codec-4.1.87.Final.jar;C:\Users\ADW User ACR\.m2\repository\io\netty\netty-handler\4.1.87.Final\netty-handler-4.1.87.Final.jar;C:\Users\ADW User ACR\.m2\repository\io\netty\netty-common\4.1.87.Final\netty-common-4.1.87.Final.jar;C:\Users\ADW User ACR\.m2\repository\io\netty\netty-transport-classes-epoll\4.1.87.Final\netty-transport-classes-epoll-4.1.87.Final.jar;C:\Users\ADW User ACR\.m2\repository\io\netty\netty-transport-classes-kqueue\4.1.87.Final\netty-transport-classes-kqueue-4.1.87.Final.jar;C:\Users\ADW User ACR\.m2\repository\io\netty\netty-transport-native-epoll\4.1.87.Final\netty-transport-native-epoll-4.1.87.Final.jar;C:\Users\ADW User ACR\.m2\repository\io\netty\netty-transport-native-kqueue\4.1.87.Final\netty-transport-native-kqueue-4.1.87.Final.jar;C:\Users\ADW User ACR\.m2\repository\io\netty\netty-transport-native-unix-common\4.1.87.Final\netty-transport-native-unix-common-4.1.87.Final.jar;C:\Users\ADW User ACR\.m2\repository\io\netty\netty-transport\4.1.87.Final\netty-transport-4.1.87.Final.jar;C:\Users\ADW User ACR\.m2\repository\io\netty\netty-resolver\4.1.87.Final\netty-resolver-4.1.87.Final.jar;C:\Users\ADW User ACR\.m2\repository\io\opentelemetry\opentelemetry-api\1.22.0\opentelemetry-api-1.22.0.jar;C:\Users\ADW User ACR\.m2\repository\io\opentelemetry\opentelemetry-context\1.22.0\opentelemetry-context-1.22.0.jar;C:\Users\ADW User ACR\.m2\repository\io\opentelemetry\opentelemetry-exporter-logging\1.22.0\opentelemetry-exporter-logging-1.22.0.jar;C:\Users\ADW User ACR\.m2\repository\io\opentelemetry\opentelemetry-sdk-metrics\1.22.0\opentelemetry-sdk-metrics-1.22.0.jar;C:\Users\ADW User ACR\.m2\repository\io\opentelemetry\opentelemetry-sdk-logs\1.22.0-alpha\opentelemetry-sdk-logs-1.22.0-alpha.jar;C:\Users\ADW User ACR\.m2\repository\io\opentelemetry\opentelemetry-api-logs\1.22.0-alpha\opentelemetry-api-logs-1.22.0-alpha.jar;C:\Users\ADW User ACR\.m2\repository\io\opentelemetry\opentelemetry-sdk-common\1.22.0\opentelemetry-sdk-common-1.22.0.jar;C:\Users\ADW User ACR\.m2\repository\io\opentelemetry\opentelemetry-sdk-extension-autoconfigure-spi\1.22.0\opentelemetry-sdk-extension-autoconfigure-spi-1.22.0.jar;C:\Users\ADW User ACR\.m2\repository\io\opentelemetry\opentelemetry-sdk-extension-autoconfigure\1.22.0-alpha\opentelemetry-sdk-extension-autoconfigure-1.22.0-alpha.jar;C:\Users\ADW User ACR\.m2\repository\io\opentelemetry\opentelemetry-sdk-trace\1.22.0\opentelemetry-sdk-trace-1.22.0.jar;C:\Users\ADW User ACR\.m2\repository\io\opentelemetry\opentelemetry-sdk\1.22.0\opentelemetry-sdk-1.22.0.jar;C:\Users\ADW User ACR\.m2\repository\io\opentelemetry\opentelemetry-semconv\1.22.0-alpha\opentelemetry-semconv-1.22.0-alpha.jar;C:\Users\ADW User ACR\.m2\repository\io\ous\jtoml\2.0.0\jtoml-2.0.0.jar;C:\Users\ADW User ACR\.m2\repository\org\apache\commons\commons-exec\1.3\commons-exec-1.3.jar;C:\Users\ADW User ACR\.m2\repository\org\asynchttpclient\async-http-client\2.12.3\async-http-client-2.12.3.jar;C:\Users\ADW User ACR\.m2\repository\org\asynchttpclient\async-http-client-netty-utils\2.12.3\async-http-client-netty-utils-2.12.3.jar;C:\Users\ADW User ACR\.m2\repository\io\netty\netty-codec-socks\4.1.60.Final\netty-codec-socks-4.1.60.Final.jar;C:\Users\ADW User ACR\.m2\repository\io\netty\netty-handler-proxy\4.1.60.Final\netty-handler-proxy-4.1.60.Final.jar;C:\Users\ADW User ACR\.m2\repository\io\netty\netty-transport-native-epoll\4.1.60.Final\netty-transport-native-epoll-4.1.60.Final-linux-x86_64.jar;C:\Users\ADW User ACR\.m2\repository\io\netty\netty-transport-native-kqueue\4.1.60.Final\netty-transport-native-kqueue-4.1.60.Final-osx-x86_64.jar;C:\Users\ADW User ACR\.m2\repository\org\reactivestreams\reactive-streams\1.0.3\reactive-streams-1.0.3.jar;C:\Users\ADW User ACR\.m2\repository\com\typesafe\netty\netty-reactive-streams\2.0.4\netty-reactive-streams-2.0.4.jar;C:\Users\ADW User ACR\.m2\repository\org\seleniumhq\selenium\selenium-manager\4.8.1\selenium-manager-4.8.1.jar;C:\Users\ADW User ACR\.m2\repository\org\seleniumhq\selenium\selenium-safari-driver\4.8.1\selenium-safari-driver-4.8.1.jar;C:\Users\ADW User ACR\.m2\repository\org\seleniumhq\selenium\selenium-api\4.8.1\selenium-api-4.8.1.jar;C:\Users\ADW User ACR\.m2\repository\org\seleniumhq\selenium\selenium-support\4.8.1\selenium-support-4.8.1.jar;C:\Users\ADW User ACR\.m2\repository\com\google\auto\service\auto-service-annotations\1.0.1\auto-service-annotations-1.0.1.jar;C:\Users\ADW User ACR\.m2\repository\com\google\auto\service\auto-service\1.0.1\auto-service-1.0.1.jar;C:\Users\ADW User ACR\.m2\repository\com\google\auto\auto-common\1.2\auto-common-1.2.jar;C:\Users\ADW User ACR\.m2\repository\org\seleniumhq\selenium\selenium-json\4.8.1\selenium-json-4.8.1.jar;C:\Users\ADW User ACR\.m2\repository\org\seleniumhq\selenium\selenium-chrome-driver\4.8.1\selenium-chrome-driver-4.8.1.jar;C:\Users\ADW User ACR\.m2\repository\org\seleniumhq\selenium\selenium-chromium-driver\4.8.1\selenium-chromium-driver-4.8.1.jar;C:\Users\ADW User ACR\.m2\repository\org\seleniumhq\selenium\selenium-firefox-driver\4.8.1\selenium-firefox-driver-4.8.1.jar;C:\Users\ADW User ACR\.m2\repository\org\seleniumhq\selenium\selenium-http\4.8.1\selenium-http-4.8.1.jar;C:\Users\ADW User ACR\.m2\repository\dev\failsafe\failsafe\3.3.0\failsafe-3.3.0.jar;C:\Users\ADW User ACR\.m2\repository\org\seleniumhq\selenium\selenium-edge-driver\4.8.1\selenium-edge-driver-4.8.1.jar;C:\Users\ADW User ACR\.m2\repository\org\seleniumhq\selenium\selenium-ie-driver\4.8.1\selenium-ie-driver-4.8.1.jar;C:\Users\ADW User ACR\.m2\repository\org\projectlombok\lombok\1.18.20\lombok-1.18.20.jar;C:\Users\ADW User ACR\.m2\repository\io\appium\java-client\8.3.0\java-client-8.3.0.jar;C:\Users\ADW User ACR\.m2\repository\commons-validator\commons-validator\1.7\commons-validator-1.7.jar;C:\Users\ADW User ACR\.m2\repository\commons-digester\commons-digester\2.1\commons-digester-2.1.jar;C:\Users\ADW User ACR\.m2\repository\org\apache\groovy\groovy\4.0.10\groovy-4.0.10.jar;C:\Users\ADW User ACR\.m2\repository\net\sf\opencsv\opencsv\2.0\opencsv-2.0.jar;C:\Users\ADW User ACR\.m2\repository\commons-beanutils\commons-beanutils\1.9.4\commons-beanutils-1.9.4.jar;C:\Users\ADW User ACR\.m2\repository\org\apache\commons\commons-lang3\3.12.0\commons-lang3-3.12.0.jar;C:\Users\ADW User ACR\.m2\repository\commons-collections\commons-collections\3.2.2\commons-collections-3.2.2.jar;C:\Users\ADW User ACR\.m2\repository\org\fluentlenium\fluentlenium-core\0.10.2\fluentlenium-core-0.10.2.jar;C:\Users\ADW User ACR\.m2\repository\io\github\bonigarcia\webdrivermanager\5.3.0\webdrivermanager-5.3.0.jar;C:\Users\ADW User ACR\.m2\repository\com\github\docker-java\docker-java\3.2.13\docker-java-3.2.13.jar;C:\Users\ADW User ACR\.m2\repository\com\github\docker-java\docker-java-core\3.2.13\docker-java-core-3.2.13.jar;C:\Users\ADW User ACR\.m2\repository\com\github\docker-java\docker-java-api\3.2.13\docker-java-api-3.2.13.jar;C:\Users\ADW User ACR\.m2\repository\org\apache\commons\commons-compress\1.21\commons-compress-1.21.jar;C:\Users\ADW User ACR\.m2\repository\org\bouncycastle\bcpkix-jdk15on\1.64\bcpkix-jdk15on-1.64.jar;C:\Users\ADW User ACR\.m2\repository\org\bouncycastle\bcprov-jdk15on\1.64\bcprov-jdk15on-1.64.jar;C:\Users\ADW User ACR\.m2\repository\org\slf4j\jcl-over-slf4j\1.7.30\jcl-over-slf4j-1.7.30.jar;C:\Users\ADW User ACR\.m2\repository\com\github\docker-java\docker-java-transport-httpclient5\3.2.13\docker-java-transport-httpclient5-3.2.13.jar;C:\Users\ADW User ACR\.m2\repository\com\github\docker-java\docker-java-transport\3.2.13\docker-java-transport-3.2.13.jar;C:\Users\ADW User ACR\.m2\repository\net\java\dev\jna\jna\5.8.0\jna-5.8.0.jar;C:\Users\ADW User ACR\.m2\repository\org\brotli\dec\0.1.2\dec-0.1.2.jar;C:\Users\ADW User ACR\.m2\repository\org\apache\httpcomponents\client5\httpclient5\5.1.3\httpclient5-5.1.3.jar;C:\Users\ADW User ACR\.m2\repository\org\apache\httpcomponents\core5\httpcore5\5.1.3\httpcore5-5.1.3.jar;C:\Users\ADW User ACR\.m2\repository\org\apache\httpcomponents\core5\httpcore5-h2\5.1.3\httpcore5-h2-5.1.3.jar;C:\Users\ADW User ACR\.m2\repository\com\jhlabs\filters\2.0.235\filters-2.0.235.jar;C:\Users\ADW User ACR\.m2\repository\com\paulhammant\ngwebdriver\1.1.6\ngwebdriver-1.1.6.jar;C:\Users\ADW User ACR\.m2\repository\joda-time\joda-time\2.12.2\joda-time-2.12.2.jar;C:\Users\ADW User ACR\.m2\repository\org\hamcrest\hamcrest\2.2\hamcrest-2.2.jar;C:\Users\ADW User ACR\.m2\repository\com\google\jimfs\jimfs\1.2\jimfs-1.2.jar;C:\Users\ADW User ACR\.m2\repository\org\mockito\mockito-core\3.3.3\mockito-core-3.3.3.jar;C:\Users\ADW User ACR\.m2\repository\javax\xml\bind\jaxb-api\2.3.1\jaxb-api-2.3.1.jar;C:\Users\ADW User ACR\.m2\repository\javax\activation\javax.activation-api\1.2.0\javax.activation-api-1.2.0.jar;C:\Users\ADW User ACR\.m2\repository\com\sun\xml\bind\jaxb-core\2.3.0.1\jaxb-core-2.3.0.1.jar;C:\Users\ADW User ACR\.m2\repository\com\sun\xml\bind\jaxb-impl\2.3.3\jaxb-impl-2.3.3.jar;C:\Users\ADW User ACR\.m2\repository\jakarta\xml\bind\jakarta.xml.bind-api\2.3.3\jakarta.xml.bind-api-2.3.3.jar;C:\Users\ADW User ACR\.m2\repository\com\sun\activation\jakarta.activation\1.2.2\jakarta.activation-1.2.2.jar;C:\Users\ADW User ACR\.m2\repository\javax\activation\activation\1.1.1\activation-1.1.1.jar;C:\Users\ADW User ACR\.m2\repository\net\serenity-bdd\serenity-cucumber\3.6.21\serenity-cucumber-3.6.21.jar;C:\Users\ADW User ACR\.m2\repository\io\cucumber\cucumber-core\7.11.0\cucumber-core-7.11.0.jar;C:\Users\ADW User ACR\.m2\repository\io\cucumber\cucumber-gherkin\7.11.0\cucumber-gherkin-7.11.0.jar;C:\Users\ADW User ACR\.m2\repository\io\cucumber\cucumber-gherkin-messages\7.11.0\cucumber-gherkin-messages-7.11.0.jar;C:\Users\ADW User ACR\.m2\repository\io\cucumber\gherkin\26.0.3\gherkin-26.0.3.jar;C:\Users\ADW User ACR\.m2\repository\io\cucumber\messages\21.0.1\messages-21.0.1.jar;C:\Users\ADW User ACR\.m2\repository\io\cucumber\tag-expressions\5.0.1\tag-expressions-5.0.1.jar;C:\Users\ADW User ACR\.m2\repository\io\cucumber\cucumber-expressions\16.1.1\cucumber-expressions-16.1.1.jar;C:\Users\ADW User ACR\.m2\repository\io\cucumber\datatable\7.11.0\datatable-7.11.0.jar;C:\Users\ADW User ACR\.m2\repository\io\cucumber\cucumber-plugin\7.11.0\cucumber-plugin-7.11.0.jar;C:\Users\ADW User ACR\.m2\repository\io\cucumber\docstring\7.11.0\docstring-7.11.0.jar;C:\Users\ADW User ACR\.m2\repository\io\cucumber\html-formatter\20.2.1\html-formatter-20.2.1.jar;C:\Users\ADW User ACR\.m2\repository\io\cucumber\junit-xml-formatter\0.1.0\junit-xml-formatter-0.1.0.jar;C:\Users\ADW User ACR\.m2\repository\io\cucumber\ci-environment\9.1.0\ci-environment-9.1.0.jar;C:\Users\ADW User ACR\.m2\repository\io\cucumber\cucumber-java\7.11.0\cucumber-java-7.11.0.jar;C:\Users\ADW User ACR\.m2\repository\io\cucumber\cucumber-junit\7.11.0\cucumber-junit-7.11.0.jar;C:\Users\ADW User ACR\.m2\repository\org\apache\commons\commons-csv\1.5\commons-csv-1.5.jar;C:\Users\ADW User ACR\.m2\repository\net\serenity-bdd\serenity-screenplay\3.6.21\serenity-screenplay-3.6.21.jar;C:\Users\ADW User ACR\.m2\repository\net\serenity-bdd\serenity-screenplay-webdriver\3.6.21\serenity-screenplay-webdriver-3.6.21.jar;C:\Users\ADW User ACR\.m2\repository\net\serenity-bdd\serenity-ensure\3.6.21\serenity-ensure-3.6.21.jar;C:\Users\ADW User ACR\.m2\repository\net\serenity-bdd\serenity-junit\3.6.21\serenity-junit-3.6.21.jar;C:\Users\ADW User ACR\.m2\repository\org\jetbrains\kotlin\kotlin-stdlib\1.8.10\kotlin-stdlib-1.8.10.jar;C:\Users\ADW User ACR\.m2\repository\org\jetbrains\kotlin\kotlin-stdlib-common\1.8.10\kotlin-stdlib-common-1.8.10.jar;C:\Users\ADW User ACR\.m2\repository\org\jetbrains\annotations\13.0\annotations-13.0.jar;C:\Users\ADW User ACR\.m2\repository\org\junit\platform\junit-platform-launcher\1.8.2\junit-platform-launcher-1.8.2.jar;C:\Users\ADW User ACR\.m2\repository\org\junit\platform\junit-platform-engine\1.8.2\junit-platform-engine-1.8.2.jar;C:\Users\ADW User ACR\.m2\repository\org\opentest4j\opentest4j\1.2.0\opentest4j-1.2.0.jar;C:\Users\ADW User ACR\.m2\repository\org\junit\platform\junit-platform-commons\1.8.2\junit-platform-commons-1.8.2.jar;C:\Users\ADW User ACR\.m2\repository\org\apiguardian\apiguardian-api\1.1.2\apiguardian-api-1.1.2.jar;C:\Users\ADW User ACR\.m2\repository\org\junit\jupiter\junit-jupiter-engine\5.8.2\junit-jupiter-engine-5.8.2.jar;C:\Users\ADW User ACR\.m2\repository\org\junit\jupiter\junit-jupiter-api\5.8.2\junit-jupiter-api-5.8.2.jar;C:\Users\ADW User ACR\.m2\repository\org\junit\vintage\junit-vintage-engine\5.8.2\junit-vintage-engine-5.8.2.jar;C:\Users\ADW User ACR\.m2\repository\junit\junit\4.13.2\junit-4.13.2.jar;C:\Users\ADW User ACR\.m2\repository\org\hamcrest\hamcrest-core\1.3\hamcrest-core-1.3.jar;C:\Users\ADW User ACR\.m2\repository\ch\qos\logback\logback-classic\1.2.10\logback-classic-1.2.10.jar;C:\Users\ADW User ACR\.m2\repository\ch\qos\logback\logback-core\1.2.10\logback-core-1.2.10.jar;C:\Users\ADW User ACR\.m2\repository\org\slf4j\slf4j-api\1.7.32\slf4j-api-1.7.32.jar;C:\Users\ADW User ACR\.m2\repository\org\assertj\assertj-core\3.23.1\assertj-core-3.23.1.jar;C:\Users\ADW User ACR\.m2\repository\net\bytebuddy\byte-buddy\1.12.10\byte-buddy-1.12.10.jar;"/>
    <property name="sun.cpu.endian" value="little"/>
    <property name="user.home" value="C:\Users\ADW User ACR"/>
    <property name="user.language" value="en"/>
    <property name="java.specification.vendor" value="Oracle Corporation"/>
    <property name="java.home" value="C:\Program Files\Java\jdk1.8.0_202\jre"/>
    <property name="basedir" value="D:\D\QE_Alta\MiniProject\Web\Register-Web-Altashop"/>
    <property name="file.separator" value="\"/>
    <property name="line.separator" value="&#10;"/>
    <property name="java.vm.specification.vendor" value="Oracle Corporation"/>
    <property name="java.specification.name" value="Java Platform API Specification"/>
    <property name="java.awt.graphicsenv" value="sun.awt.Win32GraphicsEnvironment"/>
    <property name="surefire.real.class.path" value="C:\Users\ADW User ACR\AppData\Local\Temp\surefire8993776292189834426\surefirebooter4601047974353380658.jar"/>
    <property name="sun.boot.class.path" value="C:\Program Files\Java\jdk1.8.0_202\jre\lib\resources.jar;C:\Program Files\Java\jdk1.8.0_202\jre\lib\rt.jar;C:\Program Files\Java\jdk1.8.0_202\jre\lib\sunrsasign.jar;C:\Program Files\Java\jdk1.8.0_202\jre\lib\jsse.jar;C:\Program Files\Java\jdk1.8.0_202\jre\lib\jce.jar;C:\Program Files\Java\jdk1.8.0_202\jre\lib\charsets.jar;C:\Program Files\Java\jdk1.8.0_202\jre\lib\jfr.jar;C:\Program Files\Java\jdk1.8.0_202\jre\classes"/>
    <property name="user.script" value=""/>
    <property name="sun.management.compiler" value="HotSpot 64-Bit Tiered Compilers"/>
    <property name="java.runtime.version" value="1.8.0_202-b08"/>
    <property name="user.name" value="ADW User ACR"/>
    <property name="path.separator" value=";"/>
    <property name="os.version" value="10.0"/>
    <property name="java.endorsed.dirs" value="C:\Program Files\Java\jdk1.8.0_202\jre\lib\endorsed"/>
    <property name="java.runtime.name" value="Java(TM) SE Runtime Environment"/>
    <property name="file.encoding" value="Cp1252"/>
    <property name="webdriver.base.url" value=""/>
    <property name="java.vm.name" value="Java HotSpot(TM) 64-Bit Server VM"/>
    <property name="localRepository" value="C:\Users\ADW User ACR\.m2\repository"/>
    <property name="java.vendor.url.bug" value="http://bugreport.sun.com/bugreport/"/>
    <property name="java.io.tmpdir" value="C:\Users\ADWUSE~1\AppData\Local\Temp\"/>
    <property name="java.version" value="1.8.0_202"/>
    <property name="user.dir" value="D:\D\QE_Alta\MiniProject\Web\Register-Web-Altashop"/>
    <property name="os.arch" value="amd64"/>
    <property name="java.vm.specification.name" value="Java Virtual Machine Specification"/>
    <property name="java.awt.printerjob" value="sun.awt.windows.WPrinterJob"/>
    <property name="sun.os.patch.level" value=""/>
    <property name="java.library.path" value="C:\Program Files\Java\jdk1.8.0_202\jre\bin;C:\Windows\Sun\Java\bin;C:\Windows\system32;C:\Windows;C:\Python311\Scripts\;C:\Python311\;C:\Program Files (x86)\Common Files\Oracle\Java\javapath;C:\Program Files (x86)\Common Files\Intel\Shared Files\cpp\bin\Intel64;C:\Windows\system32;C:\Windows;C:\Windows\System32\Wbem;C:\Windows\System32\WindowsPowerShell\v1.0\;C:\Windows\System32\OpenSSH\;C:\Program Files\apache-maven-3.9.1\bin;C:\Program Files\nodejs\;C:\ProgramData\chocolatey\bin;C:\Users\ADW User ACR\AppData\Local\Android\Sdk;C:\Users\ADW User ACR\AppData\Local\Android\Sdk\platform-tools;C:\Users\ADW User ACR\AppData\Local\Microsoft\WindowsApps;C:\Users\ADW User ACR\AppData\Local\Programs\Git\cmd;C:\Users\ADW User ACR\AppData\Roaming\npm;."/>
    <property name="java.vm.info" value="mixed mode"/>
    <property name="java.vendor" value="Oracle Corporation"/>
    <property name="java.vm.version" value="25.202-b08"/>
    <property name="java.ext.dirs" value="C:\Program Files\Java\jdk1.8.0_202\jre\lib\ext;C:\Windows\Sun\Java\lib\ext"/>
    <property name="sun.io.unicode.encoding" value="UnicodeLittle"/>
    <property name="java.class.version" value="52.0"/>
  </properties>
  <testcase name="as user i want to register with correct values" classname="As a user i have be able to success register so that i can see login page" time="13.537">
    <system-out><![CDATA[10:46:13.948 [main] DEBUG net.thucydides.core.guice.Injectors - Created injector for module net.thucydides.core.guice.ThucydidesModule
10:46:14.865 [main] DEBUG io.cucumber.core.plugin.SerenityReporter - Running feature from file:///D:/D/QE_Alta/MiniProject/Web/Register-Web-Altashop/src/test/resources/features/Register.feature
10:46:15.302 [main] DEBUG net.thucydides.core.guice.Injectors - Created injector for module net.thucydides.core.guice.webdriver.WebDriverModule
10:46:15.338 [main] INFO  - 

-------------------------------------------------------------------------------------
     _______. _______ .______       _______ .__   __.  __  .___________.____    ____ 
    /       ||   ____||   _  \     |   ____||  \ |  | |  | |           |\   \  /   / 
   |   (----`|  |__   |  |_)  |    |  |__   |   \|  | |  | `---|  |----` \   \/   /  
    \   \    |   __|  |      /     |   __|  |  . `  | |  |     |  |       \_    _/   
.----)   |   |  |____ |  |\  \----.|  |____ |  |\   | |  |     |  |         |  |     
|_______/    |_______|| _| `._____||_______||__| \__| |__|     |__|         |__|    
                                                                                     
 News and tutorials at http://www.serenity-bdd.info                                  
 Documentation at https://wakaleo.gitbooks.io/the-serenity-book/content/             
 Join the Serenity Community on Gitter: https://gitter.im/serenity-bdd/serenity-core 
 Serenity BDD Support and Training at http://serenity-bdd.info/#/trainingandsupport  
-------------------------------------------------------------------------------------

10:46:15.343 [main] DEBUG net.thucydides.core.steps.StepEventBus - Test suite started for story net.thucydides.core.model.Story@508f17cb
10:46:15.346 [main] INFO  - Test Suite Started: As a user i have be able to success register so that i can see login page
10:46:15.374 [main] DEBUG io.cucumber.core.plugin.SerenityReporter - Running feature from file:///D:/D/QE_Alta/MiniProject/Web/Register-Web-Altashop/src/test/resources/features/Register.feature
10:46:15.379 [main] DEBUG net.thucydides.core.steps.StepEventBus - Test suite started for story net.thucydides.core.model.Story@508f17cb
10:46:15.380 [main] INFO  - Test Suite Started: As a user i have be able to success register so that i can see login page

@TestCaseMPAAAC-5
Scenario: as user i want to register with correct values &amp#27;[90m# src/test/resources/features/Register.feature:4&amp#27;[0m
10:46:15.570 [main] DEBUG io.cucumber.core.plugin.SerenityReporter - Running feature from file:///D:/D/QE_Alta/MiniProject/Web/Register-Web-Altashop/src/test/resources/features/Register.feature
10:46:15.831 [main] INFO  - 
  _____   ___   ___   _____     ___   _____     _     ___   _____   ___   ___  
 |_   _| | __| / __| |_   _|   / __| |_   _|   /_\   | _ \ |_   _| | __| |   \ 
   | |   | _|  \__ \   | |     \__ \   | |    / _ \  |   /   | |   | _|  | |) |
   |_|   |___| |___/   |_|     |___/   |_|   /_/ \_\ |_|_\   |_|   |___| |___/ 

as user i want to register with correct values(as-a-user-i-have-be-able-to-success-register-so-that-i-can-see-login-page;as-user-i-want-to-register-with-correct-values)
--------------------------------------------------------------------------------
10:46:15.916 [main] DEBUG net.thucydides.core.requirements.model.cucumber.CucumberParser - Loading feature D:\D\QE_Alta\MiniProject\Web\Register-Web-Altashop\src\test\resources\features\Register.feature
10:46:17.584 [main] INFO net.serenitybdd.core.webdriver.driverproviders.DriverProvider - Using WebDriverManager configuration for chrome
10:46:18.771 [main] DEBUG io.github.bonigarcia.wdm.cache.ResolutionCache - Resolution chrome=112 in cache (valid until 10:48:00 24/04/2023 ICT)
10:46:18.772 [main] DEBUG io.github.bonigarcia.wdm.cache.ResolutionCache - Resolution chrome112=112.0.5615.49 in cache (valid until 21:04:20 24/04/2023 ICT)
10:46:18.774 [main] INFO io.github.bonigarcia.wdm.WebDriverManager - Using chromedriver 112.0.5615.49 (resolved driver for Chrome 112)
10:46:18.811 [main] DEBUG io.github.bonigarcia.wdm.WebDriverManager - Driver chromedriver 112.0.5615.49 found in cache
10:46:18.813 [main] INFO io.github.bonigarcia.wdm.WebDriverManager - Exporting webdriver.chrome.driver as C:\Users\ADW User ACR\.cache\selenium\chromedriver\win32\112.0.5615.49\chromedriver.exe
10:46:18.952 [main] INFO net.serenitybdd.core.webdriver.driverproviders.ChromeDriverProvider - Starting Chrome driver instance with capabilities:
10:46:18.956 [main] INFO net.serenitybdd.core.webdriver.driverproviders.ChromeDriverProvider - Capabilities {acceptInsecureCerts: true, browserName: chrome, goog:chromeOptions: {args: [remote-allow-origins=*, test-type, no-sandbox, ignore-certificate-errors, start-maximized, incognito, disable-infobars, disable-gpu, disable-default-apps, disable-popup-blocking, remote-allow-origins=*, test-type, no-sandbox, ignore-certificate-errors, start-maximized, incognito, disable-infobars, disable-gpu, disable-default-apps, disable-popup-blocking, remote-allow-origins=*], extensions: []}}
10:46:19.121 [main] DEBUG io.netty.util.internal.logging.InternalLoggerFactory - Using SLF4J as the default logging framework
10:46:19.128 [main] DEBUG io.netty.util.ResourceLeakDetector - -Dio.netty.leakDetection.level: simple
10:46:19.129 [main] DEBUG io.netty.util.ResourceLeakDetector - -Dio.netty.leakDetection.targetRecords: 4
10:46:19.135 [main] DEBUG io.netty.util.ResourceLeakDetectorFactory - Loaded default ResourceLeakDetector: io.netty.util.ResourceLeakDetector@71f1cc02
10:46:19.167 [main] DEBUG io.netty.util.internal.PlatformDependent0 - -Dio.netty.noUnsafe: false
10:46:19.168 [main] DEBUG io.netty.util.internal.PlatformDependent0 - Java version: 8
10:46:19.169 [main] DEBUG io.netty.util.internal.PlatformDependent0 - sun.misc.Unsafe.theUnsafe: available
10:46:19.169 [main] DEBUG io.netty.util.internal.PlatformDependent0 - sun.misc.Unsafe.copyMemory: available
10:46:19.170 [main] DEBUG io.netty.util.internal.PlatformDependent0 - sun.misc.Unsafe.storeFence: available
10:46:19.171 [main] DEBUG io.netty.util.internal.PlatformDependent0 - java.nio.Buffer.address: available
10:46:19.171 [main] DEBUG io.netty.util.internal.PlatformDependent0 - direct buffer constructor: available
10:46:19.172 [main] DEBUG io.netty.util.internal.PlatformDependent0 - java.nio.Bits.unaligned: available, true
10:46:19.172 [main] DEBUG io.netty.util.internal.PlatformDependent0 - jdk.internal.misc.Unsafe.allocateUninitializedArray(int): unavailable prior to Java9
10:46:19.172 [main] DEBUG io.netty.util.internal.PlatformDependent0 - java.nio.DirectByteBuffer.<init>(long, int): available
10:46:19.173 [main] DEBUG io.netty.util.internal.PlatformDependent - sun.misc.Unsafe: available
10:46:19.173 [main] DEBUG io.netty.util.internal.PlatformDependent - -Dio.netty.tmpdir: C:\Users\ADWUSE~1\AppData\Local\Temp (java.io.tmpdir)
10:46:19.174 [main] DEBUG io.netty.util.internal.PlatformDependent - -Dio.netty.bitMode: 64 (sun.arch.data.model)
10:46:19.174 [main] DEBUG io.netty.util.internal.PlatformDependent - Platform: Windows
10:46:19.176 [main] DEBUG io.netty.util.internal.PlatformDependent - -Dio.netty.maxDirectMemory: 1840250880 bytes
10:46:19.176 [main] DEBUG io.netty.util.internal.PlatformDependent - -Dio.netty.uninitializedArrayAllocationThreshold: -1
10:46:19.179 [main] DEBUG io.netty.util.internal.CleanerJava6 - java.nio.ByteBuffer.cleaner(): available
10:46:19.179 [main] DEBUG io.netty.util.internal.PlatformDependent - -Dio.netty.noPreferDirect: false
10:46:19.191 [main] DEBUG io.netty.util.internal.PlatformDependent - org.jctools-core.MpscChunkedArrayQueue: available
10:46:19.240 [main] DEBUG io.netty.util.internal.InternalThreadLocalMap - -Dio.netty.threadLocalMap.stringBuilder.initialSize: 1024
10:46:19.240 [main] DEBUG io.netty.util.internal.InternalThreadLocalMap - -Dio.netty.threadLocalMap.stringBuilder.maxSize: 4096
10:46:19.318 [main] DEBUG io.netty.handler.ssl.JdkSslContext - Default protocols (JDK): [TLSv1.2, TLSv1.1, TLSv1] 
10:46:19.318 [main] DEBUG io.netty.handler.ssl.JdkSslContext - Default cipher suites (JDK): [TLS_ECDHE_ECDSA_WITH_AES_256_GCM_SHA384, TLS_ECDHE_ECDSA_WITH_AES_128_GCM_SHA256, TLS_ECDHE_RSA_WITH_AES_128_GCM_SHA256, TLS_ECDHE_RSA_WITH_AES_256_GCM_SHA384, TLS_ECDHE_RSA_WITH_AES_128_CBC_SHA, TLS_ECDHE_RSA_WITH_AES_256_CBC_SHA, TLS_RSA_WITH_AES_128_GCM_SHA256, TLS_RSA_WITH_AES_128_CBC_SHA, TLS_RSA_WITH_AES_256_CBC_SHA]
10:46:19.507 [main] DEBUG io.netty.channel.MultithreadEventLoopGroup - -Dio.netty.eventLoopThreads: 8
10:46:19.529 [main] DEBUG io.netty.channel.nio.NioEventLoop - -Dio.netty.noKeySetOptimization: false
10:46:19.530 [main] DEBUG io.netty.channel.nio.NioEventLoop - -Dio.netty.selectorAutoRebuildThreshold: 512
10:46:19.599 [main] DEBUG io.netty.buffer.PooledByteBufAllocator - -Dio.netty.allocator.numHeapArenas: 8
10:46:19.599 [main] DEBUG io.netty.buffer.PooledByteBufAllocator - -Dio.netty.allocator.numDirectArenas: 8
10:46:19.600 [main] DEBUG io.netty.buffer.PooledByteBufAllocator - -Dio.netty.allocator.pageSize: 8192
10:46:19.600 [main] DEBUG io.netty.buffer.PooledByteBufAllocator - -Dio.netty.allocator.maxOrder: 9
10:46:19.600 [main] DEBUG io.netty.buffer.PooledByteBufAllocator - -Dio.netty.allocator.chunkSize: 4194304
10:46:19.600 [main] DEBUG io.netty.buffer.PooledByteBufAllocator - -Dio.netty.allocator.smallCacheSize: 256
10:46:19.600 [main] DEBUG io.netty.buffer.PooledByteBufAllocator - -Dio.netty.allocator.normalCacheSize: 64
10:46:19.600 [main] DEBUG io.netty.buffer.PooledByteBufAllocator - -Dio.netty.allocator.maxCachedBufferCapacity: 32768
10:46:19.600 [main] DEBUG io.netty.buffer.PooledByteBufAllocator - -Dio.netty.allocator.cacheTrimInterval: 8192
10:46:19.600 [main] DEBUG io.netty.buffer.PooledByteBufAllocator - -Dio.netty.allocator.cacheTrimIntervalMillis: 0
10:46:19.600 [main] DEBUG io.netty.buffer.PooledByteBufAllocator - -Dio.netty.allocator.useCacheForAllThreads: false
10:46:19.601 [main] DEBUG io.netty.buffer.PooledByteBufAllocator - -Dio.netty.allocator.maxCachedByteBuffersPerChunk: 1023
10:46:19.623 [main] DEBUG io.netty.buffer.ByteBufUtil - -Dio.netty.allocator.type: pooled
10:46:19.623 [main] DEBUG io.netty.buffer.ByteBufUtil - -Dio.netty.threadLocalDirectBufferSize: 0
10:46:19.623 [main] DEBUG io.netty.buffer.ByteBufUtil - -Dio.netty.maxThreadLocalCharBufferSize: 16384
10:46:20.677 [Forwarding newSession on session null to remote] DEBUG io.netty.channel.DefaultChannelId - -Dio.netty.processId: 23488 (auto-detected)
10:46:20.681 [Forwarding newSession on session null to remote] DEBUG io.netty.util.NetUtil - -Djava.net.preferIPv4Stack: false
10:46:20.681 [Forwarding newSession on session null to remote] DEBUG io.netty.util.NetUtil - -Djava.net.preferIPv6Addresses: false
10:46:21.216 [Forwarding newSession on session null to remote] DEBUG io.netty.util.NetUtilInitializations - Loopback interface: lo (Software Loopback Interface 1, 127.0.0.1)
10:46:21.218 [Forwarding newSession on session null to remote] DEBUG io.netty.util.NetUtil - Failed to get SOMAXCONN from sysctl and file \proc\sys\net\core\somaxconn. Default: 200
10:46:21.266 [Forwarding newSession on session null to remote] DEBUG io.netty.channel.DefaultChannelId - -Dio.netty.machineId: a4:02:b9:ff:fe:26:7f:1e (auto-detected)
10:46:21.400 [AsyncHttpClient-1-2] DEBUG io.netty.buffer.AbstractByteBuf - -Dio.netty.buffer.checkAccessible: true
10:46:21.400 [AsyncHttpClient-1-2] DEBUG io.netty.buffer.AbstractByteBuf - -Dio.netty.buffer.checkBounds: true
10:46:21.400 [AsyncHttpClient-1-2] DEBUG io.netty.util.ResourceLeakDetectorFactory - Loaded default ResourceLeakDetector: io.netty.util.ResourceLeakDetector@2b9dc4f
10:46:21.430 [AsyncHttpClient-1-2] DEBUG org.asynchttpclient.netty.channel.NettyConnectListener - Using new Channel '[id: 0xf42b1137, L:/127.0.0.1:54575 - R:localhost/127.0.0.1:15451]' for 'POST' to '/session'
10:46:21.467 [AsyncHttpClient-1-2] DEBUG io.netty.util.Recycler - -Dio.netty.recycler.maxCapacityPerThread: 4096
10:46:21.467 [AsyncHttpClient-1-2] DEBUG io.netty.util.Recycler - -Dio.netty.recycler.ratio: 8
10:46:21.467 [AsyncHttpClient-1-2] DEBUG io.netty.util.Recycler - -Dio.netty.recycler.chunkSize: 32
10:46:21.467 [AsyncHttpClient-1-2] DEBUG io.netty.util.Recycler - -Dio.netty.recycler.blocking: false
10:46:23.114 [AsyncHttpClient-1-2] DEBUG io.netty.handler.codec.compression.Brotli - brotli4j not in the classpath; Brotli support will be unavailable.
10:46:23.115 [AsyncHttpClient-1-2] DEBUG org.asynchttpclient.netty.handler.HttpHandler - 

Request DefaultHttpRequest(decodeResult: success, version: HTTP/1.1)
POST /session HTTP/1.1
User-Agent: selenium/4.8.1 (java windows)
Content-Length: 1701
Content-Type: application/json; charset=utf-8
host: localhost:15451
accept: */*

Response DefaultHttpResponse(decodeResult: success, version: HTTP/1.1)
HTTP/1.1 200 OK
Content-Length: 860
Content-Type: application/json; charset=utf-8
cache-control: no-cache

10:46:23.133 [AsyncHttpClient-1-2] DEBUG org.asynchttpclient.netty.channel.ChannelManager - Adding key: http://localhost:15451 for channel [id: 0xf42b1137, L:/127.0.0.1:54575 - R:localhost/127.0.0.1:15451]
10:46:23.508 [AsyncHttpClient-1-3] DEBUG org.asynchttpclient.netty.channel.NettyConnectListener - Using new Channel '[id: 0xd4368415, L:/127.0.0.1:54584 - R:localhost/127.0.0.1:54576]' for 'GET' to '/json/version'
10:46:23.512 [AsyncHttpClient-1-3] DEBUG org.asynchttpclient.netty.handler.HttpHandler - 

Request DefaultFullHttpRequest(decodeResult: success, version: HTTP/1.1, content: EmptyByteBufBE)
GET /json/version HTTP/1.1
User-Agent: selenium/4.8.1 (java windows)
host: localhost:54576
accept: */*

Response DefaultHttpResponse(decodeResult: success, version: HTTP/1.1)
HTTP/1.1 200 OK
Content-Security-Policy: frame-ancestors 'none'
Content-Length: 422
Content-Type: application/json; charset=UTF-8

10:46:23.512 [AsyncHttpClient-1-3] DEBUG org.asynchttpclient.netty.channel.ChannelManager - Adding key: http://localhost:54576 for channel [id: 0xd4368415, L:/127.0.0.1:54584 - R:localhost/127.0.0.1:54576]
10:46:23.532 [main] DEBUG io.netty.util.internal.ThreadLocalRandom - -Dio.netty.initialSeedUniquifier: 0xbe7bca756cc8648c
10:46:23.545 [AsyncHttpClient-1-4] DEBUG org.asynchttpclient.netty.channel.NettyConnectListener - Using new Channel '[id: 0xf120cd0d, L:/127.0.0.1:54585 - R:localhost/127.0.0.1:54576]' for 'GET' to '/devtools/browser/ce7a51b4-1d29-4f2c-a1bd-1febed5d0e54'
10:46:23.549 [AsyncHttpClient-1-4] DEBUG org.asynchttpclient.netty.handler.WebSocketHandler - 

Request DefaultFullHttpRequest(decodeResult: success, version: HTTP/1.1, content: EmptyByteBufBE)
GET /devtools/browser/ce7a51b4-1d29-4f2c-a1bd-1febed5d0e54 HTTP/1.1
upgrade: websocket
connection: upgrade
sec-websocket-key: cJOc6nnfs/p+oMQegMbspg==
sec-websocket-version: 13
origin: http://localhost:54576
host: localhost:54576
accept: */*
user-agent: AHC/2.1

Response DefaultHttpResponse(decodeResult: success, version: HTTP/1.1)
HTTP/1.1 101 WebSocket Protocol Handshake
Upgrade: WebSocket
Connection: Upgrade
Sec-WebSocket-Accept: Hn4xhXoJYu+Y1/h9m8oTaxYVPk0=

10:46:23.700 [AsyncHttpClient-1-1] DEBUG org.asynchttpclient.netty.channel.DefaultChannelPool - Entry count for : http://localhost:15451 : 1
10:46:23.700 [AsyncHttpClient-1-1] DEBUG org.asynchttpclient.netty.channel.DefaultChannelPool - Entry count for : http://localhost:54576 : 1
10:46:23.771 [Forwarding get on session b167353f7ae0e100ef1020e17b0cb322 to remote] DEBUG org.asynchttpclient.netty.request.NettyRequestSender - Using pooled Channel '[id: 0xf42b1137, L:/127.0.0.1:54575 - R:localhost/127.0.0.1:15451]' for 'POST' to 'http://localhost:15451/session/b167353f7ae0e100ef1020e17b0cb322/url'
10:46:23.771 [Forwarding get on session b167353f7ae0e100ef1020e17b0cb322 to remote] DEBUG org.asynchttpclient.netty.request.NettyRequestSender - Using open Channel [id: 0xf42b1137, L:/127.0.0.1:54575 - R:localhost/127.0.0.1:15451] for POST '/session/b167353f7ae0e100ef1020e17b0cb322/url'
10:46:24.818 [AsyncHttpClient-1-1] DEBUG org.asynchttpclient.netty.channel.DefaultChannelPool - Entry count for : http://localhost:54576 : 1
10:46:25.905 [AsyncHttpClient-1-1] DEBUG org.asynchttpclient.netty.channel.DefaultChannelPool - Entry count for : http://localhost:54576 : 1
10:46:26.156 [AsyncHttpClient-1-2] DEBUG org.asynchttpclient.netty.handler.HttpHandler - 

Request DefaultHttpRequest(decodeResult: success, version: HTTP/1.1)
POST /session/b167353f7ae0e100ef1020e17b0cb322/url HTTP/1.1
User-Agent: selenium/4.8.1 (java windows)
Content-Length: 77
Content-Type: application/json; charset=utf-8
host: localhost:15451
accept: */*

Response DefaultHttpResponse(decodeResult: success, version: HTTP/1.1)
HTTP/1.1 200 OK
Content-Length: 14
Content-Type: application/json; charset=utf-8
cache-control: no-cache

10:46:26.157 [AsyncHttpClient-1-2] DEBUG org.asynchttpclient.netty.channel.ChannelManager - Adding key: http://localhost:15451 for channel [id: 0xf42b1137, L:/127.0.0.1:54575 - R:localhost/127.0.0.1:15451]
10:46:26.170 [Forwarding setTimeout on session b167353f7ae0e100ef1020e17b0cb322 to remote] DEBUG org.asynchttpclient.netty.request.NettyRequestSender - Using pooled Channel '[id: 0xf42b1137, L:/127.0.0.1:54575 - R:localhost/127.0.0.1:15451]' for 'POST' to 'http://localhost:15451/session/b167353f7ae0e100ef1020e17b0cb322/timeouts'
10:46:26.170 [Forwarding setTimeout on session b167353f7ae0e100ef1020e17b0cb322 to remote] DEBUG org.asynchttpclient.netty.request.NettyRequestSender - Using open Channel [id: 0xf42b1137, L:/127.0.0.1:54575 - R:localhost/127.0.0.1:15451] for POST '/session/b167353f7ae0e100ef1020e17b0cb322/timeouts'
10:46:26.173 [AsyncHttpClient-1-2] DEBUG org.asynchttpclient.netty.handler.HttpHandler - 

Request DefaultHttpRequest(decodeResult: success, version: HTTP/1.1)
POST /session/b167353f7ae0e100ef1020e17b0cb322/timeouts HTTP/1.1
User-Agent: selenium/4.8.1 (java windows)
Content-Length: 22
Content-Type: application/json; charset=utf-8
host: localhost:15451
accept: */*

Response DefaultHttpResponse(decodeResult: success, version: HTTP/1.1)
HTTP/1.1 200 OK
Content-Length: 14
Content-Type: application/json; charset=utf-8
cache-control: no-cache

10:46:26.173 [AsyncHttpClient-1-2] DEBUG org.asynchttpclient.netty.channel.ChannelManager - Adding key: http://localhost:15451 for channel [id: 0xf42b1137, L:/127.0.0.1:54575 - R:localhost/127.0.0.1:15451]
10:46:26.207 [Forwarding findElement on session b167353f7ae0e100ef1020e17b0cb322 to remote] DEBUG org.asynchttpclient.netty.request.NettyRequestSender - Using pooled Channel '[id: 0xf42b1137, L:/127.0.0.1:54575 - R:localhost/127.0.0.1:15451]' for 'POST' to 'http://localhost:15451/session/b167353f7ae0e100ef1020e17b0cb322/element'
10:46:26.209 [Forwarding findElement on session b167353f7ae0e100ef1020e17b0cb322 to remote] DEBUG org.asynchttpclient.netty.request.NettyRequestSender - Using open Channel [id: 0xf42b1137, L:/127.0.0.1:54575 - R:localhost/127.0.0.1:15451] for POST '/session/b167353f7ae0e100ef1020e17b0cb322/element'
10:46:26.235 [AsyncHttpClient-1-2] DEBUG org.asynchttpclient.netty.handler.HttpHandler - 

Request DefaultHttpRequest(decodeResult: success, version: HTTP/1.1)
POST /session/b167353f7ae0e100ef1020e17b0cb322/element HTTP/1.1
User-Agent: selenium/4.8.1 (java windows)
Content-Length: 72
Content-Type: application/json; charset=utf-8
host: localhost:15451
accept: */*

Response DefaultHttpResponse(decodeResult: success, version: HTTP/1.1)
HTTP/1.1 200 OK
Content-Length: 88
Content-Type: application/json; charset=utf-8
cache-control: no-cache

10:46:26.235 [AsyncHttpClient-1-2] DEBUG org.asynchttpclient.netty.channel.ChannelManager - Adding key: http://localhost:15451 for channel [id: 0xf42b1137, L:/127.0.0.1:54575 - R:localhost/127.0.0.1:15451]
10:46:26.273 [Forwarding isElementDisplayed on session b167353f7ae0e100ef1020e17b0cb322 to remote] DEBUG org.asynchttpclient.netty.request.NettyRequestSender - Using pooled Channel '[id: 0xf42b1137, L:/127.0.0.1:54575 - R:localhost/127.0.0.1:15451]' for 'POST' to 'http://localhost:15451/session/b167353f7ae0e100ef1020e17b0cb322/execute/sync'
10:46:26.273 [Forwarding isElementDisplayed on session b167353f7ae0e100ef1020e17b0cb322 to remote] DEBUG org.asynchttpclient.netty.request.NettyRequestSender - Using open Channel [id: 0xf42b1137, L:/127.0.0.1:54575 - R:localhost/127.0.0.1:15451] for POST '/session/b167353f7ae0e100ef1020e17b0cb322/execute/sync'
10:46:26.306 [AsyncHttpClient-1-2] DEBUG org.asynchttpclient.netty.handler.HttpHandler - 

Request DefaultHttpRequest(decodeResult: success, version: HTTP/1.1)
POST /session/b167353f7ae0e100ef1020e17b0cb322/execute/sync HTTP/1.1
User-Agent: selenium/4.8.1 (java windows)
Content-Length: 48807
Content-Type: application/json; charset=utf-8
host: localhost:15451
accept: */*

Response DefaultHttpResponse(decodeResult: success, version: HTTP/1.1)
HTTP/1.1 200 OK
Content-Length: 14
Content-Type: application/json; charset=utf-8
cache-control: no-cache

10:46:26.307 [AsyncHttpClient-1-2] DEBUG org.asynchttpclient.netty.channel.ChannelManager - Adding key: http://localhost:15451 for channel [id: 0xf42b1137, L:/127.0.0.1:54575 - R:localhost/127.0.0.1:15451]
10:46:26.317 [Forwarding isElementDisplayed on session b167353f7ae0e100ef1020e17b0cb322 to remote] DEBUG org.asynchttpclient.netty.request.NettyRequestSender - Using pooled Channel '[id: 0xf42b1137, L:/127.0.0.1:54575 - R:localhost/127.0.0.1:15451]' for 'POST' to 'http://localhost:15451/session/b167353f7ae0e100ef1020e17b0cb322/execute/sync'
10:46:26.317 [Forwarding isElementDisplayed on session b167353f7ae0e100ef1020e17b0cb322 to remote] DEBUG org.asynchttpclient.netty.request.NettyRequestSender - Using open Channel [id: 0xf42b1137, L:/127.0.0.1:54575 - R:localhost/127.0.0.1:15451] for POST '/session/b167353f7ae0e100ef1020e17b0cb322/execute/sync'
10:46:26.336 [AsyncHttpClient-1-2] DEBUG org.asynchttpclient.netty.handler.HttpHandler - 

Request DefaultHttpRequest(decodeResult: success, version: HTTP/1.1)
POST /session/b167353f7ae0e100ef1020e17b0cb322/execute/sync HTTP/1.1
User-Agent: selenium/4.8.1 (java windows)
Content-Length: 48807
Content-Type: application/json; charset=utf-8
host: localhost:15451
accept: */*

Response DefaultHttpResponse(decodeResult: success, version: HTTP/1.1)
HTTP/1.1 200 OK
Content-Length: 14
Content-Type: application/json; charset=utf-8
cache-control: no-cache

10:46:26.336 [AsyncHttpClient-1-2] DEBUG org.asynchttpclient.netty.channel.ChannelManager - Adding key: http://localhost:15451 for channel [id: 0xf42b1137, L:/127.0.0.1:54575 - R:localhost/127.0.0.1:15451]
  &amp#27;[32mGiven &amp#27;[0m&amp#27;[32muser on register page&amp#27;[0m                            &amp#27;[90m# starter.stepdefinitions.RegisterSteps.userOnRegisterPage()&amp#27;[0m
10:46:26.388 [Forwarding findElement on session b167353f7ae0e100ef1020e17b0cb322 to remote] DEBUG org.asynchttpclient.netty.request.NettyRequestSender - Using pooled Channel '[id: 0xf42b1137, L:/127.0.0.1:54575 - R:localhost/127.0.0.1:15451]' for 'POST' to 'http://localhost:15451/session/b167353f7ae0e100ef1020e17b0cb322/element'
10:46:26.389 [Forwarding findElement on session b167353f7ae0e100ef1020e17b0cb322 to remote] DEBUG org.asynchttpclient.netty.request.NettyRequestSender - Using open Channel [id: 0xf42b1137, L:/127.0.0.1:54575 - R:localhost/127.0.0.1:15451] for POST '/session/b167353f7ae0e100ef1020e17b0cb322/element'
10:46:26.408 [AsyncHttpClient-1-2] DEBUG org.asynchttpclient.netty.handler.HttpHandler - 

Request DefaultHttpRequest(decodeResult: success, version: HTTP/1.1)
POST /session/b167353f7ae0e100ef1020e17b0cb322/element HTTP/1.1
User-Agent: selenium/4.8.1 (java windows)
Content-Length: 55
Content-Type: application/json; charset=utf-8
host: localhost:15451
accept: */*

Response DefaultHttpResponse(decodeResult: success, version: HTTP/1.1)
HTTP/1.1 200 OK
Content-Length: 88
Content-Type: application/json; charset=utf-8
cache-control: no-cache

10:46:26.409 [AsyncHttpClient-1-2] DEBUG org.asynchttpclient.netty.channel.ChannelManager - Adding key: http://localhost:15451 for channel [id: 0xf42b1137, L:/127.0.0.1:54575 - R:localhost/127.0.0.1:15451]
10:46:26.413 [Forwarding clearElement on session b167353f7ae0e100ef1020e17b0cb322 to remote] DEBUG org.asynchttpclient.netty.request.NettyRequestSender - Using pooled Channel '[id: 0xf42b1137, L:/127.0.0.1:54575 - R:localhost/127.0.0.1:15451]' for 'POST' to 'http://localhost:15451/session/b167353f7ae0e100ef1020e17b0cb322/element/4fdd1dce-0e55-4f7b-986b-6a3cd19035f5/clear'
10:46:26.413 [Forwarding clearElement on session b167353f7ae0e100ef1020e17b0cb322 to remote] DEBUG org.asynchttpclient.netty.request.NettyRequestSender - Using open Channel [id: 0xf42b1137, L:/127.0.0.1:54575 - R:localhost/127.0.0.1:15451] for POST '/session/b167353f7ae0e100ef1020e17b0cb322/element/4fdd1dce-0e55-4f7b-986b-6a3cd19035f5/clear'
10:46:26.468 [AsyncHttpClient-1-2] DEBUG org.asynchttpclient.netty.handler.HttpHandler - 

Request DefaultHttpRequest(decodeResult: success, version: HTTP/1.1)
POST /session/b167353f7ae0e100ef1020e17b0cb322/element/4fdd1dce-0e55-4f7b-986b-6a3cd19035f5/clear HTTP/1.1
User-Agent: selenium/4.8.1 (java windows)
Content-Length: 50
Content-Type: application/json; charset=utf-8
host: localhost:15451
accept: */*

Response DefaultHttpResponse(decodeResult: success, version: HTTP/1.1)
HTTP/1.1 200 OK
Content-Length: 14
Content-Type: application/json; charset=utf-8
cache-control: no-cache

10:46:26.468 [AsyncHttpClient-1-2] DEBUG org.asynchttpclient.netty.channel.ChannelManager - Adding key: http://localhost:15451 for channel [id: 0xf42b1137, L:/127.0.0.1:54575 - R:localhost/127.0.0.1:15451]
10:46:26.476 [Forwarding sendKeysToElement on session b167353f7ae0e100ef1020e17b0cb322 to remote] DEBUG org.asynchttpclient.netty.request.NettyRequestSender - Using pooled Channel '[id: 0xf42b1137, L:/127.0.0.1:54575 - R:localhost/127.0.0.1:15451]' for 'POST' to 'http://localhost:15451/session/b167353f7ae0e100ef1020e17b0cb322/element/4fdd1dce-0e55-4f7b-986b-6a3cd19035f5/value'
10:46:26.476 [Forwarding sendKeysToElement on session b167353f7ae0e100ef1020e17b0cb322 to remote] DEBUG org.asynchttpclient.netty.request.NettyRequestSender - Using open Channel [id: 0xf42b1137, L:/127.0.0.1:54575 - R:localhost/127.0.0.1:15451] for POST '/session/b167353f7ae0e100ef1020e17b0cb322/element/4fdd1dce-0e55-4f7b-986b-6a3cd19035f5/value'
10:46:26.693 [AsyncHttpClient-1-2] DEBUG org.asynchttpclient.netty.handler.HttpHandler - 

Request DefaultHttpRequest(decodeResult: success, version: HTTP/1.1)
POST /session/b167353f7ae0e100ef1020e17b0cb322/element/4fdd1dce-0e55-4f7b-986b-6a3cd19035f5/value HTTP/1.1
User-Agent: selenium/4.8.1 (java windows)
Content-Length: 271
Content-Type: application/json; charset=utf-8
host: localhost:15451
accept: */*

Response DefaultHttpResponse(decodeResult: success, version: HTTP/1.1)
HTTP/1.1 200 OK
Content-Length: 14
Content-Type: application/json; charset=utf-8
cache-control: no-cache

10:46:26.694 [AsyncHttpClient-1-2] DEBUG org.asynchttpclient.netty.channel.ChannelManager - Adding key: http://localhost:15451 for channel [id: 0xf42b1137, L:/127.0.0.1:54575 - R:localhost/127.0.0.1:15451]
  &amp#27;[32mWhen &amp#27;[0m&amp#27;[32muser input valid complete name&amp#27;[0m                    &amp#27;[90m# starter.stepdefinitions.RegisterSteps.userInputValidCompleteName()&amp#27;[0m
10:46:26.722 [Forwarding findElement on session b167353f7ae0e100ef1020e17b0cb322 to remote] DEBUG org.asynchttpclient.netty.request.NettyRequestSender - Using pooled Channel '[id: 0xf42b1137, L:/127.0.0.1:54575 - R:localhost/127.0.0.1:15451]' for 'POST' to 'http://localhost:15451/session/b167353f7ae0e100ef1020e17b0cb322/element'
10:46:26.722 [Forwarding findElement on session b167353f7ae0e100ef1020e17b0cb322 to remote] DEBUG org.asynchttpclient.netty.request.NettyRequestSender - Using open Channel [id: 0xf42b1137, L:/127.0.0.1:54575 - R:localhost/127.0.0.1:15451] for POST '/session/b167353f7ae0e100ef1020e17b0cb322/element'
10:46:26.741 [AsyncHttpClient-1-2] DEBUG org.asynchttpclient.netty.handler.HttpHandler - 

Request DefaultHttpRequest(decodeResult: success, version: HTTP/1.1)
POST /session/b167353f7ae0e100ef1020e17b0cb322/element HTTP/1.1
User-Agent: selenium/4.8.1 (java windows)
Content-Length: 55
Content-Type: application/json; charset=utf-8
host: localhost:15451
accept: */*

Response DefaultHttpResponse(decodeResult: success, version: HTTP/1.1)
HTTP/1.1 200 OK
Content-Length: 88
Content-Type: application/json; charset=utf-8
cache-control: no-cache

10:46:26.741 [AsyncHttpClient-1-2] DEBUG org.asynchttpclient.netty.channel.ChannelManager - Adding key: http://localhost:15451 for channel [id: 0xf42b1137, L:/127.0.0.1:54575 - R:localhost/127.0.0.1:15451]
10:46:26.746 [Forwarding clearElement on session b167353f7ae0e100ef1020e17b0cb322 to remote] DEBUG org.asynchttpclient.netty.request.NettyRequestSender - Using pooled Channel '[id: 0xf42b1137, L:/127.0.0.1:54575 - R:localhost/127.0.0.1:15451]' for 'POST' to 'http://localhost:15451/session/b167353f7ae0e100ef1020e17b0cb322/element/64a9a44c-599b-470e-a230-be54560e3f15/clear'
10:46:26.746 [Forwarding clearElement on session b167353f7ae0e100ef1020e17b0cb322 to remote] DEBUG org.asynchttpclient.netty.request.NettyRequestSender - Using open Channel [id: 0xf42b1137, L:/127.0.0.1:54575 - R:localhost/127.0.0.1:15451] for POST '/session/b167353f7ae0e100ef1020e17b0cb322/element/64a9a44c-599b-470e-a230-be54560e3f15/clear'
10:46:26.799 [AsyncHttpClient-1-2] DEBUG org.asynchttpclient.netty.handler.HttpHandler - 

Request DefaultHttpRequest(decodeResult: success, version: HTTP/1.1)
POST /session/b167353f7ae0e100ef1020e17b0cb322/element/64a9a44c-599b-470e-a230-be54560e3f15/clear HTTP/1.1
User-Agent: selenium/4.8.1 (java windows)
Content-Length: 50
Content-Type: application/json; charset=utf-8
host: localhost:15451
accept: */*

Response DefaultHttpResponse(decodeResult: success, version: HTTP/1.1)
HTTP/1.1 200 OK
Content-Length: 14
Content-Type: application/json; charset=utf-8
cache-control: no-cache

10:46:26.800 [AsyncHttpClient-1-2] DEBUG org.asynchttpclient.netty.channel.ChannelManager - Adding key: http://localhost:15451 for channel [id: 0xf42b1137, L:/127.0.0.1:54575 - R:localhost/127.0.0.1:15451]
10:46:26.804 [Forwarding sendKeysToElement on session b167353f7ae0e100ef1020e17b0cb322 to remote] DEBUG org.asynchttpclient.netty.request.NettyRequestSender - Using pooled Channel '[id: 0xf42b1137, L:/127.0.0.1:54575 - R:localhost/127.0.0.1:15451]' for 'POST' to 'http://localhost:15451/session/b167353f7ae0e100ef1020e17b0cb322/element/64a9a44c-599b-470e-a230-be54560e3f15/value'
10:46:26.804 [Forwarding sendKeysToElement on session b167353f7ae0e100ef1020e17b0cb322 to remote] DEBUG org.asynchttpclient.netty.request.NettyRequestSender - Using open Channel [id: 0xf42b1137, L:/127.0.0.1:54575 - R:localhost/127.0.0.1:15451] for POST '/session/b167353f7ae0e100ef1020e17b0cb322/element/64a9a44c-599b-470e-a230-be54560e3f15/value'
10:46:27.000 [AsyncHttpClient-1-2] DEBUG org.asynchttpclient.netty.handler.HttpHandler - 

Request DefaultHttpRequest(decodeResult: success, version: HTTP/1.1)
POST /session/b167353f7ae0e100ef1020e17b0cb322/element/64a9a44c-599b-470e-a230-be54560e3f15/value HTTP/1.1
User-Agent: selenium/4.8.1 (java windows)
Content-Length: 301
Content-Type: application/json; charset=utf-8
host: localhost:15451
accept: */*

Response DefaultHttpResponse(decodeResult: success, version: HTTP/1.1)
HTTP/1.1 200 OK
Content-Length: 14
Content-Type: application/json; charset=utf-8
cache-control: no-cache

10:46:27.001 [AsyncHttpClient-1-2] DEBUG org.asynchttpclient.netty.channel.ChannelManager - Adding key: http://localhost:15451 for channel [id: 0xf42b1137, L:/127.0.0.1:54575 - R:localhost/127.0.0.1:15451]
10:46:27.005 [AsyncHttpClient-1-1] DEBUG org.asynchttpclient.netty.channel.DefaultChannelPool - Entry count for : http://localhost:15451 : 1
10:46:27.005 [AsyncHttpClient-1-1] DEBUG org.asynchttpclient.netty.channel.DefaultChannelPool - Entry count for : http://localhost:54576 : 1
  &amp#27;[32mAnd &amp#27;[0m&amp#27;[32muser input valid email&amp#27;[0m                             &amp#27;[90m# starter.stepdefinitions.RegisterSteps.userInputValidEmail()&amp#27;[0m
10:46:27.037 [Forwarding findElement on session b167353f7ae0e100ef1020e17b0cb322 to remote] DEBUG org.asynchttpclient.netty.request.NettyRequestSender - Using pooled Channel '[id: 0xf42b1137, L:/127.0.0.1:54575 - R:localhost/127.0.0.1:15451]' for 'POST' to 'http://localhost:15451/session/b167353f7ae0e100ef1020e17b0cb322/element'
10:46:27.037 [Forwarding findElement on session b167353f7ae0e100ef1020e17b0cb322 to remote] DEBUG org.asynchttpclient.netty.request.NettyRequestSender - Using open Channel [id: 0xf42b1137, L:/127.0.0.1:54575 - R:localhost/127.0.0.1:15451] for POST '/session/b167353f7ae0e100ef1020e17b0cb322/element'
10:46:27.071 [AsyncHttpClient-1-2] DEBUG org.asynchttpclient.netty.handler.HttpHandler - 

Request DefaultHttpRequest(decodeResult: success, version: HTTP/1.1)
POST /session/b167353f7ae0e100ef1020e17b0cb322/element HTTP/1.1
User-Agent: selenium/4.8.1 (java windows)
Content-Length: 55
Content-Type: application/json; charset=utf-8
host: localhost:15451
accept: */*

Response DefaultHttpResponse(decodeResult: success, version: HTTP/1.1)
HTTP/1.1 200 OK
Content-Length: 88
Content-Type: application/json; charset=utf-8
cache-control: no-cache

10:46:27.072 [AsyncHttpClient-1-2] DEBUG org.asynchttpclient.netty.channel.ChannelManager - Adding key: http://localhost:15451 for channel [id: 0xf42b1137, L:/127.0.0.1:54575 - R:localhost/127.0.0.1:15451]
10:46:27.074 [Forwarding clearElement on session b167353f7ae0e100ef1020e17b0cb322 to remote] DEBUG org.asynchttpclient.netty.request.NettyRequestSender - Using pooled Channel '[id: 0xf42b1137, L:/127.0.0.1:54575 - R:localhost/127.0.0.1:15451]' for 'POST' to 'http://localhost:15451/session/b167353f7ae0e100ef1020e17b0cb322/element/583e0e4c-866f-493b-9972-0a442c4a18b4/clear'
10:46:27.075 [Forwarding clearElement on session b167353f7ae0e100ef1020e17b0cb322 to remote] DEBUG org.asynchttpclient.netty.request.NettyRequestSender - Using open Channel [id: 0xf42b1137, L:/127.0.0.1:54575 - R:localhost/127.0.0.1:15451] for POST '/session/b167353f7ae0e100ef1020e17b0cb322/element/583e0e4c-866f-493b-9972-0a442c4a18b4/clear'
10:46:27.151 [AsyncHttpClient-1-2] DEBUG org.asynchttpclient.netty.handler.HttpHandler - 

Request DefaultHttpRequest(decodeResult: success, version: HTTP/1.1)
POST /session/b167353f7ae0e100ef1020e17b0cb322/element/583e0e4c-866f-493b-9972-0a442c4a18b4/clear HTTP/1.1
User-Agent: selenium/4.8.1 (java windows)
Content-Length: 50
Content-Type: application/json; charset=utf-8
host: localhost:15451
accept: */*

Response DefaultHttpResponse(decodeResult: success, version: HTTP/1.1)
HTTP/1.1 200 OK
Content-Length: 14
Content-Type: application/json; charset=utf-8
cache-control: no-cache

10:46:27.152 [AsyncHttpClient-1-2] DEBUG org.asynchttpclient.netty.channel.ChannelManager - Adding key: http://localhost:15451 for channel [id: 0xf42b1137, L:/127.0.0.1:54575 - R:localhost/127.0.0.1:15451]
10:46:27.156 [Forwarding sendKeysToElement on session b167353f7ae0e100ef1020e17b0cb322 to remote] DEBUG org.asynchttpclient.netty.request.NettyRequestSender - Using pooled Channel '[id: 0xf42b1137, L:/127.0.0.1:54575 - R:localhost/127.0.0.1:15451]' for 'POST' to 'http://localhost:15451/session/b167353f7ae0e100ef1020e17b0cb322/element/583e0e4c-866f-493b-9972-0a442c4a18b4/value'
10:46:27.157 [Forwarding sendKeysToElement on session b167353f7ae0e100ef1020e17b0cb322 to remote] DEBUG org.asynchttpclient.netty.request.NettyRequestSender - Using open Channel [id: 0xf42b1137, L:/127.0.0.1:54575 - R:localhost/127.0.0.1:15451] for POST '/session/b167353f7ae0e100ef1020e17b0cb322/element/583e0e4c-866f-493b-9972-0a442c4a18b4/value'
10:46:27.282 [AsyncHttpClient-1-2] DEBUG org.asynchttpclient.netty.handler.HttpHandler - 

Request DefaultHttpRequest(decodeResult: success, version: HTTP/1.1)
POST /session/b167353f7ae0e100ef1020e17b0cb322/element/583e0e4c-866f-493b-9972-0a442c4a18b4/value HTTP/1.1
User-Agent: selenium/4.8.1 (java windows)
Content-Length: 141
Content-Type: application/json; charset=utf-8
host: localhost:15451
accept: */*

Response DefaultHttpResponse(decodeResult: success, version: HTTP/1.1)
HTTP/1.1 200 OK
Content-Length: 14
Content-Type: application/json; charset=utf-8
cache-control: no-cache

10:46:27.283 [AsyncHttpClient-1-2] DEBUG org.asynchttpclient.netty.channel.ChannelManager - Adding key: http://localhost:15451 for channel [id: 0xf42b1137, L:/127.0.0.1:54575 - R:localhost/127.0.0.1:15451]
  &amp#27;[32mAnd &amp#27;[0m&amp#27;[32muser input valid password&amp#27;[0m                          &amp#27;[90m# starter.stepdefinitions.RegisterSteps.userInputValidPassword()&amp#27;[0m
10:46:27.318 [Forwarding findElement on session b167353f7ae0e100ef1020e17b0cb322 to remote] DEBUG org.asynchttpclient.netty.request.NettyRequestSender - Using pooled Channel '[id: 0xf42b1137, L:/127.0.0.1:54575 - R:localhost/127.0.0.1:15451]' for 'POST' to 'http://localhost:15451/session/b167353f7ae0e100ef1020e17b0cb322/element'
10:46:27.318 [Forwarding findElement on session b167353f7ae0e100ef1020e17b0cb322 to remote] DEBUG org.asynchttpclient.netty.request.NettyRequestSender - Using open Channel [id: 0xf42b1137, L:/127.0.0.1:54575 - R:localhost/127.0.0.1:15451] for POST '/session/b167353f7ae0e100ef1020e17b0cb322/element'
10:46:27.334 [AsyncHttpClient-1-2] DEBUG org.asynchttpclient.netty.handler.HttpHandler - 

Request DefaultHttpRequest(decodeResult: success, version: HTTP/1.1)
POST /session/b167353f7ae0e100ef1020e17b0cb322/element HTTP/1.1
User-Agent: selenium/4.8.1 (java windows)
Content-Length: 72
Content-Type: application/json; charset=utf-8
host: localhost:15451
accept: */*

Response DefaultHttpResponse(decodeResult: success, version: HTTP/1.1)
HTTP/1.1 200 OK
Content-Length: 88
Content-Type: application/json; charset=utf-8
cache-control: no-cache

10:46:27.334 [AsyncHttpClient-1-2] DEBUG org.asynchttpclient.netty.channel.ChannelManager - Adding key: http://localhost:15451 for channel [id: 0xf42b1137, L:/127.0.0.1:54575 - R:localhost/127.0.0.1:15451]
10:46:27.339 [Forwarding getElementTagName on session b167353f7ae0e100ef1020e17b0cb322 to remote] DEBUG org.asynchttpclient.netty.request.NettyRequestSender - Using pooled Channel '[id: 0xf42b1137, L:/127.0.0.1:54575 - R:localhost/127.0.0.1:15451]' for 'GET' to 'http://localhost:15451/session/b167353f7ae0e100ef1020e17b0cb322/element/017b77f8-c084-45c9-8586-561c4b8cdae1/name'
10:46:27.343 [Forwarding getElementTagName on session b167353f7ae0e100ef1020e17b0cb322 to remote] DEBUG org.asynchttpclient.netty.request.NettyRequestSender - Using open Channel [id: 0xf42b1137, L:/127.0.0.1:54575 - R:localhost/127.0.0.1:15451] for GET '/session/b167353f7ae0e100ef1020e17b0cb322/element/017b77f8-c084-45c9-8586-561c4b8cdae1/name'
10:46:27.359 [AsyncHttpClient-1-2] DEBUG org.asynchttpclient.netty.handler.HttpHandler - 

Request DefaultFullHttpRequest(decodeResult: success, version: HTTP/1.1, content: EmptyByteBufBE)
GET /session/b167353f7ae0e100ef1020e17b0cb322/element/017b77f8-c084-45c9-8586-561c4b8cdae1/name HTTP/1.1
User-Agent: selenium/4.8.1 (java windows)
Cache-Control: no-cache
Content-Type: application/json; charset=utf-8
host: localhost:15451
accept: */*

Response DefaultHttpResponse(decodeResult: success, version: HTTP/1.1)
HTTP/1.1 200 OK
Content-Length: 16
Content-Type: application/json; charset=utf-8
cache-control: no-cache

10:46:27.360 [AsyncHttpClient-1-2] DEBUG org.asynchttpclient.netty.channel.ChannelManager - Adding key: http://localhost:15451 for channel [id: 0xf42b1137, L:/127.0.0.1:54575 - R:localhost/127.0.0.1:15451]
10:46:27.366 [Forwarding getElementTagName on session b167353f7ae0e100ef1020e17b0cb322 to remote] DEBUG org.asynchttpclient.netty.request.NettyRequestSender - Using pooled Channel '[id: 0xf42b1137, L:/127.0.0.1:54575 - R:localhost/127.0.0.1:15451]' for 'GET' to 'http://localhost:15451/session/b167353f7ae0e100ef1020e17b0cb322/element/017b77f8-c084-45c9-8586-561c4b8cdae1/name'
10:46:27.366 [Forwarding getElementTagName on session b167353f7ae0e100ef1020e17b0cb322 to remote] DEBUG org.asynchttpclient.netty.request.NettyRequestSender - Using open Channel [id: 0xf42b1137, L:/127.0.0.1:54575 - R:localhost/127.0.0.1:15451] for GET '/session/b167353f7ae0e100ef1020e17b0cb322/element/017b77f8-c084-45c9-8586-561c4b8cdae1/name'
10:46:27.371 [AsyncHttpClient-1-2] DEBUG org.asynchttpclient.netty.handler.HttpHandler - 

Request DefaultFullHttpRequest(decodeResult: success, version: HTTP/1.1, content: EmptyByteBufBE)
GET /session/b167353f7ae0e100ef1020e17b0cb322/element/017b77f8-c084-45c9-8586-561c4b8cdae1/name HTTP/1.1
User-Agent: selenium/4.8.1 (java windows)
Cache-Control: no-cache
Content-Type: application/json; charset=utf-8
host: localhost:15451
accept: */*

Response DefaultHttpResponse(decodeResult: success, version: HTTP/1.1)
HTTP/1.1 200 OK
Content-Length: 16
Content-Type: application/json; charset=utf-8
cache-control: no-cache

10:46:27.372 [AsyncHttpClient-1-2] DEBUG org.asynchttpclient.netty.channel.ChannelManager - Adding key: http://localhost:15451 for channel [id: 0xf42b1137, L:/127.0.0.1:54575 - R:localhost/127.0.0.1:15451]
10:46:27.378 [Forwarding findElement on session b167353f7ae0e100ef1020e17b0cb322 to remote] DEBUG org.asynchttpclient.netty.request.NettyRequestSender - Using pooled Channel '[id: 0xf42b1137, L:/127.0.0.1:54575 - R:localhost/127.0.0.1:15451]' for 'POST' to 'http://localhost:15451/session/b167353f7ae0e100ef1020e17b0cb322/element'
10:46:27.379 [Forwarding findElement on session b167353f7ae0e100ef1020e17b0cb322 to remote] DEBUG org.asynchttpclient.netty.request.NettyRequestSender - Using open Channel [id: 0xf42b1137, L:/127.0.0.1:54575 - R:localhost/127.0.0.1:15451] for POST '/session/b167353f7ae0e100ef1020e17b0cb322/element'
10:46:27.389 [AsyncHttpClient-1-2] DEBUG org.asynchttpclient.netty.handler.HttpHandler - 

Request DefaultHttpRequest(decodeResult: success, version: HTTP/1.1)
POST /session/b167353f7ae0e100ef1020e17b0cb322/element HTTP/1.1
User-Agent: selenium/4.8.1 (java windows)
Content-Length: 72
Content-Type: application/json; charset=utf-8
host: localhost:15451
accept: */*

Response DefaultHttpResponse(decodeResult: success, version: HTTP/1.1)
HTTP/1.1 200 OK
Content-Length: 88
Content-Type: application/json; charset=utf-8
cache-control: no-cache

10:46:27.389 [AsyncHttpClient-1-2] DEBUG org.asynchttpclient.netty.channel.ChannelManager - Adding key: http://localhost:15451 for channel [id: 0xf42b1137, L:/127.0.0.1:54575 - R:localhost/127.0.0.1:15451]
10:46:27.393 [Forwarding clickElement on session b167353f7ae0e100ef1020e17b0cb322 to remote] DEBUG org.asynchttpclient.netty.request.NettyRequestSender - Using pooled Channel '[id: 0xf42b1137, L:/127.0.0.1:54575 - R:localhost/127.0.0.1:15451]' for 'POST' to 'http://localhost:15451/session/b167353f7ae0e100ef1020e17b0cb322/element/017b77f8-c084-45c9-8586-561c4b8cdae1/click'
10:46:27.393 [Forwarding clickElement on session b167353f7ae0e100ef1020e17b0cb322 to remote] DEBUG org.asynchttpclient.netty.request.NettyRequestSender - Using open Channel [id: 0xf42b1137, L:/127.0.0.1:54575 - R:localhost/127.0.0.1:15451] for POST '/session/b167353f7ae0e100ef1020e17b0cb322/element/017b77f8-c084-45c9-8586-561c4b8cdae1/click'
10:46:27.473 [AsyncHttpClient-1-2] DEBUG org.asynchttpclient.netty.handler.HttpHandler - 

Request DefaultHttpRequest(decodeResult: success, version: HTTP/1.1)
POST /session/b167353f7ae0e100ef1020e17b0cb322/element/017b77f8-c084-45c9-8586-561c4b8cdae1/click HTTP/1.1
User-Agent: selenium/4.8.1 (java windows)
Content-Length: 50
Content-Type: application/json; charset=utf-8
host: localhost:15451
accept: */*

Response DefaultHttpResponse(decodeResult: success, version: HTTP/1.1)
HTTP/1.1 200 OK
Content-Length: 14
Content-Type: application/json; charset=utf-8
cache-control: no-cache

10:46:27.473 [AsyncHttpClient-1-2] DEBUG org.asynchttpclient.netty.channel.ChannelManager - Adding key: http://localhost:15451 for channel [id: 0xf42b1137, L:/127.0.0.1:54575 - R:localhost/127.0.0.1:15451]
  &amp#27;[32mAnd &amp#27;[0m&amp#27;[32muser click login button&amp#27;[0m                            &amp#27;[90m# starter.stepdefinitions.RegisterSteps.userClickLoginButton()&amp#27;[0m
10:46:27.498 [Forwarding findElement on session b167353f7ae0e100ef1020e17b0cb322 to remote] DEBUG org.asynchttpclient.netty.request.NettyRequestSender - Using pooled Channel '[id: 0xf42b1137, L:/127.0.0.1:54575 - R:localhost/127.0.0.1:15451]' for 'POST' to 'http://localhost:15451/session/b167353f7ae0e100ef1020e17b0cb322/element'
10:46:27.498 [Forwarding findElement on session b167353f7ae0e100ef1020e17b0cb322 to remote] DEBUG org.asynchttpclient.netty.request.NettyRequestSender - Using open Channel [id: 0xf42b1137, L:/127.0.0.1:54575 - R:localhost/127.0.0.1:15451] for POST '/session/b167353f7ae0e100ef1020e17b0cb322/element'
10:46:27.989 [AsyncHttpClient-1-2] DEBUG org.asynchttpclient.netty.handler.HttpHandler - 

Request DefaultHttpRequest(decodeResult: success, version: HTTP/1.1)
POST /session/b167353f7ae0e100ef1020e17b0cb322/element HTTP/1.1
User-Agent: selenium/4.8.1 (java windows)
Content-Length: 69
Content-Type: application/json; charset=utf-8
host: localhost:15451
accept: */*

Response DefaultHttpResponse(decodeResult: success, version: HTTP/1.1)
HTTP/1.1 200 OK
Content-Length: 88
Content-Type: application/json; charset=utf-8
cache-control: no-cache

10:46:27.990 [AsyncHttpClient-1-2] DEBUG org.asynchttpclient.netty.channel.ChannelManager - Adding key: http://localhost:15451 for channel [id: 0xf42b1137, L:/127.0.0.1:54575 - R:localhost/127.0.0.1:15451]
10:46:28.000 [Forwarding isElementDisplayed on session b167353f7ae0e100ef1020e17b0cb322 to remote] DEBUG org.asynchttpclient.netty.request.NettyRequestSender - Using pooled Channel '[id: 0xf42b1137, L:/127.0.0.1:54575 - R:localhost/127.0.0.1:15451]' for 'POST' to 'http://localhost:15451/session/b167353f7ae0e100ef1020e17b0cb322/execute/sync'
10:46:28.001 [Forwarding isElementDisplayed on session b167353f7ae0e100ef1020e17b0cb322 to remote] DEBUG org.asynchttpclient.netty.request.NettyRequestSender - Using open Channel [id: 0xf42b1137, L:/127.0.0.1:54575 - R:localhost/127.0.0.1:15451] for POST '/session/b167353f7ae0e100ef1020e17b0cb322/execute/sync'
10:46:28.015 [AsyncHttpClient-1-2] DEBUG org.asynchttpclient.netty.handler.HttpHandler - 

Request DefaultHttpRequest(decodeResult: success, version: HTTP/1.1)
POST /session/b167353f7ae0e100ef1020e17b0cb322/execute/sync HTTP/1.1
User-Agent: selenium/4.8.1 (java windows)
Content-Length: 48807
Content-Type: application/json; charset=utf-8
host: localhost:15451
accept: */*

Response DefaultHttpResponse(decodeResult: success, version: HTTP/1.1)
HTTP/1.1 200 OK
Content-Length: 14
Content-Type: application/json; charset=utf-8
cache-control: no-cache

10:46:28.015 [AsyncHttpClient-1-2] DEBUG org.asynchttpclient.netty.channel.ChannelManager - Adding key: http://localhost:15451 for channel [id: 0xf42b1137, L:/127.0.0.1:54575 - R:localhost/127.0.0.1:15451]
10:46:28.020 [Forwarding isElementDisplayed on session b167353f7ae0e100ef1020e17b0cb322 to remote] DEBUG org.asynchttpclient.netty.request.NettyRequestSender - Using pooled Channel '[id: 0xf42b1137, L:/127.0.0.1:54575 - R:localhost/127.0.0.1:15451]' for 'POST' to 'http://localhost:15451/session/b167353f7ae0e100ef1020e17b0cb322/execute/sync'
10:46:28.020 [Forwarding isElementDisplayed on session b167353f7ae0e100ef1020e17b0cb322 to remote] DEBUG org.asynchttpclient.netty.request.NettyRequestSender - Using open Channel [id: 0xf42b1137, L:/127.0.0.1:54575 - R:localhost/127.0.0.1:15451] for POST '/session/b167353f7ae0e100ef1020e17b0cb322/execute/sync'
10:46:28.033 [AsyncHttpClient-1-2] DEBUG org.asynchttpclient.netty.handler.HttpHandler - 

Request DefaultHttpRequest(decodeResult: success, version: HTTP/1.1)
POST /session/b167353f7ae0e100ef1020e17b0cb322/execute/sync HTTP/1.1
User-Agent: selenium/4.8.1 (java windows)
Content-Length: 48807
Content-Type: application/json; charset=utf-8
host: localhost:15451
accept: */*

Response DefaultHttpResponse(decodeResult: success, version: HTTP/1.1)
HTTP/1.1 200 OK
Content-Length: 14
Content-Type: application/json; charset=utf-8
cache-control: no-cache

10:46:28.034 [AsyncHttpClient-1-2] DEBUG org.asynchttpclient.netty.channel.ChannelManager - Adding key: http://localhost:15451 for channel [id: 0xf42b1137, L:/127.0.0.1:54575 - R:localhost/127.0.0.1:15451]
  &amp#27;[32mThen &amp#27;[0m&amp#27;[32muser on login page&amp#27;[0m                                &amp#27;[90m# starter.stepdefinitions.RegisterSteps.userOnLoginPage()&amp#27;[0m
10:46:28.046 [main] INFO  - 
  _____   ___   ___   _____     ___     _     ___   ___   ___   ___  
 |_   _| | __| / __| |_   _|   | _ \   /_\   / __| / __| | __| |   \ 
   | |   | _|  \__ \   | |     |  _/  / _ \  \__ \ \__ \ | _|  | |) |
   |_|   |___| |___/   |_|     |_|   /_/ \_\ |___/ |___/ |___| |___/ 

as user i want to register with correct values
----------------------------------------------------------------------
10:46:28.101 [AsyncHttpClient-1-1] DEBUG org.asynchttpclient.netty.channel.DefaultChannelPool - Entry count for : http://localhost:15451 : 1
10:46:28.102 [AsyncHttpClient-1-1] DEBUG org.asynchttpclient.netty.channel.DefaultChannelPool - Entry count for : http://localhost:54576 : 1
10:46:28.131 [Driver Command Executor] DEBUG org.asynchttpclient.netty.request.NettyRequestSender - Using pooled Channel '[id: 0xf42b1137, L:/127.0.0.1:54575 - R:localhost/127.0.0.1:15451]' for 'DELETE' to 'http://localhost:15451/session/b167353f7ae0e100ef1020e17b0cb322'
10:46:28.131 [Driver Command Executor] DEBUG org.asynchttpclient.netty.request.NettyRequestSender - Using open Channel [id: 0xf42b1137, L:/127.0.0.1:54575 - R:localhost/127.0.0.1:15451] for DELETE '/session/b167353f7ae0e100ef1020e17b0cb322'
10:46:28.220 [AsyncHttpClient-1-3] DEBUG org.asynchttpclient.netty.handler.HttpHandler - Unexpected I/O exception on channel [id: 0xd4368415, L:/127.0.0.1:54584 - R:localhost/127.0.0.1:54576]
java.io.IOException: An existing connection was forcibly closed by the remote host
	at sun.nio.ch.SocketDispatcher.read0(Native Method)
	at sun.nio.ch.SocketDispatcher.read(SocketDispatcher.java:43)
	at sun.nio.ch.IOUtil.readIntoNativeBuffer(IOUtil.java:223)
	at sun.nio.ch.IOUtil.read(IOUtil.java:192)
	at sun.nio.ch.SocketChannelImpl.read(SocketChannelImpl.java:380)
	at io.netty.buffer.PooledByteBuf.setBytes(PooledByteBuf.java:259)
	at io.netty.buffer.AbstractByteBuf.writeBytes(AbstractByteBuf.java:1132)
	at io.netty.channel.socket.nio.NioSocketChannel.doReadBytes(NioSocketChannel.java:357)
	at io.netty.channel.nio.AbstractNioByteChannel$NioByteUnsafe.read(AbstractNioByteChannel.java:151)
	at io.netty.channel.nio.NioEventLoop.processSelectedKey(NioEventLoop.java:788)
	at io.netty.channel.nio.NioEventLoop.processSelectedKeysOptimized(NioEventLoop.java:724)
	at io.netty.channel.nio.NioEventLoop.processSelectedKeys(NioEventLoop.java:650)
	at io.netty.channel.nio.NioEventLoop.run(NioEventLoop.java:562)
	at io.netty.util.concurrent.SingleThreadEventExecutor$4.run(SingleThreadEventExecutor.java:997)
	at io.netty.util.internal.ThreadExecutorMap$2.run(ThreadExecutorMap.java:74)
	at io.netty.util.concurrent.FastThreadLocalRunnable.run(FastThreadLocalRunnable.java:30)
	at java.lang.Thread.run(Thread.java:748)
10:46:28.220 [AsyncHttpClient-1-4] DEBUG org.asynchttpclient.netty.handler.WebSocketHandler - Unexpected I/O exception on channel [id: 0xf120cd0d, L:/127.0.0.1:54585 - R:localhost/127.0.0.1:54576]
java.io.IOException: An existing connection was forcibly closed by the remote host
	at sun.nio.ch.SocketDispatcher.read0(Native Method)
	at sun.nio.ch.SocketDispatcher.read(SocketDispatcher.java:43)
	at sun.nio.ch.IOUtil.readIntoNativeBuffer(IOUtil.java:223)
	at sun.nio.ch.IOUtil.read(IOUtil.java:192)
	at sun.nio.ch.SocketChannelImpl.read(SocketChannelImpl.java:380)
	at io.netty.buffer.PooledByteBuf.setBytes(PooledByteBuf.java:259)
	at io.netty.buffer.AbstractByteBuf.writeBytes(AbstractByteBuf.java:1132)
	at io.netty.channel.socket.nio.NioSocketChannel.doReadBytes(NioSocketChannel.java:357)
	at io.netty.channel.nio.AbstractNioByteChannel$NioByteUnsafe.read(AbstractNioByteChannel.java:151)
	at io.netty.channel.nio.NioEventLoop.processSelectedKey(NioEventLoop.java:788)
	at io.netty.channel.nio.NioEventLoop.processSelectedKeysOptimized(NioEventLoop.java:724)
	at io.netty.channel.nio.NioEventLoop.processSelectedKeys(NioEventLoop.java:650)
	at io.netty.channel.nio.NioEventLoop.run(NioEventLoop.java:562)
	at io.netty.util.concurrent.SingleThreadEventExecutor$4.run(SingleThreadEventExecutor.java:997)
	at io.netty.util.internal.ThreadExecutorMap$2.run(ThreadExecutorMap.java:74)
	at io.netty.util.concurrent.FastThreadLocalRunnable.run(FastThreadLocalRunnable.java:30)
	at java.lang.Thread.run(Thread.java:748)
10:46:28.222 [AsyncHttpClient-1-4] DEBUG org.asynchttpclient.netty.handler.WebSocketHandler - Trying to recover from dead Channel: [id: 0xf120cd0d, L:/127.0.0.1:54585 - R:localhost/127.0.0.1:54576]
10:46:28.221 [AsyncHttpClient-1-3] DEBUG org.asynchttpclient.netty.channel.ChannelManager - Closing Channel [id: 0xd4368415, L:/127.0.0.1:54584 - R:localhost/127.0.0.1:54576] 
10:46:28.227 [AsyncHttpClient-1-4] DEBUG org.asynchttpclient.netty.handler.WebSocketHandler - Channel Closed: [id: 0xf120cd0d, L:/127.0.0.1:54585 ! R:localhost/127.0.0.1:54576] with attribute NettyResponseFuture{currentRetry=0,
	isDone=1,
	isCancelled=0,
	asyncHandler=org.asynchttpclient.ws.WebSocketUpgradeHandler@620162be,
	nettyRequest=org.asynchttpclient.netty.request.NettyRequest@604af253,
	future=java.util.concurrent.CompletableFuture@4032bb8e[Completed normally],
	uri=ws://localhost:54576/devtools/browser/ce7a51b4-1d29-4f2c-a1bd-1febed5d0e54,
	keepAlive=true,
	redirectCount=0,
	timeoutsHolder=null,
	inAuth=0,
	touch=1682307988221}
10:46:28.228 [AsyncHttpClient-1-4] DEBUG org.asynchttpclient.netty.channel.ChannelManager - Closing Channel [id: 0xf120cd0d, L:/127.0.0.1:54585 ! R:localhost/127.0.0.1:54576] 
10:46:28.229 [AsyncHttpClient-1-3] DEBUG org.asynchttpclient.netty.handler.HttpHandler - Channel Closed: [id: 0xd4368415, L:/127.0.0.1:54584 ! R:localhost/127.0.0.1:54576] with attribute DISCARD
10:46:28.265 [AsyncHttpClient-1-2] DEBUG org.asynchttpclient.netty.handler.HttpHandler - 

Request DefaultFullHttpRequest(decodeResult: success, version: HTTP/1.1, content: EmptyByteBufBE)
DELETE /session/b167353f7ae0e100ef1020e17b0cb322 HTTP/1.1
User-Agent: selenium/4.8.1 (java windows)
Content-Type: application/json; charset=utf-8
host: localhost:15451
accept: */*

Response DefaultHttpResponse(decodeResult: success, version: HTTP/1.1)
HTTP/1.1 200 OK
Content-Length: 14
Content-Type: application/json; charset=utf-8
cache-control: no-cache

10:46:28.266 [AsyncHttpClient-1-2] DEBUG org.asynchttpclient.netty.channel.ChannelManager - Adding key: http://localhost:15451 for channel [id: 0xf42b1137, L:/127.0.0.1:54575 - R:localhost/127.0.0.1:15451]
10:46:28.396 [AsyncHttpClient-1-2] DEBUG org.asynchttpclient.netty.handler.HttpHandler - Channel Closed: [id: 0xf42b1137, L:/127.0.0.1:54575 ! R:localhost/127.0.0.1:15451] with attribute DISCARD
]]></system-out>
    <system-err><![CDATA[Starting ChromeDriver 112.0.5615.49 (bd2a7bcb881c11e8cfe3078709382934e3916914-refs/branch-heads/5615@{#936}) on port 15451
Only local connections are allowed.
Please see https://chromedriver.chromium.org/security-considerations for suggestions on keeping ChromeDriver safe.
ChromeDriver was started successfully.
Apr 24, 2023 10:46:23 AM org.openqa.selenium.devtools.CdpVersionFinder findNearestMatch
WARNING: Unable to find an exact match for CDP version 112, so returning the closest version found: 110
]]></system-err>
  </testcase>
  <testcase name="as user i want to register with using existing email" classname="As a user i have be able to success register so that i can see login page" time="5.493">
    <system-out><![CDATA[
@TestCaseMPAAAC-4
Scenario: as user i want to register with using existing email &amp#27;[90m# src/test/resources/features/Register.feature:13&amp#27;[0m
10:46:28.937 [main] DEBUG io.cucumber.core.plugin.SerenityReporter - Running feature from file:///D:/D/QE_Alta/MiniProject/Web/Register-Web-Altashop/src/test/resources/features/Register.feature
10:46:28.942 [main] INFO  - 
  _____   ___   ___   _____     ___   _____     _     ___   _____   ___   ___  
 |_   _| | __| / __| |_   _|   / __| |_   _|   /_\   | _ \ |_   _| | __| |   \ 
   | |   | _|  \__ \   | |     \__ \   | |    / _ \  |   /   | |   | _|  | |) |
   |_|   |___| |___/   |_|     |___/   |_|   /_/ \_\ |_|_\   |_|   |___| |___/ 

as user i want to register with using existing email(as-a-user-i-have-be-able-to-success-register-so-that-i-can-see-login-page;as-user-i-want-to-register-with-using-existing-email)
--------------------------------------------------------------------------------
10:46:29.199 [main] INFO net.serenitybdd.core.webdriver.driverproviders.ChromeDriverProvider - Starting Chrome driver instance with capabilities:
10:46:29.200 [main] INFO net.serenitybdd.core.webdriver.driverproviders.ChromeDriverProvider - Capabilities {acceptInsecureCerts: true, browserName: chrome, goog:chromeOptions: {args: [remote-allow-origins=*, test-type, no-sandbox, ignore-certificate-errors, start-maximized, incognito, disable-infobars, disable-gpu, disable-default-apps, disable-popup-blocking, remote-allow-origins=*, test-type, no-sandbox, ignore-certificate-errors, start-maximized, incognito, disable-infobars, disable-gpu, disable-default-apps, disable-popup-blocking, remote-allow-origins=*], extensions: []}}
10:46:29.203 [AsyncHttpClient-1-1] DEBUG org.asynchttpclient.netty.channel.DefaultChannelPool - Entry count for : http://localhost:15451 : 1
10:46:29.203 [AsyncHttpClient-1-1] DEBUG org.asynchttpclient.netty.channel.DefaultChannelPool - Entry count for : http://localhost:54576 : 1
10:46:29.203 [AsyncHttpClient-1-1] DEBUG org.asynchttpclient.netty.channel.DefaultChannelPool - Adding Candidate expired Channel [id: 0xf42b1137, L:/127.0.0.1:54575 ! R:localhost/127.0.0.1:15451] isIdleTimeoutExpired=false isRemotelyClosed=true isTtlExpired=false
10:46:29.203 [AsyncHttpClient-1-1] DEBUG org.asynchttpclient.netty.channel.DefaultChannelPool - Closing Idle Channel [id: 0xf42b1137, L:/127.0.0.1:54575 ! R:localhost/127.0.0.1:15451]
10:46:29.203 [AsyncHttpClient-1-1] DEBUG org.asynchttpclient.netty.channel.DefaultChannelPool - Adding Candidate expired Channel [id: 0xd4368415, L:/127.0.0.1:54584 ! R:localhost/127.0.0.1:54576] isIdleTimeoutExpired=false isRemotelyClosed=true isTtlExpired=false
10:46:29.203 [AsyncHttpClient-1-1] DEBUG org.asynchttpclient.netty.channel.DefaultChannelPool - Closing Idle Channel [id: 0xd4368415, L:/127.0.0.1:54584 ! R:localhost/127.0.0.1:54576]
10:46:29.203 [AsyncHttpClient-1-1] DEBUG org.asynchttpclient.netty.channel.DefaultChannelPool - Closed 2 connections out of 2 in 0 ms
10:46:29.802 [AsyncHttpClient-1-5] DEBUG org.asynchttpclient.netty.channel.NettyConnectListener - Using new Channel '[id: 0x25a4e143, L:/127.0.0.1:54603 - R:localhost/127.0.0.1:21066]' for 'POST' to '/session'
10:46:30.821 [AsyncHttpClient-1-5] DEBUG org.asynchttpclient.netty.handler.HttpHandler - 

Request DefaultHttpRequest(decodeResult: success, version: HTTP/1.1)
POST /session HTTP/1.1
User-Agent: selenium/4.8.1 (java windows)
Content-Length: 1701
Content-Type: application/json; charset=utf-8
host: localhost:21066
accept: */*

Response DefaultHttpResponse(decodeResult: success, version: HTTP/1.1)
HTTP/1.1 200 OK
Content-Length: 861
Content-Type: application/json; charset=utf-8
cache-control: no-cache

10:46:30.821 [AsyncHttpClient-1-5] DEBUG org.asynchttpclient.netty.channel.ChannelManager - Adding key: http://localhost:21066 for channel [id: 0x25a4e143, L:/127.0.0.1:54603 - R:localhost/127.0.0.1:21066]
10:46:30.898 [AsyncHttpClient-1-6] DEBUG org.asynchttpclient.netty.channel.NettyConnectListener - Using new Channel '[id: 0x2c512e92, L:/127.0.0.1:54610 - R:localhost/127.0.0.1:54605]' for 'GET' to '/json/version'
10:46:30.900 [AsyncHttpClient-1-6] DEBUG org.asynchttpclient.netty.handler.HttpHandler - 

Request DefaultFullHttpRequest(decodeResult: success, version: HTTP/1.1, content: EmptyByteBufBE)
GET /json/version HTTP/1.1
User-Agent: selenium/4.8.1 (java windows)
host: localhost:54605
accept: */*

Response DefaultHttpResponse(decodeResult: success, version: HTTP/1.1)
HTTP/1.1 200 OK
Content-Security-Policy: frame-ancestors 'none'
Content-Length: 422
Content-Type: application/json; charset=UTF-8

10:46:30.900 [AsyncHttpClient-1-6] DEBUG org.asynchttpclient.netty.channel.ChannelManager - Adding key: http://localhost:54605 for channel [id: 0x2c512e92, L:/127.0.0.1:54610 - R:localhost/127.0.0.1:54605]
10:46:30.907 [AsyncHttpClient-1-7] DEBUG org.asynchttpclient.netty.channel.NettyConnectListener - Using new Channel '[id: 0x77c81874, L:/127.0.0.1:54611 - R:localhost/127.0.0.1:54605]' for 'GET' to '/devtools/browser/f6fe3d77-2544-4493-ac0e-d5b529d02a06'
10:46:30.910 [AsyncHttpClient-1-7] DEBUG org.asynchttpclient.netty.handler.WebSocketHandler - 

Request DefaultFullHttpRequest(decodeResult: success, version: HTTP/1.1, content: EmptyByteBufBE)
GET /devtools/browser/f6fe3d77-2544-4493-ac0e-d5b529d02a06 HTTP/1.1
upgrade: websocket
connection: upgrade
sec-websocket-key: /OCZ8m5QkTCva9ky0AxyxA==
sec-websocket-version: 13
origin: http://localhost:54605
host: localhost:54605
accept: */*
user-agent: AHC/2.1

Response DefaultHttpResponse(decodeResult: success, version: HTTP/1.1)
HTTP/1.1 101 WebSocket Protocol Handshake
Upgrade: WebSocket
Connection: Upgrade
Sec-WebSocket-Accept: UiiQGr1VFoc3kylAni4EofihGko=

10:46:30.917 [Forwarding get on session 5bd6558266762b59aa75edf8ad98d5de to remote] DEBUG org.asynchttpclient.netty.request.NettyRequestSender - Using pooled Channel '[id: 0x25a4e143, L:/127.0.0.1:54603 - R:localhost/127.0.0.1:21066]' for 'POST' to 'http://localhost:21066/session/5bd6558266762b59aa75edf8ad98d5de/url'
10:46:30.917 [Forwarding get on session 5bd6558266762b59aa75edf8ad98d5de to remote] DEBUG org.asynchttpclient.netty.request.NettyRequestSender - Using open Channel [id: 0x25a4e143, L:/127.0.0.1:54603 - R:localhost/127.0.0.1:21066] for POST '/session/5bd6558266762b59aa75edf8ad98d5de/url'
10:46:31.411 [AsyncHttpClient-1-1] DEBUG org.asynchttpclient.netty.channel.DefaultChannelPool - Entry count for : http://localhost:54605 : 1
10:46:31.809 [AsyncHttpClient-1-5] DEBUG org.asynchttpclient.netty.handler.HttpHandler - 

Request DefaultHttpRequest(decodeResult: success, version: HTTP/1.1)
POST /session/5bd6558266762b59aa75edf8ad98d5de/url HTTP/1.1
User-Agent: selenium/4.8.1 (java windows)
Content-Length: 77
Content-Type: application/json; charset=utf-8
host: localhost:21066
accept: */*

Response DefaultHttpResponse(decodeResult: success, version: HTTP/1.1)
HTTP/1.1 200 OK
Content-Length: 14
Content-Type: application/json; charset=utf-8
cache-control: no-cache

10:46:31.810 [AsyncHttpClient-1-5] DEBUG org.asynchttpclient.netty.channel.ChannelManager - Adding key: http://localhost:21066 for channel [id: 0x25a4e143, L:/127.0.0.1:54603 - R:localhost/127.0.0.1:21066]
10:46:31.814 [Forwarding setTimeout on session 5bd6558266762b59aa75edf8ad98d5de to remote] DEBUG org.asynchttpclient.netty.request.NettyRequestSender - Using pooled Channel '[id: 0x25a4e143, L:/127.0.0.1:54603 - R:localhost/127.0.0.1:21066]' for 'POST' to 'http://localhost:21066/session/5bd6558266762b59aa75edf8ad98d5de/timeouts'
10:46:31.814 [Forwarding setTimeout on session 5bd6558266762b59aa75edf8ad98d5de to remote] DEBUG org.asynchttpclient.netty.request.NettyRequestSender - Using open Channel [id: 0x25a4e143, L:/127.0.0.1:54603 - R:localhost/127.0.0.1:21066] for POST '/session/5bd6558266762b59aa75edf8ad98d5de/timeouts'
10:46:31.816 [AsyncHttpClient-1-5] DEBUG org.asynchttpclient.netty.handler.HttpHandler - 

Request DefaultHttpRequest(decodeResult: success, version: HTTP/1.1)
POST /session/5bd6558266762b59aa75edf8ad98d5de/timeouts HTTP/1.1
User-Agent: selenium/4.8.1 (java windows)
Content-Length: 22
Content-Type: application/json; charset=utf-8
host: localhost:21066
accept: */*

Response DefaultHttpResponse(decodeResult: success, version: HTTP/1.1)
HTTP/1.1 200 OK
Content-Length: 14
Content-Type: application/json; charset=utf-8
cache-control: no-cache

10:46:31.817 [AsyncHttpClient-1-5] DEBUG org.asynchttpclient.netty.channel.ChannelManager - Adding key: http://localhost:21066 for channel [id: 0x25a4e143, L:/127.0.0.1:54603 - R:localhost/127.0.0.1:21066]
10:46:31.830 [Forwarding findElement on session 5bd6558266762b59aa75edf8ad98d5de to remote] DEBUG org.asynchttpclient.netty.request.NettyRequestSender - Using pooled Channel '[id: 0x25a4e143, L:/127.0.0.1:54603 - R:localhost/127.0.0.1:21066]' for 'POST' to 'http://localhost:21066/session/5bd6558266762b59aa75edf8ad98d5de/element'
10:46:31.830 [Forwarding findElement on session 5bd6558266762b59aa75edf8ad98d5de to remote] DEBUG org.asynchttpclient.netty.request.NettyRequestSender - Using open Channel [id: 0x25a4e143, L:/127.0.0.1:54603 - R:localhost/127.0.0.1:21066] for POST '/session/5bd6558266762b59aa75edf8ad98d5de/element'
10:46:31.852 [AsyncHttpClient-1-5] DEBUG org.asynchttpclient.netty.handler.HttpHandler - 

Request DefaultHttpRequest(decodeResult: success, version: HTTP/1.1)
POST /session/5bd6558266762b59aa75edf8ad98d5de/element HTTP/1.1
User-Agent: selenium/4.8.1 (java windows)
Content-Length: 72
Content-Type: application/json; charset=utf-8
host: localhost:21066
accept: */*

Response DefaultHttpResponse(decodeResult: success, version: HTTP/1.1)
HTTP/1.1 200 OK
Content-Length: 88
Content-Type: application/json; charset=utf-8
cache-control: no-cache

10:46:31.853 [AsyncHttpClient-1-5] DEBUG org.asynchttpclient.netty.channel.ChannelManager - Adding key: http://localhost:21066 for channel [id: 0x25a4e143, L:/127.0.0.1:54603 - R:localhost/127.0.0.1:21066]
10:46:31.860 [Forwarding isElementDisplayed on session 5bd6558266762b59aa75edf8ad98d5de to remote] DEBUG org.asynchttpclient.netty.request.NettyRequestSender - Using pooled Channel '[id: 0x25a4e143, L:/127.0.0.1:54603 - R:localhost/127.0.0.1:21066]' for 'POST' to 'http://localhost:21066/session/5bd6558266762b59aa75edf8ad98d5de/execute/sync'
10:46:31.860 [Forwarding isElementDisplayed on session 5bd6558266762b59aa75edf8ad98d5de to remote] DEBUG org.asynchttpclient.netty.request.NettyRequestSender - Using open Channel [id: 0x25a4e143, L:/127.0.0.1:54603 - R:localhost/127.0.0.1:21066] for POST '/session/5bd6558266762b59aa75edf8ad98d5de/execute/sync'
10:46:31.883 [AsyncHttpClient-1-5] DEBUG org.asynchttpclient.netty.handler.HttpHandler - 

Request DefaultHttpRequest(decodeResult: success, version: HTTP/1.1)
POST /session/5bd6558266762b59aa75edf8ad98d5de/execute/sync HTTP/1.1
User-Agent: selenium/4.8.1 (java windows)
Content-Length: 48807
Content-Type: application/json; charset=utf-8
host: localhost:21066
accept: */*

Response DefaultHttpResponse(decodeResult: success, version: HTTP/1.1)
HTTP/1.1 200 OK
Content-Length: 14
Content-Type: application/json; charset=utf-8
cache-control: no-cache

10:46:31.884 [AsyncHttpClient-1-5] DEBUG org.asynchttpclient.netty.channel.ChannelManager - Adding key: http://localhost:21066 for channel [id: 0x25a4e143, L:/127.0.0.1:54603 - R:localhost/127.0.0.1:21066]
10:46:31.889 [Forwarding isElementDisplayed on session 5bd6558266762b59aa75edf8ad98d5de to remote] DEBUG org.asynchttpclient.netty.request.NettyRequestSender - Using pooled Channel '[id: 0x25a4e143, L:/127.0.0.1:54603 - R:localhost/127.0.0.1:21066]' for 'POST' to 'http://localhost:21066/session/5bd6558266762b59aa75edf8ad98d5de/execute/sync'
10:46:31.889 [Forwarding isElementDisplayed on session 5bd6558266762b59aa75edf8ad98d5de to remote] DEBUG org.asynchttpclient.netty.request.NettyRequestSender - Using open Channel [id: 0x25a4e143, L:/127.0.0.1:54603 - R:localhost/127.0.0.1:21066] for POST '/session/5bd6558266762b59aa75edf8ad98d5de/execute/sync'
10:46:31.911 [AsyncHttpClient-1-5] DEBUG org.asynchttpclient.netty.handler.HttpHandler - 

Request DefaultHttpRequest(decodeResult: success, version: HTTP/1.1)
POST /session/5bd6558266762b59aa75edf8ad98d5de/execute/sync HTTP/1.1
User-Agent: selenium/4.8.1 (java windows)
Content-Length: 48807
Content-Type: application/json; charset=utf-8
host: localhost:21066
accept: */*

Response DefaultHttpResponse(decodeResult: success, version: HTTP/1.1)
HTTP/1.1 200 OK
Content-Length: 14
Content-Type: application/json; charset=utf-8
cache-control: no-cache

10:46:31.911 [AsyncHttpClient-1-5] DEBUG org.asynchttpclient.netty.channel.ChannelManager - Adding key: http://localhost:21066 for channel [id: 0x25a4e143, L:/127.0.0.1:54603 - R:localhost/127.0.0.1:21066]
  &amp#27;[32mGiven &amp#27;[0m&amp#27;[32muser on register page&amp#27;[0m                                  &amp#27;[90m# starter.stepdefinitions.RegisterSteps.userOnRegisterPage()&amp#27;[0m
10:46:31.932 [Forwarding findElement on session 5bd6558266762b59aa75edf8ad98d5de to remote] DEBUG org.asynchttpclient.netty.request.NettyRequestSender - Using pooled Channel '[id: 0x25a4e143, L:/127.0.0.1:54603 - R:localhost/127.0.0.1:21066]' for 'POST' to 'http://localhost:21066/session/5bd6558266762b59aa75edf8ad98d5de/element'
10:46:31.932 [Forwarding findElement on session 5bd6558266762b59aa75edf8ad98d5de to remote] DEBUG org.asynchttpclient.netty.request.NettyRequestSender - Using open Channel [id: 0x25a4e143, L:/127.0.0.1:54603 - R:localhost/127.0.0.1:21066] for POST '/session/5bd6558266762b59aa75edf8ad98d5de/element'
10:46:31.955 [AsyncHttpClient-1-5] DEBUG org.asynchttpclient.netty.handler.HttpHandler - 

Request DefaultHttpRequest(decodeResult: success, version: HTTP/1.1)
POST /session/5bd6558266762b59aa75edf8ad98d5de/element HTTP/1.1
User-Agent: selenium/4.8.1 (java windows)
Content-Length: 55
Content-Type: application/json; charset=utf-8
host: localhost:21066
accept: */*

Response DefaultHttpResponse(decodeResult: success, version: HTTP/1.1)
HTTP/1.1 200 OK
Content-Length: 88
Content-Type: application/json; charset=utf-8
cache-control: no-cache

10:46:31.955 [AsyncHttpClient-1-5] DEBUG org.asynchttpclient.netty.channel.ChannelManager - Adding key: http://localhost:21066 for channel [id: 0x25a4e143, L:/127.0.0.1:54603 - R:localhost/127.0.0.1:21066]
10:46:31.959 [Forwarding clearElement on session 5bd6558266762b59aa75edf8ad98d5de to remote] DEBUG org.asynchttpclient.netty.request.NettyRequestSender - Using pooled Channel '[id: 0x25a4e143, L:/127.0.0.1:54603 - R:localhost/127.0.0.1:21066]' for 'POST' to 'http://localhost:21066/session/5bd6558266762b59aa75edf8ad98d5de/element/c1819b28-31d8-41fb-89a7-4cae8edd980f/clear'
10:46:31.959 [Forwarding clearElement on session 5bd6558266762b59aa75edf8ad98d5de to remote] DEBUG org.asynchttpclient.netty.request.NettyRequestSender - Using open Channel [id: 0x25a4e143, L:/127.0.0.1:54603 - R:localhost/127.0.0.1:21066] for POST '/session/5bd6558266762b59aa75edf8ad98d5de/element/c1819b28-31d8-41fb-89a7-4cae8edd980f/clear'
10:46:32.022 [AsyncHttpClient-1-5] DEBUG org.asynchttpclient.netty.handler.HttpHandler - 

Request DefaultHttpRequest(decodeResult: success, version: HTTP/1.1)
POST /session/5bd6558266762b59aa75edf8ad98d5de/element/c1819b28-31d8-41fb-89a7-4cae8edd980f/clear HTTP/1.1
User-Agent: selenium/4.8.1 (java windows)
Content-Length: 50
Content-Type: application/json; charset=utf-8
host: localhost:21066
accept: */*

Response DefaultHttpResponse(decodeResult: success, version: HTTP/1.1)
HTTP/1.1 200 OK
Content-Length: 14
Content-Type: application/json; charset=utf-8
cache-control: no-cache

10:46:32.022 [AsyncHttpClient-1-5] DEBUG org.asynchttpclient.netty.channel.ChannelManager - Adding key: http://localhost:21066 for channel [id: 0x25a4e143, L:/127.0.0.1:54603 - R:localhost/127.0.0.1:21066]
10:46:32.028 [Forwarding sendKeysToElement on session 5bd6558266762b59aa75edf8ad98d5de to remote] DEBUG org.asynchttpclient.netty.request.NettyRequestSender - Using pooled Channel '[id: 0x25a4e143, L:/127.0.0.1:54603 - R:localhost/127.0.0.1:21066]' for 'POST' to 'http://localhost:21066/session/5bd6558266762b59aa75edf8ad98d5de/element/c1819b28-31d8-41fb-89a7-4cae8edd980f/value'
10:46:32.028 [Forwarding sendKeysToElement on session 5bd6558266762b59aa75edf8ad98d5de to remote] DEBUG org.asynchttpclient.netty.request.NettyRequestSender - Using open Channel [id: 0x25a4e143, L:/127.0.0.1:54603 - R:localhost/127.0.0.1:21066] for POST '/session/5bd6558266762b59aa75edf8ad98d5de/element/c1819b28-31d8-41fb-89a7-4cae8edd980f/value'
10:46:32.305 [AsyncHttpClient-1-5] DEBUG org.asynchttpclient.netty.handler.HttpHandler - 

Request DefaultHttpRequest(decodeResult: success, version: HTTP/1.1)
POST /session/5bd6558266762b59aa75edf8ad98d5de/element/c1819b28-31d8-41fb-89a7-4cae8edd980f/value HTTP/1.1
User-Agent: selenium/4.8.1 (java windows)
Content-Length: 271
Content-Type: application/json; charset=utf-8
host: localhost:21066
accept: */*

Response DefaultHttpResponse(decodeResult: success, version: HTTP/1.1)
HTTP/1.1 200 OK
Content-Length: 14
Content-Type: application/json; charset=utf-8
cache-control: no-cache

10:46:32.305 [AsyncHttpClient-1-5] DEBUG org.asynchttpclient.netty.channel.ChannelManager - Adding key: http://localhost:21066 for channel [id: 0x25a4e143, L:/127.0.0.1:54603 - R:localhost/127.0.0.1:21066]
  &amp#27;[32mWhen &amp#27;[0m&amp#27;[32muser input valid complete name&amp#27;[0m                          &amp#27;[90m# starter.stepdefinitions.RegisterSteps.userInputValidCompleteName()&amp#27;[0m
10:46:32.328 [Forwarding findElement on session 5bd6558266762b59aa75edf8ad98d5de to remote] DEBUG org.asynchttpclient.netty.request.NettyRequestSender - Using pooled Channel '[id: 0x25a4e143, L:/127.0.0.1:54603 - R:localhost/127.0.0.1:21066]' for 'POST' to 'http://localhost:21066/session/5bd6558266762b59aa75edf8ad98d5de/element'
10:46:32.328 [Forwarding findElement on session 5bd6558266762b59aa75edf8ad98d5de to remote] DEBUG org.asynchttpclient.netty.request.NettyRequestSender - Using open Channel [id: 0x25a4e143, L:/127.0.0.1:54603 - R:localhost/127.0.0.1:21066] for POST '/session/5bd6558266762b59aa75edf8ad98d5de/element'
10:46:32.354 [AsyncHttpClient-1-5] DEBUG org.asynchttpclient.netty.handler.HttpHandler - 

Request DefaultHttpRequest(decodeResult: success, version: HTTP/1.1)
POST /session/5bd6558266762b59aa75edf8ad98d5de/element HTTP/1.1
User-Agent: selenium/4.8.1 (java windows)
Content-Length: 55
Content-Type: application/json; charset=utf-8
host: localhost:21066
accept: */*

Response DefaultHttpResponse(decodeResult: success, version: HTTP/1.1)
HTTP/1.1 200 OK
Content-Length: 88
Content-Type: application/json; charset=utf-8
cache-control: no-cache

10:46:32.354 [AsyncHttpClient-1-5] DEBUG org.asynchttpclient.netty.channel.ChannelManager - Adding key: http://localhost:21066 for channel [id: 0x25a4e143, L:/127.0.0.1:54603 - R:localhost/127.0.0.1:21066]
10:46:32.358 [Forwarding clearElement on session 5bd6558266762b59aa75edf8ad98d5de to remote] DEBUG org.asynchttpclient.netty.request.NettyRequestSender - Using pooled Channel '[id: 0x25a4e143, L:/127.0.0.1:54603 - R:localhost/127.0.0.1:21066]' for 'POST' to 'http://localhost:21066/session/5bd6558266762b59aa75edf8ad98d5de/element/e190bcbc-7e74-4e37-b45c-07c31c600cfe/clear'
10:46:32.359 [Forwarding clearElement on session 5bd6558266762b59aa75edf8ad98d5de to remote] DEBUG org.asynchttpclient.netty.request.NettyRequestSender - Using open Channel [id: 0x25a4e143, L:/127.0.0.1:54603 - R:localhost/127.0.0.1:21066] for POST '/session/5bd6558266762b59aa75edf8ad98d5de/element/e190bcbc-7e74-4e37-b45c-07c31c600cfe/clear'
10:46:32.434 [AsyncHttpClient-1-5] DEBUG org.asynchttpclient.netty.handler.HttpHandler - 

Request DefaultHttpRequest(decodeResult: success, version: HTTP/1.1)
POST /session/5bd6558266762b59aa75edf8ad98d5de/element/e190bcbc-7e74-4e37-b45c-07c31c600cfe/clear HTTP/1.1
User-Agent: selenium/4.8.1 (java windows)
Content-Length: 50
Content-Type: application/json; charset=utf-8
host: localhost:21066
accept: */*

Response DefaultHttpResponse(decodeResult: success, version: HTTP/1.1)
HTTP/1.1 200 OK
Content-Length: 14
Content-Type: application/json; charset=utf-8
cache-control: no-cache

10:46:32.435 [AsyncHttpClient-1-5] DEBUG org.asynchttpclient.netty.channel.ChannelManager - Adding key: http://localhost:21066 for channel [id: 0x25a4e143, L:/127.0.0.1:54603 - R:localhost/127.0.0.1:21066]
10:46:32.442 [Forwarding sendKeysToElement on session 5bd6558266762b59aa75edf8ad98d5de to remote] DEBUG org.asynchttpclient.netty.request.NettyRequestSender - Using pooled Channel '[id: 0x25a4e143, L:/127.0.0.1:54603 - R:localhost/127.0.0.1:21066]' for 'POST' to 'http://localhost:21066/session/5bd6558266762b59aa75edf8ad98d5de/element/e190bcbc-7e74-4e37-b45c-07c31c600cfe/value'
10:46:32.442 [Forwarding sendKeysToElement on session 5bd6558266762b59aa75edf8ad98d5de to remote] DEBUG org.asynchttpclient.netty.request.NettyRequestSender - Using open Channel [id: 0x25a4e143, L:/127.0.0.1:54603 - R:localhost/127.0.0.1:21066] for POST '/session/5bd6558266762b59aa75edf8ad98d5de/element/e190bcbc-7e74-4e37-b45c-07c31c600cfe/value'
10:46:32.520 [AsyncHttpClient-1-1] DEBUG org.asynchttpclient.netty.channel.DefaultChannelPool - Entry count for : http://localhost:54605 : 1
10:46:32.736 [AsyncHttpClient-1-5] DEBUG org.asynchttpclient.netty.handler.HttpHandler - 

Request DefaultHttpRequest(decodeResult: success, version: HTTP/1.1)
POST /session/5bd6558266762b59aa75edf8ad98d5de/element/e190bcbc-7e74-4e37-b45c-07c31c600cfe/value HTTP/1.1
User-Agent: selenium/4.8.1 (java windows)
Content-Length: 281
Content-Type: application/json; charset=utf-8
host: localhost:21066
accept: */*

Response DefaultHttpResponse(decodeResult: success, version: HTTP/1.1)
HTTP/1.1 200 OK
Content-Length: 14
Content-Type: application/json; charset=utf-8
cache-control: no-cache

10:46:32.736 [AsyncHttpClient-1-5] DEBUG org.asynchttpclient.netty.channel.ChannelManager - Adding key: http://localhost:21066 for channel [id: 0x25a4e143, L:/127.0.0.1:54603 - R:localhost/127.0.0.1:21066]
  &amp#27;[32mAnd &amp#27;[0m&amp#27;[32muser input existing email&amp#27;[0m                                &amp#27;[90m# starter.stepdefinitions.RegisterSteps.userInputExistingEmail()&amp#27;[0m
10:46:32.755 [Forwarding findElement on session 5bd6558266762b59aa75edf8ad98d5de to remote] DEBUG org.asynchttpclient.netty.request.NettyRequestSender - Using pooled Channel '[id: 0x25a4e143, L:/127.0.0.1:54603 - R:localhost/127.0.0.1:21066]' for 'POST' to 'http://localhost:21066/session/5bd6558266762b59aa75edf8ad98d5de/element'
10:46:32.755 [Forwarding findElement on session 5bd6558266762b59aa75edf8ad98d5de to remote] DEBUG org.asynchttpclient.netty.request.NettyRequestSender - Using open Channel [id: 0x25a4e143, L:/127.0.0.1:54603 - R:localhost/127.0.0.1:21066] for POST '/session/5bd6558266762b59aa75edf8ad98d5de/element'
10:46:32.780 [AsyncHttpClient-1-5] DEBUG org.asynchttpclient.netty.handler.HttpHandler - 

Request DefaultHttpRequest(decodeResult: success, version: HTTP/1.1)
POST /session/5bd6558266762b59aa75edf8ad98d5de/element HTTP/1.1
User-Agent: selenium/4.8.1 (java windows)
Content-Length: 55
Content-Type: application/json; charset=utf-8
host: localhost:21066
accept: */*

Response DefaultHttpResponse(decodeResult: success, version: HTTP/1.1)
HTTP/1.1 200 OK
Content-Length: 88
Content-Type: application/json; charset=utf-8
cache-control: no-cache

10:46:32.781 [AsyncHttpClient-1-5] DEBUG org.asynchttpclient.netty.channel.ChannelManager - Adding key: http://localhost:21066 for channel [id: 0x25a4e143, L:/127.0.0.1:54603 - R:localhost/127.0.0.1:21066]
10:46:32.783 [Forwarding clearElement on session 5bd6558266762b59aa75edf8ad98d5de to remote] DEBUG org.asynchttpclient.netty.request.NettyRequestSender - Using pooled Channel '[id: 0x25a4e143, L:/127.0.0.1:54603 - R:localhost/127.0.0.1:21066]' for 'POST' to 'http://localhost:21066/session/5bd6558266762b59aa75edf8ad98d5de/element/99ec97b9-1c0d-44b9-933e-0091f734ebe1/clear'
10:46:32.783 [Forwarding clearElement on session 5bd6558266762b59aa75edf8ad98d5de to remote] DEBUG org.asynchttpclient.netty.request.NettyRequestSender - Using open Channel [id: 0x25a4e143, L:/127.0.0.1:54603 - R:localhost/127.0.0.1:21066] for POST '/session/5bd6558266762b59aa75edf8ad98d5de/element/99ec97b9-1c0d-44b9-933e-0091f734ebe1/clear'
10:46:32.847 [AsyncHttpClient-1-5] DEBUG org.asynchttpclient.netty.handler.HttpHandler - 

Request DefaultHttpRequest(decodeResult: success, version: HTTP/1.1)
POST /session/5bd6558266762b59aa75edf8ad98d5de/element/99ec97b9-1c0d-44b9-933e-0091f734ebe1/clear HTTP/1.1
User-Agent: selenium/4.8.1 (java windows)
Content-Length: 50
Content-Type: application/json; charset=utf-8
host: localhost:21066
accept: */*

Response DefaultHttpResponse(decodeResult: success, version: HTTP/1.1)
HTTP/1.1 200 OK
Content-Length: 14
Content-Type: application/json; charset=utf-8
cache-control: no-cache

10:46:32.847 [AsyncHttpClient-1-5] DEBUG org.asynchttpclient.netty.channel.ChannelManager - Adding key: http://localhost:21066 for channel [id: 0x25a4e143, L:/127.0.0.1:54603 - R:localhost/127.0.0.1:21066]
10:46:32.851 [Forwarding sendKeysToElement on session 5bd6558266762b59aa75edf8ad98d5de to remote] DEBUG org.asynchttpclient.netty.request.NettyRequestSender - Using pooled Channel '[id: 0x25a4e143, L:/127.0.0.1:54603 - R:localhost/127.0.0.1:21066]' for 'POST' to 'http://localhost:21066/session/5bd6558266762b59aa75edf8ad98d5de/element/99ec97b9-1c0d-44b9-933e-0091f734ebe1/value'
10:46:32.851 [Forwarding sendKeysToElement on session 5bd6558266762b59aa75edf8ad98d5de to remote] DEBUG org.asynchttpclient.netty.request.NettyRequestSender - Using open Channel [id: 0x25a4e143, L:/127.0.0.1:54603 - R:localhost/127.0.0.1:21066] for POST '/session/5bd6558266762b59aa75edf8ad98d5de/element/99ec97b9-1c0d-44b9-933e-0091f734ebe1/value'
10:46:32.956 [AsyncHttpClient-1-5] DEBUG org.asynchttpclient.netty.handler.HttpHandler - 

Request DefaultHttpRequest(decodeResult: success, version: HTTP/1.1)
POST /session/5bd6558266762b59aa75edf8ad98d5de/element/99ec97b9-1c0d-44b9-933e-0091f734ebe1/value HTTP/1.1
User-Agent: selenium/4.8.1 (java windows)
Content-Length: 141
Content-Type: application/json; charset=utf-8
host: localhost:21066
accept: */*

Response DefaultHttpResponse(decodeResult: success, version: HTTP/1.1)
HTTP/1.1 200 OK
Content-Length: 14
Content-Type: application/json; charset=utf-8
cache-control: no-cache

10:46:32.956 [AsyncHttpClient-1-5] DEBUG org.asynchttpclient.netty.channel.ChannelManager - Adding key: http://localhost:21066 for channel [id: 0x25a4e143, L:/127.0.0.1:54603 - R:localhost/127.0.0.1:21066]
  &amp#27;[32mAnd &amp#27;[0m&amp#27;[32muser input valid password&amp#27;[0m                                &amp#27;[90m# starter.stepdefinitions.RegisterSteps.userInputValidPassword()&amp#27;[0m
10:46:32.979 [Forwarding findElement on session 5bd6558266762b59aa75edf8ad98d5de to remote] DEBUG org.asynchttpclient.netty.request.NettyRequestSender - Using pooled Channel '[id: 0x25a4e143, L:/127.0.0.1:54603 - R:localhost/127.0.0.1:21066]' for 'POST' to 'http://localhost:21066/session/5bd6558266762b59aa75edf8ad98d5de/element'
10:46:32.980 [Forwarding findElement on session 5bd6558266762b59aa75edf8ad98d5de to remote] DEBUG org.asynchttpclient.netty.request.NettyRequestSender - Using open Channel [id: 0x25a4e143, L:/127.0.0.1:54603 - R:localhost/127.0.0.1:21066] for POST '/session/5bd6558266762b59aa75edf8ad98d5de/element'
10:46:32.990 [AsyncHttpClient-1-5] DEBUG org.asynchttpclient.netty.handler.HttpHandler - 

Request DefaultHttpRequest(decodeResult: success, version: HTTP/1.1)
POST /session/5bd6558266762b59aa75edf8ad98d5de/element HTTP/1.1
User-Agent: selenium/4.8.1 (java windows)
Content-Length: 72
Content-Type: application/json; charset=utf-8
host: localhost:21066
accept: */*

Response DefaultHttpResponse(decodeResult: success, version: HTTP/1.1)
HTTP/1.1 200 OK
Content-Length: 88
Content-Type: application/json; charset=utf-8
cache-control: no-cache

10:46:32.991 [AsyncHttpClient-1-5] DEBUG org.asynchttpclient.netty.channel.ChannelManager - Adding key: http://localhost:21066 for channel [id: 0x25a4e143, L:/127.0.0.1:54603 - R:localhost/127.0.0.1:21066]
10:46:32.994 [Forwarding getElementTagName on session 5bd6558266762b59aa75edf8ad98d5de to remote] DEBUG org.asynchttpclient.netty.request.NettyRequestSender - Using pooled Channel '[id: 0x25a4e143, L:/127.0.0.1:54603 - R:localhost/127.0.0.1:21066]' for 'GET' to 'http://localhost:21066/session/5bd6558266762b59aa75edf8ad98d5de/element/f16c8e04-ba04-419c-b404-5e90b55b94b5/name'
10:46:32.995 [Forwarding getElementTagName on session 5bd6558266762b59aa75edf8ad98d5de to remote] DEBUG org.asynchttpclient.netty.request.NettyRequestSender - Using open Channel [id: 0x25a4e143, L:/127.0.0.1:54603 - R:localhost/127.0.0.1:21066] for GET '/session/5bd6558266762b59aa75edf8ad98d5de/element/f16c8e04-ba04-419c-b404-5e90b55b94b5/name'
10:46:33.001 [AsyncHttpClient-1-5] DEBUG org.asynchttpclient.netty.handler.HttpHandler - 

Request DefaultFullHttpRequest(decodeResult: success, version: HTTP/1.1, content: EmptyByteBufBE)
GET /session/5bd6558266762b59aa75edf8ad98d5de/element/f16c8e04-ba04-419c-b404-5e90b55b94b5/name HTTP/1.1
User-Agent: selenium/4.8.1 (java windows)
Cache-Control: no-cache
Content-Type: application/json; charset=utf-8
host: localhost:21066
accept: */*

Response DefaultHttpResponse(decodeResult: success, version: HTTP/1.1)
HTTP/1.1 200 OK
Content-Length: 16
Content-Type: application/json; charset=utf-8
cache-control: no-cache

10:46:33.002 [AsyncHttpClient-1-5] DEBUG org.asynchttpclient.netty.channel.ChannelManager - Adding key: http://localhost:21066 for channel [id: 0x25a4e143, L:/127.0.0.1:54603 - R:localhost/127.0.0.1:21066]
10:46:33.004 [Forwarding getElementTagName on session 5bd6558266762b59aa75edf8ad98d5de to remote] DEBUG org.asynchttpclient.netty.request.NettyRequestSender - Using pooled Channel '[id: 0x25a4e143, L:/127.0.0.1:54603 - R:localhost/127.0.0.1:21066]' for 'GET' to 'http://localhost:21066/session/5bd6558266762b59aa75edf8ad98d5de/element/f16c8e04-ba04-419c-b404-5e90b55b94b5/name'
10:46:33.004 [Forwarding getElementTagName on session 5bd6558266762b59aa75edf8ad98d5de to remote] DEBUG org.asynchttpclient.netty.request.NettyRequestSender - Using open Channel [id: 0x25a4e143, L:/127.0.0.1:54603 - R:localhost/127.0.0.1:21066] for GET '/session/5bd6558266762b59aa75edf8ad98d5de/element/f16c8e04-ba04-419c-b404-5e90b55b94b5/name'
10:46:33.021 [AsyncHttpClient-1-5] DEBUG org.asynchttpclient.netty.handler.HttpHandler - 

Request DefaultFullHttpRequest(decodeResult: success, version: HTTP/1.1, content: EmptyByteBufBE)
GET /session/5bd6558266762b59aa75edf8ad98d5de/element/f16c8e04-ba04-419c-b404-5e90b55b94b5/name HTTP/1.1
User-Agent: selenium/4.8.1 (java windows)
Cache-Control: no-cache
Content-Type: application/json; charset=utf-8
host: localhost:21066
accept: */*

Response DefaultHttpResponse(decodeResult: success, version: HTTP/1.1)
HTTP/1.1 200 OK
Content-Length: 16
Content-Type: application/json; charset=utf-8
cache-control: no-cache

10:46:33.021 [AsyncHttpClient-1-5] DEBUG org.asynchttpclient.netty.channel.ChannelManager - Adding key: http://localhost:21066 for channel [id: 0x25a4e143, L:/127.0.0.1:54603 - R:localhost/127.0.0.1:21066]
10:46:33.027 [Forwarding findElement on session 5bd6558266762b59aa75edf8ad98d5de to remote] DEBUG org.asynchttpclient.netty.request.NettyRequestSender - Using pooled Channel '[id: 0x25a4e143, L:/127.0.0.1:54603 - R:localhost/127.0.0.1:21066]' for 'POST' to 'http://localhost:21066/session/5bd6558266762b59aa75edf8ad98d5de/element'
10:46:33.027 [Forwarding findElement on session 5bd6558266762b59aa75edf8ad98d5de to remote] DEBUG org.asynchttpclient.netty.request.NettyRequestSender - Using open Channel [id: 0x25a4e143, L:/127.0.0.1:54603 - R:localhost/127.0.0.1:21066] for POST '/session/5bd6558266762b59aa75edf8ad98d5de/element'
10:46:33.053 [AsyncHttpClient-1-5] DEBUG org.asynchttpclient.netty.handler.HttpHandler - 

Request DefaultHttpRequest(decodeResult: success, version: HTTP/1.1)
POST /session/5bd6558266762b59aa75edf8ad98d5de/element HTTP/1.1
User-Agent: selenium/4.8.1 (java windows)
Content-Length: 72
Content-Type: application/json; charset=utf-8
host: localhost:21066
accept: */*

Response DefaultHttpResponse(decodeResult: success, version: HTTP/1.1)
HTTP/1.1 200 OK
Content-Length: 88
Content-Type: application/json; charset=utf-8
cache-control: no-cache

10:46:33.053 [AsyncHttpClient-1-5] DEBUG org.asynchttpclient.netty.channel.ChannelManager - Adding key: http://localhost:21066 for channel [id: 0x25a4e143, L:/127.0.0.1:54603 - R:localhost/127.0.0.1:21066]
10:46:33.062 [Forwarding clickElement on session 5bd6558266762b59aa75edf8ad98d5de to remote] DEBUG org.asynchttpclient.netty.request.NettyRequestSender - Using pooled Channel '[id: 0x25a4e143, L:/127.0.0.1:54603 - R:localhost/127.0.0.1:21066]' for 'POST' to 'http://localhost:21066/session/5bd6558266762b59aa75edf8ad98d5de/element/f16c8e04-ba04-419c-b404-5e90b55b94b5/click'
10:46:33.062 [Forwarding clickElement on session 5bd6558266762b59aa75edf8ad98d5de to remote] DEBUG org.asynchttpclient.netty.request.NettyRequestSender - Using open Channel [id: 0x25a4e143, L:/127.0.0.1:54603 - R:localhost/127.0.0.1:21066] for POST '/session/5bd6558266762b59aa75edf8ad98d5de/element/f16c8e04-ba04-419c-b404-5e90b55b94b5/click'
10:46:33.313 [AsyncHttpClient-1-5] DEBUG org.asynchttpclient.netty.handler.HttpHandler - 

Request DefaultHttpRequest(decodeResult: success, version: HTTP/1.1)
POST /session/5bd6558266762b59aa75edf8ad98d5de/element/f16c8e04-ba04-419c-b404-5e90b55b94b5/click HTTP/1.1
User-Agent: selenium/4.8.1 (java windows)
Content-Length: 50
Content-Type: application/json; charset=utf-8
host: localhost:21066
accept: */*

Response DefaultHttpResponse(decodeResult: success, version: HTTP/1.1)
HTTP/1.1 200 OK
Content-Length: 14
Content-Type: application/json; charset=utf-8
cache-control: no-cache

10:46:33.313 [AsyncHttpClient-1-5] DEBUG org.asynchttpclient.netty.channel.ChannelManager - Adding key: http://localhost:21066 for channel [id: 0x25a4e143, L:/127.0.0.1:54603 - R:localhost/127.0.0.1:21066]
  &amp#27;[32mAnd &amp#27;[0m&amp#27;[32muser click login button&amp#27;[0m                                  &amp#27;[90m# starter.stepdefinitions.RegisterSteps.userClickLoginButton()&amp#27;[0m
10:46:33.331 [Forwarding findElement on session 5bd6558266762b59aa75edf8ad98d5de to remote] DEBUG org.asynchttpclient.netty.request.NettyRequestSender - Using pooled Channel '[id: 0x25a4e143, L:/127.0.0.1:54603 - R:localhost/127.0.0.1:21066]' for 'POST' to 'http://localhost:21066/session/5bd6558266762b59aa75edf8ad98d5de/element'
10:46:33.331 [Forwarding findElement on session 5bd6558266762b59aa75edf8ad98d5de to remote] DEBUG org.asynchttpclient.netty.request.NettyRequestSender - Using open Channel [id: 0x25a4e143, L:/127.0.0.1:54603 - R:localhost/127.0.0.1:21066] for POST '/session/5bd6558266762b59aa75edf8ad98d5de/element'
10:46:33.471 [AsyncHttpClient-1-5] DEBUG org.asynchttpclient.netty.handler.HttpHandler - 

Request DefaultHttpRequest(decodeResult: success, version: HTTP/1.1)
POST /session/5bd6558266762b59aa75edf8ad98d5de/element HTTP/1.1
User-Agent: selenium/4.8.1 (java windows)
Content-Length: 79
Content-Type: application/json; charset=utf-8
host: localhost:21066
accept: */*

Response DefaultHttpResponse(decodeResult: success, version: HTTP/1.1)
HTTP/1.1 200 OK
Content-Length: 88
Content-Type: application/json; charset=utf-8
cache-control: no-cache

10:46:33.471 [AsyncHttpClient-1-5] DEBUG org.asynchttpclient.netty.channel.ChannelManager - Adding key: http://localhost:21066 for channel [id: 0x25a4e143, L:/127.0.0.1:54603 - R:localhost/127.0.0.1:21066]
10:46:33.480 [Forwarding isElementDisplayed on session 5bd6558266762b59aa75edf8ad98d5de to remote] DEBUG org.asynchttpclient.netty.request.NettyRequestSender - Using pooled Channel '[id: 0x25a4e143, L:/127.0.0.1:54603 - R:localhost/127.0.0.1:21066]' for 'POST' to 'http://localhost:21066/session/5bd6558266762b59aa75edf8ad98d5de/execute/sync'
10:46:33.481 [Forwarding isElementDisplayed on session 5bd6558266762b59aa75edf8ad98d5de to remote] DEBUG org.asynchttpclient.netty.request.NettyRequestSender - Using open Channel [id: 0x25a4e143, L:/127.0.0.1:54603 - R:localhost/127.0.0.1:21066] for POST '/session/5bd6558266762b59aa75edf8ad98d5de/execute/sync'
10:46:33.497 [AsyncHttpClient-1-5] DEBUG org.asynchttpclient.netty.handler.HttpHandler - 

Request DefaultHttpRequest(decodeResult: success, version: HTTP/1.1)
POST /session/5bd6558266762b59aa75edf8ad98d5de/execute/sync HTTP/1.1
User-Agent: selenium/4.8.1 (java windows)
Content-Length: 48807
Content-Type: application/json; charset=utf-8
host: localhost:21066
accept: */*

Response DefaultHttpResponse(decodeResult: success, version: HTTP/1.1)
HTTP/1.1 200 OK
Content-Length: 14
Content-Type: application/json; charset=utf-8
cache-control: no-cache

10:46:33.498 [AsyncHttpClient-1-5] DEBUG org.asynchttpclient.netty.channel.ChannelManager - Adding key: http://localhost:21066 for channel [id: 0x25a4e143, L:/127.0.0.1:54603 - R:localhost/127.0.0.1:21066]
10:46:33.503 [Forwarding isElementDisplayed on session 5bd6558266762b59aa75edf8ad98d5de to remote] DEBUG org.asynchttpclient.netty.request.NettyRequestSender - Using pooled Channel '[id: 0x25a4e143, L:/127.0.0.1:54603 - R:localhost/127.0.0.1:21066]' for 'POST' to 'http://localhost:21066/session/5bd6558266762b59aa75edf8ad98d5de/execute/sync'
10:46:33.503 [Forwarding isElementDisplayed on session 5bd6558266762b59aa75edf8ad98d5de to remote] DEBUG org.asynchttpclient.netty.request.NettyRequestSender - Using open Channel [id: 0x25a4e143, L:/127.0.0.1:54603 - R:localhost/127.0.0.1:21066] for POST '/session/5bd6558266762b59aa75edf8ad98d5de/execute/sync'
10:46:33.516 [AsyncHttpClient-1-5] DEBUG org.asynchttpclient.netty.handler.HttpHandler - 

Request DefaultHttpRequest(decodeResult: success, version: HTTP/1.1)
POST /session/5bd6558266762b59aa75edf8ad98d5de/execute/sync HTTP/1.1
User-Agent: selenium/4.8.1 (java windows)
Content-Length: 48807
Content-Type: application/json; charset=utf-8
host: localhost:21066
accept: */*

Response DefaultHttpResponse(decodeResult: success, version: HTTP/1.1)
HTTP/1.1 200 OK
Content-Length: 14
Content-Type: application/json; charset=utf-8
cache-control: no-cache

10:46:33.516 [AsyncHttpClient-1-5] DEBUG org.asynchttpclient.netty.channel.ChannelManager - Adding key: http://localhost:21066 for channel [id: 0x25a4e143, L:/127.0.0.1:54603 - R:localhost/127.0.0.1:21066]
  &amp#27;[32mThen &amp#27;[0m&amp#27;[32muser see error message&amp#27;[0m                                  &amp#27;[90m# starter.stepdefinitions.RegisterSteps.userSeeErrorMessage()&amp#27;[0m
10:46:33.522 [main] INFO  - 
  _____   ___   ___   _____     ___     _     ___   ___   ___   ___  
 |_   _| | __| / __| |_   _|   | _ \   /_\   / __| / __| | __| |   \ 
   | |   | _|  \__ \   | |     |  _/  / _ \  \__ \ \__ \ | _|  | |) |
   |_|   |___| |___/   |_|     |_|   /_/ \_\ |___/ |___/ |___| |___/ 

as user i want to register with using existing email
----------------------------------------------------------------------
10:46:33.525 [AsyncHttpClient-1-7] DEBUG org.asynchttpclient.netty.handler.WebSocketHandler - Channel Closed: [id: 0x77c81874, L:/127.0.0.1:54611 ! R:localhost/127.0.0.1:54605] with attribute NettyResponseFuture{currentRetry=0,
	isDone=1,
	isCancelled=0,
	asyncHandler=org.asynchttpclient.ws.WebSocketUpgradeHandler@6ee0384e,
	nettyRequest=org.asynchttpclient.netty.request.NettyRequest@2be2bbf6,
	future=java.util.concurrent.CompletableFuture@d459c17[Completed normally],
	uri=ws://localhost:54605/devtools/browser/f6fe3d77-2544-4493-ac0e-d5b529d02a06,
	keepAlive=true,
	redirectCount=0,
	timeoutsHolder=null,
	inAuth=0,
	touch=1682307990911}
10:46:33.525 [AsyncHttpClient-1-7] DEBUG org.asynchttpclient.netty.channel.ChannelManager - Closing Channel [id: 0x77c81874, L:/127.0.0.1:54611 ! R:localhost/127.0.0.1:54605] 
10:46:33.527 [Driver Command Executor] DEBUG org.asynchttpclient.netty.request.NettyRequestSender - Using pooled Channel '[id: 0x25a4e143, L:/127.0.0.1:54603 - R:localhost/127.0.0.1:21066]' for 'DELETE' to 'http://localhost:21066/session/5bd6558266762b59aa75edf8ad98d5de'
10:46:33.527 [Driver Command Executor] DEBUG org.asynchttpclient.netty.request.NettyRequestSender - Using open Channel [id: 0x25a4e143, L:/127.0.0.1:54603 - R:localhost/127.0.0.1:21066] for DELETE '/session/5bd6558266762b59aa75edf8ad98d5de'
10:46:33.605 [AsyncHttpClient-1-1] DEBUG org.asynchttpclient.netty.channel.DefaultChannelPool - Entry count for : http://localhost:54605 : 1
10:46:33.657 [AsyncHttpClient-1-6] DEBUG org.asynchttpclient.netty.handler.HttpHandler - Unexpected I/O exception on channel [id: 0x2c512e92, L:/127.0.0.1:54610 - R:localhost/127.0.0.1:54605]
java.io.IOException: An existing connection was forcibly closed by the remote host
	at sun.nio.ch.SocketDispatcher.read0(Native Method)
	at sun.nio.ch.SocketDispatcher.read(SocketDispatcher.java:43)
	at sun.nio.ch.IOUtil.readIntoNativeBuffer(IOUtil.java:223)
	at sun.nio.ch.IOUtil.read(IOUtil.java:192)
	at sun.nio.ch.SocketChannelImpl.read(SocketChannelImpl.java:380)
	at io.netty.buffer.PooledByteBuf.setBytes(PooledByteBuf.java:259)
	at io.netty.buffer.AbstractByteBuf.writeBytes(AbstractByteBuf.java:1132)
	at io.netty.channel.socket.nio.NioSocketChannel.doReadBytes(NioSocketChannel.java:357)
	at io.netty.channel.nio.AbstractNioByteChannel$NioByteUnsafe.read(AbstractNioByteChannel.java:151)
	at io.netty.channel.nio.NioEventLoop.processSelectedKey(NioEventLoop.java:788)
	at io.netty.channel.nio.NioEventLoop.processSelectedKeysOptimized(NioEventLoop.java:724)
	at io.netty.channel.nio.NioEventLoop.processSelectedKeys(NioEventLoop.java:650)
	at io.netty.channel.nio.NioEventLoop.run(NioEventLoop.java:562)
	at io.netty.util.concurrent.SingleThreadEventExecutor$4.run(SingleThreadEventExecutor.java:997)
	at io.netty.util.internal.ThreadExecutorMap$2.run(ThreadExecutorMap.java:74)
	at io.netty.util.concurrent.FastThreadLocalRunnable.run(FastThreadLocalRunnable.java:30)
	at java.lang.Thread.run(Thread.java:748)
10:46:33.657 [AsyncHttpClient-1-6] DEBUG org.asynchttpclient.netty.channel.ChannelManager - Closing Channel [id: 0x2c512e92, L:/127.0.0.1:54610 - R:localhost/127.0.0.1:54605] 
10:46:33.657 [AsyncHttpClient-1-6] DEBUG org.asynchttpclient.netty.handler.HttpHandler - Channel Closed: [id: 0x2c512e92, L:/127.0.0.1:54610 ! R:localhost/127.0.0.1:54605] with attribute DISCARD
10:46:33.685 [AsyncHttpClient-1-5] DEBUG org.asynchttpclient.netty.handler.HttpHandler - 

Request DefaultFullHttpRequest(decodeResult: success, version: HTTP/1.1, content: EmptyByteBufBE)
DELETE /session/5bd6558266762b59aa75edf8ad98d5de HTTP/1.1
User-Agent: selenium/4.8.1 (java windows)
Content-Type: application/json; charset=utf-8
host: localhost:21066
accept: */*

Response DefaultHttpResponse(decodeResult: success, version: HTTP/1.1)
HTTP/1.1 200 OK
Content-Length: 14
Content-Type: application/json; charset=utf-8
cache-control: no-cache

10:46:33.685 [AsyncHttpClient-1-5] DEBUG org.asynchttpclient.netty.channel.ChannelManager - Adding key: http://localhost:21066 for channel [id: 0x25a4e143, L:/127.0.0.1:54603 - R:localhost/127.0.0.1:21066]
10:46:33.904 [AsyncHttpClient-1-5] DEBUG org.asynchttpclient.netty.handler.HttpHandler - Channel Closed: [id: 0x25a4e143, L:/127.0.0.1:54603 ! R:localhost/127.0.0.1:21066] with attribute DISCARD
]]></system-out>
    <system-err><![CDATA[Starting ChromeDriver 112.0.5615.49 (bd2a7bcb881c11e8cfe3078709382934e3916914-refs/branch-heads/5615@{#936}) on port 21066
Only local connections are allowed.
Please see https://chromedriver.chromium.org/security-considerations for suggestions on keeping ChromeDriver safe.
ChromeDriver was started successfully.
Apr 24, 2023 10:46:30 AM org.openqa.selenium.devtools.CdpVersionFinder findNearestMatch
WARNING: Unable to find an exact match for CDP version 112, so returning the closest version found: 110
]]></system-err>
  </testcase>
  <testcase name="as user i want to register with empty complete name value" classname="As a user i have be able to success register so that i can see login page" time="6.144">
    <system-out><![CDATA[
@TestCaseMPAAAC-2
Scenario: as user i want to register with empty complete name value &amp#27;[90m# src/test/resources/features/Register.feature:22&amp#27;[0m
10:46:34.427 [main] DEBUG io.cucumber.core.plugin.SerenityReporter - Running feature from file:///D:/D/QE_Alta/MiniProject/Web/Register-Web-Altashop/src/test/resources/features/Register.feature
10:46:34.430 [main] INFO  - 
  _____   ___   ___   _____     ___   _____     _     ___   _____   ___   ___  
 |_   _| | __| / __| |_   _|   / __| |_   _|   /_\   | _ \ |_   _| | __| |   \ 
   | |   | _|  \__ \   | |     \__ \   | |    / _ \  |   /   | |   | _|  | |) |
   |_|   |___| |___/   |_|     |___/   |_|   /_/ \_\ |_|_\   |_|   |___| |___/ 

as user i want to register with empty complete name value(as-a-user-i-have-be-able-to-success-register-so-that-i-can-see-login-page;as-user-i-want-to-register-with-empty-complete-name-value)
--------------------------------------------------------------------------------
10:46:34.585 [main] INFO net.serenitybdd.core.webdriver.driverproviders.ChromeDriverProvider - Starting Chrome driver instance with capabilities:
10:46:34.586 [main] INFO net.serenitybdd.core.webdriver.driverproviders.ChromeDriverProvider - Capabilities {acceptInsecureCerts: true, browserName: chrome, goog:chromeOptions: {args: [remote-allow-origins=*, test-type, no-sandbox, ignore-certificate-errors, start-maximized, incognito, disable-infobars, disable-gpu, disable-default-apps, disable-popup-blocking, remote-allow-origins=*, test-type, no-sandbox, ignore-certificate-errors, start-maximized, incognito, disable-infobars, disable-gpu, disable-default-apps, disable-popup-blocking, remote-allow-origins=*], extensions: []}}
10:46:34.700 [AsyncHttpClient-1-1] DEBUG org.asynchttpclient.netty.channel.DefaultChannelPool - Entry count for : http://localhost:54605 : 1
10:46:34.700 [AsyncHttpClient-1-1] DEBUG org.asynchttpclient.netty.channel.DefaultChannelPool - Entry count for : http://localhost:21066 : 1
10:46:34.700 [AsyncHttpClient-1-1] DEBUG org.asynchttpclient.netty.channel.DefaultChannelPool - Adding Candidate expired Channel [id: 0x2c512e92, L:/127.0.0.1:54610 ! R:localhost/127.0.0.1:54605] isIdleTimeoutExpired=false isRemotelyClosed=true isTtlExpired=false
10:46:34.700 [AsyncHttpClient-1-1] DEBUG org.asynchttpclient.netty.channel.DefaultChannelPool - Closing Idle Channel [id: 0x2c512e92, L:/127.0.0.1:54610 ! R:localhost/127.0.0.1:54605]
10:46:34.700 [AsyncHttpClient-1-1] DEBUG org.asynchttpclient.netty.channel.DefaultChannelPool - Adding Candidate expired Channel [id: 0x25a4e143, L:/127.0.0.1:54603 ! R:localhost/127.0.0.1:21066] isIdleTimeoutExpired=false isRemotelyClosed=true isTtlExpired=false
10:46:34.700 [AsyncHttpClient-1-1] DEBUG org.asynchttpclient.netty.channel.DefaultChannelPool - Closing Idle Channel [id: 0x25a4e143, L:/127.0.0.1:54603 ! R:localhost/127.0.0.1:21066]
10:46:34.702 [AsyncHttpClient-1-1] DEBUG org.asynchttpclient.netty.channel.DefaultChannelPool - Closed 2 connections out of 2 in 1 ms
10:46:35.197 [AsyncHttpClient-1-8] DEBUG org.asynchttpclient.netty.channel.NettyConnectListener - Using new Channel '[id: 0x875732d2, L:/127.0.0.1:54629 - R:localhost/127.0.0.1:28982]' for 'POST' to '/session'
10:46:36.479 [AsyncHttpClient-1-8] DEBUG org.asynchttpclient.netty.handler.HttpHandler - 

Request DefaultHttpRequest(decodeResult: success, version: HTTP/1.1)
POST /session HTTP/1.1
User-Agent: selenium/4.8.1 (java windows)
Content-Length: 1701
Content-Type: application/json; charset=utf-8
host: localhost:28982
accept: */*

Response DefaultHttpResponse(decodeResult: success, version: HTTP/1.1)
HTTP/1.1 200 OK
Content-Length: 860
Content-Type: application/json; charset=utf-8
cache-control: no-cache

10:46:36.479 [AsyncHttpClient-1-8] DEBUG org.asynchttpclient.netty.channel.ChannelManager - Adding key: http://localhost:28982 for channel [id: 0x875732d2, L:/127.0.0.1:54629 - R:localhost/127.0.0.1:28982]
10:46:36.601 [AsyncHttpClient-1-9] DEBUG org.asynchttpclient.netty.channel.NettyConnectListener - Using new Channel '[id: 0xd9ba3835, L:/127.0.0.1:54637 - R:localhost/127.0.0.1:54631]' for 'GET' to '/json/version'
10:46:36.604 [AsyncHttpClient-1-9] DEBUG org.asynchttpclient.netty.handler.HttpHandler - 

Request DefaultFullHttpRequest(decodeResult: success, version: HTTP/1.1, content: EmptyByteBufBE)
GET /json/version HTTP/1.1
User-Agent: selenium/4.8.1 (java windows)
host: localhost:54631
accept: */*

Response DefaultHttpResponse(decodeResult: success, version: HTTP/1.1)
HTTP/1.1 200 OK
Content-Security-Policy: frame-ancestors 'none'
Content-Length: 422
Content-Type: application/json; charset=UTF-8

10:46:36.605 [AsyncHttpClient-1-9] DEBUG org.asynchttpclient.netty.channel.ChannelManager - Adding key: http://localhost:54631 for channel [id: 0xd9ba3835, L:/127.0.0.1:54637 - R:localhost/127.0.0.1:54631]
10:46:36.615 [AsyncHttpClient-1-2] DEBUG org.asynchttpclient.netty.channel.NettyConnectListener - Using new Channel '[id: 0x293f19d6, L:/127.0.0.1:54638 - R:localhost/127.0.0.1:54631]' for 'GET' to '/devtools/browser/15762d72-f73e-4615-b40b-655600e2b7cc'
10:46:36.616 [AsyncHttpClient-1-2] DEBUG org.asynchttpclient.netty.handler.WebSocketHandler - 

Request DefaultFullHttpRequest(decodeResult: success, version: HTTP/1.1, content: EmptyByteBufBE)
GET /devtools/browser/15762d72-f73e-4615-b40b-655600e2b7cc HTTP/1.1
upgrade: websocket
connection: upgrade
sec-websocket-key: QAOMIwWWguWoyF4+Q7tmAw==
sec-websocket-version: 13
origin: http://localhost:54631
host: localhost:54631
accept: */*
user-agent: AHC/2.1

Response DefaultHttpResponse(decodeResult: success, version: HTTP/1.1)
HTTP/1.1 101 WebSocket Protocol Handshake
Upgrade: WebSocket
Connection: Upgrade
Sec-WebSocket-Accept: 1LCWUMDdOIkncW532vtniV4yfBc=

10:46:36.631 [Forwarding get on session da13597decf1f2721cc3024b4eda5239 to remote] DEBUG org.asynchttpclient.netty.request.NettyRequestSender - Using pooled Channel '[id: 0x875732d2, L:/127.0.0.1:54629 - R:localhost/127.0.0.1:28982]' for 'POST' to 'http://localhost:28982/session/da13597decf1f2721cc3024b4eda5239/url'
10:46:36.631 [Forwarding get on session da13597decf1f2721cc3024b4eda5239 to remote] DEBUG org.asynchttpclient.netty.request.NettyRequestSender - Using open Channel [id: 0x875732d2, L:/127.0.0.1:54629 - R:localhost/127.0.0.1:28982] for POST '/session/da13597decf1f2721cc3024b4eda5239/url'
10:46:36.901 [AsyncHttpClient-1-1] DEBUG org.asynchttpclient.netty.channel.DefaultChannelPool - Entry count for : http://localhost:54631 : 1
10:46:38.008 [AsyncHttpClient-1-1] DEBUG org.asynchttpclient.netty.channel.DefaultChannelPool - Entry count for : http://localhost:54631 : 1
10:46:38.392 [AsyncHttpClient-1-8] DEBUG org.asynchttpclient.netty.handler.HttpHandler - 

Request DefaultHttpRequest(decodeResult: success, version: HTTP/1.1)
POST /session/da13597decf1f2721cc3024b4eda5239/url HTTP/1.1
User-Agent: selenium/4.8.1 (java windows)
Content-Length: 77
Content-Type: application/json; charset=utf-8
host: localhost:28982
accept: */*

Response DefaultHttpResponse(decodeResult: success, version: HTTP/1.1)
HTTP/1.1 200 OK
Content-Length: 14
Content-Type: application/json; charset=utf-8
cache-control: no-cache

10:46:38.392 [AsyncHttpClient-1-8] DEBUG org.asynchttpclient.netty.channel.ChannelManager - Adding key: http://localhost:28982 for channel [id: 0x875732d2, L:/127.0.0.1:54629 - R:localhost/127.0.0.1:28982]
10:46:38.395 [Forwarding setTimeout on session da13597decf1f2721cc3024b4eda5239 to remote] DEBUG org.asynchttpclient.netty.request.NettyRequestSender - Using pooled Channel '[id: 0x875732d2, L:/127.0.0.1:54629 - R:localhost/127.0.0.1:28982]' for 'POST' to 'http://localhost:28982/session/da13597decf1f2721cc3024b4eda5239/timeouts'
10:46:38.395 [Forwarding setTimeout on session da13597decf1f2721cc3024b4eda5239 to remote] DEBUG org.asynchttpclient.netty.request.NettyRequestSender - Using open Channel [id: 0x875732d2, L:/127.0.0.1:54629 - R:localhost/127.0.0.1:28982] for POST '/session/da13597decf1f2721cc3024b4eda5239/timeouts'
10:46:38.399 [AsyncHttpClient-1-8] DEBUG org.asynchttpclient.netty.handler.HttpHandler - 

Request DefaultHttpRequest(decodeResult: success, version: HTTP/1.1)
POST /session/da13597decf1f2721cc3024b4eda5239/timeouts HTTP/1.1
User-Agent: selenium/4.8.1 (java windows)
Content-Length: 22
Content-Type: application/json; charset=utf-8
host: localhost:28982
accept: */*

Response DefaultHttpResponse(decodeResult: success, version: HTTP/1.1)
HTTP/1.1 200 OK
Content-Length: 14
Content-Type: application/json; charset=utf-8
cache-control: no-cache

10:46:38.400 [AsyncHttpClient-1-8] DEBUG org.asynchttpclient.netty.channel.ChannelManager - Adding key: http://localhost:28982 for channel [id: 0x875732d2, L:/127.0.0.1:54629 - R:localhost/127.0.0.1:28982]
10:46:38.412 [Forwarding findElement on session da13597decf1f2721cc3024b4eda5239 to remote] DEBUG org.asynchttpclient.netty.request.NettyRequestSender - Using pooled Channel '[id: 0x875732d2, L:/127.0.0.1:54629 - R:localhost/127.0.0.1:28982]' for 'POST' to 'http://localhost:28982/session/da13597decf1f2721cc3024b4eda5239/element'
10:46:38.412 [Forwarding findElement on session da13597decf1f2721cc3024b4eda5239 to remote] DEBUG org.asynchttpclient.netty.request.NettyRequestSender - Using open Channel [id: 0x875732d2, L:/127.0.0.1:54629 - R:localhost/127.0.0.1:28982] for POST '/session/da13597decf1f2721cc3024b4eda5239/element'
10:46:38.438 [AsyncHttpClient-1-8] DEBUG org.asynchttpclient.netty.handler.HttpHandler - 

Request DefaultHttpRequest(decodeResult: success, version: HTTP/1.1)
POST /session/da13597decf1f2721cc3024b4eda5239/element HTTP/1.1
User-Agent: selenium/4.8.1 (java windows)
Content-Length: 72
Content-Type: application/json; charset=utf-8
host: localhost:28982
accept: */*

Response DefaultHttpResponse(decodeResult: success, version: HTTP/1.1)
HTTP/1.1 200 OK
Content-Length: 88
Content-Type: application/json; charset=utf-8
cache-control: no-cache

10:46:38.438 [AsyncHttpClient-1-8] DEBUG org.asynchttpclient.netty.channel.ChannelManager - Adding key: http://localhost:28982 for channel [id: 0x875732d2, L:/127.0.0.1:54629 - R:localhost/127.0.0.1:28982]
10:46:38.449 [Forwarding isElementDisplayed on session da13597decf1f2721cc3024b4eda5239 to remote] DEBUG org.asynchttpclient.netty.request.NettyRequestSender - Using pooled Channel '[id: 0x875732d2, L:/127.0.0.1:54629 - R:localhost/127.0.0.1:28982]' for 'POST' to 'http://localhost:28982/session/da13597decf1f2721cc3024b4eda5239/execute/sync'
10:46:38.449 [Forwarding isElementDisplayed on session da13597decf1f2721cc3024b4eda5239 to remote] DEBUG org.asynchttpclient.netty.request.NettyRequestSender - Using open Channel [id: 0x875732d2, L:/127.0.0.1:54629 - R:localhost/127.0.0.1:28982] for POST '/session/da13597decf1f2721cc3024b4eda5239/execute/sync'
10:46:38.473 [AsyncHttpClient-1-8] DEBUG org.asynchttpclient.netty.handler.HttpHandler - 

Request DefaultHttpRequest(decodeResult: success, version: HTTP/1.1)
POST /session/da13597decf1f2721cc3024b4eda5239/execute/sync HTTP/1.1
User-Agent: selenium/4.8.1 (java windows)
Content-Length: 48807
Content-Type: application/json; charset=utf-8
host: localhost:28982
accept: */*

Response DefaultHttpResponse(decodeResult: success, version: HTTP/1.1)
HTTP/1.1 200 OK
Content-Length: 14
Content-Type: application/json; charset=utf-8
cache-control: no-cache

10:46:38.473 [AsyncHttpClient-1-8] DEBUG org.asynchttpclient.netty.channel.ChannelManager - Adding key: http://localhost:28982 for channel [id: 0x875732d2, L:/127.0.0.1:54629 - R:localhost/127.0.0.1:28982]
10:46:38.479 [Forwarding isElementDisplayed on session da13597decf1f2721cc3024b4eda5239 to remote] DEBUG org.asynchttpclient.netty.request.NettyRequestSender - Using pooled Channel '[id: 0x875732d2, L:/127.0.0.1:54629 - R:localhost/127.0.0.1:28982]' for 'POST' to 'http://localhost:28982/session/da13597decf1f2721cc3024b4eda5239/execute/sync'
10:46:38.479 [Forwarding isElementDisplayed on session da13597decf1f2721cc3024b4eda5239 to remote] DEBUG org.asynchttpclient.netty.request.NettyRequestSender - Using open Channel [id: 0x875732d2, L:/127.0.0.1:54629 - R:localhost/127.0.0.1:28982] for POST '/session/da13597decf1f2721cc3024b4eda5239/execute/sync'
10:46:38.503 [AsyncHttpClient-1-8] DEBUG org.asynchttpclient.netty.handler.HttpHandler - 

Request DefaultHttpRequest(decodeResult: success, version: HTTP/1.1)
POST /session/da13597decf1f2721cc3024b4eda5239/execute/sync HTTP/1.1
User-Agent: selenium/4.8.1 (java windows)
Content-Length: 48807
Content-Type: application/json; charset=utf-8
host: localhost:28982
accept: */*

Response DefaultHttpResponse(decodeResult: success, version: HTTP/1.1)
HTTP/1.1 200 OK
Content-Length: 14
Content-Type: application/json; charset=utf-8
cache-control: no-cache

10:46:38.503 [AsyncHttpClient-1-8] DEBUG org.asynchttpclient.netty.channel.ChannelManager - Adding key: http://localhost:28982 for channel [id: 0x875732d2, L:/127.0.0.1:54629 - R:localhost/127.0.0.1:28982]
  &amp#27;[32mGiven &amp#27;[0m&amp#27;[32muser on register page&amp#27;[0m                                       &amp#27;[90m# starter.stepdefinitions.RegisterSteps.userOnRegisterPage()&amp#27;[0m
10:46:38.518 [Forwarding findElement on session da13597decf1f2721cc3024b4eda5239 to remote] DEBUG org.asynchttpclient.netty.request.NettyRequestSender - Using pooled Channel '[id: 0x875732d2, L:/127.0.0.1:54629 - R:localhost/127.0.0.1:28982]' for 'POST' to 'http://localhost:28982/session/da13597decf1f2721cc3024b4eda5239/element'
10:46:38.518 [Forwarding findElement on session da13597decf1f2721cc3024b4eda5239 to remote] DEBUG org.asynchttpclient.netty.request.NettyRequestSender - Using open Channel [id: 0x875732d2, L:/127.0.0.1:54629 - R:localhost/127.0.0.1:28982] for POST '/session/da13597decf1f2721cc3024b4eda5239/element'
10:46:38.535 [AsyncHttpClient-1-8] DEBUG org.asynchttpclient.netty.handler.HttpHandler - 

Request DefaultHttpRequest(decodeResult: success, version: HTTP/1.1)
POST /session/da13597decf1f2721cc3024b4eda5239/element HTTP/1.1
User-Agent: selenium/4.8.1 (java windows)
Content-Length: 55
Content-Type: application/json; charset=utf-8
host: localhost:28982
accept: */*

Response DefaultHttpResponse(decodeResult: success, version: HTTP/1.1)
HTTP/1.1 200 OK
Content-Length: 88
Content-Type: application/json; charset=utf-8
cache-control: no-cache

10:46:38.535 [AsyncHttpClient-1-8] DEBUG org.asynchttpclient.netty.channel.ChannelManager - Adding key: http://localhost:28982 for channel [id: 0x875732d2, L:/127.0.0.1:54629 - R:localhost/127.0.0.1:28982]
10:46:38.537 [Forwarding clearElement on session da13597decf1f2721cc3024b4eda5239 to remote] DEBUG org.asynchttpclient.netty.request.NettyRequestSender - Using pooled Channel '[id: 0x875732d2, L:/127.0.0.1:54629 - R:localhost/127.0.0.1:28982]' for 'POST' to 'http://localhost:28982/session/da13597decf1f2721cc3024b4eda5239/element/e41eca75-9608-4a27-baa7-98fddf409647/clear'
10:46:38.537 [Forwarding clearElement on session da13597decf1f2721cc3024b4eda5239 to remote] DEBUG org.asynchttpclient.netty.request.NettyRequestSender - Using open Channel [id: 0x875732d2, L:/127.0.0.1:54629 - R:localhost/127.0.0.1:28982] for POST '/session/da13597decf1f2721cc3024b4eda5239/element/e41eca75-9608-4a27-baa7-98fddf409647/clear'
10:46:38.593 [AsyncHttpClient-1-8] DEBUG org.asynchttpclient.netty.handler.HttpHandler - 

Request DefaultHttpRequest(decodeResult: success, version: HTTP/1.1)
POST /session/da13597decf1f2721cc3024b4eda5239/element/e41eca75-9608-4a27-baa7-98fddf409647/clear HTTP/1.1
User-Agent: selenium/4.8.1 (java windows)
Content-Length: 50
Content-Type: application/json; charset=utf-8
host: localhost:28982
accept: */*

Response DefaultHttpResponse(decodeResult: success, version: HTTP/1.1)
HTTP/1.1 200 OK
Content-Length: 14
Content-Type: application/json; charset=utf-8
cache-control: no-cache

10:46:38.593 [AsyncHttpClient-1-8] DEBUG org.asynchttpclient.netty.channel.ChannelManager - Adding key: http://localhost:28982 for channel [id: 0x875732d2, L:/127.0.0.1:54629 - R:localhost/127.0.0.1:28982]
10:46:38.596 [Forwarding sendKeysToElement on session da13597decf1f2721cc3024b4eda5239 to remote] DEBUG org.asynchttpclient.netty.request.NettyRequestSender - Using pooled Channel '[id: 0x875732d2, L:/127.0.0.1:54629 - R:localhost/127.0.0.1:28982]' for 'POST' to 'http://localhost:28982/session/da13597decf1f2721cc3024b4eda5239/element/e41eca75-9608-4a27-baa7-98fddf409647/value'
10:46:38.596 [Forwarding sendKeysToElement on session da13597decf1f2721cc3024b4eda5239 to remote] DEBUG org.asynchttpclient.netty.request.NettyRequestSender - Using open Channel [id: 0x875732d2, L:/127.0.0.1:54629 - R:localhost/127.0.0.1:28982] for POST '/session/da13597decf1f2721cc3024b4eda5239/element/e41eca75-9608-4a27-baa7-98fddf409647/value'
10:46:38.656 [AsyncHttpClient-1-8] DEBUG org.asynchttpclient.netty.handler.HttpHandler - 

Request DefaultHttpRequest(decodeResult: success, version: HTTP/1.1)
POST /session/da13597decf1f2721cc3024b4eda5239/element/e41eca75-9608-4a27-baa7-98fddf409647/value HTTP/1.1
User-Agent: selenium/4.8.1 (java windows)
Content-Length: 82
Content-Type: application/json; charset=utf-8
host: localhost:28982
accept: */*

Response DefaultHttpResponse(decodeResult: success, version: HTTP/1.1)
HTTP/1.1 200 OK
Content-Length: 14
Content-Type: application/json; charset=utf-8
cache-control: no-cache

10:46:38.657 [AsyncHttpClient-1-8] DEBUG org.asynchttpclient.netty.channel.ChannelManager - Adding key: http://localhost:28982 for channel [id: 0x875732d2, L:/127.0.0.1:54629 - R:localhost/127.0.0.1:28982]
  &amp#27;[32mWhen &amp#27;[0m&amp#27;[32muser input empty complete name&amp#27;[0m                               &amp#27;[90m# starter.stepdefinitions.RegisterSteps.userInputEmptyCompleteName()&amp#27;[0m
10:46:38.679 [Forwarding findElement on session da13597decf1f2721cc3024b4eda5239 to remote] DEBUG org.asynchttpclient.netty.request.NettyRequestSender - Using pooled Channel '[id: 0x875732d2, L:/127.0.0.1:54629 - R:localhost/127.0.0.1:28982]' for 'POST' to 'http://localhost:28982/session/da13597decf1f2721cc3024b4eda5239/element'
10:46:38.679 [Forwarding findElement on session da13597decf1f2721cc3024b4eda5239 to remote] DEBUG org.asynchttpclient.netty.request.NettyRequestSender - Using open Channel [id: 0x875732d2, L:/127.0.0.1:54629 - R:localhost/127.0.0.1:28982] for POST '/session/da13597decf1f2721cc3024b4eda5239/element'
10:46:38.698 [AsyncHttpClient-1-8] DEBUG org.asynchttpclient.netty.handler.HttpHandler - 

Request DefaultHttpRequest(decodeResult: success, version: HTTP/1.1)
POST /session/da13597decf1f2721cc3024b4eda5239/element HTTP/1.1
User-Agent: selenium/4.8.1 (java windows)
Content-Length: 55
Content-Type: application/json; charset=utf-8
host: localhost:28982
accept: */*

Response DefaultHttpResponse(decodeResult: success, version: HTTP/1.1)
HTTP/1.1 200 OK
Content-Length: 88
Content-Type: application/json; charset=utf-8
cache-control: no-cache

10:46:38.698 [AsyncHttpClient-1-8] DEBUG org.asynchttpclient.netty.channel.ChannelManager - Adding key: http://localhost:28982 for channel [id: 0x875732d2, L:/127.0.0.1:54629 - R:localhost/127.0.0.1:28982]
10:46:38.700 [Forwarding clearElement on session da13597decf1f2721cc3024b4eda5239 to remote] DEBUG org.asynchttpclient.netty.request.NettyRequestSender - Using pooled Channel '[id: 0x875732d2, L:/127.0.0.1:54629 - R:localhost/127.0.0.1:28982]' for 'POST' to 'http://localhost:28982/session/da13597decf1f2721cc3024b4eda5239/element/7da466cb-85dd-48d9-9121-a0101574cd1b/clear'
10:46:38.700 [Forwarding clearElement on session da13597decf1f2721cc3024b4eda5239 to remote] DEBUG org.asynchttpclient.netty.request.NettyRequestSender - Using open Channel [id: 0x875732d2, L:/127.0.0.1:54629 - R:localhost/127.0.0.1:28982] for POST '/session/da13597decf1f2721cc3024b4eda5239/element/7da466cb-85dd-48d9-9121-a0101574cd1b/clear'
10:46:38.753 [AsyncHttpClient-1-8] DEBUG org.asynchttpclient.netty.handler.HttpHandler - 

Request DefaultHttpRequest(decodeResult: success, version: HTTP/1.1)
POST /session/da13597decf1f2721cc3024b4eda5239/element/7da466cb-85dd-48d9-9121-a0101574cd1b/clear HTTP/1.1
User-Agent: selenium/4.8.1 (java windows)
Content-Length: 50
Content-Type: application/json; charset=utf-8
host: localhost:28982
accept: */*

Response DefaultHttpResponse(decodeResult: success, version: HTTP/1.1)
HTTP/1.1 200 OK
Content-Length: 14
Content-Type: application/json; charset=utf-8
cache-control: no-cache

10:46:38.754 [AsyncHttpClient-1-8] DEBUG org.asynchttpclient.netty.channel.ChannelManager - Adding key: http://localhost:28982 for channel [id: 0x875732d2, L:/127.0.0.1:54629 - R:localhost/127.0.0.1:28982]
10:46:38.757 [Forwarding sendKeysToElement on session da13597decf1f2721cc3024b4eda5239 to remote] DEBUG org.asynchttpclient.netty.request.NettyRequestSender - Using pooled Channel '[id: 0x875732d2, L:/127.0.0.1:54629 - R:localhost/127.0.0.1:28982]' for 'POST' to 'http://localhost:28982/session/da13597decf1f2721cc3024b4eda5239/element/7da466cb-85dd-48d9-9121-a0101574cd1b/value'
10:46:38.757 [Forwarding sendKeysToElement on session da13597decf1f2721cc3024b4eda5239 to remote] DEBUG org.asynchttpclient.netty.request.NettyRequestSender - Using open Channel [id: 0x875732d2, L:/127.0.0.1:54629 - R:localhost/127.0.0.1:28982] for POST '/session/da13597decf1f2721cc3024b4eda5239/element/7da466cb-85dd-48d9-9121-a0101574cd1b/value'
10:46:39.015 [AsyncHttpClient-1-8] DEBUG org.asynchttpclient.netty.handler.HttpHandler - 

Request DefaultHttpRequest(decodeResult: success, version: HTTP/1.1)
POST /session/da13597decf1f2721cc3024b4eda5239/element/7da466cb-85dd-48d9-9121-a0101574cd1b/value HTTP/1.1
User-Agent: selenium/4.8.1 (java windows)
Content-Length: 301
Content-Type: application/json; charset=utf-8
host: localhost:28982
accept: */*

Response DefaultHttpResponse(decodeResult: success, version: HTTP/1.1)
HTTP/1.1 200 OK
Content-Length: 14
Content-Type: application/json; charset=utf-8
cache-control: no-cache

10:46:39.015 [AsyncHttpClient-1-8] DEBUG org.asynchttpclient.netty.channel.ChannelManager - Adding key: http://localhost:28982 for channel [id: 0x875732d2, L:/127.0.0.1:54629 - R:localhost/127.0.0.1:28982]
  &amp#27;[32mAnd &amp#27;[0m&amp#27;[32muser input valid email&amp#27;[0m                                        &amp#27;[90m# starter.stepdefinitions.RegisterSteps.userInputValidEmail()&amp#27;[0m
10:46:39.035 [Forwarding findElement on session da13597decf1f2721cc3024b4eda5239 to remote] DEBUG org.asynchttpclient.netty.request.NettyRequestSender - Using pooled Channel '[id: 0x875732d2, L:/127.0.0.1:54629 - R:localhost/127.0.0.1:28982]' for 'POST' to 'http://localhost:28982/session/da13597decf1f2721cc3024b4eda5239/element'
10:46:39.035 [Forwarding findElement on session da13597decf1f2721cc3024b4eda5239 to remote] DEBUG org.asynchttpclient.netty.request.NettyRequestSender - Using open Channel [id: 0x875732d2, L:/127.0.0.1:54629 - R:localhost/127.0.0.1:28982] for POST '/session/da13597decf1f2721cc3024b4eda5239/element'
10:46:39.055 [AsyncHttpClient-1-8] DEBUG org.asynchttpclient.netty.handler.HttpHandler - 

Request DefaultHttpRequest(decodeResult: success, version: HTTP/1.1)
POST /session/da13597decf1f2721cc3024b4eda5239/element HTTP/1.1
User-Agent: selenium/4.8.1 (java windows)
Content-Length: 55
Content-Type: application/json; charset=utf-8
host: localhost:28982
accept: */*

Response DefaultHttpResponse(decodeResult: success, version: HTTP/1.1)
HTTP/1.1 200 OK
Content-Length: 88
Content-Type: application/json; charset=utf-8
cache-control: no-cache

10:46:39.055 [AsyncHttpClient-1-8] DEBUG org.asynchttpclient.netty.channel.ChannelManager - Adding key: http://localhost:28982 for channel [id: 0x875732d2, L:/127.0.0.1:54629 - R:localhost/127.0.0.1:28982]
10:46:39.059 [Forwarding clearElement on session da13597decf1f2721cc3024b4eda5239 to remote] DEBUG org.asynchttpclient.netty.request.NettyRequestSender - Using pooled Channel '[id: 0x875732d2, L:/127.0.0.1:54629 - R:localhost/127.0.0.1:28982]' for 'POST' to 'http://localhost:28982/session/da13597decf1f2721cc3024b4eda5239/element/756861a4-3319-4b6a-ac77-bad3d0cb6020/clear'
10:46:39.059 [Forwarding clearElement on session da13597decf1f2721cc3024b4eda5239 to remote] DEBUG org.asynchttpclient.netty.request.NettyRequestSender - Using open Channel [id: 0x875732d2, L:/127.0.0.1:54629 - R:localhost/127.0.0.1:28982] for POST '/session/da13597decf1f2721cc3024b4eda5239/element/756861a4-3319-4b6a-ac77-bad3d0cb6020/clear'
10:46:39.113 [AsyncHttpClient-1-1] DEBUG org.asynchttpclient.netty.channel.DefaultChannelPool - Entry count for : http://localhost:54631 : 1
10:46:39.125 [AsyncHttpClient-1-8] DEBUG org.asynchttpclient.netty.handler.HttpHandler - 

Request DefaultHttpRequest(decodeResult: success, version: HTTP/1.1)
POST /session/da13597decf1f2721cc3024b4eda5239/element/756861a4-3319-4b6a-ac77-bad3d0cb6020/clear HTTP/1.1
User-Agent: selenium/4.8.1 (java windows)
Content-Length: 50
Content-Type: application/json; charset=utf-8
host: localhost:28982
accept: */*

Response DefaultHttpResponse(decodeResult: success, version: HTTP/1.1)
HTTP/1.1 200 OK
Content-Length: 14
Content-Type: application/json; charset=utf-8
cache-control: no-cache

10:46:39.126 [AsyncHttpClient-1-8] DEBUG org.asynchttpclient.netty.channel.ChannelManager - Adding key: http://localhost:28982 for channel [id: 0x875732d2, L:/127.0.0.1:54629 - R:localhost/127.0.0.1:28982]
10:46:39.129 [Forwarding sendKeysToElement on session da13597decf1f2721cc3024b4eda5239 to remote] DEBUG org.asynchttpclient.netty.request.NettyRequestSender - Using pooled Channel '[id: 0x875732d2, L:/127.0.0.1:54629 - R:localhost/127.0.0.1:28982]' for 'POST' to 'http://localhost:28982/session/da13597decf1f2721cc3024b4eda5239/element/756861a4-3319-4b6a-ac77-bad3d0cb6020/value'
10:46:39.129 [Forwarding sendKeysToElement on session da13597decf1f2721cc3024b4eda5239 to remote] DEBUG org.asynchttpclient.netty.request.NettyRequestSender - Using open Channel [id: 0x875732d2, L:/127.0.0.1:54629 - R:localhost/127.0.0.1:28982] for POST '/session/da13597decf1f2721cc3024b4eda5239/element/756861a4-3319-4b6a-ac77-bad3d0cb6020/value'
10:46:39.245 [AsyncHttpClient-1-8] DEBUG org.asynchttpclient.netty.handler.HttpHandler - 

Request DefaultHttpRequest(decodeResult: success, version: HTTP/1.1)
POST /session/da13597decf1f2721cc3024b4eda5239/element/756861a4-3319-4b6a-ac77-bad3d0cb6020/value HTTP/1.1
User-Agent: selenium/4.8.1 (java windows)
Content-Length: 141
Content-Type: application/json; charset=utf-8
host: localhost:28982
accept: */*

Response DefaultHttpResponse(decodeResult: success, version: HTTP/1.1)
HTTP/1.1 200 OK
Content-Length: 14
Content-Type: application/json; charset=utf-8
cache-control: no-cache

10:46:39.245 [AsyncHttpClient-1-8] DEBUG org.asynchttpclient.netty.channel.ChannelManager - Adding key: http://localhost:28982 for channel [id: 0x875732d2, L:/127.0.0.1:54629 - R:localhost/127.0.0.1:28982]
  &amp#27;[32mAnd &amp#27;[0m&amp#27;[32muser input valid password&amp#27;[0m                                     &amp#27;[90m# starter.stepdefinitions.RegisterSteps.userInputValidPassword()&amp#27;[0m
10:46:39.263 [Forwarding findElement on session da13597decf1f2721cc3024b4eda5239 to remote] DEBUG org.asynchttpclient.netty.request.NettyRequestSender - Using pooled Channel '[id: 0x875732d2, L:/127.0.0.1:54629 - R:localhost/127.0.0.1:28982]' for 'POST' to 'http://localhost:28982/session/da13597decf1f2721cc3024b4eda5239/element'
10:46:39.263 [Forwarding findElement on session da13597decf1f2721cc3024b4eda5239 to remote] DEBUG org.asynchttpclient.netty.request.NettyRequestSender - Using open Channel [id: 0x875732d2, L:/127.0.0.1:54629 - R:localhost/127.0.0.1:28982] for POST '/session/da13597decf1f2721cc3024b4eda5239/element'
10:46:39.274 [AsyncHttpClient-1-8] DEBUG org.asynchttpclient.netty.handler.HttpHandler - 

Request DefaultHttpRequest(decodeResult: success, version: HTTP/1.1)
POST /session/da13597decf1f2721cc3024b4eda5239/element HTTP/1.1
User-Agent: selenium/4.8.1 (java windows)
Content-Length: 72
Content-Type: application/json; charset=utf-8
host: localhost:28982
accept: */*

Response DefaultHttpResponse(decodeResult: success, version: HTTP/1.1)
HTTP/1.1 200 OK
Content-Length: 88
Content-Type: application/json; charset=utf-8
cache-control: no-cache

10:46:39.274 [AsyncHttpClient-1-8] DEBUG org.asynchttpclient.netty.channel.ChannelManager - Adding key: http://localhost:28982 for channel [id: 0x875732d2, L:/127.0.0.1:54629 - R:localhost/127.0.0.1:28982]
10:46:39.277 [Forwarding getElementTagName on session da13597decf1f2721cc3024b4eda5239 to remote] DEBUG org.asynchttpclient.netty.request.NettyRequestSender - Using pooled Channel '[id: 0x875732d2, L:/127.0.0.1:54629 - R:localhost/127.0.0.1:28982]' for 'GET' to 'http://localhost:28982/session/da13597decf1f2721cc3024b4eda5239/element/4b56430a-1f59-4e8c-ad9a-2e967812f319/name'
10:46:39.277 [Forwarding getElementTagName on session da13597decf1f2721cc3024b4eda5239 to remote] DEBUG org.asynchttpclient.netty.request.NettyRequestSender - Using open Channel [id: 0x875732d2, L:/127.0.0.1:54629 - R:localhost/127.0.0.1:28982] for GET '/session/da13597decf1f2721cc3024b4eda5239/element/4b56430a-1f59-4e8c-ad9a-2e967812f319/name'
10:46:39.283 [AsyncHttpClient-1-8] DEBUG org.asynchttpclient.netty.handler.HttpHandler - 

Request DefaultFullHttpRequest(decodeResult: success, version: HTTP/1.1, content: EmptyByteBufBE)
GET /session/da13597decf1f2721cc3024b4eda5239/element/4b56430a-1f59-4e8c-ad9a-2e967812f319/name HTTP/1.1
User-Agent: selenium/4.8.1 (java windows)
Cache-Control: no-cache
Content-Type: application/json; charset=utf-8
host: localhost:28982
accept: */*

Response DefaultHttpResponse(decodeResult: success, version: HTTP/1.1)
HTTP/1.1 200 OK
Content-Length: 16
Content-Type: application/json; charset=utf-8
cache-control: no-cache

10:46:39.283 [AsyncHttpClient-1-8] DEBUG org.asynchttpclient.netty.channel.ChannelManager - Adding key: http://localhost:28982 for channel [id: 0x875732d2, L:/127.0.0.1:54629 - R:localhost/127.0.0.1:28982]
10:46:39.284 [Forwarding getElementTagName on session da13597decf1f2721cc3024b4eda5239 to remote] DEBUG org.asynchttpclient.netty.request.NettyRequestSender - Using pooled Channel '[id: 0x875732d2, L:/127.0.0.1:54629 - R:localhost/127.0.0.1:28982]' for 'GET' to 'http://localhost:28982/session/da13597decf1f2721cc3024b4eda5239/element/4b56430a-1f59-4e8c-ad9a-2e967812f319/name'
10:46:39.284 [Forwarding getElementTagName on session da13597decf1f2721cc3024b4eda5239 to remote] DEBUG org.asynchttpclient.netty.request.NettyRequestSender - Using open Channel [id: 0x875732d2, L:/127.0.0.1:54629 - R:localhost/127.0.0.1:28982] for GET '/session/da13597decf1f2721cc3024b4eda5239/element/4b56430a-1f59-4e8c-ad9a-2e967812f319/name'
10:46:39.293 [AsyncHttpClient-1-8] DEBUG org.asynchttpclient.netty.handler.HttpHandler - 

Request DefaultFullHttpRequest(decodeResult: success, version: HTTP/1.1, content: EmptyByteBufBE)
GET /session/da13597decf1f2721cc3024b4eda5239/element/4b56430a-1f59-4e8c-ad9a-2e967812f319/name HTTP/1.1
User-Agent: selenium/4.8.1 (java windows)
Cache-Control: no-cache
Content-Type: application/json; charset=utf-8
host: localhost:28982
accept: */*

Response DefaultHttpResponse(decodeResult: success, version: HTTP/1.1)
HTTP/1.1 200 OK
Content-Length: 16
Content-Type: application/json; charset=utf-8
cache-control: no-cache

10:46:39.293 [AsyncHttpClient-1-8] DEBUG org.asynchttpclient.netty.channel.ChannelManager - Adding key: http://localhost:28982 for channel [id: 0x875732d2, L:/127.0.0.1:54629 - R:localhost/127.0.0.1:28982]
10:46:39.297 [Forwarding findElement on session da13597decf1f2721cc3024b4eda5239 to remote] DEBUG org.asynchttpclient.netty.request.NettyRequestSender - Using pooled Channel '[id: 0x875732d2, L:/127.0.0.1:54629 - R:localhost/127.0.0.1:28982]' for 'POST' to 'http://localhost:28982/session/da13597decf1f2721cc3024b4eda5239/element'
10:46:39.297 [Forwarding findElement on session da13597decf1f2721cc3024b4eda5239 to remote] DEBUG org.asynchttpclient.netty.request.NettyRequestSender - Using open Channel [id: 0x875732d2, L:/127.0.0.1:54629 - R:localhost/127.0.0.1:28982] for POST '/session/da13597decf1f2721cc3024b4eda5239/element'
10:46:39.311 [AsyncHttpClient-1-8] DEBUG org.asynchttpclient.netty.handler.HttpHandler - 

Request DefaultHttpRequest(decodeResult: success, version: HTTP/1.1)
POST /session/da13597decf1f2721cc3024b4eda5239/element HTTP/1.1
User-Agent: selenium/4.8.1 (java windows)
Content-Length: 72
Content-Type: application/json; charset=utf-8
host: localhost:28982
accept: */*

Response DefaultHttpResponse(decodeResult: success, version: HTTP/1.1)
HTTP/1.1 200 OK
Content-Length: 88
Content-Type: application/json; charset=utf-8
cache-control: no-cache

10:46:39.312 [AsyncHttpClient-1-8] DEBUG org.asynchttpclient.netty.channel.ChannelManager - Adding key: http://localhost:28982 for channel [id: 0x875732d2, L:/127.0.0.1:54629 - R:localhost/127.0.0.1:28982]
10:46:39.313 [Forwarding clickElement on session da13597decf1f2721cc3024b4eda5239 to remote] DEBUG org.asynchttpclient.netty.request.NettyRequestSender - Using pooled Channel '[id: 0x875732d2, L:/127.0.0.1:54629 - R:localhost/127.0.0.1:28982]' for 'POST' to 'http://localhost:28982/session/da13597decf1f2721cc3024b4eda5239/element/4b56430a-1f59-4e8c-ad9a-2e967812f319/click'
10:46:39.313 [Forwarding clickElement on session da13597decf1f2721cc3024b4eda5239 to remote] DEBUG org.asynchttpclient.netty.request.NettyRequestSender - Using open Channel [id: 0x875732d2, L:/127.0.0.1:54629 - R:localhost/127.0.0.1:28982] for POST '/session/da13597decf1f2721cc3024b4eda5239/element/4b56430a-1f59-4e8c-ad9a-2e967812f319/click'
10:46:39.447 [AsyncHttpClient-1-8] DEBUG org.asynchttpclient.netty.handler.HttpHandler - 

Request DefaultHttpRequest(decodeResult: success, version: HTTP/1.1)
POST /session/da13597decf1f2721cc3024b4eda5239/element/4b56430a-1f59-4e8c-ad9a-2e967812f319/click HTTP/1.1
User-Agent: selenium/4.8.1 (java windows)
Content-Length: 50
Content-Type: application/json; charset=utf-8
host: localhost:28982
accept: */*

Response DefaultHttpResponse(decodeResult: success, version: HTTP/1.1)
HTTP/1.1 200 OK
Content-Length: 14
Content-Type: application/json; charset=utf-8
cache-control: no-cache

10:46:39.447 [AsyncHttpClient-1-8] DEBUG org.asynchttpclient.netty.channel.ChannelManager - Adding key: http://localhost:28982 for channel [id: 0x875732d2, L:/127.0.0.1:54629 - R:localhost/127.0.0.1:28982]
  &amp#27;[32mAnd &amp#27;[0m&amp#27;[32muser click login button&amp#27;[0m                                       &amp#27;[90m# starter.stepdefinitions.RegisterSteps.userClickLoginButton()&amp#27;[0m
10:46:39.463 [Forwarding findElement on session da13597decf1f2721cc3024b4eda5239 to remote] DEBUG org.asynchttpclient.netty.request.NettyRequestSender - Using pooled Channel '[id: 0x875732d2, L:/127.0.0.1:54629 - R:localhost/127.0.0.1:28982]' for 'POST' to 'http://localhost:28982/session/da13597decf1f2721cc3024b4eda5239/element'
10:46:39.463 [Forwarding findElement on session da13597decf1f2721cc3024b4eda5239 to remote] DEBUG org.asynchttpclient.netty.request.NettyRequestSender - Using open Channel [id: 0x875732d2, L:/127.0.0.1:54629 - R:localhost/127.0.0.1:28982] for POST '/session/da13597decf1f2721cc3024b4eda5239/element'
10:46:39.611 [AsyncHttpClient-1-8] DEBUG org.asynchttpclient.netty.handler.HttpHandler - 

Request DefaultHttpRequest(decodeResult: success, version: HTTP/1.1)
POST /session/da13597decf1f2721cc3024b4eda5239/element HTTP/1.1
User-Agent: selenium/4.8.1 (java windows)
Content-Length: 79
Content-Type: application/json; charset=utf-8
host: localhost:28982
accept: */*

Response DefaultHttpResponse(decodeResult: success, version: HTTP/1.1)
HTTP/1.1 200 OK
Content-Length: 88
Content-Type: application/json; charset=utf-8
cache-control: no-cache

10:46:39.612 [AsyncHttpClient-1-8] DEBUG org.asynchttpclient.netty.channel.ChannelManager - Adding key: http://localhost:28982 for channel [id: 0x875732d2, L:/127.0.0.1:54629 - R:localhost/127.0.0.1:28982]
10:46:39.617 [Forwarding isElementDisplayed on session da13597decf1f2721cc3024b4eda5239 to remote] DEBUG org.asynchttpclient.netty.request.NettyRequestSender - Using pooled Channel '[id: 0x875732d2, L:/127.0.0.1:54629 - R:localhost/127.0.0.1:28982]' for 'POST' to 'http://localhost:28982/session/da13597decf1f2721cc3024b4eda5239/execute/sync'
10:46:39.617 [Forwarding isElementDisplayed on session da13597decf1f2721cc3024b4eda5239 to remote] DEBUG org.asynchttpclient.netty.request.NettyRequestSender - Using open Channel [id: 0x875732d2, L:/127.0.0.1:54629 - R:localhost/127.0.0.1:28982] for POST '/session/da13597decf1f2721cc3024b4eda5239/execute/sync'
10:46:39.632 [AsyncHttpClient-1-8] DEBUG org.asynchttpclient.netty.handler.HttpHandler - 

Request DefaultHttpRequest(decodeResult: success, version: HTTP/1.1)
POST /session/da13597decf1f2721cc3024b4eda5239/execute/sync HTTP/1.1
User-Agent: selenium/4.8.1 (java windows)
Content-Length: 48807
Content-Type: application/json; charset=utf-8
host: localhost:28982
accept: */*

Response DefaultHttpResponse(decodeResult: success, version: HTTP/1.1)
HTTP/1.1 200 OK
Content-Length: 14
Content-Type: application/json; charset=utf-8
cache-control: no-cache

10:46:39.632 [AsyncHttpClient-1-8] DEBUG org.asynchttpclient.netty.channel.ChannelManager - Adding key: http://localhost:28982 for channel [id: 0x875732d2, L:/127.0.0.1:54629 - R:localhost/127.0.0.1:28982]
10:46:39.636 [Forwarding isElementDisplayed on session da13597decf1f2721cc3024b4eda5239 to remote] DEBUG org.asynchttpclient.netty.request.NettyRequestSender - Using pooled Channel '[id: 0x875732d2, L:/127.0.0.1:54629 - R:localhost/127.0.0.1:28982]' for 'POST' to 'http://localhost:28982/session/da13597decf1f2721cc3024b4eda5239/execute/sync'
10:46:39.637 [Forwarding isElementDisplayed on session da13597decf1f2721cc3024b4eda5239 to remote] DEBUG org.asynchttpclient.netty.request.NettyRequestSender - Using open Channel [id: 0x875732d2, L:/127.0.0.1:54629 - R:localhost/127.0.0.1:28982] for POST '/session/da13597decf1f2721cc3024b4eda5239/execute/sync'
10:46:39.653 [AsyncHttpClient-1-8] DEBUG org.asynchttpclient.netty.handler.HttpHandler - 

Request DefaultHttpRequest(decodeResult: success, version: HTTP/1.1)
POST /session/da13597decf1f2721cc3024b4eda5239/execute/sync HTTP/1.1
User-Agent: selenium/4.8.1 (java windows)
Content-Length: 48807
Content-Type: application/json; charset=utf-8
host: localhost:28982
accept: */*

Response DefaultHttpResponse(decodeResult: success, version: HTTP/1.1)
HTTP/1.1 200 OK
Content-Length: 14
Content-Type: application/json; charset=utf-8
cache-control: no-cache

10:46:39.653 [AsyncHttpClient-1-8] DEBUG org.asynchttpclient.netty.channel.ChannelManager - Adding key: http://localhost:28982 for channel [id: 0x875732d2, L:/127.0.0.1:54629 - R:localhost/127.0.0.1:28982]
  &amp#27;[32mThen &amp#27;[0m&amp#27;[32muser see error message&amp#27;[0m                                       &amp#27;[90m# starter.stepdefinitions.RegisterSteps.userSeeErrorMessage()&amp#27;[0m
10:46:39.660 [main] INFO  - 
  _____   ___   ___   _____     ___     _     ___   ___   ___   ___  
 |_   _| | __| / __| |_   _|   | _ \   /_\   / __| / __| | __| |   \ 
   | |   | _|  \__ \   | |     |  _/  / _ \  \__ \ \__ \ | _|  | |) |
   |_|   |___| |___/   |_|     |_|   /_/ \_\ |___/ |___/ |___| |___/ 

as user i want to register with empty complete name value
----------------------------------------------------------------------
10:46:39.662 [AsyncHttpClient-1-2] DEBUG org.asynchttpclient.netty.handler.WebSocketHandler - Channel Closed: [id: 0x293f19d6, L:/127.0.0.1:54638 ! R:localhost/127.0.0.1:54631] with attribute NettyResponseFuture{currentRetry=0,
	isDone=1,
	isCancelled=0,
	asyncHandler=org.asynchttpclient.ws.WebSocketUpgradeHandler@318024e9,
	nettyRequest=org.asynchttpclient.netty.request.NettyRequest@6dfe80cf,
	future=java.util.concurrent.CompletableFuture@377f77e2[Completed normally],
	uri=ws://localhost:54631/devtools/browser/15762d72-f73e-4615-b40b-655600e2b7cc,
	keepAlive=true,
	redirectCount=0,
	timeoutsHolder=null,
	inAuth=0,
	touch=1682307996617}
10:46:39.662 [AsyncHttpClient-1-2] DEBUG org.asynchttpclient.netty.channel.ChannelManager - Closing Channel [id: 0x293f19d6, L:/127.0.0.1:54638 ! R:localhost/127.0.0.1:54631] 
10:46:39.662 [Driver Command Executor] DEBUG org.asynchttpclient.netty.request.NettyRequestSender - Using pooled Channel '[id: 0x875732d2, L:/127.0.0.1:54629 - R:localhost/127.0.0.1:28982]' for 'DELETE' to 'http://localhost:28982/session/da13597decf1f2721cc3024b4eda5239'
10:46:39.662 [Driver Command Executor] DEBUG org.asynchttpclient.netty.request.NettyRequestSender - Using open Channel [id: 0x875732d2, L:/127.0.0.1:54629 - R:localhost/127.0.0.1:28982] for DELETE '/session/da13597decf1f2721cc3024b4eda5239'
10:46:39.837 [AsyncHttpClient-1-9] DEBUG org.asynchttpclient.netty.handler.HttpHandler - Unexpected I/O exception on channel [id: 0xd9ba3835, L:/127.0.0.1:54637 - R:localhost/127.0.0.1:54631]
java.io.IOException: An existing connection was forcibly closed by the remote host
	at sun.nio.ch.SocketDispatcher.read0(Native Method)
	at sun.nio.ch.SocketDispatcher.read(SocketDispatcher.java:43)
	at sun.nio.ch.IOUtil.readIntoNativeBuffer(IOUtil.java:223)
	at sun.nio.ch.IOUtil.read(IOUtil.java:192)
	at sun.nio.ch.SocketChannelImpl.read(SocketChannelImpl.java:380)
	at io.netty.buffer.PooledByteBuf.setBytes(PooledByteBuf.java:259)
	at io.netty.buffer.AbstractByteBuf.writeBytes(AbstractByteBuf.java:1132)
	at io.netty.channel.socket.nio.NioSocketChannel.doReadBytes(NioSocketChannel.java:357)
	at io.netty.channel.nio.AbstractNioByteChannel$NioByteUnsafe.read(AbstractNioByteChannel.java:151)
	at io.netty.channel.nio.NioEventLoop.processSelectedKey(NioEventLoop.java:788)
	at io.netty.channel.nio.NioEventLoop.processSelectedKeysOptimized(NioEventLoop.java:724)
	at io.netty.channel.nio.NioEventLoop.processSelectedKeys(NioEventLoop.java:650)
	at io.netty.channel.nio.NioEventLoop.run(NioEventLoop.java:562)
	at io.netty.util.concurrent.SingleThreadEventExecutor$4.run(SingleThreadEventExecutor.java:997)
	at io.netty.util.internal.ThreadExecutorMap$2.run(ThreadExecutorMap.java:74)
	at io.netty.util.concurrent.FastThreadLocalRunnable.run(FastThreadLocalRunnable.java:30)
	at java.lang.Thread.run(Thread.java:748)
10:46:39.838 [AsyncHttpClient-1-9] DEBUG org.asynchttpclient.netty.channel.ChannelManager - Closing Channel [id: 0xd9ba3835, L:/127.0.0.1:54637 - R:localhost/127.0.0.1:54631] 
10:46:39.838 [AsyncHttpClient-1-9] DEBUG org.asynchttpclient.netty.handler.HttpHandler - Channel Closed: [id: 0xd9ba3835, L:/127.0.0.1:54637 ! R:localhost/127.0.0.1:54631] with attribute DISCARD
10:46:39.865 [AsyncHttpClient-1-8] DEBUG org.asynchttpclient.netty.handler.HttpHandler - 

Request DefaultFullHttpRequest(decodeResult: success, version: HTTP/1.1, content: EmptyByteBufBE)
DELETE /session/da13597decf1f2721cc3024b4eda5239 HTTP/1.1
User-Agent: selenium/4.8.1 (java windows)
Content-Type: application/json; charset=utf-8
host: localhost:28982
accept: */*

Response DefaultHttpResponse(decodeResult: success, version: HTTP/1.1)
HTTP/1.1 200 OK
Content-Length: 14
Content-Type: application/json; charset=utf-8
cache-control: no-cache

10:46:39.865 [AsyncHttpClient-1-8] DEBUG org.asynchttpclient.netty.channel.ChannelManager - Adding key: http://localhost:28982 for channel [id: 0x875732d2, L:/127.0.0.1:54629 - R:localhost/127.0.0.1:28982]
10:46:40.044 [AsyncHttpClient-1-8] DEBUG org.asynchttpclient.netty.handler.HttpHandler - Channel Closed: [id: 0x875732d2, L:/127.0.0.1:54629 ! R:localhost/127.0.0.1:28982] with attribute DISCARD
10:46:40.201 [AsyncHttpClient-1-1] DEBUG org.asynchttpclient.netty.channel.DefaultChannelPool - Entry count for : http://localhost:28982 : 1
10:46:40.201 [AsyncHttpClient-1-1] DEBUG org.asynchttpclient.netty.channel.DefaultChannelPool - Entry count for : http://localhost:54631 : 1
10:46:40.201 [AsyncHttpClient-1-1] DEBUG org.asynchttpclient.netty.channel.DefaultChannelPool - Adding Candidate expired Channel [id: 0x875732d2, L:/127.0.0.1:54629 ! R:localhost/127.0.0.1:28982] isIdleTimeoutExpired=false isRemotelyClosed=true isTtlExpired=false
10:46:40.201 [AsyncHttpClient-1-1] DEBUG org.asynchttpclient.netty.channel.DefaultChannelPool - Closing Idle Channel [id: 0x875732d2, L:/127.0.0.1:54629 ! R:localhost/127.0.0.1:28982]
10:46:40.201 [AsyncHttpClient-1-1] DEBUG org.asynchttpclient.netty.channel.DefaultChannelPool - Adding Candidate expired Channel [id: 0xd9ba3835, L:/127.0.0.1:54637 ! R:localhost/127.0.0.1:54631] isIdleTimeoutExpired=false isRemotelyClosed=true isTtlExpired=false
10:46:40.201 [AsyncHttpClient-1-1] DEBUG org.asynchttpclient.netty.channel.DefaultChannelPool - Closing Idle Channel [id: 0xd9ba3835, L:/127.0.0.1:54637 ! R:localhost/127.0.0.1:54631]
10:46:40.201 [AsyncHttpClient-1-1] DEBUG org.asynchttpclient.netty.channel.DefaultChannelPool - Closed 2 connections out of 2 in 0 ms
]]></system-out>
    <system-err><![CDATA[Starting ChromeDriver 112.0.5615.49 (bd2a7bcb881c11e8cfe3078709382934e3916914-refs/branch-heads/5615@{#936}) on port 28982
Only local connections are allowed.
Please see https://chromedriver.chromium.org/security-considerations for suggestions on keeping ChromeDriver safe.
ChromeDriver was started successfully.
Apr 24, 2023 10:46:36 AM org.openqa.selenium.devtools.CdpVersionFinder findNearestMatch
WARNING: Unable to find an exact match for CDP version 112, so returning the closest version found: 110
]]></system-err>
  </testcase>
  <testcase name="as user i want to register with empty email value" classname="As a user i have be able to success register so that i can see login page" time="5.403">
    <system-out><![CDATA[
@TestCaseMPAAAC-10
Scenario: as user i want to register with empty email value &amp#27;[90m# src/test/resources/features/Register.feature:31&amp#27;[0m
10:46:40.570 [main] DEBUG io.cucumber.core.plugin.SerenityReporter - Running feature from file:///D:/D/QE_Alta/MiniProject/Web/Register-Web-Altashop/src/test/resources/features/Register.feature
10:46:40.574 [main] INFO  - 
  _____   ___   ___   _____     ___   _____     _     ___   _____   ___   ___  
 |_   _| | __| / __| |_   _|   / __| |_   _|   /_\   | _ \ |_   _| | __| |   \ 
   | |   | _|  \__ \   | |     \__ \   | |    / _ \  |   /   | |   | _|  | |) |
   |_|   |___| |___/   |_|     |___/   |_|   /_/ \_\ |_|_\   |_|   |___| |___/ 

as user i want to register with empty email value(as-a-user-i-have-be-able-to-success-register-so-that-i-can-see-login-page;as-user-i-want-to-register-with-empty-email-value)
--------------------------------------------------------------------------------
10:46:40.706 [main] INFO net.serenitybdd.core.webdriver.driverproviders.ChromeDriverProvider - Starting Chrome driver instance with capabilities:
10:46:40.707 [main] INFO net.serenitybdd.core.webdriver.driverproviders.ChromeDriverProvider - Capabilities {acceptInsecureCerts: true, browserName: chrome, goog:chromeOptions: {args: [remote-allow-origins=*, test-type, no-sandbox, ignore-certificate-errors, start-maximized, incognito, disable-infobars, disable-gpu, disable-default-apps, disable-popup-blocking, remote-allow-origins=*, test-type, no-sandbox, ignore-certificate-errors, start-maximized, incognito, disable-infobars, disable-gpu, disable-default-apps, disable-popup-blocking, remote-allow-origins=*], extensions: []}}
10:46:41.309 [AsyncHttpClient-1-3] DEBUG org.asynchttpclient.netty.channel.NettyConnectListener - Using new Channel '[id: 0xb86a6c23, L:/127.0.0.1:54655 - R:localhost/127.0.0.1:22141]' for 'POST' to '/session'
10:46:42.480 [AsyncHttpClient-1-3] DEBUG org.asynchttpclient.netty.handler.HttpHandler - 

Request DefaultHttpRequest(decodeResult: success, version: HTTP/1.1)
POST /session HTTP/1.1
User-Agent: selenium/4.8.1 (java windows)
Content-Length: 1701
Content-Type: application/json; charset=utf-8
host: localhost:22141
accept: */*

Response DefaultHttpResponse(decodeResult: success, version: HTTP/1.1)
HTTP/1.1 200 OK
Content-Length: 861
Content-Type: application/json; charset=utf-8
cache-control: no-cache

10:46:42.480 [AsyncHttpClient-1-3] DEBUG org.asynchttpclient.netty.channel.ChannelManager - Adding key: http://localhost:22141 for channel [id: 0xb86a6c23, L:/127.0.0.1:54655 - R:localhost/127.0.0.1:22141]
10:46:42.504 [AsyncHttpClient-1-4] DEBUG org.asynchttpclient.netty.channel.NettyConnectListener - Using new Channel '[id: 0x2bb7db47, L:/127.0.0.1:54662 - R:localhost/127.0.0.1:54657]' for 'GET' to '/json/version'
10:46:42.506 [AsyncHttpClient-1-4] DEBUG org.asynchttpclient.netty.handler.HttpHandler - 

Request DefaultFullHttpRequest(decodeResult: success, version: HTTP/1.1, content: EmptyByteBufBE)
GET /json/version HTTP/1.1
User-Agent: selenium/4.8.1 (java windows)
host: localhost:54657
accept: */*

Response DefaultHttpResponse(decodeResult: success, version: HTTP/1.1)
HTTP/1.1 200 OK
Content-Security-Policy: frame-ancestors 'none'
Content-Length: 422
Content-Type: application/json; charset=UTF-8

10:46:42.506 [AsyncHttpClient-1-4] DEBUG org.asynchttpclient.netty.channel.ChannelManager - Adding key: http://localhost:54657 for channel [id: 0x2bb7db47, L:/127.0.0.1:54662 - R:localhost/127.0.0.1:54657]
10:46:42.511 [AsyncHttpClient-1-5] DEBUG org.asynchttpclient.netty.channel.NettyConnectListener - Using new Channel '[id: 0x428f2d3d, L:/127.0.0.1:54663 - R:localhost/127.0.0.1:54657]' for 'GET' to '/devtools/browser/b850e363-c02b-4fe3-9eb1-7140bc744bdc'
10:46:42.512 [AsyncHttpClient-1-5] DEBUG org.asynchttpclient.netty.handler.WebSocketHandler - 

Request DefaultFullHttpRequest(decodeResult: success, version: HTTP/1.1, content: EmptyByteBufBE)
GET /devtools/browser/b850e363-c02b-4fe3-9eb1-7140bc744bdc HTTP/1.1
upgrade: websocket
connection: upgrade
sec-websocket-key: +92/jXzRCEVZ/tfspDMFYQ==
sec-websocket-version: 13
origin: http://localhost:54657
host: localhost:54657
accept: */*
user-agent: AHC/2.1

Response DefaultHttpResponse(decodeResult: success, version: HTTP/1.1)
HTTP/1.1 101 WebSocket Protocol Handshake
Upgrade: WebSocket
Connection: Upgrade
Sec-WebSocket-Accept: O2VKjKjZD5f7CfPISiWiLRrnVbA=

10:46:42.517 [Forwarding get on session 76111a8bbe18b701f00d11d6274d6954 to remote] DEBUG org.asynchttpclient.netty.request.NettyRequestSender - Using pooled Channel '[id: 0xb86a6c23, L:/127.0.0.1:54655 - R:localhost/127.0.0.1:22141]' for 'POST' to 'http://localhost:22141/session/76111a8bbe18b701f00d11d6274d6954/url'
10:46:42.517 [Forwarding get on session 76111a8bbe18b701f00d11d6274d6954 to remote] DEBUG org.asynchttpclient.netty.request.NettyRequestSender - Using open Channel [id: 0xb86a6c23, L:/127.0.0.1:54655 - R:localhost/127.0.0.1:22141] for POST '/session/76111a8bbe18b701f00d11d6274d6954/url'
10:46:43.501 [AsyncHttpClient-1-1] DEBUG org.asynchttpclient.netty.channel.DefaultChannelPool - Entry count for : http://localhost:54657 : 1
10:46:43.936 [AsyncHttpClient-1-3] DEBUG org.asynchttpclient.netty.handler.HttpHandler - 

Request DefaultHttpRequest(decodeResult: success, version: HTTP/1.1)
POST /session/76111a8bbe18b701f00d11d6274d6954/url HTTP/1.1
User-Agent: selenium/4.8.1 (java windows)
Content-Length: 77
Content-Type: application/json; charset=utf-8
host: localhost:22141
accept: */*

Response DefaultHttpResponse(decodeResult: success, version: HTTP/1.1)
HTTP/1.1 200 OK
Content-Length: 14
Content-Type: application/json; charset=utf-8
cache-control: no-cache

10:46:43.937 [AsyncHttpClient-1-3] DEBUG org.asynchttpclient.netty.channel.ChannelManager - Adding key: http://localhost:22141 for channel [id: 0xb86a6c23, L:/127.0.0.1:54655 - R:localhost/127.0.0.1:22141]
10:46:43.941 [Forwarding setTimeout on session 76111a8bbe18b701f00d11d6274d6954 to remote] DEBUG org.asynchttpclient.netty.request.NettyRequestSender - Using pooled Channel '[id: 0xb86a6c23, L:/127.0.0.1:54655 - R:localhost/127.0.0.1:22141]' for 'POST' to 'http://localhost:22141/session/76111a8bbe18b701f00d11d6274d6954/timeouts'
10:46:43.941 [Forwarding setTimeout on session 76111a8bbe18b701f00d11d6274d6954 to remote] DEBUG org.asynchttpclient.netty.request.NettyRequestSender - Using open Channel [id: 0xb86a6c23, L:/127.0.0.1:54655 - R:localhost/127.0.0.1:22141] for POST '/session/76111a8bbe18b701f00d11d6274d6954/timeouts'
10:46:43.946 [AsyncHttpClient-1-3] DEBUG org.asynchttpclient.netty.handler.HttpHandler - 

Request DefaultHttpRequest(decodeResult: success, version: HTTP/1.1)
POST /session/76111a8bbe18b701f00d11d6274d6954/timeouts HTTP/1.1
User-Agent: selenium/4.8.1 (java windows)
Content-Length: 22
Content-Type: application/json; charset=utf-8
host: localhost:22141
accept: */*

Response DefaultHttpResponse(decodeResult: success, version: HTTP/1.1)
HTTP/1.1 200 OK
Content-Length: 14
Content-Type: application/json; charset=utf-8
cache-control: no-cache

10:46:43.946 [AsyncHttpClient-1-3] DEBUG org.asynchttpclient.netty.channel.ChannelManager - Adding key: http://localhost:22141 for channel [id: 0xb86a6c23, L:/127.0.0.1:54655 - R:localhost/127.0.0.1:22141]
10:46:43.953 [Forwarding findElement on session 76111a8bbe18b701f00d11d6274d6954 to remote] DEBUG org.asynchttpclient.netty.request.NettyRequestSender - Using pooled Channel '[id: 0xb86a6c23, L:/127.0.0.1:54655 - R:localhost/127.0.0.1:22141]' for 'POST' to 'http://localhost:22141/session/76111a8bbe18b701f00d11d6274d6954/element'
10:46:43.953 [Forwarding findElement on session 76111a8bbe18b701f00d11d6274d6954 to remote] DEBUG org.asynchttpclient.netty.request.NettyRequestSender - Using open Channel [id: 0xb86a6c23, L:/127.0.0.1:54655 - R:localhost/127.0.0.1:22141] for POST '/session/76111a8bbe18b701f00d11d6274d6954/element'
10:46:43.978 [AsyncHttpClient-1-3] DEBUG org.asynchttpclient.netty.handler.HttpHandler - 

Request DefaultHttpRequest(decodeResult: success, version: HTTP/1.1)
POST /session/76111a8bbe18b701f00d11d6274d6954/element HTTP/1.1
User-Agent: selenium/4.8.1 (java windows)
Content-Length: 72
Content-Type: application/json; charset=utf-8
host: localhost:22141
accept: */*

Response DefaultHttpResponse(decodeResult: success, version: HTTP/1.1)
HTTP/1.1 200 OK
Content-Length: 88
Content-Type: application/json; charset=utf-8
cache-control: no-cache

10:46:43.978 [AsyncHttpClient-1-3] DEBUG org.asynchttpclient.netty.channel.ChannelManager - Adding key: http://localhost:22141 for channel [id: 0xb86a6c23, L:/127.0.0.1:54655 - R:localhost/127.0.0.1:22141]
10:46:43.983 [Forwarding isElementDisplayed on session 76111a8bbe18b701f00d11d6274d6954 to remote] DEBUG org.asynchttpclient.netty.request.NettyRequestSender - Using pooled Channel '[id: 0xb86a6c23, L:/127.0.0.1:54655 - R:localhost/127.0.0.1:22141]' for 'POST' to 'http://localhost:22141/session/76111a8bbe18b701f00d11d6274d6954/execute/sync'
10:46:43.983 [Forwarding isElementDisplayed on session 76111a8bbe18b701f00d11d6274d6954 to remote] DEBUG org.asynchttpclient.netty.request.NettyRequestSender - Using open Channel [id: 0xb86a6c23, L:/127.0.0.1:54655 - R:localhost/127.0.0.1:22141] for POST '/session/76111a8bbe18b701f00d11d6274d6954/execute/sync'
10:46:44.002 [AsyncHttpClient-1-3] DEBUG org.asynchttpclient.netty.handler.HttpHandler - 

Request DefaultHttpRequest(decodeResult: success, version: HTTP/1.1)
POST /session/76111a8bbe18b701f00d11d6274d6954/execute/sync HTTP/1.1
User-Agent: selenium/4.8.1 (java windows)
Content-Length: 48807
Content-Type: application/json; charset=utf-8
host: localhost:22141
accept: */*

Response DefaultHttpResponse(decodeResult: success, version: HTTP/1.1)
HTTP/1.1 200 OK
Content-Length: 14
Content-Type: application/json; charset=utf-8
cache-control: no-cache

10:46:44.002 [AsyncHttpClient-1-3] DEBUG org.asynchttpclient.netty.channel.ChannelManager - Adding key: http://localhost:22141 for channel [id: 0xb86a6c23, L:/127.0.0.1:54655 - R:localhost/127.0.0.1:22141]
10:46:44.008 [Forwarding isElementDisplayed on session 76111a8bbe18b701f00d11d6274d6954 to remote] DEBUG org.asynchttpclient.netty.request.NettyRequestSender - Using pooled Channel '[id: 0xb86a6c23, L:/127.0.0.1:54655 - R:localhost/127.0.0.1:22141]' for 'POST' to 'http://localhost:22141/session/76111a8bbe18b701f00d11d6274d6954/execute/sync'
10:46:44.008 [Forwarding isElementDisplayed on session 76111a8bbe18b701f00d11d6274d6954 to remote] DEBUG org.asynchttpclient.netty.request.NettyRequestSender - Using open Channel [id: 0xb86a6c23, L:/127.0.0.1:54655 - R:localhost/127.0.0.1:22141] for POST '/session/76111a8bbe18b701f00d11d6274d6954/execute/sync'
10:46:44.025 [AsyncHttpClient-1-3] DEBUG org.asynchttpclient.netty.handler.HttpHandler - 

Request DefaultHttpRequest(decodeResult: success, version: HTTP/1.1)
POST /session/76111a8bbe18b701f00d11d6274d6954/execute/sync HTTP/1.1
User-Agent: selenium/4.8.1 (java windows)
Content-Length: 48807
Content-Type: application/json; charset=utf-8
host: localhost:22141
accept: */*

Response DefaultHttpResponse(decodeResult: success, version: HTTP/1.1)
HTTP/1.1 200 OK
Content-Length: 14
Content-Type: application/json; charset=utf-8
cache-control: no-cache

10:46:44.025 [AsyncHttpClient-1-3] DEBUG org.asynchttpclient.netty.channel.ChannelManager - Adding key: http://localhost:22141 for channel [id: 0xb86a6c23, L:/127.0.0.1:54655 - R:localhost/127.0.0.1:22141]
  &amp#27;[32mGiven &amp#27;[0m&amp#27;[32muser on register page&amp#27;[0m                               &amp#27;[90m# starter.stepdefinitions.RegisterSteps.userOnRegisterPage()&amp#27;[0m
10:46:44.039 [Forwarding findElement on session 76111a8bbe18b701f00d11d6274d6954 to remote] DEBUG org.asynchttpclient.netty.request.NettyRequestSender - Using pooled Channel '[id: 0xb86a6c23, L:/127.0.0.1:54655 - R:localhost/127.0.0.1:22141]' for 'POST' to 'http://localhost:22141/session/76111a8bbe18b701f00d11d6274d6954/element'
10:46:44.041 [Forwarding findElement on session 76111a8bbe18b701f00d11d6274d6954 to remote] DEBUG org.asynchttpclient.netty.request.NettyRequestSender - Using open Channel [id: 0xb86a6c23, L:/127.0.0.1:54655 - R:localhost/127.0.0.1:22141] for POST '/session/76111a8bbe18b701f00d11d6274d6954/element'
10:46:44.058 [AsyncHttpClient-1-3] DEBUG org.asynchttpclient.netty.handler.HttpHandler - 

Request DefaultHttpRequest(decodeResult: success, version: HTTP/1.1)
POST /session/76111a8bbe18b701f00d11d6274d6954/element HTTP/1.1
User-Agent: selenium/4.8.1 (java windows)
Content-Length: 55
Content-Type: application/json; charset=utf-8
host: localhost:22141
accept: */*

Response DefaultHttpResponse(decodeResult: success, version: HTTP/1.1)
HTTP/1.1 200 OK
Content-Length: 88
Content-Type: application/json; charset=utf-8
cache-control: no-cache

10:46:44.058 [AsyncHttpClient-1-3] DEBUG org.asynchttpclient.netty.channel.ChannelManager - Adding key: http://localhost:22141 for channel [id: 0xb86a6c23, L:/127.0.0.1:54655 - R:localhost/127.0.0.1:22141]
10:46:44.060 [Forwarding clearElement on session 76111a8bbe18b701f00d11d6274d6954 to remote] DEBUG org.asynchttpclient.netty.request.NettyRequestSender - Using pooled Channel '[id: 0xb86a6c23, L:/127.0.0.1:54655 - R:localhost/127.0.0.1:22141]' for 'POST' to 'http://localhost:22141/session/76111a8bbe18b701f00d11d6274d6954/element/da737092-cda7-40ba-a172-c6266f86d00f/clear'
10:46:44.060 [Forwarding clearElement on session 76111a8bbe18b701f00d11d6274d6954 to remote] DEBUG org.asynchttpclient.netty.request.NettyRequestSender - Using open Channel [id: 0xb86a6c23, L:/127.0.0.1:54655 - R:localhost/127.0.0.1:22141] for POST '/session/76111a8bbe18b701f00d11d6274d6954/element/da737092-cda7-40ba-a172-c6266f86d00f/clear'
10:46:44.113 [AsyncHttpClient-1-3] DEBUG org.asynchttpclient.netty.handler.HttpHandler - 

Request DefaultHttpRequest(decodeResult: success, version: HTTP/1.1)
POST /session/76111a8bbe18b701f00d11d6274d6954/element/da737092-cda7-40ba-a172-c6266f86d00f/clear HTTP/1.1
User-Agent: selenium/4.8.1 (java windows)
Content-Length: 50
Content-Type: application/json; charset=utf-8
host: localhost:22141
accept: */*

Response DefaultHttpResponse(decodeResult: success, version: HTTP/1.1)
HTTP/1.1 200 OK
Content-Length: 14
Content-Type: application/json; charset=utf-8
cache-control: no-cache

10:46:44.114 [AsyncHttpClient-1-3] DEBUG org.asynchttpclient.netty.channel.ChannelManager - Adding key: http://localhost:22141 for channel [id: 0xb86a6c23, L:/127.0.0.1:54655 - R:localhost/127.0.0.1:22141]
10:46:44.116 [Forwarding sendKeysToElement on session 76111a8bbe18b701f00d11d6274d6954 to remote] DEBUG org.asynchttpclient.netty.request.NettyRequestSender - Using pooled Channel '[id: 0xb86a6c23, L:/127.0.0.1:54655 - R:localhost/127.0.0.1:22141]' for 'POST' to 'http://localhost:22141/session/76111a8bbe18b701f00d11d6274d6954/element/da737092-cda7-40ba-a172-c6266f86d00f/value'
10:46:44.116 [Forwarding sendKeysToElement on session 76111a8bbe18b701f00d11d6274d6954 to remote] DEBUG org.asynchttpclient.netty.request.NettyRequestSender - Using open Channel [id: 0xb86a6c23, L:/127.0.0.1:54655 - R:localhost/127.0.0.1:22141] for POST '/session/76111a8bbe18b701f00d11d6274d6954/element/da737092-cda7-40ba-a172-c6266f86d00f/value'
10:46:44.316 [AsyncHttpClient-1-3] DEBUG org.asynchttpclient.netty.handler.HttpHandler - 

Request DefaultHttpRequest(decodeResult: success, version: HTTP/1.1)
POST /session/76111a8bbe18b701f00d11d6274d6954/element/da737092-cda7-40ba-a172-c6266f86d00f/value HTTP/1.1
User-Agent: selenium/4.8.1 (java windows)
Content-Length: 271
Content-Type: application/json; charset=utf-8
host: localhost:22141
accept: */*

Response DefaultHttpResponse(decodeResult: success, version: HTTP/1.1)
HTTP/1.1 200 OK
Content-Length: 14
Content-Type: application/json; charset=utf-8
cache-control: no-cache

10:46:44.317 [AsyncHttpClient-1-3] DEBUG org.asynchttpclient.netty.channel.ChannelManager - Adding key: http://localhost:22141 for channel [id: 0xb86a6c23, L:/127.0.0.1:54655 - R:localhost/127.0.0.1:22141]
  &amp#27;[32mWhen &amp#27;[0m&amp#27;[32muser input valid complete name&amp#27;[0m                       &amp#27;[90m# starter.stepdefinitions.RegisterSteps.userInputValidCompleteName()&amp#27;[0m
10:46:44.334 [Forwarding findElement on session 76111a8bbe18b701f00d11d6274d6954 to remote] DEBUG org.asynchttpclient.netty.request.NettyRequestSender - Using pooled Channel '[id: 0xb86a6c23, L:/127.0.0.1:54655 - R:localhost/127.0.0.1:22141]' for 'POST' to 'http://localhost:22141/session/76111a8bbe18b701f00d11d6274d6954/element'
10:46:44.334 [Forwarding findElement on session 76111a8bbe18b701f00d11d6274d6954 to remote] DEBUG org.asynchttpclient.netty.request.NettyRequestSender - Using open Channel [id: 0xb86a6c23, L:/127.0.0.1:54655 - R:localhost/127.0.0.1:22141] for POST '/session/76111a8bbe18b701f00d11d6274d6954/element'
10:46:44.352 [AsyncHttpClient-1-3] DEBUG org.asynchttpclient.netty.handler.HttpHandler - 

Request DefaultHttpRequest(decodeResult: success, version: HTTP/1.1)
POST /session/76111a8bbe18b701f00d11d6274d6954/element HTTP/1.1
User-Agent: selenium/4.8.1 (java windows)
Content-Length: 55
Content-Type: application/json; charset=utf-8
host: localhost:22141
accept: */*

Response DefaultHttpResponse(decodeResult: success, version: HTTP/1.1)
HTTP/1.1 200 OK
Content-Length: 88
Content-Type: application/json; charset=utf-8
cache-control: no-cache

10:46:44.352 [AsyncHttpClient-1-3] DEBUG org.asynchttpclient.netty.channel.ChannelManager - Adding key: http://localhost:22141 for channel [id: 0xb86a6c23, L:/127.0.0.1:54655 - R:localhost/127.0.0.1:22141]
10:46:44.354 [Forwarding clearElement on session 76111a8bbe18b701f00d11d6274d6954 to remote] DEBUG org.asynchttpclient.netty.request.NettyRequestSender - Using pooled Channel '[id: 0xb86a6c23, L:/127.0.0.1:54655 - R:localhost/127.0.0.1:22141]' for 'POST' to 'http://localhost:22141/session/76111a8bbe18b701f00d11d6274d6954/element/a67c4425-1993-4200-9e2d-e61417956adf/clear'
10:46:44.354 [Forwarding clearElement on session 76111a8bbe18b701f00d11d6274d6954 to remote] DEBUG org.asynchttpclient.netty.request.NettyRequestSender - Using open Channel [id: 0xb86a6c23, L:/127.0.0.1:54655 - R:localhost/127.0.0.1:22141] for POST '/session/76111a8bbe18b701f00d11d6274d6954/element/a67c4425-1993-4200-9e2d-e61417956adf/clear'
10:46:44.403 [AsyncHttpClient-1-3] DEBUG org.asynchttpclient.netty.handler.HttpHandler - 

Request DefaultHttpRequest(decodeResult: success, version: HTTP/1.1)
POST /session/76111a8bbe18b701f00d11d6274d6954/element/a67c4425-1993-4200-9e2d-e61417956adf/clear HTTP/1.1
User-Agent: selenium/4.8.1 (java windows)
Content-Length: 50
Content-Type: application/json; charset=utf-8
host: localhost:22141
accept: */*

Response DefaultHttpResponse(decodeResult: success, version: HTTP/1.1)
HTTP/1.1 200 OK
Content-Length: 14
Content-Type: application/json; charset=utf-8
cache-control: no-cache

10:46:44.403 [AsyncHttpClient-1-3] DEBUG org.asynchttpclient.netty.channel.ChannelManager - Adding key: http://localhost:22141 for channel [id: 0xb86a6c23, L:/127.0.0.1:54655 - R:localhost/127.0.0.1:22141]
10:46:44.408 [Forwarding sendKeysToElement on session 76111a8bbe18b701f00d11d6274d6954 to remote] DEBUG org.asynchttpclient.netty.request.NettyRequestSender - Using pooled Channel '[id: 0xb86a6c23, L:/127.0.0.1:54655 - R:localhost/127.0.0.1:22141]' for 'POST' to 'http://localhost:22141/session/76111a8bbe18b701f00d11d6274d6954/element/a67c4425-1993-4200-9e2d-e61417956adf/value'
10:46:44.408 [Forwarding sendKeysToElement on session 76111a8bbe18b701f00d11d6274d6954 to remote] DEBUG org.asynchttpclient.netty.request.NettyRequestSender - Using open Channel [id: 0xb86a6c23, L:/127.0.0.1:54655 - R:localhost/127.0.0.1:22141] for POST '/session/76111a8bbe18b701f00d11d6274d6954/element/a67c4425-1993-4200-9e2d-e61417956adf/value'
10:46:44.467 [AsyncHttpClient-1-3] DEBUG org.asynchttpclient.netty.handler.HttpHandler - 

Request DefaultHttpRequest(decodeResult: success, version: HTTP/1.1)
POST /session/76111a8bbe18b701f00d11d6274d6954/element/a67c4425-1993-4200-9e2d-e61417956adf/value HTTP/1.1
User-Agent: selenium/4.8.1 (java windows)
Content-Length: 82
Content-Type: application/json; charset=utf-8
host: localhost:22141
accept: */*

Response DefaultHttpResponse(decodeResult: success, version: HTTP/1.1)
HTTP/1.1 200 OK
Content-Length: 14
Content-Type: application/json; charset=utf-8
cache-control: no-cache

10:46:44.467 [AsyncHttpClient-1-3] DEBUG org.asynchttpclient.netty.channel.ChannelManager - Adding key: http://localhost:22141 for channel [id: 0xb86a6c23, L:/127.0.0.1:54655 - R:localhost/127.0.0.1:22141]
  &amp#27;[32mAnd &amp#27;[0m&amp#27;[32muser input empty email&amp#27;[0m                                &amp#27;[90m# starter.stepdefinitions.RegisterSteps.userInputEmptyEmail()&amp#27;[0m
10:46:44.486 [Forwarding findElement on session 76111a8bbe18b701f00d11d6274d6954 to remote] DEBUG org.asynchttpclient.netty.request.NettyRequestSender - Using pooled Channel '[id: 0xb86a6c23, L:/127.0.0.1:54655 - R:localhost/127.0.0.1:22141]' for 'POST' to 'http://localhost:22141/session/76111a8bbe18b701f00d11d6274d6954/element'
10:46:44.486 [Forwarding findElement on session 76111a8bbe18b701f00d11d6274d6954 to remote] DEBUG org.asynchttpclient.netty.request.NettyRequestSender - Using open Channel [id: 0xb86a6c23, L:/127.0.0.1:54655 - R:localhost/127.0.0.1:22141] for POST '/session/76111a8bbe18b701f00d11d6274d6954/element'
10:46:44.506 [AsyncHttpClient-1-3] DEBUG org.asynchttpclient.netty.handler.HttpHandler - 

Request DefaultHttpRequest(decodeResult: success, version: HTTP/1.1)
POST /session/76111a8bbe18b701f00d11d6274d6954/element HTTP/1.1
User-Agent: selenium/4.8.1 (java windows)
Content-Length: 55
Content-Type: application/json; charset=utf-8
host: localhost:22141
accept: */*

Response DefaultHttpResponse(decodeResult: success, version: HTTP/1.1)
HTTP/1.1 200 OK
Content-Length: 88
Content-Type: application/json; charset=utf-8
cache-control: no-cache

10:46:44.506 [AsyncHttpClient-1-3] DEBUG org.asynchttpclient.netty.channel.ChannelManager - Adding key: http://localhost:22141 for channel [id: 0xb86a6c23, L:/127.0.0.1:54655 - R:localhost/127.0.0.1:22141]
10:46:44.509 [Forwarding clearElement on session 76111a8bbe18b701f00d11d6274d6954 to remote] DEBUG org.asynchttpclient.netty.request.NettyRequestSender - Using pooled Channel '[id: 0xb86a6c23, L:/127.0.0.1:54655 - R:localhost/127.0.0.1:22141]' for 'POST' to 'http://localhost:22141/session/76111a8bbe18b701f00d11d6274d6954/element/96125d9c-3d96-4641-aff6-718b6c5f5c69/clear'
10:46:44.509 [Forwarding clearElement on session 76111a8bbe18b701f00d11d6274d6954 to remote] DEBUG org.asynchttpclient.netty.request.NettyRequestSender - Using open Channel [id: 0xb86a6c23, L:/127.0.0.1:54655 - R:localhost/127.0.0.1:22141] for POST '/session/76111a8bbe18b701f00d11d6274d6954/element/96125d9c-3d96-4641-aff6-718b6c5f5c69/clear'
10:46:44.562 [AsyncHttpClient-1-3] DEBUG org.asynchttpclient.netty.handler.HttpHandler - 

Request DefaultHttpRequest(decodeResult: success, version: HTTP/1.1)
POST /session/76111a8bbe18b701f00d11d6274d6954/element/96125d9c-3d96-4641-aff6-718b6c5f5c69/clear HTTP/1.1
User-Agent: selenium/4.8.1 (java windows)
Content-Length: 50
Content-Type: application/json; charset=utf-8
host: localhost:22141
accept: */*

Response DefaultHttpResponse(decodeResult: success, version: HTTP/1.1)
HTTP/1.1 200 OK
Content-Length: 14
Content-Type: application/json; charset=utf-8
cache-control: no-cache

10:46:44.562 [AsyncHttpClient-1-3] DEBUG org.asynchttpclient.netty.channel.ChannelManager - Adding key: http://localhost:22141 for channel [id: 0xb86a6c23, L:/127.0.0.1:54655 - R:localhost/127.0.0.1:22141]
10:46:44.564 [Forwarding sendKeysToElement on session 76111a8bbe18b701f00d11d6274d6954 to remote] DEBUG org.asynchttpclient.netty.request.NettyRequestSender - Using pooled Channel '[id: 0xb86a6c23, L:/127.0.0.1:54655 - R:localhost/127.0.0.1:22141]' for 'POST' to 'http://localhost:22141/session/76111a8bbe18b701f00d11d6274d6954/element/96125d9c-3d96-4641-aff6-718b6c5f5c69/value'
10:46:44.565 [Forwarding sendKeysToElement on session 76111a8bbe18b701f00d11d6274d6954 to remote] DEBUG org.asynchttpclient.netty.request.NettyRequestSender - Using open Channel [id: 0xb86a6c23, L:/127.0.0.1:54655 - R:localhost/127.0.0.1:22141] for POST '/session/76111a8bbe18b701f00d11d6274d6954/element/96125d9c-3d96-4641-aff6-718b6c5f5c69/value'
10:46:44.600 [AsyncHttpClient-1-1] DEBUG org.asynchttpclient.netty.channel.DefaultChannelPool - Entry count for : http://localhost:54657 : 1
10:46:44.684 [AsyncHttpClient-1-3] DEBUG org.asynchttpclient.netty.handler.HttpHandler - 

Request DefaultHttpRequest(decodeResult: success, version: HTTP/1.1)
POST /session/76111a8bbe18b701f00d11d6274d6954/element/96125d9c-3d96-4641-aff6-718b6c5f5c69/value HTTP/1.1
User-Agent: selenium/4.8.1 (java windows)
Content-Length: 141
Content-Type: application/json; charset=utf-8
host: localhost:22141
accept: */*

Response DefaultHttpResponse(decodeResult: success, version: HTTP/1.1)
HTTP/1.1 200 OK
Content-Length: 14
Content-Type: application/json; charset=utf-8
cache-control: no-cache

10:46:44.684 [AsyncHttpClient-1-3] DEBUG org.asynchttpclient.netty.channel.ChannelManager - Adding key: http://localhost:22141 for channel [id: 0xb86a6c23, L:/127.0.0.1:54655 - R:localhost/127.0.0.1:22141]
  &amp#27;[32mAnd &amp#27;[0m&amp#27;[32muser input valid password&amp#27;[0m                             &amp#27;[90m# starter.stepdefinitions.RegisterSteps.userInputValidPassword()&amp#27;[0m
10:46:44.702 [Forwarding findElement on session 76111a8bbe18b701f00d11d6274d6954 to remote] DEBUG org.asynchttpclient.netty.request.NettyRequestSender - Using pooled Channel '[id: 0xb86a6c23, L:/127.0.0.1:54655 - R:localhost/127.0.0.1:22141]' for 'POST' to 'http://localhost:22141/session/76111a8bbe18b701f00d11d6274d6954/element'
10:46:44.702 [Forwarding findElement on session 76111a8bbe18b701f00d11d6274d6954 to remote] DEBUG org.asynchttpclient.netty.request.NettyRequestSender - Using open Channel [id: 0xb86a6c23, L:/127.0.0.1:54655 - R:localhost/127.0.0.1:22141] for POST '/session/76111a8bbe18b701f00d11d6274d6954/element'
10:46:44.713 [AsyncHttpClient-1-3] DEBUG org.asynchttpclient.netty.handler.HttpHandler - 

Request DefaultHttpRequest(decodeResult: success, version: HTTP/1.1)
POST /session/76111a8bbe18b701f00d11d6274d6954/element HTTP/1.1
User-Agent: selenium/4.8.1 (java windows)
Content-Length: 72
Content-Type: application/json; charset=utf-8
host: localhost:22141
accept: */*

Response DefaultHttpResponse(decodeResult: success, version: HTTP/1.1)
HTTP/1.1 200 OK
Content-Length: 88
Content-Type: application/json; charset=utf-8
cache-control: no-cache

10:46:44.713 [AsyncHttpClient-1-3] DEBUG org.asynchttpclient.netty.channel.ChannelManager - Adding key: http://localhost:22141 for channel [id: 0xb86a6c23, L:/127.0.0.1:54655 - R:localhost/127.0.0.1:22141]
10:46:44.715 [Forwarding getElementTagName on session 76111a8bbe18b701f00d11d6274d6954 to remote] DEBUG org.asynchttpclient.netty.request.NettyRequestSender - Using pooled Channel '[id: 0xb86a6c23, L:/127.0.0.1:54655 - R:localhost/127.0.0.1:22141]' for 'GET' to 'http://localhost:22141/session/76111a8bbe18b701f00d11d6274d6954/element/dd934d19-6c88-4278-9a3e-4b73e0721323/name'
10:46:44.715 [Forwarding getElementTagName on session 76111a8bbe18b701f00d11d6274d6954 to remote] DEBUG org.asynchttpclient.netty.request.NettyRequestSender - Using open Channel [id: 0xb86a6c23, L:/127.0.0.1:54655 - R:localhost/127.0.0.1:22141] for GET '/session/76111a8bbe18b701f00d11d6274d6954/element/dd934d19-6c88-4278-9a3e-4b73e0721323/name'
10:46:44.723 [AsyncHttpClient-1-3] DEBUG org.asynchttpclient.netty.handler.HttpHandler - 

Request DefaultFullHttpRequest(decodeResult: success, version: HTTP/1.1, content: EmptyByteBufBE)
GET /session/76111a8bbe18b701f00d11d6274d6954/element/dd934d19-6c88-4278-9a3e-4b73e0721323/name HTTP/1.1
User-Agent: selenium/4.8.1 (java windows)
Cache-Control: no-cache
Content-Type: application/json; charset=utf-8
host: localhost:22141
accept: */*

Response DefaultHttpResponse(decodeResult: success, version: HTTP/1.1)
HTTP/1.1 200 OK
Content-Length: 16
Content-Type: application/json; charset=utf-8
cache-control: no-cache

10:46:44.724 [AsyncHttpClient-1-3] DEBUG org.asynchttpclient.netty.channel.ChannelManager - Adding key: http://localhost:22141 for channel [id: 0xb86a6c23, L:/127.0.0.1:54655 - R:localhost/127.0.0.1:22141]
10:46:44.726 [Forwarding getElementTagName on session 76111a8bbe18b701f00d11d6274d6954 to remote] DEBUG org.asynchttpclient.netty.request.NettyRequestSender - Using pooled Channel '[id: 0xb86a6c23, L:/127.0.0.1:54655 - R:localhost/127.0.0.1:22141]' for 'GET' to 'http://localhost:22141/session/76111a8bbe18b701f00d11d6274d6954/element/dd934d19-6c88-4278-9a3e-4b73e0721323/name'
10:46:44.726 [Forwarding getElementTagName on session 76111a8bbe18b701f00d11d6274d6954 to remote] DEBUG org.asynchttpclient.netty.request.NettyRequestSender - Using open Channel [id: 0xb86a6c23, L:/127.0.0.1:54655 - R:localhost/127.0.0.1:22141] for GET '/session/76111a8bbe18b701f00d11d6274d6954/element/dd934d19-6c88-4278-9a3e-4b73e0721323/name'
10:46:44.730 [AsyncHttpClient-1-3] DEBUG org.asynchttpclient.netty.handler.HttpHandler - 

Request DefaultFullHttpRequest(decodeResult: success, version: HTTP/1.1, content: EmptyByteBufBE)
GET /session/76111a8bbe18b701f00d11d6274d6954/element/dd934d19-6c88-4278-9a3e-4b73e0721323/name HTTP/1.1
User-Agent: selenium/4.8.1 (java windows)
Cache-Control: no-cache
Content-Type: application/json; charset=utf-8
host: localhost:22141
accept: */*

Response DefaultHttpResponse(decodeResult: success, version: HTTP/1.1)
HTTP/1.1 200 OK
Content-Length: 16
Content-Type: application/json; charset=utf-8
cache-control: no-cache

10:46:44.730 [AsyncHttpClient-1-3] DEBUG org.asynchttpclient.netty.channel.ChannelManager - Adding key: http://localhost:22141 for channel [id: 0xb86a6c23, L:/127.0.0.1:54655 - R:localhost/127.0.0.1:22141]
10:46:44.732 [Forwarding findElement on session 76111a8bbe18b701f00d11d6274d6954 to remote] DEBUG org.asynchttpclient.netty.request.NettyRequestSender - Using pooled Channel '[id: 0xb86a6c23, L:/127.0.0.1:54655 - R:localhost/127.0.0.1:22141]' for 'POST' to 'http://localhost:22141/session/76111a8bbe18b701f00d11d6274d6954/element'
10:46:44.733 [Forwarding findElement on session 76111a8bbe18b701f00d11d6274d6954 to remote] DEBUG org.asynchttpclient.netty.request.NettyRequestSender - Using open Channel [id: 0xb86a6c23, L:/127.0.0.1:54655 - R:localhost/127.0.0.1:22141] for POST '/session/76111a8bbe18b701f00d11d6274d6954/element'
10:46:44.747 [AsyncHttpClient-1-3] DEBUG org.asynchttpclient.netty.handler.HttpHandler - 

Request DefaultHttpRequest(decodeResult: success, version: HTTP/1.1)
POST /session/76111a8bbe18b701f00d11d6274d6954/element HTTP/1.1
User-Agent: selenium/4.8.1 (java windows)
Content-Length: 72
Content-Type: application/json; charset=utf-8
host: localhost:22141
accept: */*

Response DefaultHttpResponse(decodeResult: success, version: HTTP/1.1)
HTTP/1.1 200 OK
Content-Length: 88
Content-Type: application/json; charset=utf-8
cache-control: no-cache

10:46:44.748 [AsyncHttpClient-1-3] DEBUG org.asynchttpclient.netty.channel.ChannelManager - Adding key: http://localhost:22141 for channel [id: 0xb86a6c23, L:/127.0.0.1:54655 - R:localhost/127.0.0.1:22141]
10:46:44.750 [Forwarding clickElement on session 76111a8bbe18b701f00d11d6274d6954 to remote] DEBUG org.asynchttpclient.netty.request.NettyRequestSender - Using pooled Channel '[id: 0xb86a6c23, L:/127.0.0.1:54655 - R:localhost/127.0.0.1:22141]' for 'POST' to 'http://localhost:22141/session/76111a8bbe18b701f00d11d6274d6954/element/dd934d19-6c88-4278-9a3e-4b73e0721323/click'
10:46:44.750 [Forwarding clickElement on session 76111a8bbe18b701f00d11d6274d6954 to remote] DEBUG org.asynchttpclient.netty.request.NettyRequestSender - Using open Channel [id: 0xb86a6c23, L:/127.0.0.1:54655 - R:localhost/127.0.0.1:22141] for POST '/session/76111a8bbe18b701f00d11d6274d6954/element/dd934d19-6c88-4278-9a3e-4b73e0721323/click'
10:46:44.851 [AsyncHttpClient-1-3] DEBUG org.asynchttpclient.netty.handler.HttpHandler - 

Request DefaultHttpRequest(decodeResult: success, version: HTTP/1.1)
POST /session/76111a8bbe18b701f00d11d6274d6954/element/dd934d19-6c88-4278-9a3e-4b73e0721323/click HTTP/1.1
User-Agent: selenium/4.8.1 (java windows)
Content-Length: 50
Content-Type: application/json; charset=utf-8
host: localhost:22141
accept: */*

Response DefaultHttpResponse(decodeResult: success, version: HTTP/1.1)
HTTP/1.1 200 OK
Content-Length: 14
Content-Type: application/json; charset=utf-8
cache-control: no-cache

10:46:44.851 [AsyncHttpClient-1-3] DEBUG org.asynchttpclient.netty.channel.ChannelManager - Adding key: http://localhost:22141 for channel [id: 0xb86a6c23, L:/127.0.0.1:54655 - R:localhost/127.0.0.1:22141]
  &amp#27;[32mAnd &amp#27;[0m&amp#27;[32muser click login button&amp#27;[0m                               &amp#27;[90m# starter.stepdefinitions.RegisterSteps.userClickLoginButton()&amp#27;[0m
10:46:44.879 [Forwarding findElement on session 76111a8bbe18b701f00d11d6274d6954 to remote] DEBUG org.asynchttpclient.netty.request.NettyRequestSender - Using pooled Channel '[id: 0xb86a6c23, L:/127.0.0.1:54655 - R:localhost/127.0.0.1:22141]' for 'POST' to 'http://localhost:22141/session/76111a8bbe18b701f00d11d6274d6954/element'
10:46:44.879 [Forwarding findElement on session 76111a8bbe18b701f00d11d6274d6954 to remote] DEBUG org.asynchttpclient.netty.request.NettyRequestSender - Using open Channel [id: 0xb86a6c23, L:/127.0.0.1:54655 - R:localhost/127.0.0.1:22141] for POST '/session/76111a8bbe18b701f00d11d6274d6954/element'
10:46:45.048 [AsyncHttpClient-1-3] DEBUG org.asynchttpclient.netty.handler.HttpHandler - 

Request DefaultHttpRequest(decodeResult: success, version: HTTP/1.1)
POST /session/76111a8bbe18b701f00d11d6274d6954/element HTTP/1.1
User-Agent: selenium/4.8.1 (java windows)
Content-Length: 79
Content-Type: application/json; charset=utf-8
host: localhost:22141
accept: */*

Response DefaultHttpResponse(decodeResult: success, version: HTTP/1.1)
HTTP/1.1 200 OK
Content-Length: 88
Content-Type: application/json; charset=utf-8
cache-control: no-cache

10:46:45.048 [AsyncHttpClient-1-3] DEBUG org.asynchttpclient.netty.channel.ChannelManager - Adding key: http://localhost:22141 for channel [id: 0xb86a6c23, L:/127.0.0.1:54655 - R:localhost/127.0.0.1:22141]
10:46:45.058 [Forwarding isElementDisplayed on session 76111a8bbe18b701f00d11d6274d6954 to remote] DEBUG org.asynchttpclient.netty.request.NettyRequestSender - Using pooled Channel '[id: 0xb86a6c23, L:/127.0.0.1:54655 - R:localhost/127.0.0.1:22141]' for 'POST' to 'http://localhost:22141/session/76111a8bbe18b701f00d11d6274d6954/execute/sync'
10:46:45.058 [Forwarding isElementDisplayed on session 76111a8bbe18b701f00d11d6274d6954 to remote] DEBUG org.asynchttpclient.netty.request.NettyRequestSender - Using open Channel [id: 0xb86a6c23, L:/127.0.0.1:54655 - R:localhost/127.0.0.1:22141] for POST '/session/76111a8bbe18b701f00d11d6274d6954/execute/sync'
10:46:45.081 [AsyncHttpClient-1-3] DEBUG org.asynchttpclient.netty.handler.HttpHandler - 

Request DefaultHttpRequest(decodeResult: success, version: HTTP/1.1)
POST /session/76111a8bbe18b701f00d11d6274d6954/execute/sync HTTP/1.1
User-Agent: selenium/4.8.1 (java windows)
Content-Length: 48807
Content-Type: application/json; charset=utf-8
host: localhost:22141
accept: */*

Response DefaultHttpResponse(decodeResult: success, version: HTTP/1.1)
HTTP/1.1 200 OK
Content-Length: 14
Content-Type: application/json; charset=utf-8
cache-control: no-cache

10:46:45.082 [AsyncHttpClient-1-3] DEBUG org.asynchttpclient.netty.channel.ChannelManager - Adding key: http://localhost:22141 for channel [id: 0xb86a6c23, L:/127.0.0.1:54655 - R:localhost/127.0.0.1:22141]
10:46:45.086 [Forwarding isElementDisplayed on session 76111a8bbe18b701f00d11d6274d6954 to remote] DEBUG org.asynchttpclient.netty.request.NettyRequestSender - Using pooled Channel '[id: 0xb86a6c23, L:/127.0.0.1:54655 - R:localhost/127.0.0.1:22141]' for 'POST' to 'http://localhost:22141/session/76111a8bbe18b701f00d11d6274d6954/execute/sync'
10:46:45.086 [Forwarding isElementDisplayed on session 76111a8bbe18b701f00d11d6274d6954 to remote] DEBUG org.asynchttpclient.netty.request.NettyRequestSender - Using open Channel [id: 0xb86a6c23, L:/127.0.0.1:54655 - R:localhost/127.0.0.1:22141] for POST '/session/76111a8bbe18b701f00d11d6274d6954/execute/sync'
10:46:45.112 [AsyncHttpClient-1-3] DEBUG org.asynchttpclient.netty.handler.HttpHandler - 

Request DefaultHttpRequest(decodeResult: success, version: HTTP/1.1)
POST /session/76111a8bbe18b701f00d11d6274d6954/execute/sync HTTP/1.1
User-Agent: selenium/4.8.1 (java windows)
Content-Length: 48807
Content-Type: application/json; charset=utf-8
host: localhost:22141
accept: */*

Response DefaultHttpResponse(decodeResult: success, version: HTTP/1.1)
HTTP/1.1 200 OK
Content-Length: 14
Content-Type: application/json; charset=utf-8
cache-control: no-cache

10:46:45.112 [AsyncHttpClient-1-3] DEBUG org.asynchttpclient.netty.channel.ChannelManager - Adding key: http://localhost:22141 for channel [id: 0xb86a6c23, L:/127.0.0.1:54655 - R:localhost/127.0.0.1:22141]
  &amp#27;[32mThen &amp#27;[0m&amp#27;[32muser see error message&amp#27;[0m                               &amp#27;[90m# starter.stepdefinitions.RegisterSteps.userSeeErrorMessage()&amp#27;[0m
10:46:45.123 [main] INFO  - 
  _____   ___   ___   _____     ___     _     ___   ___   ___   ___  
 |_   _| | __| / __| |_   _|   | _ \   /_\   / __| / __| | __| |   \ 
   | |   | _|  \__ \   | |     |  _/  / _ \  \__ \ \__ \ | _|  | |) |
   |_|   |___| |___/   |_|     |_|   /_/ \_\ |___/ |___/ |___| |___/ 

as user i want to register with empty email value
----------------------------------------------------------------------
10:46:45.126 [AsyncHttpClient-1-5] DEBUG org.asynchttpclient.netty.handler.WebSocketHandler - Channel Closed: [id: 0x428f2d3d, L:/127.0.0.1:54663 ! R:localhost/127.0.0.1:54657] with attribute NettyResponseFuture{currentRetry=0,
	isDone=1,
	isCancelled=0,
	asyncHandler=org.asynchttpclient.ws.WebSocketUpgradeHandler@3a35f622,
	nettyRequest=org.asynchttpclient.netty.request.NettyRequest@71fe8020,
	future=java.util.concurrent.CompletableFuture@42556bb6[Completed normally],
	uri=ws://localhost:54657/devtools/browser/b850e363-c02b-4fe3-9eb1-7140bc744bdc,
	keepAlive=true,
	redirectCount=0,
	timeoutsHolder=null,
	inAuth=0,
	touch=1682308002512}
10:46:45.126 [AsyncHttpClient-1-5] DEBUG org.asynchttpclient.netty.channel.ChannelManager - Closing Channel [id: 0x428f2d3d, L:/127.0.0.1:54663 ! R:localhost/127.0.0.1:54657] 
10:46:45.132 [Driver Command Executor] DEBUG org.asynchttpclient.netty.request.NettyRequestSender - Using pooled Channel '[id: 0xb86a6c23, L:/127.0.0.1:54655 - R:localhost/127.0.0.1:22141]' for 'DELETE' to 'http://localhost:22141/session/76111a8bbe18b701f00d11d6274d6954'
10:46:45.132 [Driver Command Executor] DEBUG org.asynchttpclient.netty.request.NettyRequestSender - Using open Channel [id: 0xb86a6c23, L:/127.0.0.1:54655 - R:localhost/127.0.0.1:22141] for DELETE '/session/76111a8bbe18b701f00d11d6274d6954'
10:46:45.325 [AsyncHttpClient-1-4] DEBUG org.asynchttpclient.netty.handler.HttpHandler - Unexpected I/O exception on channel [id: 0x2bb7db47, L:/127.0.0.1:54662 - R:localhost/127.0.0.1:54657]
java.io.IOException: An existing connection was forcibly closed by the remote host
	at sun.nio.ch.SocketDispatcher.read0(Native Method)
	at sun.nio.ch.SocketDispatcher.read(SocketDispatcher.java:43)
	at sun.nio.ch.IOUtil.readIntoNativeBuffer(IOUtil.java:223)
	at sun.nio.ch.IOUtil.read(IOUtil.java:192)
	at sun.nio.ch.SocketChannelImpl.read(SocketChannelImpl.java:380)
	at io.netty.buffer.PooledByteBuf.setBytes(PooledByteBuf.java:259)
	at io.netty.buffer.AbstractByteBuf.writeBytes(AbstractByteBuf.java:1132)
	at io.netty.channel.socket.nio.NioSocketChannel.doReadBytes(NioSocketChannel.java:357)
	at io.netty.channel.nio.AbstractNioByteChannel$NioByteUnsafe.read(AbstractNioByteChannel.java:151)
	at io.netty.channel.nio.NioEventLoop.processSelectedKey(NioEventLoop.java:788)
	at io.netty.channel.nio.NioEventLoop.processSelectedKeysOptimized(NioEventLoop.java:724)
	at io.netty.channel.nio.NioEventLoop.processSelectedKeys(NioEventLoop.java:650)
	at io.netty.channel.nio.NioEventLoop.run(NioEventLoop.java:562)
	at io.netty.util.concurrent.SingleThreadEventExecutor$4.run(SingleThreadEventExecutor.java:997)
	at io.netty.util.internal.ThreadExecutorMap$2.run(ThreadExecutorMap.java:74)
	at io.netty.util.concurrent.FastThreadLocalRunnable.run(FastThreadLocalRunnable.java:30)
	at java.lang.Thread.run(Thread.java:748)
10:46:45.325 [AsyncHttpClient-1-4] DEBUG org.asynchttpclient.netty.channel.ChannelManager - Closing Channel [id: 0x2bb7db47, L:/127.0.0.1:54662 - R:localhost/127.0.0.1:54657] 
10:46:45.325 [AsyncHttpClient-1-4] DEBUG org.asynchttpclient.netty.handler.HttpHandler - Channel Closed: [id: 0x2bb7db47, L:/127.0.0.1:54662 ! R:localhost/127.0.0.1:54657] with attribute DISCARD
10:46:45.351 [AsyncHttpClient-1-3] DEBUG org.asynchttpclient.netty.handler.HttpHandler - 

Request DefaultFullHttpRequest(decodeResult: success, version: HTTP/1.1, content: EmptyByteBufBE)
DELETE /session/76111a8bbe18b701f00d11d6274d6954 HTTP/1.1
User-Agent: selenium/4.8.1 (java windows)
Content-Type: application/json; charset=utf-8
host: localhost:22141
accept: */*

Response DefaultHttpResponse(decodeResult: success, version: HTTP/1.1)
HTTP/1.1 200 OK
Content-Length: 14
Content-Type: application/json; charset=utf-8
cache-control: no-cache

10:46:45.352 [AsyncHttpClient-1-3] DEBUG org.asynchttpclient.netty.channel.ChannelManager - Adding key: http://localhost:22141 for channel [id: 0xb86a6c23, L:/127.0.0.1:54655 - R:localhost/127.0.0.1:22141]
10:46:45.433 [AsyncHttpClient-1-3] DEBUG org.asynchttpclient.netty.handler.HttpHandler - Channel Closed: [id: 0xb86a6c23, L:/127.0.0.1:54655 ! R:localhost/127.0.0.1:22141] with attribute DISCARD
10:46:45.701 [AsyncHttpClient-1-1] DEBUG org.asynchttpclient.netty.channel.DefaultChannelPool - Entry count for : http://localhost:54657 : 1
10:46:45.701 [AsyncHttpClient-1-1] DEBUG org.asynchttpclient.netty.channel.DefaultChannelPool - Entry count for : http://localhost:22141 : 1
10:46:45.701 [AsyncHttpClient-1-1] DEBUG org.asynchttpclient.netty.channel.DefaultChannelPool - Adding Candidate expired Channel [id: 0x2bb7db47, L:/127.0.0.1:54662 ! R:localhost/127.0.0.1:54657] isIdleTimeoutExpired=false isRemotelyClosed=true isTtlExpired=false
10:46:45.701 [AsyncHttpClient-1-1] DEBUG org.asynchttpclient.netty.channel.DefaultChannelPool - Closing Idle Channel [id: 0x2bb7db47, L:/127.0.0.1:54662 ! R:localhost/127.0.0.1:54657]
10:46:45.701 [AsyncHttpClient-1-1] DEBUG org.asynchttpclient.netty.channel.DefaultChannelPool - Adding Candidate expired Channel [id: 0xb86a6c23, L:/127.0.0.1:54655 ! R:localhost/127.0.0.1:22141] isIdleTimeoutExpired=false isRemotelyClosed=true isTtlExpired=false
10:46:45.701 [AsyncHttpClient-1-1] DEBUG org.asynchttpclient.netty.channel.DefaultChannelPool - Closing Idle Channel [id: 0xb86a6c23, L:/127.0.0.1:54655 ! R:localhost/127.0.0.1:22141]
10:46:45.701 [AsyncHttpClient-1-1] DEBUG org.asynchttpclient.netty.channel.DefaultChannelPool - Closed 2 connections out of 2 in 0 ms
]]></system-out>
    <system-err><![CDATA[Starting ChromeDriver 112.0.5615.49 (bd2a7bcb881c11e8cfe3078709382934e3916914-refs/branch-heads/5615@{#936}) on port 22141
Only local connections are allowed.
Please see https://chromedriver.chromium.org/security-considerations for suggestions on keeping ChromeDriver safe.
ChromeDriver was started successfully.
Apr 24, 2023 10:46:42 AM org.openqa.selenium.devtools.CdpVersionFinder findNearestMatch
WARNING: Unable to find an exact match for CDP version 112, so returning the closest version found: 110
]]></system-err>
  </testcase>
  <testcase name="as user i want to register with empty password value" classname="As a user i have be able to success register so that i can see login page" time="4.829">
    <system-out><![CDATA[
@TestCaseMPAAAC-11
Scenario: as user i want to register with empty password value &amp#27;[90m# src/test/resources/features/Register.feature:40&amp#27;[0m
10:46:45.975 [main] DEBUG io.cucumber.core.plugin.SerenityReporter - Running feature from file:///D:/D/QE_Alta/MiniProject/Web/Register-Web-Altashop/src/test/resources/features/Register.feature
10:46:45.978 [main] INFO  - 
  _____   ___   ___   _____     ___   _____     _     ___   _____   ___   ___  
 |_   _| | __| / __| |_   _|   / __| |_   _|   /_\   | _ \ |_   _| | __| |   \ 
   | |   | _|  \__ \   | |     \__ \   | |    / _ \  |   /   | |   | _|  | |) |
   |_|   |___| |___/   |_|     |___/   |_|   /_/ \_\ |_|_\   |_|   |___| |___/ 

as user i want to register with empty password value(as-a-user-i-have-be-able-to-success-register-so-that-i-can-see-login-page;as-user-i-want-to-register-with-empty-password-value)
--------------------------------------------------------------------------------
10:46:46.075 [main] INFO net.serenitybdd.core.webdriver.driverproviders.ChromeDriverProvider - Starting Chrome driver instance with capabilities:
10:46:46.075 [main] INFO net.serenitybdd.core.webdriver.driverproviders.ChromeDriverProvider - Capabilities {acceptInsecureCerts: true, browserName: chrome, goog:chromeOptions: {args: [remote-allow-origins=*, test-type, no-sandbox, ignore-certificate-errors, start-maximized, incognito, disable-infobars, disable-gpu, disable-default-apps, disable-popup-blocking, remote-allow-origins=*, test-type, no-sandbox, ignore-certificate-errors, start-maximized, incognito, disable-infobars, disable-gpu, disable-default-apps, disable-popup-blocking, remote-allow-origins=*], extensions: []}}
10:46:46.680 [AsyncHttpClient-1-6] DEBUG org.asynchttpclient.netty.channel.NettyConnectListener - Using new Channel '[id: 0xd6f8a7fc, L:/127.0.0.1:54683 - R:localhost/127.0.0.1:2548]' for 'POST' to '/session'
10:46:47.628 [AsyncHttpClient-1-6] DEBUG org.asynchttpclient.netty.handler.HttpHandler - 

Request DefaultHttpRequest(decodeResult: success, version: HTTP/1.1)
POST /session HTTP/1.1
User-Agent: selenium/4.8.1 (java windows)
Content-Length: 1701
Content-Type: application/json; charset=utf-8
host: localhost:2548
accept: */*

Response DefaultHttpResponse(decodeResult: success, version: HTTP/1.1)
HTTP/1.1 200 OK
Content-Length: 860
Content-Type: application/json; charset=utf-8
cache-control: no-cache

10:46:47.628 [AsyncHttpClient-1-6] DEBUG org.asynchttpclient.netty.channel.ChannelManager - Adding key: http://localhost:2548 for channel [id: 0xd6f8a7fc, L:/127.0.0.1:54683 - R:localhost/127.0.0.1:2548]
10:46:47.645 [AsyncHttpClient-1-7] DEBUG org.asynchttpclient.netty.channel.NettyConnectListener - Using new Channel '[id: 0x4f46c477, L:/127.0.0.1:54690 - R:localhost/127.0.0.1:54684]' for 'GET' to '/json/version'
10:46:47.646 [AsyncHttpClient-1-7] DEBUG org.asynchttpclient.netty.handler.HttpHandler - 

Request DefaultFullHttpRequest(decodeResult: success, version: HTTP/1.1, content: EmptyByteBufBE)
GET /json/version HTTP/1.1
User-Agent: selenium/4.8.1 (java windows)
host: localhost:54684
accept: */*

Response DefaultHttpResponse(decodeResult: success, version: HTTP/1.1)
HTTP/1.1 200 OK
Content-Security-Policy: frame-ancestors 'none'
Content-Length: 422
Content-Type: application/json; charset=UTF-8

10:46:47.646 [AsyncHttpClient-1-7] DEBUG org.asynchttpclient.netty.channel.ChannelManager - Adding key: http://localhost:54684 for channel [id: 0x4f46c477, L:/127.0.0.1:54690 - R:localhost/127.0.0.1:54684]
10:46:47.649 [AsyncHttpClient-1-8] DEBUG org.asynchttpclient.netty.channel.NettyConnectListener - Using new Channel '[id: 0x41aafd86, L:/127.0.0.1:54691 - R:localhost/127.0.0.1:54684]' for 'GET' to '/devtools/browser/2ad903c0-0366-4558-ac4b-d0e4cf6e51ee'
10:46:47.650 [AsyncHttpClient-1-8] DEBUG org.asynchttpclient.netty.handler.WebSocketHandler - 

Request DefaultFullHttpRequest(decodeResult: success, version: HTTP/1.1, content: EmptyByteBufBE)
GET /devtools/browser/2ad903c0-0366-4558-ac4b-d0e4cf6e51ee HTTP/1.1
upgrade: websocket
connection: upgrade
sec-websocket-key: kbC5qz3YnjlCoWK9rvq4zQ==
sec-websocket-version: 13
origin: http://localhost:54684
host: localhost:54684
accept: */*
user-agent: AHC/2.1

Response DefaultHttpResponse(decodeResult: success, version: HTTP/1.1)
HTTP/1.1 101 WebSocket Protocol Handshake
Upgrade: WebSocket
Connection: Upgrade
Sec-WebSocket-Accept: OqQaBIBbC9wBBNMIUk1UZ2PijSQ=

10:46:47.656 [Forwarding get on session 7d19a22e38d37a9538602d73f435acb5 to remote] DEBUG org.asynchttpclient.netty.request.NettyRequestSender - Using pooled Channel '[id: 0xd6f8a7fc, L:/127.0.0.1:54683 - R:localhost/127.0.0.1:2548]' for 'POST' to 'http://localhost:2548/session/7d19a22e38d37a9538602d73f435acb5/url'
10:46:47.656 [Forwarding get on session 7d19a22e38d37a9538602d73f435acb5 to remote] DEBUG org.asynchttpclient.netty.request.NettyRequestSender - Using open Channel [id: 0xd6f8a7fc, L:/127.0.0.1:54683 - R:localhost/127.0.0.1:2548] for POST '/session/7d19a22e38d37a9538602d73f435acb5/url'
10:46:47.917 [AsyncHttpClient-1-1] DEBUG org.asynchttpclient.netty.channel.DefaultChannelPool - Entry count for : http://localhost:54684 : 1
10:46:48.331 [AsyncHttpClient-1-6] DEBUG org.asynchttpclient.netty.handler.HttpHandler - 

Request DefaultHttpRequest(decodeResult: success, version: HTTP/1.1)
POST /session/7d19a22e38d37a9538602d73f435acb5/url HTTP/1.1
User-Agent: selenium/4.8.1 (java windows)
Content-Length: 77
Content-Type: application/json; charset=utf-8
host: localhost:2548
accept: */*

Response DefaultHttpResponse(decodeResult: success, version: HTTP/1.1)
HTTP/1.1 200 OK
Content-Length: 14
Content-Type: application/json; charset=utf-8
cache-control: no-cache

10:46:48.331 [AsyncHttpClient-1-6] DEBUG org.asynchttpclient.netty.channel.ChannelManager - Adding key: http://localhost:2548 for channel [id: 0xd6f8a7fc, L:/127.0.0.1:54683 - R:localhost/127.0.0.1:2548]
10:46:48.333 [Forwarding setTimeout on session 7d19a22e38d37a9538602d73f435acb5 to remote] DEBUG org.asynchttpclient.netty.request.NettyRequestSender - Using pooled Channel '[id: 0xd6f8a7fc, L:/127.0.0.1:54683 - R:localhost/127.0.0.1:2548]' for 'POST' to 'http://localhost:2548/session/7d19a22e38d37a9538602d73f435acb5/timeouts'
10:46:48.333 [Forwarding setTimeout on session 7d19a22e38d37a9538602d73f435acb5 to remote] DEBUG org.asynchttpclient.netty.request.NettyRequestSender - Using open Channel [id: 0xd6f8a7fc, L:/127.0.0.1:54683 - R:localhost/127.0.0.1:2548] for POST '/session/7d19a22e38d37a9538602d73f435acb5/timeouts'
10:46:48.334 [AsyncHttpClient-1-6] DEBUG org.asynchttpclient.netty.handler.HttpHandler - 

Request DefaultHttpRequest(decodeResult: success, version: HTTP/1.1)
POST /session/7d19a22e38d37a9538602d73f435acb5/timeouts HTTP/1.1
User-Agent: selenium/4.8.1 (java windows)
Content-Length: 22
Content-Type: application/json; charset=utf-8
host: localhost:2548
accept: */*

Response DefaultHttpResponse(decodeResult: success, version: HTTP/1.1)
HTTP/1.1 200 OK
Content-Length: 14
Content-Type: application/json; charset=utf-8
cache-control: no-cache

10:46:48.335 [AsyncHttpClient-1-6] DEBUG org.asynchttpclient.netty.channel.ChannelManager - Adding key: http://localhost:2548 for channel [id: 0xd6f8a7fc, L:/127.0.0.1:54683 - R:localhost/127.0.0.1:2548]
10:46:48.347 [Forwarding findElement on session 7d19a22e38d37a9538602d73f435acb5 to remote] DEBUG org.asynchttpclient.netty.request.NettyRequestSender - Using pooled Channel '[id: 0xd6f8a7fc, L:/127.0.0.1:54683 - R:localhost/127.0.0.1:2548]' for 'POST' to 'http://localhost:2548/session/7d19a22e38d37a9538602d73f435acb5/element'
10:46:48.348 [Forwarding findElement on session 7d19a22e38d37a9538602d73f435acb5 to remote] DEBUG org.asynchttpclient.netty.request.NettyRequestSender - Using open Channel [id: 0xd6f8a7fc, L:/127.0.0.1:54683 - R:localhost/127.0.0.1:2548] for POST '/session/7d19a22e38d37a9538602d73f435acb5/element'
10:46:48.369 [AsyncHttpClient-1-6] DEBUG org.asynchttpclient.netty.handler.HttpHandler - 

Request DefaultHttpRequest(decodeResult: success, version: HTTP/1.1)
POST /session/7d19a22e38d37a9538602d73f435acb5/element HTTP/1.1
User-Agent: selenium/4.8.1 (java windows)
Content-Length: 72
Content-Type: application/json; charset=utf-8
host: localhost:2548
accept: */*

Response DefaultHttpResponse(decodeResult: success, version: HTTP/1.1)
HTTP/1.1 200 OK
Content-Length: 88
Content-Type: application/json; charset=utf-8
cache-control: no-cache

10:46:48.369 [AsyncHttpClient-1-6] DEBUG org.asynchttpclient.netty.channel.ChannelManager - Adding key: http://localhost:2548 for channel [id: 0xd6f8a7fc, L:/127.0.0.1:54683 - R:localhost/127.0.0.1:2548]
10:46:48.392 [Forwarding isElementDisplayed on session 7d19a22e38d37a9538602d73f435acb5 to remote] DEBUG org.asynchttpclient.netty.request.NettyRequestSender - Using pooled Channel '[id: 0xd6f8a7fc, L:/127.0.0.1:54683 - R:localhost/127.0.0.1:2548]' for 'POST' to 'http://localhost:2548/session/7d19a22e38d37a9538602d73f435acb5/execute/sync'
10:46:48.392 [Forwarding isElementDisplayed on session 7d19a22e38d37a9538602d73f435acb5 to remote] DEBUG org.asynchttpclient.netty.request.NettyRequestSender - Using open Channel [id: 0xd6f8a7fc, L:/127.0.0.1:54683 - R:localhost/127.0.0.1:2548] for POST '/session/7d19a22e38d37a9538602d73f435acb5/execute/sync'
10:46:48.415 [AsyncHttpClient-1-6] DEBUG org.asynchttpclient.netty.handler.HttpHandler - 

Request DefaultHttpRequest(decodeResult: success, version: HTTP/1.1)
POST /session/7d19a22e38d37a9538602d73f435acb5/execute/sync HTTP/1.1
User-Agent: selenium/4.8.1 (java windows)
Content-Length: 48807
Content-Type: application/json; charset=utf-8
host: localhost:2548
accept: */*

Response DefaultHttpResponse(decodeResult: success, version: HTTP/1.1)
HTTP/1.1 200 OK
Content-Length: 14
Content-Type: application/json; charset=utf-8
cache-control: no-cache

10:46:48.415 [AsyncHttpClient-1-6] DEBUG org.asynchttpclient.netty.channel.ChannelManager - Adding key: http://localhost:2548 for channel [id: 0xd6f8a7fc, L:/127.0.0.1:54683 - R:localhost/127.0.0.1:2548]
10:46:48.419 [Forwarding isElementDisplayed on session 7d19a22e38d37a9538602d73f435acb5 to remote] DEBUG org.asynchttpclient.netty.request.NettyRequestSender - Using pooled Channel '[id: 0xd6f8a7fc, L:/127.0.0.1:54683 - R:localhost/127.0.0.1:2548]' for 'POST' to 'http://localhost:2548/session/7d19a22e38d37a9538602d73f435acb5/execute/sync'
10:46:48.419 [Forwarding isElementDisplayed on session 7d19a22e38d37a9538602d73f435acb5 to remote] DEBUG org.asynchttpclient.netty.request.NettyRequestSender - Using open Channel [id: 0xd6f8a7fc, L:/127.0.0.1:54683 - R:localhost/127.0.0.1:2548] for POST '/session/7d19a22e38d37a9538602d73f435acb5/execute/sync'
10:46:48.443 [AsyncHttpClient-1-6] DEBUG org.asynchttpclient.netty.handler.HttpHandler - 

Request DefaultHttpRequest(decodeResult: success, version: HTTP/1.1)
POST /session/7d19a22e38d37a9538602d73f435acb5/execute/sync HTTP/1.1
User-Agent: selenium/4.8.1 (java windows)
Content-Length: 48807
Content-Type: application/json; charset=utf-8
host: localhost:2548
accept: */*

Response DefaultHttpResponse(decodeResult: success, version: HTTP/1.1)
HTTP/1.1 200 OK
Content-Length: 14
Content-Type: application/json; charset=utf-8
cache-control: no-cache

10:46:48.443 [AsyncHttpClient-1-6] DEBUG org.asynchttpclient.netty.channel.ChannelManager - Adding key: http://localhost:2548 for channel [id: 0xd6f8a7fc, L:/127.0.0.1:54683 - R:localhost/127.0.0.1:2548]
  &amp#27;[32mGiven &amp#27;[0m&amp#27;[32muser on register page&amp#27;[0m                                  &amp#27;[90m# starter.stepdefinitions.RegisterSteps.userOnRegisterPage()&amp#27;[0m
10:46:48.458 [Forwarding findElement on session 7d19a22e38d37a9538602d73f435acb5 to remote] DEBUG org.asynchttpclient.netty.request.NettyRequestSender - Using pooled Channel '[id: 0xd6f8a7fc, L:/127.0.0.1:54683 - R:localhost/127.0.0.1:2548]' for 'POST' to 'http://localhost:2548/session/7d19a22e38d37a9538602d73f435acb5/element'
10:46:48.458 [Forwarding findElement on session 7d19a22e38d37a9538602d73f435acb5 to remote] DEBUG org.asynchttpclient.netty.request.NettyRequestSender - Using open Channel [id: 0xd6f8a7fc, L:/127.0.0.1:54683 - R:localhost/127.0.0.1:2548] for POST '/session/7d19a22e38d37a9538602d73f435acb5/element'
10:46:48.476 [AsyncHttpClient-1-6] DEBUG org.asynchttpclient.netty.handler.HttpHandler - 

Request DefaultHttpRequest(decodeResult: success, version: HTTP/1.1)
POST /session/7d19a22e38d37a9538602d73f435acb5/element HTTP/1.1
User-Agent: selenium/4.8.1 (java windows)
Content-Length: 55
Content-Type: application/json; charset=utf-8
host: localhost:2548
accept: */*

Response DefaultHttpResponse(decodeResult: success, version: HTTP/1.1)
HTTP/1.1 200 OK
Content-Length: 88
Content-Type: application/json; charset=utf-8
cache-control: no-cache

10:46:48.476 [AsyncHttpClient-1-6] DEBUG org.asynchttpclient.netty.channel.ChannelManager - Adding key: http://localhost:2548 for channel [id: 0xd6f8a7fc, L:/127.0.0.1:54683 - R:localhost/127.0.0.1:2548]
10:46:48.478 [Forwarding clearElement on session 7d19a22e38d37a9538602d73f435acb5 to remote] DEBUG org.asynchttpclient.netty.request.NettyRequestSender - Using pooled Channel '[id: 0xd6f8a7fc, L:/127.0.0.1:54683 - R:localhost/127.0.0.1:2548]' for 'POST' to 'http://localhost:2548/session/7d19a22e38d37a9538602d73f435acb5/element/2c3bc160-a1bf-472e-812e-845c6c8eb962/clear'
10:46:48.478 [Forwarding clearElement on session 7d19a22e38d37a9538602d73f435acb5 to remote] DEBUG org.asynchttpclient.netty.request.NettyRequestSender - Using open Channel [id: 0xd6f8a7fc, L:/127.0.0.1:54683 - R:localhost/127.0.0.1:2548] for POST '/session/7d19a22e38d37a9538602d73f435acb5/element/2c3bc160-a1bf-472e-812e-845c6c8eb962/clear'
10:46:48.544 [AsyncHttpClient-1-6] DEBUG org.asynchttpclient.netty.handler.HttpHandler - 

Request DefaultHttpRequest(decodeResult: success, version: HTTP/1.1)
POST /session/7d19a22e38d37a9538602d73f435acb5/element/2c3bc160-a1bf-472e-812e-845c6c8eb962/clear HTTP/1.1
User-Agent: selenium/4.8.1 (java windows)
Content-Length: 50
Content-Type: application/json; charset=utf-8
host: localhost:2548
accept: */*

Response DefaultHttpResponse(decodeResult: success, version: HTTP/1.1)
HTTP/1.1 200 OK
Content-Length: 14
Content-Type: application/json; charset=utf-8
cache-control: no-cache

10:46:48.544 [AsyncHttpClient-1-6] DEBUG org.asynchttpclient.netty.channel.ChannelManager - Adding key: http://localhost:2548 for channel [id: 0xd6f8a7fc, L:/127.0.0.1:54683 - R:localhost/127.0.0.1:2548]
10:46:48.547 [Forwarding sendKeysToElement on session 7d19a22e38d37a9538602d73f435acb5 to remote] DEBUG org.asynchttpclient.netty.request.NettyRequestSender - Using pooled Channel '[id: 0xd6f8a7fc, L:/127.0.0.1:54683 - R:localhost/127.0.0.1:2548]' for 'POST' to 'http://localhost:2548/session/7d19a22e38d37a9538602d73f435acb5/element/2c3bc160-a1bf-472e-812e-845c6c8eb962/value'
10:46:48.547 [Forwarding sendKeysToElement on session 7d19a22e38d37a9538602d73f435acb5 to remote] DEBUG org.asynchttpclient.netty.request.NettyRequestSender - Using open Channel [id: 0xd6f8a7fc, L:/127.0.0.1:54683 - R:localhost/127.0.0.1:2548] for POST '/session/7d19a22e38d37a9538602d73f435acb5/element/2c3bc160-a1bf-472e-812e-845c6c8eb962/value'
10:46:48.788 [AsyncHttpClient-1-6] DEBUG org.asynchttpclient.netty.handler.HttpHandler - 

Request DefaultHttpRequest(decodeResult: success, version: HTTP/1.1)
POST /session/7d19a22e38d37a9538602d73f435acb5/element/2c3bc160-a1bf-472e-812e-845c6c8eb962/value HTTP/1.1
User-Agent: selenium/4.8.1 (java windows)
Content-Length: 271
Content-Type: application/json; charset=utf-8
host: localhost:2548
accept: */*

Response DefaultHttpResponse(decodeResult: success, version: HTTP/1.1)
HTTP/1.1 200 OK
Content-Length: 14
Content-Type: application/json; charset=utf-8
cache-control: no-cache

10:46:48.788 [AsyncHttpClient-1-6] DEBUG org.asynchttpclient.netty.channel.ChannelManager - Adding key: http://localhost:2548 for channel [id: 0xd6f8a7fc, L:/127.0.0.1:54683 - R:localhost/127.0.0.1:2548]
  &amp#27;[32mWhen &amp#27;[0m&amp#27;[32muser input valid complete name&amp#27;[0m                          &amp#27;[90m# starter.stepdefinitions.RegisterSteps.userInputValidCompleteName()&amp#27;[0m
10:46:48.808 [Forwarding findElement on session 7d19a22e38d37a9538602d73f435acb5 to remote] DEBUG org.asynchttpclient.netty.request.NettyRequestSender - Using pooled Channel '[id: 0xd6f8a7fc, L:/127.0.0.1:54683 - R:localhost/127.0.0.1:2548]' for 'POST' to 'http://localhost:2548/session/7d19a22e38d37a9538602d73f435acb5/element'
10:46:48.808 [Forwarding findElement on session 7d19a22e38d37a9538602d73f435acb5 to remote] DEBUG org.asynchttpclient.netty.request.NettyRequestSender - Using open Channel [id: 0xd6f8a7fc, L:/127.0.0.1:54683 - R:localhost/127.0.0.1:2548] for POST '/session/7d19a22e38d37a9538602d73f435acb5/element'
10:46:48.829 [AsyncHttpClient-1-6] DEBUG org.asynchttpclient.netty.handler.HttpHandler - 

Request DefaultHttpRequest(decodeResult: success, version: HTTP/1.1)
POST /session/7d19a22e38d37a9538602d73f435acb5/element HTTP/1.1
User-Agent: selenium/4.8.1 (java windows)
Content-Length: 55
Content-Type: application/json; charset=utf-8
host: localhost:2548
accept: */*

Response DefaultHttpResponse(decodeResult: success, version: HTTP/1.1)
HTTP/1.1 200 OK
Content-Length: 88
Content-Type: application/json; charset=utf-8
cache-control: no-cache

10:46:48.830 [AsyncHttpClient-1-6] DEBUG org.asynchttpclient.netty.channel.ChannelManager - Adding key: http://localhost:2548 for channel [id: 0xd6f8a7fc, L:/127.0.0.1:54683 - R:localhost/127.0.0.1:2548]
10:46:48.832 [Forwarding clearElement on session 7d19a22e38d37a9538602d73f435acb5 to remote] DEBUG org.asynchttpclient.netty.request.NettyRequestSender - Using pooled Channel '[id: 0xd6f8a7fc, L:/127.0.0.1:54683 - R:localhost/127.0.0.1:2548]' for 'POST' to 'http://localhost:2548/session/7d19a22e38d37a9538602d73f435acb5/element/3942b19c-0d8c-4aff-9a50-5a63c7d8de45/clear'
10:46:48.832 [Forwarding clearElement on session 7d19a22e38d37a9538602d73f435acb5 to remote] DEBUG org.asynchttpclient.netty.request.NettyRequestSender - Using open Channel [id: 0xd6f8a7fc, L:/127.0.0.1:54683 - R:localhost/127.0.0.1:2548] for POST '/session/7d19a22e38d37a9538602d73f435acb5/element/3942b19c-0d8c-4aff-9a50-5a63c7d8de45/clear'
10:46:48.887 [AsyncHttpClient-1-6] DEBUG org.asynchttpclient.netty.handler.HttpHandler - 

Request DefaultHttpRequest(decodeResult: success, version: HTTP/1.1)
POST /session/7d19a22e38d37a9538602d73f435acb5/element/3942b19c-0d8c-4aff-9a50-5a63c7d8de45/clear HTTP/1.1
User-Agent: selenium/4.8.1 (java windows)
Content-Length: 50
Content-Type: application/json; charset=utf-8
host: localhost:2548
accept: */*

Response DefaultHttpResponse(decodeResult: success, version: HTTP/1.1)
HTTP/1.1 200 OK
Content-Length: 14
Content-Type: application/json; charset=utf-8
cache-control: no-cache

10:46:48.888 [AsyncHttpClient-1-6] DEBUG org.asynchttpclient.netty.channel.ChannelManager - Adding key: http://localhost:2548 for channel [id: 0xd6f8a7fc, L:/127.0.0.1:54683 - R:localhost/127.0.0.1:2548]
10:46:48.892 [Forwarding sendKeysToElement on session 7d19a22e38d37a9538602d73f435acb5 to remote] DEBUG org.asynchttpclient.netty.request.NettyRequestSender - Using pooled Channel '[id: 0xd6f8a7fc, L:/127.0.0.1:54683 - R:localhost/127.0.0.1:2548]' for 'POST' to 'http://localhost:2548/session/7d19a22e38d37a9538602d73f435acb5/element/3942b19c-0d8c-4aff-9a50-5a63c7d8de45/value'
10:46:48.892 [Forwarding sendKeysToElement on session 7d19a22e38d37a9538602d73f435acb5 to remote] DEBUG org.asynchttpclient.netty.request.NettyRequestSender - Using open Channel [id: 0xd6f8a7fc, L:/127.0.0.1:54683 - R:localhost/127.0.0.1:2548] for POST '/session/7d19a22e38d37a9538602d73f435acb5/element/3942b19c-0d8c-4aff-9a50-5a63c7d8de45/value'
10:46:49.008 [AsyncHttpClient-1-1] DEBUG org.asynchttpclient.netty.channel.DefaultChannelPool - Entry count for : http://localhost:54684 : 1
10:46:49.112 [AsyncHttpClient-1-6] DEBUG org.asynchttpclient.netty.handler.HttpHandler - 

Request DefaultHttpRequest(decodeResult: success, version: HTTP/1.1)
POST /session/7d19a22e38d37a9538602d73f435acb5/element/3942b19c-0d8c-4aff-9a50-5a63c7d8de45/value HTTP/1.1
User-Agent: selenium/4.8.1 (java windows)
Content-Length: 301
Content-Type: application/json; charset=utf-8
host: localhost:2548
accept: */*

Response DefaultHttpResponse(decodeResult: success, version: HTTP/1.1)
HTTP/1.1 200 OK
Content-Length: 14
Content-Type: application/json; charset=utf-8
cache-control: no-cache

10:46:49.112 [AsyncHttpClient-1-6] DEBUG org.asynchttpclient.netty.channel.ChannelManager - Adding key: http://localhost:2548 for channel [id: 0xd6f8a7fc, L:/127.0.0.1:54683 - R:localhost/127.0.0.1:2548]
  &amp#27;[32mAnd &amp#27;[0m&amp#27;[32muser input valid email&amp#27;[0m                                   &amp#27;[90m# starter.stepdefinitions.RegisterSteps.userInputValidEmail()&amp#27;[0m
10:46:49.130 [Forwarding findElement on session 7d19a22e38d37a9538602d73f435acb5 to remote] DEBUG org.asynchttpclient.netty.request.NettyRequestSender - Using pooled Channel '[id: 0xd6f8a7fc, L:/127.0.0.1:54683 - R:localhost/127.0.0.1:2548]' for 'POST' to 'http://localhost:2548/session/7d19a22e38d37a9538602d73f435acb5/element'
10:46:49.130 [Forwarding findElement on session 7d19a22e38d37a9538602d73f435acb5 to remote] DEBUG org.asynchttpclient.netty.request.NettyRequestSender - Using open Channel [id: 0xd6f8a7fc, L:/127.0.0.1:54683 - R:localhost/127.0.0.1:2548] for POST '/session/7d19a22e38d37a9538602d73f435acb5/element'
10:46:49.158 [AsyncHttpClient-1-6] DEBUG org.asynchttpclient.netty.handler.HttpHandler - 

Request DefaultHttpRequest(decodeResult: success, version: HTTP/1.1)
POST /session/7d19a22e38d37a9538602d73f435acb5/element HTTP/1.1
User-Agent: selenium/4.8.1 (java windows)
Content-Length: 55
Content-Type: application/json; charset=utf-8
host: localhost:2548
accept: */*

Response DefaultHttpResponse(decodeResult: success, version: HTTP/1.1)
HTTP/1.1 200 OK
Content-Length: 88
Content-Type: application/json; charset=utf-8
cache-control: no-cache

10:46:49.159 [AsyncHttpClient-1-6] DEBUG org.asynchttpclient.netty.channel.ChannelManager - Adding key: http://localhost:2548 for channel [id: 0xd6f8a7fc, L:/127.0.0.1:54683 - R:localhost/127.0.0.1:2548]
10:46:49.160 [Forwarding clearElement on session 7d19a22e38d37a9538602d73f435acb5 to remote] DEBUG org.asynchttpclient.netty.request.NettyRequestSender - Using pooled Channel '[id: 0xd6f8a7fc, L:/127.0.0.1:54683 - R:localhost/127.0.0.1:2548]' for 'POST' to 'http://localhost:2548/session/7d19a22e38d37a9538602d73f435acb5/element/69f2e6e1-b96b-4f58-9051-457e127385ef/clear'
10:46:49.161 [Forwarding clearElement on session 7d19a22e38d37a9538602d73f435acb5 to remote] DEBUG org.asynchttpclient.netty.request.NettyRequestSender - Using open Channel [id: 0xd6f8a7fc, L:/127.0.0.1:54683 - R:localhost/127.0.0.1:2548] for POST '/session/7d19a22e38d37a9538602d73f435acb5/element/69f2e6e1-b96b-4f58-9051-457e127385ef/clear'
10:46:49.231 [AsyncHttpClient-1-6] DEBUG org.asynchttpclient.netty.handler.HttpHandler - 

Request DefaultHttpRequest(decodeResult: success, version: HTTP/1.1)
POST /session/7d19a22e38d37a9538602d73f435acb5/element/69f2e6e1-b96b-4f58-9051-457e127385ef/clear HTTP/1.1
User-Agent: selenium/4.8.1 (java windows)
Content-Length: 50
Content-Type: application/json; charset=utf-8
host: localhost:2548
accept: */*

Response DefaultHttpResponse(decodeResult: success, version: HTTP/1.1)
HTTP/1.1 200 OK
Content-Length: 14
Content-Type: application/json; charset=utf-8
cache-control: no-cache

10:46:49.231 [AsyncHttpClient-1-6] DEBUG org.asynchttpclient.netty.channel.ChannelManager - Adding key: http://localhost:2548 for channel [id: 0xd6f8a7fc, L:/127.0.0.1:54683 - R:localhost/127.0.0.1:2548]
10:46:49.234 [Forwarding sendKeysToElement on session 7d19a22e38d37a9538602d73f435acb5 to remote] DEBUG org.asynchttpclient.netty.request.NettyRequestSender - Using pooled Channel '[id: 0xd6f8a7fc, L:/127.0.0.1:54683 - R:localhost/127.0.0.1:2548]' for 'POST' to 'http://localhost:2548/session/7d19a22e38d37a9538602d73f435acb5/element/69f2e6e1-b96b-4f58-9051-457e127385ef/value'
10:46:49.234 [Forwarding sendKeysToElement on session 7d19a22e38d37a9538602d73f435acb5 to remote] DEBUG org.asynchttpclient.netty.request.NettyRequestSender - Using open Channel [id: 0xd6f8a7fc, L:/127.0.0.1:54683 - R:localhost/127.0.0.1:2548] for POST '/session/7d19a22e38d37a9538602d73f435acb5/element/69f2e6e1-b96b-4f58-9051-457e127385ef/value'
10:46:49.348 [AsyncHttpClient-1-6] DEBUG org.asynchttpclient.netty.handler.HttpHandler - 

Request DefaultHttpRequest(decodeResult: success, version: HTTP/1.1)
POST /session/7d19a22e38d37a9538602d73f435acb5/element/69f2e6e1-b96b-4f58-9051-457e127385ef/value HTTP/1.1
User-Agent: selenium/4.8.1 (java windows)
Content-Length: 82
Content-Type: application/json; charset=utf-8
host: localhost:2548
accept: */*

Response DefaultHttpResponse(decodeResult: success, version: HTTP/1.1)
HTTP/1.1 200 OK
Content-Length: 14
Content-Type: application/json; charset=utf-8
cache-control: no-cache

10:46:49.348 [AsyncHttpClient-1-6] DEBUG org.asynchttpclient.netty.channel.ChannelManager - Adding key: http://localhost:2548 for channel [id: 0xd6f8a7fc, L:/127.0.0.1:54683 - R:localhost/127.0.0.1:2548]
  &amp#27;[32mAnd &amp#27;[0m&amp#27;[32muser input empty password&amp#27;[0m                                &amp#27;[90m# starter.stepdefinitions.RegisterSteps.userInputEmptyPassword()&amp#27;[0m
10:46:49.406 [Forwarding findElement on session 7d19a22e38d37a9538602d73f435acb5 to remote] DEBUG org.asynchttpclient.netty.request.NettyRequestSender - Using pooled Channel '[id: 0xd6f8a7fc, L:/127.0.0.1:54683 - R:localhost/127.0.0.1:2548]' for 'POST' to 'http://localhost:2548/session/7d19a22e38d37a9538602d73f435acb5/element'
10:46:49.406 [Forwarding findElement on session 7d19a22e38d37a9538602d73f435acb5 to remote] DEBUG org.asynchttpclient.netty.request.NettyRequestSender - Using open Channel [id: 0xd6f8a7fc, L:/127.0.0.1:54683 - R:localhost/127.0.0.1:2548] for POST '/session/7d19a22e38d37a9538602d73f435acb5/element'
10:46:49.443 [AsyncHttpClient-1-6] DEBUG org.asynchttpclient.netty.handler.HttpHandler - 

Request DefaultHttpRequest(decodeResult: success, version: HTTP/1.1)
POST /session/7d19a22e38d37a9538602d73f435acb5/element HTTP/1.1
User-Agent: selenium/4.8.1 (java windows)
Content-Length: 72
Content-Type: application/json; charset=utf-8
host: localhost:2548
accept: */*

Response DefaultHttpResponse(decodeResult: success, version: HTTP/1.1)
HTTP/1.1 200 OK
Content-Length: 88
Content-Type: application/json; charset=utf-8
cache-control: no-cache

10:46:49.443 [AsyncHttpClient-1-6] DEBUG org.asynchttpclient.netty.channel.ChannelManager - Adding key: http://localhost:2548 for channel [id: 0xd6f8a7fc, L:/127.0.0.1:54683 - R:localhost/127.0.0.1:2548]
10:46:49.445 [Forwarding getElementTagName on session 7d19a22e38d37a9538602d73f435acb5 to remote] DEBUG org.asynchttpclient.netty.request.NettyRequestSender - Using pooled Channel '[id: 0xd6f8a7fc, L:/127.0.0.1:54683 - R:localhost/127.0.0.1:2548]' for 'GET' to 'http://localhost:2548/session/7d19a22e38d37a9538602d73f435acb5/element/eba2a4ed-0039-4cf8-bfc9-ff08e9e623da/name'
10:46:49.445 [Forwarding getElementTagName on session 7d19a22e38d37a9538602d73f435acb5 to remote] DEBUG org.asynchttpclient.netty.request.NettyRequestSender - Using open Channel [id: 0xd6f8a7fc, L:/127.0.0.1:54683 - R:localhost/127.0.0.1:2548] for GET '/session/7d19a22e38d37a9538602d73f435acb5/element/eba2a4ed-0039-4cf8-bfc9-ff08e9e623da/name'
10:46:49.451 [AsyncHttpClient-1-6] DEBUG org.asynchttpclient.netty.handler.HttpHandler - 

Request DefaultFullHttpRequest(decodeResult: success, version: HTTP/1.1, content: EmptyByteBufBE)
GET /session/7d19a22e38d37a9538602d73f435acb5/element/eba2a4ed-0039-4cf8-bfc9-ff08e9e623da/name HTTP/1.1
User-Agent: selenium/4.8.1 (java windows)
Cache-Control: no-cache
Content-Type: application/json; charset=utf-8
host: localhost:2548
accept: */*

Response DefaultHttpResponse(decodeResult: success, version: HTTP/1.1)
HTTP/1.1 200 OK
Content-Length: 16
Content-Type: application/json; charset=utf-8
cache-control: no-cache

10:46:49.451 [AsyncHttpClient-1-6] DEBUG org.asynchttpclient.netty.channel.ChannelManager - Adding key: http://localhost:2548 for channel [id: 0xd6f8a7fc, L:/127.0.0.1:54683 - R:localhost/127.0.0.1:2548]
10:46:49.454 [Forwarding getElementTagName on session 7d19a22e38d37a9538602d73f435acb5 to remote] DEBUG org.asynchttpclient.netty.request.NettyRequestSender - Using pooled Channel '[id: 0xd6f8a7fc, L:/127.0.0.1:54683 - R:localhost/127.0.0.1:2548]' for 'GET' to 'http://localhost:2548/session/7d19a22e38d37a9538602d73f435acb5/element/eba2a4ed-0039-4cf8-bfc9-ff08e9e623da/name'
10:46:49.454 [Forwarding getElementTagName on session 7d19a22e38d37a9538602d73f435acb5 to remote] DEBUG org.asynchttpclient.netty.request.NettyRequestSender - Using open Channel [id: 0xd6f8a7fc, L:/127.0.0.1:54683 - R:localhost/127.0.0.1:2548] for GET '/session/7d19a22e38d37a9538602d73f435acb5/element/eba2a4ed-0039-4cf8-bfc9-ff08e9e623da/name'
10:46:49.463 [AsyncHttpClient-1-6] DEBUG org.asynchttpclient.netty.handler.HttpHandler - 

Request DefaultFullHttpRequest(decodeResult: success, version: HTTP/1.1, content: EmptyByteBufBE)
GET /session/7d19a22e38d37a9538602d73f435acb5/element/eba2a4ed-0039-4cf8-bfc9-ff08e9e623da/name HTTP/1.1
User-Agent: selenium/4.8.1 (java windows)
Cache-Control: no-cache
Content-Type: application/json; charset=utf-8
host: localhost:2548
accept: */*

Response DefaultHttpResponse(decodeResult: success, version: HTTP/1.1)
HTTP/1.1 200 OK
Content-Length: 16
Content-Type: application/json; charset=utf-8
cache-control: no-cache

10:46:49.463 [AsyncHttpClient-1-6] DEBUG org.asynchttpclient.netty.channel.ChannelManager - Adding key: http://localhost:2548 for channel [id: 0xd6f8a7fc, L:/127.0.0.1:54683 - R:localhost/127.0.0.1:2548]
10:46:49.466 [Forwarding findElement on session 7d19a22e38d37a9538602d73f435acb5 to remote] DEBUG org.asynchttpclient.netty.request.NettyRequestSender - Using pooled Channel '[id: 0xd6f8a7fc, L:/127.0.0.1:54683 - R:localhost/127.0.0.1:2548]' for 'POST' to 'http://localhost:2548/session/7d19a22e38d37a9538602d73f435acb5/element'
10:46:49.466 [Forwarding findElement on session 7d19a22e38d37a9538602d73f435acb5 to remote] DEBUG org.asynchttpclient.netty.request.NettyRequestSender - Using open Channel [id: 0xd6f8a7fc, L:/127.0.0.1:54683 - R:localhost/127.0.0.1:2548] for POST '/session/7d19a22e38d37a9538602d73f435acb5/element'
10:46:49.479 [AsyncHttpClient-1-6] DEBUG org.asynchttpclient.netty.handler.HttpHandler - 

Request DefaultHttpRequest(decodeResult: success, version: HTTP/1.1)
POST /session/7d19a22e38d37a9538602d73f435acb5/element HTTP/1.1
User-Agent: selenium/4.8.1 (java windows)
Content-Length: 72
Content-Type: application/json; charset=utf-8
host: localhost:2548
accept: */*

Response DefaultHttpResponse(decodeResult: success, version: HTTP/1.1)
HTTP/1.1 200 OK
Content-Length: 88
Content-Type: application/json; charset=utf-8
cache-control: no-cache

10:46:49.479 [AsyncHttpClient-1-6] DEBUG org.asynchttpclient.netty.channel.ChannelManager - Adding key: http://localhost:2548 for channel [id: 0xd6f8a7fc, L:/127.0.0.1:54683 - R:localhost/127.0.0.1:2548]
10:46:49.481 [Forwarding clickElement on session 7d19a22e38d37a9538602d73f435acb5 to remote] DEBUG org.asynchttpclient.netty.request.NettyRequestSender - Using pooled Channel '[id: 0xd6f8a7fc, L:/127.0.0.1:54683 - R:localhost/127.0.0.1:2548]' for 'POST' to 'http://localhost:2548/session/7d19a22e38d37a9538602d73f435acb5/element/eba2a4ed-0039-4cf8-bfc9-ff08e9e623da/click'
10:46:49.482 [Forwarding clickElement on session 7d19a22e38d37a9538602d73f435acb5 to remote] DEBUG org.asynchttpclient.netty.request.NettyRequestSender - Using open Channel [id: 0xd6f8a7fc, L:/127.0.0.1:54683 - R:localhost/127.0.0.1:2548] for POST '/session/7d19a22e38d37a9538602d73f435acb5/element/eba2a4ed-0039-4cf8-bfc9-ff08e9e623da/click'
10:46:49.581 [AsyncHttpClient-1-6] DEBUG org.asynchttpclient.netty.handler.HttpHandler - 

Request DefaultHttpRequest(decodeResult: success, version: HTTP/1.1)
POST /session/7d19a22e38d37a9538602d73f435acb5/element/eba2a4ed-0039-4cf8-bfc9-ff08e9e623da/click HTTP/1.1
User-Agent: selenium/4.8.1 (java windows)
Content-Length: 50
Content-Type: application/json; charset=utf-8
host: localhost:2548
accept: */*

Response DefaultHttpResponse(decodeResult: success, version: HTTP/1.1)
HTTP/1.1 200 OK
Content-Length: 14
Content-Type: application/json; charset=utf-8
cache-control: no-cache

10:46:49.582 [AsyncHttpClient-1-6] DEBUG org.asynchttpclient.netty.channel.ChannelManager - Adding key: http://localhost:2548 for channel [id: 0xd6f8a7fc, L:/127.0.0.1:54683 - R:localhost/127.0.0.1:2548]
  &amp#27;[32mAnd &amp#27;[0m&amp#27;[32muser click login button&amp#27;[0m                                  &amp#27;[90m# starter.stepdefinitions.RegisterSteps.userClickLoginButton()&amp#27;[0m
10:46:49.600 [Forwarding findElement on session 7d19a22e38d37a9538602d73f435acb5 to remote] DEBUG org.asynchttpclient.netty.request.NettyRequestSender - Using pooled Channel '[id: 0xd6f8a7fc, L:/127.0.0.1:54683 - R:localhost/127.0.0.1:2548]' for 'POST' to 'http://localhost:2548/session/7d19a22e38d37a9538602d73f435acb5/element'
10:46:49.600 [Forwarding findElement on session 7d19a22e38d37a9538602d73f435acb5 to remote] DEBUG org.asynchttpclient.netty.request.NettyRequestSender - Using open Channel [id: 0xd6f8a7fc, L:/127.0.0.1:54683 - R:localhost/127.0.0.1:2548] for POST '/session/7d19a22e38d37a9538602d73f435acb5/element'
10:46:49.929 [AsyncHttpClient-1-6] DEBUG org.asynchttpclient.netty.handler.HttpHandler - 

Request DefaultHttpRequest(decodeResult: success, version: HTTP/1.1)
POST /session/7d19a22e38d37a9538602d73f435acb5/element HTTP/1.1
User-Agent: selenium/4.8.1 (java windows)
Content-Length: 79
Content-Type: application/json; charset=utf-8
host: localhost:2548
accept: */*

Response DefaultHttpResponse(decodeResult: success, version: HTTP/1.1)
HTTP/1.1 200 OK
Content-Length: 88
Content-Type: application/json; charset=utf-8
cache-control: no-cache

10:46:49.929 [AsyncHttpClient-1-6] DEBUG org.asynchttpclient.netty.channel.ChannelManager - Adding key: http://localhost:2548 for channel [id: 0xd6f8a7fc, L:/127.0.0.1:54683 - R:localhost/127.0.0.1:2548]
10:46:49.935 [Forwarding isElementDisplayed on session 7d19a22e38d37a9538602d73f435acb5 to remote] DEBUG org.asynchttpclient.netty.request.NettyRequestSender - Using pooled Channel '[id: 0xd6f8a7fc, L:/127.0.0.1:54683 - R:localhost/127.0.0.1:2548]' for 'POST' to 'http://localhost:2548/session/7d19a22e38d37a9538602d73f435acb5/execute/sync'
10:46:49.935 [Forwarding isElementDisplayed on session 7d19a22e38d37a9538602d73f435acb5 to remote] DEBUG org.asynchttpclient.netty.request.NettyRequestSender - Using open Channel [id: 0xd6f8a7fc, L:/127.0.0.1:54683 - R:localhost/127.0.0.1:2548] for POST '/session/7d19a22e38d37a9538602d73f435acb5/execute/sync'
10:46:49.952 [AsyncHttpClient-1-6] DEBUG org.asynchttpclient.netty.handler.HttpHandler - 

Request DefaultHttpRequest(decodeResult: success, version: HTTP/1.1)
POST /session/7d19a22e38d37a9538602d73f435acb5/execute/sync HTTP/1.1
User-Agent: selenium/4.8.1 (java windows)
Content-Length: 48807
Content-Type: application/json; charset=utf-8
host: localhost:2548
accept: */*

Response DefaultHttpResponse(decodeResult: success, version: HTTP/1.1)
HTTP/1.1 200 OK
Content-Length: 14
Content-Type: application/json; charset=utf-8
cache-control: no-cache

10:46:49.953 [AsyncHttpClient-1-6] DEBUG org.asynchttpclient.netty.channel.ChannelManager - Adding key: http://localhost:2548 for channel [id: 0xd6f8a7fc, L:/127.0.0.1:54683 - R:localhost/127.0.0.1:2548]
10:46:49.958 [Forwarding isElementDisplayed on session 7d19a22e38d37a9538602d73f435acb5 to remote] DEBUG org.asynchttpclient.netty.request.NettyRequestSender - Using pooled Channel '[id: 0xd6f8a7fc, L:/127.0.0.1:54683 - R:localhost/127.0.0.1:2548]' for 'POST' to 'http://localhost:2548/session/7d19a22e38d37a9538602d73f435acb5/execute/sync'
10:46:49.959 [Forwarding isElementDisplayed on session 7d19a22e38d37a9538602d73f435acb5 to remote] DEBUG org.asynchttpclient.netty.request.NettyRequestSender - Using open Channel [id: 0xd6f8a7fc, L:/127.0.0.1:54683 - R:localhost/127.0.0.1:2548] for POST '/session/7d19a22e38d37a9538602d73f435acb5/execute/sync'
10:46:49.972 [AsyncHttpClient-1-6] DEBUG org.asynchttpclient.netty.handler.HttpHandler - 

Request DefaultHttpRequest(decodeResult: success, version: HTTP/1.1)
POST /session/7d19a22e38d37a9538602d73f435acb5/execute/sync HTTP/1.1
User-Agent: selenium/4.8.1 (java windows)
Content-Length: 48807
Content-Type: application/json; charset=utf-8
host: localhost:2548
accept: */*

Response DefaultHttpResponse(decodeResult: success, version: HTTP/1.1)
HTTP/1.1 200 OK
Content-Length: 14
Content-Type: application/json; charset=utf-8
cache-control: no-cache

10:46:49.972 [AsyncHttpClient-1-6] DEBUG org.asynchttpclient.netty.channel.ChannelManager - Adding key: http://localhost:2548 for channel [id: 0xd6f8a7fc, L:/127.0.0.1:54683 - R:localhost/127.0.0.1:2548]
  &amp#27;[32mThen &amp#27;[0m&amp#27;[32muser see error message&amp#27;[0m                                  &amp#27;[90m# starter.stepdefinitions.RegisterSteps.userSeeErrorMessage()&amp#27;[0m
10:46:49.977 [main] INFO  - 
  _____   ___   ___   _____     ___     _     ___   ___   ___   ___  
 |_   _| | __| / __| |_   _|   | _ \   /_\   / __| / __| | __| |   \ 
   | |   | _|  \__ \   | |     |  _/  / _ \  \__ \ \__ \ | _|  | |) |
   |_|   |___| |___/   |_|     |_|   /_/ \_\ |___/ |___/ |___| |___/ 

as user i want to register with empty password value
----------------------------------------------------------------------
10:46:49.979 [AsyncHttpClient-1-8] DEBUG org.asynchttpclient.netty.handler.WebSocketHandler - Channel Closed: [id: 0x41aafd86, L:/127.0.0.1:54691 ! R:localhost/127.0.0.1:54684] with attribute NettyResponseFuture{currentRetry=0,
	isDone=1,
	isCancelled=0,
	asyncHandler=org.asynchttpclient.ws.WebSocketUpgradeHandler@3888554a,
	nettyRequest=org.asynchttpclient.netty.request.NettyRequest@eb223e6,
	future=java.util.concurrent.CompletableFuture@4ad3a500[Completed normally],
	uri=ws://localhost:54684/devtools/browser/2ad903c0-0366-4558-ac4b-d0e4cf6e51ee,
	keepAlive=true,
	redirectCount=0,
	timeoutsHolder=null,
	inAuth=0,
	touch=1682308007651}
10:46:49.979 [AsyncHttpClient-1-8] DEBUG org.asynchttpclient.netty.channel.ChannelManager - Closing Channel [id: 0x41aafd86, L:/127.0.0.1:54691 ! R:localhost/127.0.0.1:54684] 
10:46:49.979 [Driver Command Executor] DEBUG org.asynchttpclient.netty.request.NettyRequestSender - Using pooled Channel '[id: 0xd6f8a7fc, L:/127.0.0.1:54683 - R:localhost/127.0.0.1:2548]' for 'DELETE' to 'http://localhost:2548/session/7d19a22e38d37a9538602d73f435acb5'
10:46:49.979 [Driver Command Executor] DEBUG org.asynchttpclient.netty.request.NettyRequestSender - Using open Channel [id: 0xd6f8a7fc, L:/127.0.0.1:54683 - R:localhost/127.0.0.1:2548] for DELETE '/session/7d19a22e38d37a9538602d73f435acb5'
10:46:50.102 [AsyncHttpClient-1-7] DEBUG org.asynchttpclient.netty.handler.HttpHandler - Unexpected I/O exception on channel [id: 0x4f46c477, L:/127.0.0.1:54690 - R:localhost/127.0.0.1:54684]
java.io.IOException: An existing connection was forcibly closed by the remote host
	at sun.nio.ch.SocketDispatcher.read0(Native Method)
	at sun.nio.ch.SocketDispatcher.read(SocketDispatcher.java:43)
	at sun.nio.ch.IOUtil.readIntoNativeBuffer(IOUtil.java:223)
	at sun.nio.ch.IOUtil.read(IOUtil.java:192)
	at sun.nio.ch.SocketChannelImpl.read(SocketChannelImpl.java:380)
	at io.netty.buffer.PooledByteBuf.setBytes(PooledByteBuf.java:259)
	at io.netty.buffer.AbstractByteBuf.writeBytes(AbstractByteBuf.java:1132)
	at io.netty.channel.socket.nio.NioSocketChannel.doReadBytes(NioSocketChannel.java:357)
	at io.netty.channel.nio.AbstractNioByteChannel$NioByteUnsafe.read(AbstractNioByteChannel.java:151)
	at io.netty.channel.nio.NioEventLoop.processSelectedKey(NioEventLoop.java:788)
	at io.netty.channel.nio.NioEventLoop.processSelectedKeysOptimized(NioEventLoop.java:724)
	at io.netty.channel.nio.NioEventLoop.processSelectedKeys(NioEventLoop.java:650)
	at io.netty.channel.nio.NioEventLoop.run(NioEventLoop.java:562)
	at io.netty.util.concurrent.SingleThreadEventExecutor$4.run(SingleThreadEventExecutor.java:997)
	at io.netty.util.internal.ThreadExecutorMap$2.run(ThreadExecutorMap.java:74)
	at io.netty.util.concurrent.FastThreadLocalRunnable.run(FastThreadLocalRunnable.java:30)
	at java.lang.Thread.run(Thread.java:748)
10:46:50.102 [AsyncHttpClient-1-7] DEBUG org.asynchttpclient.netty.channel.ChannelManager - Closing Channel [id: 0x4f46c477, L:/127.0.0.1:54690 - R:localhost/127.0.0.1:54684] 
10:46:50.102 [AsyncHttpClient-1-7] DEBUG org.asynchttpclient.netty.handler.HttpHandler - Channel Closed: [id: 0x4f46c477, L:/127.0.0.1:54690 ! R:localhost/127.0.0.1:54684] with attribute DISCARD
10:46:50.107 [AsyncHttpClient-1-1] DEBUG org.asynchttpclient.netty.channel.DefaultChannelPool - Entry count for : http://localhost:54684 : 1
10:46:50.108 [AsyncHttpClient-1-1] DEBUG org.asynchttpclient.netty.channel.DefaultChannelPool - Adding Candidate expired Channel [id: 0x4f46c477, L:/127.0.0.1:54690 ! R:localhost/127.0.0.1:54684] isIdleTimeoutExpired=false isRemotelyClosed=true isTtlExpired=false
10:46:50.108 [AsyncHttpClient-1-1] DEBUG org.asynchttpclient.netty.channel.DefaultChannelPool - Closing Idle Channel [id: 0x4f46c477, L:/127.0.0.1:54690 ! R:localhost/127.0.0.1:54684]
10:46:50.108 [AsyncHttpClient-1-1] DEBUG org.asynchttpclient.netty.channel.DefaultChannelPool - Closed 1 connections out of 1 in 1 ms
10:46:50.131 [AsyncHttpClient-1-6] DEBUG org.asynchttpclient.netty.handler.HttpHandler - 

Request DefaultFullHttpRequest(decodeResult: success, version: HTTP/1.1, content: EmptyByteBufBE)
DELETE /session/7d19a22e38d37a9538602d73f435acb5 HTTP/1.1
User-Agent: selenium/4.8.1 (java windows)
Content-Type: application/json; charset=utf-8
host: localhost:2548
accept: */*

Response DefaultHttpResponse(decodeResult: success, version: HTTP/1.1)
HTTP/1.1 200 OK
Content-Length: 14
Content-Type: application/json; charset=utf-8
cache-control: no-cache

10:46:50.131 [AsyncHttpClient-1-6] DEBUG org.asynchttpclient.netty.channel.ChannelManager - Adding key: http://localhost:2548 for channel [id: 0xd6f8a7fc, L:/127.0.0.1:54683 - R:localhost/127.0.0.1:2548]
10:46:50.278 [AsyncHttpClient-1-6] DEBUG org.asynchttpclient.netty.handler.HttpHandler - Channel Closed: [id: 0xd6f8a7fc, L:/127.0.0.1:54683 ! R:localhost/127.0.0.1:2548] with attribute DISCARD
]]></system-out>
    <system-err><![CDATA[Starting ChromeDriver 112.0.5615.49 (bd2a7bcb881c11e8cfe3078709382934e3916914-refs/branch-heads/5615@{#936}) on port 2548
Only local connections are allowed.
Please see https://chromedriver.chromium.org/security-considerations for suggestions on keeping ChromeDriver safe.
ChromeDriver was started successfully.
Apr 24, 2023 10:46:47 AM org.openqa.selenium.devtools.CdpVersionFinder findNearestMatch
WARNING: Unable to find an exact match for CDP version 112, so returning the closest version found: 110
]]></system-err>
  </testcase>
</testsuite>