<?xml version="1.0" encoding="UTF-8"?>
<testsuite xmlns:xsi="http://www.w3.org/2001/XMLSchema-instance" xsi:noNamespaceSchemaLocation="https://maven.apache.org/surefire/maven-failsafe-plugin/xsd/failsafe-test-report-3.0.xsd" version="3.0" name="starter.CucumberTestSuite" time="53.074" tests="5" errors="0" skipped="0" failures="0">
  <properties>
    <property name="sun.desktop" value="windows"/>
    <property name="awt.toolkit" value="sun.awt.windows.WToolkit"/>
    <property name="file.encoding.pkg" value="sun.io"/>
    <property name="java.specification.version" value="1.8"/>
    <property name="webdriver.chrome.driver" value="C:\Users\ADW User ACR\.cache\selenium\chromedriver\win32\112.0.5615.49\chromedriver.exe"/>
    <property name="sun.cpu.isalist" value="amd64"/>
    <property name="sun.jnu.encoding" value="Cp1252"/>
    <property name="java.class.path" value="D:\D\QE_Alta\MiniProject\Web\Register-Web-Altashop\target\test-classes;D:\D\QE_Alta\MiniProject\Web\Register-Web-Altashop\target\web-automation-alta-1.0-SNAPSHOT.jar;C:\Users\ADW User ACR\.m2\repository\net\serenity-bdd\serenity-core\3.6.21\serenity-core-3.6.21.jar;C:\Users\ADW User ACR\.m2\repository\net\serenity-bdd\serenity-model\3.6.21\serenity-model-3.6.21.jar;C:\Users\ADW User ACR\.m2\repository\org\apache\commons\commons-text\1.10.0\commons-text-1.10.0.jar;C:\Users\ADW User ACR\.m2\repository\commons-net\commons-net\3.9.0\commons-net-3.9.0.jar;C:\Users\ADW User ACR\.m2\repository\com\google\guava\guava\31.1-jre\guava-31.1-jre.jar;C:\Users\ADW User ACR\.m2\repository\com\google\guava\failureaccess\1.0.1\failureaccess-1.0.1.jar;C:\Users\ADW User ACR\.m2\repository\com\google\guava\listenablefuture\9999.0-empty-to-avoid-conflict-with-guava\listenablefuture-9999.0-empty-to-avoid-conflict-with-guava.jar;C:\Users\ADW User ACR\.m2\repository\com\google\code\findbugs\jsr305\3.0.2\jsr305-3.0.2.jar;C:\Users\ADW User ACR\.m2\repository\org\checkerframework\checker-qual\3.12.0\checker-qual-3.12.0.jar;C:\Users\ADW User ACR\.m2\repository\com\google\errorprone\error_prone_annotations\2.11.0\error_prone_annotations-2.11.0.jar;C:\Users\ADW User ACR\.m2\repository\com\google\j2objc\j2objc-annotations\1.3\j2objc-annotations-1.3.jar;C:\Users\ADW User ACR\.m2\repository\com\google\inject\guice\5.1.0\guice-5.1.0.jar;C:\Users\ADW User ACR\.m2\repository\javax\inject\javax.inject\1\javax.inject-1.jar;C:\Users\ADW User ACR\.m2\repository\aopalliance\aopalliance\1.0\aopalliance-1.0.jar;C:\Users\ADW User ACR\.m2\repository\org\jsoup\jsoup\1.14.3\jsoup-1.14.3.jar;C:\Users\ADW User ACR\.m2\repository\com\thoughtworks\xstream\xstream\1.4.20\xstream-1.4.20.jar;C:\Users\ADW User ACR\.m2\repository\io\github\x-stream\mxparser\1.2.2\mxparser-1.2.2.jar;C:\Users\ADW User ACR\.m2\repository\xmlpull\xmlpull\1.1.3.1\xmlpull-1.1.3.1.jar;C:\Users\ADW User ACR\.m2\repository\com\typesafe\config\1.4.2\config-1.4.2.jar;C:\Users\ADW User ACR\.m2\repository\org\imgscalr\imgscalr-lib\4.2\imgscalr-lib-4.2.jar;C:\Users\ADW User ACR\.m2\repository\org\awaitility\awaitility\4.2.0\awaitility-4.2.0.jar;C:\Users\ADW User ACR\.m2\repository\org\freemarker\freemarker\2.3.31\freemarker-2.3.31.jar;C:\Users\ADW User ACR\.m2\repository\io\github\classgraph\classgraph\4.8.138\classgraph-4.8.138.jar;C:\Users\ADW User ACR\.m2\repository\net\sourceforge\jexcelapi\jxl\2.6.12\jxl-2.6.12.jar;C:\Users\ADW User ACR\.m2\repository\net\bytebuddy\byte-buddy-agent\1.14.2\byte-buddy-agent-1.14.2.jar;C:\Users\ADW User ACR\.m2\repository\org\objenesis\objenesis\3.3\objenesis-3.3.jar;C:\Users\ADW User ACR\.m2\repository\net\serenity-bdd\serenity-reports\3.6.21\serenity-reports-3.6.21.jar;C:\Users\ADW User ACR\.m2\repository\net\serenity-bdd\serenity-stats\3.6.21\serenity-stats-3.6.21.jar;C:\Users\ADW User ACR\.m2\repository\net\serenity-bdd\serenity-reports-configuration\3.6.21\serenity-reports-configuration-3.6.21.jar;C:\Users\ADW User ACR\.m2\repository\com\vladsch\flexmark\flexmark-all\0.62.2\flexmark-all-0.62.2.jar;C:\Users\ADW User ACR\.m2\repository\com\vladsch\flexmark\flexmark\0.62.2\flexmark-0.62.2.jar;C:\Users\ADW User ACR\.m2\repository\com\vladsch\flexmark\flexmark-ext-abbreviation\0.62.2\flexmark-ext-abbreviation-0.62.2.jar;C:\Users\ADW User ACR\.m2\repository\com\vladsch\flexmark\flexmark-util\0.62.2\flexmark-util-0.62.2.jar;C:\Users\ADW User ACR\.m2\repository\com\vladsch\flexmark\flexmark-ext-admonition\0.62.2\flexmark-ext-admonition-0.62.2.jar;C:\Users\ADW User ACR\.m2\repository\com\vladsch\flexmark\flexmark-ext-anchorlink\0.62.2\flexmark-ext-anchorlink-0.62.2.jar;C:\Users\ADW User ACR\.m2\repository\com\vladsch\flexmark\flexmark-ext-aside\0.62.2\flexmark-ext-aside-0.62.2.jar;C:\Users\ADW User ACR\.m2\repository\com\vladsch\flexmark\flexmark-ext-attributes\0.62.2\flexmark-ext-attributes-0.62.2.jar;C:\Users\ADW User ACR\.m2\repository\com\vladsch\flexmark\flexmark-ext-autolink\0.62.2\flexmark-ext-autolink-0.62.2.jar;C:\Users\ADW User ACR\.m2\repository\org\nibor\autolink\autolink\0.6.0\autolink-0.6.0.jar;C:\Users\ADW User ACR\.m2\repository\com\vladsch\flexmark\flexmark-ext-definition\0.62.2\flexmark-ext-definition-0.62.2.jar;C:\Users\ADW User ACR\.m2\repository\com\vladsch\flexmark\flexmark-ext-emoji\0.62.2\flexmark-ext-emoji-0.62.2.jar;C:\Users\ADW User ACR\.m2\repository\com\vladsch\flexmark\flexmark-ext-enumerated-reference\0.62.2\flexmark-ext-enumerated-reference-0.62.2.jar;C:\Users\ADW User ACR\.m2\repository\com\vladsch\flexmark\flexmark-ext-escaped-character\0.62.2\flexmark-ext-escaped-character-0.62.2.jar;C:\Users\ADW User ACR\.m2\repository\com\vladsch\flexmark\flexmark-ext-footnotes\0.62.2\flexmark-ext-footnotes-0.62.2.jar;C:\Users\ADW User ACR\.m2\repository\com\vladsch\flexmark\flexmark-ext-gfm-issues\0.62.2\flexmark-ext-gfm-issues-0.62.2.jar;C:\Users\ADW User ACR\.m2\repository\com\vladsch\flexmark\flexmark-ext-gfm-strikethrough\0.62.2\flexmark-ext-gfm-strikethrough-0.62.2.jar;C:\Users\ADW User ACR\.m2\repository\com\vladsch\flexmark\flexmark-ext-gfm-tasklist\0.62.2\flexmark-ext-gfm-tasklist-0.62.2.jar;C:\Users\ADW User ACR\.m2\repository\com\vladsch\flexmark\flexmark-ext-gfm-users\0.62.2\flexmark-ext-gfm-users-0.62.2.jar;C:\Users\ADW User ACR\.m2\repository\com\vladsch\flexmark\flexmark-ext-gitlab\0.62.2\flexmark-ext-gitlab-0.62.2.jar;C:\Users\ADW User ACR\.m2\repository\com\vladsch\flexmark\flexmark-ext-jekyll-front-matter\0.62.2\flexmark-ext-jekyll-front-matter-0.62.2.jar;C:\Users\ADW User ACR\.m2\repository\com\vladsch\flexmark\flexmark-ext-jekyll-tag\0.62.2\flexmark-ext-jekyll-tag-0.62.2.jar;C:\Users\ADW User ACR\.m2\repository\com\vladsch\flexmark\flexmark-ext-media-tags\0.62.2\flexmark-ext-media-tags-0.62.2.jar;C:\Users\ADW User ACR\.m2\repository\com\vladsch\flexmark\flexmark-ext-macros\0.62.2\flexmark-ext-macros-0.62.2.jar;C:\Users\ADW User ACR\.m2\repository\com\vladsch\flexmark\flexmark-ext-ins\0.62.2\flexmark-ext-ins-0.62.2.jar;C:\Users\ADW User ACR\.m2\repository\com\vladsch\flexmark\flexmark-ext-xwiki-macros\0.62.2\flexmark-ext-xwiki-macros-0.62.2.jar;C:\Users\ADW User ACR\.m2\repository\com\vladsch\flexmark\flexmark-ext-superscript\0.62.2\flexmark-ext-superscript-0.62.2.jar;C:\Users\ADW User ACR\.m2\repository\com\vladsch\flexmark\flexmark-ext-tables\0.62.2\flexmark-ext-tables-0.62.2.jar;C:\Users\ADW User ACR\.m2\repository\com\vladsch\flexmark\flexmark-ext-toc\0.62.2\flexmark-ext-toc-0.62.2.jar;C:\Users\ADW User ACR\.m2\repository\com\vladsch\flexmark\flexmark-ext-typographic\0.62.2\flexmark-ext-typographic-0.62.2.jar;C:\Users\ADW User ACR\.m2\repository\com\vladsch\flexmark\flexmark-ext-wikilink\0.62.2\flexmark-ext-wikilink-0.62.2.jar;C:\Users\ADW User ACR\.m2\repository\com\vladsch\flexmark\flexmark-ext-yaml-front-matter\0.62.2\flexmark-ext-yaml-front-matter-0.62.2.jar;C:\Users\ADW User ACR\.m2\repository\com\vladsch\flexmark\flexmark-ext-youtube-embedded\0.62.2\flexmark-ext-youtube-embedded-0.62.2.jar;C:\Users\ADW User ACR\.m2\repository\com\vladsch\flexmark\flexmark-html2md-converter\0.62.2\flexmark-html2md-converter-0.62.2.jar;C:\Users\ADW User ACR\.m2\repository\com\vladsch\flexmark\flexmark-jira-converter\0.62.2\flexmark-jira-converter-0.62.2.jar;C:\Users\ADW User ACR\.m2\repository\com\vladsch\flexmark\flexmark-pdf-converter\0.62.2\flexmark-pdf-converter-0.62.2.jar;C:\Users\ADW User ACR\.m2\repository\com\openhtmltopdf\openhtmltopdf-core\1.0.0\openhtmltopdf-core-1.0.0.jar;C:\Users\ADW User ACR\.m2\repository\com\openhtmltopdf\openhtmltopdf-pdfbox\1.0.0\openhtmltopdf-pdfbox-1.0.0.jar;C:\Users\ADW User ACR\.m2\repository\org\apache\pdfbox\pdfbox\2.0.16\pdfbox-2.0.16.jar;C:\Users\ADW User ACR\.m2\repository\org\apache\pdfbox\fontbox\2.0.16\fontbox-2.0.16.jar;C:\Users\ADW User ACR\.m2\repository\org\apache\pdfbox\xmpbox\2.0.16\xmpbox-2.0.16.jar;C:\Users\ADW User ACR\.m2\repository\de\rototor\pdfbox\graphics2d\0.24\graphics2d-0.24.jar;C:\Users\ADW User ACR\.m2\repository\com\openhtmltopdf\openhtmltopdf-rtl-support\1.0.0\openhtmltopdf-rtl-support-1.0.0.jar;C:\Users\ADW User ACR\.m2\repository\com\openhtmltopdf\openhtmltopdf-jsoup-dom-converter\1.0.0\openhtmltopdf-jsoup-dom-converter-1.0.0.jar;C:\Users\ADW User ACR\.m2\repository\com\vladsch\flexmark\flexmark-profile-pegdown\0.62.2\flexmark-profile-pegdown-0.62.2.jar;C:\Users\ADW User ACR\.m2\repository\com\vladsch\flexmark\flexmark-util-ast\0.62.2\flexmark-util-ast-0.62.2.jar;C:\Users\ADW User ACR\.m2\repository\com\vladsch\flexmark\flexmark-util-builder\0.62.2\flexmark-util-builder-0.62.2.jar;C:\Users\ADW User ACR\.m2\repository\com\vladsch\flexmark\flexmark-util-collection\0.62.2\flexmark-util-collection-0.62.2.jar;C:\Users\ADW User ACR\.m2\repository\com\vladsch\flexmark\flexmark-util-data\0.62.2\flexmark-util-data-0.62.2.jar;C:\Users\ADW User ACR\.m2\repository\com\vladsch\flexmark\flexmark-util-dependency\0.62.2\flexmark-util-dependency-0.62.2.jar;C:\Users\ADW User ACR\.m2\repository\com\vladsch\flexmark\flexmark-util-format\0.62.2\flexmark-util-format-0.62.2.jar;C:\Users\ADW User ACR\.m2\repository\com\vladsch\flexmark\flexmark-util-html\0.62.2\flexmark-util-html-0.62.2.jar;C:\Users\ADW User ACR\.m2\repository\com\vladsch\flexmark\flexmark-util-misc\0.62.2\flexmark-util-misc-0.62.2.jar;C:\Users\ADW User ACR\.m2\repository\com\vladsch\flexmark\flexmark-util-options\0.62.2\flexmark-util-options-0.62.2.jar;C:\Users\ADW User ACR\.m2\repository\com\vladsch\flexmark\flexmark-util-sequence\0.62.2\flexmark-util-sequence-0.62.2.jar;C:\Users\ADW User ACR\.m2\repository\com\vladsch\flexmark\flexmark-util-visitor\0.62.2\flexmark-util-visitor-0.62.2.jar;C:\Users\ADW User ACR\.m2\repository\com\vladsch\flexmark\flexmark-youtrack-converter\0.62.2\flexmark-youtrack-converter-0.62.2.jar;C:\Users\ADW User ACR\.m2\repository\com\ibm\icu\icu4j\72.1\icu4j-72.1.jar;C:\Users\ADW User ACR\.m2\repository\es\nitaur\markdown\txtmark\0.16\txtmark-0.16.jar;C:\Users\ADW User ACR\.m2\repository\net\serenity-bdd\serenity-report-resources\3.6.21\serenity-report-resources-3.6.21.jar;C:\Users\ADW User ACR\.m2\repository\com\google\code\gson\gson\2.10.1\gson-2.10.1.jar;C:\Users\ADW User ACR\.m2\repository\com\fasterxml\jackson\core\jackson-core\2.15.0-rc1\jackson-core-2.15.0-rc1.jar;C:\Users\ADW User ACR\.m2\repository\com\fasterxml\jackson\core\jackson-databind\2.15.0-rc1\jackson-databind-2.15.0-rc1.jar;C:\Users\ADW User ACR\.m2\repository\com\fasterxml\jackson\core\jackson-annotations\2.15.0-rc1\jackson-annotations-2.15.0-rc1.jar;C:\Users\ADW User ACR\.m2\repository\commons-codec\commons-codec\1.15\commons-codec-1.15.jar;C:\Users\ADW User ACR\.m2\repository\commons-io\commons-io\2.11.0\commons-io-2.11.0.jar;C:\Users\ADW User ACR\.m2\repository\org\apache\httpcomponents\httpclient\4.5.13\httpclient-4.5.13.jar;C:\Users\ADW User ACR\.m2\repository\org\apache\httpcomponents\httpcore\4.4.13\httpcore-4.4.13.jar;C:\Users\ADW User ACR\.m2\repository\commons-logging\commons-logging\1.2\commons-logging-1.2.jar;C:\Users\ADW User ACR\.m2\repository\org\seleniumhq\selenium\selenium-java\4.8.1\selenium-java-4.8.1.jar;C:\Users\ADW User ACR\.m2\repository\org\seleniumhq\selenium\selenium-devtools-v108\4.8.1\selenium-devtools-v108-4.8.1.jar;C:\Users\ADW User ACR\.m2\repository\org\seleniumhq\selenium\selenium-devtools-v109\4.8.1\selenium-devtools-v109-4.8.1.jar;C:\Users\ADW User ACR\.m2\repository\org\seleniumhq\selenium\selenium-devtools-v110\4.8.1\selenium-devtools-v110-4.8.1.jar;C:\Users\ADW User ACR\.m2\repository\org\seleniumhq\selenium\selenium-devtools-v85\4.8.1\selenium-devtools-v85-4.8.1.jar;C:\Users\ADW User ACR\.m2\repository\org\seleniumhq\selenium\selenium-remote-driver\4.8.1\selenium-remote-driver-4.8.1.jar;C:\Users\ADW User ACR\.m2\repository\com\beust\jcommander\1.82\jcommander-1.82.jar;C:\Users\ADW User ACR\.m2\repository\io\netty\netty-buffer\4.1.87.Final\netty-buffer-4.1.87.Final.jar;C:\Users\ADW User ACR\.m2\repository\io\netty\netty-codec-http\4.1.87.Final\netty-codec-http-4.1.87.Final.jar;C:\Users\ADW User ACR\.m2\repository\io\netty\netty-codec\4.1.87.Final\netty-codec-4.1.87.Final.jar;C:\Users\ADW User ACR\.m2\repository\io\netty\netty-handler\4.1.87.Final\netty-handler-4.1.87.Final.jar;C:\Users\ADW User ACR\.m2\repository\io\netty\netty-common\4.1.87.Final\netty-common-4.1.87.Final.jar;C:\Users\ADW User ACR\.m2\repository\io\netty\netty-transport-classes-epoll\4.1.87.Final\netty-transport-classes-epoll-4.1.87.Final.jar;C:\Users\ADW User ACR\.m2\repository\io\netty\netty-transport-classes-kqueue\4.1.87.Final\netty-transport-classes-kqueue-4.1.87.Final.jar;C:\Users\ADW User ACR\.m2\repository\io\netty\netty-transport-native-epoll\4.1.87.Final\netty-transport-native-epoll-4.1.87.Final.jar;C:\Users\ADW User ACR\.m2\repository\io\netty\netty-transport-native-kqueue\4.1.87.Final\netty-transport-native-kqueue-4.1.87.Final.jar;C:\Users\ADW User ACR\.m2\repository\io\netty\netty-transport-native-unix-common\4.1.87.Final\netty-transport-native-unix-common-4.1.87.Final.jar;C:\Users\ADW User ACR\.m2\repository\io\netty\netty-transport\4.1.87.Final\netty-transport-4.1.87.Final.jar;C:\Users\ADW User ACR\.m2\repository\io\netty\netty-resolver\4.1.87.Final\netty-resolver-4.1.87.Final.jar;C:\Users\ADW User ACR\.m2\repository\io\opentelemetry\opentelemetry-api\1.22.0\opentelemetry-api-1.22.0.jar;C:\Users\ADW User ACR\.m2\repository\io\opentelemetry\opentelemetry-context\1.22.0\opentelemetry-context-1.22.0.jar;C:\Users\ADW User ACR\.m2\repository\io\opentelemetry\opentelemetry-exporter-logging\1.22.0\opentelemetry-exporter-logging-1.22.0.jar;C:\Users\ADW User ACR\.m2\repository\io\opentelemetry\opentelemetry-sdk-metrics\1.22.0\opentelemetry-sdk-metrics-1.22.0.jar;C:\Users\ADW User ACR\.m2\repository\io\opentelemetry\opentelemetry-sdk-logs\1.22.0-alpha\opentelemetry-sdk-logs-1.22.0-alpha.jar;C:\Users\ADW User ACR\.m2\repository\io\opentelemetry\opentelemetry-api-logs\1.22.0-alpha\opentelemetry-api-logs-1.22.0-alpha.jar;C:\Users\ADW User ACR\.m2\repository\io\opentelemetry\opentelemetry-sdk-common\1.22.0\opentelemetry-sdk-common-1.22.0.jar;C:\Users\ADW User ACR\.m2\repository\io\opentelemetry\opentelemetry-sdk-extension-autoconfigure-spi\1.22.0\opentelemetry-sdk-extension-autoconfigure-spi-1.22.0.jar;C:\Users\ADW User ACR\.m2\repository\io\opentelemetry\opentelemetry-sdk-extension-autoconfigure\1.22.0-alpha\opentelemetry-sdk-extension-autoconfigure-1.22.0-alpha.jar;C:\Users\ADW User ACR\.m2\repository\io\opentelemetry\opentelemetry-sdk-trace\1.22.0\opentelemetry-sdk-trace-1.22.0.jar;C:\Users\ADW User ACR\.m2\repository\io\opentelemetry\opentelemetry-sdk\1.22.0\opentelemetry-sdk-1.22.0.jar;C:\Users\ADW User ACR\.m2\repository\io\opentelemetry\opentelemetry-semconv\1.22.0-alpha\opentelemetry-semconv-1.22.0-alpha.jar;C:\Users\ADW User ACR\.m2\repository\io\ous\jtoml\2.0.0\jtoml-2.0.0.jar;C:\Users\ADW User ACR\.m2\repository\org\apache\commons\commons-exec\1.3\commons-exec-1.3.jar;C:\Users\ADW User ACR\.m2\repository\org\asynchttpclient\async-http-client\2.12.3\async-http-client-2.12.3.jar;C:\Users\ADW User ACR\.m2\repository\org\asynchttpclient\async-http-client-netty-utils\2.12.3\async-http-client-netty-utils-2.12.3.jar;C:\Users\ADW User ACR\.m2\repository\io\netty\netty-codec-socks\4.1.60.Final\netty-codec-socks-4.1.60.Final.jar;C:\Users\ADW User ACR\.m2\repository\io\netty\netty-handler-proxy\4.1.60.Final\netty-handler-proxy-4.1.60.Final.jar;C:\Users\ADW User ACR\.m2\repository\io\netty\netty-transport-native-epoll\4.1.60.Final\netty-transport-native-epoll-4.1.60.Final-linux-x86_64.jar;C:\Users\ADW User ACR\.m2\repository\io\netty\netty-transport-native-kqueue\4.1.60.Final\netty-transport-native-kqueue-4.1.60.Final-osx-x86_64.jar;C:\Users\ADW User ACR\.m2\repository\org\reactivestreams\reactive-streams\1.0.3\reactive-streams-1.0.3.jar;C:\Users\ADW User ACR\.m2\repository\com\typesafe\netty\netty-reactive-streams\2.0.4\netty-reactive-streams-2.0.4.jar;C:\Users\ADW User ACR\.m2\repository\org\seleniumhq\selenium\selenium-manager\4.8.1\selenium-manager-4.8.1.jar;C:\Users\ADW User ACR\.m2\repository\org\seleniumhq\selenium\selenium-safari-driver\4.8.1\selenium-safari-driver-4.8.1.jar;C:\Users\ADW User ACR\.m2\repository\org\seleniumhq\selenium\selenium-api\4.8.1\selenium-api-4.8.1.jar;C:\Users\ADW User ACR\.m2\repository\org\seleniumhq\selenium\selenium-support\4.8.1\selenium-support-4.8.1.jar;C:\Users\ADW User ACR\.m2\repository\com\google\auto\service\auto-service-annotations\1.0.1\auto-service-annotations-1.0.1.jar;C:\Users\ADW User ACR\.m2\repository\com\google\auto\service\auto-service\1.0.1\auto-service-1.0.1.jar;C:\Users\ADW User ACR\.m2\repository\com\google\auto\auto-common\1.2\auto-common-1.2.jar;C:\Users\ADW User ACR\.m2\repository\org\seleniumhq\selenium\selenium-json\4.8.1\selenium-json-4.8.1.jar;C:\Users\ADW User ACR\.m2\repository\org\seleniumhq\selenium\selenium-chrome-driver\4.8.1\selenium-chrome-driver-4.8.1.jar;C:\Users\ADW User ACR\.m2\repository\org\seleniumhq\selenium\selenium-chromium-driver\4.8.1\selenium-chromium-driver-4.8.1.jar;C:\Users\ADW User ACR\.m2\repository\org\seleniumhq\selenium\selenium-firefox-driver\4.8.1\selenium-firefox-driver-4.8.1.jar;C:\Users\ADW User ACR\.m2\repository\org\seleniumhq\selenium\selenium-http\4.8.1\selenium-http-4.8.1.jar;C:\Users\ADW User ACR\.m2\repository\dev\failsafe\failsafe\3.3.0\failsafe-3.3.0.jar;C:\Users\ADW User ACR\.m2\repository\org\seleniumhq\selenium\selenium-edge-driver\4.8.1\selenium-edge-driver-4.8.1.jar;C:\Users\ADW User ACR\.m2\repository\org\seleniumhq\selenium\selenium-ie-driver\4.8.1\selenium-ie-driver-4.8.1.jar;C:\Users\ADW User ACR\.m2\repository\org\projectlombok\lombok\1.18.20\lombok-1.18.20.jar;C:\Users\ADW User ACR\.m2\repository\io\appium\java-client\8.3.0\java-client-8.3.0.jar;C:\Users\ADW User ACR\.m2\repository\commons-validator\commons-validator\1.7\commons-validator-1.7.jar;C:\Users\ADW User ACR\.m2\repository\commons-digester\commons-digester\2.1\commons-digester-2.1.jar;C:\Users\ADW User ACR\.m2\repository\org\apache\groovy\groovy\4.0.10\groovy-4.0.10.jar;C:\Users\ADW User ACR\.m2\repository\net\sf\opencsv\opencsv\2.0\opencsv-2.0.jar;C:\Users\ADW User ACR\.m2\repository\commons-beanutils\commons-beanutils\1.9.4\commons-beanutils-1.9.4.jar;C:\Users\ADW User ACR\.m2\repository\org\apache\commons\commons-lang3\3.12.0\commons-lang3-3.12.0.jar;C:\Users\ADW User ACR\.m2\repository\commons-collections\commons-collections\3.2.2\commons-collections-3.2.2.jar;C:\Users\ADW User ACR\.m2\repository\org\fluentlenium\fluentlenium-core\0.10.2\fluentlenium-core-0.10.2.jar;C:\Users\ADW User ACR\.m2\repository\io\github\bonigarcia\webdrivermanager\5.3.0\webdrivermanager-5.3.0.jar;C:\Users\ADW User ACR\.m2\repository\com\github\docker-java\docker-java\3.2.13\docker-java-3.2.13.jar;C:\Users\ADW User ACR\.m2\repository\com\github\docker-java\docker-java-core\3.2.13\docker-java-core-3.2.13.jar;C:\Users\ADW User ACR\.m2\repository\com\github\docker-java\docker-java-api\3.2.13\docker-java-api-3.2.13.jar;C:\Users\ADW User ACR\.m2\repository\org\apache\commons\commons-compress\1.21\commons-compress-1.21.jar;C:\Users\ADW User ACR\.m2\repository\org\bouncycastle\bcpkix-jdk15on\1.64\bcpkix-jdk15on-1.64.jar;C:\Users\ADW User ACR\.m2\repository\org\bouncycastle\bcprov-jdk15on\1.64\bcprov-jdk15on-1.64.jar;C:\Users\ADW User ACR\.m2\repository\org\slf4j\jcl-over-slf4j\1.7.30\jcl-over-slf4j-1.7.30.jar;C:\Users\ADW User ACR\.m2\repository\com\github\docker-java\docker-java-transport-httpclient5\3.2.13\docker-java-transport-httpclient5-3.2.13.jar;C:\Users\ADW User ACR\.m2\repository\com\github\docker-java\docker-java-transport\3.2.13\docker-java-transport-3.2.13.jar;C:\Users\ADW User ACR\.m2\repository\net\java\dev\jna\jna\5.8.0\jna-5.8.0.jar;C:\Users\ADW User ACR\.m2\repository\org\brotli\dec\0.1.2\dec-0.1.2.jar;C:\Users\ADW User ACR\.m2\repository\org\apache\httpcomponents\client5\httpclient5\5.1.3\httpclient5-5.1.3.jar;C:\Users\ADW User ACR\.m2\repository\org\apache\httpcomponents\core5\httpcore5\5.1.3\httpcore5-5.1.3.jar;C:\Users\ADW User ACR\.m2\repository\org\apache\httpcomponents\core5\httpcore5-h2\5.1.3\httpcore5-h2-5.1.3.jar;C:\Users\ADW User ACR\.m2\repository\com\jhlabs\filters\2.0.235\filters-2.0.235.jar;C:\Users\ADW User ACR\.m2\repository\com\paulhammant\ngwebdriver\1.1.6\ngwebdriver-1.1.6.jar;C:\Users\ADW User ACR\.m2\repository\joda-time\joda-time\2.12.2\joda-time-2.12.2.jar;C:\Users\ADW User ACR\.m2\repository\org\hamcrest\hamcrest\2.2\hamcrest-2.2.jar;C:\Users\ADW User ACR\.m2\repository\com\google\jimfs\jimfs\1.2\jimfs-1.2.jar;C:\Users\ADW User ACR\.m2\repository\org\mockito\mockito-core\3.3.3\mockito-core-3.3.3.jar;C:\Users\ADW User ACR\.m2\repository\javax\xml\bind\jaxb-api\2.3.1\jaxb-api-2.3.1.jar;C:\Users\ADW User ACR\.m2\repository\javax\activation\javax.activation-api\1.2.0\javax.activation-api-1.2.0.jar;C:\Users\ADW User ACR\.m2\repository\com\sun\xml\bind\jaxb-core\2.3.0.1\jaxb-core-2.3.0.1.jar;C:\Users\ADW User ACR\.m2\repository\com\sun\xml\bind\jaxb-impl\2.3.3\jaxb-impl-2.3.3.jar;C:\Users\ADW User ACR\.m2\repository\jakarta\xml\bind\jakarta.xml.bind-api\2.3.3\jakarta.xml.bind-api-2.3.3.jar;C:\Users\ADW User ACR\.m2\repository\com\sun\activation\jakarta.activation\1.2.2\jakarta.activation-1.2.2.jar;C:\Users\ADW User ACR\.m2\repository\javax\activation\activation\1.1.1\activation-1.1.1.jar;C:\Users\ADW User ACR\.m2\repository\net\serenity-bdd\serenity-cucumber\3.6.21\serenity-cucumber-3.6.21.jar;C:\Users\ADW User ACR\.m2\repository\io\cucumber\cucumber-core\7.11.0\cucumber-core-7.11.0.jar;C:\Users\ADW User ACR\.m2\repository\io\cucumber\cucumber-gherkin\7.11.0\cucumber-gherkin-7.11.0.jar;C:\Users\ADW User ACR\.m2\repository\io\cucumber\cucumber-gherkin-messages\7.11.0\cucumber-gherkin-messages-7.11.0.jar;C:\Users\ADW User ACR\.m2\repository\io\cucumber\gherkin\26.0.3\gherkin-26.0.3.jar;C:\Users\ADW User ACR\.m2\repository\io\cucumber\messages\21.0.1\messages-21.0.1.jar;C:\Users\ADW User ACR\.m2\repository\io\cucumber\tag-expressions\5.0.1\tag-expressions-5.0.1.jar;C:\Users\ADW User ACR\.m2\repository\io\cucumber\cucumber-expressions\16.1.1\cucumber-expressions-16.1.1.jar;C:\Users\ADW User ACR\.m2\repository\io\cucumber\datatable\7.11.0\datatable-7.11.0.jar;C:\Users\ADW User ACR\.m2\repository\io\cucumber\cucumber-plugin\7.11.0\cucumber-plugin-7.11.0.jar;C:\Users\ADW User ACR\.m2\repository\io\cucumber\docstring\7.11.0\docstring-7.11.0.jar;C:\Users\ADW User ACR\.m2\repository\io\cucumber\html-formatter\20.2.1\html-formatter-20.2.1.jar;C:\Users\ADW User ACR\.m2\repository\io\cucumber\junit-xml-formatter\0.1.0\junit-xml-formatter-0.1.0.jar;C:\Users\ADW User ACR\.m2\repository\io\cucumber\ci-environment\9.1.0\ci-environment-9.1.0.jar;C:\Users\ADW User ACR\.m2\repository\io\cucumber\cucumber-java\7.11.0\cucumber-java-7.11.0.jar;C:\Users\ADW User ACR\.m2\repository\io\cucumber\cucumber-junit\7.11.0\cucumber-junit-7.11.0.jar;C:\Users\ADW User ACR\.m2\repository\org\apache\commons\commons-csv\1.5\commons-csv-1.5.jar;C:\Users\ADW User ACR\.m2\repository\net\serenity-bdd\serenity-screenplay\3.6.21\serenity-screenplay-3.6.21.jar;C:\Users\ADW User ACR\.m2\repository\net\serenity-bdd\serenity-screenplay-webdriver\3.6.21\serenity-screenplay-webdriver-3.6.21.jar;C:\Users\ADW User ACR\.m2\repository\net\serenity-bdd\serenity-ensure\3.6.21\serenity-ensure-3.6.21.jar;C:\Users\ADW User ACR\.m2\repository\net\serenity-bdd\serenity-junit\3.6.21\serenity-junit-3.6.21.jar;C:\Users\ADW User ACR\.m2\repository\org\jetbrains\kotlin\kotlin-stdlib\1.8.10\kotlin-stdlib-1.8.10.jar;C:\Users\ADW User ACR\.m2\repository\org\jetbrains\kotlin\kotlin-stdlib-common\1.8.10\kotlin-stdlib-common-1.8.10.jar;C:\Users\ADW User ACR\.m2\repository\org\jetbrains\annotations\13.0\annotations-13.0.jar;C:\Users\ADW User ACR\.m2\repository\org\junit\platform\junit-platform-launcher\1.8.2\junit-platform-launcher-1.8.2.jar;C:\Users\ADW User ACR\.m2\repository\org\junit\platform\junit-platform-engine\1.8.2\junit-platform-engine-1.8.2.jar;C:\Users\ADW User ACR\.m2\repository\org\opentest4j\opentest4j\1.2.0\opentest4j-1.2.0.jar;C:\Users\ADW User ACR\.m2\repository\org\junit\platform\junit-platform-commons\1.8.2\junit-platform-commons-1.8.2.jar;C:\Users\ADW User ACR\.m2\repository\org\apiguardian\apiguardian-api\1.1.2\apiguardian-api-1.1.2.jar;C:\Users\ADW User ACR\.m2\repository\org\junit\jupiter\junit-jupiter-engine\5.8.2\junit-jupiter-engine-5.8.2.jar;C:\Users\ADW User ACR\.m2\repository\org\junit\jupiter\junit-jupiter-api\5.8.2\junit-jupiter-api-5.8.2.jar;C:\Users\ADW User ACR\.m2\repository\org\junit\vintage\junit-vintage-engine\5.8.2\junit-vintage-engine-5.8.2.jar;C:\Users\ADW User ACR\.m2\repository\junit\junit\4.13.2\junit-4.13.2.jar;C:\Users\ADW User ACR\.m2\repository\org\hamcrest\hamcrest-core\1.3\hamcrest-core-1.3.jar;C:\Users\ADW User ACR\.m2\repository\ch\qos\logback\logback-classic\1.2.10\logback-classic-1.2.10.jar;C:\Users\ADW User ACR\.m2\repository\ch\qos\logback\logback-core\1.2.10\logback-core-1.2.10.jar;C:\Users\ADW User ACR\.m2\repository\org\slf4j\slf4j-api\1.7.32\slf4j-api-1.7.32.jar;C:\Users\ADW User ACR\.m2\repository\org\assertj\assertj-core\3.23.1\assertj-core-3.23.1.jar;C:\Users\ADW User ACR\.m2\repository\net\bytebuddy\byte-buddy\1.12.10\byte-buddy-1.12.10.jar;"/>
    <property name="java.vm.vendor" value="Oracle Corporation"/>
    <property name="sun.arch.data.model" value="64"/>
    <property name="user.variant" value=""/>
    <property name="java.vendor.url" value="http://java.oracle.com/"/>
    <property name="user.timezone" value="Asia/Bangkok"/>
    <property name="java.vm.specification.version" value="1.8"/>
    <property name="os.name" value="Windows 10"/>
    <property name="user.country" value="US"/>
    <property name="sun.java.launcher" value="SUN_STANDARD"/>
    <property name="sun.boot.library.path" value="C:\Program Files\Java\jdk1.8.0_202\jre\bin"/>
    <property name="sun.java.command" value="C:\Users\ADW User ACR\AppData\Local\Temp\surefire5653985235732762441\surefirebooter1453065230111422615.jar C:\Users\ADW User ACR\AppData\Local\Temp\surefire5653985235732762441 2023-05-08T14-48-59_628-jvmRun1 surefire3210287631950485924tmp surefire_02012786952813755722tmp"/>
    <property name="surefire.test.class.path" value="D:\D\QE_Alta\MiniProject\Web\Register-Web-Altashop\target\test-classes;D:\D\QE_Alta\MiniProject\Web\Register-Web-Altashop\target\web-automation-alta-1.0-SNAPSHOT.jar;C:\Users\ADW User ACR\.m2\repository\net\serenity-bdd\serenity-core\3.6.21\serenity-core-3.6.21.jar;C:\Users\ADW User ACR\.m2\repository\net\serenity-bdd\serenity-model\3.6.21\serenity-model-3.6.21.jar;C:\Users\ADW User ACR\.m2\repository\org\apache\commons\commons-text\1.10.0\commons-text-1.10.0.jar;C:\Users\ADW User ACR\.m2\repository\commons-net\commons-net\3.9.0\commons-net-3.9.0.jar;C:\Users\ADW User ACR\.m2\repository\com\google\guava\guava\31.1-jre\guava-31.1-jre.jar;C:\Users\ADW User ACR\.m2\repository\com\google\guava\failureaccess\1.0.1\failureaccess-1.0.1.jar;C:\Users\ADW User ACR\.m2\repository\com\google\guava\listenablefuture\9999.0-empty-to-avoid-conflict-with-guava\listenablefuture-9999.0-empty-to-avoid-conflict-with-guava.jar;C:\Users\ADW User ACR\.m2\repository\com\google\code\findbugs\jsr305\3.0.2\jsr305-3.0.2.jar;C:\Users\ADW User ACR\.m2\repository\org\checkerframework\checker-qual\3.12.0\checker-qual-3.12.0.jar;C:\Users\ADW User ACR\.m2\repository\com\google\errorprone\error_prone_annotations\2.11.0\error_prone_annotations-2.11.0.jar;C:\Users\ADW User ACR\.m2\repository\com\google\j2objc\j2objc-annotations\1.3\j2objc-annotations-1.3.jar;C:\Users\ADW User ACR\.m2\repository\com\google\inject\guice\5.1.0\guice-5.1.0.jar;C:\Users\ADW User ACR\.m2\repository\javax\inject\javax.inject\1\javax.inject-1.jar;C:\Users\ADW User ACR\.m2\repository\aopalliance\aopalliance\1.0\aopalliance-1.0.jar;C:\Users\ADW User ACR\.m2\repository\org\jsoup\jsoup\1.14.3\jsoup-1.14.3.jar;C:\Users\ADW User ACR\.m2\repository\com\thoughtworks\xstream\xstream\1.4.20\xstream-1.4.20.jar;C:\Users\ADW User ACR\.m2\repository\io\github\x-stream\mxparser\1.2.2\mxparser-1.2.2.jar;C:\Users\ADW User ACR\.m2\repository\xmlpull\xmlpull\1.1.3.1\xmlpull-1.1.3.1.jar;C:\Users\ADW User ACR\.m2\repository\com\typesafe\config\1.4.2\config-1.4.2.jar;C:\Users\ADW User ACR\.m2\repository\org\imgscalr\imgscalr-lib\4.2\imgscalr-lib-4.2.jar;C:\Users\ADW User ACR\.m2\repository\org\awaitility\awaitility\4.2.0\awaitility-4.2.0.jar;C:\Users\ADW User ACR\.m2\repository\org\freemarker\freemarker\2.3.31\freemarker-2.3.31.jar;C:\Users\ADW User ACR\.m2\repository\io\github\classgraph\classgraph\4.8.138\classgraph-4.8.138.jar;C:\Users\ADW User ACR\.m2\repository\net\sourceforge\jexcelapi\jxl\2.6.12\jxl-2.6.12.jar;C:\Users\ADW User ACR\.m2\repository\net\bytebuddy\byte-buddy-agent\1.14.2\byte-buddy-agent-1.14.2.jar;C:\Users\ADW User ACR\.m2\repository\org\objenesis\objenesis\3.3\objenesis-3.3.jar;C:\Users\ADW User ACR\.m2\repository\net\serenity-bdd\serenity-reports\3.6.21\serenity-reports-3.6.21.jar;C:\Users\ADW User ACR\.m2\repository\net\serenity-bdd\serenity-stats\3.6.21\serenity-stats-3.6.21.jar;C:\Users\ADW User ACR\.m2\repository\net\serenity-bdd\serenity-reports-configuration\3.6.21\serenity-reports-configuration-3.6.21.jar;C:\Users\ADW User ACR\.m2\repository\com\vladsch\flexmark\flexmark-all\0.62.2\flexmark-all-0.62.2.jar;C:\Users\ADW User ACR\.m2\repository\com\vladsch\flexmark\flexmark\0.62.2\flexmark-0.62.2.jar;C:\Users\ADW User ACR\.m2\repository\com\vladsch\flexmark\flexmark-ext-abbreviation\0.62.2\flexmark-ext-abbreviation-0.62.2.jar;C:\Users\ADW User ACR\.m2\repository\com\vladsch\flexmark\flexmark-util\0.62.2\flexmark-util-0.62.2.jar;C:\Users\ADW User ACR\.m2\repository\com\vladsch\flexmark\flexmark-ext-admonition\0.62.2\flexmark-ext-admonition-0.62.2.jar;C:\Users\ADW User ACR\.m2\repository\com\vladsch\flexmark\flexmark-ext-anchorlink\0.62.2\flexmark-ext-anchorlink-0.62.2.jar;C:\Users\ADW User ACR\.m2\repository\com\vladsch\flexmark\flexmark-ext-aside\0.62.2\flexmark-ext-aside-0.62.2.jar;C:\Users\ADW User ACR\.m2\repository\com\vladsch\flexmark\flexmark-ext-attributes\0.62.2\flexmark-ext-attributes-0.62.2.jar;C:\Users\ADW User ACR\.m2\repository\com\vladsch\flexmark\flexmark-ext-autolink\0.62.2\flexmark-ext-autolink-0.62.2.jar;C:\Users\ADW User ACR\.m2\repository\org\nibor\autolink\autolink\0.6.0\autolink-0.6.0.jar;C:\Users\ADW User ACR\.m2\repository\com\vladsch\flexmark\flexmark-ext-definition\0.62.2\flexmark-ext-definition-0.62.2.jar;C:\Users\ADW User ACR\.m2\repository\com\vladsch\flexmark\flexmark-ext-emoji\0.62.2\flexmark-ext-emoji-0.62.2.jar;C:\Users\ADW User ACR\.m2\repository\com\vladsch\flexmark\flexmark-ext-enumerated-reference\0.62.2\flexmark-ext-enumerated-reference-0.62.2.jar;C:\Users\ADW User ACR\.m2\repository\com\vladsch\flexmark\flexmark-ext-escaped-character\0.62.2\flexmark-ext-escaped-character-0.62.2.jar;C:\Users\ADW User ACR\.m2\repository\com\vladsch\flexmark\flexmark-ext-footnotes\0.62.2\flexmark-ext-footnotes-0.62.2.jar;C:\Users\ADW User ACR\.m2\repository\com\vladsch\flexmark\flexmark-ext-gfm-issues\0.62.2\flexmark-ext-gfm-issues-0.62.2.jar;C:\Users\ADW User ACR\.m2\repository\com\vladsch\flexmark\flexmark-ext-gfm-strikethrough\0.62.2\flexmark-ext-gfm-strikethrough-0.62.2.jar;C:\Users\ADW User ACR\.m2\repository\com\vladsch\flexmark\flexmark-ext-gfm-tasklist\0.62.2\flexmark-ext-gfm-tasklist-0.62.2.jar;C:\Users\ADW User ACR\.m2\repository\com\vladsch\flexmark\flexmark-ext-gfm-users\0.62.2\flexmark-ext-gfm-users-0.62.2.jar;C:\Users\ADW User ACR\.m2\repository\com\vladsch\flexmark\flexmark-ext-gitlab\0.62.2\flexmark-ext-gitlab-0.62.2.jar;C:\Users\ADW User ACR\.m2\repository\com\vladsch\flexmark\flexmark-ext-jekyll-front-matter\0.62.2\flexmark-ext-jekyll-front-matter-0.62.2.jar;C:\Users\ADW User ACR\.m2\repository\com\vladsch\flexmark\flexmark-ext-jekyll-tag\0.62.2\flexmark-ext-jekyll-tag-0.62.2.jar;C:\Users\ADW User ACR\.m2\repository\com\vladsch\flexmark\flexmark-ext-media-tags\0.62.2\flexmark-ext-media-tags-0.62.2.jar;C:\Users\ADW User ACR\.m2\repository\com\vladsch\flexmark\flexmark-ext-macros\0.62.2\flexmark-ext-macros-0.62.2.jar;C:\Users\ADW User ACR\.m2\repository\com\vladsch\flexmark\flexmark-ext-ins\0.62.2\flexmark-ext-ins-0.62.2.jar;C:\Users\ADW User ACR\.m2\repository\com\vladsch\flexmark\flexmark-ext-xwiki-macros\0.62.2\flexmark-ext-xwiki-macros-0.62.2.jar;C:\Users\ADW User ACR\.m2\repository\com\vladsch\flexmark\flexmark-ext-superscript\0.62.2\flexmark-ext-superscript-0.62.2.jar;C:\Users\ADW User ACR\.m2\repository\com\vladsch\flexmark\flexmark-ext-tables\0.62.2\flexmark-ext-tables-0.62.2.jar;C:\Users\ADW User ACR\.m2\repository\com\vladsch\flexmark\flexmark-ext-toc\0.62.2\flexmark-ext-toc-0.62.2.jar;C:\Users\ADW User ACR\.m2\repository\com\vladsch\flexmark\flexmark-ext-typographic\0.62.2\flexmark-ext-typographic-0.62.2.jar;C:\Users\ADW User ACR\.m2\repository\com\vladsch\flexmark\flexmark-ext-wikilink\0.62.2\flexmark-ext-wikilink-0.62.2.jar;C:\Users\ADW User ACR\.m2\repository\com\vladsch\flexmark\flexmark-ext-yaml-front-matter\0.62.2\flexmark-ext-yaml-front-matter-0.62.2.jar;C:\Users\ADW User ACR\.m2\repository\com\vladsch\flexmark\flexmark-ext-youtube-embedded\0.62.2\flexmark-ext-youtube-embedded-0.62.2.jar;C:\Users\ADW User ACR\.m2\repository\com\vladsch\flexmark\flexmark-html2md-converter\0.62.2\flexmark-html2md-converter-0.62.2.jar;C:\Users\ADW User ACR\.m2\repository\com\vladsch\flexmark\flexmark-jira-converter\0.62.2\flexmark-jira-converter-0.62.2.jar;C:\Users\ADW User ACR\.m2\repository\com\vladsch\flexmark\flexmark-pdf-converter\0.62.2\flexmark-pdf-converter-0.62.2.jar;C:\Users\ADW User ACR\.m2\repository\com\openhtmltopdf\openhtmltopdf-core\1.0.0\openhtmltopdf-core-1.0.0.jar;C:\Users\ADW User ACR\.m2\repository\com\openhtmltopdf\openhtmltopdf-pdfbox\1.0.0\openhtmltopdf-pdfbox-1.0.0.jar;C:\Users\ADW User ACR\.m2\repository\org\apache\pdfbox\pdfbox\2.0.16\pdfbox-2.0.16.jar;C:\Users\ADW User ACR\.m2\repository\org\apache\pdfbox\fontbox\2.0.16\fontbox-2.0.16.jar;C:\Users\ADW User ACR\.m2\repository\org\apache\pdfbox\xmpbox\2.0.16\xmpbox-2.0.16.jar;C:\Users\ADW User ACR\.m2\repository\de\rototor\pdfbox\graphics2d\0.24\graphics2d-0.24.jar;C:\Users\ADW User ACR\.m2\repository\com\openhtmltopdf\openhtmltopdf-rtl-support\1.0.0\openhtmltopdf-rtl-support-1.0.0.jar;C:\Users\ADW User ACR\.m2\repository\com\openhtmltopdf\openhtmltopdf-jsoup-dom-converter\1.0.0\openhtmltopdf-jsoup-dom-converter-1.0.0.jar;C:\Users\ADW User ACR\.m2\repository\com\vladsch\flexmark\flexmark-profile-pegdown\0.62.2\flexmark-profile-pegdown-0.62.2.jar;C:\Users\ADW User ACR\.m2\repository\com\vladsch\flexmark\flexmark-util-ast\0.62.2\flexmark-util-ast-0.62.2.jar;C:\Users\ADW User ACR\.m2\repository\com\vladsch\flexmark\flexmark-util-builder\0.62.2\flexmark-util-builder-0.62.2.jar;C:\Users\ADW User ACR\.m2\repository\com\vladsch\flexmark\flexmark-util-collection\0.62.2\flexmark-util-collection-0.62.2.jar;C:\Users\ADW User ACR\.m2\repository\com\vladsch\flexmark\flexmark-util-data\0.62.2\flexmark-util-data-0.62.2.jar;C:\Users\ADW User ACR\.m2\repository\com\vladsch\flexmark\flexmark-util-dependency\0.62.2\flexmark-util-dependency-0.62.2.jar;C:\Users\ADW User ACR\.m2\repository\com\vladsch\flexmark\flexmark-util-format\0.62.2\flexmark-util-format-0.62.2.jar;C:\Users\ADW User ACR\.m2\repository\com\vladsch\flexmark\flexmark-util-html\0.62.2\flexmark-util-html-0.62.2.jar;C:\Users\ADW User ACR\.m2\repository\com\vladsch\flexmark\flexmark-util-misc\0.62.2\flexmark-util-misc-0.62.2.jar;C:\Users\ADW User ACR\.m2\repository\com\vladsch\flexmark\flexmark-util-options\0.62.2\flexmark-util-options-0.62.2.jar;C:\Users\ADW User ACR\.m2\repository\com\vladsch\flexmark\flexmark-util-sequence\0.62.2\flexmark-util-sequence-0.62.2.jar;C:\Users\ADW User ACR\.m2\repository\com\vladsch\flexmark\flexmark-util-visitor\0.62.2\flexmark-util-visitor-0.62.2.jar;C:\Users\ADW User ACR\.m2\repository\com\vladsch\flexmark\flexmark-youtrack-converter\0.62.2\flexmark-youtrack-converter-0.62.2.jar;C:\Users\ADW User ACR\.m2\repository\com\ibm\icu\icu4j\72.1\icu4j-72.1.jar;C:\Users\ADW User ACR\.m2\repository\es\nitaur\markdown\txtmark\0.16\txtmark-0.16.jar;C:\Users\ADW User ACR\.m2\repository\net\serenity-bdd\serenity-report-resources\3.6.21\serenity-report-resources-3.6.21.jar;C:\Users\ADW User ACR\.m2\repository\com\google\code\gson\gson\2.10.1\gson-2.10.1.jar;C:\Users\ADW User ACR\.m2\repository\com\fasterxml\jackson\core\jackson-core\2.15.0-rc1\jackson-core-2.15.0-rc1.jar;C:\Users\ADW User ACR\.m2\repository\com\fasterxml\jackson\core\jackson-databind\2.15.0-rc1\jackson-databind-2.15.0-rc1.jar;C:\Users\ADW User ACR\.m2\repository\com\fasterxml\jackson\core\jackson-annotations\2.15.0-rc1\jackson-annotations-2.15.0-rc1.jar;C:\Users\ADW User ACR\.m2\repository\commons-codec\commons-codec\1.15\commons-codec-1.15.jar;C:\Users\ADW User ACR\.m2\repository\commons-io\commons-io\2.11.0\commons-io-2.11.0.jar;C:\Users\ADW User ACR\.m2\repository\org\apache\httpcomponents\httpclient\4.5.13\httpclient-4.5.13.jar;C:\Users\ADW User ACR\.m2\repository\org\apache\httpcomponents\httpcore\4.4.13\httpcore-4.4.13.jar;C:\Users\ADW User ACR\.m2\repository\commons-logging\commons-logging\1.2\commons-logging-1.2.jar;C:\Users\ADW User ACR\.m2\repository\org\seleniumhq\selenium\selenium-java\4.8.1\selenium-java-4.8.1.jar;C:\Users\ADW User ACR\.m2\repository\org\seleniumhq\selenium\selenium-devtools-v108\4.8.1\selenium-devtools-v108-4.8.1.jar;C:\Users\ADW User ACR\.m2\repository\org\seleniumhq\selenium\selenium-devtools-v109\4.8.1\selenium-devtools-v109-4.8.1.jar;C:\Users\ADW User ACR\.m2\repository\org\seleniumhq\selenium\selenium-devtools-v110\4.8.1\selenium-devtools-v110-4.8.1.jar;C:\Users\ADW User ACR\.m2\repository\org\seleniumhq\selenium\selenium-devtools-v85\4.8.1\selenium-devtools-v85-4.8.1.jar;C:\Users\ADW User ACR\.m2\repository\org\seleniumhq\selenium\selenium-remote-driver\4.8.1\selenium-remote-driver-4.8.1.jar;C:\Users\ADW User ACR\.m2\repository\com\beust\jcommander\1.82\jcommander-1.82.jar;C:\Users\ADW User ACR\.m2\repository\io\netty\netty-buffer\4.1.87.Final\netty-buffer-4.1.87.Final.jar;C:\Users\ADW User ACR\.m2\repository\io\netty\netty-codec-http\4.1.87.Final\netty-codec-http-4.1.87.Final.jar;C:\Users\ADW User ACR\.m2\repository\io\netty\netty-codec\4.1.87.Final\netty-codec-4.1.87.Final.jar;C:\Users\ADW User ACR\.m2\repository\io\netty\netty-handler\4.1.87.Final\netty-handler-4.1.87.Final.jar;C:\Users\ADW User ACR\.m2\repository\io\netty\netty-common\4.1.87.Final\netty-common-4.1.87.Final.jar;C:\Users\ADW User ACR\.m2\repository\io\netty\netty-transport-classes-epoll\4.1.87.Final\netty-transport-classes-epoll-4.1.87.Final.jar;C:\Users\ADW User ACR\.m2\repository\io\netty\netty-transport-classes-kqueue\4.1.87.Final\netty-transport-classes-kqueue-4.1.87.Final.jar;C:\Users\ADW User ACR\.m2\repository\io\netty\netty-transport-native-epoll\4.1.87.Final\netty-transport-native-epoll-4.1.87.Final.jar;C:\Users\ADW User ACR\.m2\repository\io\netty\netty-transport-native-kqueue\4.1.87.Final\netty-transport-native-kqueue-4.1.87.Final.jar;C:\Users\ADW User ACR\.m2\repository\io\netty\netty-transport-native-unix-common\4.1.87.Final\netty-transport-native-unix-common-4.1.87.Final.jar;C:\Users\ADW User ACR\.m2\repository\io\netty\netty-transport\4.1.87.Final\netty-transport-4.1.87.Final.jar;C:\Users\ADW User ACR\.m2\repository\io\netty\netty-resolver\4.1.87.Final\netty-resolver-4.1.87.Final.jar;C:\Users\ADW User ACR\.m2\repository\io\opentelemetry\opentelemetry-api\1.22.0\opentelemetry-api-1.22.0.jar;C:\Users\ADW User ACR\.m2\repository\io\opentelemetry\opentelemetry-context\1.22.0\opentelemetry-context-1.22.0.jar;C:\Users\ADW User ACR\.m2\repository\io\opentelemetry\opentelemetry-exporter-logging\1.22.0\opentelemetry-exporter-logging-1.22.0.jar;C:\Users\ADW User ACR\.m2\repository\io\opentelemetry\opentelemetry-sdk-metrics\1.22.0\opentelemetry-sdk-metrics-1.22.0.jar;C:\Users\ADW User ACR\.m2\repository\io\opentelemetry\opentelemetry-sdk-logs\1.22.0-alpha\opentelemetry-sdk-logs-1.22.0-alpha.jar;C:\Users\ADW User ACR\.m2\repository\io\opentelemetry\opentelemetry-api-logs\1.22.0-alpha\opentelemetry-api-logs-1.22.0-alpha.jar;C:\Users\ADW User ACR\.m2\repository\io\opentelemetry\opentelemetry-sdk-common\1.22.0\opentelemetry-sdk-common-1.22.0.jar;C:\Users\ADW User ACR\.m2\repository\io\opentelemetry\opentelemetry-sdk-extension-autoconfigure-spi\1.22.0\opentelemetry-sdk-extension-autoconfigure-spi-1.22.0.jar;C:\Users\ADW User ACR\.m2\repository\io\opentelemetry\opentelemetry-sdk-extension-autoconfigure\1.22.0-alpha\opentelemetry-sdk-extension-autoconfigure-1.22.0-alpha.jar;C:\Users\ADW User ACR\.m2\repository\io\opentelemetry\opentelemetry-sdk-trace\1.22.0\opentelemetry-sdk-trace-1.22.0.jar;C:\Users\ADW User ACR\.m2\repository\io\opentelemetry\opentelemetry-sdk\1.22.0\opentelemetry-sdk-1.22.0.jar;C:\Users\ADW User ACR\.m2\repository\io\opentelemetry\opentelemetry-semconv\1.22.0-alpha\opentelemetry-semconv-1.22.0-alpha.jar;C:\Users\ADW User ACR\.m2\repository\io\ous\jtoml\2.0.0\jtoml-2.0.0.jar;C:\Users\ADW User ACR\.m2\repository\org\apache\commons\commons-exec\1.3\commons-exec-1.3.jar;C:\Users\ADW User ACR\.m2\repository\org\asynchttpclient\async-http-client\2.12.3\async-http-client-2.12.3.jar;C:\Users\ADW User ACR\.m2\repository\org\asynchttpclient\async-http-client-netty-utils\2.12.3\async-http-client-netty-utils-2.12.3.jar;C:\Users\ADW User ACR\.m2\repository\io\netty\netty-codec-socks\4.1.60.Final\netty-codec-socks-4.1.60.Final.jar;C:\Users\ADW User ACR\.m2\repository\io\netty\netty-handler-proxy\4.1.60.Final\netty-handler-proxy-4.1.60.Final.jar;C:\Users\ADW User ACR\.m2\repository\io\netty\netty-transport-native-epoll\4.1.60.Final\netty-transport-native-epoll-4.1.60.Final-linux-x86_64.jar;C:\Users\ADW User ACR\.m2\repository\io\netty\netty-transport-native-kqueue\4.1.60.Final\netty-transport-native-kqueue-4.1.60.Final-osx-x86_64.jar;C:\Users\ADW User ACR\.m2\repository\org\reactivestreams\reactive-streams\1.0.3\reactive-streams-1.0.3.jar;C:\Users\ADW User ACR\.m2\repository\com\typesafe\netty\netty-reactive-streams\2.0.4\netty-reactive-streams-2.0.4.jar;C:\Users\ADW User ACR\.m2\repository\org\seleniumhq\selenium\selenium-manager\4.8.1\selenium-manager-4.8.1.jar;C:\Users\ADW User ACR\.m2\repository\org\seleniumhq\selenium\selenium-safari-driver\4.8.1\selenium-safari-driver-4.8.1.jar;C:\Users\ADW User ACR\.m2\repository\org\seleniumhq\selenium\selenium-api\4.8.1\selenium-api-4.8.1.jar;C:\Users\ADW User ACR\.m2\repository\org\seleniumhq\selenium\selenium-support\4.8.1\selenium-support-4.8.1.jar;C:\Users\ADW User ACR\.m2\repository\com\google\auto\service\auto-service-annotations\1.0.1\auto-service-annotations-1.0.1.jar;C:\Users\ADW User ACR\.m2\repository\com\google\auto\service\auto-service\1.0.1\auto-service-1.0.1.jar;C:\Users\ADW User ACR\.m2\repository\com\google\auto\auto-common\1.2\auto-common-1.2.jar;C:\Users\ADW User ACR\.m2\repository\org\seleniumhq\selenium\selenium-json\4.8.1\selenium-json-4.8.1.jar;C:\Users\ADW User ACR\.m2\repository\org\seleniumhq\selenium\selenium-chrome-driver\4.8.1\selenium-chrome-driver-4.8.1.jar;C:\Users\ADW User ACR\.m2\repository\org\seleniumhq\selenium\selenium-chromium-driver\4.8.1\selenium-chromium-driver-4.8.1.jar;C:\Users\ADW User ACR\.m2\repository\org\seleniumhq\selenium\selenium-firefox-driver\4.8.1\selenium-firefox-driver-4.8.1.jar;C:\Users\ADW User ACR\.m2\repository\org\seleniumhq\selenium\selenium-http\4.8.1\selenium-http-4.8.1.jar;C:\Users\ADW User ACR\.m2\repository\dev\failsafe\failsafe\3.3.0\failsafe-3.3.0.jar;C:\Users\ADW User ACR\.m2\repository\org\seleniumhq\selenium\selenium-edge-driver\4.8.1\selenium-edge-driver-4.8.1.jar;C:\Users\ADW User ACR\.m2\repository\org\seleniumhq\selenium\selenium-ie-driver\4.8.1\selenium-ie-driver-4.8.1.jar;C:\Users\ADW User ACR\.m2\repository\org\projectlombok\lombok\1.18.20\lombok-1.18.20.jar;C:\Users\ADW User ACR\.m2\repository\io\appium\java-client\8.3.0\java-client-8.3.0.jar;C:\Users\ADW User ACR\.m2\repository\commons-validator\commons-validator\1.7\commons-validator-1.7.jar;C:\Users\ADW User ACR\.m2\repository\commons-digester\commons-digester\2.1\commons-digester-2.1.jar;C:\Users\ADW User ACR\.m2\repository\org\apache\groovy\groovy\4.0.10\groovy-4.0.10.jar;C:\Users\ADW User ACR\.m2\repository\net\sf\opencsv\opencsv\2.0\opencsv-2.0.jar;C:\Users\ADW User ACR\.m2\repository\commons-beanutils\commons-beanutils\1.9.4\commons-beanutils-1.9.4.jar;C:\Users\ADW User ACR\.m2\repository\org\apache\commons\commons-lang3\3.12.0\commons-lang3-3.12.0.jar;C:\Users\ADW User ACR\.m2\repository\commons-collections\commons-collections\3.2.2\commons-collections-3.2.2.jar;C:\Users\ADW User ACR\.m2\repository\org\fluentlenium\fluentlenium-core\0.10.2\fluentlenium-core-0.10.2.jar;C:\Users\ADW User ACR\.m2\repository\io\github\bonigarcia\webdrivermanager\5.3.0\webdrivermanager-5.3.0.jar;C:\Users\ADW User ACR\.m2\repository\com\github\docker-java\docker-java\3.2.13\docker-java-3.2.13.jar;C:\Users\ADW User ACR\.m2\repository\com\github\docker-java\docker-java-core\3.2.13\docker-java-core-3.2.13.jar;C:\Users\ADW User ACR\.m2\repository\com\github\docker-java\docker-java-api\3.2.13\docker-java-api-3.2.13.jar;C:\Users\ADW User ACR\.m2\repository\org\apache\commons\commons-compress\1.21\commons-compress-1.21.jar;C:\Users\ADW User ACR\.m2\repository\org\bouncycastle\bcpkix-jdk15on\1.64\bcpkix-jdk15on-1.64.jar;C:\Users\ADW User ACR\.m2\repository\org\bouncycastle\bcprov-jdk15on\1.64\bcprov-jdk15on-1.64.jar;C:\Users\ADW User ACR\.m2\repository\org\slf4j\jcl-over-slf4j\1.7.30\jcl-over-slf4j-1.7.30.jar;C:\Users\ADW User ACR\.m2\repository\com\github\docker-java\docker-java-transport-httpclient5\3.2.13\docker-java-transport-httpclient5-3.2.13.jar;C:\Users\ADW User ACR\.m2\repository\com\github\docker-java\docker-java-transport\3.2.13\docker-java-transport-3.2.13.jar;C:\Users\ADW User ACR\.m2\repository\net\java\dev\jna\jna\5.8.0\jna-5.8.0.jar;C:\Users\ADW User ACR\.m2\repository\org\brotli\dec\0.1.2\dec-0.1.2.jar;C:\Users\ADW User ACR\.m2\repository\org\apache\httpcomponents\client5\httpclient5\5.1.3\httpclient5-5.1.3.jar;C:\Users\ADW User ACR\.m2\repository\org\apache\httpcomponents\core5\httpcore5\5.1.3\httpcore5-5.1.3.jar;C:\Users\ADW User ACR\.m2\repository\org\apache\httpcomponents\core5\httpcore5-h2\5.1.3\httpcore5-h2-5.1.3.jar;C:\Users\ADW User ACR\.m2\repository\com\jhlabs\filters\2.0.235\filters-2.0.235.jar;C:\Users\ADW User ACR\.m2\repository\com\paulhammant\ngwebdriver\1.1.6\ngwebdriver-1.1.6.jar;C:\Users\ADW User ACR\.m2\repository\joda-time\joda-time\2.12.2\joda-time-2.12.2.jar;C:\Users\ADW User ACR\.m2\repository\org\hamcrest\hamcrest\2.2\hamcrest-2.2.jar;C:\Users\ADW User ACR\.m2\repository\com\google\jimfs\jimfs\1.2\jimfs-1.2.jar;C:\Users\ADW User ACR\.m2\repository\org\mockito\mockito-core\3.3.3\mockito-core-3.3.3.jar;C:\Users\ADW User ACR\.m2\repository\javax\xml\bind\jaxb-api\2.3.1\jaxb-api-2.3.1.jar;C:\Users\ADW User ACR\.m2\repository\javax\activation\javax.activation-api\1.2.0\javax.activation-api-1.2.0.jar;C:\Users\ADW User ACR\.m2\repository\com\sun\xml\bind\jaxb-core\2.3.0.1\jaxb-core-2.3.0.1.jar;C:\Users\ADW User ACR\.m2\repository\com\sun\xml\bind\jaxb-impl\2.3.3\jaxb-impl-2.3.3.jar;C:\Users\ADW User ACR\.m2\repository\jakarta\xml\bind\jakarta.xml.bind-api\2.3.3\jakarta.xml.bind-api-2.3.3.jar;C:\Users\ADW User ACR\.m2\repository\com\sun\activation\jakarta.activation\1.2.2\jakarta.activation-1.2.2.jar;C:\Users\ADW User ACR\.m2\repository\javax\activation\activation\1.1.1\activation-1.1.1.jar;C:\Users\ADW User ACR\.m2\repository\net\serenity-bdd\serenity-cucumber\3.6.21\serenity-cucumber-3.6.21.jar;C:\Users\ADW User ACR\.m2\repository\io\cucumber\cucumber-core\7.11.0\cucumber-core-7.11.0.jar;C:\Users\ADW User ACR\.m2\repository\io\cucumber\cucumber-gherkin\7.11.0\cucumber-gherkin-7.11.0.jar;C:\Users\ADW User ACR\.m2\repository\io\cucumber\cucumber-gherkin-messages\7.11.0\cucumber-gherkin-messages-7.11.0.jar;C:\Users\ADW User ACR\.m2\repository\io\cucumber\gherkin\26.0.3\gherkin-26.0.3.jar;C:\Users\ADW User ACR\.m2\repository\io\cucumber\messages\21.0.1\messages-21.0.1.jar;C:\Users\ADW User ACR\.m2\repository\io\cucumber\tag-expressions\5.0.1\tag-expressions-5.0.1.jar;C:\Users\ADW User ACR\.m2\repository\io\cucumber\cucumber-expressions\16.1.1\cucumber-expressions-16.1.1.jar;C:\Users\ADW User ACR\.m2\repository\io\cucumber\datatable\7.11.0\datatable-7.11.0.jar;C:\Users\ADW User ACR\.m2\repository\io\cucumber\cucumber-plugin\7.11.0\cucumber-plugin-7.11.0.jar;C:\Users\ADW User ACR\.m2\repository\io\cucumber\docstring\7.11.0\docstring-7.11.0.jar;C:\Users\ADW User ACR\.m2\repository\io\cucumber\html-formatter\20.2.1\html-formatter-20.2.1.jar;C:\Users\ADW User ACR\.m2\repository\io\cucumber\junit-xml-formatter\0.1.0\junit-xml-formatter-0.1.0.jar;C:\Users\ADW User ACR\.m2\repository\io\cucumber\ci-environment\9.1.0\ci-environment-9.1.0.jar;C:\Users\ADW User ACR\.m2\repository\io\cucumber\cucumber-java\7.11.0\cucumber-java-7.11.0.jar;C:\Users\ADW User ACR\.m2\repository\io\cucumber\cucumber-junit\7.11.0\cucumber-junit-7.11.0.jar;C:\Users\ADW User ACR\.m2\repository\org\apache\commons\commons-csv\1.5\commons-csv-1.5.jar;C:\Users\ADW User ACR\.m2\repository\net\serenity-bdd\serenity-screenplay\3.6.21\serenity-screenplay-3.6.21.jar;C:\Users\ADW User ACR\.m2\repository\net\serenity-bdd\serenity-screenplay-webdriver\3.6.21\serenity-screenplay-webdriver-3.6.21.jar;C:\Users\ADW User ACR\.m2\repository\net\serenity-bdd\serenity-ensure\3.6.21\serenity-ensure-3.6.21.jar;C:\Users\ADW User ACR\.m2\repository\net\serenity-bdd\serenity-junit\3.6.21\serenity-junit-3.6.21.jar;C:\Users\ADW User ACR\.m2\repository\org\jetbrains\kotlin\kotlin-stdlib\1.8.10\kotlin-stdlib-1.8.10.jar;C:\Users\ADW User ACR\.m2\repository\org\jetbrains\kotlin\kotlin-stdlib-common\1.8.10\kotlin-stdlib-common-1.8.10.jar;C:\Users\ADW User ACR\.m2\repository\org\jetbrains\annotations\13.0\annotations-13.0.jar;C:\Users\ADW User ACR\.m2\repository\org\junit\platform\junit-platform-launcher\1.8.2\junit-platform-launcher-1.8.2.jar;C:\Users\ADW User ACR\.m2\repository\org\junit\platform\junit-platform-engine\1.8.2\junit-platform-engine-1.8.2.jar;C:\Users\ADW User ACR\.m2\repository\org\opentest4j\opentest4j\1.2.0\opentest4j-1.2.0.jar;C:\Users\ADW User ACR\.m2\repository\org\junit\platform\junit-platform-commons\1.8.2\junit-platform-commons-1.8.2.jar;C:\Users\ADW User ACR\.m2\repository\org\apiguardian\apiguardian-api\1.1.2\apiguardian-api-1.1.2.jar;C:\Users\ADW User ACR\.m2\repository\org\junit\jupiter\junit-jupiter-engine\5.8.2\junit-jupiter-engine-5.8.2.jar;C:\Users\ADW User ACR\.m2\repository\org\junit\jupiter\junit-jupiter-api\5.8.2\junit-jupiter-api-5.8.2.jar;C:\Users\ADW User ACR\.m2\repository\org\junit\vintage\junit-vintage-engine\5.8.2\junit-vintage-engine-5.8.2.jar;C:\Users\ADW User ACR\.m2\repository\junit\junit\4.13.2\junit-4.13.2.jar;C:\Users\ADW User ACR\.m2\repository\org\hamcrest\hamcrest-core\1.3\hamcrest-core-1.3.jar;C:\Users\ADW User ACR\.m2\repository\ch\qos\logback\logback-classic\1.2.10\logback-classic-1.2.10.jar;C:\Users\ADW User ACR\.m2\repository\ch\qos\logback\logback-core\1.2.10\logback-core-1.2.10.jar;C:\Users\ADW User ACR\.m2\repository\org\slf4j\slf4j-api\1.7.32\slf4j-api-1.7.32.jar;C:\Users\ADW User ACR\.m2\repository\org\assertj\assertj-core\3.23.1\assertj-core-3.23.1.jar;C:\Users\ADW User ACR\.m2\repository\net\bytebuddy\byte-buddy\1.12.10\byte-buddy-1.12.10.jar;"/>
    <property name="sun.cpu.endian" value="little"/>
    <property name="user.home" value="C:\Users\ADW User ACR"/>
    <property name="user.language" value="en"/>
    <property name="java.specification.vendor" value="Oracle Corporation"/>
    <property name="java.home" value="C:\Program Files\Java\jdk1.8.0_202\jre"/>
    <property name="basedir" value="D:\D\QE_Alta\MiniProject\Web\Register-Web-Altashop"/>
    <property name="file.separator" value="\"/>
    <property name="line.separator" value="&#10;"/>
    <property name="java.vm.specification.vendor" value="Oracle Corporation"/>
    <property name="java.specification.name" value="Java Platform API Specification"/>
    <property name="java.awt.graphicsenv" value="sun.awt.Win32GraphicsEnvironment"/>
    <property name="surefire.real.class.path" value="C:\Users\ADW User ACR\AppData\Local\Temp\surefire5653985235732762441\surefirebooter1453065230111422615.jar"/>
    <property name="sun.boot.class.path" value="C:\Program Files\Java\jdk1.8.0_202\jre\lib\resources.jar;C:\Program Files\Java\jdk1.8.0_202\jre\lib\rt.jar;C:\Program Files\Java\jdk1.8.0_202\jre\lib\sunrsasign.jar;C:\Program Files\Java\jdk1.8.0_202\jre\lib\jsse.jar;C:\Program Files\Java\jdk1.8.0_202\jre\lib\jce.jar;C:\Program Files\Java\jdk1.8.0_202\jre\lib\charsets.jar;C:\Program Files\Java\jdk1.8.0_202\jre\lib\jfr.jar;C:\Program Files\Java\jdk1.8.0_202\jre\classes"/>
    <property name="user.script" value=""/>
    <property name="sun.management.compiler" value="HotSpot 64-Bit Tiered Compilers"/>
    <property name="java.runtime.version" value="1.8.0_202-b08"/>
    <property name="user.name" value="ADW User ACR"/>
    <property name="path.separator" value=";"/>
    <property name="os.version" value="10.0"/>
    <property name="java.endorsed.dirs" value="C:\Program Files\Java\jdk1.8.0_202\jre\lib\endorsed"/>
    <property name="java.runtime.name" value="Java(TM) SE Runtime Environment"/>
    <property name="file.encoding" value="Cp1252"/>
    <property name="webdriver.base.url" value=""/>
    <property name="java.vm.name" value="Java HotSpot(TM) 64-Bit Server VM"/>
    <property name="localRepository" value="C:\Users\ADW User ACR\.m2\repository"/>
    <property name="java.vendor.url.bug" value="http://bugreport.sun.com/bugreport/"/>
    <property name="java.io.tmpdir" value="C:\Users\ADWUSE~1\AppData\Local\Temp\"/>
    <property name="java.version" value="1.8.0_202"/>
    <property name="user.dir" value="D:\D\QE_Alta\MiniProject\Web\Register-Web-Altashop"/>
    <property name="os.arch" value="amd64"/>
    <property name="java.vm.specification.name" value="Java Virtual Machine Specification"/>
    <property name="java.awt.printerjob" value="sun.awt.windows.WPrinterJob"/>
    <property name="sun.os.patch.level" value=""/>
    <property name="java.library.path" value="C:\Program Files\Java\jdk1.8.0_202\jre\bin;C:\Windows\Sun\Java\bin;C:\Windows\system32;C:\Windows;C:\Python311\Scripts\;C:\Python311\;C:\Program Files (x86)\Common Files\Oracle\Java\javapath;C:\Program Files (x86)\Common Files\Intel\Shared Files\cpp\bin\Intel64;C:\Windows\system32;C:\Windows;C:\Windows\System32\Wbem;C:\Windows\System32\WindowsPowerShell\v1.0\;C:\Windows\System32\OpenSSH\;C:\Program Files\apache-maven-3.9.1\bin;C:\Program Files\nodejs\;C:\ProgramData\chocolatey\bin;C:\Users\Public\Android\Sdk;C:\Users\Public\Android\Sdk\platform-tools;C:\Users\ADW User ACR\AppData\Local\Microsoft\WindowsApps;C:\Users\ADW User ACR\AppData\Local\Programs\Git\cmd;C:\Users\ADW User ACR\AppData\Roaming\npm;."/>
    <property name="java.vm.info" value="mixed mode"/>
    <property name="java.vendor" value="Oracle Corporation"/>
    <property name="java.vm.version" value="25.202-b08"/>
    <property name="java.ext.dirs" value="C:\Program Files\Java\jdk1.8.0_202\jre\lib\ext;C:\Windows\Sun\Java\lib\ext"/>
    <property name="sun.io.unicode.encoding" value="UnicodeLittle"/>
    <property name="java.class.version" value="52.0"/>
  </properties>
  <testcase name="as user i want to register with correct values" classname="As a user i have be able to success register so that i can see login page" time="22.289">
    <system-out><![CDATA[14:49:07.334 [main] DEBUG net.thucydides.core.guice.Injectors - Created injector for module net.thucydides.core.guice.ThucydidesModule
14:49:07.932 [main] DEBUG io.cucumber.core.plugin.SerenityReporter - Running feature from file:///D:/D/QE_Alta/MiniProject/Web/Register-Web-Altashop/src/test/resources/features/Register.feature
14:49:08.357 [main] DEBUG net.thucydides.core.guice.Injectors - Created injector for module net.thucydides.core.guice.webdriver.WebDriverModule
14:49:08.395 [main] INFO  - 

-------------------------------------------------------------------------------------
     _______. _______ .______       _______ .__   __.  __  .___________.____    ____ 
    /       ||   ____||   _  \     |   ____||  \ |  | |  | |           |\   \  /   / 
   |   (----`|  |__   |  |_)  |    |  |__   |   \|  | |  | `---|  |----` \   \/   /  
    \   \    |   __|  |      /     |   __|  |  . `  | |  |     |  |       \_    _/   
.----)   |   |  |____ |  |\  \----.|  |____ |  |\   | |  |     |  |         |  |     
|_______/    |_______|| _| `._____||_______||__| \__| |__|     |__|         |__|    
                                                                                     
 News and tutorials at http://www.serenity-bdd.info                                  
 Documentation at https://wakaleo.gitbooks.io/the-serenity-book/content/             
 Join the Serenity Community on Gitter: https://gitter.im/serenity-bdd/serenity-core 
 Serenity BDD Support and Training at http://serenity-bdd.info/#/trainingandsupport  
-------------------------------------------------------------------------------------

14:49:08.402 [main] DEBUG net.thucydides.core.steps.StepEventBus - Test suite started for story net.thucydides.core.model.Story@508f17cb
14:49:08.405 [main] INFO  - Test Suite Started: As a user i have be able to success register so that i can see login page
14:49:08.438 [main] DEBUG io.cucumber.core.plugin.SerenityReporter - Running feature from file:///D:/D/QE_Alta/MiniProject/Web/Register-Web-Altashop/src/test/resources/features/Register.feature
14:49:08.442 [main] DEBUG net.thucydides.core.steps.StepEventBus - Test suite started for story net.thucydides.core.model.Story@508f17cb
14:49:08.443 [main] INFO  - Test Suite Started: As a user i have be able to success register so that i can see login page

@TestCaseMPAAAC-5
Scenario: as user i want to register with correct values &amp#27;[90m# src/test/resources/features/Register.feature:4&amp#27;[0m
14:49:08.695 [main] DEBUG io.cucumber.core.plugin.SerenityReporter - Running feature from file:///D:/D/QE_Alta/MiniProject/Web/Register-Web-Altashop/src/test/resources/features/Register.feature
14:49:09.155 [main] INFO  - 
  _____   ___   ___   _____     ___   _____     _     ___   _____   ___   ___  
 |_   _| | __| / __| |_   _|   / __| |_   _|   /_\   | _ \ |_   _| | __| |   \ 
   | |   | _|  \__ \   | |     \__ \   | |    / _ \  |   /   | |   | _|  | |) |
   |_|   |___| |___/   |_|     |___/   |_|   /_/ \_\ |_|_\   |_|   |___| |___/ 

as user i want to register with correct values(as-a-user-i-have-be-able-to-success-register-so-that-i-can-see-login-page;as-user-i-want-to-register-with-correct-values)
--------------------------------------------------------------------------------
14:49:09.425 [main] DEBUG net.thucydides.core.requirements.model.cucumber.CucumberParser - Loading feature D:\D\QE_Alta\MiniProject\Web\Register-Web-Altashop\src\test\resources\features\Register.feature
14:49:13.111 [main] INFO net.serenitybdd.core.webdriver.driverproviders.DriverProvider - Using WebDriverManager configuration for chrome
14:49:16.261 [main] DEBUG io.github.bonigarcia.wdm.cache.ResolutionCache - Resolution chrome=112 in cache (valid until 15:13:59 08/05/2023 ICT)
14:49:16.263 [main] DEBUG io.github.bonigarcia.wdm.cache.ResolutionCache - Resolution chrome112=112.0.5615.49 in cache (valid until 14:13:59 09/05/2023 ICT)
14:49:16.264 [main] INFO io.github.bonigarcia.wdm.WebDriverManager - Using chromedriver 112.0.5615.49 (resolved driver for Chrome 112)
14:49:16.307 [main] DEBUG io.github.bonigarcia.wdm.WebDriverManager - Driver chromedriver 112.0.5615.49 found in cache
14:49:16.310 [main] INFO io.github.bonigarcia.wdm.WebDriverManager - Exporting webdriver.chrome.driver as C:\Users\ADW User ACR\.cache\selenium\chromedriver\win32\112.0.5615.49\chromedriver.exe
14:49:16.543 [main] INFO net.serenitybdd.core.webdriver.driverproviders.ChromeDriverProvider - Starting Chrome driver instance with capabilities:
14:49:16.548 [main] INFO net.serenitybdd.core.webdriver.driverproviders.ChromeDriverProvider - Capabilities {acceptInsecureCerts: true, browserName: chrome, goog:chromeOptions: {args: [remote-allow-origins=*, test-type, no-sandbox, ignore-certificate-errors, start-maximized, incognito, disable-infobars, disable-gpu, disable-default-apps, disable-popup-blocking, remote-allow-origins=*, test-type, no-sandbox, ignore-certificate-errors, start-maximized, incognito, disable-infobars, disable-gpu, disable-default-apps, disable-popup-blocking, remote-allow-origins=*], extensions: []}}
14:49:16.761 [main] DEBUG io.netty.util.internal.logging.InternalLoggerFactory - Using SLF4J as the default logging framework
14:49:16.772 [main] DEBUG io.netty.util.ResourceLeakDetector - -Dio.netty.leakDetection.level: simple
14:49:16.773 [main] DEBUG io.netty.util.ResourceLeakDetector - -Dio.netty.leakDetection.targetRecords: 4
14:49:16.784 [main] DEBUG io.netty.util.ResourceLeakDetectorFactory - Loaded default ResourceLeakDetector: io.netty.util.ResourceLeakDetector@71f1cc02
14:49:16.849 [main] DEBUG io.netty.util.internal.PlatformDependent0 - -Dio.netty.noUnsafe: false
14:49:16.850 [main] DEBUG io.netty.util.internal.PlatformDependent0 - Java version: 8
14:49:16.854 [main] DEBUG io.netty.util.internal.PlatformDependent0 - sun.misc.Unsafe.theUnsafe: available
14:49:16.855 [main] DEBUG io.netty.util.internal.PlatformDependent0 - sun.misc.Unsafe.copyMemory: available
14:49:16.856 [main] DEBUG io.netty.util.internal.PlatformDependent0 - sun.misc.Unsafe.storeFence: available
14:49:16.858 [main] DEBUG io.netty.util.internal.PlatformDependent0 - java.nio.Buffer.address: available
14:49:16.859 [main] DEBUG io.netty.util.internal.PlatformDependent0 - direct buffer constructor: available
14:49:16.861 [main] DEBUG io.netty.util.internal.PlatformDependent0 - java.nio.Bits.unaligned: available, true
14:49:16.861 [main] DEBUG io.netty.util.internal.PlatformDependent0 - jdk.internal.misc.Unsafe.allocateUninitializedArray(int): unavailable prior to Java9
14:49:16.861 [main] DEBUG io.netty.util.internal.PlatformDependent0 - java.nio.DirectByteBuffer.<init>(long, int): available
14:49:16.862 [main] DEBUG io.netty.util.internal.PlatformDependent - sun.misc.Unsafe: available
14:49:16.863 [main] DEBUG io.netty.util.internal.PlatformDependent - -Dio.netty.tmpdir: C:\Users\ADWUSE~1\AppData\Local\Temp (java.io.tmpdir)
14:49:16.863 [main] DEBUG io.netty.util.internal.PlatformDependent - -Dio.netty.bitMode: 64 (sun.arch.data.model)
14:49:16.864 [main] DEBUG io.netty.util.internal.PlatformDependent - Platform: Windows
14:49:16.866 [main] DEBUG io.netty.util.internal.PlatformDependent - -Dio.netty.maxDirectMemory: 1840250880 bytes
14:49:16.866 [main] DEBUG io.netty.util.internal.PlatformDependent - -Dio.netty.uninitializedArrayAllocationThreshold: -1
14:49:16.872 [main] DEBUG io.netty.util.internal.CleanerJava6 - java.nio.ByteBuffer.cleaner(): available
14:49:16.872 [main] DEBUG io.netty.util.internal.PlatformDependent - -Dio.netty.noPreferDirect: false
14:49:16.918 [main] DEBUG io.netty.util.internal.PlatformDependent - org.jctools-core.MpscChunkedArrayQueue: available
14:49:16.977 [main] DEBUG io.netty.util.internal.InternalThreadLocalMap - -Dio.netty.threadLocalMap.stringBuilder.initialSize: 1024
14:49:16.977 [main] DEBUG io.netty.util.internal.InternalThreadLocalMap - -Dio.netty.threadLocalMap.stringBuilder.maxSize: 4096
14:49:17.061 [main] DEBUG io.netty.handler.ssl.JdkSslContext - Default protocols (JDK): [TLSv1.2, TLSv1.1, TLSv1] 
14:49:17.061 [main] DEBUG io.netty.handler.ssl.JdkSslContext - Default cipher suites (JDK): [TLS_ECDHE_ECDSA_WITH_AES_256_GCM_SHA384, TLS_ECDHE_ECDSA_WITH_AES_128_GCM_SHA256, TLS_ECDHE_RSA_WITH_AES_128_GCM_SHA256, TLS_ECDHE_RSA_WITH_AES_256_GCM_SHA384, TLS_ECDHE_RSA_WITH_AES_128_CBC_SHA, TLS_ECDHE_RSA_WITH_AES_256_CBC_SHA, TLS_RSA_WITH_AES_128_GCM_SHA256, TLS_RSA_WITH_AES_128_CBC_SHA, TLS_RSA_WITH_AES_256_CBC_SHA]
14:49:17.228 [main] DEBUG io.netty.channel.MultithreadEventLoopGroup - -Dio.netty.eventLoopThreads: 8
14:49:17.253 [main] DEBUG io.netty.channel.nio.NioEventLoop - -Dio.netty.noKeySetOptimization: false
14:49:17.254 [main] DEBUG io.netty.channel.nio.NioEventLoop - -Dio.netty.selectorAutoRebuildThreshold: 512
14:49:17.349 [main] DEBUG io.netty.buffer.PooledByteBufAllocator - -Dio.netty.allocator.numHeapArenas: 8
14:49:17.349 [main] DEBUG io.netty.buffer.PooledByteBufAllocator - -Dio.netty.allocator.numDirectArenas: 8
14:49:17.350 [main] DEBUG io.netty.buffer.PooledByteBufAllocator - -Dio.netty.allocator.pageSize: 8192
14:49:17.350 [main] DEBUG io.netty.buffer.PooledByteBufAllocator - -Dio.netty.allocator.maxOrder: 9
14:49:17.350 [main] DEBUG io.netty.buffer.PooledByteBufAllocator - -Dio.netty.allocator.chunkSize: 4194304
14:49:17.351 [main] DEBUG io.netty.buffer.PooledByteBufAllocator - -Dio.netty.allocator.smallCacheSize: 256
14:49:17.351 [main] DEBUG io.netty.buffer.PooledByteBufAllocator - -Dio.netty.allocator.normalCacheSize: 64
14:49:17.351 [main] DEBUG io.netty.buffer.PooledByteBufAllocator - -Dio.netty.allocator.maxCachedBufferCapacity: 32768
14:49:17.351 [main] DEBUG io.netty.buffer.PooledByteBufAllocator - -Dio.netty.allocator.cacheTrimInterval: 8192
14:49:17.351 [main] DEBUG io.netty.buffer.PooledByteBufAllocator - -Dio.netty.allocator.cacheTrimIntervalMillis: 0
14:49:17.351 [main] DEBUG io.netty.buffer.PooledByteBufAllocator - -Dio.netty.allocator.useCacheForAllThreads: false
14:49:17.352 [main] DEBUG io.netty.buffer.PooledByteBufAllocator - -Dio.netty.allocator.maxCachedByteBuffersPerChunk: 1023
14:49:17.379 [main] DEBUG io.netty.buffer.ByteBufUtil - -Dio.netty.allocator.type: pooled
14:49:17.380 [main] DEBUG io.netty.buffer.ByteBufUtil - -Dio.netty.threadLocalDirectBufferSize: 0
14:49:17.380 [main] DEBUG io.netty.buffer.ByteBufUtil - -Dio.netty.maxThreadLocalCharBufferSize: 16384
14:49:18.873 [Forwarding newSession on session null to remote] DEBUG io.netty.channel.DefaultChannelId - -Dio.netty.processId: 18388 (auto-detected)
14:49:18.881 [Forwarding newSession on session null to remote] DEBUG io.netty.util.NetUtil - -Djava.net.preferIPv4Stack: false
14:49:18.882 [Forwarding newSession on session null to remote] DEBUG io.netty.util.NetUtil - -Djava.net.preferIPv6Addresses: false
14:49:19.819 [Forwarding newSession on session null to remote] DEBUG io.netty.util.NetUtilInitializations - Loopback interface: lo (Software Loopback Interface 1, 127.0.0.1)
14:49:19.821 [Forwarding newSession on session null to remote] DEBUG io.netty.util.NetUtil - Failed to get SOMAXCONN from sysctl and file \proc\sys\net\core\somaxconn. Default: 200
14:49:19.903 [Forwarding newSession on session null to remote] DEBUG io.netty.channel.DefaultChannelId - -Dio.netty.machineId: a4:02:b9:ff:fe:26:7f:1e (auto-detected)
14:49:20.091 [AsyncHttpClient-1-2] DEBUG io.netty.buffer.AbstractByteBuf - -Dio.netty.buffer.checkAccessible: true
14:49:20.092 [AsyncHttpClient-1-2] DEBUG io.netty.buffer.AbstractByteBuf - -Dio.netty.buffer.checkBounds: true
14:49:20.092 [AsyncHttpClient-1-2] DEBUG io.netty.util.ResourceLeakDetectorFactory - Loaded default ResourceLeakDetector: io.netty.util.ResourceLeakDetector@174cee1f
14:49:20.162 [AsyncHttpClient-1-2] DEBUG org.asynchttpclient.netty.channel.NettyConnectListener - Using new Channel '[id: 0xd93635da, L:/127.0.0.1:52907 - R:localhost/127.0.0.1:14443]' for 'POST' to '/session'
14:49:20.211 [AsyncHttpClient-1-2] DEBUG io.netty.util.Recycler - -Dio.netty.recycler.maxCapacityPerThread: 4096
14:49:20.212 [AsyncHttpClient-1-2] DEBUG io.netty.util.Recycler - -Dio.netty.recycler.ratio: 8
14:49:20.212 [AsyncHttpClient-1-2] DEBUG io.netty.util.Recycler - -Dio.netty.recycler.chunkSize: 32
14:49:20.212 [AsyncHttpClient-1-2] DEBUG io.netty.util.Recycler - -Dio.netty.recycler.blocking: false
14:49:22.109 [AsyncHttpClient-1-2] DEBUG io.netty.handler.codec.compression.Brotli - brotli4j not in the classpath; Brotli support will be unavailable.
14:49:22.109 [AsyncHttpClient-1-2] DEBUG org.asynchttpclient.netty.handler.HttpHandler - 

Request DefaultHttpRequest(decodeResult: success, version: HTTP/1.1)
POST /session HTTP/1.1
User-Agent: selenium/4.8.1 (java windows)
Content-Length: 1701
Content-Type: application/json; charset=utf-8
host: localhost:14443
accept: */*

Response DefaultHttpResponse(decodeResult: success, version: HTTP/1.1)
HTTP/1.1 200 OK
Content-Length: 861
Content-Type: application/json; charset=utf-8
cache-control: no-cache

14:49:22.127 [AsyncHttpClient-1-2] DEBUG org.asynchttpclient.netty.channel.ChannelManager - Adding key: http://localhost:14443 for channel [id: 0xd93635da, L:/127.0.0.1:52907 - R:localhost/127.0.0.1:14443]
14:49:22.418 [AsyncHttpClient-1-3] DEBUG org.asynchttpclient.netty.channel.NettyConnectListener - Using new Channel '[id: 0xa8a5f966, L:/127.0.0.1:52917 - R:localhost/127.0.0.1:52910]' for 'GET' to '/json/version'
14:49:22.422 [AsyncHttpClient-1-3] DEBUG org.asynchttpclient.netty.handler.HttpHandler - 

Request DefaultFullHttpRequest(decodeResult: success, version: HTTP/1.1, content: EmptyByteBufBE)
GET /json/version HTTP/1.1
User-Agent: selenium/4.8.1 (java windows)
host: localhost:52910
accept: */*

Response DefaultHttpResponse(decodeResult: success, version: HTTP/1.1)
HTTP/1.1 200 OK
Content-Security-Policy: frame-ancestors 'none'
Content-Length: 424
Content-Type: application/json; charset=UTF-8

14:49:22.423 [AsyncHttpClient-1-3] DEBUG org.asynchttpclient.netty.channel.ChannelManager - Adding key: http://localhost:52910 for channel [id: 0xa8a5f966, L:/127.0.0.1:52917 - R:localhost/127.0.0.1:52910]
14:49:22.439 [main] DEBUG io.netty.util.internal.ThreadLocalRandom - -Dio.netty.initialSeedUniquifier: 0xbf2a483ea94e7d3b
14:49:22.451 [AsyncHttpClient-1-4] DEBUG org.asynchttpclient.netty.channel.NettyConnectListener - Using new Channel '[id: 0x7e5a39a0, L:/127.0.0.1:52918 - R:localhost/127.0.0.1:52910]' for 'GET' to '/devtools/browser/e4d7bb6f-ff54-4a36-a506-9ee8667f6ff5'
14:49:22.457 [AsyncHttpClient-1-4] DEBUG org.asynchttpclient.netty.handler.WebSocketHandler - 

Request DefaultFullHttpRequest(decodeResult: success, version: HTTP/1.1, content: EmptyByteBufBE)
GET /devtools/browser/e4d7bb6f-ff54-4a36-a506-9ee8667f6ff5 HTTP/1.1
upgrade: websocket
connection: upgrade
sec-websocket-key: S9oUX/JG/QneYaCVPM1WJQ==
sec-websocket-version: 13
origin: http://localhost:52910
host: localhost:52910
accept: */*
user-agent: AHC/2.1

Response DefaultHttpResponse(decodeResult: success, version: HTTP/1.1)
HTTP/1.1 101 WebSocket Protocol Handshake
Upgrade: WebSocket
Connection: Upgrade
Sec-WebSocket-Accept: AQeLZyaZXEuZv2adWluhfUlIKYA=

14:49:22.558 [AsyncHttpClient-1-1] DEBUG org.asynchttpclient.netty.channel.DefaultChannelPool - Entry count for : http://localhost:52910 : 1
14:49:22.558 [AsyncHttpClient-1-1] DEBUG org.asynchttpclient.netty.channel.DefaultChannelPool - Entry count for : http://localhost:14443 : 1
14:49:22.775 [Forwarding get on session 604cc6a29253971dfe911e7b33fcef6d to remote] DEBUG org.asynchttpclient.netty.request.NettyRequestSender - Using pooled Channel '[id: 0xd93635da, L:/127.0.0.1:52907 - R:localhost/127.0.0.1:14443]' for 'POST' to 'http://localhost:14443/session/604cc6a29253971dfe911e7b33fcef6d/url'
14:49:22.776 [Forwarding get on session 604cc6a29253971dfe911e7b33fcef6d to remote] DEBUG org.asynchttpclient.netty.request.NettyRequestSender - Using open Channel [id: 0xd93635da, L:/127.0.0.1:52907 - R:localhost/127.0.0.1:14443] for POST '/session/604cc6a29253971dfe911e7b33fcef6d/url'
14:49:23.656 [AsyncHttpClient-1-1] DEBUG org.asynchttpclient.netty.channel.DefaultChannelPool - Entry count for : http://localhost:52910 : 1
14:49:24.735 [AsyncHttpClient-1-1] DEBUG org.asynchttpclient.netty.channel.DefaultChannelPool - Entry count for : http://localhost:52910 : 1
14:49:24.794 [AsyncHttpClient-1-2] DEBUG org.asynchttpclient.netty.handler.HttpHandler - 

Request DefaultHttpRequest(decodeResult: success, version: HTTP/1.1)
POST /session/604cc6a29253971dfe911e7b33fcef6d/url HTTP/1.1
User-Agent: selenium/4.8.1 (java windows)
Content-Length: 77
Content-Type: application/json; charset=utf-8
host: localhost:14443
accept: */*

Response DefaultHttpResponse(decodeResult: success, version: HTTP/1.1)
HTTP/1.1 200 OK
Content-Length: 14
Content-Type: application/json; charset=utf-8
cache-control: no-cache

14:49:24.795 [AsyncHttpClient-1-2] DEBUG org.asynchttpclient.netty.channel.ChannelManager - Adding key: http://localhost:14443 for channel [id: 0xd93635da, L:/127.0.0.1:52907 - R:localhost/127.0.0.1:14443]
14:49:24.807 [Forwarding setTimeout on session 604cc6a29253971dfe911e7b33fcef6d to remote] DEBUG org.asynchttpclient.netty.request.NettyRequestSender - Using pooled Channel '[id: 0xd93635da, L:/127.0.0.1:52907 - R:localhost/127.0.0.1:14443]' for 'POST' to 'http://localhost:14443/session/604cc6a29253971dfe911e7b33fcef6d/timeouts'
14:49:24.807 [Forwarding setTimeout on session 604cc6a29253971dfe911e7b33fcef6d to remote] DEBUG org.asynchttpclient.netty.request.NettyRequestSender - Using open Channel [id: 0xd93635da, L:/127.0.0.1:52907 - R:localhost/127.0.0.1:14443] for POST '/session/604cc6a29253971dfe911e7b33fcef6d/timeouts'
14:49:24.813 [AsyncHttpClient-1-2] DEBUG org.asynchttpclient.netty.handler.HttpHandler - 

Request DefaultHttpRequest(decodeResult: success, version: HTTP/1.1)
POST /session/604cc6a29253971dfe911e7b33fcef6d/timeouts HTTP/1.1
User-Agent: selenium/4.8.1 (java windows)
Content-Length: 22
Content-Type: application/json; charset=utf-8
host: localhost:14443
accept: */*

Response DefaultHttpResponse(decodeResult: success, version: HTTP/1.1)
HTTP/1.1 200 OK
Content-Length: 14
Content-Type: application/json; charset=utf-8
cache-control: no-cache

14:49:24.813 [AsyncHttpClient-1-2] DEBUG org.asynchttpclient.netty.channel.ChannelManager - Adding key: http://localhost:14443 for channel [id: 0xd93635da, L:/127.0.0.1:52907 - R:localhost/127.0.0.1:14443]
14:49:24.862 [Forwarding findElement on session 604cc6a29253971dfe911e7b33fcef6d to remote] DEBUG org.asynchttpclient.netty.request.NettyRequestSender - Using pooled Channel '[id: 0xd93635da, L:/127.0.0.1:52907 - R:localhost/127.0.0.1:14443]' for 'POST' to 'http://localhost:14443/session/604cc6a29253971dfe911e7b33fcef6d/element'
14:49:24.862 [Forwarding findElement on session 604cc6a29253971dfe911e7b33fcef6d to remote] DEBUG org.asynchttpclient.netty.request.NettyRequestSender - Using open Channel [id: 0xd93635da, L:/127.0.0.1:52907 - R:localhost/127.0.0.1:14443] for POST '/session/604cc6a29253971dfe911e7b33fcef6d/element'
14:49:24.899 [AsyncHttpClient-1-2] DEBUG org.asynchttpclient.netty.handler.HttpHandler - 

Request DefaultHttpRequest(decodeResult: success, version: HTTP/1.1)
POST /session/604cc6a29253971dfe911e7b33fcef6d/element HTTP/1.1
User-Agent: selenium/4.8.1 (java windows)
Content-Length: 72
Content-Type: application/json; charset=utf-8
host: localhost:14443
accept: */*

Response DefaultHttpResponse(decodeResult: success, version: HTTP/1.1)
HTTP/1.1 200 OK
Content-Length: 88
Content-Type: application/json; charset=utf-8
cache-control: no-cache

14:49:24.900 [AsyncHttpClient-1-2] DEBUG org.asynchttpclient.netty.channel.ChannelManager - Adding key: http://localhost:14443 for channel [id: 0xd93635da, L:/127.0.0.1:52907 - R:localhost/127.0.0.1:14443]
14:49:24.952 [Forwarding isElementDisplayed on session 604cc6a29253971dfe911e7b33fcef6d to remote] DEBUG org.asynchttpclient.netty.request.NettyRequestSender - Using pooled Channel '[id: 0xd93635da, L:/127.0.0.1:52907 - R:localhost/127.0.0.1:14443]' for 'POST' to 'http://localhost:14443/session/604cc6a29253971dfe911e7b33fcef6d/execute/sync'
14:49:24.953 [Forwarding isElementDisplayed on session 604cc6a29253971dfe911e7b33fcef6d to remote] DEBUG org.asynchttpclient.netty.request.NettyRequestSender - Using open Channel [id: 0xd93635da, L:/127.0.0.1:52907 - R:localhost/127.0.0.1:14443] for POST '/session/604cc6a29253971dfe911e7b33fcef6d/execute/sync'
14:49:24.989 [AsyncHttpClient-1-2] DEBUG org.asynchttpclient.netty.handler.HttpHandler - 

Request DefaultHttpRequest(decodeResult: success, version: HTTP/1.1)
POST /session/604cc6a29253971dfe911e7b33fcef6d/execute/sync HTTP/1.1
User-Agent: selenium/4.8.1 (java windows)
Content-Length: 48807
Content-Type: application/json; charset=utf-8
host: localhost:14443
accept: */*

Response DefaultHttpResponse(decodeResult: success, version: HTTP/1.1)
HTTP/1.1 200 OK
Content-Length: 14
Content-Type: application/json; charset=utf-8
cache-control: no-cache

14:49:24.989 [AsyncHttpClient-1-2] DEBUG org.asynchttpclient.netty.channel.ChannelManager - Adding key: http://localhost:14443 for channel [id: 0xd93635da, L:/127.0.0.1:52907 - R:localhost/127.0.0.1:14443]
14:49:25.005 [Forwarding isElementDisplayed on session 604cc6a29253971dfe911e7b33fcef6d to remote] DEBUG org.asynchttpclient.netty.request.NettyRequestSender - Using pooled Channel '[id: 0xd93635da, L:/127.0.0.1:52907 - R:localhost/127.0.0.1:14443]' for 'POST' to 'http://localhost:14443/session/604cc6a29253971dfe911e7b33fcef6d/execute/sync'
14:49:25.005 [Forwarding isElementDisplayed on session 604cc6a29253971dfe911e7b33fcef6d to remote] DEBUG org.asynchttpclient.netty.request.NettyRequestSender - Using open Channel [id: 0xd93635da, L:/127.0.0.1:52907 - R:localhost/127.0.0.1:14443] for POST '/session/604cc6a29253971dfe911e7b33fcef6d/execute/sync'
14:49:25.056 [AsyncHttpClient-1-2] DEBUG org.asynchttpclient.netty.handler.HttpHandler - 

Request DefaultHttpRequest(decodeResult: success, version: HTTP/1.1)
POST /session/604cc6a29253971dfe911e7b33fcef6d/execute/sync HTTP/1.1
User-Agent: selenium/4.8.1 (java windows)
Content-Length: 48807
Content-Type: application/json; charset=utf-8
host: localhost:14443
accept: */*

Response DefaultHttpResponse(decodeResult: success, version: HTTP/1.1)
HTTP/1.1 200 OK
Content-Length: 14
Content-Type: application/json; charset=utf-8
cache-control: no-cache

14:49:25.057 [AsyncHttpClient-1-2] DEBUG org.asynchttpclient.netty.channel.ChannelManager - Adding key: http://localhost:14443 for channel [id: 0xd93635da, L:/127.0.0.1:52907 - R:localhost/127.0.0.1:14443]
  &amp#27;[32mGiven &amp#27;[0m&amp#27;[32muser on register page&amp#27;[0m                            &amp#27;[90m# starter.stepdefinitions.RegisterSteps.userOnRegisterPage()&amp#27;[0m
14:49:25.127 [Forwarding findElement on session 604cc6a29253971dfe911e7b33fcef6d to remote] DEBUG org.asynchttpclient.netty.request.NettyRequestSender - Using pooled Channel '[id: 0xd93635da, L:/127.0.0.1:52907 - R:localhost/127.0.0.1:14443]' for 'POST' to 'http://localhost:14443/session/604cc6a29253971dfe911e7b33fcef6d/element'
14:49:25.127 [Forwarding findElement on session 604cc6a29253971dfe911e7b33fcef6d to remote] DEBUG org.asynchttpclient.netty.request.NettyRequestSender - Using open Channel [id: 0xd93635da, L:/127.0.0.1:52907 - R:localhost/127.0.0.1:14443] for POST '/session/604cc6a29253971dfe911e7b33fcef6d/element'
14:49:25.158 [AsyncHttpClient-1-2] DEBUG org.asynchttpclient.netty.handler.HttpHandler - 

Request DefaultHttpRequest(decodeResult: success, version: HTTP/1.1)
POST /session/604cc6a29253971dfe911e7b33fcef6d/element HTTP/1.1
User-Agent: selenium/4.8.1 (java windows)
Content-Length: 55
Content-Type: application/json; charset=utf-8
host: localhost:14443
accept: */*

Response DefaultHttpResponse(decodeResult: success, version: HTTP/1.1)
HTTP/1.1 200 OK
Content-Length: 88
Content-Type: application/json; charset=utf-8
cache-control: no-cache

14:49:25.159 [AsyncHttpClient-1-2] DEBUG org.asynchttpclient.netty.channel.ChannelManager - Adding key: http://localhost:14443 for channel [id: 0xd93635da, L:/127.0.0.1:52907 - R:localhost/127.0.0.1:14443]
14:49:25.167 [Forwarding clearElement on session 604cc6a29253971dfe911e7b33fcef6d to remote] DEBUG org.asynchttpclient.netty.request.NettyRequestSender - Using pooled Channel '[id: 0xd93635da, L:/127.0.0.1:52907 - R:localhost/127.0.0.1:14443]' for 'POST' to 'http://localhost:14443/session/604cc6a29253971dfe911e7b33fcef6d/element/34ef3f4b-bf21-43ff-ab46-ca46c191487a/clear'
14:49:25.167 [Forwarding clearElement on session 604cc6a29253971dfe911e7b33fcef6d to remote] DEBUG org.asynchttpclient.netty.request.NettyRequestSender - Using open Channel [id: 0xd93635da, L:/127.0.0.1:52907 - R:localhost/127.0.0.1:14443] for POST '/session/604cc6a29253971dfe911e7b33fcef6d/element/34ef3f4b-bf21-43ff-ab46-ca46c191487a/clear'
14:49:25.427 [AsyncHttpClient-1-2] DEBUG org.asynchttpclient.netty.handler.HttpHandler - 

Request DefaultHttpRequest(decodeResult: success, version: HTTP/1.1)
POST /session/604cc6a29253971dfe911e7b33fcef6d/element/34ef3f4b-bf21-43ff-ab46-ca46c191487a/clear HTTP/1.1
User-Agent: selenium/4.8.1 (java windows)
Content-Length: 50
Content-Type: application/json; charset=utf-8
host: localhost:14443
accept: */*

Response DefaultHttpResponse(decodeResult: success, version: HTTP/1.1)
HTTP/1.1 200 OK
Content-Length: 14
Content-Type: application/json; charset=utf-8
cache-control: no-cache

14:49:25.428 [AsyncHttpClient-1-2] DEBUG org.asynchttpclient.netty.channel.ChannelManager - Adding key: http://localhost:14443 for channel [id: 0xd93635da, L:/127.0.0.1:52907 - R:localhost/127.0.0.1:14443]
14:49:25.443 [Forwarding sendKeysToElement on session 604cc6a29253971dfe911e7b33fcef6d to remote] DEBUG org.asynchttpclient.netty.request.NettyRequestSender - Using pooled Channel '[id: 0xd93635da, L:/127.0.0.1:52907 - R:localhost/127.0.0.1:14443]' for 'POST' to 'http://localhost:14443/session/604cc6a29253971dfe911e7b33fcef6d/element/34ef3f4b-bf21-43ff-ab46-ca46c191487a/value'
14:49:25.444 [Forwarding sendKeysToElement on session 604cc6a29253971dfe911e7b33fcef6d to remote] DEBUG org.asynchttpclient.netty.request.NettyRequestSender - Using open Channel [id: 0xd93635da, L:/127.0.0.1:52907 - R:localhost/127.0.0.1:14443] for POST '/session/604cc6a29253971dfe911e7b33fcef6d/element/34ef3f4b-bf21-43ff-ab46-ca46c191487a/value'
14:49:25.785 [AsyncHttpClient-1-2] DEBUG org.asynchttpclient.netty.handler.HttpHandler - 

Request DefaultHttpRequest(decodeResult: success, version: HTTP/1.1)
POST /session/604cc6a29253971dfe911e7b33fcef6d/element/34ef3f4b-bf21-43ff-ab46-ca46c191487a/value HTTP/1.1
User-Agent: selenium/4.8.1 (java windows)
Content-Length: 271
Content-Type: application/json; charset=utf-8
host: localhost:14443
accept: */*

Response DefaultHttpResponse(decodeResult: success, version: HTTP/1.1)
HTTP/1.1 200 OK
Content-Length: 14
Content-Type: application/json; charset=utf-8
cache-control: no-cache

14:49:25.786 [AsyncHttpClient-1-2] DEBUG org.asynchttpclient.netty.channel.ChannelManager - Adding key: http://localhost:14443 for channel [id: 0xd93635da, L:/127.0.0.1:52907 - R:localhost/127.0.0.1:14443]
  &amp#27;[32mWhen &amp#27;[0m&amp#27;[32muser input valid complete name&amp#27;[0m                    &amp#27;[90m# starter.stepdefinitions.RegisterSteps.userInputValidCompleteName()&amp#27;[0m
14:49:25.824 [Forwarding findElement on session 604cc6a29253971dfe911e7b33fcef6d to remote] DEBUG org.asynchttpclient.netty.request.NettyRequestSender - Using pooled Channel '[id: 0xd93635da, L:/127.0.0.1:52907 - R:localhost/127.0.0.1:14443]' for 'POST' to 'http://localhost:14443/session/604cc6a29253971dfe911e7b33fcef6d/element'
14:49:25.825 [Forwarding findElement on session 604cc6a29253971dfe911e7b33fcef6d to remote] DEBUG org.asynchttpclient.netty.request.NettyRequestSender - Using open Channel [id: 0xd93635da, L:/127.0.0.1:52907 - R:localhost/127.0.0.1:14443] for POST '/session/604cc6a29253971dfe911e7b33fcef6d/element'
14:49:25.839 [AsyncHttpClient-1-1] DEBUG org.asynchttpclient.netty.channel.DefaultChannelPool - Entry count for : http://localhost:52910 : 1
14:49:25.890 [AsyncHttpClient-1-2] DEBUG org.asynchttpclient.netty.handler.HttpHandler - 

Request DefaultHttpRequest(decodeResult: success, version: HTTP/1.1)
POST /session/604cc6a29253971dfe911e7b33fcef6d/element HTTP/1.1
User-Agent: selenium/4.8.1 (java windows)
Content-Length: 55
Content-Type: application/json; charset=utf-8
host: localhost:14443
accept: */*

Response DefaultHttpResponse(decodeResult: success, version: HTTP/1.1)
HTTP/1.1 200 OK
Content-Length: 88
Content-Type: application/json; charset=utf-8
cache-control: no-cache

14:49:25.891 [AsyncHttpClient-1-2] DEBUG org.asynchttpclient.netty.channel.ChannelManager - Adding key: http://localhost:14443 for channel [id: 0xd93635da, L:/127.0.0.1:52907 - R:localhost/127.0.0.1:14443]
14:49:25.894 [Forwarding clearElement on session 604cc6a29253971dfe911e7b33fcef6d to remote] DEBUG org.asynchttpclient.netty.request.NettyRequestSender - Using pooled Channel '[id: 0xd93635da, L:/127.0.0.1:52907 - R:localhost/127.0.0.1:14443]' for 'POST' to 'http://localhost:14443/session/604cc6a29253971dfe911e7b33fcef6d/element/49229e92-1eb8-42fd-b040-6f010703380d/clear'
14:49:25.895 [Forwarding clearElement on session 604cc6a29253971dfe911e7b33fcef6d to remote] DEBUG org.asynchttpclient.netty.request.NettyRequestSender - Using open Channel [id: 0xd93635da, L:/127.0.0.1:52907 - R:localhost/127.0.0.1:14443] for POST '/session/604cc6a29253971dfe911e7b33fcef6d/element/49229e92-1eb8-42fd-b040-6f010703380d/clear'
14:49:26.049 [AsyncHttpClient-1-2] DEBUG org.asynchttpclient.netty.handler.HttpHandler - 

Request DefaultHttpRequest(decodeResult: success, version: HTTP/1.1)
POST /session/604cc6a29253971dfe911e7b33fcef6d/element/49229e92-1eb8-42fd-b040-6f010703380d/clear HTTP/1.1
User-Agent: selenium/4.8.1 (java windows)
Content-Length: 50
Content-Type: application/json; charset=utf-8
host: localhost:14443
accept: */*

Response DefaultHttpResponse(decodeResult: success, version: HTTP/1.1)
HTTP/1.1 200 OK
Content-Length: 14
Content-Type: application/json; charset=utf-8
cache-control: no-cache

14:49:26.051 [AsyncHttpClient-1-2] DEBUG org.asynchttpclient.netty.channel.ChannelManager - Adding key: http://localhost:14443 for channel [id: 0xd93635da, L:/127.0.0.1:52907 - R:localhost/127.0.0.1:14443]
14:49:26.059 [Forwarding sendKeysToElement on session 604cc6a29253971dfe911e7b33fcef6d to remote] DEBUG org.asynchttpclient.netty.request.NettyRequestSender - Using pooled Channel '[id: 0xd93635da, L:/127.0.0.1:52907 - R:localhost/127.0.0.1:14443]' for 'POST' to 'http://localhost:14443/session/604cc6a29253971dfe911e7b33fcef6d/element/49229e92-1eb8-42fd-b040-6f010703380d/value'
14:49:26.059 [Forwarding sendKeysToElement on session 604cc6a29253971dfe911e7b33fcef6d to remote] DEBUG org.asynchttpclient.netty.request.NettyRequestSender - Using open Channel [id: 0xd93635da, L:/127.0.0.1:52907 - R:localhost/127.0.0.1:14443] for POST '/session/604cc6a29253971dfe911e7b33fcef6d/element/49229e92-1eb8-42fd-b040-6f010703380d/value'
14:49:26.407 [AsyncHttpClient-1-2] DEBUG org.asynchttpclient.netty.handler.HttpHandler - 

Request DefaultHttpRequest(decodeResult: success, version: HTTP/1.1)
POST /session/604cc6a29253971dfe911e7b33fcef6d/element/49229e92-1eb8-42fd-b040-6f010703380d/value HTTP/1.1
User-Agent: selenium/4.8.1 (java windows)
Content-Length: 301
Content-Type: application/json; charset=utf-8
host: localhost:14443
accept: */*

Response DefaultHttpResponse(decodeResult: success, version: HTTP/1.1)
HTTP/1.1 200 OK
Content-Length: 14
Content-Type: application/json; charset=utf-8
cache-control: no-cache

14:49:26.408 [AsyncHttpClient-1-2] DEBUG org.asynchttpclient.netty.channel.ChannelManager - Adding key: http://localhost:14443 for channel [id: 0xd93635da, L:/127.0.0.1:52907 - R:localhost/127.0.0.1:14443]
  &amp#27;[32mAnd &amp#27;[0m&amp#27;[32muser input valid email&amp#27;[0m                             &amp#27;[90m# starter.stepdefinitions.RegisterSteps.userInputValidEmail()&amp#27;[0m
14:49:26.448 [Forwarding findElement on session 604cc6a29253971dfe911e7b33fcef6d to remote] DEBUG org.asynchttpclient.netty.request.NettyRequestSender - Using pooled Channel '[id: 0xd93635da, L:/127.0.0.1:52907 - R:localhost/127.0.0.1:14443]' for 'POST' to 'http://localhost:14443/session/604cc6a29253971dfe911e7b33fcef6d/element'
14:49:26.448 [Forwarding findElement on session 604cc6a29253971dfe911e7b33fcef6d to remote] DEBUG org.asynchttpclient.netty.request.NettyRequestSender - Using open Channel [id: 0xd93635da, L:/127.0.0.1:52907 - R:localhost/127.0.0.1:14443] for POST '/session/604cc6a29253971dfe911e7b33fcef6d/element'
14:49:26.482 [AsyncHttpClient-1-2] DEBUG org.asynchttpclient.netty.handler.HttpHandler - 

Request DefaultHttpRequest(decodeResult: success, version: HTTP/1.1)
POST /session/604cc6a29253971dfe911e7b33fcef6d/element HTTP/1.1
User-Agent: selenium/4.8.1 (java windows)
Content-Length: 55
Content-Type: application/json; charset=utf-8
host: localhost:14443
accept: */*

Response DefaultHttpResponse(decodeResult: success, version: HTTP/1.1)
HTTP/1.1 200 OK
Content-Length: 88
Content-Type: application/json; charset=utf-8
cache-control: no-cache

14:49:26.483 [AsyncHttpClient-1-2] DEBUG org.asynchttpclient.netty.channel.ChannelManager - Adding key: http://localhost:14443 for channel [id: 0xd93635da, L:/127.0.0.1:52907 - R:localhost/127.0.0.1:14443]
14:49:26.488 [Forwarding clearElement on session 604cc6a29253971dfe911e7b33fcef6d to remote] DEBUG org.asynchttpclient.netty.request.NettyRequestSender - Using pooled Channel '[id: 0xd93635da, L:/127.0.0.1:52907 - R:localhost/127.0.0.1:14443]' for 'POST' to 'http://localhost:14443/session/604cc6a29253971dfe911e7b33fcef6d/element/ac4e83d9-d429-4a7b-9e23-807eb68c3c0e/clear'
14:49:26.488 [Forwarding clearElement on session 604cc6a29253971dfe911e7b33fcef6d to remote] DEBUG org.asynchttpclient.netty.request.NettyRequestSender - Using open Channel [id: 0xd93635da, L:/127.0.0.1:52907 - R:localhost/127.0.0.1:14443] for POST '/session/604cc6a29253971dfe911e7b33fcef6d/element/ac4e83d9-d429-4a7b-9e23-807eb68c3c0e/clear'
14:49:26.572 [AsyncHttpClient-1-2] DEBUG org.asynchttpclient.netty.handler.HttpHandler - 

Request DefaultHttpRequest(decodeResult: success, version: HTTP/1.1)
POST /session/604cc6a29253971dfe911e7b33fcef6d/element/ac4e83d9-d429-4a7b-9e23-807eb68c3c0e/clear HTTP/1.1
User-Agent: selenium/4.8.1 (java windows)
Content-Length: 50
Content-Type: application/json; charset=utf-8
host: localhost:14443
accept: */*

Response DefaultHttpResponse(decodeResult: success, version: HTTP/1.1)
HTTP/1.1 200 OK
Content-Length: 14
Content-Type: application/json; charset=utf-8
cache-control: no-cache

14:49:26.573 [AsyncHttpClient-1-2] DEBUG org.asynchttpclient.netty.channel.ChannelManager - Adding key: http://localhost:14443 for channel [id: 0xd93635da, L:/127.0.0.1:52907 - R:localhost/127.0.0.1:14443]
14:49:26.578 [Forwarding sendKeysToElement on session 604cc6a29253971dfe911e7b33fcef6d to remote] DEBUG org.asynchttpclient.netty.request.NettyRequestSender - Using pooled Channel '[id: 0xd93635da, L:/127.0.0.1:52907 - R:localhost/127.0.0.1:14443]' for 'POST' to 'http://localhost:14443/session/604cc6a29253971dfe911e7b33fcef6d/element/ac4e83d9-d429-4a7b-9e23-807eb68c3c0e/value'
14:49:26.579 [Forwarding sendKeysToElement on session 604cc6a29253971dfe911e7b33fcef6d to remote] DEBUG org.asynchttpclient.netty.request.NettyRequestSender - Using open Channel [id: 0xd93635da, L:/127.0.0.1:52907 - R:localhost/127.0.0.1:14443] for POST '/session/604cc6a29253971dfe911e7b33fcef6d/element/ac4e83d9-d429-4a7b-9e23-807eb68c3c0e/value'
14:49:26.734 [AsyncHttpClient-1-2] DEBUG org.asynchttpclient.netty.handler.HttpHandler - 

Request DefaultHttpRequest(decodeResult: success, version: HTTP/1.1)
POST /session/604cc6a29253971dfe911e7b33fcef6d/element/ac4e83d9-d429-4a7b-9e23-807eb68c3c0e/value HTTP/1.1
User-Agent: selenium/4.8.1 (java windows)
Content-Length: 141
Content-Type: application/json; charset=utf-8
host: localhost:14443
accept: */*

Response DefaultHttpResponse(decodeResult: success, version: HTTP/1.1)
HTTP/1.1 200 OK
Content-Length: 14
Content-Type: application/json; charset=utf-8
cache-control: no-cache

14:49:26.735 [AsyncHttpClient-1-2] DEBUG org.asynchttpclient.netty.channel.ChannelManager - Adding key: http://localhost:14443 for channel [id: 0xd93635da, L:/127.0.0.1:52907 - R:localhost/127.0.0.1:14443]
  &amp#27;[32mAnd &amp#27;[0m&amp#27;[32muser input valid password&amp#27;[0m                          &amp#27;[90m# starter.stepdefinitions.RegisterSteps.userInputValidPassword()&amp#27;[0m
14:49:26.769 [Forwarding findElement on session 604cc6a29253971dfe911e7b33fcef6d to remote] DEBUG org.asynchttpclient.netty.request.NettyRequestSender - Using pooled Channel '[id: 0xd93635da, L:/127.0.0.1:52907 - R:localhost/127.0.0.1:14443]' for 'POST' to 'http://localhost:14443/session/604cc6a29253971dfe911e7b33fcef6d/element'
14:49:26.769 [Forwarding findElement on session 604cc6a29253971dfe911e7b33fcef6d to remote] DEBUG org.asynchttpclient.netty.request.NettyRequestSender - Using open Channel [id: 0xd93635da, L:/127.0.0.1:52907 - R:localhost/127.0.0.1:14443] for POST '/session/604cc6a29253971dfe911e7b33fcef6d/element'
14:49:26.811 [AsyncHttpClient-1-2] DEBUG org.asynchttpclient.netty.handler.HttpHandler - 

Request DefaultHttpRequest(decodeResult: success, version: HTTP/1.1)
POST /session/604cc6a29253971dfe911e7b33fcef6d/element HTTP/1.1
User-Agent: selenium/4.8.1 (java windows)
Content-Length: 72
Content-Type: application/json; charset=utf-8
host: localhost:14443
accept: */*

Response DefaultHttpResponse(decodeResult: success, version: HTTP/1.1)
HTTP/1.1 200 OK
Content-Length: 88
Content-Type: application/json; charset=utf-8
cache-control: no-cache

14:49:26.811 [AsyncHttpClient-1-2] DEBUG org.asynchttpclient.netty.channel.ChannelManager - Adding key: http://localhost:14443 for channel [id: 0xd93635da, L:/127.0.0.1:52907 - R:localhost/127.0.0.1:14443]
14:49:26.814 [Forwarding getElementTagName on session 604cc6a29253971dfe911e7b33fcef6d to remote] DEBUG org.asynchttpclient.netty.request.NettyRequestSender - Using pooled Channel '[id: 0xd93635da, L:/127.0.0.1:52907 - R:localhost/127.0.0.1:14443]' for 'GET' to 'http://localhost:14443/session/604cc6a29253971dfe911e7b33fcef6d/element/dab1704f-5d3d-4f17-a02c-7b1cdfc88b97/name'
14:49:26.815 [Forwarding getElementTagName on session 604cc6a29253971dfe911e7b33fcef6d to remote] DEBUG org.asynchttpclient.netty.request.NettyRequestSender - Using open Channel [id: 0xd93635da, L:/127.0.0.1:52907 - R:localhost/127.0.0.1:14443] for GET '/session/604cc6a29253971dfe911e7b33fcef6d/element/dab1704f-5d3d-4f17-a02c-7b1cdfc88b97/name'
14:49:26.830 [AsyncHttpClient-1-2] DEBUG org.asynchttpclient.netty.handler.HttpHandler - 

Request DefaultFullHttpRequest(decodeResult: success, version: HTTP/1.1, content: EmptyByteBufBE)
GET /session/604cc6a29253971dfe911e7b33fcef6d/element/dab1704f-5d3d-4f17-a02c-7b1cdfc88b97/name HTTP/1.1
User-Agent: selenium/4.8.1 (java windows)
Cache-Control: no-cache
Content-Type: application/json; charset=utf-8
host: localhost:14443
accept: */*

Response DefaultHttpResponse(decodeResult: success, version: HTTP/1.1)
HTTP/1.1 200 OK
Content-Length: 16
Content-Type: application/json; charset=utf-8
cache-control: no-cache

14:49:26.830 [AsyncHttpClient-1-2] DEBUG org.asynchttpclient.netty.channel.ChannelManager - Adding key: http://localhost:14443 for channel [id: 0xd93635da, L:/127.0.0.1:52907 - R:localhost/127.0.0.1:14443]
14:49:26.836 [Forwarding getElementTagName on session 604cc6a29253971dfe911e7b33fcef6d to remote] DEBUG org.asynchttpclient.netty.request.NettyRequestSender - Using pooled Channel '[id: 0xd93635da, L:/127.0.0.1:52907 - R:localhost/127.0.0.1:14443]' for 'GET' to 'http://localhost:14443/session/604cc6a29253971dfe911e7b33fcef6d/element/dab1704f-5d3d-4f17-a02c-7b1cdfc88b97/name'
14:49:26.836 [Forwarding getElementTagName on session 604cc6a29253971dfe911e7b33fcef6d to remote] DEBUG org.asynchttpclient.netty.request.NettyRequestSender - Using open Channel [id: 0xd93635da, L:/127.0.0.1:52907 - R:localhost/127.0.0.1:14443] for GET '/session/604cc6a29253971dfe911e7b33fcef6d/element/dab1704f-5d3d-4f17-a02c-7b1cdfc88b97/name'
14:49:26.844 [AsyncHttpClient-1-2] DEBUG org.asynchttpclient.netty.handler.HttpHandler - 

Request DefaultFullHttpRequest(decodeResult: success, version: HTTP/1.1, content: EmptyByteBufBE)
GET /session/604cc6a29253971dfe911e7b33fcef6d/element/dab1704f-5d3d-4f17-a02c-7b1cdfc88b97/name HTTP/1.1
User-Agent: selenium/4.8.1 (java windows)
Cache-Control: no-cache
Content-Type: application/json; charset=utf-8
host: localhost:14443
accept: */*

Response DefaultHttpResponse(decodeResult: success, version: HTTP/1.1)
HTTP/1.1 200 OK
Content-Length: 16
Content-Type: application/json; charset=utf-8
cache-control: no-cache

14:49:26.845 [AsyncHttpClient-1-2] DEBUG org.asynchttpclient.netty.channel.ChannelManager - Adding key: http://localhost:14443 for channel [id: 0xd93635da, L:/127.0.0.1:52907 - R:localhost/127.0.0.1:14443]
14:49:26.850 [Forwarding findElement on session 604cc6a29253971dfe911e7b33fcef6d to remote] DEBUG org.asynchttpclient.netty.request.NettyRequestSender - Using pooled Channel '[id: 0xd93635da, L:/127.0.0.1:52907 - R:localhost/127.0.0.1:14443]' for 'POST' to 'http://localhost:14443/session/604cc6a29253971dfe911e7b33fcef6d/element'
14:49:26.851 [Forwarding findElement on session 604cc6a29253971dfe911e7b33fcef6d to remote] DEBUG org.asynchttpclient.netty.request.NettyRequestSender - Using open Channel [id: 0xd93635da, L:/127.0.0.1:52907 - R:localhost/127.0.0.1:14443] for POST '/session/604cc6a29253971dfe911e7b33fcef6d/element'
14:49:26.872 [AsyncHttpClient-1-2] DEBUG org.asynchttpclient.netty.handler.HttpHandler - 

Request DefaultHttpRequest(decodeResult: success, version: HTTP/1.1)
POST /session/604cc6a29253971dfe911e7b33fcef6d/element HTTP/1.1
User-Agent: selenium/4.8.1 (java windows)
Content-Length: 72
Content-Type: application/json; charset=utf-8
host: localhost:14443
accept: */*

Response DefaultHttpResponse(decodeResult: success, version: HTTP/1.1)
HTTP/1.1 200 OK
Content-Length: 88
Content-Type: application/json; charset=utf-8
cache-control: no-cache

14:49:26.872 [AsyncHttpClient-1-2] DEBUG org.asynchttpclient.netty.channel.ChannelManager - Adding key: http://localhost:14443 for channel [id: 0xd93635da, L:/127.0.0.1:52907 - R:localhost/127.0.0.1:14443]
14:49:26.875 [Forwarding clickElement on session 604cc6a29253971dfe911e7b33fcef6d to remote] DEBUG org.asynchttpclient.netty.request.NettyRequestSender - Using pooled Channel '[id: 0xd93635da, L:/127.0.0.1:52907 - R:localhost/127.0.0.1:14443]' for 'POST' to 'http://localhost:14443/session/604cc6a29253971dfe911e7b33fcef6d/element/dab1704f-5d3d-4f17-a02c-7b1cdfc88b97/click'
14:49:26.876 [Forwarding clickElement on session 604cc6a29253971dfe911e7b33fcef6d to remote] DEBUG org.asynchttpclient.netty.request.NettyRequestSender - Using open Channel [id: 0xd93635da, L:/127.0.0.1:52907 - R:localhost/127.0.0.1:14443] for POST '/session/604cc6a29253971dfe911e7b33fcef6d/element/dab1704f-5d3d-4f17-a02c-7b1cdfc88b97/click'
14:49:26.930 [AsyncHttpClient-1-1] DEBUG org.asynchttpclient.netty.channel.DefaultChannelPool - Entry count for : http://localhost:52910 : 1
14:49:26.998 [AsyncHttpClient-1-2] DEBUG org.asynchttpclient.netty.handler.HttpHandler - 

Request DefaultHttpRequest(decodeResult: success, version: HTTP/1.1)
POST /session/604cc6a29253971dfe911e7b33fcef6d/element/dab1704f-5d3d-4f17-a02c-7b1cdfc88b97/click HTTP/1.1
User-Agent: selenium/4.8.1 (java windows)
Content-Length: 50
Content-Type: application/json; charset=utf-8
host: localhost:14443
accept: */*

Response DefaultHttpResponse(decodeResult: success, version: HTTP/1.1)
HTTP/1.1 200 OK
Content-Length: 14
Content-Type: application/json; charset=utf-8
cache-control: no-cache

14:49:26.999 [AsyncHttpClient-1-2] DEBUG org.asynchttpclient.netty.channel.ChannelManager - Adding key: http://localhost:14443 for channel [id: 0xd93635da, L:/127.0.0.1:52907 - R:localhost/127.0.0.1:14443]
  &amp#27;[32mAnd &amp#27;[0m&amp#27;[32muser click login button&amp#27;[0m                            &amp#27;[90m# starter.stepdefinitions.RegisterSteps.userClickLoginButton()&amp#27;[0m
14:49:27.026 [Forwarding findElement on session 604cc6a29253971dfe911e7b33fcef6d to remote] DEBUG org.asynchttpclient.netty.request.NettyRequestSender - Using pooled Channel '[id: 0xd93635da, L:/127.0.0.1:52907 - R:localhost/127.0.0.1:14443]' for 'POST' to 'http://localhost:14443/session/604cc6a29253971dfe911e7b33fcef6d/element'
14:49:27.026 [Forwarding findElement on session 604cc6a29253971dfe911e7b33fcef6d to remote] DEBUG org.asynchttpclient.netty.request.NettyRequestSender - Using open Channel [id: 0xd93635da, L:/127.0.0.1:52907 - R:localhost/127.0.0.1:14443] for POST '/session/604cc6a29253971dfe911e7b33fcef6d/element'
14:49:27.412 [AsyncHttpClient-1-2] DEBUG org.asynchttpclient.netty.handler.HttpHandler - 

Request DefaultHttpRequest(decodeResult: success, version: HTTP/1.1)
POST /session/604cc6a29253971dfe911e7b33fcef6d/element HTTP/1.1
User-Agent: selenium/4.8.1 (java windows)
Content-Length: 69
Content-Type: application/json; charset=utf-8
host: localhost:14443
accept: */*

Response DefaultHttpResponse(decodeResult: success, version: HTTP/1.1)
HTTP/1.1 200 OK
Content-Length: 88
Content-Type: application/json; charset=utf-8
cache-control: no-cache

14:49:27.412 [AsyncHttpClient-1-2] DEBUG org.asynchttpclient.netty.channel.ChannelManager - Adding key: http://localhost:14443 for channel [id: 0xd93635da, L:/127.0.0.1:52907 - R:localhost/127.0.0.1:14443]
14:49:27.423 [Forwarding isElementDisplayed on session 604cc6a29253971dfe911e7b33fcef6d to remote] DEBUG org.asynchttpclient.netty.request.NettyRequestSender - Using pooled Channel '[id: 0xd93635da, L:/127.0.0.1:52907 - R:localhost/127.0.0.1:14443]' for 'POST' to 'http://localhost:14443/session/604cc6a29253971dfe911e7b33fcef6d/execute/sync'
14:49:27.423 [Forwarding isElementDisplayed on session 604cc6a29253971dfe911e7b33fcef6d to remote] DEBUG org.asynchttpclient.netty.request.NettyRequestSender - Using open Channel [id: 0xd93635da, L:/127.0.0.1:52907 - R:localhost/127.0.0.1:14443] for POST '/session/604cc6a29253971dfe911e7b33fcef6d/execute/sync'
14:49:27.463 [AsyncHttpClient-1-2] DEBUG org.asynchttpclient.netty.handler.HttpHandler - 

Request DefaultHttpRequest(decodeResult: success, version: HTTP/1.1)
POST /session/604cc6a29253971dfe911e7b33fcef6d/execute/sync HTTP/1.1
User-Agent: selenium/4.8.1 (java windows)
Content-Length: 48807
Content-Type: application/json; charset=utf-8
host: localhost:14443
accept: */*

Response DefaultHttpResponse(decodeResult: success, version: HTTP/1.1)
HTTP/1.1 200 OK
Content-Length: 14
Content-Type: application/json; charset=utf-8
cache-control: no-cache

14:49:27.463 [AsyncHttpClient-1-2] DEBUG org.asynchttpclient.netty.channel.ChannelManager - Adding key: http://localhost:14443 for channel [id: 0xd93635da, L:/127.0.0.1:52907 - R:localhost/127.0.0.1:14443]
14:49:27.473 [Forwarding isElementDisplayed on session 604cc6a29253971dfe911e7b33fcef6d to remote] DEBUG org.asynchttpclient.netty.request.NettyRequestSender - Using pooled Channel '[id: 0xd93635da, L:/127.0.0.1:52907 - R:localhost/127.0.0.1:14443]' for 'POST' to 'http://localhost:14443/session/604cc6a29253971dfe911e7b33fcef6d/execute/sync'
14:49:27.473 [Forwarding isElementDisplayed on session 604cc6a29253971dfe911e7b33fcef6d to remote] DEBUG org.asynchttpclient.netty.request.NettyRequestSender - Using open Channel [id: 0xd93635da, L:/127.0.0.1:52907 - R:localhost/127.0.0.1:14443] for POST '/session/604cc6a29253971dfe911e7b33fcef6d/execute/sync'
14:49:27.490 [AsyncHttpClient-1-2] DEBUG org.asynchttpclient.netty.handler.HttpHandler - 

Request DefaultHttpRequest(decodeResult: success, version: HTTP/1.1)
POST /session/604cc6a29253971dfe911e7b33fcef6d/execute/sync HTTP/1.1
User-Agent: selenium/4.8.1 (java windows)
Content-Length: 48807
Content-Type: application/json; charset=utf-8
host: localhost:14443
accept: */*

Response DefaultHttpResponse(decodeResult: success, version: HTTP/1.1)
HTTP/1.1 200 OK
Content-Length: 14
Content-Type: application/json; charset=utf-8
cache-control: no-cache

14:49:27.491 [AsyncHttpClient-1-2] DEBUG org.asynchttpclient.netty.channel.ChannelManager - Adding key: http://localhost:14443 for channel [id: 0xd93635da, L:/127.0.0.1:52907 - R:localhost/127.0.0.1:14443]
  &amp#27;[32mThen &amp#27;[0m&amp#27;[32muser on login page&amp#27;[0m                                &amp#27;[90m# starter.stepdefinitions.RegisterSteps.userOnLoginPage()&amp#27;[0m
14:49:27.506 [main] INFO  - 
  _____   ___   ___   _____     ___     _     ___   ___   ___   ___  
 |_   _| | __| / __| |_   _|   | _ \   /_\   / __| / __| | __| |   \ 
   | |   | _|  \__ \   | |     |  _/  / _ \  \__ \ \__ \ | _|  | |) |
   |_|   |___| |___/   |_|     |_|   /_/ \_\ |___/ |___/ |___| |___/ 

as user i want to register with correct values
----------------------------------------------------------------------
14:49:27.679 [AsyncHttpClient-1-4] DEBUG org.asynchttpclient.netty.handler.WebSocketHandler - Channel Closed: [id: 0x7e5a39a0, L:/127.0.0.1:52918 ! R:localhost/127.0.0.1:52910] with attribute NettyResponseFuture{currentRetry=0,
	isDone=1,
	isCancelled=0,
	asyncHandler=org.asynchttpclient.ws.WebSocketUpgradeHandler@19c5f50,
	nettyRequest=org.asynchttpclient.netty.request.NettyRequest@64dd9933,
	future=java.util.concurrent.CompletableFuture@620112ad[Completed normally],
	uri=ws://localhost:52910/devtools/browser/e4d7bb6f-ff54-4a36-a506-9ee8667f6ff5,
	keepAlive=true,
	redirectCount=0,
	timeoutsHolder=null,
	inAuth=0,
	touch=1683532162483}
14:49:27.680 [AsyncHttpClient-1-4] DEBUG org.asynchttpclient.netty.channel.ChannelManager - Closing Channel [id: 0x7e5a39a0, L:/127.0.0.1:52918 ! R:localhost/127.0.0.1:52910] 
14:49:27.685 [Driver Command Executor] DEBUG org.asynchttpclient.netty.request.NettyRequestSender - Using pooled Channel '[id: 0xd93635da, L:/127.0.0.1:52907 - R:localhost/127.0.0.1:14443]' for 'DELETE' to 'http://localhost:14443/session/604cc6a29253971dfe911e7b33fcef6d'
14:49:27.686 [Driver Command Executor] DEBUG org.asynchttpclient.netty.request.NettyRequestSender - Using open Channel [id: 0xd93635da, L:/127.0.0.1:52907 - R:localhost/127.0.0.1:14443] for DELETE '/session/604cc6a29253971dfe911e7b33fcef6d'
14:49:28.038 [AsyncHttpClient-1-1] DEBUG org.asynchttpclient.netty.channel.DefaultChannelPool - Entry count for : http://localhost:52910 : 1
14:49:29.141 [AsyncHttpClient-1-1] DEBUG org.asynchttpclient.netty.channel.DefaultChannelPool - Entry count for : http://localhost:52910 : 1
14:49:29.327 [AsyncHttpClient-1-3] DEBUG org.asynchttpclient.netty.handler.HttpHandler - Unexpected I/O exception on channel [id: 0xa8a5f966, L:/127.0.0.1:52917 - R:localhost/127.0.0.1:52910]
java.io.IOException: An existing connection was forcibly closed by the remote host
	at sun.nio.ch.SocketDispatcher.read0(Native Method)
	at sun.nio.ch.SocketDispatcher.read(SocketDispatcher.java:43)
	at sun.nio.ch.IOUtil.readIntoNativeBuffer(IOUtil.java:223)
	at sun.nio.ch.IOUtil.read(IOUtil.java:192)
	at sun.nio.ch.SocketChannelImpl.read(SocketChannelImpl.java:380)
	at io.netty.buffer.PooledByteBuf.setBytes(PooledByteBuf.java:259)
	at io.netty.buffer.AbstractByteBuf.writeBytes(AbstractByteBuf.java:1132)
	at io.netty.channel.socket.nio.NioSocketChannel.doReadBytes(NioSocketChannel.java:357)
	at io.netty.channel.nio.AbstractNioByteChannel$NioByteUnsafe.read(AbstractNioByteChannel.java:151)
	at io.netty.channel.nio.NioEventLoop.processSelectedKey(NioEventLoop.java:788)
	at io.netty.channel.nio.NioEventLoop.processSelectedKeysOptimized(NioEventLoop.java:724)
	at io.netty.channel.nio.NioEventLoop.processSelectedKeys(NioEventLoop.java:650)
	at io.netty.channel.nio.NioEventLoop.run(NioEventLoop.java:562)
	at io.netty.util.concurrent.SingleThreadEventExecutor$4.run(SingleThreadEventExecutor.java:997)
	at io.netty.util.internal.ThreadExecutorMap$2.run(ThreadExecutorMap.java:74)
	at io.netty.util.concurrent.FastThreadLocalRunnable.run(FastThreadLocalRunnable.java:30)
	at java.lang.Thread.run(Thread.java:748)
14:49:29.328 [AsyncHttpClient-1-3] DEBUG org.asynchttpclient.netty.channel.ChannelManager - Closing Channel [id: 0xa8a5f966, L:/127.0.0.1:52917 - R:localhost/127.0.0.1:52910] 
14:49:29.332 [AsyncHttpClient-1-3] DEBUG org.asynchttpclient.netty.handler.HttpHandler - Channel Closed: [id: 0xa8a5f966, L:/127.0.0.1:52917 ! R:localhost/127.0.0.1:52910] with attribute DISCARD
14:49:29.355 [AsyncHttpClient-1-2] DEBUG org.asynchttpclient.netty.handler.HttpHandler - 

Request DefaultFullHttpRequest(decodeResult: success, version: HTTP/1.1, content: EmptyByteBufBE)
DELETE /session/604cc6a29253971dfe911e7b33fcef6d HTTP/1.1
User-Agent: selenium/4.8.1 (java windows)
Content-Type: application/json; charset=utf-8
host: localhost:14443
accept: */*

Response DefaultHttpResponse(decodeResult: success, version: HTTP/1.1)
HTTP/1.1 200 OK
Content-Length: 14
Content-Type: application/json; charset=utf-8
cache-control: no-cache

14:49:29.355 [AsyncHttpClient-1-2] DEBUG org.asynchttpclient.netty.channel.ChannelManager - Adding key: http://localhost:14443 for channel [id: 0xd93635da, L:/127.0.0.1:52907 - R:localhost/127.0.0.1:14443]
14:49:30.216 [AsyncHttpClient-1-2] DEBUG org.asynchttpclient.netty.handler.HttpHandler - Channel Closed: [id: 0xd93635da, L:/127.0.0.1:52907 ! R:localhost/127.0.0.1:14443] with attribute DISCARD
14:49:30.245 [AsyncHttpClient-1-1] DEBUG org.asynchttpclient.netty.channel.DefaultChannelPool - Entry count for : http://localhost:52910 : 1
14:49:30.245 [AsyncHttpClient-1-1] DEBUG org.asynchttpclient.netty.channel.DefaultChannelPool - Entry count for : http://localhost:14443 : 1
14:49:30.245 [AsyncHttpClient-1-1] DEBUG org.asynchttpclient.netty.channel.DefaultChannelPool - Adding Candidate expired Channel [id: 0xa8a5f966, L:/127.0.0.1:52917 ! R:localhost/127.0.0.1:52910] isIdleTimeoutExpired=false isRemotelyClosed=true isTtlExpired=false
14:49:30.251 [AsyncHttpClient-1-1] DEBUG org.asynchttpclient.netty.channel.DefaultChannelPool - Closing Idle Channel [id: 0xa8a5f966, L:/127.0.0.1:52917 ! R:localhost/127.0.0.1:52910]
14:49:30.251 [AsyncHttpClient-1-1] DEBUG org.asynchttpclient.netty.channel.DefaultChannelPool - Adding Candidate expired Channel [id: 0xd93635da, L:/127.0.0.1:52907 ! R:localhost/127.0.0.1:14443] isIdleTimeoutExpired=false isRemotelyClosed=true isTtlExpired=false
14:49:30.251 [AsyncHttpClient-1-1] DEBUG org.asynchttpclient.netty.channel.DefaultChannelPool - Closing Idle Channel [id: 0xd93635da, L:/127.0.0.1:52907 ! R:localhost/127.0.0.1:14443]
14:49:30.251 [AsyncHttpClient-1-1] DEBUG org.asynchttpclient.netty.channel.DefaultChannelPool - Closed 2 connections out of 2 in 6 ms
]]></system-out>
    <system-err><![CDATA[Starting ChromeDriver 112.0.5615.49 (bd2a7bcb881c11e8cfe3078709382934e3916914-refs/branch-heads/5615@{#936}) on port 14443
Only local connections are allowed.
Please see https://chromedriver.chromium.org/security-considerations for suggestions on keeping ChromeDriver safe.
ChromeDriver was started successfully.
May 08, 2023 2:49:22 PM org.openqa.selenium.devtools.CdpVersionFinder findNearestMatch
WARNING: Unable to find an exact match for CDP version 112, so returning the closest version found: 110
]]></system-err>
  </testcase>
  <testcase name="as user i want to register with using existing email" classname="As a user i have be able to success register so that i can see login page" time="4.898">
    <system-out><![CDATA[
@TestCaseMPAAAC-4
Scenario: as user i want to register with using existing email &amp#27;[90m# src/test/resources/features/Register.feature:13&amp#27;[0m
14:49:30.755 [main] DEBUG io.cucumber.core.plugin.SerenityReporter - Running feature from file:///D:/D/QE_Alta/MiniProject/Web/Register-Web-Altashop/src/test/resources/features/Register.feature
14:49:30.759 [main] INFO  - 
  _____   ___   ___   _____     ___   _____     _     ___   _____   ___   ___  
 |_   _| | __| / __| |_   _|   / __| |_   _|   /_\   | _ \ |_   _| | __| |   \ 
   | |   | _|  \__ \   | |     \__ \   | |    / _ \  |   /   | |   | _|  | |) |
   |_|   |___| |___/   |_|     |___/   |_|   /_/ \_\ |_|_\   |_|   |___| |___/ 

as user i want to register with using existing email(as-a-user-i-have-be-able-to-success-register-so-that-i-can-see-login-page;as-user-i-want-to-register-with-using-existing-email)
--------------------------------------------------------------------------------
14:49:30.924 [main] INFO net.serenitybdd.core.webdriver.driverproviders.ChromeDriverProvider - Starting Chrome driver instance with capabilities:
14:49:30.924 [main] INFO net.serenitybdd.core.webdriver.driverproviders.ChromeDriverProvider - Capabilities {acceptInsecureCerts: true, browserName: chrome, goog:chromeOptions: {args: [remote-allow-origins=*, test-type, no-sandbox, ignore-certificate-errors, start-maximized, incognito, disable-infobars, disable-gpu, disable-default-apps, disable-popup-blocking, remote-allow-origins=*, test-type, no-sandbox, ignore-certificate-errors, start-maximized, incognito, disable-infobars, disable-gpu, disable-default-apps, disable-popup-blocking, remote-allow-origins=*], extensions: []}}
14:49:31.538 [AsyncHttpClient-1-5] DEBUG org.asynchttpclient.netty.channel.NettyConnectListener - Using new Channel '[id: 0x874ef8df, L:/127.0.0.1:52938 - R:localhost/127.0.0.1:47697]' for 'POST' to '/session'
14:49:32.512 [AsyncHttpClient-1-5] DEBUG org.asynchttpclient.netty.handler.HttpHandler - 

Request DefaultHttpRequest(decodeResult: success, version: HTTP/1.1)
POST /session HTTP/1.1
User-Agent: selenium/4.8.1 (java windows)
Content-Length: 1701
Content-Type: application/json; charset=utf-8
host: localhost:47697
accept: */*

Response DefaultHttpResponse(decodeResult: success, version: HTTP/1.1)
HTTP/1.1 200 OK
Content-Length: 862
Content-Type: application/json; charset=utf-8
cache-control: no-cache

14:49:32.512 [AsyncHttpClient-1-5] DEBUG org.asynchttpclient.netty.channel.ChannelManager - Adding key: http://localhost:47697 for channel [id: 0x874ef8df, L:/127.0.0.1:52938 - R:localhost/127.0.0.1:47697]
14:49:32.528 [AsyncHttpClient-1-6] DEBUG org.asynchttpclient.netty.channel.NettyConnectListener - Using new Channel '[id: 0xce4d1500, L:/127.0.0.1:52946 - R:localhost/127.0.0.1:52940]' for 'GET' to '/json/version'
14:49:32.531 [AsyncHttpClient-1-6] DEBUG org.asynchttpclient.netty.handler.HttpHandler - 

Request DefaultFullHttpRequest(decodeResult: success, version: HTTP/1.1, content: EmptyByteBufBE)
GET /json/version HTTP/1.1
User-Agent: selenium/4.8.1 (java windows)
host: localhost:52940
accept: */*

Response DefaultHttpResponse(decodeResult: success, version: HTTP/1.1)
HTTP/1.1 200 OK
Content-Security-Policy: frame-ancestors 'none'
Content-Length: 424
Content-Type: application/json; charset=UTF-8

14:49:32.532 [AsyncHttpClient-1-6] DEBUG org.asynchttpclient.netty.channel.ChannelManager - Adding key: http://localhost:52940 for channel [id: 0xce4d1500, L:/127.0.0.1:52946 - R:localhost/127.0.0.1:52940]
14:49:32.536 [AsyncHttpClient-1-7] DEBUG org.asynchttpclient.netty.channel.NettyConnectListener - Using new Channel '[id: 0x3328cb11, L:/127.0.0.1:52947 - R:localhost/127.0.0.1:52940]' for 'GET' to '/devtools/browser/ddbb8c5e-c1e2-425a-ae0a-e770a8b2bebb'
14:49:32.538 [AsyncHttpClient-1-7] DEBUG org.asynchttpclient.netty.handler.WebSocketHandler - 

Request DefaultFullHttpRequest(decodeResult: success, version: HTTP/1.1, content: EmptyByteBufBE)
GET /devtools/browser/ddbb8c5e-c1e2-425a-ae0a-e770a8b2bebb HTTP/1.1
upgrade: websocket
connection: upgrade
sec-websocket-key: cTRUvt285LTZJPJSGa0wKQ==
sec-websocket-version: 13
origin: http://localhost:52940
host: localhost:52940
accept: */*
user-agent: AHC/2.1

Response DefaultHttpResponse(decodeResult: success, version: HTTP/1.1)
HTTP/1.1 101 WebSocket Protocol Handshake
Upgrade: WebSocket
Connection: Upgrade
Sec-WebSocket-Accept: LQwmd7tiRr85auIKN+dDi7BaxfU=

14:49:32.546 [Forwarding get on session 4a152ef83782fb17957d4bbb922307a0 to remote] DEBUG org.asynchttpclient.netty.request.NettyRequestSender - Using pooled Channel '[id: 0x874ef8df, L:/127.0.0.1:52938 - R:localhost/127.0.0.1:47697]' for 'POST' to 'http://localhost:47697/session/4a152ef83782fb17957d4bbb922307a0/url'
14:49:32.546 [Forwarding get on session 4a152ef83782fb17957d4bbb922307a0 to remote] DEBUG org.asynchttpclient.netty.request.NettyRequestSender - Using open Channel [id: 0x874ef8df, L:/127.0.0.1:52938 - R:localhost/127.0.0.1:47697] for POST '/session/4a152ef83782fb17957d4bbb922307a0/url'
14:49:33.410 [AsyncHttpClient-1-5] DEBUG org.asynchttpclient.netty.handler.HttpHandler - 

Request DefaultHttpRequest(decodeResult: success, version: HTTP/1.1)
POST /session/4a152ef83782fb17957d4bbb922307a0/url HTTP/1.1
User-Agent: selenium/4.8.1 (java windows)
Content-Length: 77
Content-Type: application/json; charset=utf-8
host: localhost:47697
accept: */*

Response DefaultHttpResponse(decodeResult: success, version: HTTP/1.1)
HTTP/1.1 200 OK
Content-Length: 14
Content-Type: application/json; charset=utf-8
cache-control: no-cache

14:49:33.411 [AsyncHttpClient-1-5] DEBUG org.asynchttpclient.netty.channel.ChannelManager - Adding key: http://localhost:47697 for channel [id: 0x874ef8df, L:/127.0.0.1:52938 - R:localhost/127.0.0.1:47697]
14:49:33.419 [Forwarding setTimeout on session 4a152ef83782fb17957d4bbb922307a0 to remote] DEBUG org.asynchttpclient.netty.request.NettyRequestSender - Using pooled Channel '[id: 0x874ef8df, L:/127.0.0.1:52938 - R:localhost/127.0.0.1:47697]' for 'POST' to 'http://localhost:47697/session/4a152ef83782fb17957d4bbb922307a0/timeouts'
14:49:33.419 [Forwarding setTimeout on session 4a152ef83782fb17957d4bbb922307a0 to remote] DEBUG org.asynchttpclient.netty.request.NettyRequestSender - Using open Channel [id: 0x874ef8df, L:/127.0.0.1:52938 - R:localhost/127.0.0.1:47697] for POST '/session/4a152ef83782fb17957d4bbb922307a0/timeouts'
14:49:33.421 [AsyncHttpClient-1-5] DEBUG org.asynchttpclient.netty.handler.HttpHandler - 

Request DefaultHttpRequest(decodeResult: success, version: HTTP/1.1)
POST /session/4a152ef83782fb17957d4bbb922307a0/timeouts HTTP/1.1
User-Agent: selenium/4.8.1 (java windows)
Content-Length: 22
Content-Type: application/json; charset=utf-8
host: localhost:47697
accept: */*

Response DefaultHttpResponse(decodeResult: success, version: HTTP/1.1)
HTTP/1.1 200 OK
Content-Length: 14
Content-Type: application/json; charset=utf-8
cache-control: no-cache

14:49:33.422 [AsyncHttpClient-1-5] DEBUG org.asynchttpclient.netty.channel.ChannelManager - Adding key: http://localhost:47697 for channel [id: 0x874ef8df, L:/127.0.0.1:52938 - R:localhost/127.0.0.1:47697]
14:49:33.436 [Forwarding findElement on session 4a152ef83782fb17957d4bbb922307a0 to remote] DEBUG org.asynchttpclient.netty.request.NettyRequestSender - Using pooled Channel '[id: 0x874ef8df, L:/127.0.0.1:52938 - R:localhost/127.0.0.1:47697]' for 'POST' to 'http://localhost:47697/session/4a152ef83782fb17957d4bbb922307a0/element'
14:49:33.436 [Forwarding findElement on session 4a152ef83782fb17957d4bbb922307a0 to remote] DEBUG org.asynchttpclient.netty.request.NettyRequestSender - Using open Channel [id: 0x874ef8df, L:/127.0.0.1:52938 - R:localhost/127.0.0.1:47697] for POST '/session/4a152ef83782fb17957d4bbb922307a0/element'
14:49:33.455 [AsyncHttpClient-1-5] DEBUG org.asynchttpclient.netty.handler.HttpHandler - 

Request DefaultHttpRequest(decodeResult: success, version: HTTP/1.1)
POST /session/4a152ef83782fb17957d4bbb922307a0/element HTTP/1.1
User-Agent: selenium/4.8.1 (java windows)
Content-Length: 72
Content-Type: application/json; charset=utf-8
host: localhost:47697
accept: */*

Response DefaultHttpResponse(decodeResult: success, version: HTTP/1.1)
HTTP/1.1 200 OK
Content-Length: 88
Content-Type: application/json; charset=utf-8
cache-control: no-cache

14:49:33.456 [AsyncHttpClient-1-5] DEBUG org.asynchttpclient.netty.channel.ChannelManager - Adding key: http://localhost:47697 for channel [id: 0x874ef8df, L:/127.0.0.1:52938 - R:localhost/127.0.0.1:47697]
14:49:33.461 [Forwarding isElementDisplayed on session 4a152ef83782fb17957d4bbb922307a0 to remote] DEBUG org.asynchttpclient.netty.request.NettyRequestSender - Using pooled Channel '[id: 0x874ef8df, L:/127.0.0.1:52938 - R:localhost/127.0.0.1:47697]' for 'POST' to 'http://localhost:47697/session/4a152ef83782fb17957d4bbb922307a0/execute/sync'
14:49:33.461 [Forwarding isElementDisplayed on session 4a152ef83782fb17957d4bbb922307a0 to remote] DEBUG org.asynchttpclient.netty.request.NettyRequestSender - Using open Channel [id: 0x874ef8df, L:/127.0.0.1:52938 - R:localhost/127.0.0.1:47697] for POST '/session/4a152ef83782fb17957d4bbb922307a0/execute/sync'
14:49:33.479 [AsyncHttpClient-1-5] DEBUG org.asynchttpclient.netty.handler.HttpHandler - 

Request DefaultHttpRequest(decodeResult: success, version: HTTP/1.1)
POST /session/4a152ef83782fb17957d4bbb922307a0/execute/sync HTTP/1.1
User-Agent: selenium/4.8.1 (java windows)
Content-Length: 48807
Content-Type: application/json; charset=utf-8
host: localhost:47697
accept: */*

Response DefaultHttpResponse(decodeResult: success, version: HTTP/1.1)
HTTP/1.1 200 OK
Content-Length: 14
Content-Type: application/json; charset=utf-8
cache-control: no-cache

14:49:33.479 [AsyncHttpClient-1-5] DEBUG org.asynchttpclient.netty.channel.ChannelManager - Adding key: http://localhost:47697 for channel [id: 0x874ef8df, L:/127.0.0.1:52938 - R:localhost/127.0.0.1:47697]
14:49:33.483 [Forwarding isElementDisplayed on session 4a152ef83782fb17957d4bbb922307a0 to remote] DEBUG org.asynchttpclient.netty.request.NettyRequestSender - Using pooled Channel '[id: 0x874ef8df, L:/127.0.0.1:52938 - R:localhost/127.0.0.1:47697]' for 'POST' to 'http://localhost:47697/session/4a152ef83782fb17957d4bbb922307a0/execute/sync'
14:49:33.483 [Forwarding isElementDisplayed on session 4a152ef83782fb17957d4bbb922307a0 to remote] DEBUG org.asynchttpclient.netty.request.NettyRequestSender - Using open Channel [id: 0x874ef8df, L:/127.0.0.1:52938 - R:localhost/127.0.0.1:47697] for POST '/session/4a152ef83782fb17957d4bbb922307a0/execute/sync'
14:49:33.502 [AsyncHttpClient-1-5] DEBUG org.asynchttpclient.netty.handler.HttpHandler - 

Request DefaultHttpRequest(decodeResult: success, version: HTTP/1.1)
POST /session/4a152ef83782fb17957d4bbb922307a0/execute/sync HTTP/1.1
User-Agent: selenium/4.8.1 (java windows)
Content-Length: 48807
Content-Type: application/json; charset=utf-8
host: localhost:47697
accept: */*

Response DefaultHttpResponse(decodeResult: success, version: HTTP/1.1)
HTTP/1.1 200 OK
Content-Length: 14
Content-Type: application/json; charset=utf-8
cache-control: no-cache

14:49:33.502 [AsyncHttpClient-1-5] DEBUG org.asynchttpclient.netty.channel.ChannelManager - Adding key: http://localhost:47697 for channel [id: 0x874ef8df, L:/127.0.0.1:52938 - R:localhost/127.0.0.1:47697]
  &amp#27;[32mGiven &amp#27;[0m&amp#27;[32muser on register page&amp#27;[0m                                  &amp#27;[90m# starter.stepdefinitions.RegisterSteps.userOnRegisterPage()&amp#27;[0m
14:49:33.516 [Forwarding findElement on session 4a152ef83782fb17957d4bbb922307a0 to remote] DEBUG org.asynchttpclient.netty.request.NettyRequestSender - Using pooled Channel '[id: 0x874ef8df, L:/127.0.0.1:52938 - R:localhost/127.0.0.1:47697]' for 'POST' to 'http://localhost:47697/session/4a152ef83782fb17957d4bbb922307a0/element'
14:49:33.517 [Forwarding findElement on session 4a152ef83782fb17957d4bbb922307a0 to remote] DEBUG org.asynchttpclient.netty.request.NettyRequestSender - Using open Channel [id: 0x874ef8df, L:/127.0.0.1:52938 - R:localhost/127.0.0.1:47697] for POST '/session/4a152ef83782fb17957d4bbb922307a0/element'
14:49:33.532 [AsyncHttpClient-1-1] DEBUG org.asynchttpclient.netty.channel.DefaultChannelPool - Entry count for : http://localhost:52940 : 1
14:49:33.534 [AsyncHttpClient-1-5] DEBUG org.asynchttpclient.netty.handler.HttpHandler - 

Request DefaultHttpRequest(decodeResult: success, version: HTTP/1.1)
POST /session/4a152ef83782fb17957d4bbb922307a0/element HTTP/1.1
User-Agent: selenium/4.8.1 (java windows)
Content-Length: 55
Content-Type: application/json; charset=utf-8
host: localhost:47697
accept: */*

Response DefaultHttpResponse(decodeResult: success, version: HTTP/1.1)
HTTP/1.1 200 OK
Content-Length: 88
Content-Type: application/json; charset=utf-8
cache-control: no-cache

14:49:33.534 [AsyncHttpClient-1-5] DEBUG org.asynchttpclient.netty.channel.ChannelManager - Adding key: http://localhost:47697 for channel [id: 0x874ef8df, L:/127.0.0.1:52938 - R:localhost/127.0.0.1:47697]
14:49:33.537 [Forwarding clearElement on session 4a152ef83782fb17957d4bbb922307a0 to remote] DEBUG org.asynchttpclient.netty.request.NettyRequestSender - Using pooled Channel '[id: 0x874ef8df, L:/127.0.0.1:52938 - R:localhost/127.0.0.1:47697]' for 'POST' to 'http://localhost:47697/session/4a152ef83782fb17957d4bbb922307a0/element/0c103c21-2af2-404f-afff-060df49e3776/clear'
14:49:33.537 [Forwarding clearElement on session 4a152ef83782fb17957d4bbb922307a0 to remote] DEBUG org.asynchttpclient.netty.request.NettyRequestSender - Using open Channel [id: 0x874ef8df, L:/127.0.0.1:52938 - R:localhost/127.0.0.1:47697] for POST '/session/4a152ef83782fb17957d4bbb922307a0/element/0c103c21-2af2-404f-afff-060df49e3776/clear'
14:49:33.576 [AsyncHttpClient-1-5] DEBUG org.asynchttpclient.netty.handler.HttpHandler - 

Request DefaultHttpRequest(decodeResult: success, version: HTTP/1.1)
POST /session/4a152ef83782fb17957d4bbb922307a0/element/0c103c21-2af2-404f-afff-060df49e3776/clear HTTP/1.1
User-Agent: selenium/4.8.1 (java windows)
Content-Length: 50
Content-Type: application/json; charset=utf-8
host: localhost:47697
accept: */*

Response DefaultHttpResponse(decodeResult: success, version: HTTP/1.1)
HTTP/1.1 200 OK
Content-Length: 14
Content-Type: application/json; charset=utf-8
cache-control: no-cache

14:49:33.577 [AsyncHttpClient-1-5] DEBUG org.asynchttpclient.netty.channel.ChannelManager - Adding key: http://localhost:47697 for channel [id: 0x874ef8df, L:/127.0.0.1:52938 - R:localhost/127.0.0.1:47697]
14:49:33.580 [Forwarding sendKeysToElement on session 4a152ef83782fb17957d4bbb922307a0 to remote] DEBUG org.asynchttpclient.netty.request.NettyRequestSender - Using pooled Channel '[id: 0x874ef8df, L:/127.0.0.1:52938 - R:localhost/127.0.0.1:47697]' for 'POST' to 'http://localhost:47697/session/4a152ef83782fb17957d4bbb922307a0/element/0c103c21-2af2-404f-afff-060df49e3776/value'
14:49:33.580 [Forwarding sendKeysToElement on session 4a152ef83782fb17957d4bbb922307a0 to remote] DEBUG org.asynchttpclient.netty.request.NettyRequestSender - Using open Channel [id: 0x874ef8df, L:/127.0.0.1:52938 - R:localhost/127.0.0.1:47697] for POST '/session/4a152ef83782fb17957d4bbb922307a0/element/0c103c21-2af2-404f-afff-060df49e3776/value'
14:49:33.756 [AsyncHttpClient-1-5] DEBUG org.asynchttpclient.netty.handler.HttpHandler - 

Request DefaultHttpRequest(decodeResult: success, version: HTTP/1.1)
POST /session/4a152ef83782fb17957d4bbb922307a0/element/0c103c21-2af2-404f-afff-060df49e3776/value HTTP/1.1
User-Agent: selenium/4.8.1 (java windows)
Content-Length: 271
Content-Type: application/json; charset=utf-8
host: localhost:47697
accept: */*

Response DefaultHttpResponse(decodeResult: success, version: HTTP/1.1)
HTTP/1.1 200 OK
Content-Length: 14
Content-Type: application/json; charset=utf-8
cache-control: no-cache

14:49:33.757 [AsyncHttpClient-1-5] DEBUG org.asynchttpclient.netty.channel.ChannelManager - Adding key: http://localhost:47697 for channel [id: 0x874ef8df, L:/127.0.0.1:52938 - R:localhost/127.0.0.1:47697]
  &amp#27;[32mWhen &amp#27;[0m&amp#27;[32muser input valid complete name&amp#27;[0m                          &amp#27;[90m# starter.stepdefinitions.RegisterSteps.userInputValidCompleteName()&amp#27;[0m
14:49:33.776 [Forwarding findElement on session 4a152ef83782fb17957d4bbb922307a0 to remote] DEBUG org.asynchttpclient.netty.request.NettyRequestSender - Using pooled Channel '[id: 0x874ef8df, L:/127.0.0.1:52938 - R:localhost/127.0.0.1:47697]' for 'POST' to 'http://localhost:47697/session/4a152ef83782fb17957d4bbb922307a0/element'
14:49:33.776 [Forwarding findElement on session 4a152ef83782fb17957d4bbb922307a0 to remote] DEBUG org.asynchttpclient.netty.request.NettyRequestSender - Using open Channel [id: 0x874ef8df, L:/127.0.0.1:52938 - R:localhost/127.0.0.1:47697] for POST '/session/4a152ef83782fb17957d4bbb922307a0/element'
14:49:33.789 [AsyncHttpClient-1-5] DEBUG org.asynchttpclient.netty.handler.HttpHandler - 

Request DefaultHttpRequest(decodeResult: success, version: HTTP/1.1)
POST /session/4a152ef83782fb17957d4bbb922307a0/element HTTP/1.1
User-Agent: selenium/4.8.1 (java windows)
Content-Length: 55
Content-Type: application/json; charset=utf-8
host: localhost:47697
accept: */*

Response DefaultHttpResponse(decodeResult: success, version: HTTP/1.1)
HTTP/1.1 200 OK
Content-Length: 88
Content-Type: application/json; charset=utf-8
cache-control: no-cache

14:49:33.789 [AsyncHttpClient-1-5] DEBUG org.asynchttpclient.netty.channel.ChannelManager - Adding key: http://localhost:47697 for channel [id: 0x874ef8df, L:/127.0.0.1:52938 - R:localhost/127.0.0.1:47697]
14:49:33.791 [Forwarding clearElement on session 4a152ef83782fb17957d4bbb922307a0 to remote] DEBUG org.asynchttpclient.netty.request.NettyRequestSender - Using pooled Channel '[id: 0x874ef8df, L:/127.0.0.1:52938 - R:localhost/127.0.0.1:47697]' for 'POST' to 'http://localhost:47697/session/4a152ef83782fb17957d4bbb922307a0/element/de0a57ae-b9fc-46ed-a314-7578e421ed02/clear'
14:49:33.791 [Forwarding clearElement on session 4a152ef83782fb17957d4bbb922307a0 to remote] DEBUG org.asynchttpclient.netty.request.NettyRequestSender - Using open Channel [id: 0x874ef8df, L:/127.0.0.1:52938 - R:localhost/127.0.0.1:47697] for POST '/session/4a152ef83782fb17957d4bbb922307a0/element/de0a57ae-b9fc-46ed-a314-7578e421ed02/clear'
14:49:33.825 [AsyncHttpClient-1-5] DEBUG org.asynchttpclient.netty.handler.HttpHandler - 

Request DefaultHttpRequest(decodeResult: success, version: HTTP/1.1)
POST /session/4a152ef83782fb17957d4bbb922307a0/element/de0a57ae-b9fc-46ed-a314-7578e421ed02/clear HTTP/1.1
User-Agent: selenium/4.8.1 (java windows)
Content-Length: 50
Content-Type: application/json; charset=utf-8
host: localhost:47697
accept: */*

Response DefaultHttpResponse(decodeResult: success, version: HTTP/1.1)
HTTP/1.1 200 OK
Content-Length: 14
Content-Type: application/json; charset=utf-8
cache-control: no-cache

14:49:33.825 [AsyncHttpClient-1-5] DEBUG org.asynchttpclient.netty.channel.ChannelManager - Adding key: http://localhost:47697 for channel [id: 0x874ef8df, L:/127.0.0.1:52938 - R:localhost/127.0.0.1:47697]
14:49:33.828 [Forwarding sendKeysToElement on session 4a152ef83782fb17957d4bbb922307a0 to remote] DEBUG org.asynchttpclient.netty.request.NettyRequestSender - Using pooled Channel '[id: 0x874ef8df, L:/127.0.0.1:52938 - R:localhost/127.0.0.1:47697]' for 'POST' to 'http://localhost:47697/session/4a152ef83782fb17957d4bbb922307a0/element/de0a57ae-b9fc-46ed-a314-7578e421ed02/value'
14:49:33.828 [Forwarding sendKeysToElement on session 4a152ef83782fb17957d4bbb922307a0 to remote] DEBUG org.asynchttpclient.netty.request.NettyRequestSender - Using open Channel [id: 0x874ef8df, L:/127.0.0.1:52938 - R:localhost/127.0.0.1:47697] for POST '/session/4a152ef83782fb17957d4bbb922307a0/element/de0a57ae-b9fc-46ed-a314-7578e421ed02/value'
14:49:33.945 [AsyncHttpClient-1-5] DEBUG org.asynchttpclient.netty.handler.HttpHandler - 

Request DefaultHttpRequest(decodeResult: success, version: HTTP/1.1)
POST /session/4a152ef83782fb17957d4bbb922307a0/element/de0a57ae-b9fc-46ed-a314-7578e421ed02/value HTTP/1.1
User-Agent: selenium/4.8.1 (java windows)
Content-Length: 231
Content-Type: application/json; charset=utf-8
host: localhost:47697
accept: */*

Response DefaultHttpResponse(decodeResult: success, version: HTTP/1.1)
HTTP/1.1 200 OK
Content-Length: 14
Content-Type: application/json; charset=utf-8
cache-control: no-cache

14:49:33.945 [AsyncHttpClient-1-5] DEBUG org.asynchttpclient.netty.channel.ChannelManager - Adding key: http://localhost:47697 for channel [id: 0x874ef8df, L:/127.0.0.1:52938 - R:localhost/127.0.0.1:47697]
  &amp#27;[32mAnd &amp#27;[0m&amp#27;[32muser input existing email&amp#27;[0m                                &amp#27;[90m# starter.stepdefinitions.RegisterSteps.userInputExistingEmail()&amp#27;[0m
14:49:33.985 [Forwarding findElement on session 4a152ef83782fb17957d4bbb922307a0 to remote] DEBUG org.asynchttpclient.netty.request.NettyRequestSender - Using pooled Channel '[id: 0x874ef8df, L:/127.0.0.1:52938 - R:localhost/127.0.0.1:47697]' for 'POST' to 'http://localhost:47697/session/4a152ef83782fb17957d4bbb922307a0/element'
14:49:33.986 [Forwarding findElement on session 4a152ef83782fb17957d4bbb922307a0 to remote] DEBUG org.asynchttpclient.netty.request.NettyRequestSender - Using open Channel [id: 0x874ef8df, L:/127.0.0.1:52938 - R:localhost/127.0.0.1:47697] for POST '/session/4a152ef83782fb17957d4bbb922307a0/element'
14:49:34.038 [AsyncHttpClient-1-5] DEBUG org.asynchttpclient.netty.handler.HttpHandler - 

Request DefaultHttpRequest(decodeResult: success, version: HTTP/1.1)
POST /session/4a152ef83782fb17957d4bbb922307a0/element HTTP/1.1
User-Agent: selenium/4.8.1 (java windows)
Content-Length: 55
Content-Type: application/json; charset=utf-8
host: localhost:47697
accept: */*

Response DefaultHttpResponse(decodeResult: success, version: HTTP/1.1)
HTTP/1.1 200 OK
Content-Length: 88
Content-Type: application/json; charset=utf-8
cache-control: no-cache

14:49:34.039 [AsyncHttpClient-1-5] DEBUG org.asynchttpclient.netty.channel.ChannelManager - Adding key: http://localhost:47697 for channel [id: 0x874ef8df, L:/127.0.0.1:52938 - R:localhost/127.0.0.1:47697]
14:49:34.046 [Forwarding clearElement on session 4a152ef83782fb17957d4bbb922307a0 to remote] DEBUG org.asynchttpclient.netty.request.NettyRequestSender - Using pooled Channel '[id: 0x874ef8df, L:/127.0.0.1:52938 - R:localhost/127.0.0.1:47697]' for 'POST' to 'http://localhost:47697/session/4a152ef83782fb17957d4bbb922307a0/element/faff5790-79f9-4f2d-9c82-d9aa9de71b5e/clear'
14:49:34.046 [Forwarding clearElement on session 4a152ef83782fb17957d4bbb922307a0 to remote] DEBUG org.asynchttpclient.netty.request.NettyRequestSender - Using open Channel [id: 0x874ef8df, L:/127.0.0.1:52938 - R:localhost/127.0.0.1:47697] for POST '/session/4a152ef83782fb17957d4bbb922307a0/element/faff5790-79f9-4f2d-9c82-d9aa9de71b5e/clear'
14:49:34.165 [AsyncHttpClient-1-5] DEBUG org.asynchttpclient.netty.handler.HttpHandler - 

Request DefaultHttpRequest(decodeResult: success, version: HTTP/1.1)
POST /session/4a152ef83782fb17957d4bbb922307a0/element/faff5790-79f9-4f2d-9c82-d9aa9de71b5e/clear HTTP/1.1
User-Agent: selenium/4.8.1 (java windows)
Content-Length: 50
Content-Type: application/json; charset=utf-8
host: localhost:47697
accept: */*

Response DefaultHttpResponse(decodeResult: success, version: HTTP/1.1)
HTTP/1.1 200 OK
Content-Length: 14
Content-Type: application/json; charset=utf-8
cache-control: no-cache

14:49:34.166 [AsyncHttpClient-1-5] DEBUG org.asynchttpclient.netty.channel.ChannelManager - Adding key: http://localhost:47697 for channel [id: 0x874ef8df, L:/127.0.0.1:52938 - R:localhost/127.0.0.1:47697]
14:49:34.171 [Forwarding sendKeysToElement on session 4a152ef83782fb17957d4bbb922307a0 to remote] DEBUG org.asynchttpclient.netty.request.NettyRequestSender - Using pooled Channel '[id: 0x874ef8df, L:/127.0.0.1:52938 - R:localhost/127.0.0.1:47697]' for 'POST' to 'http://localhost:47697/session/4a152ef83782fb17957d4bbb922307a0/element/faff5790-79f9-4f2d-9c82-d9aa9de71b5e/value'
14:49:34.171 [Forwarding sendKeysToElement on session 4a152ef83782fb17957d4bbb922307a0 to remote] DEBUG org.asynchttpclient.netty.request.NettyRequestSender - Using open Channel [id: 0x874ef8df, L:/127.0.0.1:52938 - R:localhost/127.0.0.1:47697] for POST '/session/4a152ef83782fb17957d4bbb922307a0/element/faff5790-79f9-4f2d-9c82-d9aa9de71b5e/value'
14:49:34.259 [AsyncHttpClient-1-5] DEBUG org.asynchttpclient.netty.handler.HttpHandler - 

Request DefaultHttpRequest(decodeResult: success, version: HTTP/1.1)
POST /session/4a152ef83782fb17957d4bbb922307a0/element/faff5790-79f9-4f2d-9c82-d9aa9de71b5e/value HTTP/1.1
User-Agent: selenium/4.8.1 (java windows)
Content-Length: 141
Content-Type: application/json; charset=utf-8
host: localhost:47697
accept: */*

Response DefaultHttpResponse(decodeResult: success, version: HTTP/1.1)
HTTP/1.1 200 OK
Content-Length: 14
Content-Type: application/json; charset=utf-8
cache-control: no-cache

14:49:34.259 [AsyncHttpClient-1-5] DEBUG org.asynchttpclient.netty.channel.ChannelManager - Adding key: http://localhost:47697 for channel [id: 0x874ef8df, L:/127.0.0.1:52938 - R:localhost/127.0.0.1:47697]
  &amp#27;[32mAnd &amp#27;[0m&amp#27;[32muser input valid password&amp#27;[0m                                &amp#27;[90m# starter.stepdefinitions.RegisterSteps.userInputValidPassword()&amp#27;[0m
14:49:34.276 [Forwarding findElement on session 4a152ef83782fb17957d4bbb922307a0 to remote] DEBUG org.asynchttpclient.netty.request.NettyRequestSender - Using pooled Channel '[id: 0x874ef8df, L:/127.0.0.1:52938 - R:localhost/127.0.0.1:47697]' for 'POST' to 'http://localhost:47697/session/4a152ef83782fb17957d4bbb922307a0/element'
14:49:34.276 [Forwarding findElement on session 4a152ef83782fb17957d4bbb922307a0 to remote] DEBUG org.asynchttpclient.netty.request.NettyRequestSender - Using open Channel [id: 0x874ef8df, L:/127.0.0.1:52938 - R:localhost/127.0.0.1:47697] for POST '/session/4a152ef83782fb17957d4bbb922307a0/element'
14:49:34.286 [AsyncHttpClient-1-5] DEBUG org.asynchttpclient.netty.handler.HttpHandler - 

Request DefaultHttpRequest(decodeResult: success, version: HTTP/1.1)
POST /session/4a152ef83782fb17957d4bbb922307a0/element HTTP/1.1
User-Agent: selenium/4.8.1 (java windows)
Content-Length: 72
Content-Type: application/json; charset=utf-8
host: localhost:47697
accept: */*

Response DefaultHttpResponse(decodeResult: success, version: HTTP/1.1)
HTTP/1.1 200 OK
Content-Length: 88
Content-Type: application/json; charset=utf-8
cache-control: no-cache

14:49:34.286 [AsyncHttpClient-1-5] DEBUG org.asynchttpclient.netty.channel.ChannelManager - Adding key: http://localhost:47697 for channel [id: 0x874ef8df, L:/127.0.0.1:52938 - R:localhost/127.0.0.1:47697]
14:49:34.288 [Forwarding getElementTagName on session 4a152ef83782fb17957d4bbb922307a0 to remote] DEBUG org.asynchttpclient.netty.request.NettyRequestSender - Using pooled Channel '[id: 0x874ef8df, L:/127.0.0.1:52938 - R:localhost/127.0.0.1:47697]' for 'GET' to 'http://localhost:47697/session/4a152ef83782fb17957d4bbb922307a0/element/3a0ee681-4f04-4ee8-a508-448e137607c0/name'
14:49:34.289 [Forwarding getElementTagName on session 4a152ef83782fb17957d4bbb922307a0 to remote] DEBUG org.asynchttpclient.netty.request.NettyRequestSender - Using open Channel [id: 0x874ef8df, L:/127.0.0.1:52938 - R:localhost/127.0.0.1:47697] for GET '/session/4a152ef83782fb17957d4bbb922307a0/element/3a0ee681-4f04-4ee8-a508-448e137607c0/name'
14:49:34.294 [AsyncHttpClient-1-5] DEBUG org.asynchttpclient.netty.handler.HttpHandler - 

Request DefaultFullHttpRequest(decodeResult: success, version: HTTP/1.1, content: EmptyByteBufBE)
GET /session/4a152ef83782fb17957d4bbb922307a0/element/3a0ee681-4f04-4ee8-a508-448e137607c0/name HTTP/1.1
User-Agent: selenium/4.8.1 (java windows)
Cache-Control: no-cache
Content-Type: application/json; charset=utf-8
host: localhost:47697
accept: */*

Response DefaultHttpResponse(decodeResult: success, version: HTTP/1.1)
HTTP/1.1 200 OK
Content-Length: 16
Content-Type: application/json; charset=utf-8
cache-control: no-cache

14:49:34.294 [AsyncHttpClient-1-5] DEBUG org.asynchttpclient.netty.channel.ChannelManager - Adding key: http://localhost:47697 for channel [id: 0x874ef8df, L:/127.0.0.1:52938 - R:localhost/127.0.0.1:47697]
14:49:34.296 [Forwarding getElementTagName on session 4a152ef83782fb17957d4bbb922307a0 to remote] DEBUG org.asynchttpclient.netty.request.NettyRequestSender - Using pooled Channel '[id: 0x874ef8df, L:/127.0.0.1:52938 - R:localhost/127.0.0.1:47697]' for 'GET' to 'http://localhost:47697/session/4a152ef83782fb17957d4bbb922307a0/element/3a0ee681-4f04-4ee8-a508-448e137607c0/name'
14:49:34.296 [Forwarding getElementTagName on session 4a152ef83782fb17957d4bbb922307a0 to remote] DEBUG org.asynchttpclient.netty.request.NettyRequestSender - Using open Channel [id: 0x874ef8df, L:/127.0.0.1:52938 - R:localhost/127.0.0.1:47697] for GET '/session/4a152ef83782fb17957d4bbb922307a0/element/3a0ee681-4f04-4ee8-a508-448e137607c0/name'
14:49:34.302 [AsyncHttpClient-1-5] DEBUG org.asynchttpclient.netty.handler.HttpHandler - 

Request DefaultFullHttpRequest(decodeResult: success, version: HTTP/1.1, content: EmptyByteBufBE)
GET /session/4a152ef83782fb17957d4bbb922307a0/element/3a0ee681-4f04-4ee8-a508-448e137607c0/name HTTP/1.1
User-Agent: selenium/4.8.1 (java windows)
Cache-Control: no-cache
Content-Type: application/json; charset=utf-8
host: localhost:47697
accept: */*

Response DefaultHttpResponse(decodeResult: success, version: HTTP/1.1)
HTTP/1.1 200 OK
Content-Length: 16
Content-Type: application/json; charset=utf-8
cache-control: no-cache

14:49:34.302 [AsyncHttpClient-1-5] DEBUG org.asynchttpclient.netty.channel.ChannelManager - Adding key: http://localhost:47697 for channel [id: 0x874ef8df, L:/127.0.0.1:52938 - R:localhost/127.0.0.1:47697]
14:49:34.305 [Forwarding findElement on session 4a152ef83782fb17957d4bbb922307a0 to remote] DEBUG org.asynchttpclient.netty.request.NettyRequestSender - Using pooled Channel '[id: 0x874ef8df, L:/127.0.0.1:52938 - R:localhost/127.0.0.1:47697]' for 'POST' to 'http://localhost:47697/session/4a152ef83782fb17957d4bbb922307a0/element'
14:49:34.305 [Forwarding findElement on session 4a152ef83782fb17957d4bbb922307a0 to remote] DEBUG org.asynchttpclient.netty.request.NettyRequestSender - Using open Channel [id: 0x874ef8df, L:/127.0.0.1:52938 - R:localhost/127.0.0.1:47697] for POST '/session/4a152ef83782fb17957d4bbb922307a0/element'
14:49:34.312 [AsyncHttpClient-1-5] DEBUG org.asynchttpclient.netty.handler.HttpHandler - 

Request DefaultHttpRequest(decodeResult: success, version: HTTP/1.1)
POST /session/4a152ef83782fb17957d4bbb922307a0/element HTTP/1.1
User-Agent: selenium/4.8.1 (java windows)
Content-Length: 72
Content-Type: application/json; charset=utf-8
host: localhost:47697
accept: */*

Response DefaultHttpResponse(decodeResult: success, version: HTTP/1.1)
HTTP/1.1 200 OK
Content-Length: 88
Content-Type: application/json; charset=utf-8
cache-control: no-cache

14:49:34.313 [AsyncHttpClient-1-5] DEBUG org.asynchttpclient.netty.channel.ChannelManager - Adding key: http://localhost:47697 for channel [id: 0x874ef8df, L:/127.0.0.1:52938 - R:localhost/127.0.0.1:47697]
14:49:34.323 [Forwarding clickElement on session 4a152ef83782fb17957d4bbb922307a0 to remote] DEBUG org.asynchttpclient.netty.request.NettyRequestSender - Using pooled Channel '[id: 0x874ef8df, L:/127.0.0.1:52938 - R:localhost/127.0.0.1:47697]' for 'POST' to 'http://localhost:47697/session/4a152ef83782fb17957d4bbb922307a0/element/3a0ee681-4f04-4ee8-a508-448e137607c0/click'
14:49:34.323 [Forwarding clickElement on session 4a152ef83782fb17957d4bbb922307a0 to remote] DEBUG org.asynchttpclient.netty.request.NettyRequestSender - Using open Channel [id: 0x874ef8df, L:/127.0.0.1:52938 - R:localhost/127.0.0.1:47697] for POST '/session/4a152ef83782fb17957d4bbb922307a0/element/3a0ee681-4f04-4ee8-a508-448e137607c0/click'
14:49:34.534 [AsyncHttpClient-1-5] DEBUG org.asynchttpclient.netty.handler.HttpHandler - 

Request DefaultHttpRequest(decodeResult: success, version: HTTP/1.1)
POST /session/4a152ef83782fb17957d4bbb922307a0/element/3a0ee681-4f04-4ee8-a508-448e137607c0/click HTTP/1.1
User-Agent: selenium/4.8.1 (java windows)
Content-Length: 50
Content-Type: application/json; charset=utf-8
host: localhost:47697
accept: */*

Response DefaultHttpResponse(decodeResult: success, version: HTTP/1.1)
HTTP/1.1 200 OK
Content-Length: 14
Content-Type: application/json; charset=utf-8
cache-control: no-cache

14:49:34.534 [AsyncHttpClient-1-5] DEBUG org.asynchttpclient.netty.channel.ChannelManager - Adding key: http://localhost:47697 for channel [id: 0x874ef8df, L:/127.0.0.1:52938 - R:localhost/127.0.0.1:47697]
  &amp#27;[32mAnd &amp#27;[0m&amp#27;[32muser click login button&amp#27;[0m                                  &amp#27;[90m# starter.stepdefinitions.RegisterSteps.userClickLoginButton()&amp#27;[0m
14:49:34.565 [Forwarding findElement on session 4a152ef83782fb17957d4bbb922307a0 to remote] DEBUG org.asynchttpclient.netty.request.NettyRequestSender - Using pooled Channel '[id: 0x874ef8df, L:/127.0.0.1:52938 - R:localhost/127.0.0.1:47697]' for 'POST' to 'http://localhost:47697/session/4a152ef83782fb17957d4bbb922307a0/element'
14:49:34.565 [Forwarding findElement on session 4a152ef83782fb17957d4bbb922307a0 to remote] DEBUG org.asynchttpclient.netty.request.NettyRequestSender - Using open Channel [id: 0x874ef8df, L:/127.0.0.1:52938 - R:localhost/127.0.0.1:47697] for POST '/session/4a152ef83782fb17957d4bbb922307a0/element'
14:49:34.630 [AsyncHttpClient-1-1] DEBUG org.asynchttpclient.netty.channel.DefaultChannelPool - Entry count for : http://localhost:52940 : 1
14:49:34.792 [AsyncHttpClient-1-5] DEBUG org.asynchttpclient.netty.handler.HttpHandler - 

Request DefaultHttpRequest(decodeResult: success, version: HTTP/1.1)
POST /session/4a152ef83782fb17957d4bbb922307a0/element HTTP/1.1
User-Agent: selenium/4.8.1 (java windows)
Content-Length: 79
Content-Type: application/json; charset=utf-8
host: localhost:47697
accept: */*

Response DefaultHttpResponse(decodeResult: success, version: HTTP/1.1)
HTTP/1.1 200 OK
Content-Length: 88
Content-Type: application/json; charset=utf-8
cache-control: no-cache

14:49:34.793 [AsyncHttpClient-1-5] DEBUG org.asynchttpclient.netty.channel.ChannelManager - Adding key: http://localhost:47697 for channel [id: 0x874ef8df, L:/127.0.0.1:52938 - R:localhost/127.0.0.1:47697]
14:49:34.817 [Forwarding isElementDisplayed on session 4a152ef83782fb17957d4bbb922307a0 to remote] DEBUG org.asynchttpclient.netty.request.NettyRequestSender - Using pooled Channel '[id: 0x874ef8df, L:/127.0.0.1:52938 - R:localhost/127.0.0.1:47697]' for 'POST' to 'http://localhost:47697/session/4a152ef83782fb17957d4bbb922307a0/execute/sync'
14:49:34.818 [Forwarding isElementDisplayed on session 4a152ef83782fb17957d4bbb922307a0 to remote] DEBUG org.asynchttpclient.netty.request.NettyRequestSender - Using open Channel [id: 0x874ef8df, L:/127.0.0.1:52938 - R:localhost/127.0.0.1:47697] for POST '/session/4a152ef83782fb17957d4bbb922307a0/execute/sync'
14:49:34.835 [AsyncHttpClient-1-5] DEBUG org.asynchttpclient.netty.handler.HttpHandler - 

Request DefaultHttpRequest(decodeResult: success, version: HTTP/1.1)
POST /session/4a152ef83782fb17957d4bbb922307a0/execute/sync HTTP/1.1
User-Agent: selenium/4.8.1 (java windows)
Content-Length: 48807
Content-Type: application/json; charset=utf-8
host: localhost:47697
accept: */*

Response DefaultHttpResponse(decodeResult: success, version: HTTP/1.1)
HTTP/1.1 200 OK
Content-Length: 14
Content-Type: application/json; charset=utf-8
cache-control: no-cache

14:49:34.837 [AsyncHttpClient-1-5] DEBUG org.asynchttpclient.netty.channel.ChannelManager - Adding key: http://localhost:47697 for channel [id: 0x874ef8df, L:/127.0.0.1:52938 - R:localhost/127.0.0.1:47697]
14:49:34.875 [Forwarding isElementDisplayed on session 4a152ef83782fb17957d4bbb922307a0 to remote] DEBUG org.asynchttpclient.netty.request.NettyRequestSender - Using pooled Channel '[id: 0x874ef8df, L:/127.0.0.1:52938 - R:localhost/127.0.0.1:47697]' for 'POST' to 'http://localhost:47697/session/4a152ef83782fb17957d4bbb922307a0/execute/sync'
14:49:34.875 [Forwarding isElementDisplayed on session 4a152ef83782fb17957d4bbb922307a0 to remote] DEBUG org.asynchttpclient.netty.request.NettyRequestSender - Using open Channel [id: 0x874ef8df, L:/127.0.0.1:52938 - R:localhost/127.0.0.1:47697] for POST '/session/4a152ef83782fb17957d4bbb922307a0/execute/sync'
14:49:34.936 [AsyncHttpClient-1-5] DEBUG org.asynchttpclient.netty.handler.HttpHandler - 

Request DefaultHttpRequest(decodeResult: success, version: HTTP/1.1)
POST /session/4a152ef83782fb17957d4bbb922307a0/execute/sync HTTP/1.1
User-Agent: selenium/4.8.1 (java windows)
Content-Length: 48807
Content-Type: application/json; charset=utf-8
host: localhost:47697
accept: */*

Response DefaultHttpResponse(decodeResult: success, version: HTTP/1.1)
HTTP/1.1 200 OK
Content-Length: 14
Content-Type: application/json; charset=utf-8
cache-control: no-cache

14:49:34.936 [AsyncHttpClient-1-5] DEBUG org.asynchttpclient.netty.channel.ChannelManager - Adding key: http://localhost:47697 for channel [id: 0x874ef8df, L:/127.0.0.1:52938 - R:localhost/127.0.0.1:47697]
  &amp#27;[32mThen &amp#27;[0m&amp#27;[32muser see error message&amp#27;[0m                                  &amp#27;[90m# starter.stepdefinitions.RegisterSteps.userSeeErrorMessage()&amp#27;[0m
14:49:34.944 [main] INFO  - 
  _____   ___   ___   _____     ___     _     ___   ___   ___   ___  
 |_   _| | __| / __| |_   _|   | _ \   /_\   / __| / __| | __| |   \ 
   | |   | _|  \__ \   | |     |  _/  / _ \  \__ \ \__ \ | _|  | |) |
   |_|   |___| |___/   |_|     |_|   /_/ \_\ |___/ |___/ |___| |___/ 

as user i want to register with using existing email
----------------------------------------------------------------------
14:49:34.949 [AsyncHttpClient-1-7] DEBUG org.asynchttpclient.netty.handler.WebSocketHandler - Channel Closed: [id: 0x3328cb11, L:/127.0.0.1:52947 ! R:localhost/127.0.0.1:52940] with attribute NettyResponseFuture{currentRetry=0,
	isDone=1,
	isCancelled=0,
	asyncHandler=org.asynchttpclient.ws.WebSocketUpgradeHandler@24d81b6c,
	nettyRequest=org.asynchttpclient.netty.request.NettyRequest@61da8193,
	future=java.util.concurrent.CompletableFuture@4c57ad24[Completed normally],
	uri=ws://localhost:52940/devtools/browser/ddbb8c5e-c1e2-425a-ae0a-e770a8b2bebb,
	keepAlive=true,
	redirectCount=0,
	timeoutsHolder=null,
	inAuth=0,
	touch=1683532172539}
14:49:34.949 [AsyncHttpClient-1-7] DEBUG org.asynchttpclient.netty.channel.ChannelManager - Closing Channel [id: 0x3328cb11, L:/127.0.0.1:52947 ! R:localhost/127.0.0.1:52940] 
14:49:34.952 [Driver Command Executor] DEBUG org.asynchttpclient.netty.request.NettyRequestSender - Using pooled Channel '[id: 0x874ef8df, L:/127.0.0.1:52938 - R:localhost/127.0.0.1:47697]' for 'DELETE' to 'http://localhost:47697/session/4a152ef83782fb17957d4bbb922307a0'
14:49:34.952 [Driver Command Executor] DEBUG org.asynchttpclient.netty.request.NettyRequestSender - Using open Channel [id: 0x874ef8df, L:/127.0.0.1:52938 - R:localhost/127.0.0.1:47697] for DELETE '/session/4a152ef83782fb17957d4bbb922307a0'
14:49:35.044 [AsyncHttpClient-1-6] DEBUG org.asynchttpclient.netty.handler.HttpHandler - Unexpected I/O exception on channel [id: 0xce4d1500, L:/127.0.0.1:52946 - R:localhost/127.0.0.1:52940]
java.io.IOException: An existing connection was forcibly closed by the remote host
	at sun.nio.ch.SocketDispatcher.read0(Native Method)
	at sun.nio.ch.SocketDispatcher.read(SocketDispatcher.java:43)
	at sun.nio.ch.IOUtil.readIntoNativeBuffer(IOUtil.java:223)
	at sun.nio.ch.IOUtil.read(IOUtil.java:192)
	at sun.nio.ch.SocketChannelImpl.read(SocketChannelImpl.java:380)
	at io.netty.buffer.PooledByteBuf.setBytes(PooledByteBuf.java:259)
	at io.netty.buffer.AbstractByteBuf.writeBytes(AbstractByteBuf.java:1132)
	at io.netty.channel.socket.nio.NioSocketChannel.doReadBytes(NioSocketChannel.java:357)
	at io.netty.channel.nio.AbstractNioByteChannel$NioByteUnsafe.read(AbstractNioByteChannel.java:151)
	at io.netty.channel.nio.NioEventLoop.processSelectedKey(NioEventLoop.java:788)
	at io.netty.channel.nio.NioEventLoop.processSelectedKeysOptimized(NioEventLoop.java:724)
	at io.netty.channel.nio.NioEventLoop.processSelectedKeys(NioEventLoop.java:650)
	at io.netty.channel.nio.NioEventLoop.run(NioEventLoop.java:562)
	at io.netty.util.concurrent.SingleThreadEventExecutor$4.run(SingleThreadEventExecutor.java:997)
	at io.netty.util.internal.ThreadExecutorMap$2.run(ThreadExecutorMap.java:74)
	at io.netty.util.concurrent.FastThreadLocalRunnable.run(FastThreadLocalRunnable.java:30)
	at java.lang.Thread.run(Thread.java:748)
14:49:35.044 [AsyncHttpClient-1-6] DEBUG org.asynchttpclient.netty.channel.ChannelManager - Closing Channel [id: 0xce4d1500, L:/127.0.0.1:52946 - R:localhost/127.0.0.1:52940] 
14:49:35.044 [AsyncHttpClient-1-6] DEBUG org.asynchttpclient.netty.handler.HttpHandler - Channel Closed: [id: 0xce4d1500, L:/127.0.0.1:52946 ! R:localhost/127.0.0.1:52940] with attribute DISCARD
14:49:35.066 [AsyncHttpClient-1-5] DEBUG org.asynchttpclient.netty.handler.HttpHandler - 

Request DefaultFullHttpRequest(decodeResult: success, version: HTTP/1.1, content: EmptyByteBufBE)
DELETE /session/4a152ef83782fb17957d4bbb922307a0 HTTP/1.1
User-Agent: selenium/4.8.1 (java windows)
Content-Type: application/json; charset=utf-8
host: localhost:47697
accept: */*

Response DefaultHttpResponse(decodeResult: success, version: HTTP/1.1)
HTTP/1.1 200 OK
Content-Length: 14
Content-Type: application/json; charset=utf-8
cache-control: no-cache

14:49:35.067 [AsyncHttpClient-1-5] DEBUG org.asynchttpclient.netty.channel.ChannelManager - Adding key: http://localhost:47697 for channel [id: 0x874ef8df, L:/127.0.0.1:52938 - R:localhost/127.0.0.1:47697]
14:49:35.110 [AsyncHttpClient-1-5] DEBUG org.asynchttpclient.netty.handler.HttpHandler - Channel Closed: [id: 0x874ef8df, L:/127.0.0.1:52938 ! R:localhost/127.0.0.1:47697] with attribute DISCARD
]]></system-out>
    <system-err><![CDATA[Starting ChromeDriver 112.0.5615.49 (bd2a7bcb881c11e8cfe3078709382934e3916914-refs/branch-heads/5615@{#936}) on port 47697
Only local connections are allowed.
Please see https://chromedriver.chromium.org/security-considerations for suggestions on keeping ChromeDriver safe.
ChromeDriver was started successfully.
May 08, 2023 2:49:32 PM org.openqa.selenium.devtools.CdpVersionFinder findNearestMatch
WARNING: Unable to find an exact match for CDP version 112, so returning the closest version found: 110
]]></system-err>
  </testcase>
  <testcase name="as user i want to register with empty complete name value" classname="As a user i have be able to success register so that i can see login page" time="4.803">
    <system-out><![CDATA[
@TestCaseMPAAAC-2
Scenario: as user i want to register with empty complete name value &amp#27;[90m# src/test/resources/features/Register.feature:22&amp#27;[0m
14:49:35.655 [main] DEBUG io.cucumber.core.plugin.SerenityReporter - Running feature from file:///D:/D/QE_Alta/MiniProject/Web/Register-Web-Altashop/src/test/resources/features/Register.feature
14:49:35.659 [main] INFO  - 
  _____   ___   ___   _____     ___   _____     _     ___   _____   ___   ___  
 |_   _| | __| / __| |_   _|   / __| |_   _|   /_\   | _ \ |_   _| | __| |   \ 
   | |   | _|  \__ \   | |     \__ \   | |    / _ \  |   /   | |   | _|  | |) |
   |_|   |___| |___/   |_|     |___/   |_|   /_/ \_\ |_|_\   |_|   |___| |___/ 

as user i want to register with empty complete name value(as-a-user-i-have-be-able-to-success-register-so-that-i-can-see-login-page;as-user-i-want-to-register-with-empty-complete-name-value)
--------------------------------------------------------------------------------
14:49:35.731 [AsyncHttpClient-1-1] DEBUG org.asynchttpclient.netty.channel.DefaultChannelPool - Entry count for : http://localhost:47697 : 1
14:49:35.731 [AsyncHttpClient-1-1] DEBUG org.asynchttpclient.netty.channel.DefaultChannelPool - Entry count for : http://localhost:52940 : 1
14:49:35.731 [AsyncHttpClient-1-1] DEBUG org.asynchttpclient.netty.channel.DefaultChannelPool - Adding Candidate expired Channel [id: 0x874ef8df, L:/127.0.0.1:52938 ! R:localhost/127.0.0.1:47697] isIdleTimeoutExpired=false isRemotelyClosed=true isTtlExpired=false
14:49:35.731 [AsyncHttpClient-1-1] DEBUG org.asynchttpclient.netty.channel.DefaultChannelPool - Closing Idle Channel [id: 0x874ef8df, L:/127.0.0.1:52938 ! R:localhost/127.0.0.1:47697]
14:49:35.731 [AsyncHttpClient-1-1] DEBUG org.asynchttpclient.netty.channel.DefaultChannelPool - Adding Candidate expired Channel [id: 0xce4d1500, L:/127.0.0.1:52946 ! R:localhost/127.0.0.1:52940] isIdleTimeoutExpired=false isRemotelyClosed=true isTtlExpired=false
14:49:35.731 [AsyncHttpClient-1-1] DEBUG org.asynchttpclient.netty.channel.DefaultChannelPool - Closing Idle Channel [id: 0xce4d1500, L:/127.0.0.1:52946 ! R:localhost/127.0.0.1:52940]
14:49:35.731 [AsyncHttpClient-1-1] DEBUG org.asynchttpclient.netty.channel.DefaultChannelPool - Closed 2 connections out of 2 in 0 ms
14:49:35.749 [main] INFO net.serenitybdd.core.webdriver.driverproviders.ChromeDriverProvider - Starting Chrome driver instance with capabilities:
14:49:35.750 [main] INFO net.serenitybdd.core.webdriver.driverproviders.ChromeDriverProvider - Capabilities {acceptInsecureCerts: true, browserName: chrome, goog:chromeOptions: {args: [remote-allow-origins=*, test-type, no-sandbox, ignore-certificate-errors, start-maximized, incognito, disable-infobars, disable-gpu, disable-default-apps, disable-popup-blocking, remote-allow-origins=*, test-type, no-sandbox, ignore-certificate-errors, start-maximized, incognito, disable-infobars, disable-gpu, disable-default-apps, disable-popup-blocking, remote-allow-origins=*], extensions: []}}
14:49:36.358 [AsyncHttpClient-1-8] DEBUG org.asynchttpclient.netty.channel.NettyConnectListener - Using new Channel '[id: 0xe33257f2, L:/127.0.0.1:52963 - R:localhost/127.0.0.1:14080]' for 'POST' to '/session'
14:49:37.338 [AsyncHttpClient-1-8] DEBUG org.asynchttpclient.netty.handler.HttpHandler - 

Request DefaultHttpRequest(decodeResult: success, version: HTTP/1.1)
POST /session HTTP/1.1
User-Agent: selenium/4.8.1 (java windows)
Content-Length: 1701
Content-Type: application/json; charset=utf-8
host: localhost:14080
accept: */*

Response DefaultHttpResponse(decodeResult: success, version: HTTP/1.1)
HTTP/1.1 200 OK
Content-Length: 862
Content-Type: application/json; charset=utf-8
cache-control: no-cache

14:49:37.338 [AsyncHttpClient-1-8] DEBUG org.asynchttpclient.netty.channel.ChannelManager - Adding key: http://localhost:14080 for channel [id: 0xe33257f2, L:/127.0.0.1:52963 - R:localhost/127.0.0.1:14080]
14:49:37.348 [AsyncHttpClient-1-9] DEBUG org.asynchttpclient.netty.channel.NettyConnectListener - Using new Channel '[id: 0xbd1e282e, L:/127.0.0.1:52971 - R:localhost/127.0.0.1:52964]' for 'GET' to '/json/version'
14:49:37.351 [AsyncHttpClient-1-9] DEBUG org.asynchttpclient.netty.handler.HttpHandler - 

Request DefaultFullHttpRequest(decodeResult: success, version: HTTP/1.1, content: EmptyByteBufBE)
GET /json/version HTTP/1.1
User-Agent: selenium/4.8.1 (java windows)
host: localhost:52964
accept: */*

Response DefaultHttpResponse(decodeResult: success, version: HTTP/1.1)
HTTP/1.1 200 OK
Content-Security-Policy: frame-ancestors 'none'
Content-Length: 424
Content-Type: application/json; charset=UTF-8

14:49:37.351 [AsyncHttpClient-1-9] DEBUG org.asynchttpclient.netty.channel.ChannelManager - Adding key: http://localhost:52964 for channel [id: 0xbd1e282e, L:/127.0.0.1:52971 - R:localhost/127.0.0.1:52964]
14:49:37.356 [AsyncHttpClient-1-2] DEBUG org.asynchttpclient.netty.channel.NettyConnectListener - Using new Channel '[id: 0x7cad1c9b, L:/127.0.0.1:52972 - R:localhost/127.0.0.1:52964]' for 'GET' to '/devtools/browser/4f81c28a-183a-4766-aee8-a1093788afe3'
14:49:37.357 [AsyncHttpClient-1-2] DEBUG org.asynchttpclient.netty.handler.WebSocketHandler - 

Request DefaultFullHttpRequest(decodeResult: success, version: HTTP/1.1, content: EmptyByteBufBE)
GET /devtools/browser/4f81c28a-183a-4766-aee8-a1093788afe3 HTTP/1.1
upgrade: websocket
connection: upgrade
sec-websocket-key: ns12edtBkHuOZR3XKZRXmw==
sec-websocket-version: 13
origin: http://localhost:52964
host: localhost:52964
accept: */*
user-agent: AHC/2.1

Response DefaultHttpResponse(decodeResult: success, version: HTTP/1.1)
HTTP/1.1 101 WebSocket Protocol Handshake
Upgrade: WebSocket
Connection: Upgrade
Sec-WebSocket-Accept: xs/dtaPATeYk1Fuu1iVOoFZUELk=

14:49:37.365 [Forwarding get on session f95b2144f5aebc23d8f638f6c3e8b099 to remote] DEBUG org.asynchttpclient.netty.request.NettyRequestSender - Using pooled Channel '[id: 0xe33257f2, L:/127.0.0.1:52963 - R:localhost/127.0.0.1:14080]' for 'POST' to 'http://localhost:14080/session/f95b2144f5aebc23d8f638f6c3e8b099/url'
14:49:37.365 [Forwarding get on session f95b2144f5aebc23d8f638f6c3e8b099 to remote] DEBUG org.asynchttpclient.netty.request.NettyRequestSender - Using open Channel [id: 0xe33257f2, L:/127.0.0.1:52963 - R:localhost/127.0.0.1:14080] for POST '/session/f95b2144f5aebc23d8f638f6c3e8b099/url'
14:49:37.934 [AsyncHttpClient-1-1] DEBUG org.asynchttpclient.netty.channel.DefaultChannelPool - Entry count for : http://localhost:52964 : 1
14:49:38.720 [AsyncHttpClient-1-8] DEBUG org.asynchttpclient.netty.handler.HttpHandler - 

Request DefaultHttpRequest(decodeResult: success, version: HTTP/1.1)
POST /session/f95b2144f5aebc23d8f638f6c3e8b099/url HTTP/1.1
User-Agent: selenium/4.8.1 (java windows)
Content-Length: 77
Content-Type: application/json; charset=utf-8
host: localhost:14080
accept: */*

Response DefaultHttpResponse(decodeResult: success, version: HTTP/1.1)
HTTP/1.1 200 OK
Content-Length: 14
Content-Type: application/json; charset=utf-8
cache-control: no-cache

14:49:38.720 [AsyncHttpClient-1-8] DEBUG org.asynchttpclient.netty.channel.ChannelManager - Adding key: http://localhost:14080 for channel [id: 0xe33257f2, L:/127.0.0.1:52963 - R:localhost/127.0.0.1:14080]
14:49:38.722 [Forwarding setTimeout on session f95b2144f5aebc23d8f638f6c3e8b099 to remote] DEBUG org.asynchttpclient.netty.request.NettyRequestSender - Using pooled Channel '[id: 0xe33257f2, L:/127.0.0.1:52963 - R:localhost/127.0.0.1:14080]' for 'POST' to 'http://localhost:14080/session/f95b2144f5aebc23d8f638f6c3e8b099/timeouts'
14:49:38.722 [Forwarding setTimeout on session f95b2144f5aebc23d8f638f6c3e8b099 to remote] DEBUG org.asynchttpclient.netty.request.NettyRequestSender - Using open Channel [id: 0xe33257f2, L:/127.0.0.1:52963 - R:localhost/127.0.0.1:14080] for POST '/session/f95b2144f5aebc23d8f638f6c3e8b099/timeouts'
14:49:38.724 [AsyncHttpClient-1-8] DEBUG org.asynchttpclient.netty.handler.HttpHandler - 

Request DefaultHttpRequest(decodeResult: success, version: HTTP/1.1)
POST /session/f95b2144f5aebc23d8f638f6c3e8b099/timeouts HTTP/1.1
User-Agent: selenium/4.8.1 (java windows)
Content-Length: 22
Content-Type: application/json; charset=utf-8
host: localhost:14080
accept: */*

Response DefaultHttpResponse(decodeResult: success, version: HTTP/1.1)
HTTP/1.1 200 OK
Content-Length: 14
Content-Type: application/json; charset=utf-8
cache-control: no-cache

14:49:38.725 [AsyncHttpClient-1-8] DEBUG org.asynchttpclient.netty.channel.ChannelManager - Adding key: http://localhost:14080 for channel [id: 0xe33257f2, L:/127.0.0.1:52963 - R:localhost/127.0.0.1:14080]
14:49:38.734 [Forwarding findElement on session f95b2144f5aebc23d8f638f6c3e8b099 to remote] DEBUG org.asynchttpclient.netty.request.NettyRequestSender - Using pooled Channel '[id: 0xe33257f2, L:/127.0.0.1:52963 - R:localhost/127.0.0.1:14080]' for 'POST' to 'http://localhost:14080/session/f95b2144f5aebc23d8f638f6c3e8b099/element'
14:49:38.734 [Forwarding findElement on session f95b2144f5aebc23d8f638f6c3e8b099 to remote] DEBUG org.asynchttpclient.netty.request.NettyRequestSender - Using open Channel [id: 0xe33257f2, L:/127.0.0.1:52963 - R:localhost/127.0.0.1:14080] for POST '/session/f95b2144f5aebc23d8f638f6c3e8b099/element'
14:49:38.753 [AsyncHttpClient-1-8] DEBUG org.asynchttpclient.netty.handler.HttpHandler - 

Request DefaultHttpRequest(decodeResult: success, version: HTTP/1.1)
POST /session/f95b2144f5aebc23d8f638f6c3e8b099/element HTTP/1.1
User-Agent: selenium/4.8.1 (java windows)
Content-Length: 72
Content-Type: application/json; charset=utf-8
host: localhost:14080
accept: */*

Response DefaultHttpResponse(decodeResult: success, version: HTTP/1.1)
HTTP/1.1 200 OK
Content-Length: 88
Content-Type: application/json; charset=utf-8
cache-control: no-cache

14:49:38.754 [AsyncHttpClient-1-8] DEBUG org.asynchttpclient.netty.channel.ChannelManager - Adding key: http://localhost:14080 for channel [id: 0xe33257f2, L:/127.0.0.1:52963 - R:localhost/127.0.0.1:14080]
14:49:38.760 [Forwarding isElementDisplayed on session f95b2144f5aebc23d8f638f6c3e8b099 to remote] DEBUG org.asynchttpclient.netty.request.NettyRequestSender - Using pooled Channel '[id: 0xe33257f2, L:/127.0.0.1:52963 - R:localhost/127.0.0.1:14080]' for 'POST' to 'http://localhost:14080/session/f95b2144f5aebc23d8f638f6c3e8b099/execute/sync'
14:49:38.760 [Forwarding isElementDisplayed on session f95b2144f5aebc23d8f638f6c3e8b099 to remote] DEBUG org.asynchttpclient.netty.request.NettyRequestSender - Using open Channel [id: 0xe33257f2, L:/127.0.0.1:52963 - R:localhost/127.0.0.1:14080] for POST '/session/f95b2144f5aebc23d8f638f6c3e8b099/execute/sync'
14:49:38.777 [AsyncHttpClient-1-8] DEBUG org.asynchttpclient.netty.handler.HttpHandler - 

Request DefaultHttpRequest(decodeResult: success, version: HTTP/1.1)
POST /session/f95b2144f5aebc23d8f638f6c3e8b099/execute/sync HTTP/1.1
User-Agent: selenium/4.8.1 (java windows)
Content-Length: 48807
Content-Type: application/json; charset=utf-8
host: localhost:14080
accept: */*

Response DefaultHttpResponse(decodeResult: success, version: HTTP/1.1)
HTTP/1.1 200 OK
Content-Length: 14
Content-Type: application/json; charset=utf-8
cache-control: no-cache

14:49:38.777 [AsyncHttpClient-1-8] DEBUG org.asynchttpclient.netty.channel.ChannelManager - Adding key: http://localhost:14080 for channel [id: 0xe33257f2, L:/127.0.0.1:52963 - R:localhost/127.0.0.1:14080]
14:49:38.784 [Forwarding isElementDisplayed on session f95b2144f5aebc23d8f638f6c3e8b099 to remote] DEBUG org.asynchttpclient.netty.request.NettyRequestSender - Using pooled Channel '[id: 0xe33257f2, L:/127.0.0.1:52963 - R:localhost/127.0.0.1:14080]' for 'POST' to 'http://localhost:14080/session/f95b2144f5aebc23d8f638f6c3e8b099/execute/sync'
14:49:38.784 [Forwarding isElementDisplayed on session f95b2144f5aebc23d8f638f6c3e8b099 to remote] DEBUG org.asynchttpclient.netty.request.NettyRequestSender - Using open Channel [id: 0xe33257f2, L:/127.0.0.1:52963 - R:localhost/127.0.0.1:14080] for POST '/session/f95b2144f5aebc23d8f638f6c3e8b099/execute/sync'
14:49:38.801 [AsyncHttpClient-1-8] DEBUG org.asynchttpclient.netty.handler.HttpHandler - 

Request DefaultHttpRequest(decodeResult: success, version: HTTP/1.1)
POST /session/f95b2144f5aebc23d8f638f6c3e8b099/execute/sync HTTP/1.1
User-Agent: selenium/4.8.1 (java windows)
Content-Length: 48807
Content-Type: application/json; charset=utf-8
host: localhost:14080
accept: */*

Response DefaultHttpResponse(decodeResult: success, version: HTTP/1.1)
HTTP/1.1 200 OK
Content-Length: 14
Content-Type: application/json; charset=utf-8
cache-control: no-cache

14:49:38.801 [AsyncHttpClient-1-8] DEBUG org.asynchttpclient.netty.channel.ChannelManager - Adding key: http://localhost:14080 for channel [id: 0xe33257f2, L:/127.0.0.1:52963 - R:localhost/127.0.0.1:14080]
  &amp#27;[32mGiven &amp#27;[0m&amp#27;[32muser on register page&amp#27;[0m                                       &amp#27;[90m# starter.stepdefinitions.RegisterSteps.userOnRegisterPage()&amp#27;[0m
14:49:38.810 [Forwarding findElement on session f95b2144f5aebc23d8f638f6c3e8b099 to remote] DEBUG org.asynchttpclient.netty.request.NettyRequestSender - Using pooled Channel '[id: 0xe33257f2, L:/127.0.0.1:52963 - R:localhost/127.0.0.1:14080]' for 'POST' to 'http://localhost:14080/session/f95b2144f5aebc23d8f638f6c3e8b099/element'
14:49:38.811 [Forwarding findElement on session f95b2144f5aebc23d8f638f6c3e8b099 to remote] DEBUG org.asynchttpclient.netty.request.NettyRequestSender - Using open Channel [id: 0xe33257f2, L:/127.0.0.1:52963 - R:localhost/127.0.0.1:14080] for POST '/session/f95b2144f5aebc23d8f638f6c3e8b099/element'
14:49:38.822 [AsyncHttpClient-1-8] DEBUG org.asynchttpclient.netty.handler.HttpHandler - 

Request DefaultHttpRequest(decodeResult: success, version: HTTP/1.1)
POST /session/f95b2144f5aebc23d8f638f6c3e8b099/element HTTP/1.1
User-Agent: selenium/4.8.1 (java windows)
Content-Length: 55
Content-Type: application/json; charset=utf-8
host: localhost:14080
accept: */*

Response DefaultHttpResponse(decodeResult: success, version: HTTP/1.1)
HTTP/1.1 200 OK
Content-Length: 88
Content-Type: application/json; charset=utf-8
cache-control: no-cache

14:49:38.822 [AsyncHttpClient-1-8] DEBUG org.asynchttpclient.netty.channel.ChannelManager - Adding key: http://localhost:14080 for channel [id: 0xe33257f2, L:/127.0.0.1:52963 - R:localhost/127.0.0.1:14080]
14:49:38.824 [Forwarding clearElement on session f95b2144f5aebc23d8f638f6c3e8b099 to remote] DEBUG org.asynchttpclient.netty.request.NettyRequestSender - Using pooled Channel '[id: 0xe33257f2, L:/127.0.0.1:52963 - R:localhost/127.0.0.1:14080]' for 'POST' to 'http://localhost:14080/session/f95b2144f5aebc23d8f638f6c3e8b099/element/5f47d896-1d80-42d9-8cb6-64eeb14276fc/clear'
14:49:38.824 [Forwarding clearElement on session f95b2144f5aebc23d8f638f6c3e8b099 to remote] DEBUG org.asynchttpclient.netty.request.NettyRequestSender - Using open Channel [id: 0xe33257f2, L:/127.0.0.1:52963 - R:localhost/127.0.0.1:14080] for POST '/session/f95b2144f5aebc23d8f638f6c3e8b099/element/5f47d896-1d80-42d9-8cb6-64eeb14276fc/clear'
14:49:38.861 [AsyncHttpClient-1-8] DEBUG org.asynchttpclient.netty.handler.HttpHandler - 

Request DefaultHttpRequest(decodeResult: success, version: HTTP/1.1)
POST /session/f95b2144f5aebc23d8f638f6c3e8b099/element/5f47d896-1d80-42d9-8cb6-64eeb14276fc/clear HTTP/1.1
User-Agent: selenium/4.8.1 (java windows)
Content-Length: 50
Content-Type: application/json; charset=utf-8
host: localhost:14080
accept: */*

Response DefaultHttpResponse(decodeResult: success, version: HTTP/1.1)
HTTP/1.1 200 OK
Content-Length: 14
Content-Type: application/json; charset=utf-8
cache-control: no-cache

14:49:38.861 [AsyncHttpClient-1-8] DEBUG org.asynchttpclient.netty.channel.ChannelManager - Adding key: http://localhost:14080 for channel [id: 0xe33257f2, L:/127.0.0.1:52963 - R:localhost/127.0.0.1:14080]
14:49:38.864 [Forwarding sendKeysToElement on session f95b2144f5aebc23d8f638f6c3e8b099 to remote] DEBUG org.asynchttpclient.netty.request.NettyRequestSender - Using pooled Channel '[id: 0xe33257f2, L:/127.0.0.1:52963 - R:localhost/127.0.0.1:14080]' for 'POST' to 'http://localhost:14080/session/f95b2144f5aebc23d8f638f6c3e8b099/element/5f47d896-1d80-42d9-8cb6-64eeb14276fc/value'
14:49:38.864 [Forwarding sendKeysToElement on session f95b2144f5aebc23d8f638f6c3e8b099 to remote] DEBUG org.asynchttpclient.netty.request.NettyRequestSender - Using open Channel [id: 0xe33257f2, L:/127.0.0.1:52963 - R:localhost/127.0.0.1:14080] for POST '/session/f95b2144f5aebc23d8f638f6c3e8b099/element/5f47d896-1d80-42d9-8cb6-64eeb14276fc/value'
14:49:38.908 [AsyncHttpClient-1-8] DEBUG org.asynchttpclient.netty.handler.HttpHandler - 

Request DefaultHttpRequest(decodeResult: success, version: HTTP/1.1)
POST /session/f95b2144f5aebc23d8f638f6c3e8b099/element/5f47d896-1d80-42d9-8cb6-64eeb14276fc/value HTTP/1.1
User-Agent: selenium/4.8.1 (java windows)
Content-Length: 82
Content-Type: application/json; charset=utf-8
host: localhost:14080
accept: */*

Response DefaultHttpResponse(decodeResult: success, version: HTTP/1.1)
HTTP/1.1 200 OK
Content-Length: 14
Content-Type: application/json; charset=utf-8
cache-control: no-cache

14:49:38.908 [AsyncHttpClient-1-8] DEBUG org.asynchttpclient.netty.channel.ChannelManager - Adding key: http://localhost:14080 for channel [id: 0xe33257f2, L:/127.0.0.1:52963 - R:localhost/127.0.0.1:14080]
  &amp#27;[32mWhen &amp#27;[0m&amp#27;[32muser input empty complete name&amp#27;[0m                               &amp#27;[90m# starter.stepdefinitions.RegisterSteps.userInputEmptyCompleteName()&amp#27;[0m
14:49:38.920 [Forwarding findElement on session f95b2144f5aebc23d8f638f6c3e8b099 to remote] DEBUG org.asynchttpclient.netty.request.NettyRequestSender - Using pooled Channel '[id: 0xe33257f2, L:/127.0.0.1:52963 - R:localhost/127.0.0.1:14080]' for 'POST' to 'http://localhost:14080/session/f95b2144f5aebc23d8f638f6c3e8b099/element'
14:49:38.920 [Forwarding findElement on session f95b2144f5aebc23d8f638f6c3e8b099 to remote] DEBUG org.asynchttpclient.netty.request.NettyRequestSender - Using open Channel [id: 0xe33257f2, L:/127.0.0.1:52963 - R:localhost/127.0.0.1:14080] for POST '/session/f95b2144f5aebc23d8f638f6c3e8b099/element'
14:49:38.934 [AsyncHttpClient-1-8] DEBUG org.asynchttpclient.netty.handler.HttpHandler - 

Request DefaultHttpRequest(decodeResult: success, version: HTTP/1.1)
POST /session/f95b2144f5aebc23d8f638f6c3e8b099/element HTTP/1.1
User-Agent: selenium/4.8.1 (java windows)
Content-Length: 55
Content-Type: application/json; charset=utf-8
host: localhost:14080
accept: */*

Response DefaultHttpResponse(decodeResult: success, version: HTTP/1.1)
HTTP/1.1 200 OK
Content-Length: 88
Content-Type: application/json; charset=utf-8
cache-control: no-cache

14:49:38.934 [AsyncHttpClient-1-8] DEBUG org.asynchttpclient.netty.channel.ChannelManager - Adding key: http://localhost:14080 for channel [id: 0xe33257f2, L:/127.0.0.1:52963 - R:localhost/127.0.0.1:14080]
14:49:38.936 [Forwarding clearElement on session f95b2144f5aebc23d8f638f6c3e8b099 to remote] DEBUG org.asynchttpclient.netty.request.NettyRequestSender - Using pooled Channel '[id: 0xe33257f2, L:/127.0.0.1:52963 - R:localhost/127.0.0.1:14080]' for 'POST' to 'http://localhost:14080/session/f95b2144f5aebc23d8f638f6c3e8b099/element/f28e9e35-9420-4dfe-89e0-cddc49917b58/clear'
14:49:38.937 [Forwarding clearElement on session f95b2144f5aebc23d8f638f6c3e8b099 to remote] DEBUG org.asynchttpclient.netty.request.NettyRequestSender - Using open Channel [id: 0xe33257f2, L:/127.0.0.1:52963 - R:localhost/127.0.0.1:14080] for POST '/session/f95b2144f5aebc23d8f638f6c3e8b099/element/f28e9e35-9420-4dfe-89e0-cddc49917b58/clear'
14:49:38.973 [AsyncHttpClient-1-8] DEBUG org.asynchttpclient.netty.handler.HttpHandler - 

Request DefaultHttpRequest(decodeResult: success, version: HTTP/1.1)
POST /session/f95b2144f5aebc23d8f638f6c3e8b099/element/f28e9e35-9420-4dfe-89e0-cddc49917b58/clear HTTP/1.1
User-Agent: selenium/4.8.1 (java windows)
Content-Length: 50
Content-Type: application/json; charset=utf-8
host: localhost:14080
accept: */*

Response DefaultHttpResponse(decodeResult: success, version: HTTP/1.1)
HTTP/1.1 200 OK
Content-Length: 14
Content-Type: application/json; charset=utf-8
cache-control: no-cache

14:49:38.973 [AsyncHttpClient-1-8] DEBUG org.asynchttpclient.netty.channel.ChannelManager - Adding key: http://localhost:14080 for channel [id: 0xe33257f2, L:/127.0.0.1:52963 - R:localhost/127.0.0.1:14080]
14:49:38.975 [Forwarding sendKeysToElement on session f95b2144f5aebc23d8f638f6c3e8b099 to remote] DEBUG org.asynchttpclient.netty.request.NettyRequestSender - Using pooled Channel '[id: 0xe33257f2, L:/127.0.0.1:52963 - R:localhost/127.0.0.1:14080]' for 'POST' to 'http://localhost:14080/session/f95b2144f5aebc23d8f638f6c3e8b099/element/f28e9e35-9420-4dfe-89e0-cddc49917b58/value'
14:49:38.975 [Forwarding sendKeysToElement on session f95b2144f5aebc23d8f638f6c3e8b099 to remote] DEBUG org.asynchttpclient.netty.request.NettyRequestSender - Using open Channel [id: 0xe33257f2, L:/127.0.0.1:52963 - R:localhost/127.0.0.1:14080] for POST '/session/f95b2144f5aebc23d8f638f6c3e8b099/element/f28e9e35-9420-4dfe-89e0-cddc49917b58/value'
14:49:39.033 [AsyncHttpClient-1-1] DEBUG org.asynchttpclient.netty.channel.DefaultChannelPool - Entry count for : http://localhost:52964 : 1
14:49:39.156 [AsyncHttpClient-1-8] DEBUG org.asynchttpclient.netty.handler.HttpHandler - 

Request DefaultHttpRequest(decodeResult: success, version: HTTP/1.1)
POST /session/f95b2144f5aebc23d8f638f6c3e8b099/element/f28e9e35-9420-4dfe-89e0-cddc49917b58/value HTTP/1.1
User-Agent: selenium/4.8.1 (java windows)
Content-Length: 301
Content-Type: application/json; charset=utf-8
host: localhost:14080
accept: */*

Response DefaultHttpResponse(decodeResult: success, version: HTTP/1.1)
HTTP/1.1 200 OK
Content-Length: 14
Content-Type: application/json; charset=utf-8
cache-control: no-cache

14:49:39.156 [AsyncHttpClient-1-8] DEBUG org.asynchttpclient.netty.channel.ChannelManager - Adding key: http://localhost:14080 for channel [id: 0xe33257f2, L:/127.0.0.1:52963 - R:localhost/127.0.0.1:14080]
  &amp#27;[32mAnd &amp#27;[0m&amp#27;[32muser input valid email&amp#27;[0m                                        &amp#27;[90m# starter.stepdefinitions.RegisterSteps.userInputValidEmail()&amp#27;[0m
14:49:39.174 [Forwarding findElement on session f95b2144f5aebc23d8f638f6c3e8b099 to remote] DEBUG org.asynchttpclient.netty.request.NettyRequestSender - Using pooled Channel '[id: 0xe33257f2, L:/127.0.0.1:52963 - R:localhost/127.0.0.1:14080]' for 'POST' to 'http://localhost:14080/session/f95b2144f5aebc23d8f638f6c3e8b099/element'
14:49:39.174 [Forwarding findElement on session f95b2144f5aebc23d8f638f6c3e8b099 to remote] DEBUG org.asynchttpclient.netty.request.NettyRequestSender - Using open Channel [id: 0xe33257f2, L:/127.0.0.1:52963 - R:localhost/127.0.0.1:14080] for POST '/session/f95b2144f5aebc23d8f638f6c3e8b099/element'
14:49:39.187 [AsyncHttpClient-1-8] DEBUG org.asynchttpclient.netty.handler.HttpHandler - 

Request DefaultHttpRequest(decodeResult: success, version: HTTP/1.1)
POST /session/f95b2144f5aebc23d8f638f6c3e8b099/element HTTP/1.1
User-Agent: selenium/4.8.1 (java windows)
Content-Length: 55
Content-Type: application/json; charset=utf-8
host: localhost:14080
accept: */*

Response DefaultHttpResponse(decodeResult: success, version: HTTP/1.1)
HTTP/1.1 200 OK
Content-Length: 88
Content-Type: application/json; charset=utf-8
cache-control: no-cache

14:49:39.188 [AsyncHttpClient-1-8] DEBUG org.asynchttpclient.netty.channel.ChannelManager - Adding key: http://localhost:14080 for channel [id: 0xe33257f2, L:/127.0.0.1:52963 - R:localhost/127.0.0.1:14080]
14:49:39.190 [Forwarding clearElement on session f95b2144f5aebc23d8f638f6c3e8b099 to remote] DEBUG org.asynchttpclient.netty.request.NettyRequestSender - Using pooled Channel '[id: 0xe33257f2, L:/127.0.0.1:52963 - R:localhost/127.0.0.1:14080]' for 'POST' to 'http://localhost:14080/session/f95b2144f5aebc23d8f638f6c3e8b099/element/e9f9504d-fe31-4e8c-9c09-b7466ebf1dea/clear'
14:49:39.190 [Forwarding clearElement on session f95b2144f5aebc23d8f638f6c3e8b099 to remote] DEBUG org.asynchttpclient.netty.request.NettyRequestSender - Using open Channel [id: 0xe33257f2, L:/127.0.0.1:52963 - R:localhost/127.0.0.1:14080] for POST '/session/f95b2144f5aebc23d8f638f6c3e8b099/element/e9f9504d-fe31-4e8c-9c09-b7466ebf1dea/clear'
14:49:39.238 [AsyncHttpClient-1-8] DEBUG org.asynchttpclient.netty.handler.HttpHandler - 

Request DefaultHttpRequest(decodeResult: success, version: HTTP/1.1)
POST /session/f95b2144f5aebc23d8f638f6c3e8b099/element/e9f9504d-fe31-4e8c-9c09-b7466ebf1dea/clear HTTP/1.1
User-Agent: selenium/4.8.1 (java windows)
Content-Length: 50
Content-Type: application/json; charset=utf-8
host: localhost:14080
accept: */*

Response DefaultHttpResponse(decodeResult: success, version: HTTP/1.1)
HTTP/1.1 200 OK
Content-Length: 14
Content-Type: application/json; charset=utf-8
cache-control: no-cache

14:49:39.238 [AsyncHttpClient-1-8] DEBUG org.asynchttpclient.netty.channel.ChannelManager - Adding key: http://localhost:14080 for channel [id: 0xe33257f2, L:/127.0.0.1:52963 - R:localhost/127.0.0.1:14080]
14:49:39.240 [Forwarding sendKeysToElement on session f95b2144f5aebc23d8f638f6c3e8b099 to remote] DEBUG org.asynchttpclient.netty.request.NettyRequestSender - Using pooled Channel '[id: 0xe33257f2, L:/127.0.0.1:52963 - R:localhost/127.0.0.1:14080]' for 'POST' to 'http://localhost:14080/session/f95b2144f5aebc23d8f638f6c3e8b099/element/e9f9504d-fe31-4e8c-9c09-b7466ebf1dea/value'
14:49:39.240 [Forwarding sendKeysToElement on session f95b2144f5aebc23d8f638f6c3e8b099 to remote] DEBUG org.asynchttpclient.netty.request.NettyRequestSender - Using open Channel [id: 0xe33257f2, L:/127.0.0.1:52963 - R:localhost/127.0.0.1:14080] for POST '/session/f95b2144f5aebc23d8f638f6c3e8b099/element/e9f9504d-fe31-4e8c-9c09-b7466ebf1dea/value'
14:49:39.323 [AsyncHttpClient-1-8] DEBUG org.asynchttpclient.netty.handler.HttpHandler - 

Request DefaultHttpRequest(decodeResult: success, version: HTTP/1.1)
POST /session/f95b2144f5aebc23d8f638f6c3e8b099/element/e9f9504d-fe31-4e8c-9c09-b7466ebf1dea/value HTTP/1.1
User-Agent: selenium/4.8.1 (java windows)
Content-Length: 141
Content-Type: application/json; charset=utf-8
host: localhost:14080
accept: */*

Response DefaultHttpResponse(decodeResult: success, version: HTTP/1.1)
HTTP/1.1 200 OK
Content-Length: 14
Content-Type: application/json; charset=utf-8
cache-control: no-cache

14:49:39.324 [AsyncHttpClient-1-8] DEBUG org.asynchttpclient.netty.channel.ChannelManager - Adding key: http://localhost:14080 for channel [id: 0xe33257f2, L:/127.0.0.1:52963 - R:localhost/127.0.0.1:14080]
  &amp#27;[32mAnd &amp#27;[0m&amp#27;[32muser input valid password&amp#27;[0m                                     &amp#27;[90m# starter.stepdefinitions.RegisterSteps.userInputValidPassword()&amp#27;[0m
14:49:39.338 [Forwarding findElement on session f95b2144f5aebc23d8f638f6c3e8b099 to remote] DEBUG org.asynchttpclient.netty.request.NettyRequestSender - Using pooled Channel '[id: 0xe33257f2, L:/127.0.0.1:52963 - R:localhost/127.0.0.1:14080]' for 'POST' to 'http://localhost:14080/session/f95b2144f5aebc23d8f638f6c3e8b099/element'
14:49:39.338 [Forwarding findElement on session f95b2144f5aebc23d8f638f6c3e8b099 to remote] DEBUG org.asynchttpclient.netty.request.NettyRequestSender - Using open Channel [id: 0xe33257f2, L:/127.0.0.1:52963 - R:localhost/127.0.0.1:14080] for POST '/session/f95b2144f5aebc23d8f638f6c3e8b099/element'
14:49:39.345 [AsyncHttpClient-1-8] DEBUG org.asynchttpclient.netty.handler.HttpHandler - 

Request DefaultHttpRequest(decodeResult: success, version: HTTP/1.1)
POST /session/f95b2144f5aebc23d8f638f6c3e8b099/element HTTP/1.1
User-Agent: selenium/4.8.1 (java windows)
Content-Length: 72
Content-Type: application/json; charset=utf-8
host: localhost:14080
accept: */*

Response DefaultHttpResponse(decodeResult: success, version: HTTP/1.1)
HTTP/1.1 200 OK
Content-Length: 88
Content-Type: application/json; charset=utf-8
cache-control: no-cache

14:49:39.347 [AsyncHttpClient-1-8] DEBUG org.asynchttpclient.netty.channel.ChannelManager - Adding key: http://localhost:14080 for channel [id: 0xe33257f2, L:/127.0.0.1:52963 - R:localhost/127.0.0.1:14080]
14:49:39.352 [Forwarding getElementTagName on session f95b2144f5aebc23d8f638f6c3e8b099 to remote] DEBUG org.asynchttpclient.netty.request.NettyRequestSender - Using pooled Channel '[id: 0xe33257f2, L:/127.0.0.1:52963 - R:localhost/127.0.0.1:14080]' for 'GET' to 'http://localhost:14080/session/f95b2144f5aebc23d8f638f6c3e8b099/element/2858b58e-59b1-4139-be37-7fa300073647/name'
14:49:39.353 [Forwarding getElementTagName on session f95b2144f5aebc23d8f638f6c3e8b099 to remote] DEBUG org.asynchttpclient.netty.request.NettyRequestSender - Using open Channel [id: 0xe33257f2, L:/127.0.0.1:52963 - R:localhost/127.0.0.1:14080] for GET '/session/f95b2144f5aebc23d8f638f6c3e8b099/element/2858b58e-59b1-4139-be37-7fa300073647/name'
14:49:39.359 [AsyncHttpClient-1-8] DEBUG org.asynchttpclient.netty.handler.HttpHandler - 

Request DefaultFullHttpRequest(decodeResult: success, version: HTTP/1.1, content: EmptyByteBufBE)
GET /session/f95b2144f5aebc23d8f638f6c3e8b099/element/2858b58e-59b1-4139-be37-7fa300073647/name HTTP/1.1
User-Agent: selenium/4.8.1 (java windows)
Cache-Control: no-cache
Content-Type: application/json; charset=utf-8
host: localhost:14080
accept: */*

Response DefaultHttpResponse(decodeResult: success, version: HTTP/1.1)
HTTP/1.1 200 OK
Content-Length: 16
Content-Type: application/json; charset=utf-8
cache-control: no-cache

14:49:39.359 [AsyncHttpClient-1-8] DEBUG org.asynchttpclient.netty.channel.ChannelManager - Adding key: http://localhost:14080 for channel [id: 0xe33257f2, L:/127.0.0.1:52963 - R:localhost/127.0.0.1:14080]
14:49:39.360 [Forwarding getElementTagName on session f95b2144f5aebc23d8f638f6c3e8b099 to remote] DEBUG org.asynchttpclient.netty.request.NettyRequestSender - Using pooled Channel '[id: 0xe33257f2, L:/127.0.0.1:52963 - R:localhost/127.0.0.1:14080]' for 'GET' to 'http://localhost:14080/session/f95b2144f5aebc23d8f638f6c3e8b099/element/2858b58e-59b1-4139-be37-7fa300073647/name'
14:49:39.360 [Forwarding getElementTagName on session f95b2144f5aebc23d8f638f6c3e8b099 to remote] DEBUG org.asynchttpclient.netty.request.NettyRequestSender - Using open Channel [id: 0xe33257f2, L:/127.0.0.1:52963 - R:localhost/127.0.0.1:14080] for GET '/session/f95b2144f5aebc23d8f638f6c3e8b099/element/2858b58e-59b1-4139-be37-7fa300073647/name'
14:49:39.370 [AsyncHttpClient-1-8] DEBUG org.asynchttpclient.netty.handler.HttpHandler - 

Request DefaultFullHttpRequest(decodeResult: success, version: HTTP/1.1, content: EmptyByteBufBE)
GET /session/f95b2144f5aebc23d8f638f6c3e8b099/element/2858b58e-59b1-4139-be37-7fa300073647/name HTTP/1.1
User-Agent: selenium/4.8.1 (java windows)
Cache-Control: no-cache
Content-Type: application/json; charset=utf-8
host: localhost:14080
accept: */*

Response DefaultHttpResponse(decodeResult: success, version: HTTP/1.1)
HTTP/1.1 200 OK
Content-Length: 16
Content-Type: application/json; charset=utf-8
cache-control: no-cache

14:49:39.370 [AsyncHttpClient-1-8] DEBUG org.asynchttpclient.netty.channel.ChannelManager - Adding key: http://localhost:14080 for channel [id: 0xe33257f2, L:/127.0.0.1:52963 - R:localhost/127.0.0.1:14080]
14:49:39.373 [Forwarding findElement on session f95b2144f5aebc23d8f638f6c3e8b099 to remote] DEBUG org.asynchttpclient.netty.request.NettyRequestSender - Using pooled Channel '[id: 0xe33257f2, L:/127.0.0.1:52963 - R:localhost/127.0.0.1:14080]' for 'POST' to 'http://localhost:14080/session/f95b2144f5aebc23d8f638f6c3e8b099/element'
14:49:39.373 [Forwarding findElement on session f95b2144f5aebc23d8f638f6c3e8b099 to remote] DEBUG org.asynchttpclient.netty.request.NettyRequestSender - Using open Channel [id: 0xe33257f2, L:/127.0.0.1:52963 - R:localhost/127.0.0.1:14080] for POST '/session/f95b2144f5aebc23d8f638f6c3e8b099/element'
14:49:39.386 [AsyncHttpClient-1-8] DEBUG org.asynchttpclient.netty.handler.HttpHandler - 

Request DefaultHttpRequest(decodeResult: success, version: HTTP/1.1)
POST /session/f95b2144f5aebc23d8f638f6c3e8b099/element HTTP/1.1
User-Agent: selenium/4.8.1 (java windows)
Content-Length: 72
Content-Type: application/json; charset=utf-8
host: localhost:14080
accept: */*

Response DefaultHttpResponse(decodeResult: success, version: HTTP/1.1)
HTTP/1.1 200 OK
Content-Length: 88
Content-Type: application/json; charset=utf-8
cache-control: no-cache

14:49:39.386 [AsyncHttpClient-1-8] DEBUG org.asynchttpclient.netty.channel.ChannelManager - Adding key: http://localhost:14080 for channel [id: 0xe33257f2, L:/127.0.0.1:52963 - R:localhost/127.0.0.1:14080]
14:49:39.388 [Forwarding clickElement on session f95b2144f5aebc23d8f638f6c3e8b099 to remote] DEBUG org.asynchttpclient.netty.request.NettyRequestSender - Using pooled Channel '[id: 0xe33257f2, L:/127.0.0.1:52963 - R:localhost/127.0.0.1:14080]' for 'POST' to 'http://localhost:14080/session/f95b2144f5aebc23d8f638f6c3e8b099/element/2858b58e-59b1-4139-be37-7fa300073647/click'
14:49:39.388 [Forwarding clickElement on session f95b2144f5aebc23d8f638f6c3e8b099 to remote] DEBUG org.asynchttpclient.netty.request.NettyRequestSender - Using open Channel [id: 0xe33257f2, L:/127.0.0.1:52963 - R:localhost/127.0.0.1:14080] for POST '/session/f95b2144f5aebc23d8f638f6c3e8b099/element/2858b58e-59b1-4139-be37-7fa300073647/click'
14:49:39.469 [AsyncHttpClient-1-8] DEBUG org.asynchttpclient.netty.handler.HttpHandler - 

Request DefaultHttpRequest(decodeResult: success, version: HTTP/1.1)
POST /session/f95b2144f5aebc23d8f638f6c3e8b099/element/2858b58e-59b1-4139-be37-7fa300073647/click HTTP/1.1
User-Agent: selenium/4.8.1 (java windows)
Content-Length: 50
Content-Type: application/json; charset=utf-8
host: localhost:14080
accept: */*

Response DefaultHttpResponse(decodeResult: success, version: HTTP/1.1)
HTTP/1.1 200 OK
Content-Length: 14
Content-Type: application/json; charset=utf-8
cache-control: no-cache

14:49:39.469 [AsyncHttpClient-1-8] DEBUG org.asynchttpclient.netty.channel.ChannelManager - Adding key: http://localhost:14080 for channel [id: 0xe33257f2, L:/127.0.0.1:52963 - R:localhost/127.0.0.1:14080]
  &amp#27;[32mAnd &amp#27;[0m&amp#27;[32muser click login button&amp#27;[0m                                       &amp#27;[90m# starter.stepdefinitions.RegisterSteps.userClickLoginButton()&amp#27;[0m
14:49:39.485 [Forwarding findElement on session f95b2144f5aebc23d8f638f6c3e8b099 to remote] DEBUG org.asynchttpclient.netty.request.NettyRequestSender - Using pooled Channel '[id: 0xe33257f2, L:/127.0.0.1:52963 - R:localhost/127.0.0.1:14080]' for 'POST' to 'http://localhost:14080/session/f95b2144f5aebc23d8f638f6c3e8b099/element'
14:49:39.485 [Forwarding findElement on session f95b2144f5aebc23d8f638f6c3e8b099 to remote] DEBUG org.asynchttpclient.netty.request.NettyRequestSender - Using open Channel [id: 0xe33257f2, L:/127.0.0.1:52963 - R:localhost/127.0.0.1:14080] for POST '/session/f95b2144f5aebc23d8f638f6c3e8b099/element'
14:49:39.754 [AsyncHttpClient-1-8] DEBUG org.asynchttpclient.netty.handler.HttpHandler - 

Request DefaultHttpRequest(decodeResult: success, version: HTTP/1.1)
POST /session/f95b2144f5aebc23d8f638f6c3e8b099/element HTTP/1.1
User-Agent: selenium/4.8.1 (java windows)
Content-Length: 79
Content-Type: application/json; charset=utf-8
host: localhost:14080
accept: */*

Response DefaultHttpResponse(decodeResult: success, version: HTTP/1.1)
HTTP/1.1 200 OK
Content-Length: 88
Content-Type: application/json; charset=utf-8
cache-control: no-cache

14:49:39.754 [AsyncHttpClient-1-8] DEBUG org.asynchttpclient.netty.channel.ChannelManager - Adding key: http://localhost:14080 for channel [id: 0xe33257f2, L:/127.0.0.1:52963 - R:localhost/127.0.0.1:14080]
14:49:39.758 [Forwarding isElementDisplayed on session f95b2144f5aebc23d8f638f6c3e8b099 to remote] DEBUG org.asynchttpclient.netty.request.NettyRequestSender - Using pooled Channel '[id: 0xe33257f2, L:/127.0.0.1:52963 - R:localhost/127.0.0.1:14080]' for 'POST' to 'http://localhost:14080/session/f95b2144f5aebc23d8f638f6c3e8b099/execute/sync'
14:49:39.758 [Forwarding isElementDisplayed on session f95b2144f5aebc23d8f638f6c3e8b099 to remote] DEBUG org.asynchttpclient.netty.request.NettyRequestSender - Using open Channel [id: 0xe33257f2, L:/127.0.0.1:52963 - R:localhost/127.0.0.1:14080] for POST '/session/f95b2144f5aebc23d8f638f6c3e8b099/execute/sync'
14:49:39.772 [AsyncHttpClient-1-8] DEBUG org.asynchttpclient.netty.handler.HttpHandler - 

Request DefaultHttpRequest(decodeResult: success, version: HTTP/1.1)
POST /session/f95b2144f5aebc23d8f638f6c3e8b099/execute/sync HTTP/1.1
User-Agent: selenium/4.8.1 (java windows)
Content-Length: 48807
Content-Type: application/json; charset=utf-8
host: localhost:14080
accept: */*

Response DefaultHttpResponse(decodeResult: success, version: HTTP/1.1)
HTTP/1.1 200 OK
Content-Length: 14
Content-Type: application/json; charset=utf-8
cache-control: no-cache

14:49:39.772 [AsyncHttpClient-1-8] DEBUG org.asynchttpclient.netty.channel.ChannelManager - Adding key: http://localhost:14080 for channel [id: 0xe33257f2, L:/127.0.0.1:52963 - R:localhost/127.0.0.1:14080]
14:49:39.774 [Forwarding isElementDisplayed on session f95b2144f5aebc23d8f638f6c3e8b099 to remote] DEBUG org.asynchttpclient.netty.request.NettyRequestSender - Using pooled Channel '[id: 0xe33257f2, L:/127.0.0.1:52963 - R:localhost/127.0.0.1:14080]' for 'POST' to 'http://localhost:14080/session/f95b2144f5aebc23d8f638f6c3e8b099/execute/sync'
14:49:39.775 [Forwarding isElementDisplayed on session f95b2144f5aebc23d8f638f6c3e8b099 to remote] DEBUG org.asynchttpclient.netty.request.NettyRequestSender - Using open Channel [id: 0xe33257f2, L:/127.0.0.1:52963 - R:localhost/127.0.0.1:14080] for POST '/session/f95b2144f5aebc23d8f638f6c3e8b099/execute/sync'
14:49:39.784 [AsyncHttpClient-1-8] DEBUG org.asynchttpclient.netty.handler.HttpHandler - 

Request DefaultHttpRequest(decodeResult: success, version: HTTP/1.1)
POST /session/f95b2144f5aebc23d8f638f6c3e8b099/execute/sync HTTP/1.1
User-Agent: selenium/4.8.1 (java windows)
Content-Length: 48807
Content-Type: application/json; charset=utf-8
host: localhost:14080
accept: */*

Response DefaultHttpResponse(decodeResult: success, version: HTTP/1.1)
HTTP/1.1 200 OK
Content-Length: 14
Content-Type: application/json; charset=utf-8
cache-control: no-cache

14:49:39.784 [AsyncHttpClient-1-8] DEBUG org.asynchttpclient.netty.channel.ChannelManager - Adding key: http://localhost:14080 for channel [id: 0xe33257f2, L:/127.0.0.1:52963 - R:localhost/127.0.0.1:14080]
  &amp#27;[32mThen &amp#27;[0m&amp#27;[32muser see error message&amp#27;[0m                                       &amp#27;[90m# starter.stepdefinitions.RegisterSteps.userSeeErrorMessage()&amp#27;[0m
14:49:39.788 [main] INFO  - 
  _____   ___   ___   _____     ___     _     ___   ___   ___   ___  
 |_   _| | __| / __| |_   _|   | _ \   /_\   / __| / __| | __| |   \ 
   | |   | _|  \__ \   | |     |  _/  / _ \  \__ \ \__ \ | _|  | |) |
   |_|   |___| |___/   |_|     |_|   /_/ \_\ |___/ |___/ |___| |___/ 

as user i want to register with empty complete name value
----------------------------------------------------------------------
14:49:39.789 [AsyncHttpClient-1-2] DEBUG org.asynchttpclient.netty.handler.WebSocketHandler - Channel Closed: [id: 0x7cad1c9b, L:/127.0.0.1:52972 ! R:localhost/127.0.0.1:52964] with attribute NettyResponseFuture{currentRetry=0,
	isDone=1,
	isCancelled=0,
	asyncHandler=org.asynchttpclient.ws.WebSocketUpgradeHandler@623044bc,
	nettyRequest=org.asynchttpclient.netty.request.NettyRequest@62f9621d,
	future=java.util.concurrent.CompletableFuture@5724e5c6[Completed normally],
	uri=ws://localhost:52964/devtools/browser/4f81c28a-183a-4766-aee8-a1093788afe3,
	keepAlive=true,
	redirectCount=0,
	timeoutsHolder=null,
	inAuth=0,
	touch=1683532177358}
14:49:39.790 [AsyncHttpClient-1-2] DEBUG org.asynchttpclient.netty.channel.ChannelManager - Closing Channel [id: 0x7cad1c9b, L:/127.0.0.1:52972 ! R:localhost/127.0.0.1:52964] 
14:49:39.790 [Driver Command Executor] DEBUG org.asynchttpclient.netty.request.NettyRequestSender - Using pooled Channel '[id: 0xe33257f2, L:/127.0.0.1:52963 - R:localhost/127.0.0.1:14080]' for 'DELETE' to 'http://localhost:14080/session/f95b2144f5aebc23d8f638f6c3e8b099'
14:49:39.790 [Driver Command Executor] DEBUG org.asynchttpclient.netty.request.NettyRequestSender - Using open Channel [id: 0xe33257f2, L:/127.0.0.1:52963 - R:localhost/127.0.0.1:14080] for DELETE '/session/f95b2144f5aebc23d8f638f6c3e8b099'
14:49:39.823 [AsyncHttpClient-1-9] DEBUG org.asynchttpclient.netty.handler.HttpHandler - Unexpected I/O exception on channel [id: 0xbd1e282e, L:/127.0.0.1:52971 - R:localhost/127.0.0.1:52964]
java.io.IOException: An existing connection was forcibly closed by the remote host
	at sun.nio.ch.SocketDispatcher.read0(Native Method)
	at sun.nio.ch.SocketDispatcher.read(SocketDispatcher.java:43)
	at sun.nio.ch.IOUtil.readIntoNativeBuffer(IOUtil.java:223)
	at sun.nio.ch.IOUtil.read(IOUtil.java:192)
	at sun.nio.ch.SocketChannelImpl.read(SocketChannelImpl.java:380)
	at io.netty.buffer.PooledByteBuf.setBytes(PooledByteBuf.java:259)
	at io.netty.buffer.AbstractByteBuf.writeBytes(AbstractByteBuf.java:1132)
	at io.netty.channel.socket.nio.NioSocketChannel.doReadBytes(NioSocketChannel.java:357)
	at io.netty.channel.nio.AbstractNioByteChannel$NioByteUnsafe.read(AbstractNioByteChannel.java:151)
	at io.netty.channel.nio.NioEventLoop.processSelectedKey(NioEventLoop.java:788)
	at io.netty.channel.nio.NioEventLoop.processSelectedKeysOptimized(NioEventLoop.java:724)
	at io.netty.channel.nio.NioEventLoop.processSelectedKeys(NioEventLoop.java:650)
	at io.netty.channel.nio.NioEventLoop.run(NioEventLoop.java:562)
	at io.netty.util.concurrent.SingleThreadEventExecutor$4.run(SingleThreadEventExecutor.java:997)
	at io.netty.util.internal.ThreadExecutorMap$2.run(ThreadExecutorMap.java:74)
	at io.netty.util.concurrent.FastThreadLocalRunnable.run(FastThreadLocalRunnable.java:30)
	at java.lang.Thread.run(Thread.java:748)
14:49:39.823 [AsyncHttpClient-1-9] DEBUG org.asynchttpclient.netty.channel.ChannelManager - Closing Channel [id: 0xbd1e282e, L:/127.0.0.1:52971 - R:localhost/127.0.0.1:52964] 
14:49:39.823 [AsyncHttpClient-1-9] DEBUG org.asynchttpclient.netty.handler.HttpHandler - Channel Closed: [id: 0xbd1e282e, L:/127.0.0.1:52971 ! R:localhost/127.0.0.1:52964] with attribute DISCARD
14:49:39.850 [AsyncHttpClient-1-8] DEBUG org.asynchttpclient.netty.handler.HttpHandler - 

Request DefaultFullHttpRequest(decodeResult: success, version: HTTP/1.1, content: EmptyByteBufBE)
DELETE /session/f95b2144f5aebc23d8f638f6c3e8b099 HTTP/1.1
User-Agent: selenium/4.8.1 (java windows)
Content-Type: application/json; charset=utf-8
host: localhost:14080
accept: */*

Response DefaultHttpResponse(decodeResult: success, version: HTTP/1.1)
HTTP/1.1 200 OK
Content-Length: 14
Content-Type: application/json; charset=utf-8
cache-control: no-cache

14:49:39.850 [AsyncHttpClient-1-8] DEBUG org.asynchttpclient.netty.channel.ChannelManager - Adding key: http://localhost:14080 for channel [id: 0xe33257f2, L:/127.0.0.1:52963 - R:localhost/127.0.0.1:14080]
14:49:39.921 [AsyncHttpClient-1-8] DEBUG org.asynchttpclient.netty.handler.HttpHandler - Channel Closed: [id: 0xe33257f2, L:/127.0.0.1:52963 ! R:localhost/127.0.0.1:14080] with attribute DISCARD
14:49:40.137 [AsyncHttpClient-1-1] DEBUG org.asynchttpclient.netty.channel.DefaultChannelPool - Entry count for : http://localhost:52964 : 1
14:49:40.137 [AsyncHttpClient-1-1] DEBUG org.asynchttpclient.netty.channel.DefaultChannelPool - Entry count for : http://localhost:14080 : 1
14:49:40.137 [AsyncHttpClient-1-1] DEBUG org.asynchttpclient.netty.channel.DefaultChannelPool - Adding Candidate expired Channel [id: 0xbd1e282e, L:/127.0.0.1:52971 ! R:localhost/127.0.0.1:52964] isIdleTimeoutExpired=false isRemotelyClosed=true isTtlExpired=false
14:49:40.137 [AsyncHttpClient-1-1] DEBUG org.asynchttpclient.netty.channel.DefaultChannelPool - Closing Idle Channel [id: 0xbd1e282e, L:/127.0.0.1:52971 ! R:localhost/127.0.0.1:52964]
14:49:40.137 [AsyncHttpClient-1-1] DEBUG org.asynchttpclient.netty.channel.DefaultChannelPool - Adding Candidate expired Channel [id: 0xe33257f2, L:/127.0.0.1:52963 ! R:localhost/127.0.0.1:14080] isIdleTimeoutExpired=false isRemotelyClosed=true isTtlExpired=false
14:49:40.137 [AsyncHttpClient-1-1] DEBUG org.asynchttpclient.netty.channel.DefaultChannelPool - Closing Idle Channel [id: 0xe33257f2, L:/127.0.0.1:52963 ! R:localhost/127.0.0.1:14080]
14:49:40.137 [AsyncHttpClient-1-1] DEBUG org.asynchttpclient.netty.channel.DefaultChannelPool - Closed 2 connections out of 2 in 0 ms
]]></system-out>
    <system-err><![CDATA[Starting ChromeDriver 112.0.5615.49 (bd2a7bcb881c11e8cfe3078709382934e3916914-refs/branch-heads/5615@{#936}) on port 14080
Only local connections are allowed.
Please see https://chromedriver.chromium.org/security-considerations for suggestions on keeping ChromeDriver safe.
ChromeDriver was started successfully.
May 08, 2023 2:49:37 PM org.openqa.selenium.devtools.CdpVersionFinder findNearestMatch
WARNING: Unable to find an exact match for CDP version 112, so returning the closest version found: 110
]]></system-err>
  </testcase>
  <testcase name="as user i want to register with empty email value" classname="As a user i have be able to success register so that i can see login page" time="4.38">
    <system-out><![CDATA[
@TestCaseMPAAAC-10
Scenario: as user i want to register with empty email value &amp#27;[90m# src/test/resources/features/Register.feature:31&amp#27;[0m
14:49:40.470 [main] DEBUG io.cucumber.core.plugin.SerenityReporter - Running feature from file:///D:/D/QE_Alta/MiniProject/Web/Register-Web-Altashop/src/test/resources/features/Register.feature
14:49:40.474 [main] INFO  - 
  _____   ___   ___   _____     ___   _____     _     ___   _____   ___   ___  
 |_   _| | __| / __| |_   _|   / __| |_   _|   /_\   | _ \ |_   _| | __| |   \ 
   | |   | _|  \__ \   | |     \__ \   | |    / _ \  |   /   | |   | _|  | |) |
   |_|   |___| |___/   |_|     |___/   |_|   /_/ \_\ |_|_\   |_|   |___| |___/ 

as user i want to register with empty email value(as-a-user-i-have-be-able-to-success-register-so-that-i-can-see-login-page;as-user-i-want-to-register-with-empty-email-value)
--------------------------------------------------------------------------------
14:49:40.613 [main] INFO net.serenitybdd.core.webdriver.driverproviders.ChromeDriverProvider - Starting Chrome driver instance with capabilities:
14:49:40.613 [main] INFO net.serenitybdd.core.webdriver.driverproviders.ChromeDriverProvider - Capabilities {acceptInsecureCerts: true, browserName: chrome, goog:chromeOptions: {args: [remote-allow-origins=*, test-type, no-sandbox, ignore-certificate-errors, start-maximized, incognito, disable-infobars, disable-gpu, disable-default-apps, disable-popup-blocking, remote-allow-origins=*, test-type, no-sandbox, ignore-certificate-errors, start-maximized, incognito, disable-infobars, disable-gpu, disable-default-apps, disable-popup-blocking, remote-allow-origins=*], extensions: []}}
14:49:41.230 [AsyncHttpClient-1-3] DEBUG org.asynchttpclient.netty.channel.NettyConnectListener - Using new Channel '[id: 0xbf5df53f, L:/127.0.0.1:52989 - R:localhost/127.0.0.1:9087]' for 'POST' to '/session'
14:49:42.027 [AsyncHttpClient-1-3] DEBUG org.asynchttpclient.netty.handler.HttpHandler - 

Request DefaultHttpRequest(decodeResult: success, version: HTTP/1.1)
POST /session HTTP/1.1
User-Agent: selenium/4.8.1 (java windows)
Content-Length: 1701
Content-Type: application/json; charset=utf-8
host: localhost:9087
accept: */*

Response DefaultHttpResponse(decodeResult: success, version: HTTP/1.1)
HTTP/1.1 200 OK
Content-Length: 861
Content-Type: application/json; charset=utf-8
cache-control: no-cache

14:49:42.027 [AsyncHttpClient-1-3] DEBUG org.asynchttpclient.netty.channel.ChannelManager - Adding key: http://localhost:9087 for channel [id: 0xbf5df53f, L:/127.0.0.1:52989 - R:localhost/127.0.0.1:9087]
14:49:42.043 [AsyncHttpClient-1-4] DEBUG org.asynchttpclient.netty.channel.NettyConnectListener - Using new Channel '[id: 0xf1639218, L:/127.0.0.1:52996 - R:localhost/127.0.0.1:52991]' for 'GET' to '/json/version'
14:49:42.045 [AsyncHttpClient-1-4] DEBUG org.asynchttpclient.netty.handler.HttpHandler - 

Request DefaultFullHttpRequest(decodeResult: success, version: HTTP/1.1, content: EmptyByteBufBE)
GET /json/version HTTP/1.1
User-Agent: selenium/4.8.1 (java windows)
host: localhost:52991
accept: */*

Response DefaultHttpResponse(decodeResult: success, version: HTTP/1.1)
HTTP/1.1 200 OK
Content-Security-Policy: frame-ancestors 'none'
Content-Length: 424
Content-Type: application/json; charset=UTF-8

14:49:42.046 [AsyncHttpClient-1-4] DEBUG org.asynchttpclient.netty.channel.ChannelManager - Adding key: http://localhost:52991 for channel [id: 0xf1639218, L:/127.0.0.1:52996 - R:localhost/127.0.0.1:52991]
14:49:42.050 [AsyncHttpClient-1-5] DEBUG org.asynchttpclient.netty.channel.NettyConnectListener - Using new Channel '[id: 0x7514eb52, L:/127.0.0.1:52997 - R:localhost/127.0.0.1:52991]' for 'GET' to '/devtools/browser/725a235a-bb7f-417c-9af1-81e47c22c0de'
14:49:42.052 [AsyncHttpClient-1-5] DEBUG org.asynchttpclient.netty.handler.WebSocketHandler - 

Request DefaultFullHttpRequest(decodeResult: success, version: HTTP/1.1, content: EmptyByteBufBE)
GET /devtools/browser/725a235a-bb7f-417c-9af1-81e47c22c0de HTTP/1.1
upgrade: websocket
connection: upgrade
sec-websocket-key: ndmMG+If3q6W2/o1292BDA==
sec-websocket-version: 13
origin: http://localhost:52991
host: localhost:52991
accept: */*
user-agent: AHC/2.1

Response DefaultHttpResponse(decodeResult: success, version: HTTP/1.1)
HTTP/1.1 101 WebSocket Protocol Handshake
Upgrade: WebSocket
Connection: Upgrade
Sec-WebSocket-Accept: FlYXnAKsBdmOd0+Lw5lXaHUSBQM=

14:49:42.058 [Forwarding get on session 52981080237facb82283d54755d5706a to remote] DEBUG org.asynchttpclient.netty.request.NettyRequestSender - Using pooled Channel '[id: 0xbf5df53f, L:/127.0.0.1:52989 - R:localhost/127.0.0.1:9087]' for 'POST' to 'http://localhost:9087/session/52981080237facb82283d54755d5706a/url'
14:49:42.058 [Forwarding get on session 52981080237facb82283d54755d5706a to remote] DEBUG org.asynchttpclient.netty.request.NettyRequestSender - Using open Channel [id: 0xbf5df53f, L:/127.0.0.1:52989 - R:localhost/127.0.0.1:9087] for POST '/session/52981080237facb82283d54755d5706a/url'
14:49:42.331 [AsyncHttpClient-1-1] DEBUG org.asynchttpclient.netty.channel.DefaultChannelPool - Entry count for : http://localhost:52991 : 1
14:49:42.886 [AsyncHttpClient-1-3] DEBUG org.asynchttpclient.netty.handler.HttpHandler - 

Request DefaultHttpRequest(decodeResult: success, version: HTTP/1.1)
POST /session/52981080237facb82283d54755d5706a/url HTTP/1.1
User-Agent: selenium/4.8.1 (java windows)
Content-Length: 77
Content-Type: application/json; charset=utf-8
host: localhost:9087
accept: */*

Response DefaultHttpResponse(decodeResult: success, version: HTTP/1.1)
HTTP/1.1 200 OK
Content-Length: 14
Content-Type: application/json; charset=utf-8
cache-control: no-cache

14:49:42.886 [AsyncHttpClient-1-3] DEBUG org.asynchttpclient.netty.channel.ChannelManager - Adding key: http://localhost:9087 for channel [id: 0xbf5df53f, L:/127.0.0.1:52989 - R:localhost/127.0.0.1:9087]
14:49:42.888 [Forwarding setTimeout on session 52981080237facb82283d54755d5706a to remote] DEBUG org.asynchttpclient.netty.request.NettyRequestSender - Using pooled Channel '[id: 0xbf5df53f, L:/127.0.0.1:52989 - R:localhost/127.0.0.1:9087]' for 'POST' to 'http://localhost:9087/session/52981080237facb82283d54755d5706a/timeouts'
14:49:42.888 [Forwarding setTimeout on session 52981080237facb82283d54755d5706a to remote] DEBUG org.asynchttpclient.netty.request.NettyRequestSender - Using open Channel [id: 0xbf5df53f, L:/127.0.0.1:52989 - R:localhost/127.0.0.1:9087] for POST '/session/52981080237facb82283d54755d5706a/timeouts'
14:49:42.890 [AsyncHttpClient-1-3] DEBUG org.asynchttpclient.netty.handler.HttpHandler - 

Request DefaultHttpRequest(decodeResult: success, version: HTTP/1.1)
POST /session/52981080237facb82283d54755d5706a/timeouts HTTP/1.1
User-Agent: selenium/4.8.1 (java windows)
Content-Length: 22
Content-Type: application/json; charset=utf-8
host: localhost:9087
accept: */*

Response DefaultHttpResponse(decodeResult: success, version: HTTP/1.1)
HTTP/1.1 200 OK
Content-Length: 14
Content-Type: application/json; charset=utf-8
cache-control: no-cache

14:49:42.890 [AsyncHttpClient-1-3] DEBUG org.asynchttpclient.netty.channel.ChannelManager - Adding key: http://localhost:9087 for channel [id: 0xbf5df53f, L:/127.0.0.1:52989 - R:localhost/127.0.0.1:9087]
14:49:42.896 [Forwarding findElement on session 52981080237facb82283d54755d5706a to remote] DEBUG org.asynchttpclient.netty.request.NettyRequestSender - Using pooled Channel '[id: 0xbf5df53f, L:/127.0.0.1:52989 - R:localhost/127.0.0.1:9087]' for 'POST' to 'http://localhost:9087/session/52981080237facb82283d54755d5706a/element'
14:49:42.896 [Forwarding findElement on session 52981080237facb82283d54755d5706a to remote] DEBUG org.asynchttpclient.netty.request.NettyRequestSender - Using open Channel [id: 0xbf5df53f, L:/127.0.0.1:52989 - R:localhost/127.0.0.1:9087] for POST '/session/52981080237facb82283d54755d5706a/element'
14:49:42.910 [AsyncHttpClient-1-3] DEBUG org.asynchttpclient.netty.handler.HttpHandler - 

Request DefaultHttpRequest(decodeResult: success, version: HTTP/1.1)
POST /session/52981080237facb82283d54755d5706a/element HTTP/1.1
User-Agent: selenium/4.8.1 (java windows)
Content-Length: 72
Content-Type: application/json; charset=utf-8
host: localhost:9087
accept: */*

Response DefaultHttpResponse(decodeResult: success, version: HTTP/1.1)
HTTP/1.1 200 OK
Content-Length: 88
Content-Type: application/json; charset=utf-8
cache-control: no-cache

14:49:42.910 [AsyncHttpClient-1-3] DEBUG org.asynchttpclient.netty.channel.ChannelManager - Adding key: http://localhost:9087 for channel [id: 0xbf5df53f, L:/127.0.0.1:52989 - R:localhost/127.0.0.1:9087]
14:49:42.916 [Forwarding isElementDisplayed on session 52981080237facb82283d54755d5706a to remote] DEBUG org.asynchttpclient.netty.request.NettyRequestSender - Using pooled Channel '[id: 0xbf5df53f, L:/127.0.0.1:52989 - R:localhost/127.0.0.1:9087]' for 'POST' to 'http://localhost:9087/session/52981080237facb82283d54755d5706a/execute/sync'
14:49:42.916 [Forwarding isElementDisplayed on session 52981080237facb82283d54755d5706a to remote] DEBUG org.asynchttpclient.netty.request.NettyRequestSender - Using open Channel [id: 0xbf5df53f, L:/127.0.0.1:52989 - R:localhost/127.0.0.1:9087] for POST '/session/52981080237facb82283d54755d5706a/execute/sync'
14:49:42.935 [AsyncHttpClient-1-3] DEBUG org.asynchttpclient.netty.handler.HttpHandler - 

Request DefaultHttpRequest(decodeResult: success, version: HTTP/1.1)
POST /session/52981080237facb82283d54755d5706a/execute/sync HTTP/1.1
User-Agent: selenium/4.8.1 (java windows)
Content-Length: 48807
Content-Type: application/json; charset=utf-8
host: localhost:9087
accept: */*

Response DefaultHttpResponse(decodeResult: success, version: HTTP/1.1)
HTTP/1.1 200 OK
Content-Length: 14
Content-Type: application/json; charset=utf-8
cache-control: no-cache

14:49:42.935 [AsyncHttpClient-1-3] DEBUG org.asynchttpclient.netty.channel.ChannelManager - Adding key: http://localhost:9087 for channel [id: 0xbf5df53f, L:/127.0.0.1:52989 - R:localhost/127.0.0.1:9087]
14:49:42.938 [Forwarding isElementDisplayed on session 52981080237facb82283d54755d5706a to remote] DEBUG org.asynchttpclient.netty.request.NettyRequestSender - Using pooled Channel '[id: 0xbf5df53f, L:/127.0.0.1:52989 - R:localhost/127.0.0.1:9087]' for 'POST' to 'http://localhost:9087/session/52981080237facb82283d54755d5706a/execute/sync'
14:49:42.938 [Forwarding isElementDisplayed on session 52981080237facb82283d54755d5706a to remote] DEBUG org.asynchttpclient.netty.request.NettyRequestSender - Using open Channel [id: 0xbf5df53f, L:/127.0.0.1:52989 - R:localhost/127.0.0.1:9087] for POST '/session/52981080237facb82283d54755d5706a/execute/sync'
14:49:42.951 [AsyncHttpClient-1-3] DEBUG org.asynchttpclient.netty.handler.HttpHandler - 

Request DefaultHttpRequest(decodeResult: success, version: HTTP/1.1)
POST /session/52981080237facb82283d54755d5706a/execute/sync HTTP/1.1
User-Agent: selenium/4.8.1 (java windows)
Content-Length: 48807
Content-Type: application/json; charset=utf-8
host: localhost:9087
accept: */*

Response DefaultHttpResponse(decodeResult: success, version: HTTP/1.1)
HTTP/1.1 200 OK
Content-Length: 14
Content-Type: application/json; charset=utf-8
cache-control: no-cache

14:49:42.951 [AsyncHttpClient-1-3] DEBUG org.asynchttpclient.netty.channel.ChannelManager - Adding key: http://localhost:9087 for channel [id: 0xbf5df53f, L:/127.0.0.1:52989 - R:localhost/127.0.0.1:9087]
  &amp#27;[32mGiven &amp#27;[0m&amp#27;[32muser on register page&amp#27;[0m                               &amp#27;[90m# starter.stepdefinitions.RegisterSteps.userOnRegisterPage()&amp#27;[0m
14:49:42.959 [Forwarding findElement on session 52981080237facb82283d54755d5706a to remote] DEBUG org.asynchttpclient.netty.request.NettyRequestSender - Using pooled Channel '[id: 0xbf5df53f, L:/127.0.0.1:52989 - R:localhost/127.0.0.1:9087]' for 'POST' to 'http://localhost:9087/session/52981080237facb82283d54755d5706a/element'
14:49:42.959 [Forwarding findElement on session 52981080237facb82283d54755d5706a to remote] DEBUG org.asynchttpclient.netty.request.NettyRequestSender - Using open Channel [id: 0xbf5df53f, L:/127.0.0.1:52989 - R:localhost/127.0.0.1:9087] for POST '/session/52981080237facb82283d54755d5706a/element'
14:49:42.971 [AsyncHttpClient-1-3] DEBUG org.asynchttpclient.netty.handler.HttpHandler - 

Request DefaultHttpRequest(decodeResult: success, version: HTTP/1.1)
POST /session/52981080237facb82283d54755d5706a/element HTTP/1.1
User-Agent: selenium/4.8.1 (java windows)
Content-Length: 55
Content-Type: application/json; charset=utf-8
host: localhost:9087
accept: */*

Response DefaultHttpResponse(decodeResult: success, version: HTTP/1.1)
HTTP/1.1 200 OK
Content-Length: 88
Content-Type: application/json; charset=utf-8
cache-control: no-cache

14:49:42.971 [AsyncHttpClient-1-3] DEBUG org.asynchttpclient.netty.channel.ChannelManager - Adding key: http://localhost:9087 for channel [id: 0xbf5df53f, L:/127.0.0.1:52989 - R:localhost/127.0.0.1:9087]
14:49:42.972 [Forwarding clearElement on session 52981080237facb82283d54755d5706a to remote] DEBUG org.asynchttpclient.netty.request.NettyRequestSender - Using pooled Channel '[id: 0xbf5df53f, L:/127.0.0.1:52989 - R:localhost/127.0.0.1:9087]' for 'POST' to 'http://localhost:9087/session/52981080237facb82283d54755d5706a/element/64331fb0-7feb-4138-9ec6-30766b289f6a/clear'
14:49:42.972 [Forwarding clearElement on session 52981080237facb82283d54755d5706a to remote] DEBUG org.asynchttpclient.netty.request.NettyRequestSender - Using open Channel [id: 0xbf5df53f, L:/127.0.0.1:52989 - R:localhost/127.0.0.1:9087] for POST '/session/52981080237facb82283d54755d5706a/element/64331fb0-7feb-4138-9ec6-30766b289f6a/clear'
14:49:43.014 [AsyncHttpClient-1-3] DEBUG org.asynchttpclient.netty.handler.HttpHandler - 

Request DefaultHttpRequest(decodeResult: success, version: HTTP/1.1)
POST /session/52981080237facb82283d54755d5706a/element/64331fb0-7feb-4138-9ec6-30766b289f6a/clear HTTP/1.1
User-Agent: selenium/4.8.1 (java windows)
Content-Length: 50
Content-Type: application/json; charset=utf-8
host: localhost:9087
accept: */*

Response DefaultHttpResponse(decodeResult: success, version: HTTP/1.1)
HTTP/1.1 200 OK
Content-Length: 14
Content-Type: application/json; charset=utf-8
cache-control: no-cache

14:49:43.014 [AsyncHttpClient-1-3] DEBUG org.asynchttpclient.netty.channel.ChannelManager - Adding key: http://localhost:9087 for channel [id: 0xbf5df53f, L:/127.0.0.1:52989 - R:localhost/127.0.0.1:9087]
14:49:43.016 [Forwarding sendKeysToElement on session 52981080237facb82283d54755d5706a to remote] DEBUG org.asynchttpclient.netty.request.NettyRequestSender - Using pooled Channel '[id: 0xbf5df53f, L:/127.0.0.1:52989 - R:localhost/127.0.0.1:9087]' for 'POST' to 'http://localhost:9087/session/52981080237facb82283d54755d5706a/element/64331fb0-7feb-4138-9ec6-30766b289f6a/value'
14:49:43.016 [Forwarding sendKeysToElement on session 52981080237facb82283d54755d5706a to remote] DEBUG org.asynchttpclient.netty.request.NettyRequestSender - Using open Channel [id: 0xbf5df53f, L:/127.0.0.1:52989 - R:localhost/127.0.0.1:9087] for POST '/session/52981080237facb82283d54755d5706a/element/64331fb0-7feb-4138-9ec6-30766b289f6a/value'
14:49:43.219 [AsyncHttpClient-1-3] DEBUG org.asynchttpclient.netty.handler.HttpHandler - 

Request DefaultHttpRequest(decodeResult: success, version: HTTP/1.1)
POST /session/52981080237facb82283d54755d5706a/element/64331fb0-7feb-4138-9ec6-30766b289f6a/value HTTP/1.1
User-Agent: selenium/4.8.1 (java windows)
Content-Length: 271
Content-Type: application/json; charset=utf-8
host: localhost:9087
accept: */*

Response DefaultHttpResponse(decodeResult: success, version: HTTP/1.1)
HTTP/1.1 200 OK
Content-Length: 14
Content-Type: application/json; charset=utf-8
cache-control: no-cache

14:49:43.220 [AsyncHttpClient-1-3] DEBUG org.asynchttpclient.netty.channel.ChannelManager - Adding key: http://localhost:9087 for channel [id: 0xbf5df53f, L:/127.0.0.1:52989 - R:localhost/127.0.0.1:9087]
  &amp#27;[32mWhen &amp#27;[0m&amp#27;[32muser input valid complete name&amp#27;[0m                       &amp#27;[90m# starter.stepdefinitions.RegisterSteps.userInputValidCompleteName()&amp#27;[0m
14:49:43.238 [Forwarding findElement on session 52981080237facb82283d54755d5706a to remote] DEBUG org.asynchttpclient.netty.request.NettyRequestSender - Using pooled Channel '[id: 0xbf5df53f, L:/127.0.0.1:52989 - R:localhost/127.0.0.1:9087]' for 'POST' to 'http://localhost:9087/session/52981080237facb82283d54755d5706a/element'
14:49:43.238 [Forwarding findElement on session 52981080237facb82283d54755d5706a to remote] DEBUG org.asynchttpclient.netty.request.NettyRequestSender - Using open Channel [id: 0xbf5df53f, L:/127.0.0.1:52989 - R:localhost/127.0.0.1:9087] for POST '/session/52981080237facb82283d54755d5706a/element'
14:49:43.264 [AsyncHttpClient-1-3] DEBUG org.asynchttpclient.netty.handler.HttpHandler - 

Request DefaultHttpRequest(decodeResult: success, version: HTTP/1.1)
POST /session/52981080237facb82283d54755d5706a/element HTTP/1.1
User-Agent: selenium/4.8.1 (java windows)
Content-Length: 55
Content-Type: application/json; charset=utf-8
host: localhost:9087
accept: */*

Response DefaultHttpResponse(decodeResult: success, version: HTTP/1.1)
HTTP/1.1 200 OK
Content-Length: 88
Content-Type: application/json; charset=utf-8
cache-control: no-cache

14:49:43.265 [AsyncHttpClient-1-3] DEBUG org.asynchttpclient.netty.channel.ChannelManager - Adding key: http://localhost:9087 for channel [id: 0xbf5df53f, L:/127.0.0.1:52989 - R:localhost/127.0.0.1:9087]
14:49:43.267 [Forwarding clearElement on session 52981080237facb82283d54755d5706a to remote] DEBUG org.asynchttpclient.netty.request.NettyRequestSender - Using pooled Channel '[id: 0xbf5df53f, L:/127.0.0.1:52989 - R:localhost/127.0.0.1:9087]' for 'POST' to 'http://localhost:9087/session/52981080237facb82283d54755d5706a/element/4cf1828c-d156-4d29-abb6-9ba02fed7089/clear'
14:49:43.267 [Forwarding clearElement on session 52981080237facb82283d54755d5706a to remote] DEBUG org.asynchttpclient.netty.request.NettyRequestSender - Using open Channel [id: 0xbf5df53f, L:/127.0.0.1:52989 - R:localhost/127.0.0.1:9087] for POST '/session/52981080237facb82283d54755d5706a/element/4cf1828c-d156-4d29-abb6-9ba02fed7089/clear'
14:49:43.327 [AsyncHttpClient-1-3] DEBUG org.asynchttpclient.netty.handler.HttpHandler - 

Request DefaultHttpRequest(decodeResult: success, version: HTTP/1.1)
POST /session/52981080237facb82283d54755d5706a/element/4cf1828c-d156-4d29-abb6-9ba02fed7089/clear HTTP/1.1
User-Agent: selenium/4.8.1 (java windows)
Content-Length: 50
Content-Type: application/json; charset=utf-8
host: localhost:9087
accept: */*

Response DefaultHttpResponse(decodeResult: success, version: HTTP/1.1)
HTTP/1.1 200 OK
Content-Length: 14
Content-Type: application/json; charset=utf-8
cache-control: no-cache

14:49:43.327 [AsyncHttpClient-1-3] DEBUG org.asynchttpclient.netty.channel.ChannelManager - Adding key: http://localhost:9087 for channel [id: 0xbf5df53f, L:/127.0.0.1:52989 - R:localhost/127.0.0.1:9087]
14:49:43.330 [Forwarding sendKeysToElement on session 52981080237facb82283d54755d5706a to remote] DEBUG org.asynchttpclient.netty.request.NettyRequestSender - Using pooled Channel '[id: 0xbf5df53f, L:/127.0.0.1:52989 - R:localhost/127.0.0.1:9087]' for 'POST' to 'http://localhost:9087/session/52981080237facb82283d54755d5706a/element/4cf1828c-d156-4d29-abb6-9ba02fed7089/value'
14:49:43.330 [Forwarding sendKeysToElement on session 52981080237facb82283d54755d5706a to remote] DEBUG org.asynchttpclient.netty.request.NettyRequestSender - Using open Channel [id: 0xbf5df53f, L:/127.0.0.1:52989 - R:localhost/127.0.0.1:9087] for POST '/session/52981080237facb82283d54755d5706a/element/4cf1828c-d156-4d29-abb6-9ba02fed7089/value'
14:49:43.383 [AsyncHttpClient-1-3] DEBUG org.asynchttpclient.netty.handler.HttpHandler - 

Request DefaultHttpRequest(decodeResult: success, version: HTTP/1.1)
POST /session/52981080237facb82283d54755d5706a/element/4cf1828c-d156-4d29-abb6-9ba02fed7089/value HTTP/1.1
User-Agent: selenium/4.8.1 (java windows)
Content-Length: 82
Content-Type: application/json; charset=utf-8
host: localhost:9087
accept: */*

Response DefaultHttpResponse(decodeResult: success, version: HTTP/1.1)
HTTP/1.1 200 OK
Content-Length: 14
Content-Type: application/json; charset=utf-8
cache-control: no-cache

14:49:43.383 [AsyncHttpClient-1-3] DEBUG org.asynchttpclient.netty.channel.ChannelManager - Adding key: http://localhost:9087 for channel [id: 0xbf5df53f, L:/127.0.0.1:52989 - R:localhost/127.0.0.1:9087]
  &amp#27;[32mAnd &amp#27;[0m&amp#27;[32muser input empty email&amp#27;[0m                                &amp#27;[90m# starter.stepdefinitions.RegisterSteps.userInputEmptyEmail()&amp#27;[0m
14:49:43.400 [Forwarding findElement on session 52981080237facb82283d54755d5706a to remote] DEBUG org.asynchttpclient.netty.request.NettyRequestSender - Using pooled Channel '[id: 0xbf5df53f, L:/127.0.0.1:52989 - R:localhost/127.0.0.1:9087]' for 'POST' to 'http://localhost:9087/session/52981080237facb82283d54755d5706a/element'
14:49:43.400 [Forwarding findElement on session 52981080237facb82283d54755d5706a to remote] DEBUG org.asynchttpclient.netty.request.NettyRequestSender - Using open Channel [id: 0xbf5df53f, L:/127.0.0.1:52989 - R:localhost/127.0.0.1:9087] for POST '/session/52981080237facb82283d54755d5706a/element'
14:49:43.416 [AsyncHttpClient-1-3] DEBUG org.asynchttpclient.netty.handler.HttpHandler - 

Request DefaultHttpRequest(decodeResult: success, version: HTTP/1.1)
POST /session/52981080237facb82283d54755d5706a/element HTTP/1.1
User-Agent: selenium/4.8.1 (java windows)
Content-Length: 55
Content-Type: application/json; charset=utf-8
host: localhost:9087
accept: */*

Response DefaultHttpResponse(decodeResult: success, version: HTTP/1.1)
HTTP/1.1 200 OK
Content-Length: 88
Content-Type: application/json; charset=utf-8
cache-control: no-cache

14:49:43.416 [AsyncHttpClient-1-3] DEBUG org.asynchttpclient.netty.channel.ChannelManager - Adding key: http://localhost:9087 for channel [id: 0xbf5df53f, L:/127.0.0.1:52989 - R:localhost/127.0.0.1:9087]
14:49:43.418 [Forwarding clearElement on session 52981080237facb82283d54755d5706a to remote] DEBUG org.asynchttpclient.netty.request.NettyRequestSender - Using pooled Channel '[id: 0xbf5df53f, L:/127.0.0.1:52989 - R:localhost/127.0.0.1:9087]' for 'POST' to 'http://localhost:9087/session/52981080237facb82283d54755d5706a/element/789cb3a9-5865-42f4-8289-c04cbd6966a7/clear'
14:49:43.418 [Forwarding clearElement on session 52981080237facb82283d54755d5706a to remote] DEBUG org.asynchttpclient.netty.request.NettyRequestSender - Using open Channel [id: 0xbf5df53f, L:/127.0.0.1:52989 - R:localhost/127.0.0.1:9087] for POST '/session/52981080237facb82283d54755d5706a/element/789cb3a9-5865-42f4-8289-c04cbd6966a7/clear'
14:49:43.431 [AsyncHttpClient-1-1] DEBUG org.asynchttpclient.netty.channel.DefaultChannelPool - Entry count for : http://localhost:52991 : 1
14:49:43.459 [AsyncHttpClient-1-3] DEBUG org.asynchttpclient.netty.handler.HttpHandler - 

Request DefaultHttpRequest(decodeResult: success, version: HTTP/1.1)
POST /session/52981080237facb82283d54755d5706a/element/789cb3a9-5865-42f4-8289-c04cbd6966a7/clear HTTP/1.1
User-Agent: selenium/4.8.1 (java windows)
Content-Length: 50
Content-Type: application/json; charset=utf-8
host: localhost:9087
accept: */*

Response DefaultHttpResponse(decodeResult: success, version: HTTP/1.1)
HTTP/1.1 200 OK
Content-Length: 14
Content-Type: application/json; charset=utf-8
cache-control: no-cache

14:49:43.459 [AsyncHttpClient-1-3] DEBUG org.asynchttpclient.netty.channel.ChannelManager - Adding key: http://localhost:9087 for channel [id: 0xbf5df53f, L:/127.0.0.1:52989 - R:localhost/127.0.0.1:9087]
14:49:43.461 [Forwarding sendKeysToElement on session 52981080237facb82283d54755d5706a to remote] DEBUG org.asynchttpclient.netty.request.NettyRequestSender - Using pooled Channel '[id: 0xbf5df53f, L:/127.0.0.1:52989 - R:localhost/127.0.0.1:9087]' for 'POST' to 'http://localhost:9087/session/52981080237facb82283d54755d5706a/element/789cb3a9-5865-42f4-8289-c04cbd6966a7/value'
14:49:43.461 [Forwarding sendKeysToElement on session 52981080237facb82283d54755d5706a to remote] DEBUG org.asynchttpclient.netty.request.NettyRequestSender - Using open Channel [id: 0xbf5df53f, L:/127.0.0.1:52989 - R:localhost/127.0.0.1:9087] for POST '/session/52981080237facb82283d54755d5706a/element/789cb3a9-5865-42f4-8289-c04cbd6966a7/value'
14:49:43.574 [AsyncHttpClient-1-3] DEBUG org.asynchttpclient.netty.handler.HttpHandler - 

Request DefaultHttpRequest(decodeResult: success, version: HTTP/1.1)
POST /session/52981080237facb82283d54755d5706a/element/789cb3a9-5865-42f4-8289-c04cbd6966a7/value HTTP/1.1
User-Agent: selenium/4.8.1 (java windows)
Content-Length: 141
Content-Type: application/json; charset=utf-8
host: localhost:9087
accept: */*

Response DefaultHttpResponse(decodeResult: success, version: HTTP/1.1)
HTTP/1.1 200 OK
Content-Length: 14
Content-Type: application/json; charset=utf-8
cache-control: no-cache

14:49:43.574 [AsyncHttpClient-1-3] DEBUG org.asynchttpclient.netty.channel.ChannelManager - Adding key: http://localhost:9087 for channel [id: 0xbf5df53f, L:/127.0.0.1:52989 - R:localhost/127.0.0.1:9087]
  &amp#27;[32mAnd &amp#27;[0m&amp#27;[32muser input valid password&amp#27;[0m                             &amp#27;[90m# starter.stepdefinitions.RegisterSteps.userInputValidPassword()&amp#27;[0m
14:49:43.599 [Forwarding findElement on session 52981080237facb82283d54755d5706a to remote] DEBUG org.asynchttpclient.netty.request.NettyRequestSender - Using pooled Channel '[id: 0xbf5df53f, L:/127.0.0.1:52989 - R:localhost/127.0.0.1:9087]' for 'POST' to 'http://localhost:9087/session/52981080237facb82283d54755d5706a/element'
14:49:43.599 [Forwarding findElement on session 52981080237facb82283d54755d5706a to remote] DEBUG org.asynchttpclient.netty.request.NettyRequestSender - Using open Channel [id: 0xbf5df53f, L:/127.0.0.1:52989 - R:localhost/127.0.0.1:9087] for POST '/session/52981080237facb82283d54755d5706a/element'
14:49:43.623 [AsyncHttpClient-1-3] DEBUG org.asynchttpclient.netty.handler.HttpHandler - 

Request DefaultHttpRequest(decodeResult: success, version: HTTP/1.1)
POST /session/52981080237facb82283d54755d5706a/element HTTP/1.1
User-Agent: selenium/4.8.1 (java windows)
Content-Length: 72
Content-Type: application/json; charset=utf-8
host: localhost:9087
accept: */*

Response DefaultHttpResponse(decodeResult: success, version: HTTP/1.1)
HTTP/1.1 200 OK
Content-Length: 88
Content-Type: application/json; charset=utf-8
cache-control: no-cache

14:49:43.624 [AsyncHttpClient-1-3] DEBUG org.asynchttpclient.netty.channel.ChannelManager - Adding key: http://localhost:9087 for channel [id: 0xbf5df53f, L:/127.0.0.1:52989 - R:localhost/127.0.0.1:9087]
14:49:43.627 [Forwarding getElementTagName on session 52981080237facb82283d54755d5706a to remote] DEBUG org.asynchttpclient.netty.request.NettyRequestSender - Using pooled Channel '[id: 0xbf5df53f, L:/127.0.0.1:52989 - R:localhost/127.0.0.1:9087]' for 'GET' to 'http://localhost:9087/session/52981080237facb82283d54755d5706a/element/49821383-57d0-45b9-8973-9d28f28347bf/name'
14:49:43.627 [Forwarding getElementTagName on session 52981080237facb82283d54755d5706a to remote] DEBUG org.asynchttpclient.netty.request.NettyRequestSender - Using open Channel [id: 0xbf5df53f, L:/127.0.0.1:52989 - R:localhost/127.0.0.1:9087] for GET '/session/52981080237facb82283d54755d5706a/element/49821383-57d0-45b9-8973-9d28f28347bf/name'
14:49:43.639 [AsyncHttpClient-1-3] DEBUG org.asynchttpclient.netty.handler.HttpHandler - 

Request DefaultFullHttpRequest(decodeResult: success, version: HTTP/1.1, content: EmptyByteBufBE)
GET /session/52981080237facb82283d54755d5706a/element/49821383-57d0-45b9-8973-9d28f28347bf/name HTTP/1.1
User-Agent: selenium/4.8.1 (java windows)
Cache-Control: no-cache
Content-Type: application/json; charset=utf-8
host: localhost:9087
accept: */*

Response DefaultHttpResponse(decodeResult: success, version: HTTP/1.1)
HTTP/1.1 200 OK
Content-Length: 16
Content-Type: application/json; charset=utf-8
cache-control: no-cache

14:49:43.640 [AsyncHttpClient-1-3] DEBUG org.asynchttpclient.netty.channel.ChannelManager - Adding key: http://localhost:9087 for channel [id: 0xbf5df53f, L:/127.0.0.1:52989 - R:localhost/127.0.0.1:9087]
14:49:43.644 [Forwarding getElementTagName on session 52981080237facb82283d54755d5706a to remote] DEBUG org.asynchttpclient.netty.request.NettyRequestSender - Using pooled Channel '[id: 0xbf5df53f, L:/127.0.0.1:52989 - R:localhost/127.0.0.1:9087]' for 'GET' to 'http://localhost:9087/session/52981080237facb82283d54755d5706a/element/49821383-57d0-45b9-8973-9d28f28347bf/name'
14:49:43.644 [Forwarding getElementTagName on session 52981080237facb82283d54755d5706a to remote] DEBUG org.asynchttpclient.netty.request.NettyRequestSender - Using open Channel [id: 0xbf5df53f, L:/127.0.0.1:52989 - R:localhost/127.0.0.1:9087] for GET '/session/52981080237facb82283d54755d5706a/element/49821383-57d0-45b9-8973-9d28f28347bf/name'
14:49:43.654 [AsyncHttpClient-1-3] DEBUG org.asynchttpclient.netty.handler.HttpHandler - 

Request DefaultFullHttpRequest(decodeResult: success, version: HTTP/1.1, content: EmptyByteBufBE)
GET /session/52981080237facb82283d54755d5706a/element/49821383-57d0-45b9-8973-9d28f28347bf/name HTTP/1.1
User-Agent: selenium/4.8.1 (java windows)
Cache-Control: no-cache
Content-Type: application/json; charset=utf-8
host: localhost:9087
accept: */*

Response DefaultHttpResponse(decodeResult: success, version: HTTP/1.1)
HTTP/1.1 200 OK
Content-Length: 16
Content-Type: application/json; charset=utf-8
cache-control: no-cache

14:49:43.655 [AsyncHttpClient-1-3] DEBUG org.asynchttpclient.netty.channel.ChannelManager - Adding key: http://localhost:9087 for channel [id: 0xbf5df53f, L:/127.0.0.1:52989 - R:localhost/127.0.0.1:9087]
14:49:43.657 [Forwarding findElement on session 52981080237facb82283d54755d5706a to remote] DEBUG org.asynchttpclient.netty.request.NettyRequestSender - Using pooled Channel '[id: 0xbf5df53f, L:/127.0.0.1:52989 - R:localhost/127.0.0.1:9087]' for 'POST' to 'http://localhost:9087/session/52981080237facb82283d54755d5706a/element'
14:49:43.657 [Forwarding findElement on session 52981080237facb82283d54755d5706a to remote] DEBUG org.asynchttpclient.netty.request.NettyRequestSender - Using open Channel [id: 0xbf5df53f, L:/127.0.0.1:52989 - R:localhost/127.0.0.1:9087] for POST '/session/52981080237facb82283d54755d5706a/element'
14:49:43.669 [AsyncHttpClient-1-3] DEBUG org.asynchttpclient.netty.handler.HttpHandler - 

Request DefaultHttpRequest(decodeResult: success, version: HTTP/1.1)
POST /session/52981080237facb82283d54755d5706a/element HTTP/1.1
User-Agent: selenium/4.8.1 (java windows)
Content-Length: 72
Content-Type: application/json; charset=utf-8
host: localhost:9087
accept: */*

Response DefaultHttpResponse(decodeResult: success, version: HTTP/1.1)
HTTP/1.1 200 OK
Content-Length: 88
Content-Type: application/json; charset=utf-8
cache-control: no-cache

14:49:43.669 [AsyncHttpClient-1-3] DEBUG org.asynchttpclient.netty.channel.ChannelManager - Adding key: http://localhost:9087 for channel [id: 0xbf5df53f, L:/127.0.0.1:52989 - R:localhost/127.0.0.1:9087]
14:49:43.675 [Forwarding clickElement on session 52981080237facb82283d54755d5706a to remote] DEBUG org.asynchttpclient.netty.request.NettyRequestSender - Using pooled Channel '[id: 0xbf5df53f, L:/127.0.0.1:52989 - R:localhost/127.0.0.1:9087]' for 'POST' to 'http://localhost:9087/session/52981080237facb82283d54755d5706a/element/49821383-57d0-45b9-8973-9d28f28347bf/click'
14:49:43.675 [Forwarding clickElement on session 52981080237facb82283d54755d5706a to remote] DEBUG org.asynchttpclient.netty.request.NettyRequestSender - Using open Channel [id: 0xbf5df53f, L:/127.0.0.1:52989 - R:localhost/127.0.0.1:9087] for POST '/session/52981080237facb82283d54755d5706a/element/49821383-57d0-45b9-8973-9d28f28347bf/click'
14:49:43.890 [AsyncHttpClient-1-3] DEBUG org.asynchttpclient.netty.handler.HttpHandler - 

Request DefaultHttpRequest(decodeResult: success, version: HTTP/1.1)
POST /session/52981080237facb82283d54755d5706a/element/49821383-57d0-45b9-8973-9d28f28347bf/click HTTP/1.1
User-Agent: selenium/4.8.1 (java windows)
Content-Length: 50
Content-Type: application/json; charset=utf-8
host: localhost:9087
accept: */*

Response DefaultHttpResponse(decodeResult: success, version: HTTP/1.1)
HTTP/1.1 200 OK
Content-Length: 14
Content-Type: application/json; charset=utf-8
cache-control: no-cache

14:49:43.890 [AsyncHttpClient-1-3] DEBUG org.asynchttpclient.netty.channel.ChannelManager - Adding key: http://localhost:9087 for channel [id: 0xbf5df53f, L:/127.0.0.1:52989 - R:localhost/127.0.0.1:9087]
  &amp#27;[32mAnd &amp#27;[0m&amp#27;[32muser click login button&amp#27;[0m                               &amp#27;[90m# starter.stepdefinitions.RegisterSteps.userClickLoginButton()&amp#27;[0m
14:49:43.909 [Forwarding findElement on session 52981080237facb82283d54755d5706a to remote] DEBUG org.asynchttpclient.netty.request.NettyRequestSender - Using pooled Channel '[id: 0xbf5df53f, L:/127.0.0.1:52989 - R:localhost/127.0.0.1:9087]' for 'POST' to 'http://localhost:9087/session/52981080237facb82283d54755d5706a/element'
14:49:43.909 [Forwarding findElement on session 52981080237facb82283d54755d5706a to remote] DEBUG org.asynchttpclient.netty.request.NettyRequestSender - Using open Channel [id: 0xbf5df53f, L:/127.0.0.1:52989 - R:localhost/127.0.0.1:9087] for POST '/session/52981080237facb82283d54755d5706a/element'
14:49:44.137 [AsyncHttpClient-1-3] DEBUG org.asynchttpclient.netty.handler.HttpHandler - 

Request DefaultHttpRequest(decodeResult: success, version: HTTP/1.1)
POST /session/52981080237facb82283d54755d5706a/element HTTP/1.1
User-Agent: selenium/4.8.1 (java windows)
Content-Length: 79
Content-Type: application/json; charset=utf-8
host: localhost:9087
accept: */*

Response DefaultHttpResponse(decodeResult: success, version: HTTP/1.1)
HTTP/1.1 200 OK
Content-Length: 88
Content-Type: application/json; charset=utf-8
cache-control: no-cache

14:49:44.138 [AsyncHttpClient-1-3] DEBUG org.asynchttpclient.netty.channel.ChannelManager - Adding key: http://localhost:9087 for channel [id: 0xbf5df53f, L:/127.0.0.1:52989 - R:localhost/127.0.0.1:9087]
14:49:44.143 [Forwarding isElementDisplayed on session 52981080237facb82283d54755d5706a to remote] DEBUG org.asynchttpclient.netty.request.NettyRequestSender - Using pooled Channel '[id: 0xbf5df53f, L:/127.0.0.1:52989 - R:localhost/127.0.0.1:9087]' for 'POST' to 'http://localhost:9087/session/52981080237facb82283d54755d5706a/execute/sync'
14:49:44.143 [Forwarding isElementDisplayed on session 52981080237facb82283d54755d5706a to remote] DEBUG org.asynchttpclient.netty.request.NettyRequestSender - Using open Channel [id: 0xbf5df53f, L:/127.0.0.1:52989 - R:localhost/127.0.0.1:9087] for POST '/session/52981080237facb82283d54755d5706a/execute/sync'
14:49:44.158 [AsyncHttpClient-1-3] DEBUG org.asynchttpclient.netty.handler.HttpHandler - 

Request DefaultHttpRequest(decodeResult: success, version: HTTP/1.1)
POST /session/52981080237facb82283d54755d5706a/execute/sync HTTP/1.1
User-Agent: selenium/4.8.1 (java windows)
Content-Length: 48807
Content-Type: application/json; charset=utf-8
host: localhost:9087
accept: */*

Response DefaultHttpResponse(decodeResult: success, version: HTTP/1.1)
HTTP/1.1 200 OK
Content-Length: 14
Content-Type: application/json; charset=utf-8
cache-control: no-cache

14:49:44.158 [AsyncHttpClient-1-3] DEBUG org.asynchttpclient.netty.channel.ChannelManager - Adding key: http://localhost:9087 for channel [id: 0xbf5df53f, L:/127.0.0.1:52989 - R:localhost/127.0.0.1:9087]
14:49:44.162 [Forwarding isElementDisplayed on session 52981080237facb82283d54755d5706a to remote] DEBUG org.asynchttpclient.netty.request.NettyRequestSender - Using pooled Channel '[id: 0xbf5df53f, L:/127.0.0.1:52989 - R:localhost/127.0.0.1:9087]' for 'POST' to 'http://localhost:9087/session/52981080237facb82283d54755d5706a/execute/sync'
14:49:44.163 [Forwarding isElementDisplayed on session 52981080237facb82283d54755d5706a to remote] DEBUG org.asynchttpclient.netty.request.NettyRequestSender - Using open Channel [id: 0xbf5df53f, L:/127.0.0.1:52989 - R:localhost/127.0.0.1:9087] for POST '/session/52981080237facb82283d54755d5706a/execute/sync'
14:49:44.172 [AsyncHttpClient-1-3] DEBUG org.asynchttpclient.netty.handler.HttpHandler - 

Request DefaultHttpRequest(decodeResult: success, version: HTTP/1.1)
POST /session/52981080237facb82283d54755d5706a/execute/sync HTTP/1.1
User-Agent: selenium/4.8.1 (java windows)
Content-Length: 48807
Content-Type: application/json; charset=utf-8
host: localhost:9087
accept: */*

Response DefaultHttpResponse(decodeResult: success, version: HTTP/1.1)
HTTP/1.1 200 OK
Content-Length: 14
Content-Type: application/json; charset=utf-8
cache-control: no-cache

14:49:44.172 [AsyncHttpClient-1-3] DEBUG org.asynchttpclient.netty.channel.ChannelManager - Adding key: http://localhost:9087 for channel [id: 0xbf5df53f, L:/127.0.0.1:52989 - R:localhost/127.0.0.1:9087]
  &amp#27;[32mThen &amp#27;[0m&amp#27;[32muser see error message&amp#27;[0m                               &amp#27;[90m# starter.stepdefinitions.RegisterSteps.userSeeErrorMessage()&amp#27;[0m
14:49:44.177 [main] INFO  - 
  _____   ___   ___   _____     ___     _     ___   ___   ___   ___  
 |_   _| | __| / __| |_   _|   | _ \   /_\   / __| / __| | __| |   \ 
   | |   | _|  \__ \   | |     |  _/  / _ \  \__ \ \__ \ | _|  | |) |
   |_|   |___| |___/   |_|     |_|   /_/ \_\ |___/ |___/ |___| |___/ 

as user i want to register with empty email value
----------------------------------------------------------------------
14:49:44.178 [AsyncHttpClient-1-5] DEBUG org.asynchttpclient.netty.handler.WebSocketHandler - Channel Closed: [id: 0x7514eb52, L:/127.0.0.1:52997 ! R:localhost/127.0.0.1:52991] with attribute NettyResponseFuture{currentRetry=0,
	isDone=1,
	isCancelled=0,
	asyncHandler=org.asynchttpclient.ws.WebSocketUpgradeHandler@55df74e9,
	nettyRequest=org.asynchttpclient.netty.request.NettyRequest@ce4d505,
	future=java.util.concurrent.CompletableFuture@7ab70a0e[Completed normally],
	uri=ws://localhost:52991/devtools/browser/725a235a-bb7f-417c-9af1-81e47c22c0de,
	keepAlive=true,
	redirectCount=0,
	timeoutsHolder=null,
	inAuth=0,
	touch=1683532182052}
14:49:44.178 [AsyncHttpClient-1-5] DEBUG org.asynchttpclient.netty.channel.ChannelManager - Closing Channel [id: 0x7514eb52, L:/127.0.0.1:52997 ! R:localhost/127.0.0.1:52991] 
14:49:44.178 [Driver Command Executor] DEBUG org.asynchttpclient.netty.request.NettyRequestSender - Using pooled Channel '[id: 0xbf5df53f, L:/127.0.0.1:52989 - R:localhost/127.0.0.1:9087]' for 'DELETE' to 'http://localhost:9087/session/52981080237facb82283d54755d5706a'
14:49:44.179 [Driver Command Executor] DEBUG org.asynchttpclient.netty.request.NettyRequestSender - Using open Channel [id: 0xbf5df53f, L:/127.0.0.1:52989 - R:localhost/127.0.0.1:9087] for DELETE '/session/52981080237facb82283d54755d5706a'
14:49:44.227 [AsyncHttpClient-1-4] DEBUG org.asynchttpclient.netty.handler.HttpHandler - Unexpected I/O exception on channel [id: 0xf1639218, L:/127.0.0.1:52996 - R:localhost/127.0.0.1:52991]
java.io.IOException: An existing connection was forcibly closed by the remote host
	at sun.nio.ch.SocketDispatcher.read0(Native Method)
	at sun.nio.ch.SocketDispatcher.read(SocketDispatcher.java:43)
	at sun.nio.ch.IOUtil.readIntoNativeBuffer(IOUtil.java:223)
	at sun.nio.ch.IOUtil.read(IOUtil.java:192)
	at sun.nio.ch.SocketChannelImpl.read(SocketChannelImpl.java:380)
	at io.netty.buffer.PooledByteBuf.setBytes(PooledByteBuf.java:259)
	at io.netty.buffer.AbstractByteBuf.writeBytes(AbstractByteBuf.java:1132)
	at io.netty.channel.socket.nio.NioSocketChannel.doReadBytes(NioSocketChannel.java:357)
	at io.netty.channel.nio.AbstractNioByteChannel$NioByteUnsafe.read(AbstractNioByteChannel.java:151)
	at io.netty.channel.nio.NioEventLoop.processSelectedKey(NioEventLoop.java:788)
	at io.netty.channel.nio.NioEventLoop.processSelectedKeysOptimized(NioEventLoop.java:724)
	at io.netty.channel.nio.NioEventLoop.processSelectedKeys(NioEventLoop.java:650)
	at io.netty.channel.nio.NioEventLoop.run(NioEventLoop.java:562)
	at io.netty.util.concurrent.SingleThreadEventExecutor$4.run(SingleThreadEventExecutor.java:997)
	at io.netty.util.internal.ThreadExecutorMap$2.run(ThreadExecutorMap.java:74)
	at io.netty.util.concurrent.FastThreadLocalRunnable.run(FastThreadLocalRunnable.java:30)
	at java.lang.Thread.run(Thread.java:748)
14:49:44.227 [AsyncHttpClient-1-4] DEBUG org.asynchttpclient.netty.channel.ChannelManager - Closing Channel [id: 0xf1639218, L:/127.0.0.1:52996 - R:localhost/127.0.0.1:52991] 
14:49:44.227 [AsyncHttpClient-1-4] DEBUG org.asynchttpclient.netty.handler.HttpHandler - Channel Closed: [id: 0xf1639218, L:/127.0.0.1:52996 ! R:localhost/127.0.0.1:52991] with attribute DISCARD
14:49:44.250 [AsyncHttpClient-1-3] DEBUG org.asynchttpclient.netty.handler.HttpHandler - 

Request DefaultFullHttpRequest(decodeResult: success, version: HTTP/1.1, content: EmptyByteBufBE)
DELETE /session/52981080237facb82283d54755d5706a HTTP/1.1
User-Agent: selenium/4.8.1 (java windows)
Content-Type: application/json; charset=utf-8
host: localhost:9087
accept: */*

Response DefaultHttpResponse(decodeResult: success, version: HTTP/1.1)
HTTP/1.1 200 OK
Content-Length: 14
Content-Type: application/json; charset=utf-8
cache-control: no-cache

14:49:44.251 [AsyncHttpClient-1-3] DEBUG org.asynchttpclient.netty.channel.ChannelManager - Adding key: http://localhost:9087 for channel [id: 0xbf5df53f, L:/127.0.0.1:52989 - R:localhost/127.0.0.1:9087]
14:49:44.317 [AsyncHttpClient-1-3] DEBUG org.asynchttpclient.netty.handler.HttpHandler - Channel Closed: [id: 0xbf5df53f, L:/127.0.0.1:52989 ! R:localhost/127.0.0.1:9087] with attribute DISCARD
14:49:44.533 [AsyncHttpClient-1-1] DEBUG org.asynchttpclient.netty.channel.DefaultChannelPool - Entry count for : http://localhost:9087 : 1
14:49:44.534 [AsyncHttpClient-1-1] DEBUG org.asynchttpclient.netty.channel.DefaultChannelPool - Entry count for : http://localhost:52991 : 1
14:49:44.534 [AsyncHttpClient-1-1] DEBUG org.asynchttpclient.netty.channel.DefaultChannelPool - Adding Candidate expired Channel [id: 0xbf5df53f, L:/127.0.0.1:52989 ! R:localhost/127.0.0.1:9087] isIdleTimeoutExpired=false isRemotelyClosed=true isTtlExpired=false
14:49:44.534 [AsyncHttpClient-1-1] DEBUG org.asynchttpclient.netty.channel.DefaultChannelPool - Closing Idle Channel [id: 0xbf5df53f, L:/127.0.0.1:52989 ! R:localhost/127.0.0.1:9087]
14:49:44.534 [AsyncHttpClient-1-1] DEBUG org.asynchttpclient.netty.channel.DefaultChannelPool - Adding Candidate expired Channel [id: 0xf1639218, L:/127.0.0.1:52996 ! R:localhost/127.0.0.1:52991] isIdleTimeoutExpired=false isRemotelyClosed=true isTtlExpired=false
14:49:44.534 [AsyncHttpClient-1-1] DEBUG org.asynchttpclient.netty.channel.DefaultChannelPool - Closing Idle Channel [id: 0xf1639218, L:/127.0.0.1:52996 ! R:localhost/127.0.0.1:52991]
14:49:44.534 [AsyncHttpClient-1-1] DEBUG org.asynchttpclient.netty.channel.DefaultChannelPool - Closed 2 connections out of 2 in 0 ms
]]></system-out>
    <system-err><![CDATA[Starting ChromeDriver 112.0.5615.49 (bd2a7bcb881c11e8cfe3078709382934e3916914-refs/branch-heads/5615@{#936}) on port 9087
Only local connections are allowed.
Please see https://chromedriver.chromium.org/security-considerations for suggestions on keeping ChromeDriver safe.
ChromeDriver was started successfully.
May 08, 2023 2:49:42 PM org.openqa.selenium.devtools.CdpVersionFinder findNearestMatch
WARNING: Unable to find an exact match for CDP version 112, so returning the closest version found: 110
]]></system-err>
  </testcase>
  <testcase name="as user i want to register with empty password value" classname="As a user i have be able to success register so that i can see login page" time="6.576">
    <system-out><![CDATA[
@TestCaseMPAAAC-11
Scenario: as user i want to register with empty password value &amp#27;[90m# src/test/resources/features/Register.feature:40&amp#27;[0m
14:49:44.840 [main] DEBUG io.cucumber.core.plugin.SerenityReporter - Running feature from file:///D:/D/QE_Alta/MiniProject/Web/Register-Web-Altashop/src/test/resources/features/Register.feature
14:49:44.843 [main] INFO  - 
  _____   ___   ___   _____     ___   _____     _     ___   _____   ___   ___  
 |_   _| | __| / __| |_   _|   / __| |_   _|   /_\   | _ \ |_   _| | __| |   \ 
   | |   | _|  \__ \   | |     \__ \   | |    / _ \  |   /   | |   | _|  | |) |
   |_|   |___| |___/   |_|     |___/   |_|   /_/ \_\ |_|_\   |_|   |___| |___/ 

as user i want to register with empty password value(as-a-user-i-have-be-able-to-success-register-so-that-i-can-see-login-page;as-user-i-want-to-register-with-empty-password-value)
--------------------------------------------------------------------------------
14:49:44.928 [main] INFO net.serenitybdd.core.webdriver.driverproviders.ChromeDriverProvider - Starting Chrome driver instance with capabilities:
14:49:44.929 [main] INFO net.serenitybdd.core.webdriver.driverproviders.ChromeDriverProvider - Capabilities {acceptInsecureCerts: true, browserName: chrome, goog:chromeOptions: {args: [remote-allow-origins=*, test-type, no-sandbox, ignore-certificate-errors, start-maximized, incognito, disable-infobars, disable-gpu, disable-default-apps, disable-popup-blocking, remote-allow-origins=*, test-type, no-sandbox, ignore-certificate-errors, start-maximized, incognito, disable-infobars, disable-gpu, disable-default-apps, disable-popup-blocking, remote-allow-origins=*], extensions: []}}
14:49:45.527 [AsyncHttpClient-1-6] DEBUG org.asynchttpclient.netty.channel.NettyConnectListener - Using new Channel '[id: 0xf9b70283, L:/127.0.0.1:53014 - R:localhost/127.0.0.1:37199]' for 'POST' to '/session'
14:49:47.048 [AsyncHttpClient-1-6] DEBUG org.asynchttpclient.netty.handler.HttpHandler - 

Request DefaultHttpRequest(decodeResult: success, version: HTTP/1.1)
POST /session HTTP/1.1
User-Agent: selenium/4.8.1 (java windows)
Content-Length: 1701
Content-Type: application/json; charset=utf-8
host: localhost:37199
accept: */*

Response DefaultHttpResponse(decodeResult: success, version: HTTP/1.1)
HTTP/1.1 200 OK
Content-Length: 859
Content-Type: application/json; charset=utf-8
cache-control: no-cache

14:49:47.049 [AsyncHttpClient-1-6] DEBUG org.asynchttpclient.netty.channel.ChannelManager - Adding key: http://localhost:37199 for channel [id: 0xf9b70283, L:/127.0.0.1:53014 - R:localhost/127.0.0.1:37199]
14:49:47.056 [AsyncHttpClient-1-7] DEBUG org.asynchttpclient.netty.channel.NettyConnectListener - Using new Channel '[id: 0x68047ca9, L:/127.0.0.1:53022 - R:localhost/127.0.0.1:53016]' for 'GET' to '/json/version'
14:49:47.057 [AsyncHttpClient-1-7] DEBUG org.asynchttpclient.netty.handler.HttpHandler - 

Request DefaultFullHttpRequest(decodeResult: success, version: HTTP/1.1, content: EmptyByteBufBE)
GET /json/version HTTP/1.1
User-Agent: selenium/4.8.1 (java windows)
host: localhost:53016
accept: */*

Response DefaultHttpResponse(decodeResult: success, version: HTTP/1.1)
HTTP/1.1 200 OK
Content-Security-Policy: frame-ancestors 'none'
Content-Length: 424
Content-Type: application/json; charset=UTF-8

14:49:47.057 [AsyncHttpClient-1-7] DEBUG org.asynchttpclient.netty.channel.ChannelManager - Adding key: http://localhost:53016 for channel [id: 0x68047ca9, L:/127.0.0.1:53022 - R:localhost/127.0.0.1:53016]
14:49:47.063 [AsyncHttpClient-1-8] DEBUG org.asynchttpclient.netty.channel.NettyConnectListener - Using new Channel '[id: 0x944bd07c, L:/127.0.0.1:53023 - R:localhost/127.0.0.1:53016]' for 'GET' to '/devtools/browser/e4930b16-4cb3-4797-b79e-4a2cf3cae90f'
14:49:47.064 [AsyncHttpClient-1-8] DEBUG org.asynchttpclient.netty.handler.WebSocketHandler - 

Request DefaultFullHttpRequest(decodeResult: success, version: HTTP/1.1, content: EmptyByteBufBE)
GET /devtools/browser/e4930b16-4cb3-4797-b79e-4a2cf3cae90f HTTP/1.1
upgrade: websocket
connection: upgrade
sec-websocket-key: zwnCivltqPh4f41QE08cRg==
sec-websocket-version: 13
origin: http://localhost:53016
host: localhost:53016
accept: */*
user-agent: AHC/2.1

Response DefaultHttpResponse(decodeResult: success, version: HTTP/1.1)
HTTP/1.1 101 WebSocket Protocol Handshake
Upgrade: WebSocket
Connection: Upgrade
Sec-WebSocket-Accept: YlX8ZM+/MyxP6VadeTl7wMPSvjo=

14:49:47.069 [Forwarding get on session 942faef18c6a9e29c1086c508214017b to remote] DEBUG org.asynchttpclient.netty.request.NettyRequestSender - Using pooled Channel '[id: 0xf9b70283, L:/127.0.0.1:53014 - R:localhost/127.0.0.1:37199]' for 'POST' to 'http://localhost:37199/session/942faef18c6a9e29c1086c508214017b/url'
14:49:47.070 [Forwarding get on session 942faef18c6a9e29c1086c508214017b to remote] DEBUG org.asynchttpclient.netty.request.NettyRequestSender - Using open Channel [id: 0xf9b70283, L:/127.0.0.1:53014 - R:localhost/127.0.0.1:37199] for POST '/session/942faef18c6a9e29c1086c508214017b/url'
14:49:47.835 [AsyncHttpClient-1-1] DEBUG org.asynchttpclient.netty.channel.DefaultChannelPool - Entry count for : http://localhost:53016 : 1
14:49:48.574 [AsyncHttpClient-1-6] DEBUG org.asynchttpclient.netty.handler.HttpHandler - 

Request DefaultHttpRequest(decodeResult: success, version: HTTP/1.1)
POST /session/942faef18c6a9e29c1086c508214017b/url HTTP/1.1
User-Agent: selenium/4.8.1 (java windows)
Content-Length: 77
Content-Type: application/json; charset=utf-8
host: localhost:37199
accept: */*

Response DefaultHttpResponse(decodeResult: success, version: HTTP/1.1)
HTTP/1.1 200 OK
Content-Length: 14
Content-Type: application/json; charset=utf-8
cache-control: no-cache

14:49:48.575 [AsyncHttpClient-1-6] DEBUG org.asynchttpclient.netty.channel.ChannelManager - Adding key: http://localhost:37199 for channel [id: 0xf9b70283, L:/127.0.0.1:53014 - R:localhost/127.0.0.1:37199]
14:49:48.577 [Forwarding setTimeout on session 942faef18c6a9e29c1086c508214017b to remote] DEBUG org.asynchttpclient.netty.request.NettyRequestSender - Using pooled Channel '[id: 0xf9b70283, L:/127.0.0.1:53014 - R:localhost/127.0.0.1:37199]' for 'POST' to 'http://localhost:37199/session/942faef18c6a9e29c1086c508214017b/timeouts'
14:49:48.577 [Forwarding setTimeout on session 942faef18c6a9e29c1086c508214017b to remote] DEBUG org.asynchttpclient.netty.request.NettyRequestSender - Using open Channel [id: 0xf9b70283, L:/127.0.0.1:53014 - R:localhost/127.0.0.1:37199] for POST '/session/942faef18c6a9e29c1086c508214017b/timeouts'
14:49:48.582 [AsyncHttpClient-1-6] DEBUG org.asynchttpclient.netty.handler.HttpHandler - 

Request DefaultHttpRequest(decodeResult: success, version: HTTP/1.1)
POST /session/942faef18c6a9e29c1086c508214017b/timeouts HTTP/1.1
User-Agent: selenium/4.8.1 (java windows)
Content-Length: 22
Content-Type: application/json; charset=utf-8
host: localhost:37199
accept: */*

Response DefaultHttpResponse(decodeResult: success, version: HTTP/1.1)
HTTP/1.1 200 OK
Content-Length: 14
Content-Type: application/json; charset=utf-8
cache-control: no-cache

14:49:48.582 [AsyncHttpClient-1-6] DEBUG org.asynchttpclient.netty.channel.ChannelManager - Adding key: http://localhost:37199 for channel [id: 0xf9b70283, L:/127.0.0.1:53014 - R:localhost/127.0.0.1:37199]
14:49:48.591 [Forwarding findElement on session 942faef18c6a9e29c1086c508214017b to remote] DEBUG org.asynchttpclient.netty.request.NettyRequestSender - Using pooled Channel '[id: 0xf9b70283, L:/127.0.0.1:53014 - R:localhost/127.0.0.1:37199]' for 'POST' to 'http://localhost:37199/session/942faef18c6a9e29c1086c508214017b/element'
14:49:48.591 [Forwarding findElement on session 942faef18c6a9e29c1086c508214017b to remote] DEBUG org.asynchttpclient.netty.request.NettyRequestSender - Using open Channel [id: 0xf9b70283, L:/127.0.0.1:53014 - R:localhost/127.0.0.1:37199] for POST '/session/942faef18c6a9e29c1086c508214017b/element'
14:49:48.647 [AsyncHttpClient-1-6] DEBUG org.asynchttpclient.netty.handler.HttpHandler - 

Request DefaultHttpRequest(decodeResult: success, version: HTTP/1.1)
POST /session/942faef18c6a9e29c1086c508214017b/element HTTP/1.1
User-Agent: selenium/4.8.1 (java windows)
Content-Length: 72
Content-Type: application/json; charset=utf-8
host: localhost:37199
accept: */*

Response DefaultHttpResponse(decodeResult: success, version: HTTP/1.1)
HTTP/1.1 200 OK
Content-Length: 88
Content-Type: application/json; charset=utf-8
cache-control: no-cache

14:49:48.647 [AsyncHttpClient-1-6] DEBUG org.asynchttpclient.netty.channel.ChannelManager - Adding key: http://localhost:37199 for channel [id: 0xf9b70283, L:/127.0.0.1:53014 - R:localhost/127.0.0.1:37199]
14:49:48.652 [Forwarding isElementDisplayed on session 942faef18c6a9e29c1086c508214017b to remote] DEBUG org.asynchttpclient.netty.request.NettyRequestSender - Using pooled Channel '[id: 0xf9b70283, L:/127.0.0.1:53014 - R:localhost/127.0.0.1:37199]' for 'POST' to 'http://localhost:37199/session/942faef18c6a9e29c1086c508214017b/execute/sync'
14:49:48.652 [Forwarding isElementDisplayed on session 942faef18c6a9e29c1086c508214017b to remote] DEBUG org.asynchttpclient.netty.request.NettyRequestSender - Using open Channel [id: 0xf9b70283, L:/127.0.0.1:53014 - R:localhost/127.0.0.1:37199] for POST '/session/942faef18c6a9e29c1086c508214017b/execute/sync'
14:49:48.677 [AsyncHttpClient-1-6] DEBUG org.asynchttpclient.netty.handler.HttpHandler - 

Request DefaultHttpRequest(decodeResult: success, version: HTTP/1.1)
POST /session/942faef18c6a9e29c1086c508214017b/execute/sync HTTP/1.1
User-Agent: selenium/4.8.1 (java windows)
Content-Length: 48807
Content-Type: application/json; charset=utf-8
host: localhost:37199
accept: */*

Response DefaultHttpResponse(decodeResult: success, version: HTTP/1.1)
HTTP/1.1 200 OK
Content-Length: 14
Content-Type: application/json; charset=utf-8
cache-control: no-cache

14:49:48.677 [AsyncHttpClient-1-6] DEBUG org.asynchttpclient.netty.channel.ChannelManager - Adding key: http://localhost:37199 for channel [id: 0xf9b70283, L:/127.0.0.1:53014 - R:localhost/127.0.0.1:37199]
14:49:48.682 [Forwarding isElementDisplayed on session 942faef18c6a9e29c1086c508214017b to remote] DEBUG org.asynchttpclient.netty.request.NettyRequestSender - Using pooled Channel '[id: 0xf9b70283, L:/127.0.0.1:53014 - R:localhost/127.0.0.1:37199]' for 'POST' to 'http://localhost:37199/session/942faef18c6a9e29c1086c508214017b/execute/sync'
14:49:48.682 [Forwarding isElementDisplayed on session 942faef18c6a9e29c1086c508214017b to remote] DEBUG org.asynchttpclient.netty.request.NettyRequestSender - Using open Channel [id: 0xf9b70283, L:/127.0.0.1:53014 - R:localhost/127.0.0.1:37199] for POST '/session/942faef18c6a9e29c1086c508214017b/execute/sync'
14:49:48.704 [AsyncHttpClient-1-6] DEBUG org.asynchttpclient.netty.handler.HttpHandler - 

Request DefaultHttpRequest(decodeResult: success, version: HTTP/1.1)
POST /session/942faef18c6a9e29c1086c508214017b/execute/sync HTTP/1.1
User-Agent: selenium/4.8.1 (java windows)
Content-Length: 48807
Content-Type: application/json; charset=utf-8
host: localhost:37199
accept: */*

Response DefaultHttpResponse(decodeResult: success, version: HTTP/1.1)
HTTP/1.1 200 OK
Content-Length: 14
Content-Type: application/json; charset=utf-8
cache-control: no-cache

14:49:48.704 [AsyncHttpClient-1-6] DEBUG org.asynchttpclient.netty.channel.ChannelManager - Adding key: http://localhost:37199 for channel [id: 0xf9b70283, L:/127.0.0.1:53014 - R:localhost/127.0.0.1:37199]
  &amp#27;[32mGiven &amp#27;[0m&amp#27;[32muser on register page&amp#27;[0m                                  &amp#27;[90m# starter.stepdefinitions.RegisterSteps.userOnRegisterPage()&amp#27;[0m
14:49:48.718 [Forwarding findElement on session 942faef18c6a9e29c1086c508214017b to remote] DEBUG org.asynchttpclient.netty.request.NettyRequestSender - Using pooled Channel '[id: 0xf9b70283, L:/127.0.0.1:53014 - R:localhost/127.0.0.1:37199]' for 'POST' to 'http://localhost:37199/session/942faef18c6a9e29c1086c508214017b/element'
14:49:48.718 [Forwarding findElement on session 942faef18c6a9e29c1086c508214017b to remote] DEBUG org.asynchttpclient.netty.request.NettyRequestSender - Using open Channel [id: 0xf9b70283, L:/127.0.0.1:53014 - R:localhost/127.0.0.1:37199] for POST '/session/942faef18c6a9e29c1086c508214017b/element'
14:49:48.770 [AsyncHttpClient-1-6] DEBUG org.asynchttpclient.netty.handler.HttpHandler - 

Request DefaultHttpRequest(decodeResult: success, version: HTTP/1.1)
POST /session/942faef18c6a9e29c1086c508214017b/element HTTP/1.1
User-Agent: selenium/4.8.1 (java windows)
Content-Length: 55
Content-Type: application/json; charset=utf-8
host: localhost:37199
accept: */*

Response DefaultHttpResponse(decodeResult: success, version: HTTP/1.1)
HTTP/1.1 200 OK
Content-Length: 88
Content-Type: application/json; charset=utf-8
cache-control: no-cache

14:49:48.771 [AsyncHttpClient-1-6] DEBUG org.asynchttpclient.netty.channel.ChannelManager - Adding key: http://localhost:37199 for channel [id: 0xf9b70283, L:/127.0.0.1:53014 - R:localhost/127.0.0.1:37199]
14:49:48.772 [Forwarding clearElement on session 942faef18c6a9e29c1086c508214017b to remote] DEBUG org.asynchttpclient.netty.request.NettyRequestSender - Using pooled Channel '[id: 0xf9b70283, L:/127.0.0.1:53014 - R:localhost/127.0.0.1:37199]' for 'POST' to 'http://localhost:37199/session/942faef18c6a9e29c1086c508214017b/element/f29f8c7b-5a2a-4a9a-b796-c9aed69c52d3/clear'
14:49:48.773 [Forwarding clearElement on session 942faef18c6a9e29c1086c508214017b to remote] DEBUG org.asynchttpclient.netty.request.NettyRequestSender - Using open Channel [id: 0xf9b70283, L:/127.0.0.1:53014 - R:localhost/127.0.0.1:37199] for POST '/session/942faef18c6a9e29c1086c508214017b/element/f29f8c7b-5a2a-4a9a-b796-c9aed69c52d3/clear'
14:49:48.833 [AsyncHttpClient-1-6] DEBUG org.asynchttpclient.netty.handler.HttpHandler - 

Request DefaultHttpRequest(decodeResult: success, version: HTTP/1.1)
POST /session/942faef18c6a9e29c1086c508214017b/element/f29f8c7b-5a2a-4a9a-b796-c9aed69c52d3/clear HTTP/1.1
User-Agent: selenium/4.8.1 (java windows)
Content-Length: 50
Content-Type: application/json; charset=utf-8
host: localhost:37199
accept: */*

Response DefaultHttpResponse(decodeResult: success, version: HTTP/1.1)
HTTP/1.1 200 OK
Content-Length: 14
Content-Type: application/json; charset=utf-8
cache-control: no-cache

14:49:48.833 [AsyncHttpClient-1-6] DEBUG org.asynchttpclient.netty.channel.ChannelManager - Adding key: http://localhost:37199 for channel [id: 0xf9b70283, L:/127.0.0.1:53014 - R:localhost/127.0.0.1:37199]
14:49:48.836 [Forwarding sendKeysToElement on session 942faef18c6a9e29c1086c508214017b to remote] DEBUG org.asynchttpclient.netty.request.NettyRequestSender - Using pooled Channel '[id: 0xf9b70283, L:/127.0.0.1:53014 - R:localhost/127.0.0.1:37199]' for 'POST' to 'http://localhost:37199/session/942faef18c6a9e29c1086c508214017b/element/f29f8c7b-5a2a-4a9a-b796-c9aed69c52d3/value'
14:49:48.836 [Forwarding sendKeysToElement on session 942faef18c6a9e29c1086c508214017b to remote] DEBUG org.asynchttpclient.netty.request.NettyRequestSender - Using open Channel [id: 0xf9b70283, L:/127.0.0.1:53014 - R:localhost/127.0.0.1:37199] for POST '/session/942faef18c6a9e29c1086c508214017b/element/f29f8c7b-5a2a-4a9a-b796-c9aed69c52d3/value'
14:49:48.931 [AsyncHttpClient-1-1] DEBUG org.asynchttpclient.netty.channel.DefaultChannelPool - Entry count for : http://localhost:53016 : 1
14:49:49.086 [AsyncHttpClient-1-6] DEBUG org.asynchttpclient.netty.handler.HttpHandler - 

Request DefaultHttpRequest(decodeResult: success, version: HTTP/1.1)
POST /session/942faef18c6a9e29c1086c508214017b/element/f29f8c7b-5a2a-4a9a-b796-c9aed69c52d3/value HTTP/1.1
User-Agent: selenium/4.8.1 (java windows)
Content-Length: 271
Content-Type: application/json; charset=utf-8
host: localhost:37199
accept: */*

Response DefaultHttpResponse(decodeResult: success, version: HTTP/1.1)
HTTP/1.1 200 OK
Content-Length: 14
Content-Type: application/json; charset=utf-8
cache-control: no-cache

14:49:49.086 [AsyncHttpClient-1-6] DEBUG org.asynchttpclient.netty.channel.ChannelManager - Adding key: http://localhost:37199 for channel [id: 0xf9b70283, L:/127.0.0.1:53014 - R:localhost/127.0.0.1:37199]
  &amp#27;[32mWhen &amp#27;[0m&amp#27;[32muser input valid complete name&amp#27;[0m                          &amp#27;[90m# starter.stepdefinitions.RegisterSteps.userInputValidCompleteName()&amp#27;[0m
14:49:49.107 [Forwarding findElement on session 942faef18c6a9e29c1086c508214017b to remote] DEBUG org.asynchttpclient.netty.request.NettyRequestSender - Using pooled Channel '[id: 0xf9b70283, L:/127.0.0.1:53014 - R:localhost/127.0.0.1:37199]' for 'POST' to 'http://localhost:37199/session/942faef18c6a9e29c1086c508214017b/element'
14:49:49.107 [Forwarding findElement on session 942faef18c6a9e29c1086c508214017b to remote] DEBUG org.asynchttpclient.netty.request.NettyRequestSender - Using open Channel [id: 0xf9b70283, L:/127.0.0.1:53014 - R:localhost/127.0.0.1:37199] for POST '/session/942faef18c6a9e29c1086c508214017b/element'
14:49:49.134 [AsyncHttpClient-1-6] DEBUG org.asynchttpclient.netty.handler.HttpHandler - 

Request DefaultHttpRequest(decodeResult: success, version: HTTP/1.1)
POST /session/942faef18c6a9e29c1086c508214017b/element HTTP/1.1
User-Agent: selenium/4.8.1 (java windows)
Content-Length: 55
Content-Type: application/json; charset=utf-8
host: localhost:37199
accept: */*

Response DefaultHttpResponse(decodeResult: success, version: HTTP/1.1)
HTTP/1.1 200 OK
Content-Length: 88
Content-Type: application/json; charset=utf-8
cache-control: no-cache

14:49:49.134 [AsyncHttpClient-1-6] DEBUG org.asynchttpclient.netty.channel.ChannelManager - Adding key: http://localhost:37199 for channel [id: 0xf9b70283, L:/127.0.0.1:53014 - R:localhost/127.0.0.1:37199]
14:49:49.136 [Forwarding clearElement on session 942faef18c6a9e29c1086c508214017b to remote] DEBUG org.asynchttpclient.netty.request.NettyRequestSender - Using pooled Channel '[id: 0xf9b70283, L:/127.0.0.1:53014 - R:localhost/127.0.0.1:37199]' for 'POST' to 'http://localhost:37199/session/942faef18c6a9e29c1086c508214017b/element/c5c01ff1-16fa-49c5-a821-1bd5dc983165/clear'
14:49:49.136 [Forwarding clearElement on session 942faef18c6a9e29c1086c508214017b to remote] DEBUG org.asynchttpclient.netty.request.NettyRequestSender - Using open Channel [id: 0xf9b70283, L:/127.0.0.1:53014 - R:localhost/127.0.0.1:37199] for POST '/session/942faef18c6a9e29c1086c508214017b/element/c5c01ff1-16fa-49c5-a821-1bd5dc983165/clear'
14:49:49.195 [AsyncHttpClient-1-6] DEBUG org.asynchttpclient.netty.handler.HttpHandler - 

Request DefaultHttpRequest(decodeResult: success, version: HTTP/1.1)
POST /session/942faef18c6a9e29c1086c508214017b/element/c5c01ff1-16fa-49c5-a821-1bd5dc983165/clear HTTP/1.1
User-Agent: selenium/4.8.1 (java windows)
Content-Length: 50
Content-Type: application/json; charset=utf-8
host: localhost:37199
accept: */*

Response DefaultHttpResponse(decodeResult: success, version: HTTP/1.1)
HTTP/1.1 200 OK
Content-Length: 14
Content-Type: application/json; charset=utf-8
cache-control: no-cache

14:49:49.196 [AsyncHttpClient-1-6] DEBUG org.asynchttpclient.netty.channel.ChannelManager - Adding key: http://localhost:37199 for channel [id: 0xf9b70283, L:/127.0.0.1:53014 - R:localhost/127.0.0.1:37199]
14:49:49.199 [Forwarding sendKeysToElement on session 942faef18c6a9e29c1086c508214017b to remote] DEBUG org.asynchttpclient.netty.request.NettyRequestSender - Using pooled Channel '[id: 0xf9b70283, L:/127.0.0.1:53014 - R:localhost/127.0.0.1:37199]' for 'POST' to 'http://localhost:37199/session/942faef18c6a9e29c1086c508214017b/element/c5c01ff1-16fa-49c5-a821-1bd5dc983165/value'
14:49:49.199 [Forwarding sendKeysToElement on session 942faef18c6a9e29c1086c508214017b to remote] DEBUG org.asynchttpclient.netty.request.NettyRequestSender - Using open Channel [id: 0xf9b70283, L:/127.0.0.1:53014 - R:localhost/127.0.0.1:37199] for POST '/session/942faef18c6a9e29c1086c508214017b/element/c5c01ff1-16fa-49c5-a821-1bd5dc983165/value'
14:49:49.446 [AsyncHttpClient-1-6] DEBUG org.asynchttpclient.netty.handler.HttpHandler - 

Request DefaultHttpRequest(decodeResult: success, version: HTTP/1.1)
POST /session/942faef18c6a9e29c1086c508214017b/element/c5c01ff1-16fa-49c5-a821-1bd5dc983165/value HTTP/1.1
User-Agent: selenium/4.8.1 (java windows)
Content-Length: 301
Content-Type: application/json; charset=utf-8
host: localhost:37199
accept: */*

Response DefaultHttpResponse(decodeResult: success, version: HTTP/1.1)
HTTP/1.1 200 OK
Content-Length: 14
Content-Type: application/json; charset=utf-8
cache-control: no-cache

14:49:49.446 [AsyncHttpClient-1-6] DEBUG org.asynchttpclient.netty.channel.ChannelManager - Adding key: http://localhost:37199 for channel [id: 0xf9b70283, L:/127.0.0.1:53014 - R:localhost/127.0.0.1:37199]
  &amp#27;[32mAnd &amp#27;[0m&amp#27;[32muser input valid email&amp#27;[0m                                   &amp#27;[90m# starter.stepdefinitions.RegisterSteps.userInputValidEmail()&amp#27;[0m
14:49:49.468 [Forwarding findElement on session 942faef18c6a9e29c1086c508214017b to remote] DEBUG org.asynchttpclient.netty.request.NettyRequestSender - Using pooled Channel '[id: 0xf9b70283, L:/127.0.0.1:53014 - R:localhost/127.0.0.1:37199]' for 'POST' to 'http://localhost:37199/session/942faef18c6a9e29c1086c508214017b/element'
14:49:49.468 [Forwarding findElement on session 942faef18c6a9e29c1086c508214017b to remote] DEBUG org.asynchttpclient.netty.request.NettyRequestSender - Using open Channel [id: 0xf9b70283, L:/127.0.0.1:53014 - R:localhost/127.0.0.1:37199] for POST '/session/942faef18c6a9e29c1086c508214017b/element'
14:49:49.500 [AsyncHttpClient-1-6] DEBUG org.asynchttpclient.netty.handler.HttpHandler - 

Request DefaultHttpRequest(decodeResult: success, version: HTTP/1.1)
POST /session/942faef18c6a9e29c1086c508214017b/element HTTP/1.1
User-Agent: selenium/4.8.1 (java windows)
Content-Length: 55
Content-Type: application/json; charset=utf-8
host: localhost:37199
accept: */*

Response DefaultHttpResponse(decodeResult: success, version: HTTP/1.1)
HTTP/1.1 200 OK
Content-Length: 88
Content-Type: application/json; charset=utf-8
cache-control: no-cache

14:49:49.500 [AsyncHttpClient-1-6] DEBUG org.asynchttpclient.netty.channel.ChannelManager - Adding key: http://localhost:37199 for channel [id: 0xf9b70283, L:/127.0.0.1:53014 - R:localhost/127.0.0.1:37199]
14:49:49.502 [Forwarding clearElement on session 942faef18c6a9e29c1086c508214017b to remote] DEBUG org.asynchttpclient.netty.request.NettyRequestSender - Using pooled Channel '[id: 0xf9b70283, L:/127.0.0.1:53014 - R:localhost/127.0.0.1:37199]' for 'POST' to 'http://localhost:37199/session/942faef18c6a9e29c1086c508214017b/element/072ff364-8b60-459e-b6f7-96130c92e5ad/clear'
14:49:49.502 [Forwarding clearElement on session 942faef18c6a9e29c1086c508214017b to remote] DEBUG org.asynchttpclient.netty.request.NettyRequestSender - Using open Channel [id: 0xf9b70283, L:/127.0.0.1:53014 - R:localhost/127.0.0.1:37199] for POST '/session/942faef18c6a9e29c1086c508214017b/element/072ff364-8b60-459e-b6f7-96130c92e5ad/clear'
14:49:49.649 [AsyncHttpClient-1-6] DEBUG org.asynchttpclient.netty.handler.HttpHandler - 

Request DefaultHttpRequest(decodeResult: success, version: HTTP/1.1)
POST /session/942faef18c6a9e29c1086c508214017b/element/072ff364-8b60-459e-b6f7-96130c92e5ad/clear HTTP/1.1
User-Agent: selenium/4.8.1 (java windows)
Content-Length: 50
Content-Type: application/json; charset=utf-8
host: localhost:37199
accept: */*

Response DefaultHttpResponse(decodeResult: success, version: HTTP/1.1)
HTTP/1.1 200 OK
Content-Length: 14
Content-Type: application/json; charset=utf-8
cache-control: no-cache

14:49:49.649 [AsyncHttpClient-1-6] DEBUG org.asynchttpclient.netty.channel.ChannelManager - Adding key: http://localhost:37199 for channel [id: 0xf9b70283, L:/127.0.0.1:53014 - R:localhost/127.0.0.1:37199]
14:49:49.652 [Forwarding sendKeysToElement on session 942faef18c6a9e29c1086c508214017b to remote] DEBUG org.asynchttpclient.netty.request.NettyRequestSender - Using pooled Channel '[id: 0xf9b70283, L:/127.0.0.1:53014 - R:localhost/127.0.0.1:37199]' for 'POST' to 'http://localhost:37199/session/942faef18c6a9e29c1086c508214017b/element/072ff364-8b60-459e-b6f7-96130c92e5ad/value'
14:49:49.652 [Forwarding sendKeysToElement on session 942faef18c6a9e29c1086c508214017b to remote] DEBUG org.asynchttpclient.netty.request.NettyRequestSender - Using open Channel [id: 0xf9b70283, L:/127.0.0.1:53014 - R:localhost/127.0.0.1:37199] for POST '/session/942faef18c6a9e29c1086c508214017b/element/072ff364-8b60-459e-b6f7-96130c92e5ad/value'
14:49:49.735 [AsyncHttpClient-1-6] DEBUG org.asynchttpclient.netty.handler.HttpHandler - 

Request DefaultHttpRequest(decodeResult: success, version: HTTP/1.1)
POST /session/942faef18c6a9e29c1086c508214017b/element/072ff364-8b60-459e-b6f7-96130c92e5ad/value HTTP/1.1
User-Agent: selenium/4.8.1 (java windows)
Content-Length: 82
Content-Type: application/json; charset=utf-8
host: localhost:37199
accept: */*

Response DefaultHttpResponse(decodeResult: success, version: HTTP/1.1)
HTTP/1.1 200 OK
Content-Length: 14
Content-Type: application/json; charset=utf-8
cache-control: no-cache

14:49:49.735 [AsyncHttpClient-1-6] DEBUG org.asynchttpclient.netty.channel.ChannelManager - Adding key: http://localhost:37199 for channel [id: 0xf9b70283, L:/127.0.0.1:53014 - R:localhost/127.0.0.1:37199]
  &amp#27;[32mAnd &amp#27;[0m&amp#27;[32muser input empty password&amp#27;[0m                                &amp#27;[90m# starter.stepdefinitions.RegisterSteps.userInputEmptyPassword()&amp#27;[0m
14:49:49.758 [Forwarding findElement on session 942faef18c6a9e29c1086c508214017b to remote] DEBUG org.asynchttpclient.netty.request.NettyRequestSender - Using pooled Channel '[id: 0xf9b70283, L:/127.0.0.1:53014 - R:localhost/127.0.0.1:37199]' for 'POST' to 'http://localhost:37199/session/942faef18c6a9e29c1086c508214017b/element'
14:49:49.758 [Forwarding findElement on session 942faef18c6a9e29c1086c508214017b to remote] DEBUG org.asynchttpclient.netty.request.NettyRequestSender - Using open Channel [id: 0xf9b70283, L:/127.0.0.1:53014 - R:localhost/127.0.0.1:37199] for POST '/session/942faef18c6a9e29c1086c508214017b/element'
14:49:49.772 [AsyncHttpClient-1-6] DEBUG org.asynchttpclient.netty.handler.HttpHandler - 

Request DefaultHttpRequest(decodeResult: success, version: HTTP/1.1)
POST /session/942faef18c6a9e29c1086c508214017b/element HTTP/1.1
User-Agent: selenium/4.8.1 (java windows)
Content-Length: 72
Content-Type: application/json; charset=utf-8
host: localhost:37199
accept: */*

Response DefaultHttpResponse(decodeResult: success, version: HTTP/1.1)
HTTP/1.1 200 OK
Content-Length: 88
Content-Type: application/json; charset=utf-8
cache-control: no-cache

14:49:49.773 [AsyncHttpClient-1-6] DEBUG org.asynchttpclient.netty.channel.ChannelManager - Adding key: http://localhost:37199 for channel [id: 0xf9b70283, L:/127.0.0.1:53014 - R:localhost/127.0.0.1:37199]
14:49:49.775 [Forwarding getElementTagName on session 942faef18c6a9e29c1086c508214017b to remote] DEBUG org.asynchttpclient.netty.request.NettyRequestSender - Using pooled Channel '[id: 0xf9b70283, L:/127.0.0.1:53014 - R:localhost/127.0.0.1:37199]' for 'GET' to 'http://localhost:37199/session/942faef18c6a9e29c1086c508214017b/element/740b432e-f7d2-4f79-be42-62cafc0bcb66/name'
14:49:49.775 [Forwarding getElementTagName on session 942faef18c6a9e29c1086c508214017b to remote] DEBUG org.asynchttpclient.netty.request.NettyRequestSender - Using open Channel [id: 0xf9b70283, L:/127.0.0.1:53014 - R:localhost/127.0.0.1:37199] for GET '/session/942faef18c6a9e29c1086c508214017b/element/740b432e-f7d2-4f79-be42-62cafc0bcb66/name'
14:49:49.793 [AsyncHttpClient-1-6] DEBUG org.asynchttpclient.netty.handler.HttpHandler - 

Request DefaultFullHttpRequest(decodeResult: success, version: HTTP/1.1, content: EmptyByteBufBE)
GET /session/942faef18c6a9e29c1086c508214017b/element/740b432e-f7d2-4f79-be42-62cafc0bcb66/name HTTP/1.1
User-Agent: selenium/4.8.1 (java windows)
Cache-Control: no-cache
Content-Type: application/json; charset=utf-8
host: localhost:37199
accept: */*

Response DefaultHttpResponse(decodeResult: success, version: HTTP/1.1)
HTTP/1.1 200 OK
Content-Length: 16
Content-Type: application/json; charset=utf-8
cache-control: no-cache

14:49:49.794 [AsyncHttpClient-1-6] DEBUG org.asynchttpclient.netty.channel.ChannelManager - Adding key: http://localhost:37199 for channel [id: 0xf9b70283, L:/127.0.0.1:53014 - R:localhost/127.0.0.1:37199]
14:49:49.798 [Forwarding getElementTagName on session 942faef18c6a9e29c1086c508214017b to remote] DEBUG org.asynchttpclient.netty.request.NettyRequestSender - Using pooled Channel '[id: 0xf9b70283, L:/127.0.0.1:53014 - R:localhost/127.0.0.1:37199]' for 'GET' to 'http://localhost:37199/session/942faef18c6a9e29c1086c508214017b/element/740b432e-f7d2-4f79-be42-62cafc0bcb66/name'
14:49:49.799 [Forwarding getElementTagName on session 942faef18c6a9e29c1086c508214017b to remote] DEBUG org.asynchttpclient.netty.request.NettyRequestSender - Using open Channel [id: 0xf9b70283, L:/127.0.0.1:53014 - R:localhost/127.0.0.1:37199] for GET '/session/942faef18c6a9e29c1086c508214017b/element/740b432e-f7d2-4f79-be42-62cafc0bcb66/name'
14:49:49.822 [AsyncHttpClient-1-6] DEBUG org.asynchttpclient.netty.handler.HttpHandler - 

Request DefaultFullHttpRequest(decodeResult: success, version: HTTP/1.1, content: EmptyByteBufBE)
GET /session/942faef18c6a9e29c1086c508214017b/element/740b432e-f7d2-4f79-be42-62cafc0bcb66/name HTTP/1.1
User-Agent: selenium/4.8.1 (java windows)
Cache-Control: no-cache
Content-Type: application/json; charset=utf-8
host: localhost:37199
accept: */*

Response DefaultHttpResponse(decodeResult: success, version: HTTP/1.1)
HTTP/1.1 200 OK
Content-Length: 16
Content-Type: application/json; charset=utf-8
cache-control: no-cache

14:49:49.822 [AsyncHttpClient-1-6] DEBUG org.asynchttpclient.netty.channel.ChannelManager - Adding key: http://localhost:37199 for channel [id: 0xf9b70283, L:/127.0.0.1:53014 - R:localhost/127.0.0.1:37199]
14:49:49.826 [Forwarding findElement on session 942faef18c6a9e29c1086c508214017b to remote] DEBUG org.asynchttpclient.netty.request.NettyRequestSender - Using pooled Channel '[id: 0xf9b70283, L:/127.0.0.1:53014 - R:localhost/127.0.0.1:37199]' for 'POST' to 'http://localhost:37199/session/942faef18c6a9e29c1086c508214017b/element'
14:49:49.826 [Forwarding findElement on session 942faef18c6a9e29c1086c508214017b to remote] DEBUG org.asynchttpclient.netty.request.NettyRequestSender - Using open Channel [id: 0xf9b70283, L:/127.0.0.1:53014 - R:localhost/127.0.0.1:37199] for POST '/session/942faef18c6a9e29c1086c508214017b/element'
14:49:49.842 [AsyncHttpClient-1-6] DEBUG org.asynchttpclient.netty.handler.HttpHandler - 

Request DefaultHttpRequest(decodeResult: success, version: HTTP/1.1)
POST /session/942faef18c6a9e29c1086c508214017b/element HTTP/1.1
User-Agent: selenium/4.8.1 (java windows)
Content-Length: 72
Content-Type: application/json; charset=utf-8
host: localhost:37199
accept: */*

Response DefaultHttpResponse(decodeResult: success, version: HTTP/1.1)
HTTP/1.1 200 OK
Content-Length: 88
Content-Type: application/json; charset=utf-8
cache-control: no-cache

14:49:49.842 [AsyncHttpClient-1-6] DEBUG org.asynchttpclient.netty.channel.ChannelManager - Adding key: http://localhost:37199 for channel [id: 0xf9b70283, L:/127.0.0.1:53014 - R:localhost/127.0.0.1:37199]
14:49:49.845 [Forwarding clickElement on session 942faef18c6a9e29c1086c508214017b to remote] DEBUG org.asynchttpclient.netty.request.NettyRequestSender - Using pooled Channel '[id: 0xf9b70283, L:/127.0.0.1:53014 - R:localhost/127.0.0.1:37199]' for 'POST' to 'http://localhost:37199/session/942faef18c6a9e29c1086c508214017b/element/740b432e-f7d2-4f79-be42-62cafc0bcb66/click'
14:49:49.846 [Forwarding clickElement on session 942faef18c6a9e29c1086c508214017b to remote] DEBUG org.asynchttpclient.netty.request.NettyRequestSender - Using open Channel [id: 0xf9b70283, L:/127.0.0.1:53014 - R:localhost/127.0.0.1:37199] for POST '/session/942faef18c6a9e29c1086c508214017b/element/740b432e-f7d2-4f79-be42-62cafc0bcb66/click'
14:49:49.955 [AsyncHttpClient-1-6] DEBUG org.asynchttpclient.netty.handler.HttpHandler - 

Request DefaultHttpRequest(decodeResult: success, version: HTTP/1.1)
POST /session/942faef18c6a9e29c1086c508214017b/element/740b432e-f7d2-4f79-be42-62cafc0bcb66/click HTTP/1.1
User-Agent: selenium/4.8.1 (java windows)
Content-Length: 50
Content-Type: application/json; charset=utf-8
host: localhost:37199
accept: */*

Response DefaultHttpResponse(decodeResult: success, version: HTTP/1.1)
HTTP/1.1 200 OK
Content-Length: 14
Content-Type: application/json; charset=utf-8
cache-control: no-cache

14:49:49.956 [AsyncHttpClient-1-6] DEBUG org.asynchttpclient.netty.channel.ChannelManager - Adding key: http://localhost:37199 for channel [id: 0xf9b70283, L:/127.0.0.1:53014 - R:localhost/127.0.0.1:37199]
  &amp#27;[32mAnd &amp#27;[0m&amp#27;[32muser click login button&amp#27;[0m                                  &amp#27;[90m# starter.stepdefinitions.RegisterSteps.userClickLoginButton()&amp#27;[0m
14:49:49.981 [Forwarding findElement on session 942faef18c6a9e29c1086c508214017b to remote] DEBUG org.asynchttpclient.netty.request.NettyRequestSender - Using pooled Channel '[id: 0xf9b70283, L:/127.0.0.1:53014 - R:localhost/127.0.0.1:37199]' for 'POST' to 'http://localhost:37199/session/942faef18c6a9e29c1086c508214017b/element'
14:49:49.981 [Forwarding findElement on session 942faef18c6a9e29c1086c508214017b to remote] DEBUG org.asynchttpclient.netty.request.NettyRequestSender - Using open Channel [id: 0xf9b70283, L:/127.0.0.1:53014 - R:localhost/127.0.0.1:37199] for POST '/session/942faef18c6a9e29c1086c508214017b/element'
14:49:50.034 [AsyncHttpClient-1-1] DEBUG org.asynchttpclient.netty.channel.DefaultChannelPool - Entry count for : http://localhost:53016 : 1
14:49:50.234 [AsyncHttpClient-1-6] DEBUG org.asynchttpclient.netty.handler.HttpHandler - 

Request DefaultHttpRequest(decodeResult: success, version: HTTP/1.1)
POST /session/942faef18c6a9e29c1086c508214017b/element HTTP/1.1
User-Agent: selenium/4.8.1 (java windows)
Content-Length: 79
Content-Type: application/json; charset=utf-8
host: localhost:37199
accept: */*

Response DefaultHttpResponse(decodeResult: success, version: HTTP/1.1)
HTTP/1.1 200 OK
Content-Length: 88
Content-Type: application/json; charset=utf-8
cache-control: no-cache

14:49:50.234 [AsyncHttpClient-1-6] DEBUG org.asynchttpclient.netty.channel.ChannelManager - Adding key: http://localhost:37199 for channel [id: 0xf9b70283, L:/127.0.0.1:53014 - R:localhost/127.0.0.1:37199]
14:49:50.240 [Forwarding isElementDisplayed on session 942faef18c6a9e29c1086c508214017b to remote] DEBUG org.asynchttpclient.netty.request.NettyRequestSender - Using pooled Channel '[id: 0xf9b70283, L:/127.0.0.1:53014 - R:localhost/127.0.0.1:37199]' for 'POST' to 'http://localhost:37199/session/942faef18c6a9e29c1086c508214017b/execute/sync'
14:49:50.241 [Forwarding isElementDisplayed on session 942faef18c6a9e29c1086c508214017b to remote] DEBUG org.asynchttpclient.netty.request.NettyRequestSender - Using open Channel [id: 0xf9b70283, L:/127.0.0.1:53014 - R:localhost/127.0.0.1:37199] for POST '/session/942faef18c6a9e29c1086c508214017b/execute/sync'
14:49:50.274 [AsyncHttpClient-1-6] DEBUG org.asynchttpclient.netty.handler.HttpHandler - 

Request DefaultHttpRequest(decodeResult: success, version: HTTP/1.1)
POST /session/942faef18c6a9e29c1086c508214017b/execute/sync HTTP/1.1
User-Agent: selenium/4.8.1 (java windows)
Content-Length: 48807
Content-Type: application/json; charset=utf-8
host: localhost:37199
accept: */*

Response DefaultHttpResponse(decodeResult: success, version: HTTP/1.1)
HTTP/1.1 200 OK
Content-Length: 14
Content-Type: application/json; charset=utf-8
cache-control: no-cache

14:49:50.274 [AsyncHttpClient-1-6] DEBUG org.asynchttpclient.netty.channel.ChannelManager - Adding key: http://localhost:37199 for channel [id: 0xf9b70283, L:/127.0.0.1:53014 - R:localhost/127.0.0.1:37199]
14:49:50.281 [Forwarding isElementDisplayed on session 942faef18c6a9e29c1086c508214017b to remote] DEBUG org.asynchttpclient.netty.request.NettyRequestSender - Using pooled Channel '[id: 0xf9b70283, L:/127.0.0.1:53014 - R:localhost/127.0.0.1:37199]' for 'POST' to 'http://localhost:37199/session/942faef18c6a9e29c1086c508214017b/execute/sync'
14:49:50.281 [Forwarding isElementDisplayed on session 942faef18c6a9e29c1086c508214017b to remote] DEBUG org.asynchttpclient.netty.request.NettyRequestSender - Using open Channel [id: 0xf9b70283, L:/127.0.0.1:53014 - R:localhost/127.0.0.1:37199] for POST '/session/942faef18c6a9e29c1086c508214017b/execute/sync'
14:49:50.300 [AsyncHttpClient-1-6] DEBUG org.asynchttpclient.netty.handler.HttpHandler - 

Request DefaultHttpRequest(decodeResult: success, version: HTTP/1.1)
POST /session/942faef18c6a9e29c1086c508214017b/execute/sync HTTP/1.1
User-Agent: selenium/4.8.1 (java windows)
Content-Length: 48807
Content-Type: application/json; charset=utf-8
host: localhost:37199
accept: */*

Response DefaultHttpResponse(decodeResult: success, version: HTTP/1.1)
HTTP/1.1 200 OK
Content-Length: 14
Content-Type: application/json; charset=utf-8
cache-control: no-cache

14:49:50.300 [AsyncHttpClient-1-6] DEBUG org.asynchttpclient.netty.channel.ChannelManager - Adding key: http://localhost:37199 for channel [id: 0xf9b70283, L:/127.0.0.1:53014 - R:localhost/127.0.0.1:37199]
  &amp#27;[32mThen &amp#27;[0m&amp#27;[32muser see error message&amp#27;[0m                                  &amp#27;[90m# starter.stepdefinitions.RegisterSteps.userSeeErrorMessage()&amp#27;[0m
14:49:50.307 [main] INFO  - 
  _____   ___   ___   _____     ___     _     ___   ___   ___   ___  
 |_   _| | __| / __| |_   _|   | _ \   /_\   / __| / __| | __| |   \ 
   | |   | _|  \__ \   | |     |  _/  / _ \  \__ \ \__ \ | _|  | |) |
   |_|   |___| |___/   |_|     |_|   /_/ \_\ |___/ |___/ |___| |___/ 

as user i want to register with empty password value
----------------------------------------------------------------------
14:49:50.308 [AsyncHttpClient-1-8] DEBUG org.asynchttpclient.netty.handler.WebSocketHandler - Channel Closed: [id: 0x944bd07c, L:/127.0.0.1:53023 ! R:localhost/127.0.0.1:53016] with attribute NettyResponseFuture{currentRetry=0,
	isDone=1,
	isCancelled=0,
	asyncHandler=org.asynchttpclient.ws.WebSocketUpgradeHandler@45679294,
	nettyRequest=org.asynchttpclient.netty.request.NettyRequest@2fef7c2b,
	future=java.util.concurrent.CompletableFuture@3d5916a2[Completed normally],
	uri=ws://localhost:53016/devtools/browser/e4930b16-4cb3-4797-b79e-4a2cf3cae90f,
	keepAlive=true,
	redirectCount=0,
	timeoutsHolder=null,
	inAuth=0,
	touch=1683532187065}
14:49:50.309 [AsyncHttpClient-1-8] DEBUG org.asynchttpclient.netty.channel.ChannelManager - Closing Channel [id: 0x944bd07c, L:/127.0.0.1:53023 ! R:localhost/127.0.0.1:53016] 
14:49:50.316 [Driver Command Executor] DEBUG org.asynchttpclient.netty.request.NettyRequestSender - Using pooled Channel '[id: 0xf9b70283, L:/127.0.0.1:53014 - R:localhost/127.0.0.1:37199]' for 'DELETE' to 'http://localhost:37199/session/942faef18c6a9e29c1086c508214017b'
14:49:50.316 [Driver Command Executor] DEBUG org.asynchttpclient.netty.request.NettyRequestSender - Using open Channel [id: 0xf9b70283, L:/127.0.0.1:53014 - R:localhost/127.0.0.1:37199] for DELETE '/session/942faef18c6a9e29c1086c508214017b'
14:49:50.716 [AsyncHttpClient-1-7] DEBUG org.asynchttpclient.netty.handler.HttpHandler - Unexpected I/O exception on channel [id: 0x68047ca9, L:/127.0.0.1:53022 - R:localhost/127.0.0.1:53016]
java.io.IOException: An existing connection was forcibly closed by the remote host
	at sun.nio.ch.SocketDispatcher.read0(Native Method)
	at sun.nio.ch.SocketDispatcher.read(SocketDispatcher.java:43)
	at sun.nio.ch.IOUtil.readIntoNativeBuffer(IOUtil.java:223)
	at sun.nio.ch.IOUtil.read(IOUtil.java:192)
	at sun.nio.ch.SocketChannelImpl.read(SocketChannelImpl.java:380)
	at io.netty.buffer.PooledByteBuf.setBytes(PooledByteBuf.java:259)
	at io.netty.buffer.AbstractByteBuf.writeBytes(AbstractByteBuf.java:1132)
	at io.netty.channel.socket.nio.NioSocketChannel.doReadBytes(NioSocketChannel.java:357)
	at io.netty.channel.nio.AbstractNioByteChannel$NioByteUnsafe.read(AbstractNioByteChannel.java:151)
	at io.netty.channel.nio.NioEventLoop.processSelectedKey(NioEventLoop.java:788)
	at io.netty.channel.nio.NioEventLoop.processSelectedKeysOptimized(NioEventLoop.java:724)
	at io.netty.channel.nio.NioEventLoop.processSelectedKeys(NioEventLoop.java:650)
	at io.netty.channel.nio.NioEventLoop.run(NioEventLoop.java:562)
	at io.netty.util.concurrent.SingleThreadEventExecutor$4.run(SingleThreadEventExecutor.java:997)
	at io.netty.util.internal.ThreadExecutorMap$2.run(ThreadExecutorMap.java:74)
	at io.netty.util.concurrent.FastThreadLocalRunnable.run(FastThreadLocalRunnable.java:30)
	at java.lang.Thread.run(Thread.java:748)
14:49:50.716 [AsyncHttpClient-1-7] DEBUG org.asynchttpclient.netty.channel.ChannelManager - Closing Channel [id: 0x68047ca9, L:/127.0.0.1:53022 - R:localhost/127.0.0.1:53016] 
14:49:50.716 [AsyncHttpClient-1-7] DEBUG org.asynchttpclient.netty.handler.HttpHandler - Channel Closed: [id: 0x68047ca9, L:/127.0.0.1:53022 ! R:localhost/127.0.0.1:53016] with attribute DISCARD
14:49:50.746 [AsyncHttpClient-1-6] DEBUG org.asynchttpclient.netty.handler.HttpHandler - 

Request DefaultFullHttpRequest(decodeResult: success, version: HTTP/1.1, content: EmptyByteBufBE)
DELETE /session/942faef18c6a9e29c1086c508214017b HTTP/1.1
User-Agent: selenium/4.8.1 (java windows)
Content-Type: application/json; charset=utf-8
host: localhost:37199
accept: */*

Response DefaultHttpResponse(decodeResult: success, version: HTTP/1.1)
HTTP/1.1 200 OK
Content-Length: 14
Content-Type: application/json; charset=utf-8
cache-control: no-cache

14:49:50.746 [AsyncHttpClient-1-6] DEBUG org.asynchttpclient.netty.channel.ChannelManager - Adding key: http://localhost:37199 for channel [id: 0xf9b70283, L:/127.0.0.1:53014 - R:localhost/127.0.0.1:37199]
14:49:50.881 [AsyncHttpClient-1-6] DEBUG org.asynchttpclient.netty.handler.HttpHandler - Channel Closed: [id: 0xf9b70283, L:/127.0.0.1:53014 ! R:localhost/127.0.0.1:37199] with attribute DISCARD
14:49:51.131 [AsyncHttpClient-1-1] DEBUG org.asynchttpclient.netty.channel.DefaultChannelPool - Entry count for : http://localhost:37199 : 1
14:49:51.131 [AsyncHttpClient-1-1] DEBUG org.asynchttpclient.netty.channel.DefaultChannelPool - Entry count for : http://localhost:53016 : 1
14:49:51.131 [AsyncHttpClient-1-1] DEBUG org.asynchttpclient.netty.channel.DefaultChannelPool - Adding Candidate expired Channel [id: 0xf9b70283, L:/127.0.0.1:53014 ! R:localhost/127.0.0.1:37199] isIdleTimeoutExpired=false isRemotelyClosed=true isTtlExpired=false
14:49:51.131 [AsyncHttpClient-1-1] DEBUG org.asynchttpclient.netty.channel.DefaultChannelPool - Closing Idle Channel [id: 0xf9b70283, L:/127.0.0.1:53014 ! R:localhost/127.0.0.1:37199]
14:49:51.131 [AsyncHttpClient-1-1] DEBUG org.asynchttpclient.netty.channel.DefaultChannelPool - Adding Candidate expired Channel [id: 0x68047ca9, L:/127.0.0.1:53022 ! R:localhost/127.0.0.1:53016] isIdleTimeoutExpired=false isRemotelyClosed=true isTtlExpired=false
14:49:51.131 [AsyncHttpClient-1-1] DEBUG org.asynchttpclient.netty.channel.DefaultChannelPool - Closing Idle Channel [id: 0x68047ca9, L:/127.0.0.1:53022 ! R:localhost/127.0.0.1:53016]
14:49:51.131 [AsyncHttpClient-1-1] DEBUG org.asynchttpclient.netty.channel.DefaultChannelPool - Closed 2 connections out of 2 in 0 ms
]]></system-out>
    <system-err><![CDATA[Starting ChromeDriver 112.0.5615.49 (bd2a7bcb881c11e8cfe3078709382934e3916914-refs/branch-heads/5615@{#936}) on port 37199
Only local connections are allowed.
Please see https://chromedriver.chromium.org/security-considerations for suggestions on keeping ChromeDriver safe.
ChromeDriver was started successfully.
May 08, 2023 2:49:47 PM org.openqa.selenium.devtools.CdpVersionFinder findNearestMatch
WARNING: Unable to find an exact match for CDP version 112, so returning the closest version found: 110
]]></system-err>
  </testcase>
</testsuite>