<?xml version="1.0" encoding="UTF-8"?>
<testsuite xmlns:xsi="http://www.w3.org/2001/XMLSchema-instance" xsi:schemaLocation="https://maven.apache.org/surefire/maven-surefire-plugin/xsd/surefire-test-report.xsd" name="CucumberTestSuite" time="240.403" tests="39" errors="0" skipped="0" failures="0">
  <properties>
    <property name="java.runtime.name" value="Java(TM) SE Runtime Environment"/>
    <property name="sun.boot.library.path" value="C:\Program Files\Java\jdk1.8.0_202\jre\bin"/>
    <property name="java.vm.version" value="25.202-b08"/>
    <property name="java.vm.vendor" value="Oracle Corporation"/>
    <property name="maven.multiModuleProjectDirectory" value="D:\D\QE_Alta\MiniProject\Mobile\alta-andorid-automation"/>
    <property name="java.vendor.url" value="http://java.oracle.com/"/>
    <property name="path.separator" value=";"/>
    <property name="guice.disable.misplaced.annotation.check" value="true"/>
    <property name="java.vm.name" value="Java HotSpot(TM) 64-Bit Server VM"/>
    <property name="file.encoding.pkg" value="sun.io"/>
    <property name="user.script" value=""/>
    <property name="user.country" value="US"/>
    <property name="sun.java.launcher" value="SUN_STANDARD"/>
    <property name="sun.os.patch.level" value=""/>
    <property name="java.vm.specification.name" value="Java Virtual Machine Specification"/>
    <property name="user.dir" value="D:\D\QE_Alta\MiniProject\Mobile\alta-andorid-automation"/>
    <property name="java.runtime.version" value="1.8.0_202-b08"/>
    <property name="java.awt.graphicsenv" value="sun.awt.Win32GraphicsEnvironment"/>
    <property name="java.endorsed.dirs" value="C:\Program Files\Java\jdk1.8.0_202\jre\lib\endorsed"/>
    <property name="os.arch" value="amd64"/>
    <property name="java.io.tmpdir" value="C:\Users\ADWUSE~1\AppData\Local\Temp\"/>
    <property name="line.separator" value="&#10;"/>
    <property name="java.vm.specification.vendor" value="Oracle Corporation"/>
    <property name="user.variant" value=""/>
    <property name="os.name" value="Windows 10"/>
    <property name="classworlds.conf" value="C:\Program Files\apache-maven-3.9.1\bin\m2.conf"/>
    <property name="sun.jnu.encoding" value="Cp1252"/>
    <property name="java.library.path" value="C:\Program Files\Java\jdk1.8.0_202\bin;C:\Windows\Sun\Java\bin;C:\Windows\system32;C:\Windows;C:\Python311\Scripts\;C:\Python311\;C:\Program Files (x86)\Common Files\Oracle\Java\javapath;C:\Program Files (x86)\Common Files\Intel\Shared Files\cpp\bin\Intel64;C:\Windows\system32;C:\Windows;C:\Windows\System32\Wbem;C:\Windows\System32\WindowsPowerShell\v1.0\;C:\Windows\System32\OpenSSH\;C:\Program Files\apache-maven-3.9.1\bin;C:\Program Files\nodejs\;C:\ProgramData\chocolatey\bin;C:\Users\Public\Android\Sdk;C:\Users\Public\Android\Sdk\platform-tools;C:\Users\ADW User ACR\AppData\Local\Microsoft\WindowsApps;C:\Users\ADW User ACR\AppData\Local\Programs\Git\cmd;C:\Users\ADW User ACR\AppData\Roaming\npm;."/>
    <property name="maven.conf" value="C:\Program Files\apache-maven-3.9.1/conf"/>
    <property name="java.specification.name" value="Java Platform API Specification"/>
    <property name="java.class.version" value="52.0"/>
    <property name="sun.management.compiler" value="HotSpot 64-Bit Tiered Compilers"/>
    <property name="os.version" value="10.0"/>
    <property name="library.jansi.path" value="C:\Program Files\apache-maven-3.9.1\lib\jansi-native"/>
    <property name="user.home" value="C:\Users\ADW User ACR"/>
    <property name="user.timezone" value="Asia/Bangkok"/>
    <property name="java.awt.printerjob" value="sun.awt.windows.WPrinterJob"/>
    <property name="java.specification.version" value="1.8"/>
    <property name="file.encoding" value="Cp1252"/>
    <property name="user.name" value="ADW User ACR"/>
    <property name="java.class.path" value="C:\Program Files\apache-maven-3.9.1\boot\plexus-classworlds-2.6.0.jar"/>
    <property name="java.vm.specification.version" value="1.8"/>
    <property name="sun.arch.data.model" value="64"/>
    <property name="java.home" value="C:\Program Files\Java\jdk1.8.0_202\jre"/>
    <property name="sun.java.command" value="org.codehaus.plexus.classworlds.launcher.Launcher clean verify"/>
    <property name="java.specification.vendor" value="Oracle Corporation"/>
    <property name="user.language" value="en"/>
    <property name="awt.toolkit" value="sun.awt.windows.WToolkit"/>
    <property name="java.vm.info" value="mixed mode"/>
    <property name="java.version" value="1.8.0_202"/>
    <property name="java.ext.dirs" value="C:\Program Files\Java\jdk1.8.0_202\jre\lib\ext;C:\Windows\Sun\Java\lib\ext"/>
    <property name="sun.boot.class.path" value="C:\Program Files\Java\jdk1.8.0_202\jre\lib\resources.jar;C:\Program Files\Java\jdk1.8.0_202\jre\lib\rt.jar;C:\Program Files\Java\jdk1.8.0_202\jre\lib\sunrsasign.jar;C:\Program Files\Java\jdk1.8.0_202\jre\lib\jsse.jar;C:\Program Files\Java\jdk1.8.0_202\jre\lib\jce.jar;C:\Program Files\Java\jdk1.8.0_202\jre\lib\charsets.jar;C:\Program Files\Java\jdk1.8.0_202\jre\lib\jfr.jar;C:\Program Files\Java\jdk1.8.0_202\jre\classes"/>
    <property name="sun.stderr.encoding" value="cp437"/>
    <property name="java.vendor" value="Oracle Corporation"/>
    <property name="maven.home" value="C:\Program Files\apache-maven-3.9.1"/>
    <property name="file.separator" value="\"/>
    <property name="java.vendor.url.bug" value="http://bugreport.sun.com/bugreport/"/>
    <property name="sun.cpu.endian" value="little"/>
    <property name="sun.io.unicode.encoding" value="UnicodeLittle"/>
    <property name="sun.stdout.encoding" value="cp437"/>
    <property name="sun.desktop" value="windows"/>
    <property name="sun.cpu.isalist" value="amd64"/>
  </properties>
  <testcase name="user on the login page" classname="As an user, i cannot login because wrong email or password" time="24.513"/>
  <testcase name="user input &quot;yulastari74@gmail.com&quot; on email field" classname="As an user, i cannot login because wrong email or password" time="0.36"/>
  <testcase name="user input &quot;password&quot; on password field" classname="As an user, i cannot login because wrong email or password" time="0.682"/>
  <testcase name="user click login button" classname="As an user, i cannot login because wrong email or password" time="0.756"/>
  <testcase name="user see error message &quot;Wrong Email or Password&quot;" classname="As an user, i cannot login because wrong email or password" time="0.884"/>
  <testcase name="As an user, i cannot login because wrong email or password" classname="As an user, i cannot login because wrong email or password" time="1.09"/>
  <testcase name="user on the login page" classname="As an user, i can login with a valid email and valid password" time="24.19"/>
  <testcase name="user input &quot;aulia@gmail.com&quot; on email field" classname="As an user, i can login with a valid email and valid password" time="0.531"/>
  <testcase name="user input &quot;Ridwan123&quot; on password field" classname="As an user, i can login with a valid email and valid password" time="0.611"/>
  <testcase name="user click login button" classname="As an user, i can login with a valid email and valid password" time="0.915"/>
  <testcase name="user see home page" classname="As an user, i can login with a valid email and valid password" time="1.236"/>
  <testcase name="As an user, i can login with a valid email and valid password" classname="As an user, i can login with a valid email and valid password" time="1.363"/>
  <testcase name="user on the login page" classname="As an user, i can register with a valid value" time="27.184"/>
  <testcase name="user click Create One button" classname="As an user, i can register with a valid value" time="25.871"/>
  <testcase name="user input name &quot;Aulia&quot; on name field" classname="As an user, i can register with a valid value" time="1.655"/>
  <testcase name="user input email &quot;aulia@dummy.com&quot; on email field" classname="As an user, i can register with a valid value" time="0.583"/>
  <testcase name="user input password &quot;123456&quot; on password field" classname="As an user, i can register with a valid value" time="0.64"/>
  <testcase name="user input confirm password &quot;123456&quot; on confirm password field" classname="As an user, i can register with a valid value" time="0.639"/>
  <testcase name="user click register button" classname="As an user, i can register with a valid value" time="0.865"/>
  <testcase name="user see validate message &quot;Registration Successful&quot;" classname="As an user, i can register with a valid value" time="1.106"/>
  <testcase name="As an user, i can register with a valid value" classname="As an user, i can register with a valid value" time="1.12"/>
  <testcase name="user on the login page" classname="As an user, i cannot register because empty name field" time="28.089"/>
  <testcase name="user click Create One button" classname="As an user, i cannot register because empty name field" time="22.937"/>
  <testcase name="user input name &quot; &quot; on name field" classname="As an user, i cannot register because empty name field" time="1.271"/>
  <testcase name="user input email &quot;aulia@dummy.com&quot; on email field" classname="As an user, i cannot register because empty name field" time="0.651"/>
  <testcase name="user input password &quot;123456&quot; on password field" classname="As an user, i cannot register because empty name field" time="0.624"/>
  <testcase name="user input confirm password &quot;123456&quot; on confirm password field" classname="As an user, i cannot register because empty name field" time="0.62"/>
  <testcase name="user click register button" classname="As an user, i cannot register because empty name field" time="1.409"/>
  <testcase name="user see error alert message &quot;Enter Full Name&quot;" classname="As an user, i cannot register because empty name field" time="2.201"/>
  <testcase name="As an user, i cannot register because empty name field" classname="As an user, i cannot register because empty name field" time="2.228"/>
  <testcase name="user on the login page" classname="As an user, i cannot register because empty email field" time="22.142"/>
  <testcase name="user click Create One button" classname="As an user, i cannot register because empty email field" time="22.879"/>
  <testcase name="user input name &quot;aulia&quot; on name field" classname="As an user, i cannot register because empty email field" time="1.704"/>
  <testcase name="user input email &quot; &quot; on email field" classname="As an user, i cannot register because empty email field" time="0.658"/>
  <testcase name="user input password &quot;123456&quot; on password field" classname="As an user, i cannot register because empty email field" time="0.716"/>
  <testcase name="user input confirm password &quot;123456&quot; on confirm password field" classname="As an user, i cannot register because empty email field" time="0.67"/>
  <testcase name="user click register button" classname="As an user, i cannot register because empty email field" time="0.819"/>
  <testcase name="user see alert message &quot;Enter Valid Email&quot;" classname="As an user, i cannot register because empty email field" time="2.441"/>
  <testcase name="As an user, i cannot register because empty email field" classname="As an user, i cannot register because empty email field" time="2.448"/>
</testsuite>