<?xml version="1.0" encoding="UTF-8"?>
<testsuite xmlns:xsi="http://www.w3.org/2001/XMLSchema-instance" xsi:noNamespaceSchemaLocation="https://maven.apache.org/surefire/maven-failsafe-plugin/xsd/failsafe-test-report-3.0.xsd" version="3.0" name="starter.CucumberTestSuite" time="39.42" tests="3" errors="0" skipped="0" failures="0">
  <properties>
    <property name="sun.desktop" value="windows"/>
    <property name="awt.toolkit" value="sun.awt.windows.WToolkit"/>
    <property name="file.encoding.pkg" value="sun.io"/>
    <property name="java.specification.version" value="1.8"/>
    <property name="webdriver.chrome.driver" value="C:\Users\ADW User ACR\.cache\selenium\chromedriver\win32\112.0.5615.49\chromedriver.exe"/>
    <property name="sun.cpu.isalist" value="amd64"/>
    <property name="sun.jnu.encoding" value="Cp1252"/>
    <property name="java.class.path" value="D:\D\QE_Alta\MiniProject\Web\Pilih-Beli-Produk\target\test-classes;D:\D\QE_Alta\MiniProject\Web\Pilih-Beli-Produk\target\web-automation-altashop-1.0-SNAPSHOT.jar;C:\Users\ADW User ACR\.m2\repository\net\serenity-bdd\serenity-core\3.6.21\serenity-core-3.6.21.jar;C:\Users\ADW User ACR\.m2\repository\net\serenity-bdd\serenity-model\3.6.21\serenity-model-3.6.21.jar;C:\Users\ADW User ACR\.m2\repository\org\apache\commons\commons-text\1.10.0\commons-text-1.10.0.jar;C:\Users\ADW User ACR\.m2\repository\commons-net\commons-net\3.9.0\commons-net-3.9.0.jar;C:\Users\ADW User ACR\.m2\repository\com\google\guava\guava\31.1-jre\guava-31.1-jre.jar;C:\Users\ADW User ACR\.m2\repository\com\google\guava\failureaccess\1.0.1\failureaccess-1.0.1.jar;C:\Users\ADW User ACR\.m2\repository\com\google\guava\listenablefuture\9999.0-empty-to-avoid-conflict-with-guava\listenablefuture-9999.0-empty-to-avoid-conflict-with-guava.jar;C:\Users\ADW User ACR\.m2\repository\com\google\code\findbugs\jsr305\3.0.2\jsr305-3.0.2.jar;C:\Users\ADW User ACR\.m2\repository\org\checkerframework\checker-qual\3.12.0\checker-qual-3.12.0.jar;C:\Users\ADW User ACR\.m2\repository\com\google\errorprone\error_prone_annotations\2.11.0\error_prone_annotations-2.11.0.jar;C:\Users\ADW User ACR\.m2\repository\com\google\j2objc\j2objc-annotations\1.3\j2objc-annotations-1.3.jar;C:\Users\ADW User ACR\.m2\repository\com\google\inject\guice\5.1.0\guice-5.1.0.jar;C:\Users\ADW User ACR\.m2\repository\javax\inject\javax.inject\1\javax.inject-1.jar;C:\Users\ADW User ACR\.m2\repository\aopalliance\aopalliance\1.0\aopalliance-1.0.jar;C:\Users\ADW User ACR\.m2\repository\org\jsoup\jsoup\1.14.3\jsoup-1.14.3.jar;C:\Users\ADW User ACR\.m2\repository\com\thoughtworks\xstream\xstream\1.4.20\xstream-1.4.20.jar;C:\Users\ADW User ACR\.m2\repository\io\github\x-stream\mxparser\1.2.2\mxparser-1.2.2.jar;C:\Users\ADW User ACR\.m2\repository\xmlpull\xmlpull\1.1.3.1\xmlpull-1.1.3.1.jar;C:\Users\ADW User ACR\.m2\repository\com\typesafe\config\1.4.2\config-1.4.2.jar;C:\Users\ADW User ACR\.m2\repository\org\imgscalr\imgscalr-lib\4.2\imgscalr-lib-4.2.jar;C:\Users\ADW User ACR\.m2\repository\org\awaitility\awaitility\4.2.0\awaitility-4.2.0.jar;C:\Users\ADW User ACR\.m2\repository\org\freemarker\freemarker\2.3.31\freemarker-2.3.31.jar;C:\Users\ADW User ACR\.m2\repository\io\github\classgraph\classgraph\4.8.138\classgraph-4.8.138.jar;C:\Users\ADW User ACR\.m2\repository\net\sourceforge\jexcelapi\jxl\2.6.12\jxl-2.6.12.jar;C:\Users\ADW User ACR\.m2\repository\net\bytebuddy\byte-buddy-agent\1.14.2\byte-buddy-agent-1.14.2.jar;C:\Users\ADW User ACR\.m2\repository\org\objenesis\objenesis\3.3\objenesis-3.3.jar;C:\Users\ADW User ACR\.m2\repository\net\serenity-bdd\serenity-reports\3.6.21\serenity-reports-3.6.21.jar;C:\Users\ADW User ACR\.m2\repository\net\serenity-bdd\serenity-stats\3.6.21\serenity-stats-3.6.21.jar;C:\Users\ADW User ACR\.m2\repository\net\serenity-bdd\serenity-reports-configuration\3.6.21\serenity-reports-configuration-3.6.21.jar;C:\Users\ADW User ACR\.m2\repository\com\vladsch\flexmark\flexmark-all\0.62.2\flexmark-all-0.62.2.jar;C:\Users\ADW User ACR\.m2\repository\com\vladsch\flexmark\flexmark\0.62.2\flexmark-0.62.2.jar;C:\Users\ADW User ACR\.m2\repository\com\vladsch\flexmark\flexmark-ext-abbreviation\0.62.2\flexmark-ext-abbreviation-0.62.2.jar;C:\Users\ADW User ACR\.m2\repository\com\vladsch\flexmark\flexmark-util\0.62.2\flexmark-util-0.62.2.jar;C:\Users\ADW User ACR\.m2\repository\com\vladsch\flexmark\flexmark-ext-admonition\0.62.2\flexmark-ext-admonition-0.62.2.jar;C:\Users\ADW User ACR\.m2\repository\com\vladsch\flexmark\flexmark-ext-anchorlink\0.62.2\flexmark-ext-anchorlink-0.62.2.jar;C:\Users\ADW User ACR\.m2\repository\com\vladsch\flexmark\flexmark-ext-aside\0.62.2\flexmark-ext-aside-0.62.2.jar;C:\Users\ADW User ACR\.m2\repository\com\vladsch\flexmark\flexmark-ext-attributes\0.62.2\flexmark-ext-attributes-0.62.2.jar;C:\Users\ADW User ACR\.m2\repository\com\vladsch\flexmark\flexmark-ext-autolink\0.62.2\flexmark-ext-autolink-0.62.2.jar;C:\Users\ADW User ACR\.m2\repository\org\nibor\autolink\autolink\0.6.0\autolink-0.6.0.jar;C:\Users\ADW User ACR\.m2\repository\com\vladsch\flexmark\flexmark-ext-definition\0.62.2\flexmark-ext-definition-0.62.2.jar;C:\Users\ADW User ACR\.m2\repository\com\vladsch\flexmark\flexmark-ext-emoji\0.62.2\flexmark-ext-emoji-0.62.2.jar;C:\Users\ADW User ACR\.m2\repository\com\vladsch\flexmark\flexmark-ext-enumerated-reference\0.62.2\flexmark-ext-enumerated-reference-0.62.2.jar;C:\Users\ADW User ACR\.m2\repository\com\vladsch\flexmark\flexmark-ext-escaped-character\0.62.2\flexmark-ext-escaped-character-0.62.2.jar;C:\Users\ADW User ACR\.m2\repository\com\vladsch\flexmark\flexmark-ext-footnotes\0.62.2\flexmark-ext-footnotes-0.62.2.jar;C:\Users\ADW User ACR\.m2\repository\com\vladsch\flexmark\flexmark-ext-gfm-issues\0.62.2\flexmark-ext-gfm-issues-0.62.2.jar;C:\Users\ADW User ACR\.m2\repository\com\vladsch\flexmark\flexmark-ext-gfm-strikethrough\0.62.2\flexmark-ext-gfm-strikethrough-0.62.2.jar;C:\Users\ADW User ACR\.m2\repository\com\vladsch\flexmark\flexmark-ext-gfm-tasklist\0.62.2\flexmark-ext-gfm-tasklist-0.62.2.jar;C:\Users\ADW User ACR\.m2\repository\com\vladsch\flexmark\flexmark-ext-gfm-users\0.62.2\flexmark-ext-gfm-users-0.62.2.jar;C:\Users\ADW User ACR\.m2\repository\com\vladsch\flexmark\flexmark-ext-gitlab\0.62.2\flexmark-ext-gitlab-0.62.2.jar;C:\Users\ADW User ACR\.m2\repository\com\vladsch\flexmark\flexmark-ext-jekyll-front-matter\0.62.2\flexmark-ext-jekyll-front-matter-0.62.2.jar;C:\Users\ADW User ACR\.m2\repository\com\vladsch\flexmark\flexmark-ext-jekyll-tag\0.62.2\flexmark-ext-jekyll-tag-0.62.2.jar;C:\Users\ADW User ACR\.m2\repository\com\vladsch\flexmark\flexmark-ext-media-tags\0.62.2\flexmark-ext-media-tags-0.62.2.jar;C:\Users\ADW User ACR\.m2\repository\com\vladsch\flexmark\flexmark-ext-macros\0.62.2\flexmark-ext-macros-0.62.2.jar;C:\Users\ADW User ACR\.m2\repository\com\vladsch\flexmark\flexmark-ext-ins\0.62.2\flexmark-ext-ins-0.62.2.jar;C:\Users\ADW User ACR\.m2\repository\com\vladsch\flexmark\flexmark-ext-xwiki-macros\0.62.2\flexmark-ext-xwiki-macros-0.62.2.jar;C:\Users\ADW User ACR\.m2\repository\com\vladsch\flexmark\flexmark-ext-superscript\0.62.2\flexmark-ext-superscript-0.62.2.jar;C:\Users\ADW User ACR\.m2\repository\com\vladsch\flexmark\flexmark-ext-tables\0.62.2\flexmark-ext-tables-0.62.2.jar;C:\Users\ADW User ACR\.m2\repository\com\vladsch\flexmark\flexmark-ext-toc\0.62.2\flexmark-ext-toc-0.62.2.jar;C:\Users\ADW User ACR\.m2\repository\com\vladsch\flexmark\flexmark-ext-typographic\0.62.2\flexmark-ext-typographic-0.62.2.jar;C:\Users\ADW User ACR\.m2\repository\com\vladsch\flexmark\flexmark-ext-wikilink\0.62.2\flexmark-ext-wikilink-0.62.2.jar;C:\Users\ADW User ACR\.m2\repository\com\vladsch\flexmark\flexmark-ext-yaml-front-matter\0.62.2\flexmark-ext-yaml-front-matter-0.62.2.jar;C:\Users\ADW User ACR\.m2\repository\com\vladsch\flexmark\flexmark-ext-youtube-embedded\0.62.2\flexmark-ext-youtube-embedded-0.62.2.jar;C:\Users\ADW User ACR\.m2\repository\com\vladsch\flexmark\flexmark-html2md-converter\0.62.2\flexmark-html2md-converter-0.62.2.jar;C:\Users\ADW User ACR\.m2\repository\com\vladsch\flexmark\flexmark-jira-converter\0.62.2\flexmark-jira-converter-0.62.2.jar;C:\Users\ADW User ACR\.m2\repository\com\vladsch\flexmark\flexmark-pdf-converter\0.62.2\flexmark-pdf-converter-0.62.2.jar;C:\Users\ADW User ACR\.m2\repository\com\openhtmltopdf\openhtmltopdf-core\1.0.0\openhtmltopdf-core-1.0.0.jar;C:\Users\ADW User ACR\.m2\repository\com\openhtmltopdf\openhtmltopdf-pdfbox\1.0.0\openhtmltopdf-pdfbox-1.0.0.jar;C:\Users\ADW User ACR\.m2\repository\org\apache\pdfbox\pdfbox\2.0.16\pdfbox-2.0.16.jar;C:\Users\ADW User ACR\.m2\repository\org\apache\pdfbox\fontbox\2.0.16\fontbox-2.0.16.jar;C:\Users\ADW User ACR\.m2\repository\org\apache\pdfbox\xmpbox\2.0.16\xmpbox-2.0.16.jar;C:\Users\ADW User ACR\.m2\repository\de\rototor\pdfbox\graphics2d\0.24\graphics2d-0.24.jar;C:\Users\ADW User ACR\.m2\repository\com\openhtmltopdf\openhtmltopdf-rtl-support\1.0.0\openhtmltopdf-rtl-support-1.0.0.jar;C:\Users\ADW User ACR\.m2\repository\com\openhtmltopdf\openhtmltopdf-jsoup-dom-converter\1.0.0\openhtmltopdf-jsoup-dom-converter-1.0.0.jar;C:\Users\ADW User ACR\.m2\repository\com\vladsch\flexmark\flexmark-profile-pegdown\0.62.2\flexmark-profile-pegdown-0.62.2.jar;C:\Users\ADW User ACR\.m2\repository\com\vladsch\flexmark\flexmark-util-ast\0.62.2\flexmark-util-ast-0.62.2.jar;C:\Users\ADW User ACR\.m2\repository\com\vladsch\flexmark\flexmark-util-builder\0.62.2\flexmark-util-builder-0.62.2.jar;C:\Users\ADW User ACR\.m2\repository\com\vladsch\flexmark\flexmark-util-collection\0.62.2\flexmark-util-collection-0.62.2.jar;C:\Users\ADW User ACR\.m2\repository\com\vladsch\flexmark\flexmark-util-data\0.62.2\flexmark-util-data-0.62.2.jar;C:\Users\ADW User ACR\.m2\repository\com\vladsch\flexmark\flexmark-util-dependency\0.62.2\flexmark-util-dependency-0.62.2.jar;C:\Users\ADW User ACR\.m2\repository\com\vladsch\flexmark\flexmark-util-format\0.62.2\flexmark-util-format-0.62.2.jar;C:\Users\ADW User ACR\.m2\repository\com\vladsch\flexmark\flexmark-util-html\0.62.2\flexmark-util-html-0.62.2.jar;C:\Users\ADW User ACR\.m2\repository\com\vladsch\flexmark\flexmark-util-misc\0.62.2\flexmark-util-misc-0.62.2.jar;C:\Users\ADW User ACR\.m2\repository\com\vladsch\flexmark\flexmark-util-options\0.62.2\flexmark-util-options-0.62.2.jar;C:\Users\ADW User ACR\.m2\repository\com\vladsch\flexmark\flexmark-util-sequence\0.62.2\flexmark-util-sequence-0.62.2.jar;C:\Users\ADW User ACR\.m2\repository\com\vladsch\flexmark\flexmark-util-visitor\0.62.2\flexmark-util-visitor-0.62.2.jar;C:\Users\ADW User ACR\.m2\repository\com\vladsch\flexmark\flexmark-youtrack-converter\0.62.2\flexmark-youtrack-converter-0.62.2.jar;C:\Users\ADW User ACR\.m2\repository\com\ibm\icu\icu4j\72.1\icu4j-72.1.jar;C:\Users\ADW User ACR\.m2\repository\es\nitaur\markdown\txtmark\0.16\txtmark-0.16.jar;C:\Users\ADW User ACR\.m2\repository\net\serenity-bdd\serenity-report-resources\3.6.21\serenity-report-resources-3.6.21.jar;C:\Users\ADW User ACR\.m2\repository\com\google\code\gson\gson\2.10.1\gson-2.10.1.jar;C:\Users\ADW User ACR\.m2\repository\com\fasterxml\jackson\core\jackson-core\2.15.0-rc1\jackson-core-2.15.0-rc1.jar;C:\Users\ADW User ACR\.m2\repository\com\fasterxml\jackson\core\jackson-databind\2.15.0-rc1\jackson-databind-2.15.0-rc1.jar;C:\Users\ADW User ACR\.m2\repository\com\fasterxml\jackson\core\jackson-annotations\2.15.0-rc1\jackson-annotations-2.15.0-rc1.jar;C:\Users\ADW User ACR\.m2\repository\commons-codec\commons-codec\1.15\commons-codec-1.15.jar;C:\Users\ADW User ACR\.m2\repository\commons-io\commons-io\2.11.0\commons-io-2.11.0.jar;C:\Users\ADW User ACR\.m2\repository\org\apache\httpcomponents\httpclient\4.5.13\httpclient-4.5.13.jar;C:\Users\ADW User ACR\.m2\repository\org\apache\httpcomponents\httpcore\4.4.13\httpcore-4.4.13.jar;C:\Users\ADW User ACR\.m2\repository\commons-logging\commons-logging\1.2\commons-logging-1.2.jar;C:\Users\ADW User ACR\.m2\repository\org\seleniumhq\selenium\selenium-java\4.8.1\selenium-java-4.8.1.jar;C:\Users\ADW User ACR\.m2\repository\org\seleniumhq\selenium\selenium-devtools-v108\4.8.1\selenium-devtools-v108-4.8.1.jar;C:\Users\ADW User ACR\.m2\repository\org\seleniumhq\selenium\selenium-devtools-v109\4.8.1\selenium-devtools-v109-4.8.1.jar;C:\Users\ADW User ACR\.m2\repository\org\seleniumhq\selenium\selenium-devtools-v110\4.8.1\selenium-devtools-v110-4.8.1.jar;C:\Users\ADW User ACR\.m2\repository\org\seleniumhq\selenium\selenium-devtools-v85\4.8.1\selenium-devtools-v85-4.8.1.jar;C:\Users\ADW User ACR\.m2\repository\org\seleniumhq\selenium\selenium-remote-driver\4.8.1\selenium-remote-driver-4.8.1.jar;C:\Users\ADW User ACR\.m2\repository\com\beust\jcommander\1.82\jcommander-1.82.jar;C:\Users\ADW User ACR\.m2\repository\io\netty\netty-buffer\4.1.87.Final\netty-buffer-4.1.87.Final.jar;C:\Users\ADW User ACR\.m2\repository\io\netty\netty-codec-http\4.1.87.Final\netty-codec-http-4.1.87.Final.jar;C:\Users\ADW User ACR\.m2\repository\io\netty\netty-codec\4.1.87.Final\netty-codec-4.1.87.Final.jar;C:\Users\ADW User ACR\.m2\repository\io\netty\netty-handler\4.1.87.Final\netty-handler-4.1.87.Final.jar;C:\Users\ADW User ACR\.m2\repository\io\netty\netty-common\4.1.87.Final\netty-common-4.1.87.Final.jar;C:\Users\ADW User ACR\.m2\repository\io\netty\netty-transport-classes-epoll\4.1.87.Final\netty-transport-classes-epoll-4.1.87.Final.jar;C:\Users\ADW User ACR\.m2\repository\io\netty\netty-transport-classes-kqueue\4.1.87.Final\netty-transport-classes-kqueue-4.1.87.Final.jar;C:\Users\ADW User ACR\.m2\repository\io\netty\netty-transport-native-epoll\4.1.87.Final\netty-transport-native-epoll-4.1.87.Final.jar;C:\Users\ADW User ACR\.m2\repository\io\netty\netty-transport-native-kqueue\4.1.87.Final\netty-transport-native-kqueue-4.1.87.Final.jar;C:\Users\ADW User ACR\.m2\repository\io\netty\netty-transport-native-unix-common\4.1.87.Final\netty-transport-native-unix-common-4.1.87.Final.jar;C:\Users\ADW User ACR\.m2\repository\io\netty\netty-transport\4.1.87.Final\netty-transport-4.1.87.Final.jar;C:\Users\ADW User ACR\.m2\repository\io\netty\netty-resolver\4.1.87.Final\netty-resolver-4.1.87.Final.jar;C:\Users\ADW User ACR\.m2\repository\io\opentelemetry\opentelemetry-api\1.22.0\opentelemetry-api-1.22.0.jar;C:\Users\ADW User ACR\.m2\repository\io\opentelemetry\opentelemetry-context\1.22.0\opentelemetry-context-1.22.0.jar;C:\Users\ADW User ACR\.m2\repository\io\opentelemetry\opentelemetry-exporter-logging\1.22.0\opentelemetry-exporter-logging-1.22.0.jar;C:\Users\ADW User ACR\.m2\repository\io\opentelemetry\opentelemetry-sdk-metrics\1.22.0\opentelemetry-sdk-metrics-1.22.0.jar;C:\Users\ADW User ACR\.m2\repository\io\opentelemetry\opentelemetry-sdk-logs\1.22.0-alpha\opentelemetry-sdk-logs-1.22.0-alpha.jar;C:\Users\ADW User ACR\.m2\repository\io\opentelemetry\opentelemetry-api-logs\1.22.0-alpha\opentelemetry-api-logs-1.22.0-alpha.jar;C:\Users\ADW User ACR\.m2\repository\io\opentelemetry\opentelemetry-sdk-common\1.22.0\opentelemetry-sdk-common-1.22.0.jar;C:\Users\ADW User ACR\.m2\repository\io\opentelemetry\opentelemetry-sdk-extension-autoconfigure-spi\1.22.0\opentelemetry-sdk-extension-autoconfigure-spi-1.22.0.jar;C:\Users\ADW User ACR\.m2\repository\io\opentelemetry\opentelemetry-sdk-extension-autoconfigure\1.22.0-alpha\opentelemetry-sdk-extension-autoconfigure-1.22.0-alpha.jar;C:\Users\ADW User ACR\.m2\repository\io\opentelemetry\opentelemetry-sdk-trace\1.22.0\opentelemetry-sdk-trace-1.22.0.jar;C:\Users\ADW User ACR\.m2\repository\io\opentelemetry\opentelemetry-sdk\1.22.0\opentelemetry-sdk-1.22.0.jar;C:\Users\ADW User ACR\.m2\repository\io\opentelemetry\opentelemetry-semconv\1.22.0-alpha\opentelemetry-semconv-1.22.0-alpha.jar;C:\Users\ADW User ACR\.m2\repository\io\ous\jtoml\2.0.0\jtoml-2.0.0.jar;C:\Users\ADW User ACR\.m2\repository\org\apache\commons\commons-exec\1.3\commons-exec-1.3.jar;C:\Users\ADW User ACR\.m2\repository\org\asynchttpclient\async-http-client\2.12.3\async-http-client-2.12.3.jar;C:\Users\ADW User ACR\.m2\repository\org\asynchttpclient\async-http-client-netty-utils\2.12.3\async-http-client-netty-utils-2.12.3.jar;C:\Users\ADW User ACR\.m2\repository\io\netty\netty-codec-socks\4.1.60.Final\netty-codec-socks-4.1.60.Final.jar;C:\Users\ADW User ACR\.m2\repository\io\netty\netty-handler-proxy\4.1.60.Final\netty-handler-proxy-4.1.60.Final.jar;C:\Users\ADW User ACR\.m2\repository\io\netty\netty-transport-native-epoll\4.1.60.Final\netty-transport-native-epoll-4.1.60.Final-linux-x86_64.jar;C:\Users\ADW User ACR\.m2\repository\io\netty\netty-transport-native-kqueue\4.1.60.Final\netty-transport-native-kqueue-4.1.60.Final-osx-x86_64.jar;C:\Users\ADW User ACR\.m2\repository\org\reactivestreams\reactive-streams\1.0.3\reactive-streams-1.0.3.jar;C:\Users\ADW User ACR\.m2\repository\com\typesafe\netty\netty-reactive-streams\2.0.4\netty-reactive-streams-2.0.4.jar;C:\Users\ADW User ACR\.m2\repository\org\seleniumhq\selenium\selenium-manager\4.8.1\selenium-manager-4.8.1.jar;C:\Users\ADW User ACR\.m2\repository\org\seleniumhq\selenium\selenium-safari-driver\4.8.1\selenium-safari-driver-4.8.1.jar;C:\Users\ADW User ACR\.m2\repository\org\seleniumhq\selenium\selenium-api\4.8.1\selenium-api-4.8.1.jar;C:\Users\ADW User ACR\.m2\repository\org\seleniumhq\selenium\selenium-support\4.8.1\selenium-support-4.8.1.jar;C:\Users\ADW User ACR\.m2\repository\com\google\auto\service\auto-service-annotations\1.0.1\auto-service-annotations-1.0.1.jar;C:\Users\ADW User ACR\.m2\repository\com\google\auto\service\auto-service\1.0.1\auto-service-1.0.1.jar;C:\Users\ADW User ACR\.m2\repository\com\google\auto\auto-common\1.2\auto-common-1.2.jar;C:\Users\ADW User ACR\.m2\repository\org\seleniumhq\selenium\selenium-json\4.8.1\selenium-json-4.8.1.jar;C:\Users\ADW User ACR\.m2\repository\org\seleniumhq\selenium\selenium-chrome-driver\4.8.1\selenium-chrome-driver-4.8.1.jar;C:\Users\ADW User ACR\.m2\repository\org\seleniumhq\selenium\selenium-chromium-driver\4.8.1\selenium-chromium-driver-4.8.1.jar;C:\Users\ADW User ACR\.m2\repository\org\seleniumhq\selenium\selenium-firefox-driver\4.8.1\selenium-firefox-driver-4.8.1.jar;C:\Users\ADW User ACR\.m2\repository\org\seleniumhq\selenium\selenium-http\4.8.1\selenium-http-4.8.1.jar;C:\Users\ADW User ACR\.m2\repository\dev\failsafe\failsafe\3.3.0\failsafe-3.3.0.jar;C:\Users\ADW User ACR\.m2\repository\org\seleniumhq\selenium\selenium-edge-driver\4.8.1\selenium-edge-driver-4.8.1.jar;C:\Users\ADW User ACR\.m2\repository\org\seleniumhq\selenium\selenium-ie-driver\4.8.1\selenium-ie-driver-4.8.1.jar;C:\Users\ADW User ACR\.m2\repository\org\projectlombok\lombok\1.18.20\lombok-1.18.20.jar;C:\Users\ADW User ACR\.m2\repository\io\appium\java-client\8.3.0\java-client-8.3.0.jar;C:\Users\ADW User ACR\.m2\repository\commons-validator\commons-validator\1.7\commons-validator-1.7.jar;C:\Users\ADW User ACR\.m2\repository\commons-digester\commons-digester\2.1\commons-digester-2.1.jar;C:\Users\ADW User ACR\.m2\repository\org\apache\groovy\groovy\4.0.10\groovy-4.0.10.jar;C:\Users\ADW User ACR\.m2\repository\net\sf\opencsv\opencsv\2.0\opencsv-2.0.jar;C:\Users\ADW User ACR\.m2\repository\commons-beanutils\commons-beanutils\1.9.4\commons-beanutils-1.9.4.jar;C:\Users\ADW User ACR\.m2\repository\org\apache\commons\commons-lang3\3.12.0\commons-lang3-3.12.0.jar;C:\Users\ADW User ACR\.m2\repository\commons-collections\commons-collections\3.2.2\commons-collections-3.2.2.jar;C:\Users\ADW User ACR\.m2\repository\org\fluentlenium\fluentlenium-core\0.10.2\fluentlenium-core-0.10.2.jar;C:\Users\ADW User ACR\.m2\repository\io\github\bonigarcia\webdrivermanager\5.3.0\webdrivermanager-5.3.0.jar;C:\Users\ADW User ACR\.m2\repository\com\github\docker-java\docker-java\3.2.13\docker-java-3.2.13.jar;C:\Users\ADW User ACR\.m2\repository\com\github\docker-java\docker-java-core\3.2.13\docker-java-core-3.2.13.jar;C:\Users\ADW User ACR\.m2\repository\com\github\docker-java\docker-java-api\3.2.13\docker-java-api-3.2.13.jar;C:\Users\ADW User ACR\.m2\repository\org\apache\commons\commons-compress\1.21\commons-compress-1.21.jar;C:\Users\ADW User ACR\.m2\repository\org\bouncycastle\bcpkix-jdk15on\1.64\bcpkix-jdk15on-1.64.jar;C:\Users\ADW User ACR\.m2\repository\org\bouncycastle\bcprov-jdk15on\1.64\bcprov-jdk15on-1.64.jar;C:\Users\ADW User ACR\.m2\repository\org\slf4j\jcl-over-slf4j\1.7.30\jcl-over-slf4j-1.7.30.jar;C:\Users\ADW User ACR\.m2\repository\com\github\docker-java\docker-java-transport-httpclient5\3.2.13\docker-java-transport-httpclient5-3.2.13.jar;C:\Users\ADW User ACR\.m2\repository\com\github\docker-java\docker-java-transport\3.2.13\docker-java-transport-3.2.13.jar;C:\Users\ADW User ACR\.m2\repository\net\java\dev\jna\jna\5.8.0\jna-5.8.0.jar;C:\Users\ADW User ACR\.m2\repository\org\brotli\dec\0.1.2\dec-0.1.2.jar;C:\Users\ADW User ACR\.m2\repository\org\apache\httpcomponents\client5\httpclient5\5.1.3\httpclient5-5.1.3.jar;C:\Users\ADW User ACR\.m2\repository\org\apache\httpcomponents\core5\httpcore5\5.1.3\httpcore5-5.1.3.jar;C:\Users\ADW User ACR\.m2\repository\org\apache\httpcomponents\core5\httpcore5-h2\5.1.3\httpcore5-h2-5.1.3.jar;C:\Users\ADW User ACR\.m2\repository\com\jhlabs\filters\2.0.235\filters-2.0.235.jar;C:\Users\ADW User ACR\.m2\repository\com\paulhammant\ngwebdriver\1.1.6\ngwebdriver-1.1.6.jar;C:\Users\ADW User ACR\.m2\repository\joda-time\joda-time\2.12.2\joda-time-2.12.2.jar;C:\Users\ADW User ACR\.m2\repository\org\hamcrest\hamcrest\2.2\hamcrest-2.2.jar;C:\Users\ADW User ACR\.m2\repository\com\google\jimfs\jimfs\1.2\jimfs-1.2.jar;C:\Users\ADW User ACR\.m2\repository\org\mockito\mockito-core\3.3.3\mockito-core-3.3.3.jar;C:\Users\ADW User ACR\.m2\repository\javax\xml\bind\jaxb-api\2.3.1\jaxb-api-2.3.1.jar;C:\Users\ADW User ACR\.m2\repository\javax\activation\javax.activation-api\1.2.0\javax.activation-api-1.2.0.jar;C:\Users\ADW User ACR\.m2\repository\com\sun\xml\bind\jaxb-core\2.3.0.1\jaxb-core-2.3.0.1.jar;C:\Users\ADW User ACR\.m2\repository\com\sun\xml\bind\jaxb-impl\2.3.3\jaxb-impl-2.3.3.jar;C:\Users\ADW User ACR\.m2\repository\jakarta\xml\bind\jakarta.xml.bind-api\2.3.3\jakarta.xml.bind-api-2.3.3.jar;C:\Users\ADW User ACR\.m2\repository\com\sun\activation\jakarta.activation\1.2.2\jakarta.activation-1.2.2.jar;C:\Users\ADW User ACR\.m2\repository\javax\activation\activation\1.1.1\activation-1.1.1.jar;C:\Users\ADW User ACR\.m2\repository\net\serenity-bdd\serenity-cucumber\3.6.21\serenity-cucumber-3.6.21.jar;C:\Users\ADW User ACR\.m2\repository\io\cucumber\cucumber-core\7.11.0\cucumber-core-7.11.0.jar;C:\Users\ADW User ACR\.m2\repository\io\cucumber\cucumber-gherkin\7.11.0\cucumber-gherkin-7.11.0.jar;C:\Users\ADW User ACR\.m2\repository\io\cucumber\cucumber-gherkin-messages\7.11.0\cucumber-gherkin-messages-7.11.0.jar;C:\Users\ADW User ACR\.m2\repository\io\cucumber\gherkin\26.0.3\gherkin-26.0.3.jar;C:\Users\ADW User ACR\.m2\repository\io\cucumber\messages\21.0.1\messages-21.0.1.jar;C:\Users\ADW User ACR\.m2\repository\io\cucumber\tag-expressions\5.0.1\tag-expressions-5.0.1.jar;C:\Users\ADW User ACR\.m2\repository\io\cucumber\cucumber-expressions\16.1.1\cucumber-expressions-16.1.1.jar;C:\Users\ADW User ACR\.m2\repository\io\cucumber\datatable\7.11.0\datatable-7.11.0.jar;C:\Users\ADW User ACR\.m2\repository\io\cucumber\cucumber-plugin\7.11.0\cucumber-plugin-7.11.0.jar;C:\Users\ADW User ACR\.m2\repository\io\cucumber\docstring\7.11.0\docstring-7.11.0.jar;C:\Users\ADW User ACR\.m2\repository\io\cucumber\html-formatter\20.2.1\html-formatter-20.2.1.jar;C:\Users\ADW User ACR\.m2\repository\io\cucumber\junit-xml-formatter\0.1.0\junit-xml-formatter-0.1.0.jar;C:\Users\ADW User ACR\.m2\repository\io\cucumber\ci-environment\9.1.0\ci-environment-9.1.0.jar;C:\Users\ADW User ACR\.m2\repository\io\cucumber\cucumber-java\7.11.0\cucumber-java-7.11.0.jar;C:\Users\ADW User ACR\.m2\repository\io\cucumber\cucumber-junit\7.11.0\cucumber-junit-7.11.0.jar;C:\Users\ADW User ACR\.m2\repository\org\apache\commons\commons-csv\1.5\commons-csv-1.5.jar;C:\Users\ADW User ACR\.m2\repository\net\serenity-bdd\serenity-screenplay\3.6.21\serenity-screenplay-3.6.21.jar;C:\Users\ADW User ACR\.m2\repository\net\serenity-bdd\serenity-screenplay-webdriver\3.6.21\serenity-screenplay-webdriver-3.6.21.jar;C:\Users\ADW User ACR\.m2\repository\net\serenity-bdd\serenity-ensure\3.6.21\serenity-ensure-3.6.21.jar;C:\Users\ADW User ACR\.m2\repository\net\serenity-bdd\serenity-junit\3.6.21\serenity-junit-3.6.21.jar;C:\Users\ADW User ACR\.m2\repository\org\jetbrains\kotlin\kotlin-stdlib\1.8.10\kotlin-stdlib-1.8.10.jar;C:\Users\ADW User ACR\.m2\repository\org\jetbrains\kotlin\kotlin-stdlib-common\1.8.10\kotlin-stdlib-common-1.8.10.jar;C:\Users\ADW User ACR\.m2\repository\org\jetbrains\annotations\13.0\annotations-13.0.jar;C:\Users\ADW User ACR\.m2\repository\org\junit\platform\junit-platform-launcher\1.8.2\junit-platform-launcher-1.8.2.jar;C:\Users\ADW User ACR\.m2\repository\org\junit\platform\junit-platform-engine\1.8.2\junit-platform-engine-1.8.2.jar;C:\Users\ADW User ACR\.m2\repository\org\opentest4j\opentest4j\1.2.0\opentest4j-1.2.0.jar;C:\Users\ADW User ACR\.m2\repository\org\junit\platform\junit-platform-commons\1.8.2\junit-platform-commons-1.8.2.jar;C:\Users\ADW User ACR\.m2\repository\org\apiguardian\apiguardian-api\1.1.2\apiguardian-api-1.1.2.jar;C:\Users\ADW User ACR\.m2\repository\org\junit\jupiter\junit-jupiter-engine\5.8.2\junit-jupiter-engine-5.8.2.jar;C:\Users\ADW User ACR\.m2\repository\org\junit\jupiter\junit-jupiter-api\5.8.2\junit-jupiter-api-5.8.2.jar;C:\Users\ADW User ACR\.m2\repository\org\junit\vintage\junit-vintage-engine\5.8.2\junit-vintage-engine-5.8.2.jar;C:\Users\ADW User ACR\.m2\repository\junit\junit\4.13.2\junit-4.13.2.jar;C:\Users\ADW User ACR\.m2\repository\org\hamcrest\hamcrest-core\1.3\hamcrest-core-1.3.jar;C:\Users\ADW User ACR\.m2\repository\ch\qos\logback\logback-classic\1.2.10\logback-classic-1.2.10.jar;C:\Users\ADW User ACR\.m2\repository\ch\qos\logback\logback-core\1.2.10\logback-core-1.2.10.jar;C:\Users\ADW User ACR\.m2\repository\org\slf4j\slf4j-api\1.7.32\slf4j-api-1.7.32.jar;C:\Users\ADW User ACR\.m2\repository\org\assertj\assertj-core\3.23.1\assertj-core-3.23.1.jar;C:\Users\ADW User ACR\.m2\repository\net\bytebuddy\byte-buddy\1.12.10\byte-buddy-1.12.10.jar;"/>
    <property name="java.vm.vendor" value="Oracle Corporation"/>
    <property name="sun.arch.data.model" value="64"/>
    <property name="user.variant" value=""/>
    <property name="java.vendor.url" value="http://java.oracle.com/"/>
    <property name="user.timezone" value="Asia/Bangkok"/>
    <property name="java.vm.specification.version" value="1.8"/>
    <property name="os.name" value="Windows 10"/>
    <property name="user.country" value="US"/>
    <property name="sun.java.launcher" value="SUN_STANDARD"/>
    <property name="sun.boot.library.path" value="C:\Program Files\Java\jdk1.8.0_202\jre\bin"/>
    <property name="sun.java.command" value="C:\Users\ADW User ACR\AppData\Local\Temp\surefire6207553097486143306\surefirebooter4555194219951890914.jar C:\Users\ADW User ACR\AppData\Local\Temp\surefire6207553097486143306 2023-05-08T15-27-47_006-jvmRun1 surefire4452930691216243906tmp surefire_06427920648632118871tmp"/>
    <property name="surefire.test.class.path" value="D:\D\QE_Alta\MiniProject\Web\Pilih-Beli-Produk\target\test-classes;D:\D\QE_Alta\MiniProject\Web\Pilih-Beli-Produk\target\web-automation-altashop-1.0-SNAPSHOT.jar;C:\Users\ADW User ACR\.m2\repository\net\serenity-bdd\serenity-core\3.6.21\serenity-core-3.6.21.jar;C:\Users\ADW User ACR\.m2\repository\net\serenity-bdd\serenity-model\3.6.21\serenity-model-3.6.21.jar;C:\Users\ADW User ACR\.m2\repository\org\apache\commons\commons-text\1.10.0\commons-text-1.10.0.jar;C:\Users\ADW User ACR\.m2\repository\commons-net\commons-net\3.9.0\commons-net-3.9.0.jar;C:\Users\ADW User ACR\.m2\repository\com\google\guava\guava\31.1-jre\guava-31.1-jre.jar;C:\Users\ADW User ACR\.m2\repository\com\google\guava\failureaccess\1.0.1\failureaccess-1.0.1.jar;C:\Users\ADW User ACR\.m2\repository\com\google\guava\listenablefuture\9999.0-empty-to-avoid-conflict-with-guava\listenablefuture-9999.0-empty-to-avoid-conflict-with-guava.jar;C:\Users\ADW User ACR\.m2\repository\com\google\code\findbugs\jsr305\3.0.2\jsr305-3.0.2.jar;C:\Users\ADW User ACR\.m2\repository\org\checkerframework\checker-qual\3.12.0\checker-qual-3.12.0.jar;C:\Users\ADW User ACR\.m2\repository\com\google\errorprone\error_prone_annotations\2.11.0\error_prone_annotations-2.11.0.jar;C:\Users\ADW User ACR\.m2\repository\com\google\j2objc\j2objc-annotations\1.3\j2objc-annotations-1.3.jar;C:\Users\ADW User ACR\.m2\repository\com\google\inject\guice\5.1.0\guice-5.1.0.jar;C:\Users\ADW User ACR\.m2\repository\javax\inject\javax.inject\1\javax.inject-1.jar;C:\Users\ADW User ACR\.m2\repository\aopalliance\aopalliance\1.0\aopalliance-1.0.jar;C:\Users\ADW User ACR\.m2\repository\org\jsoup\jsoup\1.14.3\jsoup-1.14.3.jar;C:\Users\ADW User ACR\.m2\repository\com\thoughtworks\xstream\xstream\1.4.20\xstream-1.4.20.jar;C:\Users\ADW User ACR\.m2\repository\io\github\x-stream\mxparser\1.2.2\mxparser-1.2.2.jar;C:\Users\ADW User ACR\.m2\repository\xmlpull\xmlpull\1.1.3.1\xmlpull-1.1.3.1.jar;C:\Users\ADW User ACR\.m2\repository\com\typesafe\config\1.4.2\config-1.4.2.jar;C:\Users\ADW User ACR\.m2\repository\org\imgscalr\imgscalr-lib\4.2\imgscalr-lib-4.2.jar;C:\Users\ADW User ACR\.m2\repository\org\awaitility\awaitility\4.2.0\awaitility-4.2.0.jar;C:\Users\ADW User ACR\.m2\repository\org\freemarker\freemarker\2.3.31\freemarker-2.3.31.jar;C:\Users\ADW User ACR\.m2\repository\io\github\classgraph\classgraph\4.8.138\classgraph-4.8.138.jar;C:\Users\ADW User ACR\.m2\repository\net\sourceforge\jexcelapi\jxl\2.6.12\jxl-2.6.12.jar;C:\Users\ADW User ACR\.m2\repository\net\bytebuddy\byte-buddy-agent\1.14.2\byte-buddy-agent-1.14.2.jar;C:\Users\ADW User ACR\.m2\repository\org\objenesis\objenesis\3.3\objenesis-3.3.jar;C:\Users\ADW User ACR\.m2\repository\net\serenity-bdd\serenity-reports\3.6.21\serenity-reports-3.6.21.jar;C:\Users\ADW User ACR\.m2\repository\net\serenity-bdd\serenity-stats\3.6.21\serenity-stats-3.6.21.jar;C:\Users\ADW User ACR\.m2\repository\net\serenity-bdd\serenity-reports-configuration\3.6.21\serenity-reports-configuration-3.6.21.jar;C:\Users\ADW User ACR\.m2\repository\com\vladsch\flexmark\flexmark-all\0.62.2\flexmark-all-0.62.2.jar;C:\Users\ADW User ACR\.m2\repository\com\vladsch\flexmark\flexmark\0.62.2\flexmark-0.62.2.jar;C:\Users\ADW User ACR\.m2\repository\com\vladsch\flexmark\flexmark-ext-abbreviation\0.62.2\flexmark-ext-abbreviation-0.62.2.jar;C:\Users\ADW User ACR\.m2\repository\com\vladsch\flexmark\flexmark-util\0.62.2\flexmark-util-0.62.2.jar;C:\Users\ADW User ACR\.m2\repository\com\vladsch\flexmark\flexmark-ext-admonition\0.62.2\flexmark-ext-admonition-0.62.2.jar;C:\Users\ADW User ACR\.m2\repository\com\vladsch\flexmark\flexmark-ext-anchorlink\0.62.2\flexmark-ext-anchorlink-0.62.2.jar;C:\Users\ADW User ACR\.m2\repository\com\vladsch\flexmark\flexmark-ext-aside\0.62.2\flexmark-ext-aside-0.62.2.jar;C:\Users\ADW User ACR\.m2\repository\com\vladsch\flexmark\flexmark-ext-attributes\0.62.2\flexmark-ext-attributes-0.62.2.jar;C:\Users\ADW User ACR\.m2\repository\com\vladsch\flexmark\flexmark-ext-autolink\0.62.2\flexmark-ext-autolink-0.62.2.jar;C:\Users\ADW User ACR\.m2\repository\org\nibor\autolink\autolink\0.6.0\autolink-0.6.0.jar;C:\Users\ADW User ACR\.m2\repository\com\vladsch\flexmark\flexmark-ext-definition\0.62.2\flexmark-ext-definition-0.62.2.jar;C:\Users\ADW User ACR\.m2\repository\com\vladsch\flexmark\flexmark-ext-emoji\0.62.2\flexmark-ext-emoji-0.62.2.jar;C:\Users\ADW User ACR\.m2\repository\com\vladsch\flexmark\flexmark-ext-enumerated-reference\0.62.2\flexmark-ext-enumerated-reference-0.62.2.jar;C:\Users\ADW User ACR\.m2\repository\com\vladsch\flexmark\flexmark-ext-escaped-character\0.62.2\flexmark-ext-escaped-character-0.62.2.jar;C:\Users\ADW User ACR\.m2\repository\com\vladsch\flexmark\flexmark-ext-footnotes\0.62.2\flexmark-ext-footnotes-0.62.2.jar;C:\Users\ADW User ACR\.m2\repository\com\vladsch\flexmark\flexmark-ext-gfm-issues\0.62.2\flexmark-ext-gfm-issues-0.62.2.jar;C:\Users\ADW User ACR\.m2\repository\com\vladsch\flexmark\flexmark-ext-gfm-strikethrough\0.62.2\flexmark-ext-gfm-strikethrough-0.62.2.jar;C:\Users\ADW User ACR\.m2\repository\com\vladsch\flexmark\flexmark-ext-gfm-tasklist\0.62.2\flexmark-ext-gfm-tasklist-0.62.2.jar;C:\Users\ADW User ACR\.m2\repository\com\vladsch\flexmark\flexmark-ext-gfm-users\0.62.2\flexmark-ext-gfm-users-0.62.2.jar;C:\Users\ADW User ACR\.m2\repository\com\vladsch\flexmark\flexmark-ext-gitlab\0.62.2\flexmark-ext-gitlab-0.62.2.jar;C:\Users\ADW User ACR\.m2\repository\com\vladsch\flexmark\flexmark-ext-jekyll-front-matter\0.62.2\flexmark-ext-jekyll-front-matter-0.62.2.jar;C:\Users\ADW User ACR\.m2\repository\com\vladsch\flexmark\flexmark-ext-jekyll-tag\0.62.2\flexmark-ext-jekyll-tag-0.62.2.jar;C:\Users\ADW User ACR\.m2\repository\com\vladsch\flexmark\flexmark-ext-media-tags\0.62.2\flexmark-ext-media-tags-0.62.2.jar;C:\Users\ADW User ACR\.m2\repository\com\vladsch\flexmark\flexmark-ext-macros\0.62.2\flexmark-ext-macros-0.62.2.jar;C:\Users\ADW User ACR\.m2\repository\com\vladsch\flexmark\flexmark-ext-ins\0.62.2\flexmark-ext-ins-0.62.2.jar;C:\Users\ADW User ACR\.m2\repository\com\vladsch\flexmark\flexmark-ext-xwiki-macros\0.62.2\flexmark-ext-xwiki-macros-0.62.2.jar;C:\Users\ADW User ACR\.m2\repository\com\vladsch\flexmark\flexmark-ext-superscript\0.62.2\flexmark-ext-superscript-0.62.2.jar;C:\Users\ADW User ACR\.m2\repository\com\vladsch\flexmark\flexmark-ext-tables\0.62.2\flexmark-ext-tables-0.62.2.jar;C:\Users\ADW User ACR\.m2\repository\com\vladsch\flexmark\flexmark-ext-toc\0.62.2\flexmark-ext-toc-0.62.2.jar;C:\Users\ADW User ACR\.m2\repository\com\vladsch\flexmark\flexmark-ext-typographic\0.62.2\flexmark-ext-typographic-0.62.2.jar;C:\Users\ADW User ACR\.m2\repository\com\vladsch\flexmark\flexmark-ext-wikilink\0.62.2\flexmark-ext-wikilink-0.62.2.jar;C:\Users\ADW User ACR\.m2\repository\com\vladsch\flexmark\flexmark-ext-yaml-front-matter\0.62.2\flexmark-ext-yaml-front-matter-0.62.2.jar;C:\Users\ADW User ACR\.m2\repository\com\vladsch\flexmark\flexmark-ext-youtube-embedded\0.62.2\flexmark-ext-youtube-embedded-0.62.2.jar;C:\Users\ADW User ACR\.m2\repository\com\vladsch\flexmark\flexmark-html2md-converter\0.62.2\flexmark-html2md-converter-0.62.2.jar;C:\Users\ADW User ACR\.m2\repository\com\vladsch\flexmark\flexmark-jira-converter\0.62.2\flexmark-jira-converter-0.62.2.jar;C:\Users\ADW User ACR\.m2\repository\com\vladsch\flexmark\flexmark-pdf-converter\0.62.2\flexmark-pdf-converter-0.62.2.jar;C:\Users\ADW User ACR\.m2\repository\com\openhtmltopdf\openhtmltopdf-core\1.0.0\openhtmltopdf-core-1.0.0.jar;C:\Users\ADW User ACR\.m2\repository\com\openhtmltopdf\openhtmltopdf-pdfbox\1.0.0\openhtmltopdf-pdfbox-1.0.0.jar;C:\Users\ADW User ACR\.m2\repository\org\apache\pdfbox\pdfbox\2.0.16\pdfbox-2.0.16.jar;C:\Users\ADW User ACR\.m2\repository\org\apache\pdfbox\fontbox\2.0.16\fontbox-2.0.16.jar;C:\Users\ADW User ACR\.m2\repository\org\apache\pdfbox\xmpbox\2.0.16\xmpbox-2.0.16.jar;C:\Users\ADW User ACR\.m2\repository\de\rototor\pdfbox\graphics2d\0.24\graphics2d-0.24.jar;C:\Users\ADW User ACR\.m2\repository\com\openhtmltopdf\openhtmltopdf-rtl-support\1.0.0\openhtmltopdf-rtl-support-1.0.0.jar;C:\Users\ADW User ACR\.m2\repository\com\openhtmltopdf\openhtmltopdf-jsoup-dom-converter\1.0.0\openhtmltopdf-jsoup-dom-converter-1.0.0.jar;C:\Users\ADW User ACR\.m2\repository\com\vladsch\flexmark\flexmark-profile-pegdown\0.62.2\flexmark-profile-pegdown-0.62.2.jar;C:\Users\ADW User ACR\.m2\repository\com\vladsch\flexmark\flexmark-util-ast\0.62.2\flexmark-util-ast-0.62.2.jar;C:\Users\ADW User ACR\.m2\repository\com\vladsch\flexmark\flexmark-util-builder\0.62.2\flexmark-util-builder-0.62.2.jar;C:\Users\ADW User ACR\.m2\repository\com\vladsch\flexmark\flexmark-util-collection\0.62.2\flexmark-util-collection-0.62.2.jar;C:\Users\ADW User ACR\.m2\repository\com\vladsch\flexmark\flexmark-util-data\0.62.2\flexmark-util-data-0.62.2.jar;C:\Users\ADW User ACR\.m2\repository\com\vladsch\flexmark\flexmark-util-dependency\0.62.2\flexmark-util-dependency-0.62.2.jar;C:\Users\ADW User ACR\.m2\repository\com\vladsch\flexmark\flexmark-util-format\0.62.2\flexmark-util-format-0.62.2.jar;C:\Users\ADW User ACR\.m2\repository\com\vladsch\flexmark\flexmark-util-html\0.62.2\flexmark-util-html-0.62.2.jar;C:\Users\ADW User ACR\.m2\repository\com\vladsch\flexmark\flexmark-util-misc\0.62.2\flexmark-util-misc-0.62.2.jar;C:\Users\ADW User ACR\.m2\repository\com\vladsch\flexmark\flexmark-util-options\0.62.2\flexmark-util-options-0.62.2.jar;C:\Users\ADW User ACR\.m2\repository\com\vladsch\flexmark\flexmark-util-sequence\0.62.2\flexmark-util-sequence-0.62.2.jar;C:\Users\ADW User ACR\.m2\repository\com\vladsch\flexmark\flexmark-util-visitor\0.62.2\flexmark-util-visitor-0.62.2.jar;C:\Users\ADW User ACR\.m2\repository\com\vladsch\flexmark\flexmark-youtrack-converter\0.62.2\flexmark-youtrack-converter-0.62.2.jar;C:\Users\ADW User ACR\.m2\repository\com\ibm\icu\icu4j\72.1\icu4j-72.1.jar;C:\Users\ADW User ACR\.m2\repository\es\nitaur\markdown\txtmark\0.16\txtmark-0.16.jar;C:\Users\ADW User ACR\.m2\repository\net\serenity-bdd\serenity-report-resources\3.6.21\serenity-report-resources-3.6.21.jar;C:\Users\ADW User ACR\.m2\repository\com\google\code\gson\gson\2.10.1\gson-2.10.1.jar;C:\Users\ADW User ACR\.m2\repository\com\fasterxml\jackson\core\jackson-core\2.15.0-rc1\jackson-core-2.15.0-rc1.jar;C:\Users\ADW User ACR\.m2\repository\com\fasterxml\jackson\core\jackson-databind\2.15.0-rc1\jackson-databind-2.15.0-rc1.jar;C:\Users\ADW User ACR\.m2\repository\com\fasterxml\jackson\core\jackson-annotations\2.15.0-rc1\jackson-annotations-2.15.0-rc1.jar;C:\Users\ADW User ACR\.m2\repository\commons-codec\commons-codec\1.15\commons-codec-1.15.jar;C:\Users\ADW User ACR\.m2\repository\commons-io\commons-io\2.11.0\commons-io-2.11.0.jar;C:\Users\ADW User ACR\.m2\repository\org\apache\httpcomponents\httpclient\4.5.13\httpclient-4.5.13.jar;C:\Users\ADW User ACR\.m2\repository\org\apache\httpcomponents\httpcore\4.4.13\httpcore-4.4.13.jar;C:\Users\ADW User ACR\.m2\repository\commons-logging\commons-logging\1.2\commons-logging-1.2.jar;C:\Users\ADW User ACR\.m2\repository\org\seleniumhq\selenium\selenium-java\4.8.1\selenium-java-4.8.1.jar;C:\Users\ADW User ACR\.m2\repository\org\seleniumhq\selenium\selenium-devtools-v108\4.8.1\selenium-devtools-v108-4.8.1.jar;C:\Users\ADW User ACR\.m2\repository\org\seleniumhq\selenium\selenium-devtools-v109\4.8.1\selenium-devtools-v109-4.8.1.jar;C:\Users\ADW User ACR\.m2\repository\org\seleniumhq\selenium\selenium-devtools-v110\4.8.1\selenium-devtools-v110-4.8.1.jar;C:\Users\ADW User ACR\.m2\repository\org\seleniumhq\selenium\selenium-devtools-v85\4.8.1\selenium-devtools-v85-4.8.1.jar;C:\Users\ADW User ACR\.m2\repository\org\seleniumhq\selenium\selenium-remote-driver\4.8.1\selenium-remote-driver-4.8.1.jar;C:\Users\ADW User ACR\.m2\repository\com\beust\jcommander\1.82\jcommander-1.82.jar;C:\Users\ADW User ACR\.m2\repository\io\netty\netty-buffer\4.1.87.Final\netty-buffer-4.1.87.Final.jar;C:\Users\ADW User ACR\.m2\repository\io\netty\netty-codec-http\4.1.87.Final\netty-codec-http-4.1.87.Final.jar;C:\Users\ADW User ACR\.m2\repository\io\netty\netty-codec\4.1.87.Final\netty-codec-4.1.87.Final.jar;C:\Users\ADW User ACR\.m2\repository\io\netty\netty-handler\4.1.87.Final\netty-handler-4.1.87.Final.jar;C:\Users\ADW User ACR\.m2\repository\io\netty\netty-common\4.1.87.Final\netty-common-4.1.87.Final.jar;C:\Users\ADW User ACR\.m2\repository\io\netty\netty-transport-classes-epoll\4.1.87.Final\netty-transport-classes-epoll-4.1.87.Final.jar;C:\Users\ADW User ACR\.m2\repository\io\netty\netty-transport-classes-kqueue\4.1.87.Final\netty-transport-classes-kqueue-4.1.87.Final.jar;C:\Users\ADW User ACR\.m2\repository\io\netty\netty-transport-native-epoll\4.1.87.Final\netty-transport-native-epoll-4.1.87.Final.jar;C:\Users\ADW User ACR\.m2\repository\io\netty\netty-transport-native-kqueue\4.1.87.Final\netty-transport-native-kqueue-4.1.87.Final.jar;C:\Users\ADW User ACR\.m2\repository\io\netty\netty-transport-native-unix-common\4.1.87.Final\netty-transport-native-unix-common-4.1.87.Final.jar;C:\Users\ADW User ACR\.m2\repository\io\netty\netty-transport\4.1.87.Final\netty-transport-4.1.87.Final.jar;C:\Users\ADW User ACR\.m2\repository\io\netty\netty-resolver\4.1.87.Final\netty-resolver-4.1.87.Final.jar;C:\Users\ADW User ACR\.m2\repository\io\opentelemetry\opentelemetry-api\1.22.0\opentelemetry-api-1.22.0.jar;C:\Users\ADW User ACR\.m2\repository\io\opentelemetry\opentelemetry-context\1.22.0\opentelemetry-context-1.22.0.jar;C:\Users\ADW User ACR\.m2\repository\io\opentelemetry\opentelemetry-exporter-logging\1.22.0\opentelemetry-exporter-logging-1.22.0.jar;C:\Users\ADW User ACR\.m2\repository\io\opentelemetry\opentelemetry-sdk-metrics\1.22.0\opentelemetry-sdk-metrics-1.22.0.jar;C:\Users\ADW User ACR\.m2\repository\io\opentelemetry\opentelemetry-sdk-logs\1.22.0-alpha\opentelemetry-sdk-logs-1.22.0-alpha.jar;C:\Users\ADW User ACR\.m2\repository\io\opentelemetry\opentelemetry-api-logs\1.22.0-alpha\opentelemetry-api-logs-1.22.0-alpha.jar;C:\Users\ADW User ACR\.m2\repository\io\opentelemetry\opentelemetry-sdk-common\1.22.0\opentelemetry-sdk-common-1.22.0.jar;C:\Users\ADW User ACR\.m2\repository\io\opentelemetry\opentelemetry-sdk-extension-autoconfigure-spi\1.22.0\opentelemetry-sdk-extension-autoconfigure-spi-1.22.0.jar;C:\Users\ADW User ACR\.m2\repository\io\opentelemetry\opentelemetry-sdk-extension-autoconfigure\1.22.0-alpha\opentelemetry-sdk-extension-autoconfigure-1.22.0-alpha.jar;C:\Users\ADW User ACR\.m2\repository\io\opentelemetry\opentelemetry-sdk-trace\1.22.0\opentelemetry-sdk-trace-1.22.0.jar;C:\Users\ADW User ACR\.m2\repository\io\opentelemetry\opentelemetry-sdk\1.22.0\opentelemetry-sdk-1.22.0.jar;C:\Users\ADW User ACR\.m2\repository\io\opentelemetry\opentelemetry-semconv\1.22.0-alpha\opentelemetry-semconv-1.22.0-alpha.jar;C:\Users\ADW User ACR\.m2\repository\io\ous\jtoml\2.0.0\jtoml-2.0.0.jar;C:\Users\ADW User ACR\.m2\repository\org\apache\commons\commons-exec\1.3\commons-exec-1.3.jar;C:\Users\ADW User ACR\.m2\repository\org\asynchttpclient\async-http-client\2.12.3\async-http-client-2.12.3.jar;C:\Users\ADW User ACR\.m2\repository\org\asynchttpclient\async-http-client-netty-utils\2.12.3\async-http-client-netty-utils-2.12.3.jar;C:\Users\ADW User ACR\.m2\repository\io\netty\netty-codec-socks\4.1.60.Final\netty-codec-socks-4.1.60.Final.jar;C:\Users\ADW User ACR\.m2\repository\io\netty\netty-handler-proxy\4.1.60.Final\netty-handler-proxy-4.1.60.Final.jar;C:\Users\ADW User ACR\.m2\repository\io\netty\netty-transport-native-epoll\4.1.60.Final\netty-transport-native-epoll-4.1.60.Final-linux-x86_64.jar;C:\Users\ADW User ACR\.m2\repository\io\netty\netty-transport-native-kqueue\4.1.60.Final\netty-transport-native-kqueue-4.1.60.Final-osx-x86_64.jar;C:\Users\ADW User ACR\.m2\repository\org\reactivestreams\reactive-streams\1.0.3\reactive-streams-1.0.3.jar;C:\Users\ADW User ACR\.m2\repository\com\typesafe\netty\netty-reactive-streams\2.0.4\netty-reactive-streams-2.0.4.jar;C:\Users\ADW User ACR\.m2\repository\org\seleniumhq\selenium\selenium-manager\4.8.1\selenium-manager-4.8.1.jar;C:\Users\ADW User ACR\.m2\repository\org\seleniumhq\selenium\selenium-safari-driver\4.8.1\selenium-safari-driver-4.8.1.jar;C:\Users\ADW User ACR\.m2\repository\org\seleniumhq\selenium\selenium-api\4.8.1\selenium-api-4.8.1.jar;C:\Users\ADW User ACR\.m2\repository\org\seleniumhq\selenium\selenium-support\4.8.1\selenium-support-4.8.1.jar;C:\Users\ADW User ACR\.m2\repository\com\google\auto\service\auto-service-annotations\1.0.1\auto-service-annotations-1.0.1.jar;C:\Users\ADW User ACR\.m2\repository\com\google\auto\service\auto-service\1.0.1\auto-service-1.0.1.jar;C:\Users\ADW User ACR\.m2\repository\com\google\auto\auto-common\1.2\auto-common-1.2.jar;C:\Users\ADW User ACR\.m2\repository\org\seleniumhq\selenium\selenium-json\4.8.1\selenium-json-4.8.1.jar;C:\Users\ADW User ACR\.m2\repository\org\seleniumhq\selenium\selenium-chrome-driver\4.8.1\selenium-chrome-driver-4.8.1.jar;C:\Users\ADW User ACR\.m2\repository\org\seleniumhq\selenium\selenium-chromium-driver\4.8.1\selenium-chromium-driver-4.8.1.jar;C:\Users\ADW User ACR\.m2\repository\org\seleniumhq\selenium\selenium-firefox-driver\4.8.1\selenium-firefox-driver-4.8.1.jar;C:\Users\ADW User ACR\.m2\repository\org\seleniumhq\selenium\selenium-http\4.8.1\selenium-http-4.8.1.jar;C:\Users\ADW User ACR\.m2\repository\dev\failsafe\failsafe\3.3.0\failsafe-3.3.0.jar;C:\Users\ADW User ACR\.m2\repository\org\seleniumhq\selenium\selenium-edge-driver\4.8.1\selenium-edge-driver-4.8.1.jar;C:\Users\ADW User ACR\.m2\repository\org\seleniumhq\selenium\selenium-ie-driver\4.8.1\selenium-ie-driver-4.8.1.jar;C:\Users\ADW User ACR\.m2\repository\org\projectlombok\lombok\1.18.20\lombok-1.18.20.jar;C:\Users\ADW User ACR\.m2\repository\io\appium\java-client\8.3.0\java-client-8.3.0.jar;C:\Users\ADW User ACR\.m2\repository\commons-validator\commons-validator\1.7\commons-validator-1.7.jar;C:\Users\ADW User ACR\.m2\repository\commons-digester\commons-digester\2.1\commons-digester-2.1.jar;C:\Users\ADW User ACR\.m2\repository\org\apache\groovy\groovy\4.0.10\groovy-4.0.10.jar;C:\Users\ADW User ACR\.m2\repository\net\sf\opencsv\opencsv\2.0\opencsv-2.0.jar;C:\Users\ADW User ACR\.m2\repository\commons-beanutils\commons-beanutils\1.9.4\commons-beanutils-1.9.4.jar;C:\Users\ADW User ACR\.m2\repository\org\apache\commons\commons-lang3\3.12.0\commons-lang3-3.12.0.jar;C:\Users\ADW User ACR\.m2\repository\commons-collections\commons-collections\3.2.2\commons-collections-3.2.2.jar;C:\Users\ADW User ACR\.m2\repository\org\fluentlenium\fluentlenium-core\0.10.2\fluentlenium-core-0.10.2.jar;C:\Users\ADW User ACR\.m2\repository\io\github\bonigarcia\webdrivermanager\5.3.0\webdrivermanager-5.3.0.jar;C:\Users\ADW User ACR\.m2\repository\com\github\docker-java\docker-java\3.2.13\docker-java-3.2.13.jar;C:\Users\ADW User ACR\.m2\repository\com\github\docker-java\docker-java-core\3.2.13\docker-java-core-3.2.13.jar;C:\Users\ADW User ACR\.m2\repository\com\github\docker-java\docker-java-api\3.2.13\docker-java-api-3.2.13.jar;C:\Users\ADW User ACR\.m2\repository\org\apache\commons\commons-compress\1.21\commons-compress-1.21.jar;C:\Users\ADW User ACR\.m2\repository\org\bouncycastle\bcpkix-jdk15on\1.64\bcpkix-jdk15on-1.64.jar;C:\Users\ADW User ACR\.m2\repository\org\bouncycastle\bcprov-jdk15on\1.64\bcprov-jdk15on-1.64.jar;C:\Users\ADW User ACR\.m2\repository\org\slf4j\jcl-over-slf4j\1.7.30\jcl-over-slf4j-1.7.30.jar;C:\Users\ADW User ACR\.m2\repository\com\github\docker-java\docker-java-transport-httpclient5\3.2.13\docker-java-transport-httpclient5-3.2.13.jar;C:\Users\ADW User ACR\.m2\repository\com\github\docker-java\docker-java-transport\3.2.13\docker-java-transport-3.2.13.jar;C:\Users\ADW User ACR\.m2\repository\net\java\dev\jna\jna\5.8.0\jna-5.8.0.jar;C:\Users\ADW User ACR\.m2\repository\org\brotli\dec\0.1.2\dec-0.1.2.jar;C:\Users\ADW User ACR\.m2\repository\org\apache\httpcomponents\client5\httpclient5\5.1.3\httpclient5-5.1.3.jar;C:\Users\ADW User ACR\.m2\repository\org\apache\httpcomponents\core5\httpcore5\5.1.3\httpcore5-5.1.3.jar;C:\Users\ADW User ACR\.m2\repository\org\apache\httpcomponents\core5\httpcore5-h2\5.1.3\httpcore5-h2-5.1.3.jar;C:\Users\ADW User ACR\.m2\repository\com\jhlabs\filters\2.0.235\filters-2.0.235.jar;C:\Users\ADW User ACR\.m2\repository\com\paulhammant\ngwebdriver\1.1.6\ngwebdriver-1.1.6.jar;C:\Users\ADW User ACR\.m2\repository\joda-time\joda-time\2.12.2\joda-time-2.12.2.jar;C:\Users\ADW User ACR\.m2\repository\org\hamcrest\hamcrest\2.2\hamcrest-2.2.jar;C:\Users\ADW User ACR\.m2\repository\com\google\jimfs\jimfs\1.2\jimfs-1.2.jar;C:\Users\ADW User ACR\.m2\repository\org\mockito\mockito-core\3.3.3\mockito-core-3.3.3.jar;C:\Users\ADW User ACR\.m2\repository\javax\xml\bind\jaxb-api\2.3.1\jaxb-api-2.3.1.jar;C:\Users\ADW User ACR\.m2\repository\javax\activation\javax.activation-api\1.2.0\javax.activation-api-1.2.0.jar;C:\Users\ADW User ACR\.m2\repository\com\sun\xml\bind\jaxb-core\2.3.0.1\jaxb-core-2.3.0.1.jar;C:\Users\ADW User ACR\.m2\repository\com\sun\xml\bind\jaxb-impl\2.3.3\jaxb-impl-2.3.3.jar;C:\Users\ADW User ACR\.m2\repository\jakarta\xml\bind\jakarta.xml.bind-api\2.3.3\jakarta.xml.bind-api-2.3.3.jar;C:\Users\ADW User ACR\.m2\repository\com\sun\activation\jakarta.activation\1.2.2\jakarta.activation-1.2.2.jar;C:\Users\ADW User ACR\.m2\repository\javax\activation\activation\1.1.1\activation-1.1.1.jar;C:\Users\ADW User ACR\.m2\repository\net\serenity-bdd\serenity-cucumber\3.6.21\serenity-cucumber-3.6.21.jar;C:\Users\ADW User ACR\.m2\repository\io\cucumber\cucumber-core\7.11.0\cucumber-core-7.11.0.jar;C:\Users\ADW User ACR\.m2\repository\io\cucumber\cucumber-gherkin\7.11.0\cucumber-gherkin-7.11.0.jar;C:\Users\ADW User ACR\.m2\repository\io\cucumber\cucumber-gherkin-messages\7.11.0\cucumber-gherkin-messages-7.11.0.jar;C:\Users\ADW User ACR\.m2\repository\io\cucumber\gherkin\26.0.3\gherkin-26.0.3.jar;C:\Users\ADW User ACR\.m2\repository\io\cucumber\messages\21.0.1\messages-21.0.1.jar;C:\Users\ADW User ACR\.m2\repository\io\cucumber\tag-expressions\5.0.1\tag-expressions-5.0.1.jar;C:\Users\ADW User ACR\.m2\repository\io\cucumber\cucumber-expressions\16.1.1\cucumber-expressions-16.1.1.jar;C:\Users\ADW User ACR\.m2\repository\io\cucumber\datatable\7.11.0\datatable-7.11.0.jar;C:\Users\ADW User ACR\.m2\repository\io\cucumber\cucumber-plugin\7.11.0\cucumber-plugin-7.11.0.jar;C:\Users\ADW User ACR\.m2\repository\io\cucumber\docstring\7.11.0\docstring-7.11.0.jar;C:\Users\ADW User ACR\.m2\repository\io\cucumber\html-formatter\20.2.1\html-formatter-20.2.1.jar;C:\Users\ADW User ACR\.m2\repository\io\cucumber\junit-xml-formatter\0.1.0\junit-xml-formatter-0.1.0.jar;C:\Users\ADW User ACR\.m2\repository\io\cucumber\ci-environment\9.1.0\ci-environment-9.1.0.jar;C:\Users\ADW User ACR\.m2\repository\io\cucumber\cucumber-java\7.11.0\cucumber-java-7.11.0.jar;C:\Users\ADW User ACR\.m2\repository\io\cucumber\cucumber-junit\7.11.0\cucumber-junit-7.11.0.jar;C:\Users\ADW User ACR\.m2\repository\org\apache\commons\commons-csv\1.5\commons-csv-1.5.jar;C:\Users\ADW User ACR\.m2\repository\net\serenity-bdd\serenity-screenplay\3.6.21\serenity-screenplay-3.6.21.jar;C:\Users\ADW User ACR\.m2\repository\net\serenity-bdd\serenity-screenplay-webdriver\3.6.21\serenity-screenplay-webdriver-3.6.21.jar;C:\Users\ADW User ACR\.m2\repository\net\serenity-bdd\serenity-ensure\3.6.21\serenity-ensure-3.6.21.jar;C:\Users\ADW User ACR\.m2\repository\net\serenity-bdd\serenity-junit\3.6.21\serenity-junit-3.6.21.jar;C:\Users\ADW User ACR\.m2\repository\org\jetbrains\kotlin\kotlin-stdlib\1.8.10\kotlin-stdlib-1.8.10.jar;C:\Users\ADW User ACR\.m2\repository\org\jetbrains\kotlin\kotlin-stdlib-common\1.8.10\kotlin-stdlib-common-1.8.10.jar;C:\Users\ADW User ACR\.m2\repository\org\jetbrains\annotations\13.0\annotations-13.0.jar;C:\Users\ADW User ACR\.m2\repository\org\junit\platform\junit-platform-launcher\1.8.2\junit-platform-launcher-1.8.2.jar;C:\Users\ADW User ACR\.m2\repository\org\junit\platform\junit-platform-engine\1.8.2\junit-platform-engine-1.8.2.jar;C:\Users\ADW User ACR\.m2\repository\org\opentest4j\opentest4j\1.2.0\opentest4j-1.2.0.jar;C:\Users\ADW User ACR\.m2\repository\org\junit\platform\junit-platform-commons\1.8.2\junit-platform-commons-1.8.2.jar;C:\Users\ADW User ACR\.m2\repository\org\apiguardian\apiguardian-api\1.1.2\apiguardian-api-1.1.2.jar;C:\Users\ADW User ACR\.m2\repository\org\junit\jupiter\junit-jupiter-engine\5.8.2\junit-jupiter-engine-5.8.2.jar;C:\Users\ADW User ACR\.m2\repository\org\junit\jupiter\junit-jupiter-api\5.8.2\junit-jupiter-api-5.8.2.jar;C:\Users\ADW User ACR\.m2\repository\org\junit\vintage\junit-vintage-engine\5.8.2\junit-vintage-engine-5.8.2.jar;C:\Users\ADW User ACR\.m2\repository\junit\junit\4.13.2\junit-4.13.2.jar;C:\Users\ADW User ACR\.m2\repository\org\hamcrest\hamcrest-core\1.3\hamcrest-core-1.3.jar;C:\Users\ADW User ACR\.m2\repository\ch\qos\logback\logback-classic\1.2.10\logback-classic-1.2.10.jar;C:\Users\ADW User ACR\.m2\repository\ch\qos\logback\logback-core\1.2.10\logback-core-1.2.10.jar;C:\Users\ADW User ACR\.m2\repository\org\slf4j\slf4j-api\1.7.32\slf4j-api-1.7.32.jar;C:\Users\ADW User ACR\.m2\repository\org\assertj\assertj-core\3.23.1\assertj-core-3.23.1.jar;C:\Users\ADW User ACR\.m2\repository\net\bytebuddy\byte-buddy\1.12.10\byte-buddy-1.12.10.jar;"/>
    <property name="sun.cpu.endian" value="little"/>
    <property name="user.home" value="C:\Users\ADW User ACR"/>
    <property name="user.language" value="en"/>
    <property name="java.specification.vendor" value="Oracle Corporation"/>
    <property name="java.home" value="C:\Program Files\Java\jdk1.8.0_202\jre"/>
    <property name="basedir" value="D:\D\QE_Alta\MiniProject\Web\Pilih-Beli-Produk"/>
    <property name="file.separator" value="\"/>
    <property name="line.separator" value="&#10;"/>
    <property name="java.vm.specification.vendor" value="Oracle Corporation"/>
    <property name="java.specification.name" value="Java Platform API Specification"/>
    <property name="java.awt.graphicsenv" value="sun.awt.Win32GraphicsEnvironment"/>
    <property name="surefire.real.class.path" value="C:\Users\ADW User ACR\AppData\Local\Temp\surefire6207553097486143306\surefirebooter4555194219951890914.jar"/>
    <property name="sun.boot.class.path" value="C:\Program Files\Java\jdk1.8.0_202\jre\lib\resources.jar;C:\Program Files\Java\jdk1.8.0_202\jre\lib\rt.jar;C:\Program Files\Java\jdk1.8.0_202\jre\lib\sunrsasign.jar;C:\Program Files\Java\jdk1.8.0_202\jre\lib\jsse.jar;C:\Program Files\Java\jdk1.8.0_202\jre\lib\jce.jar;C:\Program Files\Java\jdk1.8.0_202\jre\lib\charsets.jar;C:\Program Files\Java\jdk1.8.0_202\jre\lib\jfr.jar;C:\Program Files\Java\jdk1.8.0_202\jre\classes"/>
    <property name="user.script" value=""/>
    <property name="sun.management.compiler" value="HotSpot 64-Bit Tiered Compilers"/>
    <property name="java.runtime.version" value="1.8.0_202-b08"/>
    <property name="user.name" value="ADW User ACR"/>
    <property name="path.separator" value=";"/>
    <property name="os.version" value="10.0"/>
    <property name="java.endorsed.dirs" value="C:\Program Files\Java\jdk1.8.0_202\jre\lib\endorsed"/>
    <property name="java.runtime.name" value="Java(TM) SE Runtime Environment"/>
    <property name="file.encoding" value="Cp1252"/>
    <property name="webdriver.base.url" value=""/>
    <property name="java.vm.name" value="Java HotSpot(TM) 64-Bit Server VM"/>
    <property name="localRepository" value="C:\Users\ADW User ACR\.m2\repository"/>
    <property name="java.vendor.url.bug" value="http://bugreport.sun.com/bugreport/"/>
    <property name="java.io.tmpdir" value="C:\Users\ADWUSE~1\AppData\Local\Temp\"/>
    <property name="java.version" value="1.8.0_202"/>
    <property name="user.dir" value="D:\D\QE_Alta\MiniProject\Web\Pilih-Beli-Produk"/>
    <property name="os.arch" value="amd64"/>
    <property name="java.vm.specification.name" value="Java Virtual Machine Specification"/>
    <property name="java.awt.printerjob" value="sun.awt.windows.WPrinterJob"/>
    <property name="sun.os.patch.level" value=""/>
    <property name="java.library.path" value="C:\Program Files\Java\jdk1.8.0_202\jre\bin;C:\Windows\Sun\Java\bin;C:\Windows\system32;C:\Windows;C:\Python311\Scripts\;C:\Python311\;C:\Program Files (x86)\Common Files\Oracle\Java\javapath;C:\Program Files (x86)\Common Files\Intel\Shared Files\cpp\bin\Intel64;C:\Windows\system32;C:\Windows;C:\Windows\System32\Wbem;C:\Windows\System32\WindowsPowerShell\v1.0\;C:\Windows\System32\OpenSSH\;C:\Program Files\apache-maven-3.9.1\bin;C:\Program Files\nodejs\;C:\ProgramData\chocolatey\bin;C:\Users\Public\Android\Sdk;C:\Users\Public\Android\Sdk\platform-tools;C:\Users\ADW User ACR\AppData\Local\Microsoft\WindowsApps;C:\Users\ADW User ACR\AppData\Local\Programs\Git\cmd;C:\Users\ADW User ACR\AppData\Roaming\npm;."/>
    <property name="java.vm.info" value="mixed mode"/>
    <property name="java.vendor" value="Oracle Corporation"/>
    <property name="java.vm.version" value="25.202-b08"/>
    <property name="java.ext.dirs" value="C:\Program Files\Java\jdk1.8.0_202\jre\lib\ext;C:\Windows\Sun\Java\lib\ext"/>
    <property name="sun.io.unicode.encoding" value="UnicodeLittle"/>
    <property name="java.class.version" value="52.0"/>
  </properties>
  <testcase name="as user i want to choose product and add product to cart" classname="As a user i have choose product so that i can order product" time="14.1">
    <system-out><![CDATA[15:27:51.206 [main] DEBUG net.thucydides.core.guice.Injectors - Created injector for module net.thucydides.core.guice.ThucydidesModule
15:27:51.633 [main] DEBUG io.cucumber.core.plugin.SerenityReporter - Running feature from file:///D:/D/QE_Alta/MiniProject/Web/Pilih-Beli-Produk/src/test/resources/features/PilihProduk.feature
15:27:51.894 [main] DEBUG net.thucydides.core.guice.Injectors - Created injector for module net.thucydides.core.guice.webdriver.WebDriverModule
15:27:51.964 [main] INFO  - 

-------------------------------------------------------------------------------------
     _______. _______ .______       _______ .__   __.  __  .___________.____    ____ 
    /       ||   ____||   _  \     |   ____||  \ |  | |  | |           |\   \  /   / 
   |   (----`|  |__   |  |_)  |    |  |__   |   \|  | |  | `---|  |----` \   \/   /  
    \   \    |   __|  |      /     |   __|  |  . `  | |  |     |  |       \_    _/   
.----)   |   |  |____ |  |\  \----.|  |____ |  |\   | |  |     |  |         |  |     
|_______/    |_______|| _| `._____||_______||__| \__| |__|     |__|         |__|    
                                                                                     
 News and tutorials at http://www.serenity-bdd.info                                  
 Documentation at https://wakaleo.gitbooks.io/the-serenity-book/content/             
 Join the Serenity Community on Gitter: https://gitter.im/serenity-bdd/serenity-core 
 Serenity BDD Support and Training at http://serenity-bdd.info/#/trainingandsupport  
-------------------------------------------------------------------------------------

15:27:51.968 [main] DEBUG net.thucydides.core.steps.StepEventBus - Test suite started for story net.thucydides.core.model.Story@5e3b7cfb
15:27:51.970 [main] INFO  - Test Suite Started: As a user i have choose product so that i can order product
15:27:51.992 [main] DEBUG io.cucumber.core.plugin.SerenityReporter - Running feature from file:///D:/D/QE_Alta/MiniProject/Web/Pilih-Beli-Produk/src/test/resources/features/PilihProduk.feature
15:27:51.996 [main] DEBUG net.thucydides.core.steps.StepEventBus - Test suite started for story net.thucydides.core.model.Story@5e3b7cfb
15:27:51.997 [main] INFO  - Test Suite Started: As a user i have choose product so that i can order product

@TestCaseMPAAAC-14
Scenario: as user i want to choose product and add product to cart &amp#27;[90m# src/test/resources/features/PilihProduk.feature:4&amp#27;[0m
15:27:52.161 [main] DEBUG io.cucumber.core.plugin.SerenityReporter - Running feature from file:///D:/D/QE_Alta/MiniProject/Web/Pilih-Beli-Produk/src/test/resources/features/PilihProduk.feature
15:27:52.384 [main] INFO  - 
  _____   ___   ___   _____     ___   _____     _     ___   _____   ___   ___  
 |_   _| | __| / __| |_   _|   / __| |_   _|   /_\   | _ \ |_   _| | __| |   \ 
   | |   | _|  \__ \   | |     \__ \   | |    / _ \  |   /   | |   | _|  | |) |
   |_|   |___| |___/   |_|     |___/   |_|   /_/ \_\ |_|_\   |_|   |___| |___/ 

as user i want to choose product and add product to cart(as-a-user-i-have-choose-product-so-that-i-can-order-product;as-user-i-want-to-choose-product-and-add-product-to-cart)
--------------------------------------------------------------------------------
15:27:52.457 [main] DEBUG net.thucydides.core.requirements.model.cucumber.CucumberParser - Loading feature D:\D\QE_Alta\MiniProject\Web\Pilih-Beli-Produk\src\test\resources\features\PilihProduk.feature
15:27:53.504 [main] DEBUG net.thucydides.core.steps.StepInterceptor - STARTING STEP: LoginSteps.userOnLoginPage - onLoginPage
15:27:53.553 [main] INFO net.serenitybdd.core.webdriver.driverproviders.DriverProvider - Using WebDriverManager configuration for chrome
15:27:54.703 [main] DEBUG io.github.bonigarcia.wdm.cache.ResolutionCache - Resolution chrome=112 in cache (valid until 16:24:00 08/05/2023 ICT)
15:27:54.705 [main] DEBUG io.github.bonigarcia.wdm.cache.ResolutionCache - Resolution chrome112=112.0.5615.49 in cache (valid until 14:13:59 09/05/2023 ICT)
15:27:54.706 [main] INFO io.github.bonigarcia.wdm.WebDriverManager - Using chromedriver 112.0.5615.49 (resolved driver for Chrome 112)
15:27:54.729 [main] DEBUG io.github.bonigarcia.wdm.WebDriverManager - Driver chromedriver 112.0.5615.49 found in cache
15:27:54.730 [main] INFO io.github.bonigarcia.wdm.WebDriverManager - Exporting webdriver.chrome.driver as C:\Users\ADW User ACR\.cache\selenium\chromedriver\win32\112.0.5615.49\chromedriver.exe
15:27:54.849 [main] INFO net.serenitybdd.core.webdriver.driverproviders.ChromeDriverProvider - Starting Chrome driver instance with capabilities:
15:27:54.854 [main] INFO net.serenitybdd.core.webdriver.driverproviders.ChromeDriverProvider - Capabilities {acceptInsecureCerts: true, browserName: chrome, goog:chromeOptions: {args: [remote-allow-origins=*, test-type, no-sandbox, ignore-certificate-errors, start-maximized, incognito, disable-infobars, disable-gpu, disable-default-apps, disable-popup-blocking, remote-allow-origins=*, test-type, no-sandbox, ignore-certificate-errors, start-maximized, incognito, disable-infobars, disable-gpu, disable-default-apps, disable-popup-blocking, remote-allow-origins=*], extensions: []}}
15:27:54.981 [main] DEBUG io.netty.util.internal.logging.InternalLoggerFactory - Using SLF4J as the default logging framework
15:27:54.987 [main] DEBUG io.netty.util.ResourceLeakDetector - -Dio.netty.leakDetection.level: simple
15:27:54.987 [main] DEBUG io.netty.util.ResourceLeakDetector - -Dio.netty.leakDetection.targetRecords: 4
15:27:54.993 [main] DEBUG io.netty.util.ResourceLeakDetectorFactory - Loaded default ResourceLeakDetector: io.netty.util.ResourceLeakDetector@ba17be6
15:27:55.026 [main] DEBUG io.netty.util.internal.PlatformDependent0 - -Dio.netty.noUnsafe: false
15:27:55.026 [main] DEBUG io.netty.util.internal.PlatformDependent0 - Java version: 8
15:27:55.027 [main] DEBUG io.netty.util.internal.PlatformDependent0 - sun.misc.Unsafe.theUnsafe: available
15:27:55.028 [main] DEBUG io.netty.util.internal.PlatformDependent0 - sun.misc.Unsafe.copyMemory: available
15:27:55.029 [main] DEBUG io.netty.util.internal.PlatformDependent0 - sun.misc.Unsafe.storeFence: available
15:27:55.030 [main] DEBUG io.netty.util.internal.PlatformDependent0 - java.nio.Buffer.address: available
15:27:55.031 [main] DEBUG io.netty.util.internal.PlatformDependent0 - direct buffer constructor: available
15:27:55.032 [main] DEBUG io.netty.util.internal.PlatformDependent0 - java.nio.Bits.unaligned: available, true
15:27:55.032 [main] DEBUG io.netty.util.internal.PlatformDependent0 - jdk.internal.misc.Unsafe.allocateUninitializedArray(int): unavailable prior to Java9
15:27:55.032 [main] DEBUG io.netty.util.internal.PlatformDependent0 - java.nio.DirectByteBuffer.<init>(long, int): available
15:27:55.032 [main] DEBUG io.netty.util.internal.PlatformDependent - sun.misc.Unsafe: available
15:27:55.033 [main] DEBUG io.netty.util.internal.PlatformDependent - -Dio.netty.tmpdir: C:\Users\ADWUSE~1\AppData\Local\Temp (java.io.tmpdir)
15:27:55.033 [main] DEBUG io.netty.util.internal.PlatformDependent - -Dio.netty.bitMode: 64 (sun.arch.data.model)
15:27:55.034 [main] DEBUG io.netty.util.internal.PlatformDependent - Platform: Windows
15:27:55.035 [main] DEBUG io.netty.util.internal.PlatformDependent - -Dio.netty.maxDirectMemory: 1840250880 bytes
15:27:55.047 [main] DEBUG io.netty.util.internal.PlatformDependent - -Dio.netty.uninitializedArrayAllocationThreshold: -1
15:27:55.054 [main] DEBUG io.netty.util.internal.CleanerJava6 - java.nio.ByteBuffer.cleaner(): available
15:27:55.055 [main] DEBUG io.netty.util.internal.PlatformDependent - -Dio.netty.noPreferDirect: false
15:27:55.069 [main] DEBUG io.netty.util.internal.PlatformDependent - org.jctools-core.MpscChunkedArrayQueue: available
15:27:55.104 [main] DEBUG io.netty.util.internal.InternalThreadLocalMap - -Dio.netty.threadLocalMap.stringBuilder.initialSize: 1024
15:27:55.105 [main] DEBUG io.netty.util.internal.InternalThreadLocalMap - -Dio.netty.threadLocalMap.stringBuilder.maxSize: 4096
15:27:55.163 [main] DEBUG io.netty.handler.ssl.JdkSslContext - Default protocols (JDK): [TLSv1.2, TLSv1.1, TLSv1] 
15:27:55.164 [main] DEBUG io.netty.handler.ssl.JdkSslContext - Default cipher suites (JDK): [TLS_ECDHE_ECDSA_WITH_AES_256_GCM_SHA384, TLS_ECDHE_ECDSA_WITH_AES_128_GCM_SHA256, TLS_ECDHE_RSA_WITH_AES_128_GCM_SHA256, TLS_ECDHE_RSA_WITH_AES_256_GCM_SHA384, TLS_ECDHE_RSA_WITH_AES_128_CBC_SHA, TLS_ECDHE_RSA_WITH_AES_256_CBC_SHA, TLS_RSA_WITH_AES_128_GCM_SHA256, TLS_RSA_WITH_AES_128_CBC_SHA, TLS_RSA_WITH_AES_256_CBC_SHA]
15:27:55.207 [main] DEBUG io.netty.channel.MultithreadEventLoopGroup - -Dio.netty.eventLoopThreads: 8
15:27:55.219 [main] DEBUG io.netty.channel.nio.NioEventLoop - -Dio.netty.noKeySetOptimization: false
15:27:55.220 [main] DEBUG io.netty.channel.nio.NioEventLoop - -Dio.netty.selectorAutoRebuildThreshold: 512
15:27:55.363 [main] DEBUG io.netty.buffer.PooledByteBufAllocator - -Dio.netty.allocator.numHeapArenas: 8
15:27:55.363 [main] DEBUG io.netty.buffer.PooledByteBufAllocator - -Dio.netty.allocator.numDirectArenas: 8
15:27:55.363 [main] DEBUG io.netty.buffer.PooledByteBufAllocator - -Dio.netty.allocator.pageSize: 8192
15:27:55.363 [main] DEBUG io.netty.buffer.PooledByteBufAllocator - -Dio.netty.allocator.maxOrder: 9
15:27:55.363 [main] DEBUG io.netty.buffer.PooledByteBufAllocator - -Dio.netty.allocator.chunkSize: 4194304
15:27:55.363 [main] DEBUG io.netty.buffer.PooledByteBufAllocator - -Dio.netty.allocator.smallCacheSize: 256
15:27:55.364 [main] DEBUG io.netty.buffer.PooledByteBufAllocator - -Dio.netty.allocator.normalCacheSize: 64
15:27:55.364 [main] DEBUG io.netty.buffer.PooledByteBufAllocator - -Dio.netty.allocator.maxCachedBufferCapacity: 32768
15:27:55.364 [main] DEBUG io.netty.buffer.PooledByteBufAllocator - -Dio.netty.allocator.cacheTrimInterval: 8192
15:27:55.364 [main] DEBUG io.netty.buffer.PooledByteBufAllocator - -Dio.netty.allocator.cacheTrimIntervalMillis: 0
15:27:55.364 [main] DEBUG io.netty.buffer.PooledByteBufAllocator - -Dio.netty.allocator.useCacheForAllThreads: false
15:27:55.365 [main] DEBUG io.netty.buffer.PooledByteBufAllocator - -Dio.netty.allocator.maxCachedByteBuffersPerChunk: 1023
15:27:55.381 [main] DEBUG io.netty.buffer.ByteBufUtil - -Dio.netty.allocator.type: pooled
15:27:55.382 [main] DEBUG io.netty.buffer.ByteBufUtil - -Dio.netty.threadLocalDirectBufferSize: 0
15:27:55.382 [main] DEBUG io.netty.buffer.ByteBufUtil - -Dio.netty.maxThreadLocalCharBufferSize: 16384
15:27:56.376 [Forwarding newSession on session null to remote] DEBUG io.netty.channel.DefaultChannelId - -Dio.netty.processId: 12448 (auto-detected)
15:27:56.379 [Forwarding newSession on session null to remote] DEBUG io.netty.util.NetUtil - -Djava.net.preferIPv4Stack: false
15:27:56.379 [Forwarding newSession on session null to remote] DEBUG io.netty.util.NetUtil - -Djava.net.preferIPv6Addresses: false
15:27:56.778 [Forwarding newSession on session null to remote] DEBUG io.netty.util.NetUtilInitializations - Loopback interface: lo (Software Loopback Interface 1, 127.0.0.1)
15:27:56.780 [Forwarding newSession on session null to remote] DEBUG io.netty.util.NetUtil - Failed to get SOMAXCONN from sysctl and file \proc\sys\net\core\somaxconn. Default: 200
15:27:56.811 [Forwarding newSession on session null to remote] DEBUG io.netty.channel.DefaultChannelId - -Dio.netty.machineId: a4:02:b9:ff:fe:26:7f:1e (auto-detected)
15:27:56.897 [AsyncHttpClient-1-2] DEBUG io.netty.buffer.AbstractByteBuf - -Dio.netty.buffer.checkAccessible: true
15:27:56.897 [AsyncHttpClient-1-2] DEBUG io.netty.buffer.AbstractByteBuf - -Dio.netty.buffer.checkBounds: true
15:27:56.897 [AsyncHttpClient-1-2] DEBUG io.netty.util.ResourceLeakDetectorFactory - Loaded default ResourceLeakDetector: io.netty.util.ResourceLeakDetector@5e241e5
15:27:56.920 [AsyncHttpClient-1-2] DEBUG org.asynchttpclient.netty.channel.NettyConnectListener - Using new Channel '[id: 0xcca9817e, L:/127.0.0.1:54697 - R:localhost/127.0.0.1:42126]' for 'POST' to '/session'
15:27:56.955 [AsyncHttpClient-1-2] DEBUG io.netty.util.Recycler - -Dio.netty.recycler.maxCapacityPerThread: 4096
15:27:56.955 [AsyncHttpClient-1-2] DEBUG io.netty.util.Recycler - -Dio.netty.recycler.ratio: 8
15:27:56.955 [AsyncHttpClient-1-2] DEBUG io.netty.util.Recycler - -Dio.netty.recycler.chunkSize: 32
15:27:56.956 [AsyncHttpClient-1-2] DEBUG io.netty.util.Recycler - -Dio.netty.recycler.blocking: false
15:27:58.590 [AsyncHttpClient-1-2] DEBUG io.netty.handler.codec.compression.Brotli - brotli4j not in the classpath; Brotli support will be unavailable.
15:27:58.590 [AsyncHttpClient-1-2] DEBUG org.asynchttpclient.netty.handler.HttpHandler - 

Request DefaultHttpRequest(decodeResult: success, version: HTTP/1.1)
POST /session HTTP/1.1
User-Agent: selenium/4.8.1 (java windows)
Content-Length: 1701
Content-Type: application/json; charset=utf-8
host: localhost:42126
accept: */*

Response DefaultHttpResponse(decodeResult: success, version: HTTP/1.1)
HTTP/1.1 200 OK
Content-Length: 860
Content-Type: application/json; charset=utf-8
cache-control: no-cache

15:27:58.610 [AsyncHttpClient-1-2] DEBUG org.asynchttpclient.netty.channel.ChannelManager - Adding key: http://localhost:42126 for channel [id: 0xcca9817e, L:/127.0.0.1:54697 - R:localhost/127.0.0.1:42126]
15:27:58.868 [AsyncHttpClient-1-3] DEBUG org.asynchttpclient.netty.channel.NettyConnectListener - Using new Channel '[id: 0x6523dd0c, L:/127.0.0.1:54706 - R:localhost/127.0.0.1:54698]' for 'GET' to '/json/version'
15:27:58.873 [AsyncHttpClient-1-3] DEBUG org.asynchttpclient.netty.handler.HttpHandler - 

Request DefaultFullHttpRequest(decodeResult: success, version: HTTP/1.1, content: EmptyByteBufBE)
GET /json/version HTTP/1.1
User-Agent: selenium/4.8.1 (java windows)
host: localhost:54698
accept: */*

Response DefaultHttpResponse(decodeResult: success, version: HTTP/1.1)
HTTP/1.1 200 OK
Content-Security-Policy: frame-ancestors 'none'
Content-Length: 424
Content-Type: application/json; charset=UTF-8

15:27:58.874 [AsyncHttpClient-1-3] DEBUG org.asynchttpclient.netty.channel.ChannelManager - Adding key: http://localhost:54698 for channel [id: 0x6523dd0c, L:/127.0.0.1:54706 - R:localhost/127.0.0.1:54698]
15:27:58.893 [main] DEBUG io.netty.util.internal.ThreadLocalRandom - -Dio.netty.initialSeedUniquifier: 0x679d8462945ed88a
15:27:58.901 [AsyncHttpClient-1-4] DEBUG org.asynchttpclient.netty.channel.NettyConnectListener - Using new Channel '[id: 0x112c57cb, L:/127.0.0.1:54707 - R:localhost/127.0.0.1:54698]' for 'GET' to '/devtools/browser/de83036e-36f5-49c2-8759-812589c8c018'
15:27:58.904 [AsyncHttpClient-1-4] DEBUG org.asynchttpclient.netty.handler.WebSocketHandler - 

Request DefaultFullHttpRequest(decodeResult: success, version: HTTP/1.1, content: EmptyByteBufBE)
GET /devtools/browser/de83036e-36f5-49c2-8759-812589c8c018 HTTP/1.1
upgrade: websocket
connection: upgrade
sec-websocket-key: scBAtBNgzMHsSgbwq1wlNw==
sec-websocket-version: 13
origin: http://localhost:54698
host: localhost:54698
accept: */*
user-agent: AHC/2.1

Response DefaultHttpResponse(decodeResult: success, version: HTTP/1.1)
HTTP/1.1 101 WebSocket Protocol Handshake
Upgrade: WebSocket
Connection: Upgrade
Sec-WebSocket-Accept: cddY/8Gr7q1nqjgH5s4w/0CDmPk=

15:27:59.112 [Forwarding get on session 86b7b2901531514b56c6398d5a87e31b to remote] DEBUG org.asynchttpclient.netty.request.NettyRequestSender - Using pooled Channel '[id: 0xcca9817e, L:/127.0.0.1:54697 - R:localhost/127.0.0.1:42126]' for 'POST' to 'http://localhost:42126/session/86b7b2901531514b56c6398d5a87e31b/url'
15:27:59.113 [Forwarding get on session 86b7b2901531514b56c6398d5a87e31b to remote] DEBUG org.asynchttpclient.netty.request.NettyRequestSender - Using open Channel [id: 0xcca9817e, L:/127.0.0.1:54697 - R:localhost/127.0.0.1:42126] for POST '/session/86b7b2901531514b56c6398d5a87e31b/url'
15:27:59.479 [AsyncHttpClient-1-1] DEBUG org.asynchttpclient.netty.channel.DefaultChannelPool - Entry count for : http://localhost:54698 : 1
15:28:00.584 [AsyncHttpClient-1-1] DEBUG org.asynchttpclient.netty.channel.DefaultChannelPool - Entry count for : http://localhost:54698 : 1
15:28:00.778 [AsyncHttpClient-1-2] DEBUG org.asynchttpclient.netty.handler.HttpHandler - 

Request DefaultHttpRequest(decodeResult: success, version: HTTP/1.1)
POST /session/86b7b2901531514b56c6398d5a87e31b/url HTTP/1.1
User-Agent: selenium/4.8.1 (java windows)
Content-Length: 74
Content-Type: application/json; charset=utf-8
host: localhost:42126
accept: */*

Response DefaultHttpResponse(decodeResult: success, version: HTTP/1.1)
HTTP/1.1 200 OK
Content-Length: 14
Content-Type: application/json; charset=utf-8
cache-control: no-cache

15:28:00.778 [AsyncHttpClient-1-2] DEBUG org.asynchttpclient.netty.channel.ChannelManager - Adding key: http://localhost:42126 for channel [id: 0xcca9817e, L:/127.0.0.1:54697 - R:localhost/127.0.0.1:42126]
15:28:00.788 [Forwarding setTimeout on session 86b7b2901531514b56c6398d5a87e31b to remote] DEBUG org.asynchttpclient.netty.request.NettyRequestSender - Using pooled Channel '[id: 0xcca9817e, L:/127.0.0.1:54697 - R:localhost/127.0.0.1:42126]' for 'POST' to 'http://localhost:42126/session/86b7b2901531514b56c6398d5a87e31b/timeouts'
15:28:00.789 [Forwarding setTimeout on session 86b7b2901531514b56c6398d5a87e31b to remote] DEBUG org.asynchttpclient.netty.request.NettyRequestSender - Using open Channel [id: 0xcca9817e, L:/127.0.0.1:54697 - R:localhost/127.0.0.1:42126] for POST '/session/86b7b2901531514b56c6398d5a87e31b/timeouts'
15:28:00.790 [AsyncHttpClient-1-2] DEBUG org.asynchttpclient.netty.handler.HttpHandler - 

Request DefaultHttpRequest(decodeResult: success, version: HTTP/1.1)
POST /session/86b7b2901531514b56c6398d5a87e31b/timeouts HTTP/1.1
User-Agent: selenium/4.8.1 (java windows)
Content-Length: 22
Content-Type: application/json; charset=utf-8
host: localhost:42126
accept: */*

Response DefaultHttpResponse(decodeResult: success, version: HTTP/1.1)
HTTP/1.1 200 OK
Content-Length: 14
Content-Type: application/json; charset=utf-8
cache-control: no-cache

15:28:00.791 [AsyncHttpClient-1-2] DEBUG org.asynchttpclient.netty.channel.ChannelManager - Adding key: http://localhost:42126 for channel [id: 0xcca9817e, L:/127.0.0.1:54697 - R:localhost/127.0.0.1:42126]
15:28:00.814 [Forwarding findElement on session 86b7b2901531514b56c6398d5a87e31b to remote] DEBUG org.asynchttpclient.netty.request.NettyRequestSender - Using pooled Channel '[id: 0xcca9817e, L:/127.0.0.1:54697 - R:localhost/127.0.0.1:42126]' for 'POST' to 'http://localhost:42126/session/86b7b2901531514b56c6398d5a87e31b/element'
15:28:00.814 [Forwarding findElement on session 86b7b2901531514b56c6398d5a87e31b to remote] DEBUG org.asynchttpclient.netty.request.NettyRequestSender - Using open Channel [id: 0xcca9817e, L:/127.0.0.1:54697 - R:localhost/127.0.0.1:42126] for POST '/session/86b7b2901531514b56c6398d5a87e31b/element'
15:28:00.830 [AsyncHttpClient-1-2] DEBUG org.asynchttpclient.netty.handler.HttpHandler - 

Request DefaultHttpRequest(decodeResult: success, version: HTTP/1.1)
POST /session/86b7b2901531514b56c6398d5a87e31b/element HTTP/1.1
User-Agent: selenium/4.8.1 (java windows)
Content-Length: 69
Content-Type: application/json; charset=utf-8
host: localhost:42126
accept: */*

Response DefaultHttpResponse(decodeResult: success, version: HTTP/1.1)
HTTP/1.1 200 OK
Content-Length: 88
Content-Type: application/json; charset=utf-8
cache-control: no-cache

15:28:00.830 [AsyncHttpClient-1-2] DEBUG org.asynchttpclient.netty.channel.ChannelManager - Adding key: http://localhost:42126 for channel [id: 0xcca9817e, L:/127.0.0.1:54697 - R:localhost/127.0.0.1:42126]
15:28:00.856 [Forwarding isElementDisplayed on session 86b7b2901531514b56c6398d5a87e31b to remote] DEBUG org.asynchttpclient.netty.request.NettyRequestSender - Using pooled Channel '[id: 0xcca9817e, L:/127.0.0.1:54697 - R:localhost/127.0.0.1:42126]' for 'POST' to 'http://localhost:42126/session/86b7b2901531514b56c6398d5a87e31b/execute/sync'
15:28:00.857 [Forwarding isElementDisplayed on session 86b7b2901531514b56c6398d5a87e31b to remote] DEBUG org.asynchttpclient.netty.request.NettyRequestSender - Using open Channel [id: 0xcca9817e, L:/127.0.0.1:54697 - R:localhost/127.0.0.1:42126] for POST '/session/86b7b2901531514b56c6398d5a87e31b/execute/sync'
15:28:00.876 [AsyncHttpClient-1-2] DEBUG org.asynchttpclient.netty.handler.HttpHandler - 

Request DefaultHttpRequest(decodeResult: success, version: HTTP/1.1)
POST /session/86b7b2901531514b56c6398d5a87e31b/execute/sync HTTP/1.1
User-Agent: selenium/4.8.1 (java windows)
Content-Length: 48807
Content-Type: application/json; charset=utf-8
host: localhost:42126
accept: */*

Response DefaultHttpResponse(decodeResult: success, version: HTTP/1.1)
HTTP/1.1 200 OK
Content-Length: 14
Content-Type: application/json; charset=utf-8
cache-control: no-cache

15:28:00.876 [AsyncHttpClient-1-2] DEBUG org.asynchttpclient.netty.channel.ChannelManager - Adding key: http://localhost:42126 for channel [id: 0xcca9817e, L:/127.0.0.1:54697 - R:localhost/127.0.0.1:42126]
15:28:00.883 [Forwarding isElementDisplayed on session 86b7b2901531514b56c6398d5a87e31b to remote] DEBUG org.asynchttpclient.netty.request.NettyRequestSender - Using pooled Channel '[id: 0xcca9817e, L:/127.0.0.1:54697 - R:localhost/127.0.0.1:42126]' for 'POST' to 'http://localhost:42126/session/86b7b2901531514b56c6398d5a87e31b/execute/sync'
15:28:00.883 [Forwarding isElementDisplayed on session 86b7b2901531514b56c6398d5a87e31b to remote] DEBUG org.asynchttpclient.netty.request.NettyRequestSender - Using open Channel [id: 0xcca9817e, L:/127.0.0.1:54697 - R:localhost/127.0.0.1:42126] for POST '/session/86b7b2901531514b56c6398d5a87e31b/execute/sync'
15:28:00.898 [AsyncHttpClient-1-2] DEBUG org.asynchttpclient.netty.handler.HttpHandler - 

Request DefaultHttpRequest(decodeResult: success, version: HTTP/1.1)
POST /session/86b7b2901531514b56c6398d5a87e31b/execute/sync HTTP/1.1
User-Agent: selenium/4.8.1 (java windows)
Content-Length: 48807
Content-Type: application/json; charset=utf-8
host: localhost:42126
accept: */*

Response DefaultHttpResponse(decodeResult: success, version: HTTP/1.1)
HTTP/1.1 200 OK
Content-Length: 14
Content-Type: application/json; charset=utf-8
cache-control: no-cache

15:28:00.898 [AsyncHttpClient-1-2] DEBUG org.asynchttpclient.netty.channel.ChannelManager - Adding key: http://localhost:42126 for channel [id: 0xcca9817e, L:/127.0.0.1:54697 - R:localhost/127.0.0.1:42126]
15:28:00.918 [main] DEBUG net.thucydides.core.steps.StepInterceptor - STEP DONE: onLoginPage
  &amp#27;[32mGiven &amp#27;[0m&amp#27;[32muser on login page&amp#27;[0m                                         &amp#27;[90m# starter.stepdefinitions.LoginSteps.userOnLoginPage()&amp#27;[0m
15:28:00.938 [main] DEBUG net.thucydides.core.steps.StepInterceptor - STARTING STEP: LoginSteps.userInputValidEmail - inputEmail
15:28:00.948 [Forwarding findElement on session 86b7b2901531514b56c6398d5a87e31b to remote] DEBUG org.asynchttpclient.netty.request.NettyRequestSender - Using pooled Channel '[id: 0xcca9817e, L:/127.0.0.1:54697 - R:localhost/127.0.0.1:42126]' for 'POST' to 'http://localhost:42126/session/86b7b2901531514b56c6398d5a87e31b/element'
15:28:00.948 [Forwarding findElement on session 86b7b2901531514b56c6398d5a87e31b to remote] DEBUG org.asynchttpclient.netty.request.NettyRequestSender - Using open Channel [id: 0xcca9817e, L:/127.0.0.1:54697 - R:localhost/127.0.0.1:42126] for POST '/session/86b7b2901531514b56c6398d5a87e31b/element'
15:28:00.961 [AsyncHttpClient-1-2] DEBUG org.asynchttpclient.netty.handler.HttpHandler - 

Request DefaultHttpRequest(decodeResult: success, version: HTTP/1.1)
POST /session/86b7b2901531514b56c6398d5a87e31b/element HTTP/1.1
User-Agent: selenium/4.8.1 (java windows)
Content-Length: 55
Content-Type: application/json; charset=utf-8
host: localhost:42126
accept: */*

Response DefaultHttpResponse(decodeResult: success, version: HTTP/1.1)
HTTP/1.1 200 OK
Content-Length: 88
Content-Type: application/json; charset=utf-8
cache-control: no-cache

15:28:00.961 [AsyncHttpClient-1-2] DEBUG org.asynchttpclient.netty.channel.ChannelManager - Adding key: http://localhost:42126 for channel [id: 0xcca9817e, L:/127.0.0.1:54697 - R:localhost/127.0.0.1:42126]
15:28:00.965 [Forwarding clearElement on session 86b7b2901531514b56c6398d5a87e31b to remote] DEBUG org.asynchttpclient.netty.request.NettyRequestSender - Using pooled Channel '[id: 0xcca9817e, L:/127.0.0.1:54697 - R:localhost/127.0.0.1:42126]' for 'POST' to 'http://localhost:42126/session/86b7b2901531514b56c6398d5a87e31b/element/9510ba2a-a30e-47cd-8b57-3d4c59e7ac4f/clear'
15:28:00.965 [Forwarding clearElement on session 86b7b2901531514b56c6398d5a87e31b to remote] DEBUG org.asynchttpclient.netty.request.NettyRequestSender - Using open Channel [id: 0xcca9817e, L:/127.0.0.1:54697 - R:localhost/127.0.0.1:42126] for POST '/session/86b7b2901531514b56c6398d5a87e31b/element/9510ba2a-a30e-47cd-8b57-3d4c59e7ac4f/clear'
15:28:01.005 [AsyncHttpClient-1-2] DEBUG org.asynchttpclient.netty.handler.HttpHandler - 

Request DefaultHttpRequest(decodeResult: success, version: HTTP/1.1)
POST /session/86b7b2901531514b56c6398d5a87e31b/element/9510ba2a-a30e-47cd-8b57-3d4c59e7ac4f/clear HTTP/1.1
User-Agent: selenium/4.8.1 (java windows)
Content-Length: 50
Content-Type: application/json; charset=utf-8
host: localhost:42126
accept: */*

Response DefaultHttpResponse(decodeResult: success, version: HTTP/1.1)
HTTP/1.1 200 OK
Content-Length: 14
Content-Type: application/json; charset=utf-8
cache-control: no-cache

15:28:01.006 [AsyncHttpClient-1-2] DEBUG org.asynchttpclient.netty.channel.ChannelManager - Adding key: http://localhost:42126 for channel [id: 0xcca9817e, L:/127.0.0.1:54697 - R:localhost/127.0.0.1:42126]
15:28:01.011 [Forwarding sendKeysToElement on session 86b7b2901531514b56c6398d5a87e31b to remote] DEBUG org.asynchttpclient.netty.request.NettyRequestSender - Using pooled Channel '[id: 0xcca9817e, L:/127.0.0.1:54697 - R:localhost/127.0.0.1:42126]' for 'POST' to 'http://localhost:42126/session/86b7b2901531514b56c6398d5a87e31b/element/9510ba2a-a30e-47cd-8b57-3d4c59e7ac4f/value'
15:28:01.011 [Forwarding sendKeysToElement on session 86b7b2901531514b56c6398d5a87e31b to remote] DEBUG org.asynchttpclient.netty.request.NettyRequestSender - Using open Channel [id: 0xcca9817e, L:/127.0.0.1:54697 - R:localhost/127.0.0.1:42126] for POST '/session/86b7b2901531514b56c6398d5a87e31b/element/9510ba2a-a30e-47cd-8b57-3d4c59e7ac4f/value'
15:28:01.146 [AsyncHttpClient-1-2] DEBUG org.asynchttpclient.netty.handler.HttpHandler - 

Request DefaultHttpRequest(decodeResult: success, version: HTTP/1.1)
POST /session/86b7b2901531514b56c6398d5a87e31b/element/9510ba2a-a30e-47cd-8b57-3d4c59e7ac4f/value HTTP/1.1
User-Agent: selenium/4.8.1 (java windows)
Content-Length: 231
Content-Type: application/json; charset=utf-8
host: localhost:42126
accept: */*

Response DefaultHttpResponse(decodeResult: success, version: HTTP/1.1)
HTTP/1.1 200 OK
Content-Length: 14
Content-Type: application/json; charset=utf-8
cache-control: no-cache

15:28:01.146 [AsyncHttpClient-1-2] DEBUG org.asynchttpclient.netty.channel.ChannelManager - Adding key: http://localhost:42126 for channel [id: 0xcca9817e, L:/127.0.0.1:54697 - R:localhost/127.0.0.1:42126]
15:28:01.156 [main] DEBUG net.thucydides.core.steps.StepInterceptor - STEP DONE: inputEmail
  &amp#27;[32mWhen &amp#27;[0m&amp#27;[32muser input valid email&amp#27;[0m                                      &amp#27;[90m# starter.stepdefinitions.LoginSteps.userInputValidEmail()&amp#27;[0m
15:28:01.171 [main] DEBUG net.thucydides.core.steps.StepInterceptor - STARTING STEP: LoginSteps.userInputValidPassword - inputPassword
15:28:01.177 [Forwarding findElement on session 86b7b2901531514b56c6398d5a87e31b to remote] DEBUG org.asynchttpclient.netty.request.NettyRequestSender - Using pooled Channel '[id: 0xcca9817e, L:/127.0.0.1:54697 - R:localhost/127.0.0.1:42126]' for 'POST' to 'http://localhost:42126/session/86b7b2901531514b56c6398d5a87e31b/element'
15:28:01.177 [Forwarding findElement on session 86b7b2901531514b56c6398d5a87e31b to remote] DEBUG org.asynchttpclient.netty.request.NettyRequestSender - Using open Channel [id: 0xcca9817e, L:/127.0.0.1:54697 - R:localhost/127.0.0.1:42126] for POST '/session/86b7b2901531514b56c6398d5a87e31b/element'
15:28:01.193 [AsyncHttpClient-1-2] DEBUG org.asynchttpclient.netty.handler.HttpHandler - 

Request DefaultHttpRequest(decodeResult: success, version: HTTP/1.1)
POST /session/86b7b2901531514b56c6398d5a87e31b/element HTTP/1.1
User-Agent: selenium/4.8.1 (java windows)
Content-Length: 55
Content-Type: application/json; charset=utf-8
host: localhost:42126
accept: */*

Response DefaultHttpResponse(decodeResult: success, version: HTTP/1.1)
HTTP/1.1 200 OK
Content-Length: 88
Content-Type: application/json; charset=utf-8
cache-control: no-cache

15:28:01.193 [AsyncHttpClient-1-2] DEBUG org.asynchttpclient.netty.channel.ChannelManager - Adding key: http://localhost:42126 for channel [id: 0xcca9817e, L:/127.0.0.1:54697 - R:localhost/127.0.0.1:42126]
15:28:01.195 [Forwarding clearElement on session 86b7b2901531514b56c6398d5a87e31b to remote] DEBUG org.asynchttpclient.netty.request.NettyRequestSender - Using pooled Channel '[id: 0xcca9817e, L:/127.0.0.1:54697 - R:localhost/127.0.0.1:42126]' for 'POST' to 'http://localhost:42126/session/86b7b2901531514b56c6398d5a87e31b/element/be53203b-8359-42fb-b21d-5b420a07ae32/clear'
15:28:01.195 [Forwarding clearElement on session 86b7b2901531514b56c6398d5a87e31b to remote] DEBUG org.asynchttpclient.netty.request.NettyRequestSender - Using open Channel [id: 0xcca9817e, L:/127.0.0.1:54697 - R:localhost/127.0.0.1:42126] for POST '/session/86b7b2901531514b56c6398d5a87e31b/element/be53203b-8359-42fb-b21d-5b420a07ae32/clear'
15:28:01.233 [AsyncHttpClient-1-2] DEBUG org.asynchttpclient.netty.handler.HttpHandler - 

Request DefaultHttpRequest(decodeResult: success, version: HTTP/1.1)
POST /session/86b7b2901531514b56c6398d5a87e31b/element/be53203b-8359-42fb-b21d-5b420a07ae32/clear HTTP/1.1
User-Agent: selenium/4.8.1 (java windows)
Content-Length: 50
Content-Type: application/json; charset=utf-8
host: localhost:42126
accept: */*

Response DefaultHttpResponse(decodeResult: success, version: HTTP/1.1)
HTTP/1.1 200 OK
Content-Length: 14
Content-Type: application/json; charset=utf-8
cache-control: no-cache

15:28:01.233 [AsyncHttpClient-1-2] DEBUG org.asynchttpclient.netty.channel.ChannelManager - Adding key: http://localhost:42126 for channel [id: 0xcca9817e, L:/127.0.0.1:54697 - R:localhost/127.0.0.1:42126]
15:28:01.237 [Forwarding sendKeysToElement on session 86b7b2901531514b56c6398d5a87e31b to remote] DEBUG org.asynchttpclient.netty.request.NettyRequestSender - Using pooled Channel '[id: 0xcca9817e, L:/127.0.0.1:54697 - R:localhost/127.0.0.1:42126]' for 'POST' to 'http://localhost:42126/session/86b7b2901531514b56c6398d5a87e31b/element/be53203b-8359-42fb-b21d-5b420a07ae32/value'
15:28:01.237 [Forwarding sendKeysToElement on session 86b7b2901531514b56c6398d5a87e31b to remote] DEBUG org.asynchttpclient.netty.request.NettyRequestSender - Using open Channel [id: 0xcca9817e, L:/127.0.0.1:54697 - R:localhost/127.0.0.1:42126] for POST '/session/86b7b2901531514b56c6398d5a87e31b/element/be53203b-8359-42fb-b21d-5b420a07ae32/value'
15:28:01.377 [AsyncHttpClient-1-2] DEBUG org.asynchttpclient.netty.handler.HttpHandler - 

Request DefaultHttpRequest(decodeResult: success, version: HTTP/1.1)
POST /session/86b7b2901531514b56c6398d5a87e31b/element/be53203b-8359-42fb-b21d-5b420a07ae32/value HTTP/1.1
User-Agent: selenium/4.8.1 (java windows)
Content-Length: 131
Content-Type: application/json; charset=utf-8
host: localhost:42126
accept: */*

Response DefaultHttpResponse(decodeResult: success, version: HTTP/1.1)
HTTP/1.1 200 OK
Content-Length: 14
Content-Type: application/json; charset=utf-8
cache-control: no-cache

15:28:01.377 [AsyncHttpClient-1-2] DEBUG org.asynchttpclient.netty.channel.ChannelManager - Adding key: http://localhost:42126 for channel [id: 0xcca9817e, L:/127.0.0.1:54697 - R:localhost/127.0.0.1:42126]
15:28:01.387 [main] DEBUG net.thucydides.core.steps.StepInterceptor - STEP DONE: inputPassword
  &amp#27;[32mAnd &amp#27;[0m&amp#27;[32muser input valid password&amp#27;[0m                                    &amp#27;[90m# starter.stepdefinitions.LoginSteps.userInputValidPassword()&amp#27;[0m
15:28:01.405 [main] DEBUG net.thucydides.core.steps.StepInterceptor - STARTING STEP: LoginSteps.userClickLoginButton - ClickLoginBtn
15:28:01.419 [Forwarding findElement on session 86b7b2901531514b56c6398d5a87e31b to remote] DEBUG org.asynchttpclient.netty.request.NettyRequestSender - Using pooled Channel '[id: 0xcca9817e, L:/127.0.0.1:54697 - R:localhost/127.0.0.1:42126]' for 'POST' to 'http://localhost:42126/session/86b7b2901531514b56c6398d5a87e31b/element'
15:28:01.419 [Forwarding findElement on session 86b7b2901531514b56c6398d5a87e31b to remote] DEBUG org.asynchttpclient.netty.request.NettyRequestSender - Using open Channel [id: 0xcca9817e, L:/127.0.0.1:54697 - R:localhost/127.0.0.1:42126] for POST '/session/86b7b2901531514b56c6398d5a87e31b/element'
15:28:01.430 [AsyncHttpClient-1-2] DEBUG org.asynchttpclient.netty.handler.HttpHandler - 

Request DefaultHttpRequest(decodeResult: success, version: HTTP/1.1)
POST /session/86b7b2901531514b56c6398d5a87e31b/element HTTP/1.1
User-Agent: selenium/4.8.1 (java windows)
Content-Length: 69
Content-Type: application/json; charset=utf-8
host: localhost:42126
accept: */*

Response DefaultHttpResponse(decodeResult: success, version: HTTP/1.1)
HTTP/1.1 200 OK
Content-Length: 88
Content-Type: application/json; charset=utf-8
cache-control: no-cache

15:28:01.430 [AsyncHttpClient-1-2] DEBUG org.asynchttpclient.netty.channel.ChannelManager - Adding key: http://localhost:42126 for channel [id: 0xcca9817e, L:/127.0.0.1:54697 - R:localhost/127.0.0.1:42126]
15:28:01.432 [Forwarding getElementTagName on session 86b7b2901531514b56c6398d5a87e31b to remote] DEBUG org.asynchttpclient.netty.request.NettyRequestSender - Using pooled Channel '[id: 0xcca9817e, L:/127.0.0.1:54697 - R:localhost/127.0.0.1:42126]' for 'GET' to 'http://localhost:42126/session/86b7b2901531514b56c6398d5a87e31b/element/6c083967-9180-4bbb-9ed9-355c6d8f1f0e/name'
15:28:01.432 [Forwarding getElementTagName on session 86b7b2901531514b56c6398d5a87e31b to remote] DEBUG org.asynchttpclient.netty.request.NettyRequestSender - Using open Channel [id: 0xcca9817e, L:/127.0.0.1:54697 - R:localhost/127.0.0.1:42126] for GET '/session/86b7b2901531514b56c6398d5a87e31b/element/6c083967-9180-4bbb-9ed9-355c6d8f1f0e/name'
15:28:01.437 [AsyncHttpClient-1-2] DEBUG org.asynchttpclient.netty.handler.HttpHandler - 

Request DefaultFullHttpRequest(decodeResult: success, version: HTTP/1.1, content: EmptyByteBufBE)
GET /session/86b7b2901531514b56c6398d5a87e31b/element/6c083967-9180-4bbb-9ed9-355c6d8f1f0e/name HTTP/1.1
User-Agent: selenium/4.8.1 (java windows)
Cache-Control: no-cache
Content-Type: application/json; charset=utf-8
host: localhost:42126
accept: */*

Response DefaultHttpResponse(decodeResult: success, version: HTTP/1.1)
HTTP/1.1 200 OK
Content-Length: 16
Content-Type: application/json; charset=utf-8
cache-control: no-cache

15:28:01.437 [AsyncHttpClient-1-2] DEBUG org.asynchttpclient.netty.channel.ChannelManager - Adding key: http://localhost:42126 for channel [id: 0xcca9817e, L:/127.0.0.1:54697 - R:localhost/127.0.0.1:42126]
15:28:01.439 [Forwarding getElementTagName on session 86b7b2901531514b56c6398d5a87e31b to remote] DEBUG org.asynchttpclient.netty.request.NettyRequestSender - Using pooled Channel '[id: 0xcca9817e, L:/127.0.0.1:54697 - R:localhost/127.0.0.1:42126]' for 'GET' to 'http://localhost:42126/session/86b7b2901531514b56c6398d5a87e31b/element/6c083967-9180-4bbb-9ed9-355c6d8f1f0e/name'
15:28:01.440 [Forwarding getElementTagName on session 86b7b2901531514b56c6398d5a87e31b to remote] DEBUG org.asynchttpclient.netty.request.NettyRequestSender - Using open Channel [id: 0xcca9817e, L:/127.0.0.1:54697 - R:localhost/127.0.0.1:42126] for GET '/session/86b7b2901531514b56c6398d5a87e31b/element/6c083967-9180-4bbb-9ed9-355c6d8f1f0e/name'
15:28:01.448 [AsyncHttpClient-1-2] DEBUG org.asynchttpclient.netty.handler.HttpHandler - 

Request DefaultFullHttpRequest(decodeResult: success, version: HTTP/1.1, content: EmptyByteBufBE)
GET /session/86b7b2901531514b56c6398d5a87e31b/element/6c083967-9180-4bbb-9ed9-355c6d8f1f0e/name HTTP/1.1
User-Agent: selenium/4.8.1 (java windows)
Cache-Control: no-cache
Content-Type: application/json; charset=utf-8
host: localhost:42126
accept: */*

Response DefaultHttpResponse(decodeResult: success, version: HTTP/1.1)
HTTP/1.1 200 OK
Content-Length: 16
Content-Type: application/json; charset=utf-8
cache-control: no-cache

15:28:01.448 [AsyncHttpClient-1-2] DEBUG org.asynchttpclient.netty.channel.ChannelManager - Adding key: http://localhost:42126 for channel [id: 0xcca9817e, L:/127.0.0.1:54697 - R:localhost/127.0.0.1:42126]
15:28:01.451 [Forwarding findElement on session 86b7b2901531514b56c6398d5a87e31b to remote] DEBUG org.asynchttpclient.netty.request.NettyRequestSender - Using pooled Channel '[id: 0xcca9817e, L:/127.0.0.1:54697 - R:localhost/127.0.0.1:42126]' for 'POST' to 'http://localhost:42126/session/86b7b2901531514b56c6398d5a87e31b/element'
15:28:01.451 [Forwarding findElement on session 86b7b2901531514b56c6398d5a87e31b to remote] DEBUG org.asynchttpclient.netty.request.NettyRequestSender - Using open Channel [id: 0xcca9817e, L:/127.0.0.1:54697 - R:localhost/127.0.0.1:42126] for POST '/session/86b7b2901531514b56c6398d5a87e31b/element'
15:28:01.458 [AsyncHttpClient-1-2] DEBUG org.asynchttpclient.netty.handler.HttpHandler - 

Request DefaultHttpRequest(decodeResult: success, version: HTTP/1.1)
POST /session/86b7b2901531514b56c6398d5a87e31b/element HTTP/1.1
User-Agent: selenium/4.8.1 (java windows)
Content-Length: 69
Content-Type: application/json; charset=utf-8
host: localhost:42126
accept: */*

Response DefaultHttpResponse(decodeResult: success, version: HTTP/1.1)
HTTP/1.1 200 OK
Content-Length: 88
Content-Type: application/json; charset=utf-8
cache-control: no-cache

15:28:01.459 [AsyncHttpClient-1-2] DEBUG org.asynchttpclient.netty.channel.ChannelManager - Adding key: http://localhost:42126 for channel [id: 0xcca9817e, L:/127.0.0.1:54697 - R:localhost/127.0.0.1:42126]
15:28:01.460 [Forwarding clickElement on session 86b7b2901531514b56c6398d5a87e31b to remote] DEBUG org.asynchttpclient.netty.request.NettyRequestSender - Using pooled Channel '[id: 0xcca9817e, L:/127.0.0.1:54697 - R:localhost/127.0.0.1:42126]' for 'POST' to 'http://localhost:42126/session/86b7b2901531514b56c6398d5a87e31b/element/6c083967-9180-4bbb-9ed9-355c6d8f1f0e/click'
15:28:01.461 [Forwarding clickElement on session 86b7b2901531514b56c6398d5a87e31b to remote] DEBUG org.asynchttpclient.netty.request.NettyRequestSender - Using open Channel [id: 0xcca9817e, L:/127.0.0.1:54697 - R:localhost/127.0.0.1:42126] for POST '/session/86b7b2901531514b56c6398d5a87e31b/element/6c083967-9180-4bbb-9ed9-355c6d8f1f0e/click'
15:28:01.515 [AsyncHttpClient-1-2] DEBUG org.asynchttpclient.netty.handler.HttpHandler - 

Request DefaultHttpRequest(decodeResult: success, version: HTTP/1.1)
POST /session/86b7b2901531514b56c6398d5a87e31b/element/6c083967-9180-4bbb-9ed9-355c6d8f1f0e/click HTTP/1.1
User-Agent: selenium/4.8.1 (java windows)
Content-Length: 50
Content-Type: application/json; charset=utf-8
host: localhost:42126
accept: */*

Response DefaultHttpResponse(decodeResult: success, version: HTTP/1.1)
HTTP/1.1 200 OK
Content-Length: 14
Content-Type: application/json; charset=utf-8
cache-control: no-cache

15:28:01.516 [AsyncHttpClient-1-2] DEBUG org.asynchttpclient.netty.channel.ChannelManager - Adding key: http://localhost:42126 for channel [id: 0xcca9817e, L:/127.0.0.1:54697 - R:localhost/127.0.0.1:42126]
15:28:01.520 [main] DEBUG net.thucydides.core.steps.StepInterceptor - STEP DONE: ClickLoginBtn
  &amp#27;[32mAnd &amp#27;[0m&amp#27;[32muser click login button&amp#27;[0m                                      &amp#27;[90m# starter.stepdefinitions.LoginSteps.userClickLoginButton()&amp#27;[0m
15:28:01.536 [main] DEBUG net.thucydides.core.steps.StepInterceptor - STARTING STEP: LoginSteps.userOnProductsPage - onProductPage
15:28:01.545 [Forwarding findElement on session 86b7b2901531514b56c6398d5a87e31b to remote] DEBUG org.asynchttpclient.netty.request.NettyRequestSender - Using pooled Channel '[id: 0xcca9817e, L:/127.0.0.1:54697 - R:localhost/127.0.0.1:42126]' for 'POST' to 'http://localhost:42126/session/86b7b2901531514b56c6398d5a87e31b/element'
15:28:01.545 [Forwarding findElement on session 86b7b2901531514b56c6398d5a87e31b to remote] DEBUG org.asynchttpclient.netty.request.NettyRequestSender - Using open Channel [id: 0xcca9817e, L:/127.0.0.1:54697 - R:localhost/127.0.0.1:42126] for POST '/session/86b7b2901531514b56c6398d5a87e31b/element'
15:28:01.753 [AsyncHttpClient-1-1] DEBUG org.asynchttpclient.netty.channel.DefaultChannelPool - Entry count for : http://localhost:54698 : 1
15:28:02.777 [AsyncHttpClient-1-1] DEBUG org.asynchttpclient.netty.channel.DefaultChannelPool - Entry count for : http://localhost:54698 : 1
15:28:03.879 [AsyncHttpClient-1-1] DEBUG org.asynchttpclient.netty.channel.DefaultChannelPool - Entry count for : http://localhost:54698 : 1
15:28:04.399 [AsyncHttpClient-1-2] DEBUG org.asynchttpclient.netty.handler.HttpHandler - 

Request DefaultHttpRequest(decodeResult: success, version: HTTP/1.1)
POST /session/86b7b2901531514b56c6398d5a87e31b/element HTTP/1.1
User-Agent: selenium/4.8.1 (java windows)
Content-Length: 54
Content-Type: application/json; charset=utf-8
host: localhost:42126
accept: */*

Response DefaultHttpResponse(decodeResult: success, version: HTTP/1.1)
HTTP/1.1 200 OK
Content-Length: 88
Content-Type: application/json; charset=utf-8
cache-control: no-cache

15:28:04.400 [AsyncHttpClient-1-2] DEBUG org.asynchttpclient.netty.channel.ChannelManager - Adding key: http://localhost:42126 for channel [id: 0xcca9817e, L:/127.0.0.1:54697 - R:localhost/127.0.0.1:42126]
15:28:04.409 [Forwarding isElementDisplayed on session 86b7b2901531514b56c6398d5a87e31b to remote] DEBUG org.asynchttpclient.netty.request.NettyRequestSender - Using pooled Channel '[id: 0xcca9817e, L:/127.0.0.1:54697 - R:localhost/127.0.0.1:42126]' for 'POST' to 'http://localhost:42126/session/86b7b2901531514b56c6398d5a87e31b/execute/sync'
15:28:04.409 [Forwarding isElementDisplayed on session 86b7b2901531514b56c6398d5a87e31b to remote] DEBUG org.asynchttpclient.netty.request.NettyRequestSender - Using open Channel [id: 0xcca9817e, L:/127.0.0.1:54697 - R:localhost/127.0.0.1:42126] for POST '/session/86b7b2901531514b56c6398d5a87e31b/execute/sync'
15:28:04.421 [AsyncHttpClient-1-2] DEBUG org.asynchttpclient.netty.handler.HttpHandler - 

Request DefaultHttpRequest(decodeResult: success, version: HTTP/1.1)
POST /session/86b7b2901531514b56c6398d5a87e31b/execute/sync HTTP/1.1
User-Agent: selenium/4.8.1 (java windows)
Content-Length: 48807
Content-Type: application/json; charset=utf-8
host: localhost:42126
accept: */*

Response DefaultHttpResponse(decodeResult: success, version: HTTP/1.1)
HTTP/1.1 200 OK
Content-Length: 14
Content-Type: application/json; charset=utf-8
cache-control: no-cache

15:28:04.421 [AsyncHttpClient-1-2] DEBUG org.asynchttpclient.netty.channel.ChannelManager - Adding key: http://localhost:42126 for channel [id: 0xcca9817e, L:/127.0.0.1:54697 - R:localhost/127.0.0.1:42126]
15:28:04.427 [Forwarding isElementDisplayed on session 86b7b2901531514b56c6398d5a87e31b to remote] DEBUG org.asynchttpclient.netty.request.NettyRequestSender - Using pooled Channel '[id: 0xcca9817e, L:/127.0.0.1:54697 - R:localhost/127.0.0.1:42126]' for 'POST' to 'http://localhost:42126/session/86b7b2901531514b56c6398d5a87e31b/execute/sync'
15:28:04.427 [Forwarding isElementDisplayed on session 86b7b2901531514b56c6398d5a87e31b to remote] DEBUG org.asynchttpclient.netty.request.NettyRequestSender - Using open Channel [id: 0xcca9817e, L:/127.0.0.1:54697 - R:localhost/127.0.0.1:42126] for POST '/session/86b7b2901531514b56c6398d5a87e31b/execute/sync'
15:28:04.437 [AsyncHttpClient-1-2] DEBUG org.asynchttpclient.netty.handler.HttpHandler - 

Request DefaultHttpRequest(decodeResult: success, version: HTTP/1.1)
POST /session/86b7b2901531514b56c6398d5a87e31b/execute/sync HTTP/1.1
User-Agent: selenium/4.8.1 (java windows)
Content-Length: 48807
Content-Type: application/json; charset=utf-8
host: localhost:42126
accept: */*

Response DefaultHttpResponse(decodeResult: success, version: HTTP/1.1)
HTTP/1.1 200 OK
Content-Length: 14
Content-Type: application/json; charset=utf-8
cache-control: no-cache

15:28:04.437 [AsyncHttpClient-1-2] DEBUG org.asynchttpclient.netty.channel.ChannelManager - Adding key: http://localhost:42126 for channel [id: 0xcca9817e, L:/127.0.0.1:54697 - R:localhost/127.0.0.1:42126]
15:28:04.439 [main] DEBUG net.thucydides.core.steps.StepInterceptor - STEP DONE: onProductPage
  &amp#27;[32mAnd &amp#27;[0m&amp#27;[32muser on products page&amp#27;[0m                                        &amp#27;[90m# starter.stepdefinitions.LoginSteps.userOnProductsPage()&amp#27;[0m
15:28:04.705 [Forwarding findElement on session 86b7b2901531514b56c6398d5a87e31b to remote] DEBUG org.asynchttpclient.netty.request.NettyRequestSender - Using pooled Channel '[id: 0xcca9817e, L:/127.0.0.1:54697 - R:localhost/127.0.0.1:42126]' for 'POST' to 'http://localhost:42126/session/86b7b2901531514b56c6398d5a87e31b/element'
15:28:04.706 [Forwarding findElement on session 86b7b2901531514b56c6398d5a87e31b to remote] DEBUG org.asynchttpclient.netty.request.NettyRequestSender - Using open Channel [id: 0xcca9817e, L:/127.0.0.1:54697 - R:localhost/127.0.0.1:42126] for POST '/session/86b7b2901531514b56c6398d5a87e31b/element'
15:28:04.726 [AsyncHttpClient-1-2] DEBUG org.asynchttpclient.netty.handler.HttpHandler - 

Request DefaultHttpRequest(decodeResult: success, version: HTTP/1.1)
POST /session/86b7b2901531514b56c6398d5a87e31b/element HTTP/1.1
User-Agent: selenium/4.8.1 (java windows)
Content-Length: 68
Content-Type: application/json; charset=utf-8
host: localhost:42126
accept: */*

Response DefaultHttpResponse(decodeResult: success, version: HTTP/1.1)
HTTP/1.1 200 OK
Content-Length: 88
Content-Type: application/json; charset=utf-8
cache-control: no-cache

15:28:04.726 [AsyncHttpClient-1-2] DEBUG org.asynchttpclient.netty.channel.ChannelManager - Adding key: http://localhost:42126 for channel [id: 0xcca9817e, L:/127.0.0.1:54697 - R:localhost/127.0.0.1:42126]
15:28:04.730 [Forwarding getElementTagName on session 86b7b2901531514b56c6398d5a87e31b to remote] DEBUG org.asynchttpclient.netty.request.NettyRequestSender - Using pooled Channel '[id: 0xcca9817e, L:/127.0.0.1:54697 - R:localhost/127.0.0.1:42126]' for 'GET' to 'http://localhost:42126/session/86b7b2901531514b56c6398d5a87e31b/element/0859c269-bf0d-450f-855c-bea4e0cd2f98/name'
15:28:04.730 [Forwarding getElementTagName on session 86b7b2901531514b56c6398d5a87e31b to remote] DEBUG org.asynchttpclient.netty.request.NettyRequestSender - Using open Channel [id: 0xcca9817e, L:/127.0.0.1:54697 - R:localhost/127.0.0.1:42126] for GET '/session/86b7b2901531514b56c6398d5a87e31b/element/0859c269-bf0d-450f-855c-bea4e0cd2f98/name'
15:28:04.736 [AsyncHttpClient-1-2] DEBUG org.asynchttpclient.netty.handler.HttpHandler - 

Request DefaultFullHttpRequest(decodeResult: success, version: HTTP/1.1, content: EmptyByteBufBE)
GET /session/86b7b2901531514b56c6398d5a87e31b/element/0859c269-bf0d-450f-855c-bea4e0cd2f98/name HTTP/1.1
User-Agent: selenium/4.8.1 (java windows)
Cache-Control: no-cache
Content-Type: application/json; charset=utf-8
host: localhost:42126
accept: */*

Response DefaultHttpResponse(decodeResult: success, version: HTTP/1.1)
HTTP/1.1 200 OK
Content-Length: 16
Content-Type: application/json; charset=utf-8
cache-control: no-cache

15:28:04.737 [AsyncHttpClient-1-2] DEBUG org.asynchttpclient.netty.channel.ChannelManager - Adding key: http://localhost:42126 for channel [id: 0xcca9817e, L:/127.0.0.1:54697 - R:localhost/127.0.0.1:42126]
15:28:04.739 [Forwarding getElementTagName on session 86b7b2901531514b56c6398d5a87e31b to remote] DEBUG org.asynchttpclient.netty.request.NettyRequestSender - Using pooled Channel '[id: 0xcca9817e, L:/127.0.0.1:54697 - R:localhost/127.0.0.1:42126]' for 'GET' to 'http://localhost:42126/session/86b7b2901531514b56c6398d5a87e31b/element/0859c269-bf0d-450f-855c-bea4e0cd2f98/name'
15:28:04.739 [Forwarding getElementTagName on session 86b7b2901531514b56c6398d5a87e31b to remote] DEBUG org.asynchttpclient.netty.request.NettyRequestSender - Using open Channel [id: 0xcca9817e, L:/127.0.0.1:54697 - R:localhost/127.0.0.1:42126] for GET '/session/86b7b2901531514b56c6398d5a87e31b/element/0859c269-bf0d-450f-855c-bea4e0cd2f98/name'
15:28:04.746 [AsyncHttpClient-1-2] DEBUG org.asynchttpclient.netty.handler.HttpHandler - 

Request DefaultFullHttpRequest(decodeResult: success, version: HTTP/1.1, content: EmptyByteBufBE)
GET /session/86b7b2901531514b56c6398d5a87e31b/element/0859c269-bf0d-450f-855c-bea4e0cd2f98/name HTTP/1.1
User-Agent: selenium/4.8.1 (java windows)
Cache-Control: no-cache
Content-Type: application/json; charset=utf-8
host: localhost:42126
accept: */*

Response DefaultHttpResponse(decodeResult: success, version: HTTP/1.1)
HTTP/1.1 200 OK
Content-Length: 16
Content-Type: application/json; charset=utf-8
cache-control: no-cache

15:28:04.746 [AsyncHttpClient-1-2] DEBUG org.asynchttpclient.netty.channel.ChannelManager - Adding key: http://localhost:42126 for channel [id: 0xcca9817e, L:/127.0.0.1:54697 - R:localhost/127.0.0.1:42126]
15:28:04.750 [Forwarding findElement on session 86b7b2901531514b56c6398d5a87e31b to remote] DEBUG org.asynchttpclient.netty.request.NettyRequestSender - Using pooled Channel '[id: 0xcca9817e, L:/127.0.0.1:54697 - R:localhost/127.0.0.1:42126]' for 'POST' to 'http://localhost:42126/session/86b7b2901531514b56c6398d5a87e31b/element'
15:28:04.751 [Forwarding findElement on session 86b7b2901531514b56c6398d5a87e31b to remote] DEBUG org.asynchttpclient.netty.request.NettyRequestSender - Using open Channel [id: 0xcca9817e, L:/127.0.0.1:54697 - R:localhost/127.0.0.1:42126] for POST '/session/86b7b2901531514b56c6398d5a87e31b/element'
15:28:04.763 [AsyncHttpClient-1-2] DEBUG org.asynchttpclient.netty.handler.HttpHandler - 

Request DefaultHttpRequest(decodeResult: success, version: HTTP/1.1)
POST /session/86b7b2901531514b56c6398d5a87e31b/element HTTP/1.1
User-Agent: selenium/4.8.1 (java windows)
Content-Length: 68
Content-Type: application/json; charset=utf-8
host: localhost:42126
accept: */*

Response DefaultHttpResponse(decodeResult: success, version: HTTP/1.1)
HTTP/1.1 200 OK
Content-Length: 88
Content-Type: application/json; charset=utf-8
cache-control: no-cache

15:28:04.764 [AsyncHttpClient-1-2] DEBUG org.asynchttpclient.netty.channel.ChannelManager - Adding key: http://localhost:42126 for channel [id: 0xcca9817e, L:/127.0.0.1:54697 - R:localhost/127.0.0.1:42126]
15:28:04.767 [Forwarding clickElement on session 86b7b2901531514b56c6398d5a87e31b to remote] DEBUG org.asynchttpclient.netty.request.NettyRequestSender - Using pooled Channel '[id: 0xcca9817e, L:/127.0.0.1:54697 - R:localhost/127.0.0.1:42126]' for 'POST' to 'http://localhost:42126/session/86b7b2901531514b56c6398d5a87e31b/element/0859c269-bf0d-450f-855c-bea4e0cd2f98/click'
15:28:04.767 [Forwarding clickElement on session 86b7b2901531514b56c6398d5a87e31b to remote] DEBUG org.asynchttpclient.netty.request.NettyRequestSender - Using open Channel [id: 0xcca9817e, L:/127.0.0.1:54697 - R:localhost/127.0.0.1:42126] for POST '/session/86b7b2901531514b56c6398d5a87e31b/element/0859c269-bf0d-450f-855c-bea4e0cd2f98/click'
15:28:04.872 [AsyncHttpClient-1-2] DEBUG org.asynchttpclient.netty.handler.HttpHandler - 

Request DefaultHttpRequest(decodeResult: success, version: HTTP/1.1)
POST /session/86b7b2901531514b56c6398d5a87e31b/element/0859c269-bf0d-450f-855c-bea4e0cd2f98/click HTTP/1.1
User-Agent: selenium/4.8.1 (java windows)
Content-Length: 50
Content-Type: application/json; charset=utf-8
host: localhost:42126
accept: */*

Response DefaultHttpResponse(decodeResult: success, version: HTTP/1.1)
HTTP/1.1 200 OK
Content-Length: 14
Content-Type: application/json; charset=utf-8
cache-control: no-cache

15:28:04.873 [AsyncHttpClient-1-2] DEBUG org.asynchttpclient.netty.channel.ChannelManager - Adding key: http://localhost:42126 for channel [id: 0xcca9817e, L:/127.0.0.1:54697 - R:localhost/127.0.0.1:42126]
  &amp#27;[32mWhen &amp#27;[0m&amp#27;[32muser click button Beli&amp#27;[0m                                      &amp#27;[90m# starter.stepdefinitions.ChooseProductSteps.userClickButtonBeli()&amp#27;[0m
15:28:04.890 [Forwarding findElement on session 86b7b2901531514b56c6398d5a87e31b to remote] DEBUG org.asynchttpclient.netty.request.NettyRequestSender - Using pooled Channel '[id: 0xcca9817e, L:/127.0.0.1:54697 - R:localhost/127.0.0.1:42126]' for 'POST' to 'http://localhost:42126/session/86b7b2901531514b56c6398d5a87e31b/element'
15:28:04.890 [Forwarding findElement on session 86b7b2901531514b56c6398d5a87e31b to remote] DEBUG org.asynchttpclient.netty.request.NettyRequestSender - Using open Channel [id: 0xcca9817e, L:/127.0.0.1:54697 - R:localhost/127.0.0.1:42126] for POST '/session/86b7b2901531514b56c6398d5a87e31b/element'
15:28:04.909 [AsyncHttpClient-1-2] DEBUG org.asynchttpclient.netty.handler.HttpHandler - 

Request DefaultHttpRequest(decodeResult: success, version: HTTP/1.1)
POST /session/86b7b2901531514b56c6398d5a87e31b/element HTTP/1.1
User-Agent: selenium/4.8.1 (java windows)
Content-Length: 71
Content-Type: application/json; charset=utf-8
host: localhost:42126
accept: */*

Response DefaultHttpResponse(decodeResult: success, version: HTTP/1.1)
HTTP/1.1 200 OK
Content-Length: 88
Content-Type: application/json; charset=utf-8
cache-control: no-cache

15:28:04.910 [AsyncHttpClient-1-2] DEBUG org.asynchttpclient.netty.channel.ChannelManager - Adding key: http://localhost:42126 for channel [id: 0xcca9817e, L:/127.0.0.1:54697 - R:localhost/127.0.0.1:42126]
15:28:04.912 [Forwarding getElementTagName on session 86b7b2901531514b56c6398d5a87e31b to remote] DEBUG org.asynchttpclient.netty.request.NettyRequestSender - Using pooled Channel '[id: 0xcca9817e, L:/127.0.0.1:54697 - R:localhost/127.0.0.1:42126]' for 'GET' to 'http://localhost:42126/session/86b7b2901531514b56c6398d5a87e31b/element/6d244d82-1486-4968-ba5f-f620d8a42d4c/name'
15:28:04.912 [Forwarding getElementTagName on session 86b7b2901531514b56c6398d5a87e31b to remote] DEBUG org.asynchttpclient.netty.request.NettyRequestSender - Using open Channel [id: 0xcca9817e, L:/127.0.0.1:54697 - R:localhost/127.0.0.1:42126] for GET '/session/86b7b2901531514b56c6398d5a87e31b/element/6d244d82-1486-4968-ba5f-f620d8a42d4c/name'
15:28:04.917 [AsyncHttpClient-1-2] DEBUG org.asynchttpclient.netty.handler.HttpHandler - 

Request DefaultFullHttpRequest(decodeResult: success, version: HTTP/1.1, content: EmptyByteBufBE)
GET /session/86b7b2901531514b56c6398d5a87e31b/element/6d244d82-1486-4968-ba5f-f620d8a42d4c/name HTTP/1.1
User-Agent: selenium/4.8.1 (java windows)
Cache-Control: no-cache
Content-Type: application/json; charset=utf-8
host: localhost:42126
accept: */*

Response DefaultHttpResponse(decodeResult: success, version: HTTP/1.1)
HTTP/1.1 200 OK
Content-Length: 13
Content-Type: application/json; charset=utf-8
cache-control: no-cache

15:28:04.918 [AsyncHttpClient-1-2] DEBUG org.asynchttpclient.netty.channel.ChannelManager - Adding key: http://localhost:42126 for channel [id: 0xcca9817e, L:/127.0.0.1:54697 - R:localhost/127.0.0.1:42126]
15:28:04.920 [Forwarding getElementTagName on session 86b7b2901531514b56c6398d5a87e31b to remote] DEBUG org.asynchttpclient.netty.request.NettyRequestSender - Using pooled Channel '[id: 0xcca9817e, L:/127.0.0.1:54697 - R:localhost/127.0.0.1:42126]' for 'GET' to 'http://localhost:42126/session/86b7b2901531514b56c6398d5a87e31b/element/6d244d82-1486-4968-ba5f-f620d8a42d4c/name'
15:28:04.920 [Forwarding getElementTagName on session 86b7b2901531514b56c6398d5a87e31b to remote] DEBUG org.asynchttpclient.netty.request.NettyRequestSender - Using open Channel [id: 0xcca9817e, L:/127.0.0.1:54697 - R:localhost/127.0.0.1:42126] for GET '/session/86b7b2901531514b56c6398d5a87e31b/element/6d244d82-1486-4968-ba5f-f620d8a42d4c/name'
15:28:04.928 [AsyncHttpClient-1-2] DEBUG org.asynchttpclient.netty.handler.HttpHandler - 

Request DefaultFullHttpRequest(decodeResult: success, version: HTTP/1.1, content: EmptyByteBufBE)
GET /session/86b7b2901531514b56c6398d5a87e31b/element/6d244d82-1486-4968-ba5f-f620d8a42d4c/name HTTP/1.1
User-Agent: selenium/4.8.1 (java windows)
Cache-Control: no-cache
Content-Type: application/json; charset=utf-8
host: localhost:42126
accept: */*

Response DefaultHttpResponse(decodeResult: success, version: HTTP/1.1)
HTTP/1.1 200 OK
Content-Length: 13
Content-Type: application/json; charset=utf-8
cache-control: no-cache

15:28:04.929 [AsyncHttpClient-1-2] DEBUG org.asynchttpclient.netty.channel.ChannelManager - Adding key: http://localhost:42126 for channel [id: 0xcca9817e, L:/127.0.0.1:54697 - R:localhost/127.0.0.1:42126]
15:28:04.932 [Forwarding findElement on session 86b7b2901531514b56c6398d5a87e31b to remote] DEBUG org.asynchttpclient.netty.request.NettyRequestSender - Using pooled Channel '[id: 0xcca9817e, L:/127.0.0.1:54697 - R:localhost/127.0.0.1:42126]' for 'POST' to 'http://localhost:42126/session/86b7b2901531514b56c6398d5a87e31b/element'
15:28:04.932 [Forwarding findElement on session 86b7b2901531514b56c6398d5a87e31b to remote] DEBUG org.asynchttpclient.netty.request.NettyRequestSender - Using open Channel [id: 0xcca9817e, L:/127.0.0.1:54697 - R:localhost/127.0.0.1:42126] for POST '/session/86b7b2901531514b56c6398d5a87e31b/element'
15:28:04.944 [AsyncHttpClient-1-2] DEBUG org.asynchttpclient.netty.handler.HttpHandler - 

Request DefaultHttpRequest(decodeResult: success, version: HTTP/1.1)
POST /session/86b7b2901531514b56c6398d5a87e31b/element HTTP/1.1
User-Agent: selenium/4.8.1 (java windows)
Content-Length: 71
Content-Type: application/json; charset=utf-8
host: localhost:42126
accept: */*

Response DefaultHttpResponse(decodeResult: success, version: HTTP/1.1)
HTTP/1.1 200 OK
Content-Length: 88
Content-Type: application/json; charset=utf-8
cache-control: no-cache

15:28:04.945 [AsyncHttpClient-1-2] DEBUG org.asynchttpclient.netty.channel.ChannelManager - Adding key: http://localhost:42126 for channel [id: 0xcca9817e, L:/127.0.0.1:54697 - R:localhost/127.0.0.1:42126]
15:28:04.947 [Forwarding clickElement on session 86b7b2901531514b56c6398d5a87e31b to remote] DEBUG org.asynchttpclient.netty.request.NettyRequestSender - Using pooled Channel '[id: 0xcca9817e, L:/127.0.0.1:54697 - R:localhost/127.0.0.1:42126]' for 'POST' to 'http://localhost:42126/session/86b7b2901531514b56c6398d5a87e31b/element/6d244d82-1486-4968-ba5f-f620d8a42d4c/click'
15:28:04.947 [Forwarding clickElement on session 86b7b2901531514b56c6398d5a87e31b to remote] DEBUG org.asynchttpclient.netty.request.NettyRequestSender - Using open Channel [id: 0xcca9817e, L:/127.0.0.1:54697 - R:localhost/127.0.0.1:42126] for POST '/session/86b7b2901531514b56c6398d5a87e31b/element/6d244d82-1486-4968-ba5f-f620d8a42d4c/click'
15:28:04.977 [AsyncHttpClient-1-1] DEBUG org.asynchttpclient.netty.channel.DefaultChannelPool - Entry count for : http://localhost:54698 : 1
15:28:05.004 [AsyncHttpClient-1-2] DEBUG org.asynchttpclient.netty.handler.HttpHandler - 

Request DefaultHttpRequest(decodeResult: success, version: HTTP/1.1)
POST /session/86b7b2901531514b56c6398d5a87e31b/element/6d244d82-1486-4968-ba5f-f620d8a42d4c/click HTTP/1.1
User-Agent: selenium/4.8.1 (java windows)
Content-Length: 50
Content-Type: application/json; charset=utf-8
host: localhost:42126
accept: */*

Response DefaultHttpResponse(decodeResult: success, version: HTTP/1.1)
HTTP/1.1 200 OK
Content-Length: 14
Content-Type: application/json; charset=utf-8
cache-control: no-cache

15:28:05.005 [AsyncHttpClient-1-2] DEBUG org.asynchttpclient.netty.channel.ChannelManager - Adding key: http://localhost:42126 for channel [id: 0xcca9817e, L:/127.0.0.1:54697 - R:localhost/127.0.0.1:42126]
  &amp#27;[32mAnd &amp#27;[0m&amp#27;[32muser click cart&amp#27;[0m                                              &amp#27;[90m# starter.stepdefinitions.ChooseProductSteps.userClickCart()&amp#27;[0m
15:28:05.029 [Forwarding findElement on session 86b7b2901531514b56c6398d5a87e31b to remote] DEBUG org.asynchttpclient.netty.request.NettyRequestSender - Using pooled Channel '[id: 0xcca9817e, L:/127.0.0.1:54697 - R:localhost/127.0.0.1:42126]' for 'POST' to 'http://localhost:42126/session/86b7b2901531514b56c6398d5a87e31b/element'
15:28:05.030 [Forwarding findElement on session 86b7b2901531514b56c6398d5a87e31b to remote] DEBUG org.asynchttpclient.netty.request.NettyRequestSender - Using open Channel [id: 0xcca9817e, L:/127.0.0.1:54697 - R:localhost/127.0.0.1:42126] for POST '/session/86b7b2901531514b56c6398d5a87e31b/element'
15:28:05.199 [AsyncHttpClient-1-2] DEBUG org.asynchttpclient.netty.handler.HttpHandler - 

Request DefaultHttpRequest(decodeResult: success, version: HTTP/1.1)
POST /session/86b7b2901531514b56c6398d5a87e31b/element HTTP/1.1
User-Agent: selenium/4.8.1 (java windows)
Content-Length: 71
Content-Type: application/json; charset=utf-8
host: localhost:42126
accept: */*

Response DefaultHttpResponse(decodeResult: success, version: HTTP/1.1)
HTTP/1.1 200 OK
Content-Length: 88
Content-Type: application/json; charset=utf-8
cache-control: no-cache

15:28:05.200 [AsyncHttpClient-1-2] DEBUG org.asynchttpclient.netty.channel.ChannelManager - Adding key: http://localhost:42126 for channel [id: 0xcca9817e, L:/127.0.0.1:54697 - R:localhost/127.0.0.1:42126]
15:28:05.207 [Forwarding isElementDisplayed on session 86b7b2901531514b56c6398d5a87e31b to remote] DEBUG org.asynchttpclient.netty.request.NettyRequestSender - Using pooled Channel '[id: 0xcca9817e, L:/127.0.0.1:54697 - R:localhost/127.0.0.1:42126]' for 'POST' to 'http://localhost:42126/session/86b7b2901531514b56c6398d5a87e31b/execute/sync'
15:28:05.207 [Forwarding isElementDisplayed on session 86b7b2901531514b56c6398d5a87e31b to remote] DEBUG org.asynchttpclient.netty.request.NettyRequestSender - Using open Channel [id: 0xcca9817e, L:/127.0.0.1:54697 - R:localhost/127.0.0.1:42126] for POST '/session/86b7b2901531514b56c6398d5a87e31b/execute/sync'
15:28:05.218 [AsyncHttpClient-1-2] DEBUG org.asynchttpclient.netty.handler.HttpHandler - 

Request DefaultHttpRequest(decodeResult: success, version: HTTP/1.1)
POST /session/86b7b2901531514b56c6398d5a87e31b/execute/sync HTTP/1.1
User-Agent: selenium/4.8.1 (java windows)
Content-Length: 48807
Content-Type: application/json; charset=utf-8
host: localhost:42126
accept: */*

Response DefaultHttpResponse(decodeResult: success, version: HTTP/1.1)
HTTP/1.1 200 OK
Content-Length: 14
Content-Type: application/json; charset=utf-8
cache-control: no-cache

15:28:05.218 [AsyncHttpClient-1-2] DEBUG org.asynchttpclient.netty.channel.ChannelManager - Adding key: http://localhost:42126 for channel [id: 0xcca9817e, L:/127.0.0.1:54697 - R:localhost/127.0.0.1:42126]
15:28:05.225 [Forwarding isElementDisplayed on session 86b7b2901531514b56c6398d5a87e31b to remote] DEBUG org.asynchttpclient.netty.request.NettyRequestSender - Using pooled Channel '[id: 0xcca9817e, L:/127.0.0.1:54697 - R:localhost/127.0.0.1:42126]' for 'POST' to 'http://localhost:42126/session/86b7b2901531514b56c6398d5a87e31b/execute/sync'
15:28:05.225 [Forwarding isElementDisplayed on session 86b7b2901531514b56c6398d5a87e31b to remote] DEBUG org.asynchttpclient.netty.request.NettyRequestSender - Using open Channel [id: 0xcca9817e, L:/127.0.0.1:54697 - R:localhost/127.0.0.1:42126] for POST '/session/86b7b2901531514b56c6398d5a87e31b/execute/sync'
15:28:05.236 [AsyncHttpClient-1-2] DEBUG org.asynchttpclient.netty.handler.HttpHandler - 

Request DefaultHttpRequest(decodeResult: success, version: HTTP/1.1)
POST /session/86b7b2901531514b56c6398d5a87e31b/execute/sync HTTP/1.1
User-Agent: selenium/4.8.1 (java windows)
Content-Length: 48807
Content-Type: application/json; charset=utf-8
host: localhost:42126
accept: */*

Response DefaultHttpResponse(decodeResult: success, version: HTTP/1.1)
HTTP/1.1 200 OK
Content-Length: 14
Content-Type: application/json; charset=utf-8
cache-control: no-cache

15:28:05.236 [AsyncHttpClient-1-2] DEBUG org.asynchttpclient.netty.channel.ChannelManager - Adding key: http://localhost:42126 for channel [id: 0xcca9817e, L:/127.0.0.1:54697 - R:localhost/127.0.0.1:42126]
  &amp#27;[32mThen &amp#27;[0m&amp#27;[32mthe product has been successfully selected&amp#27;[0m                  &amp#27;[90m# starter.stepdefinitions.ChooseProductSteps.theProductHasBeenSuccessfullySelected()&amp#27;[0m
15:28:05.246 [main] INFO  - 
  _____   ___   ___   _____     ___     _     ___   ___   ___   ___  
 |_   _| | __| / __| |_   _|   | _ \   /_\   / __| / __| | __| |   \ 
   | |   | _|  \__ \   | |     |  _/  / _ \  \__ \ \__ \ | _|  | |) |
   |_|   |___| |___/   |_|     |_|   /_/ \_\ |___/ |___/ |___| |___/ 

as user i want to choose product and add product to cart
----------------------------------------------------------------------
15:28:05.340 [Driver Command Executor] DEBUG org.asynchttpclient.netty.request.NettyRequestSender - Using pooled Channel '[id: 0xcca9817e, L:/127.0.0.1:54697 - R:localhost/127.0.0.1:42126]' for 'DELETE' to 'http://localhost:42126/session/86b7b2901531514b56c6398d5a87e31b'
15:28:05.340 [Driver Command Executor] DEBUG org.asynchttpclient.netty.request.NettyRequestSender - Using open Channel [id: 0xcca9817e, L:/127.0.0.1:54697 - R:localhost/127.0.0.1:42126] for DELETE '/session/86b7b2901531514b56c6398d5a87e31b'
15:28:05.411 [AsyncHttpClient-1-3] DEBUG org.asynchttpclient.netty.handler.HttpHandler - Unexpected I/O exception on channel [id: 0x6523dd0c, L:/127.0.0.1:54706 - R:localhost/127.0.0.1:54698]
java.io.IOException: An existing connection was forcibly closed by the remote host
	at sun.nio.ch.SocketDispatcher.read0(Native Method)
	at sun.nio.ch.SocketDispatcher.read(SocketDispatcher.java:43)
	at sun.nio.ch.IOUtil.readIntoNativeBuffer(IOUtil.java:223)
	at sun.nio.ch.IOUtil.read(IOUtil.java:192)
	at sun.nio.ch.SocketChannelImpl.read(SocketChannelImpl.java:380)
	at io.netty.buffer.PooledByteBuf.setBytes(PooledByteBuf.java:259)
	at io.netty.buffer.AbstractByteBuf.writeBytes(AbstractByteBuf.java:1132)
	at io.netty.channel.socket.nio.NioSocketChannel.doReadBytes(NioSocketChannel.java:357)
	at io.netty.channel.nio.AbstractNioByteChannel$NioByteUnsafe.read(AbstractNioByteChannel.java:151)
	at io.netty.channel.nio.NioEventLoop.processSelectedKey(NioEventLoop.java:788)
	at io.netty.channel.nio.NioEventLoop.processSelectedKeysOptimized(NioEventLoop.java:724)
	at io.netty.channel.nio.NioEventLoop.processSelectedKeys(NioEventLoop.java:650)
	at io.netty.channel.nio.NioEventLoop.run(NioEventLoop.java:562)
	at io.netty.util.concurrent.SingleThreadEventExecutor$4.run(SingleThreadEventExecutor.java:997)
	at io.netty.util.internal.ThreadExecutorMap$2.run(ThreadExecutorMap.java:74)
	at io.netty.util.concurrent.FastThreadLocalRunnable.run(FastThreadLocalRunnable.java:30)
	at java.lang.Thread.run(Thread.java:748)
15:28:05.411 [AsyncHttpClient-1-3] DEBUG org.asynchttpclient.netty.channel.ChannelManager - Closing Channel [id: 0x6523dd0c, L:/127.0.0.1:54706 - R:localhost/127.0.0.1:54698] 
15:28:05.415 [AsyncHttpClient-1-3] DEBUG org.asynchttpclient.netty.handler.HttpHandler - Channel Closed: [id: 0x6523dd0c, L:/127.0.0.1:54706 ! R:localhost/127.0.0.1:54698] with attribute DISCARD
15:28:05.426 [AsyncHttpClient-1-4] DEBUG org.asynchttpclient.netty.handler.WebSocketHandler - Unexpected I/O exception on channel [id: 0x112c57cb, L:/127.0.0.1:54707 - R:localhost/127.0.0.1:54698]
java.io.IOException: An existing connection was forcibly closed by the remote host
	at sun.nio.ch.SocketDispatcher.read0(Native Method)
	at sun.nio.ch.SocketDispatcher.read(SocketDispatcher.java:43)
	at sun.nio.ch.IOUtil.readIntoNativeBuffer(IOUtil.java:223)
	at sun.nio.ch.IOUtil.read(IOUtil.java:192)
	at sun.nio.ch.SocketChannelImpl.read(SocketChannelImpl.java:380)
	at io.netty.buffer.PooledByteBuf.setBytes(PooledByteBuf.java:259)
	at io.netty.buffer.AbstractByteBuf.writeBytes(AbstractByteBuf.java:1132)
	at io.netty.channel.socket.nio.NioSocketChannel.doReadBytes(NioSocketChannel.java:357)
	at io.netty.channel.nio.AbstractNioByteChannel$NioByteUnsafe.read(AbstractNioByteChannel.java:151)
	at io.netty.channel.nio.NioEventLoop.processSelectedKey(NioEventLoop.java:788)
	at io.netty.channel.nio.NioEventLoop.processSelectedKeysOptimized(NioEventLoop.java:724)
	at io.netty.channel.nio.NioEventLoop.processSelectedKeys(NioEventLoop.java:650)
	at io.netty.channel.nio.NioEventLoop.run(NioEventLoop.java:562)
	at io.netty.util.concurrent.SingleThreadEventExecutor$4.run(SingleThreadEventExecutor.java:997)
	at io.netty.util.internal.ThreadExecutorMap$2.run(ThreadExecutorMap.java:74)
	at io.netty.util.concurrent.FastThreadLocalRunnable.run(FastThreadLocalRunnable.java:30)
	at java.lang.Thread.run(Thread.java:748)
15:28:05.427 [AsyncHttpClient-1-4] DEBUG org.asynchttpclient.netty.handler.WebSocketHandler - Trying to recover from dead Channel: [id: 0x112c57cb, L:/127.0.0.1:54707 - R:localhost/127.0.0.1:54698]
15:28:05.427 [AsyncHttpClient-1-4] DEBUG org.asynchttpclient.netty.handler.WebSocketHandler - Channel Closed: [id: 0x112c57cb, L:/127.0.0.1:54707 ! R:localhost/127.0.0.1:54698] with attribute NettyResponseFuture{currentRetry=0,
	isDone=1,
	isCancelled=0,
	asyncHandler=org.asynchttpclient.ws.WebSocketUpgradeHandler@4f52f1c3,
	nettyRequest=org.asynchttpclient.netty.request.NettyRequest@531d5fd5,
	future=java.util.concurrent.CompletableFuture@1b59aa60[Completed normally],
	uri=ws://localhost:54698/devtools/browser/de83036e-36f5-49c2-8759-812589c8c018,
	keepAlive=true,
	redirectCount=0,
	timeoutsHolder=null,
	inAuth=0,
	touch=1683534485426}
15:28:05.428 [AsyncHttpClient-1-4] DEBUG org.asynchttpclient.netty.channel.ChannelManager - Closing Channel [id: 0x112c57cb, L:/127.0.0.1:54707 ! R:localhost/127.0.0.1:54698] 
15:28:05.456 [AsyncHttpClient-1-2] DEBUG org.asynchttpclient.netty.handler.HttpHandler - 

Request DefaultFullHttpRequest(decodeResult: success, version: HTTP/1.1, content: EmptyByteBufBE)
DELETE /session/86b7b2901531514b56c6398d5a87e31b HTTP/1.1
User-Agent: selenium/4.8.1 (java windows)
Content-Type: application/json; charset=utf-8
host: localhost:42126
accept: */*

Response DefaultHttpResponse(decodeResult: success, version: HTTP/1.1)
HTTP/1.1 200 OK
Content-Length: 14
Content-Type: application/json; charset=utf-8
cache-control: no-cache

15:28:05.456 [AsyncHttpClient-1-2] DEBUG org.asynchttpclient.netty.channel.ChannelManager - Adding key: http://localhost:42126 for channel [id: 0xcca9817e, L:/127.0.0.1:54697 - R:localhost/127.0.0.1:42126]
15:28:05.555 [AsyncHttpClient-1-2] DEBUG org.asynchttpclient.netty.handler.HttpHandler - Channel Closed: [id: 0xcca9817e, L:/127.0.0.1:54697 ! R:localhost/127.0.0.1:42126] with attribute DISCARD
15:28:06.080 [AsyncHttpClient-1-1] DEBUG org.asynchttpclient.netty.channel.DefaultChannelPool - Entry count for : http://localhost:42126 : 1
15:28:06.080 [AsyncHttpClient-1-1] DEBUG org.asynchttpclient.netty.channel.DefaultChannelPool - Entry count for : http://localhost:54698 : 1
15:28:06.081 [AsyncHttpClient-1-1] DEBUG org.asynchttpclient.netty.channel.DefaultChannelPool - Adding Candidate expired Channel [id: 0xcca9817e, L:/127.0.0.1:54697 ! R:localhost/127.0.0.1:42126] isIdleTimeoutExpired=false isRemotelyClosed=true isTtlExpired=false
15:28:06.081 [AsyncHttpClient-1-1] DEBUG org.asynchttpclient.netty.channel.DefaultChannelPool - Closing Idle Channel [id: 0xcca9817e, L:/127.0.0.1:54697 ! R:localhost/127.0.0.1:42126]
15:28:06.081 [AsyncHttpClient-1-1] DEBUG org.asynchttpclient.netty.channel.DefaultChannelPool - Adding Candidate expired Channel [id: 0x6523dd0c, L:/127.0.0.1:54706 ! R:localhost/127.0.0.1:54698] isIdleTimeoutExpired=false isRemotelyClosed=true isTtlExpired=false
15:28:06.081 [AsyncHttpClient-1-1] DEBUG org.asynchttpclient.netty.channel.DefaultChannelPool - Closing Idle Channel [id: 0x6523dd0c, L:/127.0.0.1:54706 ! R:localhost/127.0.0.1:54698]
15:28:06.081 [AsyncHttpClient-1-1] DEBUG org.asynchttpclient.netty.channel.DefaultChannelPool - Closed 2 connections out of 2 in 1 ms
]]></system-out>
    <system-err><![CDATA[Starting ChromeDriver 112.0.5615.49 (bd2a7bcb881c11e8cfe3078709382934e3916914-refs/branch-heads/5615@{#936}) on port 42126
Only local connections are allowed.
Please see https://chromedriver.chromium.org/security-considerations for suggestions on keeping ChromeDriver safe.
ChromeDriver was started successfully.
May 08, 2023 3:27:58 PM org.openqa.selenium.devtools.CdpVersionFinder findNearestMatch
WARNING: Unable to find an exact match for CDP version 112, so returning the closest version found: 110
]]></system-err>
  </testcase>
  <testcase name="as user i can see detail product" classname="As a user i have choose product so that i can order product" time="9.481">
    <system-out><![CDATA[
@TestCaseMPAAAC-15
Scenario: as user i can see detail product &amp#27;[90m# src/test/resources/features/PilihProduk.feature:15&amp#27;[0m
15:28:06.170 [main] DEBUG io.cucumber.core.plugin.SerenityReporter - Running feature from file:///D:/D/QE_Alta/MiniProject/Web/Pilih-Beli-Produk/src/test/resources/features/PilihProduk.feature
15:28:06.197 [main] INFO  - 
  _____   ___   ___   _____     ___   _____     _     ___   _____   ___   ___  
 |_   _| | __| / __| |_   _|   / __| |_   _|   /_\   | _ \ |_   _| | __| |   \ 
   | |   | _|  \__ \   | |     \__ \   | |    / _ \  |   /   | |   | _|  | |) |
   |_|   |___| |___/   |_|     |___/   |_|   /_/ \_\ |_|_\   |_|   |___| |___/ 

as user i can see detail product(as-a-user-i-have-choose-product-so-that-i-can-order-product;as-user-i-can-see-detail-product)
--------------------------------------------------------------------------------
15:28:06.246 [main] DEBUG net.thucydides.core.steps.StepInterceptor - STARTING STEP: LoginSteps.userOnLoginPage - onLoginPage
15:28:06.425 [main] INFO net.serenitybdd.core.webdriver.driverproviders.ChromeDriverProvider - Starting Chrome driver instance with capabilities:
15:28:06.430 [main] INFO net.serenitybdd.core.webdriver.driverproviders.ChromeDriverProvider - Capabilities {acceptInsecureCerts: true, browserName: chrome, goog:chromeOptions: {args: [remote-allow-origins=*, test-type, no-sandbox, ignore-certificate-errors, start-maximized, incognito, disable-infobars, disable-gpu, disable-default-apps, disable-popup-blocking, remote-allow-origins=*, test-type, no-sandbox, ignore-certificate-errors, start-maximized, incognito, disable-infobars, disable-gpu, disable-default-apps, disable-popup-blocking, remote-allow-origins=*], extensions: []}}
15:28:07.074 [AsyncHttpClient-1-5] DEBUG org.asynchttpclient.netty.channel.NettyConnectListener - Using new Channel '[id: 0x596a71d3, L:/127.0.0.1:54724 - R:localhost/127.0.0.1:39630]' for 'POST' to '/session'
15:28:08.280 [AsyncHttpClient-1-5] DEBUG org.asynchttpclient.netty.handler.HttpHandler - 

Request DefaultHttpRequest(decodeResult: success, version: HTTP/1.1)
POST /session HTTP/1.1
User-Agent: selenium/4.8.1 (java windows)
Content-Length: 1701
Content-Type: application/json; charset=utf-8
host: localhost:39630
accept: */*

Response DefaultHttpResponse(decodeResult: success, version: HTTP/1.1)
HTTP/1.1 200 OK
Content-Length: 861
Content-Type: application/json; charset=utf-8
cache-control: no-cache

15:28:08.280 [AsyncHttpClient-1-5] DEBUG org.asynchttpclient.netty.channel.ChannelManager - Adding key: http://localhost:39630 for channel [id: 0x596a71d3, L:/127.0.0.1:54724 - R:localhost/127.0.0.1:39630]
15:28:08.295 [AsyncHttpClient-1-6] DEBUG org.asynchttpclient.netty.channel.NettyConnectListener - Using new Channel '[id: 0x02a116f4, L:/127.0.0.1:54732 - R:localhost/127.0.0.1:54726]' for 'GET' to '/json/version'
15:28:08.297 [AsyncHttpClient-1-6] DEBUG org.asynchttpclient.netty.handler.HttpHandler - 

Request DefaultFullHttpRequest(decodeResult: success, version: HTTP/1.1, content: EmptyByteBufBE)
GET /json/version HTTP/1.1
User-Agent: selenium/4.8.1 (java windows)
host: localhost:54726
accept: */*

Response DefaultHttpResponse(decodeResult: success, version: HTTP/1.1)
HTTP/1.1 200 OK
Content-Security-Policy: frame-ancestors 'none'
Content-Length: 424
Content-Type: application/json; charset=UTF-8

15:28:08.297 [AsyncHttpClient-1-6] DEBUG org.asynchttpclient.netty.channel.ChannelManager - Adding key: http://localhost:54726 for channel [id: 0x02a116f4, L:/127.0.0.1:54732 - R:localhost/127.0.0.1:54726]
15:28:08.307 [AsyncHttpClient-1-7] DEBUG org.asynchttpclient.netty.channel.NettyConnectListener - Using new Channel '[id: 0x001470c9, L:/127.0.0.1:54733 - R:localhost/127.0.0.1:54726]' for 'GET' to '/devtools/browser/376c894d-ae04-4d53-9db9-917c5f55cab3'
15:28:08.309 [AsyncHttpClient-1-7] DEBUG org.asynchttpclient.netty.handler.WebSocketHandler - 

Request DefaultFullHttpRequest(decodeResult: success, version: HTTP/1.1, content: EmptyByteBufBE)
GET /devtools/browser/376c894d-ae04-4d53-9db9-917c5f55cab3 HTTP/1.1
upgrade: websocket
connection: upgrade
sec-websocket-key: GgPxSgJiskTiJAM3Uyv7ZQ==
sec-websocket-version: 13
origin: http://localhost:54726
host: localhost:54726
accept: */*
user-agent: AHC/2.1

Response DefaultHttpResponse(decodeResult: success, version: HTTP/1.1)
HTTP/1.1 101 WebSocket Protocol Handshake
Upgrade: WebSocket
Connection: Upgrade
Sec-WebSocket-Accept: +ahBKoXOytafbW9X91FLt/scIus=

15:28:08.316 [Forwarding get on session ac92d993ea1e3af3d91b13a3ee0ba715 to remote] DEBUG org.asynchttpclient.netty.request.NettyRequestSender - Using pooled Channel '[id: 0x596a71d3, L:/127.0.0.1:54724 - R:localhost/127.0.0.1:39630]' for 'POST' to 'http://localhost:39630/session/ac92d993ea1e3af3d91b13a3ee0ba715/url'
15:28:08.317 [Forwarding get on session ac92d993ea1e3af3d91b13a3ee0ba715 to remote] DEBUG org.asynchttpclient.netty.request.NettyRequestSender - Using open Channel [id: 0x596a71d3, L:/127.0.0.1:54724 - R:localhost/127.0.0.1:39630] for POST '/session/ac92d993ea1e3af3d91b13a3ee0ba715/url'
15:28:09.388 [AsyncHttpClient-1-1] DEBUG org.asynchttpclient.netty.channel.DefaultChannelPool - Entry count for : http://localhost:54726 : 1
15:28:09.800 [AsyncHttpClient-1-5] DEBUG org.asynchttpclient.netty.handler.HttpHandler - 

Request DefaultHttpRequest(decodeResult: success, version: HTTP/1.1)
POST /session/ac92d993ea1e3af3d91b13a3ee0ba715/url HTTP/1.1
User-Agent: selenium/4.8.1 (java windows)
Content-Length: 74
Content-Type: application/json; charset=utf-8
host: localhost:39630
accept: */*

Response DefaultHttpResponse(decodeResult: success, version: HTTP/1.1)
HTTP/1.1 200 OK
Content-Length: 14
Content-Type: application/json; charset=utf-8
cache-control: no-cache

15:28:09.801 [AsyncHttpClient-1-5] DEBUG org.asynchttpclient.netty.channel.ChannelManager - Adding key: http://localhost:39630 for channel [id: 0x596a71d3, L:/127.0.0.1:54724 - R:localhost/127.0.0.1:39630]
15:28:09.806 [Forwarding setTimeout on session ac92d993ea1e3af3d91b13a3ee0ba715 to remote] DEBUG org.asynchttpclient.netty.request.NettyRequestSender - Using pooled Channel '[id: 0x596a71d3, L:/127.0.0.1:54724 - R:localhost/127.0.0.1:39630]' for 'POST' to 'http://localhost:39630/session/ac92d993ea1e3af3d91b13a3ee0ba715/timeouts'
15:28:09.806 [Forwarding setTimeout on session ac92d993ea1e3af3d91b13a3ee0ba715 to remote] DEBUG org.asynchttpclient.netty.request.NettyRequestSender - Using open Channel [id: 0x596a71d3, L:/127.0.0.1:54724 - R:localhost/127.0.0.1:39630] for POST '/session/ac92d993ea1e3af3d91b13a3ee0ba715/timeouts'
15:28:09.808 [AsyncHttpClient-1-5] DEBUG org.asynchttpclient.netty.handler.HttpHandler - 

Request DefaultHttpRequest(decodeResult: success, version: HTTP/1.1)
POST /session/ac92d993ea1e3af3d91b13a3ee0ba715/timeouts HTTP/1.1
User-Agent: selenium/4.8.1 (java windows)
Content-Length: 22
Content-Type: application/json; charset=utf-8
host: localhost:39630
accept: */*

Response DefaultHttpResponse(decodeResult: success, version: HTTP/1.1)
HTTP/1.1 200 OK
Content-Length: 14
Content-Type: application/json; charset=utf-8
cache-control: no-cache

15:28:09.809 [AsyncHttpClient-1-5] DEBUG org.asynchttpclient.netty.channel.ChannelManager - Adding key: http://localhost:39630 for channel [id: 0x596a71d3, L:/127.0.0.1:54724 - R:localhost/127.0.0.1:39630]
15:28:09.823 [Forwarding findElement on session ac92d993ea1e3af3d91b13a3ee0ba715 to remote] DEBUG org.asynchttpclient.netty.request.NettyRequestSender - Using pooled Channel '[id: 0x596a71d3, L:/127.0.0.1:54724 - R:localhost/127.0.0.1:39630]' for 'POST' to 'http://localhost:39630/session/ac92d993ea1e3af3d91b13a3ee0ba715/element'
15:28:09.823 [Forwarding findElement on session ac92d993ea1e3af3d91b13a3ee0ba715 to remote] DEBUG org.asynchttpclient.netty.request.NettyRequestSender - Using open Channel [id: 0x596a71d3, L:/127.0.0.1:54724 - R:localhost/127.0.0.1:39630] for POST '/session/ac92d993ea1e3af3d91b13a3ee0ba715/element'
15:28:09.846 [AsyncHttpClient-1-5] DEBUG org.asynchttpclient.netty.handler.HttpHandler - 

Request DefaultHttpRequest(decodeResult: success, version: HTTP/1.1)
POST /session/ac92d993ea1e3af3d91b13a3ee0ba715/element HTTP/1.1
User-Agent: selenium/4.8.1 (java windows)
Content-Length: 69
Content-Type: application/json; charset=utf-8
host: localhost:39630
accept: */*

Response DefaultHttpResponse(decodeResult: success, version: HTTP/1.1)
HTTP/1.1 200 OK
Content-Length: 88
Content-Type: application/json; charset=utf-8
cache-control: no-cache

15:28:09.847 [AsyncHttpClient-1-5] DEBUG org.asynchttpclient.netty.channel.ChannelManager - Adding key: http://localhost:39630 for channel [id: 0x596a71d3, L:/127.0.0.1:54724 - R:localhost/127.0.0.1:39630]
15:28:09.853 [Forwarding isElementDisplayed on session ac92d993ea1e3af3d91b13a3ee0ba715 to remote] DEBUG org.asynchttpclient.netty.request.NettyRequestSender - Using pooled Channel '[id: 0x596a71d3, L:/127.0.0.1:54724 - R:localhost/127.0.0.1:39630]' for 'POST' to 'http://localhost:39630/session/ac92d993ea1e3af3d91b13a3ee0ba715/execute/sync'
15:28:09.853 [Forwarding isElementDisplayed on session ac92d993ea1e3af3d91b13a3ee0ba715 to remote] DEBUG org.asynchttpclient.netty.request.NettyRequestSender - Using open Channel [id: 0x596a71d3, L:/127.0.0.1:54724 - R:localhost/127.0.0.1:39630] for POST '/session/ac92d993ea1e3af3d91b13a3ee0ba715/execute/sync'
15:28:09.879 [AsyncHttpClient-1-5] DEBUG org.asynchttpclient.netty.handler.HttpHandler - 

Request DefaultHttpRequest(decodeResult: success, version: HTTP/1.1)
POST /session/ac92d993ea1e3af3d91b13a3ee0ba715/execute/sync HTTP/1.1
User-Agent: selenium/4.8.1 (java windows)
Content-Length: 48807
Content-Type: application/json; charset=utf-8
host: localhost:39630
accept: */*

Response DefaultHttpResponse(decodeResult: success, version: HTTP/1.1)
HTTP/1.1 200 OK
Content-Length: 14
Content-Type: application/json; charset=utf-8
cache-control: no-cache

15:28:09.879 [AsyncHttpClient-1-5] DEBUG org.asynchttpclient.netty.channel.ChannelManager - Adding key: http://localhost:39630 for channel [id: 0x596a71d3, L:/127.0.0.1:54724 - R:localhost/127.0.0.1:39630]
15:28:09.885 [Forwarding isElementDisplayed on session ac92d993ea1e3af3d91b13a3ee0ba715 to remote] DEBUG org.asynchttpclient.netty.request.NettyRequestSender - Using pooled Channel '[id: 0x596a71d3, L:/127.0.0.1:54724 - R:localhost/127.0.0.1:39630]' for 'POST' to 'http://localhost:39630/session/ac92d993ea1e3af3d91b13a3ee0ba715/execute/sync'
15:28:09.885 [Forwarding isElementDisplayed on session ac92d993ea1e3af3d91b13a3ee0ba715 to remote] DEBUG org.asynchttpclient.netty.request.NettyRequestSender - Using open Channel [id: 0x596a71d3, L:/127.0.0.1:54724 - R:localhost/127.0.0.1:39630] for POST '/session/ac92d993ea1e3af3d91b13a3ee0ba715/execute/sync'
15:28:09.900 [AsyncHttpClient-1-5] DEBUG org.asynchttpclient.netty.handler.HttpHandler - 

Request DefaultHttpRequest(decodeResult: success, version: HTTP/1.1)
POST /session/ac92d993ea1e3af3d91b13a3ee0ba715/execute/sync HTTP/1.1
User-Agent: selenium/4.8.1 (java windows)
Content-Length: 48807
Content-Type: application/json; charset=utf-8
host: localhost:39630
accept: */*

Response DefaultHttpResponse(decodeResult: success, version: HTTP/1.1)
HTTP/1.1 200 OK
Content-Length: 14
Content-Type: application/json; charset=utf-8
cache-control: no-cache

15:28:09.900 [AsyncHttpClient-1-5] DEBUG org.asynchttpclient.netty.channel.ChannelManager - Adding key: http://localhost:39630 for channel [id: 0x596a71d3, L:/127.0.0.1:54724 - R:localhost/127.0.0.1:39630]
15:28:09.904 [main] DEBUG net.thucydides.core.steps.StepInterceptor - STEP DONE: onLoginPage
  &amp#27;[32mGiven &amp#27;[0m&amp#27;[32muser on login page&amp#27;[0m                 &amp#27;[90m# starter.stepdefinitions.LoginSteps.userOnLoginPage()&amp#27;[0m
15:28:09.918 [main] DEBUG net.thucydides.core.steps.StepInterceptor - STARTING STEP: LoginSteps.userInputValidEmail - inputEmail
15:28:09.925 [Forwarding findElement on session ac92d993ea1e3af3d91b13a3ee0ba715 to remote] DEBUG org.asynchttpclient.netty.request.NettyRequestSender - Using pooled Channel '[id: 0x596a71d3, L:/127.0.0.1:54724 - R:localhost/127.0.0.1:39630]' for 'POST' to 'http://localhost:39630/session/ac92d993ea1e3af3d91b13a3ee0ba715/element'
15:28:09.925 [Forwarding findElement on session ac92d993ea1e3af3d91b13a3ee0ba715 to remote] DEBUG org.asynchttpclient.netty.request.NettyRequestSender - Using open Channel [id: 0x596a71d3, L:/127.0.0.1:54724 - R:localhost/127.0.0.1:39630] for POST '/session/ac92d993ea1e3af3d91b13a3ee0ba715/element'
15:28:09.940 [AsyncHttpClient-1-5] DEBUG org.asynchttpclient.netty.handler.HttpHandler - 

Request DefaultHttpRequest(decodeResult: success, version: HTTP/1.1)
POST /session/ac92d993ea1e3af3d91b13a3ee0ba715/element HTTP/1.1
User-Agent: selenium/4.8.1 (java windows)
Content-Length: 55
Content-Type: application/json; charset=utf-8
host: localhost:39630
accept: */*

Response DefaultHttpResponse(decodeResult: success, version: HTTP/1.1)
HTTP/1.1 200 OK
Content-Length: 88
Content-Type: application/json; charset=utf-8
cache-control: no-cache

15:28:09.940 [AsyncHttpClient-1-5] DEBUG org.asynchttpclient.netty.channel.ChannelManager - Adding key: http://localhost:39630 for channel [id: 0x596a71d3, L:/127.0.0.1:54724 - R:localhost/127.0.0.1:39630]
15:28:09.942 [Forwarding clearElement on session ac92d993ea1e3af3d91b13a3ee0ba715 to remote] DEBUG org.asynchttpclient.netty.request.NettyRequestSender - Using pooled Channel '[id: 0x596a71d3, L:/127.0.0.1:54724 - R:localhost/127.0.0.1:39630]' for 'POST' to 'http://localhost:39630/session/ac92d993ea1e3af3d91b13a3ee0ba715/element/5bf4d0f2-506f-4a84-a834-5a6076a54dea/clear'
15:28:09.942 [Forwarding clearElement on session ac92d993ea1e3af3d91b13a3ee0ba715 to remote] DEBUG org.asynchttpclient.netty.request.NettyRequestSender - Using open Channel [id: 0x596a71d3, L:/127.0.0.1:54724 - R:localhost/127.0.0.1:39630] for POST '/session/ac92d993ea1e3af3d91b13a3ee0ba715/element/5bf4d0f2-506f-4a84-a834-5a6076a54dea/clear'
15:28:09.979 [AsyncHttpClient-1-5] DEBUG org.asynchttpclient.netty.handler.HttpHandler - 

Request DefaultHttpRequest(decodeResult: success, version: HTTP/1.1)
POST /session/ac92d993ea1e3af3d91b13a3ee0ba715/element/5bf4d0f2-506f-4a84-a834-5a6076a54dea/clear HTTP/1.1
User-Agent: selenium/4.8.1 (java windows)
Content-Length: 50
Content-Type: application/json; charset=utf-8
host: localhost:39630
accept: */*

Response DefaultHttpResponse(decodeResult: success, version: HTTP/1.1)
HTTP/1.1 200 OK
Content-Length: 14
Content-Type: application/json; charset=utf-8
cache-control: no-cache

15:28:09.980 [AsyncHttpClient-1-5] DEBUG org.asynchttpclient.netty.channel.ChannelManager - Adding key: http://localhost:39630 for channel [id: 0x596a71d3, L:/127.0.0.1:54724 - R:localhost/127.0.0.1:39630]
15:28:09.983 [Forwarding sendKeysToElement on session ac92d993ea1e3af3d91b13a3ee0ba715 to remote] DEBUG org.asynchttpclient.netty.request.NettyRequestSender - Using pooled Channel '[id: 0x596a71d3, L:/127.0.0.1:54724 - R:localhost/127.0.0.1:39630]' for 'POST' to 'http://localhost:39630/session/ac92d993ea1e3af3d91b13a3ee0ba715/element/5bf4d0f2-506f-4a84-a834-5a6076a54dea/value'
15:28:09.983 [Forwarding sendKeysToElement on session ac92d993ea1e3af3d91b13a3ee0ba715 to remote] DEBUG org.asynchttpclient.netty.request.NettyRequestSender - Using open Channel [id: 0x596a71d3, L:/127.0.0.1:54724 - R:localhost/127.0.0.1:39630] for POST '/session/ac92d993ea1e3af3d91b13a3ee0ba715/element/5bf4d0f2-506f-4a84-a834-5a6076a54dea/value'
15:28:10.142 [AsyncHttpClient-1-5] DEBUG org.asynchttpclient.netty.handler.HttpHandler - 

Request DefaultHttpRequest(decodeResult: success, version: HTTP/1.1)
POST /session/ac92d993ea1e3af3d91b13a3ee0ba715/element/5bf4d0f2-506f-4a84-a834-5a6076a54dea/value HTTP/1.1
User-Agent: selenium/4.8.1 (java windows)
Content-Length: 231
Content-Type: application/json; charset=utf-8
host: localhost:39630
accept: */*

Response DefaultHttpResponse(decodeResult: success, version: HTTP/1.1)
HTTP/1.1 200 OK
Content-Length: 14
Content-Type: application/json; charset=utf-8
cache-control: no-cache

15:28:10.143 [AsyncHttpClient-1-5] DEBUG org.asynchttpclient.netty.channel.ChannelManager - Adding key: http://localhost:39630 for channel [id: 0x596a71d3, L:/127.0.0.1:54724 - R:localhost/127.0.0.1:39630]
15:28:10.150 [main] DEBUG net.thucydides.core.steps.StepInterceptor - STEP DONE: inputEmail
  &amp#27;[32mWhen &amp#27;[0m&amp#27;[32muser input valid email&amp#27;[0m              &amp#27;[90m# starter.stepdefinitions.LoginSteps.userInputValidEmail()&amp#27;[0m
15:28:10.164 [main] DEBUG net.thucydides.core.steps.StepInterceptor - STARTING STEP: LoginSteps.userInputValidPassword - inputPassword
15:28:10.168 [Forwarding findElement on session ac92d993ea1e3af3d91b13a3ee0ba715 to remote] DEBUG org.asynchttpclient.netty.request.NettyRequestSender - Using pooled Channel '[id: 0x596a71d3, L:/127.0.0.1:54724 - R:localhost/127.0.0.1:39630]' for 'POST' to 'http://localhost:39630/session/ac92d993ea1e3af3d91b13a3ee0ba715/element'
15:28:10.168 [Forwarding findElement on session ac92d993ea1e3af3d91b13a3ee0ba715 to remote] DEBUG org.asynchttpclient.netty.request.NettyRequestSender - Using open Channel [id: 0x596a71d3, L:/127.0.0.1:54724 - R:localhost/127.0.0.1:39630] for POST '/session/ac92d993ea1e3af3d91b13a3ee0ba715/element'
15:28:10.180 [AsyncHttpClient-1-5] DEBUG org.asynchttpclient.netty.handler.HttpHandler - 

Request DefaultHttpRequest(decodeResult: success, version: HTTP/1.1)
POST /session/ac92d993ea1e3af3d91b13a3ee0ba715/element HTTP/1.1
User-Agent: selenium/4.8.1 (java windows)
Content-Length: 55
Content-Type: application/json; charset=utf-8
host: localhost:39630
accept: */*

Response DefaultHttpResponse(decodeResult: success, version: HTTP/1.1)
HTTP/1.1 200 OK
Content-Length: 88
Content-Type: application/json; charset=utf-8
cache-control: no-cache

15:28:10.181 [AsyncHttpClient-1-5] DEBUG org.asynchttpclient.netty.channel.ChannelManager - Adding key: http://localhost:39630 for channel [id: 0x596a71d3, L:/127.0.0.1:54724 - R:localhost/127.0.0.1:39630]
15:28:10.184 [Forwarding clearElement on session ac92d993ea1e3af3d91b13a3ee0ba715 to remote] DEBUG org.asynchttpclient.netty.request.NettyRequestSender - Using pooled Channel '[id: 0x596a71d3, L:/127.0.0.1:54724 - R:localhost/127.0.0.1:39630]' for 'POST' to 'http://localhost:39630/session/ac92d993ea1e3af3d91b13a3ee0ba715/element/30e8096b-7769-4fe1-95ca-30c9cf9bc18b/clear'
15:28:10.185 [Forwarding clearElement on session ac92d993ea1e3af3d91b13a3ee0ba715 to remote] DEBUG org.asynchttpclient.netty.request.NettyRequestSender - Using open Channel [id: 0x596a71d3, L:/127.0.0.1:54724 - R:localhost/127.0.0.1:39630] for POST '/session/ac92d993ea1e3af3d91b13a3ee0ba715/element/30e8096b-7769-4fe1-95ca-30c9cf9bc18b/clear'
15:28:10.228 [AsyncHttpClient-1-5] DEBUG org.asynchttpclient.netty.handler.HttpHandler - 

Request DefaultHttpRequest(decodeResult: success, version: HTTP/1.1)
POST /session/ac92d993ea1e3af3d91b13a3ee0ba715/element/30e8096b-7769-4fe1-95ca-30c9cf9bc18b/clear HTTP/1.1
User-Agent: selenium/4.8.1 (java windows)
Content-Length: 50
Content-Type: application/json; charset=utf-8
host: localhost:39630
accept: */*

Response DefaultHttpResponse(decodeResult: success, version: HTTP/1.1)
HTTP/1.1 200 OK
Content-Length: 14
Content-Type: application/json; charset=utf-8
cache-control: no-cache

15:28:10.228 [AsyncHttpClient-1-5] DEBUG org.asynchttpclient.netty.channel.ChannelManager - Adding key: http://localhost:39630 for channel [id: 0x596a71d3, L:/127.0.0.1:54724 - R:localhost/127.0.0.1:39630]
15:28:10.230 [Forwarding sendKeysToElement on session ac92d993ea1e3af3d91b13a3ee0ba715 to remote] DEBUG org.asynchttpclient.netty.request.NettyRequestSender - Using pooled Channel '[id: 0x596a71d3, L:/127.0.0.1:54724 - R:localhost/127.0.0.1:39630]' for 'POST' to 'http://localhost:39630/session/ac92d993ea1e3af3d91b13a3ee0ba715/element/30e8096b-7769-4fe1-95ca-30c9cf9bc18b/value'
15:28:10.230 [Forwarding sendKeysToElement on session ac92d993ea1e3af3d91b13a3ee0ba715 to remote] DEBUG org.asynchttpclient.netty.request.NettyRequestSender - Using open Channel [id: 0x596a71d3, L:/127.0.0.1:54724 - R:localhost/127.0.0.1:39630] for POST '/session/ac92d993ea1e3af3d91b13a3ee0ba715/element/30e8096b-7769-4fe1-95ca-30c9cf9bc18b/value'
15:28:10.314 [AsyncHttpClient-1-5] DEBUG org.asynchttpclient.netty.handler.HttpHandler - 

Request DefaultHttpRequest(decodeResult: success, version: HTTP/1.1)
POST /session/ac92d993ea1e3af3d91b13a3ee0ba715/element/30e8096b-7769-4fe1-95ca-30c9cf9bc18b/value HTTP/1.1
User-Agent: selenium/4.8.1 (java windows)
Content-Length: 131
Content-Type: application/json; charset=utf-8
host: localhost:39630
accept: */*

Response DefaultHttpResponse(decodeResult: success, version: HTTP/1.1)
HTTP/1.1 200 OK
Content-Length: 14
Content-Type: application/json; charset=utf-8
cache-control: no-cache

15:28:10.315 [AsyncHttpClient-1-5] DEBUG org.asynchttpclient.netty.channel.ChannelManager - Adding key: http://localhost:39630 for channel [id: 0x596a71d3, L:/127.0.0.1:54724 - R:localhost/127.0.0.1:39630]
15:28:10.319 [main] DEBUG net.thucydides.core.steps.StepInterceptor - STEP DONE: inputPassword
  &amp#27;[32mAnd &amp#27;[0m&amp#27;[32muser input valid password&amp#27;[0m            &amp#27;[90m# starter.stepdefinitions.LoginSteps.userInputValidPassword()&amp#27;[0m
15:28:10.333 [main] DEBUG net.thucydides.core.steps.StepInterceptor - STARTING STEP: LoginSteps.userClickLoginButton - ClickLoginBtn
15:28:10.338 [Forwarding findElement on session ac92d993ea1e3af3d91b13a3ee0ba715 to remote] DEBUG org.asynchttpclient.netty.request.NettyRequestSender - Using pooled Channel '[id: 0x596a71d3, L:/127.0.0.1:54724 - R:localhost/127.0.0.1:39630]' for 'POST' to 'http://localhost:39630/session/ac92d993ea1e3af3d91b13a3ee0ba715/element'
15:28:10.339 [Forwarding findElement on session ac92d993ea1e3af3d91b13a3ee0ba715 to remote] DEBUG org.asynchttpclient.netty.request.NettyRequestSender - Using open Channel [id: 0x596a71d3, L:/127.0.0.1:54724 - R:localhost/127.0.0.1:39630] for POST '/session/ac92d993ea1e3af3d91b13a3ee0ba715/element'
15:28:10.351 [AsyncHttpClient-1-5] DEBUG org.asynchttpclient.netty.handler.HttpHandler - 

Request DefaultHttpRequest(decodeResult: success, version: HTTP/1.1)
POST /session/ac92d993ea1e3af3d91b13a3ee0ba715/element HTTP/1.1
User-Agent: selenium/4.8.1 (java windows)
Content-Length: 69
Content-Type: application/json; charset=utf-8
host: localhost:39630
accept: */*

Response DefaultHttpResponse(decodeResult: success, version: HTTP/1.1)
HTTP/1.1 200 OK
Content-Length: 88
Content-Type: application/json; charset=utf-8
cache-control: no-cache

15:28:10.351 [AsyncHttpClient-1-5] DEBUG org.asynchttpclient.netty.channel.ChannelManager - Adding key: http://localhost:39630 for channel [id: 0x596a71d3, L:/127.0.0.1:54724 - R:localhost/127.0.0.1:39630]
15:28:10.354 [Forwarding getElementTagName on session ac92d993ea1e3af3d91b13a3ee0ba715 to remote] DEBUG org.asynchttpclient.netty.request.NettyRequestSender - Using pooled Channel '[id: 0x596a71d3, L:/127.0.0.1:54724 - R:localhost/127.0.0.1:39630]' for 'GET' to 'http://localhost:39630/session/ac92d993ea1e3af3d91b13a3ee0ba715/element/9001da3d-58ee-4a36-bf72-90dcfbc4bca6/name'
15:28:10.354 [Forwarding getElementTagName on session ac92d993ea1e3af3d91b13a3ee0ba715 to remote] DEBUG org.asynchttpclient.netty.request.NettyRequestSender - Using open Channel [id: 0x596a71d3, L:/127.0.0.1:54724 - R:localhost/127.0.0.1:39630] for GET '/session/ac92d993ea1e3af3d91b13a3ee0ba715/element/9001da3d-58ee-4a36-bf72-90dcfbc4bca6/name'
15:28:10.360 [AsyncHttpClient-1-5] DEBUG org.asynchttpclient.netty.handler.HttpHandler - 

Request DefaultFullHttpRequest(decodeResult: success, version: HTTP/1.1, content: EmptyByteBufBE)
GET /session/ac92d993ea1e3af3d91b13a3ee0ba715/element/9001da3d-58ee-4a36-bf72-90dcfbc4bca6/name HTTP/1.1
User-Agent: selenium/4.8.1 (java windows)
Cache-Control: no-cache
Content-Type: application/json; charset=utf-8
host: localhost:39630
accept: */*

Response DefaultHttpResponse(decodeResult: success, version: HTTP/1.1)
HTTP/1.1 200 OK
Content-Length: 16
Content-Type: application/json; charset=utf-8
cache-control: no-cache

15:28:10.360 [AsyncHttpClient-1-5] DEBUG org.asynchttpclient.netty.channel.ChannelManager - Adding key: http://localhost:39630 for channel [id: 0x596a71d3, L:/127.0.0.1:54724 - R:localhost/127.0.0.1:39630]
15:28:10.364 [Forwarding getElementTagName on session ac92d993ea1e3af3d91b13a3ee0ba715 to remote] DEBUG org.asynchttpclient.netty.request.NettyRequestSender - Using pooled Channel '[id: 0x596a71d3, L:/127.0.0.1:54724 - R:localhost/127.0.0.1:39630]' for 'GET' to 'http://localhost:39630/session/ac92d993ea1e3af3d91b13a3ee0ba715/element/9001da3d-58ee-4a36-bf72-90dcfbc4bca6/name'
15:28:10.364 [Forwarding getElementTagName on session ac92d993ea1e3af3d91b13a3ee0ba715 to remote] DEBUG org.asynchttpclient.netty.request.NettyRequestSender - Using open Channel [id: 0x596a71d3, L:/127.0.0.1:54724 - R:localhost/127.0.0.1:39630] for GET '/session/ac92d993ea1e3af3d91b13a3ee0ba715/element/9001da3d-58ee-4a36-bf72-90dcfbc4bca6/name'
15:28:10.372 [AsyncHttpClient-1-5] DEBUG org.asynchttpclient.netty.handler.HttpHandler - 

Request DefaultFullHttpRequest(decodeResult: success, version: HTTP/1.1, content: EmptyByteBufBE)
GET /session/ac92d993ea1e3af3d91b13a3ee0ba715/element/9001da3d-58ee-4a36-bf72-90dcfbc4bca6/name HTTP/1.1
User-Agent: selenium/4.8.1 (java windows)
Cache-Control: no-cache
Content-Type: application/json; charset=utf-8
host: localhost:39630
accept: */*

Response DefaultHttpResponse(decodeResult: success, version: HTTP/1.1)
HTTP/1.1 200 OK
Content-Length: 16
Content-Type: application/json; charset=utf-8
cache-control: no-cache

15:28:10.372 [AsyncHttpClient-1-5] DEBUG org.asynchttpclient.netty.channel.ChannelManager - Adding key: http://localhost:39630 for channel [id: 0x596a71d3, L:/127.0.0.1:54724 - R:localhost/127.0.0.1:39630]
15:28:10.375 [Forwarding findElement on session ac92d993ea1e3af3d91b13a3ee0ba715 to remote] DEBUG org.asynchttpclient.netty.request.NettyRequestSender - Using pooled Channel '[id: 0x596a71d3, L:/127.0.0.1:54724 - R:localhost/127.0.0.1:39630]' for 'POST' to 'http://localhost:39630/session/ac92d993ea1e3af3d91b13a3ee0ba715/element'
15:28:10.375 [Forwarding findElement on session ac92d993ea1e3af3d91b13a3ee0ba715 to remote] DEBUG org.asynchttpclient.netty.request.NettyRequestSender - Using open Channel [id: 0x596a71d3, L:/127.0.0.1:54724 - R:localhost/127.0.0.1:39630] for POST '/session/ac92d993ea1e3af3d91b13a3ee0ba715/element'
15:28:10.389 [AsyncHttpClient-1-5] DEBUG org.asynchttpclient.netty.handler.HttpHandler - 

Request DefaultHttpRequest(decodeResult: success, version: HTTP/1.1)
POST /session/ac92d993ea1e3af3d91b13a3ee0ba715/element HTTP/1.1
User-Agent: selenium/4.8.1 (java windows)
Content-Length: 69
Content-Type: application/json; charset=utf-8
host: localhost:39630
accept: */*

Response DefaultHttpResponse(decodeResult: success, version: HTTP/1.1)
HTTP/1.1 200 OK
Content-Length: 88
Content-Type: application/json; charset=utf-8
cache-control: no-cache

15:28:10.390 [AsyncHttpClient-1-5] DEBUG org.asynchttpclient.netty.channel.ChannelManager - Adding key: http://localhost:39630 for channel [id: 0x596a71d3, L:/127.0.0.1:54724 - R:localhost/127.0.0.1:39630]
15:28:10.392 [Forwarding clickElement on session ac92d993ea1e3af3d91b13a3ee0ba715 to remote] DEBUG org.asynchttpclient.netty.request.NettyRequestSender - Using pooled Channel '[id: 0x596a71d3, L:/127.0.0.1:54724 - R:localhost/127.0.0.1:39630]' for 'POST' to 'http://localhost:39630/session/ac92d993ea1e3af3d91b13a3ee0ba715/element/9001da3d-58ee-4a36-bf72-90dcfbc4bca6/click'
15:28:10.392 [Forwarding clickElement on session ac92d993ea1e3af3d91b13a3ee0ba715 to remote] DEBUG org.asynchttpclient.netty.request.NettyRequestSender - Using open Channel [id: 0x596a71d3, L:/127.0.0.1:54724 - R:localhost/127.0.0.1:39630] for POST '/session/ac92d993ea1e3af3d91b13a3ee0ba715/element/9001da3d-58ee-4a36-bf72-90dcfbc4bca6/click'
15:28:10.459 [AsyncHttpClient-1-5] DEBUG org.asynchttpclient.netty.handler.HttpHandler - 

Request DefaultHttpRequest(decodeResult: success, version: HTTP/1.1)
POST /session/ac92d993ea1e3af3d91b13a3ee0ba715/element/9001da3d-58ee-4a36-bf72-90dcfbc4bca6/click HTTP/1.1
User-Agent: selenium/4.8.1 (java windows)
Content-Length: 50
Content-Type: application/json; charset=utf-8
host: localhost:39630
accept: */*

Response DefaultHttpResponse(decodeResult: success, version: HTTP/1.1)
HTTP/1.1 200 OK
Content-Length: 14
Content-Type: application/json; charset=utf-8
cache-control: no-cache

15:28:10.459 [AsyncHttpClient-1-5] DEBUG org.asynchttpclient.netty.channel.ChannelManager - Adding key: http://localhost:39630 for channel [id: 0x596a71d3, L:/127.0.0.1:54724 - R:localhost/127.0.0.1:39630]
15:28:10.465 [main] DEBUG net.thucydides.core.steps.StepInterceptor - STEP DONE: ClickLoginBtn
  &amp#27;[32mAnd &amp#27;[0m&amp#27;[32muser click login button&amp#27;[0m              &amp#27;[90m# starter.stepdefinitions.LoginSteps.userClickLoginButton()&amp#27;[0m
15:28:10.477 [AsyncHttpClient-1-1] DEBUG org.asynchttpclient.netty.channel.DefaultChannelPool - Entry count for : http://localhost:54726 : 1
15:28:10.477 [AsyncHttpClient-1-1] DEBUG org.asynchttpclient.netty.channel.DefaultChannelPool - Entry count for : http://localhost:39630 : 1
15:28:10.479 [main] DEBUG net.thucydides.core.steps.StepInterceptor - STARTING STEP: LoginSteps.userOnProductsPage - onProductPage
15:28:10.486 [Forwarding findElement on session ac92d993ea1e3af3d91b13a3ee0ba715 to remote] DEBUG org.asynchttpclient.netty.request.NettyRequestSender - Using pooled Channel '[id: 0x596a71d3, L:/127.0.0.1:54724 - R:localhost/127.0.0.1:39630]' for 'POST' to 'http://localhost:39630/session/ac92d993ea1e3af3d91b13a3ee0ba715/element'
15:28:10.487 [Forwarding findElement on session ac92d993ea1e3af3d91b13a3ee0ba715 to remote] DEBUG org.asynchttpclient.netty.request.NettyRequestSender - Using open Channel [id: 0x596a71d3, L:/127.0.0.1:54724 - R:localhost/127.0.0.1:39630] for POST '/session/ac92d993ea1e3af3d91b13a3ee0ba715/element'
15:28:11.579 [AsyncHttpClient-1-1] DEBUG org.asynchttpclient.netty.channel.DefaultChannelPool - Entry count for : http://localhost:54726 : 1
15:28:12.682 [AsyncHttpClient-1-1] DEBUG org.asynchttpclient.netty.channel.DefaultChannelPool - Entry count for : http://localhost:54726 : 1
15:28:13.776 [AsyncHttpClient-1-1] DEBUG org.asynchttpclient.netty.channel.DefaultChannelPool - Entry count for : http://localhost:54726 : 1
15:28:14.002 [AsyncHttpClient-1-5] DEBUG org.asynchttpclient.netty.handler.HttpHandler - 

Request DefaultHttpRequest(decodeResult: success, version: HTTP/1.1)
POST /session/ac92d993ea1e3af3d91b13a3ee0ba715/element HTTP/1.1
User-Agent: selenium/4.8.1 (java windows)
Content-Length: 54
Content-Type: application/json; charset=utf-8
host: localhost:39630
accept: */*

Response DefaultHttpResponse(decodeResult: success, version: HTTP/1.1)
HTTP/1.1 200 OK
Content-Length: 88
Content-Type: application/json; charset=utf-8
cache-control: no-cache

15:28:14.002 [AsyncHttpClient-1-5] DEBUG org.asynchttpclient.netty.channel.ChannelManager - Adding key: http://localhost:39630 for channel [id: 0x596a71d3, L:/127.0.0.1:54724 - R:localhost/127.0.0.1:39630]
15:28:14.008 [Forwarding isElementDisplayed on session ac92d993ea1e3af3d91b13a3ee0ba715 to remote] DEBUG org.asynchttpclient.netty.request.NettyRequestSender - Using pooled Channel '[id: 0x596a71d3, L:/127.0.0.1:54724 - R:localhost/127.0.0.1:39630]' for 'POST' to 'http://localhost:39630/session/ac92d993ea1e3af3d91b13a3ee0ba715/execute/sync'
15:28:14.008 [Forwarding isElementDisplayed on session ac92d993ea1e3af3d91b13a3ee0ba715 to remote] DEBUG org.asynchttpclient.netty.request.NettyRequestSender - Using open Channel [id: 0x596a71d3, L:/127.0.0.1:54724 - R:localhost/127.0.0.1:39630] for POST '/session/ac92d993ea1e3af3d91b13a3ee0ba715/execute/sync'
15:28:14.019 [AsyncHttpClient-1-5] DEBUG org.asynchttpclient.netty.handler.HttpHandler - 

Request DefaultHttpRequest(decodeResult: success, version: HTTP/1.1)
POST /session/ac92d993ea1e3af3d91b13a3ee0ba715/execute/sync HTTP/1.1
User-Agent: selenium/4.8.1 (java windows)
Content-Length: 48807
Content-Type: application/json; charset=utf-8
host: localhost:39630
accept: */*

Response DefaultHttpResponse(decodeResult: success, version: HTTP/1.1)
HTTP/1.1 200 OK
Content-Length: 14
Content-Type: application/json; charset=utf-8
cache-control: no-cache

15:28:14.020 [AsyncHttpClient-1-5] DEBUG org.asynchttpclient.netty.channel.ChannelManager - Adding key: http://localhost:39630 for channel [id: 0x596a71d3, L:/127.0.0.1:54724 - R:localhost/127.0.0.1:39630]
15:28:14.025 [Forwarding isElementDisplayed on session ac92d993ea1e3af3d91b13a3ee0ba715 to remote] DEBUG org.asynchttpclient.netty.request.NettyRequestSender - Using pooled Channel '[id: 0x596a71d3, L:/127.0.0.1:54724 - R:localhost/127.0.0.1:39630]' for 'POST' to 'http://localhost:39630/session/ac92d993ea1e3af3d91b13a3ee0ba715/execute/sync'
15:28:14.025 [Forwarding isElementDisplayed on session ac92d993ea1e3af3d91b13a3ee0ba715 to remote] DEBUG org.asynchttpclient.netty.request.NettyRequestSender - Using open Channel [id: 0x596a71d3, L:/127.0.0.1:54724 - R:localhost/127.0.0.1:39630] for POST '/session/ac92d993ea1e3af3d91b13a3ee0ba715/execute/sync'
15:28:14.034 [AsyncHttpClient-1-5] DEBUG org.asynchttpclient.netty.handler.HttpHandler - 

Request DefaultHttpRequest(decodeResult: success, version: HTTP/1.1)
POST /session/ac92d993ea1e3af3d91b13a3ee0ba715/execute/sync HTTP/1.1
User-Agent: selenium/4.8.1 (java windows)
Content-Length: 48807
Content-Type: application/json; charset=utf-8
host: localhost:39630
accept: */*

Response DefaultHttpResponse(decodeResult: success, version: HTTP/1.1)
HTTP/1.1 200 OK
Content-Length: 14
Content-Type: application/json; charset=utf-8
cache-control: no-cache

15:28:14.035 [AsyncHttpClient-1-5] DEBUG org.asynchttpclient.netty.channel.ChannelManager - Adding key: http://localhost:39630 for channel [id: 0x596a71d3, L:/127.0.0.1:54724 - R:localhost/127.0.0.1:39630]
15:28:14.037 [main] DEBUG net.thucydides.core.steps.StepInterceptor - STEP DONE: onProductPage
  &amp#27;[32mAnd &amp#27;[0m&amp#27;[32muser on products page&amp#27;[0m                &amp#27;[90m# starter.stepdefinitions.LoginSteps.userOnProductsPage()&amp#27;[0m
15:28:14.055 [Forwarding findElement on session ac92d993ea1e3af3d91b13a3ee0ba715 to remote] DEBUG org.asynchttpclient.netty.request.NettyRequestSender - Using pooled Channel '[id: 0x596a71d3, L:/127.0.0.1:54724 - R:localhost/127.0.0.1:39630]' for 'POST' to 'http://localhost:39630/session/ac92d993ea1e3af3d91b13a3ee0ba715/element'
15:28:14.056 [Forwarding findElement on session ac92d993ea1e3af3d91b13a3ee0ba715 to remote] DEBUG org.asynchttpclient.netty.request.NettyRequestSender - Using open Channel [id: 0x596a71d3, L:/127.0.0.1:54724 - R:localhost/127.0.0.1:39630] for POST '/session/ac92d993ea1e3af3d91b13a3ee0ba715/element'
15:28:14.072 [AsyncHttpClient-1-5] DEBUG org.asynchttpclient.netty.handler.HttpHandler - 

Request DefaultHttpRequest(decodeResult: success, version: HTTP/1.1)
POST /session/ac92d993ea1e3af3d91b13a3ee0ba715/element HTTP/1.1
User-Agent: selenium/4.8.1 (java windows)
Content-Length: 70
Content-Type: application/json; charset=utf-8
host: localhost:39630
accept: */*

Response DefaultHttpResponse(decodeResult: success, version: HTTP/1.1)
HTTP/1.1 200 OK
Content-Length: 88
Content-Type: application/json; charset=utf-8
cache-control: no-cache

15:28:14.072 [AsyncHttpClient-1-5] DEBUG org.asynchttpclient.netty.channel.ChannelManager - Adding key: http://localhost:39630 for channel [id: 0x596a71d3, L:/127.0.0.1:54724 - R:localhost/127.0.0.1:39630]
15:28:14.074 [Forwarding getElementTagName on session ac92d993ea1e3af3d91b13a3ee0ba715 to remote] DEBUG org.asynchttpclient.netty.request.NettyRequestSender - Using pooled Channel '[id: 0x596a71d3, L:/127.0.0.1:54724 - R:localhost/127.0.0.1:39630]' for 'GET' to 'http://localhost:39630/session/ac92d993ea1e3af3d91b13a3ee0ba715/element/21980d4f-acf6-4627-b9f5-1bebb7f0d80b/name'
15:28:14.074 [Forwarding getElementTagName on session ac92d993ea1e3af3d91b13a3ee0ba715 to remote] DEBUG org.asynchttpclient.netty.request.NettyRequestSender - Using open Channel [id: 0x596a71d3, L:/127.0.0.1:54724 - R:localhost/127.0.0.1:39630] for GET '/session/ac92d993ea1e3af3d91b13a3ee0ba715/element/21980d4f-acf6-4627-b9f5-1bebb7f0d80b/name'
15:28:14.079 [AsyncHttpClient-1-5] DEBUG org.asynchttpclient.netty.handler.HttpHandler - 

Request DefaultFullHttpRequest(decodeResult: success, version: HTTP/1.1, content: EmptyByteBufBE)
GET /session/ac92d993ea1e3af3d91b13a3ee0ba715/element/21980d4f-acf6-4627-b9f5-1bebb7f0d80b/name HTTP/1.1
User-Agent: selenium/4.8.1 (java windows)
Cache-Control: no-cache
Content-Type: application/json; charset=utf-8
host: localhost:39630
accept: */*

Response DefaultHttpResponse(decodeResult: success, version: HTTP/1.1)
HTTP/1.1 200 OK
Content-Length: 16
Content-Type: application/json; charset=utf-8
cache-control: no-cache

15:28:14.080 [AsyncHttpClient-1-5] DEBUG org.asynchttpclient.netty.channel.ChannelManager - Adding key: http://localhost:39630 for channel [id: 0x596a71d3, L:/127.0.0.1:54724 - R:localhost/127.0.0.1:39630]
15:28:14.082 [Forwarding getElementTagName on session ac92d993ea1e3af3d91b13a3ee0ba715 to remote] DEBUG org.asynchttpclient.netty.request.NettyRequestSender - Using pooled Channel '[id: 0x596a71d3, L:/127.0.0.1:54724 - R:localhost/127.0.0.1:39630]' for 'GET' to 'http://localhost:39630/session/ac92d993ea1e3af3d91b13a3ee0ba715/element/21980d4f-acf6-4627-b9f5-1bebb7f0d80b/name'
15:28:14.082 [Forwarding getElementTagName on session ac92d993ea1e3af3d91b13a3ee0ba715 to remote] DEBUG org.asynchttpclient.netty.request.NettyRequestSender - Using open Channel [id: 0x596a71d3, L:/127.0.0.1:54724 - R:localhost/127.0.0.1:39630] for GET '/session/ac92d993ea1e3af3d91b13a3ee0ba715/element/21980d4f-acf6-4627-b9f5-1bebb7f0d80b/name'
15:28:14.086 [AsyncHttpClient-1-5] DEBUG org.asynchttpclient.netty.handler.HttpHandler - 

Request DefaultFullHttpRequest(decodeResult: success, version: HTTP/1.1, content: EmptyByteBufBE)
GET /session/ac92d993ea1e3af3d91b13a3ee0ba715/element/21980d4f-acf6-4627-b9f5-1bebb7f0d80b/name HTTP/1.1
User-Agent: selenium/4.8.1 (java windows)
Cache-Control: no-cache
Content-Type: application/json; charset=utf-8
host: localhost:39630
accept: */*

Response DefaultHttpResponse(decodeResult: success, version: HTTP/1.1)
HTTP/1.1 200 OK
Content-Length: 16
Content-Type: application/json; charset=utf-8
cache-control: no-cache

15:28:14.087 [AsyncHttpClient-1-5] DEBUG org.asynchttpclient.netty.channel.ChannelManager - Adding key: http://localhost:39630 for channel [id: 0x596a71d3, L:/127.0.0.1:54724 - R:localhost/127.0.0.1:39630]
15:28:14.089 [Forwarding findElement on session ac92d993ea1e3af3d91b13a3ee0ba715 to remote] DEBUG org.asynchttpclient.netty.request.NettyRequestSender - Using pooled Channel '[id: 0x596a71d3, L:/127.0.0.1:54724 - R:localhost/127.0.0.1:39630]' for 'POST' to 'http://localhost:39630/session/ac92d993ea1e3af3d91b13a3ee0ba715/element'
15:28:14.089 [Forwarding findElement on session ac92d993ea1e3af3d91b13a3ee0ba715 to remote] DEBUG org.asynchttpclient.netty.request.NettyRequestSender - Using open Channel [id: 0x596a71d3, L:/127.0.0.1:54724 - R:localhost/127.0.0.1:39630] for POST '/session/ac92d993ea1e3af3d91b13a3ee0ba715/element'
15:28:14.104 [AsyncHttpClient-1-5] DEBUG org.asynchttpclient.netty.handler.HttpHandler - 

Request DefaultHttpRequest(decodeResult: success, version: HTTP/1.1)
POST /session/ac92d993ea1e3af3d91b13a3ee0ba715/element HTTP/1.1
User-Agent: selenium/4.8.1 (java windows)
Content-Length: 70
Content-Type: application/json; charset=utf-8
host: localhost:39630
accept: */*

Response DefaultHttpResponse(decodeResult: success, version: HTTP/1.1)
HTTP/1.1 200 OK
Content-Length: 88
Content-Type: application/json; charset=utf-8
cache-control: no-cache

15:28:14.104 [AsyncHttpClient-1-5] DEBUG org.asynchttpclient.netty.channel.ChannelManager - Adding key: http://localhost:39630 for channel [id: 0x596a71d3, L:/127.0.0.1:54724 - R:localhost/127.0.0.1:39630]
15:28:14.106 [Forwarding clickElement on session ac92d993ea1e3af3d91b13a3ee0ba715 to remote] DEBUG org.asynchttpclient.netty.request.NettyRequestSender - Using pooled Channel '[id: 0x596a71d3, L:/127.0.0.1:54724 - R:localhost/127.0.0.1:39630]' for 'POST' to 'http://localhost:39630/session/ac92d993ea1e3af3d91b13a3ee0ba715/element/21980d4f-acf6-4627-b9f5-1bebb7f0d80b/click'
15:28:14.106 [Forwarding clickElement on session ac92d993ea1e3af3d91b13a3ee0ba715 to remote] DEBUG org.asynchttpclient.netty.request.NettyRequestSender - Using open Channel [id: 0x596a71d3, L:/127.0.0.1:54724 - R:localhost/127.0.0.1:39630] for POST '/session/ac92d993ea1e3af3d91b13a3ee0ba715/element/21980d4f-acf6-4627-b9f5-1bebb7f0d80b/click'
15:28:14.189 [AsyncHttpClient-1-5] DEBUG org.asynchttpclient.netty.handler.HttpHandler - 

Request DefaultHttpRequest(decodeResult: success, version: HTTP/1.1)
POST /session/ac92d993ea1e3af3d91b13a3ee0ba715/element/21980d4f-acf6-4627-b9f5-1bebb7f0d80b/click HTTP/1.1
User-Agent: selenium/4.8.1 (java windows)
Content-Length: 50
Content-Type: application/json; charset=utf-8
host: localhost:39630
accept: */*

Response DefaultHttpResponse(decodeResult: success, version: HTTP/1.1)
HTTP/1.1 200 OK
Content-Length: 14
Content-Type: application/json; charset=utf-8
cache-control: no-cache

15:28:14.190 [AsyncHttpClient-1-5] DEBUG org.asynchttpclient.netty.channel.ChannelManager - Adding key: http://localhost:39630 for channel [id: 0x596a71d3, L:/127.0.0.1:54724 - R:localhost/127.0.0.1:39630]
  &amp#27;[32mWhen &amp#27;[0m&amp#27;[32muser click button Detail&amp#27;[0m            &amp#27;[90m# starter.stepdefinitions.ChooseProductSteps.userClickButtonDetail()&amp#27;[0m
15:28:14.210 [Forwarding findElement on session ac92d993ea1e3af3d91b13a3ee0ba715 to remote] DEBUG org.asynchttpclient.netty.request.NettyRequestSender - Using pooled Channel '[id: 0x596a71d3, L:/127.0.0.1:54724 - R:localhost/127.0.0.1:39630]' for 'POST' to 'http://localhost:39630/session/ac92d993ea1e3af3d91b13a3ee0ba715/element'
15:28:14.211 [Forwarding findElement on session ac92d993ea1e3af3d91b13a3ee0ba715 to remote] DEBUG org.asynchttpclient.netty.request.NettyRequestSender - Using open Channel [id: 0x596a71d3, L:/127.0.0.1:54724 - R:localhost/127.0.0.1:39630] for POST '/session/ac92d993ea1e3af3d91b13a3ee0ba715/element'
15:28:14.745 [AsyncHttpClient-1-5] DEBUG org.asynchttpclient.netty.handler.HttpHandler - 

Request DefaultHttpRequest(decodeResult: success, version: HTTP/1.1)
POST /session/ac92d993ea1e3af3d91b13a3ee0ba715/element HTTP/1.1
User-Agent: selenium/4.8.1 (java windows)
Content-Length: 84
Content-Type: application/json; charset=utf-8
host: localhost:39630
accept: */*

Response DefaultHttpResponse(decodeResult: success, version: HTTP/1.1)
HTTP/1.1 200 OK
Content-Length: 88
Content-Type: application/json; charset=utf-8
cache-control: no-cache

15:28:14.746 [AsyncHttpClient-1-5] DEBUG org.asynchttpclient.netty.channel.ChannelManager - Adding key: http://localhost:39630 for channel [id: 0x596a71d3, L:/127.0.0.1:54724 - R:localhost/127.0.0.1:39630]
15:28:14.748 [Forwarding getElementTagName on session ac92d993ea1e3af3d91b13a3ee0ba715 to remote] DEBUG org.asynchttpclient.netty.request.NettyRequestSender - Using pooled Channel '[id: 0x596a71d3, L:/127.0.0.1:54724 - R:localhost/127.0.0.1:39630]' for 'GET' to 'http://localhost:39630/session/ac92d993ea1e3af3d91b13a3ee0ba715/element/b161e710-a92e-47e5-9fb6-77175d6e7d81/name'
15:28:14.748 [Forwarding getElementTagName on session ac92d993ea1e3af3d91b13a3ee0ba715 to remote] DEBUG org.asynchttpclient.netty.request.NettyRequestSender - Using open Channel [id: 0x596a71d3, L:/127.0.0.1:54724 - R:localhost/127.0.0.1:39630] for GET '/session/ac92d993ea1e3af3d91b13a3ee0ba715/element/b161e710-a92e-47e5-9fb6-77175d6e7d81/name'
15:28:14.752 [AsyncHttpClient-1-5] DEBUG org.asynchttpclient.netty.handler.HttpHandler - 

Request DefaultFullHttpRequest(decodeResult: success, version: HTTP/1.1, content: EmptyByteBufBE)
GET /session/ac92d993ea1e3af3d91b13a3ee0ba715/element/b161e710-a92e-47e5-9fb6-77175d6e7d81/name HTTP/1.1
User-Agent: selenium/4.8.1 (java windows)
Cache-Control: no-cache
Content-Type: application/json; charset=utf-8
host: localhost:39630
accept: */*

Response DefaultHttpResponse(decodeResult: success, version: HTTP/1.1)
HTTP/1.1 200 OK
Content-Length: 18
Content-Type: application/json; charset=utf-8
cache-control: no-cache

15:28:14.753 [AsyncHttpClient-1-5] DEBUG org.asynchttpclient.netty.channel.ChannelManager - Adding key: http://localhost:39630 for channel [id: 0x596a71d3, L:/127.0.0.1:54724 - R:localhost/127.0.0.1:39630]
15:28:14.755 [Forwarding getElementTagName on session ac92d993ea1e3af3d91b13a3ee0ba715 to remote] DEBUG org.asynchttpclient.netty.request.NettyRequestSender - Using pooled Channel '[id: 0x596a71d3, L:/127.0.0.1:54724 - R:localhost/127.0.0.1:39630]' for 'GET' to 'http://localhost:39630/session/ac92d993ea1e3af3d91b13a3ee0ba715/element/b161e710-a92e-47e5-9fb6-77175d6e7d81/name'
15:28:14.755 [Forwarding getElementTagName on session ac92d993ea1e3af3d91b13a3ee0ba715 to remote] DEBUG org.asynchttpclient.netty.request.NettyRequestSender - Using open Channel [id: 0x596a71d3, L:/127.0.0.1:54724 - R:localhost/127.0.0.1:39630] for GET '/session/ac92d993ea1e3af3d91b13a3ee0ba715/element/b161e710-a92e-47e5-9fb6-77175d6e7d81/name'
15:28:14.759 [AsyncHttpClient-1-5] DEBUG org.asynchttpclient.netty.handler.HttpHandler - 

Request DefaultFullHttpRequest(decodeResult: success, version: HTTP/1.1, content: EmptyByteBufBE)
GET /session/ac92d993ea1e3af3d91b13a3ee0ba715/element/b161e710-a92e-47e5-9fb6-77175d6e7d81/name HTTP/1.1
User-Agent: selenium/4.8.1 (java windows)
Cache-Control: no-cache
Content-Type: application/json; charset=utf-8
host: localhost:39630
accept: */*

Response DefaultHttpResponse(decodeResult: success, version: HTTP/1.1)
HTTP/1.1 200 OK
Content-Length: 18
Content-Type: application/json; charset=utf-8
cache-control: no-cache

15:28:14.759 [AsyncHttpClient-1-5] DEBUG org.asynchttpclient.netty.channel.ChannelManager - Adding key: http://localhost:39630 for channel [id: 0x596a71d3, L:/127.0.0.1:54724 - R:localhost/127.0.0.1:39630]
15:28:14.766 [Forwarding isElementEnabled on session ac92d993ea1e3af3d91b13a3ee0ba715 to remote] DEBUG org.asynchttpclient.netty.request.NettyRequestSender - Using pooled Channel '[id: 0x596a71d3, L:/127.0.0.1:54724 - R:localhost/127.0.0.1:39630]' for 'GET' to 'http://localhost:39630/session/ac92d993ea1e3af3d91b13a3ee0ba715/element/b161e710-a92e-47e5-9fb6-77175d6e7d81/enabled'
15:28:14.766 [Forwarding isElementEnabled on session ac92d993ea1e3af3d91b13a3ee0ba715 to remote] DEBUG org.asynchttpclient.netty.request.NettyRequestSender - Using open Channel [id: 0x596a71d3, L:/127.0.0.1:54724 - R:localhost/127.0.0.1:39630] for GET '/session/ac92d993ea1e3af3d91b13a3ee0ba715/element/b161e710-a92e-47e5-9fb6-77175d6e7d81/enabled'
15:28:14.777 [AsyncHttpClient-1-5] DEBUG org.asynchttpclient.netty.handler.HttpHandler - 

Request DefaultFullHttpRequest(decodeResult: success, version: HTTP/1.1, content: EmptyByteBufBE)
GET /session/ac92d993ea1e3af3d91b13a3ee0ba715/element/b161e710-a92e-47e5-9fb6-77175d6e7d81/enabled HTTP/1.1
User-Agent: selenium/4.8.1 (java windows)
Cache-Control: no-cache
Content-Type: application/json; charset=utf-8
host: localhost:39630
accept: */*

Response DefaultHttpResponse(decodeResult: success, version: HTTP/1.1)
HTTP/1.1 200 OK
Content-Length: 14
Content-Type: application/json; charset=utf-8
cache-control: no-cache

15:28:14.777 [AsyncHttpClient-1-5] DEBUG org.asynchttpclient.netty.channel.ChannelManager - Adding key: http://localhost:39630 for channel [id: 0x596a71d3, L:/127.0.0.1:54724 - R:localhost/127.0.0.1:39630]
15:28:14.779 [Forwarding isElementEnabled on session ac92d993ea1e3af3d91b13a3ee0ba715 to remote] DEBUG org.asynchttpclient.netty.request.NettyRequestSender - Using pooled Channel '[id: 0x596a71d3, L:/127.0.0.1:54724 - R:localhost/127.0.0.1:39630]' for 'GET' to 'http://localhost:39630/session/ac92d993ea1e3af3d91b13a3ee0ba715/element/b161e710-a92e-47e5-9fb6-77175d6e7d81/enabled'
15:28:14.779 [Forwarding isElementEnabled on session ac92d993ea1e3af3d91b13a3ee0ba715 to remote] DEBUG org.asynchttpclient.netty.request.NettyRequestSender - Using open Channel [id: 0x596a71d3, L:/127.0.0.1:54724 - R:localhost/127.0.0.1:39630] for GET '/session/ac92d993ea1e3af3d91b13a3ee0ba715/element/b161e710-a92e-47e5-9fb6-77175d6e7d81/enabled'
15:28:14.786 [AsyncHttpClient-1-5] DEBUG org.asynchttpclient.netty.handler.HttpHandler - 

Request DefaultFullHttpRequest(decodeResult: success, version: HTTP/1.1, content: EmptyByteBufBE)
GET /session/ac92d993ea1e3af3d91b13a3ee0ba715/element/b161e710-a92e-47e5-9fb6-77175d6e7d81/enabled HTTP/1.1
User-Agent: selenium/4.8.1 (java windows)
Cache-Control: no-cache
Content-Type: application/json; charset=utf-8
host: localhost:39630
accept: */*

Response DefaultHttpResponse(decodeResult: success, version: HTTP/1.1)
HTTP/1.1 200 OK
Content-Length: 14
Content-Type: application/json; charset=utf-8
cache-control: no-cache

15:28:14.787 [AsyncHttpClient-1-5] DEBUG org.asynchttpclient.netty.channel.ChannelManager - Adding key: http://localhost:39630 for channel [id: 0x596a71d3, L:/127.0.0.1:54724 - R:localhost/127.0.0.1:39630]
15:28:14.790 [Forwarding findElement on session ac92d993ea1e3af3d91b13a3ee0ba715 to remote] DEBUG org.asynchttpclient.netty.request.NettyRequestSender - Using pooled Channel '[id: 0x596a71d3, L:/127.0.0.1:54724 - R:localhost/127.0.0.1:39630]' for 'POST' to 'http://localhost:39630/session/ac92d993ea1e3af3d91b13a3ee0ba715/element'
15:28:14.790 [Forwarding findElement on session ac92d993ea1e3af3d91b13a3ee0ba715 to remote] DEBUG org.asynchttpclient.netty.request.NettyRequestSender - Using open Channel [id: 0x596a71d3, L:/127.0.0.1:54724 - R:localhost/127.0.0.1:39630] for POST '/session/ac92d993ea1e3af3d91b13a3ee0ba715/element'
15:28:14.797 [AsyncHttpClient-1-5] DEBUG org.asynchttpclient.netty.handler.HttpHandler - 

Request DefaultHttpRequest(decodeResult: success, version: HTTP/1.1)
POST /session/ac92d993ea1e3af3d91b13a3ee0ba715/element HTTP/1.1
User-Agent: selenium/4.8.1 (java windows)
Content-Length: 84
Content-Type: application/json; charset=utf-8
host: localhost:39630
accept: */*

Response DefaultHttpResponse(decodeResult: success, version: HTTP/1.1)
HTTP/1.1 200 OK
Content-Length: 88
Content-Type: application/json; charset=utf-8
cache-control: no-cache

15:28:14.798 [AsyncHttpClient-1-5] DEBUG org.asynchttpclient.netty.channel.ChannelManager - Adding key: http://localhost:39630 for channel [id: 0x596a71d3, L:/127.0.0.1:54724 - R:localhost/127.0.0.1:39630]
15:28:14.801 [Forwarding clickElement on session ac92d993ea1e3af3d91b13a3ee0ba715 to remote] DEBUG org.asynchttpclient.netty.request.NettyRequestSender - Using pooled Channel '[id: 0x596a71d3, L:/127.0.0.1:54724 - R:localhost/127.0.0.1:39630]' for 'POST' to 'http://localhost:39630/session/ac92d993ea1e3af3d91b13a3ee0ba715/element/b161e710-a92e-47e5-9fb6-77175d6e7d81/click'
15:28:14.801 [Forwarding clickElement on session ac92d993ea1e3af3d91b13a3ee0ba715 to remote] DEBUG org.asynchttpclient.netty.request.NettyRequestSender - Using open Channel [id: 0x596a71d3, L:/127.0.0.1:54724 - R:localhost/127.0.0.1:39630] for POST '/session/ac92d993ea1e3af3d91b13a3ee0ba715/element/b161e710-a92e-47e5-9fb6-77175d6e7d81/click'
15:28:14.846 [AsyncHttpClient-1-5] DEBUG org.asynchttpclient.netty.handler.HttpHandler - 

Request DefaultHttpRequest(decodeResult: success, version: HTTP/1.1)
POST /session/ac92d993ea1e3af3d91b13a3ee0ba715/element/b161e710-a92e-47e5-9fb6-77175d6e7d81/click HTTP/1.1
User-Agent: selenium/4.8.1 (java windows)
Content-Length: 50
Content-Type: application/json; charset=utf-8
host: localhost:39630
accept: */*

Response DefaultHttpResponse(decodeResult: success, version: HTTP/1.1)
HTTP/1.1 200 OK
Content-Length: 14
Content-Type: application/json; charset=utf-8
cache-control: no-cache

15:28:14.847 [AsyncHttpClient-1-5] DEBUG org.asynchttpclient.netty.channel.ChannelManager - Adding key: http://localhost:39630 for channel [id: 0x596a71d3, L:/127.0.0.1:54724 - R:localhost/127.0.0.1:39630]
  &amp#27;[32mThen &amp#27;[0m&amp#27;[32muser can see detail product&amp#27;[0m         &amp#27;[90m# starter.stepdefinitions.ChooseProductSteps.userCanSeeDetailProduct()&amp#27;[0m
15:28:14.853 [main] INFO  - 
  _____   ___   ___   _____     ___     _     ___   ___   ___   ___  
 |_   _| | __| / __| |_   _|   | _ \   /_\   / __| / __| | __| |   \ 
   | |   | _|  \__ \   | |     |  _/  / _ \  \__ \ \__ \ | _|  | |) |
   |_|   |___| |___/   |_|     |_|   /_/ \_\ |___/ |___/ |___| |___/ 

as user i can see detail product
----------------------------------------------------------------------
15:28:14.856 [AsyncHttpClient-1-7] DEBUG org.asynchttpclient.netty.handler.WebSocketHandler - Channel Closed: [id: 0x001470c9, L:/127.0.0.1:54733 ! R:localhost/127.0.0.1:54726] with attribute NettyResponseFuture{currentRetry=0,
	isDone=1,
	isCancelled=0,
	asyncHandler=org.asynchttpclient.ws.WebSocketUpgradeHandler@104a3a70,
	nettyRequest=org.asynchttpclient.netty.request.NettyRequest@5548b61d,
	future=java.util.concurrent.CompletableFuture@5d7ad7e5[Completed normally],
	uri=ws://localhost:54726/devtools/browser/376c894d-ae04-4d53-9db9-917c5f55cab3,
	keepAlive=true,
	redirectCount=0,
	timeoutsHolder=null,
	inAuth=0,
	touch=1683534488310}
15:28:14.856 [AsyncHttpClient-1-7] DEBUG org.asynchttpclient.netty.channel.ChannelManager - Closing Channel [id: 0x001470c9, L:/127.0.0.1:54733 ! R:localhost/127.0.0.1:54726] 
15:28:14.857 [Driver Command Executor] DEBUG org.asynchttpclient.netty.request.NettyRequestSender - Using pooled Channel '[id: 0x596a71d3, L:/127.0.0.1:54724 - R:localhost/127.0.0.1:39630]' for 'DELETE' to 'http://localhost:39630/session/ac92d993ea1e3af3d91b13a3ee0ba715'
15:28:14.858 [Driver Command Executor] DEBUG org.asynchttpclient.netty.request.NettyRequestSender - Using open Channel [id: 0x596a71d3, L:/127.0.0.1:54724 - R:localhost/127.0.0.1:39630] for DELETE '/session/ac92d993ea1e3af3d91b13a3ee0ba715'
15:28:14.889 [AsyncHttpClient-1-1] DEBUG org.asynchttpclient.netty.channel.DefaultChannelPool - Entry count for : http://localhost:54726 : 1
15:28:14.954 [AsyncHttpClient-1-6] DEBUG org.asynchttpclient.netty.handler.HttpHandler - Unexpected I/O exception on channel [id: 0x02a116f4, L:/127.0.0.1:54732 - R:localhost/127.0.0.1:54726]
java.io.IOException: An existing connection was forcibly closed by the remote host
	at sun.nio.ch.SocketDispatcher.read0(Native Method)
	at sun.nio.ch.SocketDispatcher.read(SocketDispatcher.java:43)
	at sun.nio.ch.IOUtil.readIntoNativeBuffer(IOUtil.java:223)
	at sun.nio.ch.IOUtil.read(IOUtil.java:192)
	at sun.nio.ch.SocketChannelImpl.read(SocketChannelImpl.java:380)
	at io.netty.buffer.PooledByteBuf.setBytes(PooledByteBuf.java:259)
	at io.netty.buffer.AbstractByteBuf.writeBytes(AbstractByteBuf.java:1132)
	at io.netty.channel.socket.nio.NioSocketChannel.doReadBytes(NioSocketChannel.java:357)
	at io.netty.channel.nio.AbstractNioByteChannel$NioByteUnsafe.read(AbstractNioByteChannel.java:151)
	at io.netty.channel.nio.NioEventLoop.processSelectedKey(NioEventLoop.java:788)
	at io.netty.channel.nio.NioEventLoop.processSelectedKeysOptimized(NioEventLoop.java:724)
	at io.netty.channel.nio.NioEventLoop.processSelectedKeys(NioEventLoop.java:650)
	at io.netty.channel.nio.NioEventLoop.run(NioEventLoop.java:562)
	at io.netty.util.concurrent.SingleThreadEventExecutor$4.run(SingleThreadEventExecutor.java:997)
	at io.netty.util.internal.ThreadExecutorMap$2.run(ThreadExecutorMap.java:74)
	at io.netty.util.concurrent.FastThreadLocalRunnable.run(FastThreadLocalRunnable.java:30)
	at java.lang.Thread.run(Thread.java:748)
15:28:14.954 [AsyncHttpClient-1-6] DEBUG org.asynchttpclient.netty.channel.ChannelManager - Closing Channel [id: 0x02a116f4, L:/127.0.0.1:54732 - R:localhost/127.0.0.1:54726] 
15:28:14.954 [AsyncHttpClient-1-6] DEBUG org.asynchttpclient.netty.handler.HttpHandler - Channel Closed: [id: 0x02a116f4, L:/127.0.0.1:54732 ! R:localhost/127.0.0.1:54726] with attribute DISCARD
15:28:14.992 [AsyncHttpClient-1-5] DEBUG org.asynchttpclient.netty.handler.HttpHandler - 

Request DefaultFullHttpRequest(decodeResult: success, version: HTTP/1.1, content: EmptyByteBufBE)
DELETE /session/ac92d993ea1e3af3d91b13a3ee0ba715 HTTP/1.1
User-Agent: selenium/4.8.1 (java windows)
Content-Type: application/json; charset=utf-8
host: localhost:39630
accept: */*

Response DefaultHttpResponse(decodeResult: success, version: HTTP/1.1)
HTTP/1.1 200 OK
Content-Length: 14
Content-Type: application/json; charset=utf-8
cache-control: no-cache

15:28:14.993 [AsyncHttpClient-1-5] DEBUG org.asynchttpclient.netty.channel.ChannelManager - Adding key: http://localhost:39630 for channel [id: 0x596a71d3, L:/127.0.0.1:54724 - R:localhost/127.0.0.1:39630]
15:28:15.098 [AsyncHttpClient-1-5] DEBUG org.asynchttpclient.netty.handler.HttpHandler - Channel Closed: [id: 0x596a71d3, L:/127.0.0.1:54724 ! R:localhost/127.0.0.1:39630] with attribute DISCARD
]]></system-out>
    <system-err><![CDATA[Starting ChromeDriver 112.0.5615.49 (bd2a7bcb881c11e8cfe3078709382934e3916914-refs/branch-heads/5615@{#936}) on port 39630
Only local connections are allowed.
Please see https://chromedriver.chromium.org/security-considerations for suggestions on keeping ChromeDriver safe.
ChromeDriver was started successfully.
May 08, 2023 3:28:08 PM org.openqa.selenium.devtools.CdpVersionFinder findNearestMatch
WARNING: Unable to find an exact match for CDP version 112, so returning the closest version found: 110
]]></system-err>
  </testcase>
  <testcase name="as user i want to order and pay product" classname="As a user i have choose product so that i can order product" time="8.103">
    <system-out><![CDATA[
@TestCaseMPAAAC-16
Scenario: as user i want to order and pay product                        &amp#27;[90m# src/test/resources/features/PilihProduk.feature:25&amp#27;[0m
15:28:15.654 [main] DEBUG io.cucumber.core.plugin.SerenityReporter - Running feature from file:///D:/D/QE_Alta/MiniProject/Web/Pilih-Beli-Produk/src/test/resources/features/PilihProduk.feature
15:28:15.663 [main] INFO  - 
  _____   ___   ___   _____     ___   _____     _     ___   _____   ___   ___  
 |_   _| | __| / __| |_   _|   / __| |_   _|   /_\   | _ \ |_   _| | __| |   \ 
   | |   | _|  \__ \   | |     \__ \   | |    / _ \  |   /   | |   | _|  | |) |
   |_|   |___| |___/   |_|     |___/   |_|   /_/ \_\ |_|_\   |_|   |___| |___/ 

as user i want to order and pay product(as-a-user-i-have-choose-product-so-that-i-can-order-product;as-user-i-want-to-order-and-pay-product)
--------------------------------------------------------------------------------
15:28:15.703 [main] DEBUG net.thucydides.core.steps.StepInterceptor - STARTING STEP: LoginSteps.userOnLoginPage - onLoginPage
15:28:15.815 [main] INFO net.serenitybdd.core.webdriver.driverproviders.ChromeDriverProvider - Starting Chrome driver instance with capabilities:
15:28:15.815 [main] INFO net.serenitybdd.core.webdriver.driverproviders.ChromeDriverProvider - Capabilities {acceptInsecureCerts: true, browserName: chrome, goog:chromeOptions: {args: [remote-allow-origins=*, test-type, no-sandbox, ignore-certificate-errors, start-maximized, incognito, disable-infobars, disable-gpu, disable-default-apps, disable-popup-blocking, remote-allow-origins=*, test-type, no-sandbox, ignore-certificate-errors, start-maximized, incognito, disable-infobars, disable-gpu, disable-default-apps, disable-popup-blocking, remote-allow-origins=*], extensions: []}}
15:28:15.983 [AsyncHttpClient-1-1] DEBUG org.asynchttpclient.netty.channel.DefaultChannelPool - Entry count for : http://localhost:54726 : 1
15:28:15.983 [AsyncHttpClient-1-1] DEBUG org.asynchttpclient.netty.channel.DefaultChannelPool - Entry count for : http://localhost:39630 : 1
15:28:15.983 [AsyncHttpClient-1-1] DEBUG org.asynchttpclient.netty.channel.DefaultChannelPool - Adding Candidate expired Channel [id: 0x02a116f4, L:/127.0.0.1:54732 ! R:localhost/127.0.0.1:54726] isIdleTimeoutExpired=false isRemotelyClosed=true isTtlExpired=false
15:28:15.983 [AsyncHttpClient-1-1] DEBUG org.asynchttpclient.netty.channel.DefaultChannelPool - Closing Idle Channel [id: 0x02a116f4, L:/127.0.0.1:54732 ! R:localhost/127.0.0.1:54726]
15:28:15.983 [AsyncHttpClient-1-1] DEBUG org.asynchttpclient.netty.channel.DefaultChannelPool - Adding Candidate expired Channel [id: 0x596a71d3, L:/127.0.0.1:54724 ! R:localhost/127.0.0.1:39630] isIdleTimeoutExpired=false isRemotelyClosed=true isTtlExpired=false
15:28:15.983 [AsyncHttpClient-1-1] DEBUG org.asynchttpclient.netty.channel.DefaultChannelPool - Closing Idle Channel [id: 0x596a71d3, L:/127.0.0.1:54724 ! R:localhost/127.0.0.1:39630]
15:28:15.983 [AsyncHttpClient-1-1] DEBUG org.asynchttpclient.netty.channel.DefaultChannelPool - Closed 2 connections out of 2 in 0 ms
15:28:16.456 [AsyncHttpClient-1-8] DEBUG org.asynchttpclient.netty.channel.NettyConnectListener - Using new Channel '[id: 0x805ea98b, L:/127.0.0.1:54753 - R:localhost/127.0.0.1:2865]' for 'POST' to '/session'
15:28:17.605 [AsyncHttpClient-1-8] DEBUG org.asynchttpclient.netty.handler.HttpHandler - 

Request DefaultHttpRequest(decodeResult: success, version: HTTP/1.1)
POST /session HTTP/1.1
User-Agent: selenium/4.8.1 (java windows)
Content-Length: 1701
Content-Type: application/json; charset=utf-8
host: localhost:2865
accept: */*

Response DefaultHttpResponse(decodeResult: success, version: HTTP/1.1)
HTTP/1.1 200 OK
Content-Length: 861
Content-Type: application/json; charset=utf-8
cache-control: no-cache

15:28:17.605 [AsyncHttpClient-1-8] DEBUG org.asynchttpclient.netty.channel.ChannelManager - Adding key: http://localhost:2865 for channel [id: 0x805ea98b, L:/127.0.0.1:54753 - R:localhost/127.0.0.1:2865]
15:28:17.634 [AsyncHttpClient-1-9] DEBUG org.asynchttpclient.netty.channel.NettyConnectListener - Using new Channel '[id: 0x97e393e6, L:/127.0.0.1:54761 - R:localhost/127.0.0.1:54755]' for 'GET' to '/json/version'
15:28:17.635 [AsyncHttpClient-1-9] DEBUG org.asynchttpclient.netty.handler.HttpHandler - 

Request DefaultFullHttpRequest(decodeResult: success, version: HTTP/1.1, content: EmptyByteBufBE)
GET /json/version HTTP/1.1
User-Agent: selenium/4.8.1 (java windows)
host: localhost:54755
accept: */*

Response DefaultHttpResponse(decodeResult: success, version: HTTP/1.1)
HTTP/1.1 200 OK
Content-Security-Policy: frame-ancestors 'none'
Content-Length: 424
Content-Type: application/json; charset=UTF-8

15:28:17.636 [AsyncHttpClient-1-9] DEBUG org.asynchttpclient.netty.channel.ChannelManager - Adding key: http://localhost:54755 for channel [id: 0x97e393e6, L:/127.0.0.1:54761 - R:localhost/127.0.0.1:54755]
15:28:17.644 [AsyncHttpClient-1-2] DEBUG org.asynchttpclient.netty.channel.NettyConnectListener - Using new Channel '[id: 0xdc0348ce, L:/127.0.0.1:54762 - R:localhost/127.0.0.1:54755]' for 'GET' to '/devtools/browser/73565a31-b839-4063-9e0b-7cbaf3d8c7dd'
15:28:17.646 [AsyncHttpClient-1-2] DEBUG org.asynchttpclient.netty.handler.WebSocketHandler - 

Request DefaultFullHttpRequest(decodeResult: success, version: HTTP/1.1, content: EmptyByteBufBE)
GET /devtools/browser/73565a31-b839-4063-9e0b-7cbaf3d8c7dd HTTP/1.1
upgrade: websocket
connection: upgrade
sec-websocket-key: lqmpFKF8ioUunJSJ7yXjaA==
sec-websocket-version: 13
origin: http://localhost:54755
host: localhost:54755
accept: */*
user-agent: AHC/2.1

Response DefaultHttpResponse(decodeResult: success, version: HTTP/1.1)
HTTP/1.1 101 WebSocket Protocol Handshake
Upgrade: WebSocket
Connection: Upgrade
Sec-WebSocket-Accept: b1UGSv4nCNBi/G5FbxBJSTFvdcc=

15:28:17.652 [Forwarding get on session fb2e4809b3e27ab5e0d8c8ee646c6b18 to remote] DEBUG org.asynchttpclient.netty.request.NettyRequestSender - Using pooled Channel '[id: 0x805ea98b, L:/127.0.0.1:54753 - R:localhost/127.0.0.1:2865]' for 'POST' to 'http://localhost:2865/session/fb2e4809b3e27ab5e0d8c8ee646c6b18/url'
15:28:17.652 [Forwarding get on session fb2e4809b3e27ab5e0d8c8ee646c6b18 to remote] DEBUG org.asynchttpclient.netty.request.NettyRequestSender - Using open Channel [id: 0x805ea98b, L:/127.0.0.1:54753 - R:localhost/127.0.0.1:2865] for POST '/session/fb2e4809b3e27ab5e0d8c8ee646c6b18/url'
15:28:18.176 [AsyncHttpClient-1-1] DEBUG org.asynchttpclient.netty.channel.DefaultChannelPool - Entry count for : http://localhost:54755 : 1
15:28:18.704 [AsyncHttpClient-1-8] DEBUG org.asynchttpclient.netty.handler.HttpHandler - 

Request DefaultHttpRequest(decodeResult: success, version: HTTP/1.1)
POST /session/fb2e4809b3e27ab5e0d8c8ee646c6b18/url HTTP/1.1
User-Agent: selenium/4.8.1 (java windows)
Content-Length: 74
Content-Type: application/json; charset=utf-8
host: localhost:2865
accept: */*

Response DefaultHttpResponse(decodeResult: success, version: HTTP/1.1)
HTTP/1.1 200 OK
Content-Length: 14
Content-Type: application/json; charset=utf-8
cache-control: no-cache

15:28:18.705 [AsyncHttpClient-1-8] DEBUG org.asynchttpclient.netty.channel.ChannelManager - Adding key: http://localhost:2865 for channel [id: 0x805ea98b, L:/127.0.0.1:54753 - R:localhost/127.0.0.1:2865]
15:28:18.709 [Forwarding setTimeout on session fb2e4809b3e27ab5e0d8c8ee646c6b18 to remote] DEBUG org.asynchttpclient.netty.request.NettyRequestSender - Using pooled Channel '[id: 0x805ea98b, L:/127.0.0.1:54753 - R:localhost/127.0.0.1:2865]' for 'POST' to 'http://localhost:2865/session/fb2e4809b3e27ab5e0d8c8ee646c6b18/timeouts'
15:28:18.709 [Forwarding setTimeout on session fb2e4809b3e27ab5e0d8c8ee646c6b18 to remote] DEBUG org.asynchttpclient.netty.request.NettyRequestSender - Using open Channel [id: 0x805ea98b, L:/127.0.0.1:54753 - R:localhost/127.0.0.1:2865] for POST '/session/fb2e4809b3e27ab5e0d8c8ee646c6b18/timeouts'
15:28:18.712 [AsyncHttpClient-1-8] DEBUG org.asynchttpclient.netty.handler.HttpHandler - 

Request DefaultHttpRequest(decodeResult: success, version: HTTP/1.1)
POST /session/fb2e4809b3e27ab5e0d8c8ee646c6b18/timeouts HTTP/1.1
User-Agent: selenium/4.8.1 (java windows)
Content-Length: 22
Content-Type: application/json; charset=utf-8
host: localhost:2865
accept: */*

Response DefaultHttpResponse(decodeResult: success, version: HTTP/1.1)
HTTP/1.1 200 OK
Content-Length: 14
Content-Type: application/json; charset=utf-8
cache-control: no-cache

15:28:18.713 [AsyncHttpClient-1-8] DEBUG org.asynchttpclient.netty.channel.ChannelManager - Adding key: http://localhost:2865 for channel [id: 0x805ea98b, L:/127.0.0.1:54753 - R:localhost/127.0.0.1:2865]
15:28:18.728 [Forwarding findElement on session fb2e4809b3e27ab5e0d8c8ee646c6b18 to remote] DEBUG org.asynchttpclient.netty.request.NettyRequestSender - Using pooled Channel '[id: 0x805ea98b, L:/127.0.0.1:54753 - R:localhost/127.0.0.1:2865]' for 'POST' to 'http://localhost:2865/session/fb2e4809b3e27ab5e0d8c8ee646c6b18/element'
15:28:18.728 [Forwarding findElement on session fb2e4809b3e27ab5e0d8c8ee646c6b18 to remote] DEBUG org.asynchttpclient.netty.request.NettyRequestSender - Using open Channel [id: 0x805ea98b, L:/127.0.0.1:54753 - R:localhost/127.0.0.1:2865] for POST '/session/fb2e4809b3e27ab5e0d8c8ee646c6b18/element'
15:28:18.751 [AsyncHttpClient-1-8] DEBUG org.asynchttpclient.netty.handler.HttpHandler - 

Request DefaultHttpRequest(decodeResult: success, version: HTTP/1.1)
POST /session/fb2e4809b3e27ab5e0d8c8ee646c6b18/element HTTP/1.1
User-Agent: selenium/4.8.1 (java windows)
Content-Length: 69
Content-Type: application/json; charset=utf-8
host: localhost:2865
accept: */*

Response DefaultHttpResponse(decodeResult: success, version: HTTP/1.1)
HTTP/1.1 200 OK
Content-Length: 88
Content-Type: application/json; charset=utf-8
cache-control: no-cache

15:28:18.751 [AsyncHttpClient-1-8] DEBUG org.asynchttpclient.netty.channel.ChannelManager - Adding key: http://localhost:2865 for channel [id: 0x805ea98b, L:/127.0.0.1:54753 - R:localhost/127.0.0.1:2865]
15:28:18.757 [Forwarding isElementDisplayed on session fb2e4809b3e27ab5e0d8c8ee646c6b18 to remote] DEBUG org.asynchttpclient.netty.request.NettyRequestSender - Using pooled Channel '[id: 0x805ea98b, L:/127.0.0.1:54753 - R:localhost/127.0.0.1:2865]' for 'POST' to 'http://localhost:2865/session/fb2e4809b3e27ab5e0d8c8ee646c6b18/execute/sync'
15:28:18.758 [Forwarding isElementDisplayed on session fb2e4809b3e27ab5e0d8c8ee646c6b18 to remote] DEBUG org.asynchttpclient.netty.request.NettyRequestSender - Using open Channel [id: 0x805ea98b, L:/127.0.0.1:54753 - R:localhost/127.0.0.1:2865] for POST '/session/fb2e4809b3e27ab5e0d8c8ee646c6b18/execute/sync'
15:28:18.785 [AsyncHttpClient-1-8] DEBUG org.asynchttpclient.netty.handler.HttpHandler - 

Request DefaultHttpRequest(decodeResult: success, version: HTTP/1.1)
POST /session/fb2e4809b3e27ab5e0d8c8ee646c6b18/execute/sync HTTP/1.1
User-Agent: selenium/4.8.1 (java windows)
Content-Length: 48807
Content-Type: application/json; charset=utf-8
host: localhost:2865
accept: */*

Response DefaultHttpResponse(decodeResult: success, version: HTTP/1.1)
HTTP/1.1 200 OK
Content-Length: 14
Content-Type: application/json; charset=utf-8
cache-control: no-cache

15:28:18.785 [AsyncHttpClient-1-8] DEBUG org.asynchttpclient.netty.channel.ChannelManager - Adding key: http://localhost:2865 for channel [id: 0x805ea98b, L:/127.0.0.1:54753 - R:localhost/127.0.0.1:2865]
15:28:18.788 [Forwarding isElementDisplayed on session fb2e4809b3e27ab5e0d8c8ee646c6b18 to remote] DEBUG org.asynchttpclient.netty.request.NettyRequestSender - Using pooled Channel '[id: 0x805ea98b, L:/127.0.0.1:54753 - R:localhost/127.0.0.1:2865]' for 'POST' to 'http://localhost:2865/session/fb2e4809b3e27ab5e0d8c8ee646c6b18/execute/sync'
15:28:18.788 [Forwarding isElementDisplayed on session fb2e4809b3e27ab5e0d8c8ee646c6b18 to remote] DEBUG org.asynchttpclient.netty.request.NettyRequestSender - Using open Channel [id: 0x805ea98b, L:/127.0.0.1:54753 - R:localhost/127.0.0.1:2865] for POST '/session/fb2e4809b3e27ab5e0d8c8ee646c6b18/execute/sync'
15:28:18.802 [AsyncHttpClient-1-8] DEBUG org.asynchttpclient.netty.handler.HttpHandler - 

Request DefaultHttpRequest(decodeResult: success, version: HTTP/1.1)
POST /session/fb2e4809b3e27ab5e0d8c8ee646c6b18/execute/sync HTTP/1.1
User-Agent: selenium/4.8.1 (java windows)
Content-Length: 48807
Content-Type: application/json; charset=utf-8
host: localhost:2865
accept: */*

Response DefaultHttpResponse(decodeResult: success, version: HTTP/1.1)
HTTP/1.1 200 OK
Content-Length: 14
Content-Type: application/json; charset=utf-8
cache-control: no-cache

15:28:18.803 [AsyncHttpClient-1-8] DEBUG org.asynchttpclient.netty.channel.ChannelManager - Adding key: http://localhost:2865 for channel [id: 0x805ea98b, L:/127.0.0.1:54753 - R:localhost/127.0.0.1:2865]
15:28:18.805 [main] DEBUG net.thucydides.core.steps.StepInterceptor - STEP DONE: onLoginPage
  &amp#27;[32mGiven &amp#27;[0m&amp#27;[32muser on login page&amp#27;[0m                                               &amp#27;[90m# starter.stepdefinitions.LoginSteps.userOnLoginPage()&amp#27;[0m
15:28:18.814 [main] DEBUG net.thucydides.core.steps.StepInterceptor - STARTING STEP: LoginSteps.userInputValidEmail - inputEmail
15:28:18.818 [Forwarding findElement on session fb2e4809b3e27ab5e0d8c8ee646c6b18 to remote] DEBUG org.asynchttpclient.netty.request.NettyRequestSender - Using pooled Channel '[id: 0x805ea98b, L:/127.0.0.1:54753 - R:localhost/127.0.0.1:2865]' for 'POST' to 'http://localhost:2865/session/fb2e4809b3e27ab5e0d8c8ee646c6b18/element'
15:28:18.818 [Forwarding findElement on session fb2e4809b3e27ab5e0d8c8ee646c6b18 to remote] DEBUG org.asynchttpclient.netty.request.NettyRequestSender - Using open Channel [id: 0x805ea98b, L:/127.0.0.1:54753 - R:localhost/127.0.0.1:2865] for POST '/session/fb2e4809b3e27ab5e0d8c8ee646c6b18/element'
15:28:18.834 [AsyncHttpClient-1-8] DEBUG org.asynchttpclient.netty.handler.HttpHandler - 

Request DefaultHttpRequest(decodeResult: success, version: HTTP/1.1)
POST /session/fb2e4809b3e27ab5e0d8c8ee646c6b18/element HTTP/1.1
User-Agent: selenium/4.8.1 (java windows)
Content-Length: 55
Content-Type: application/json; charset=utf-8
host: localhost:2865
accept: */*

Response DefaultHttpResponse(decodeResult: success, version: HTTP/1.1)
HTTP/1.1 200 OK
Content-Length: 88
Content-Type: application/json; charset=utf-8
cache-control: no-cache

15:28:18.834 [AsyncHttpClient-1-8] DEBUG org.asynchttpclient.netty.channel.ChannelManager - Adding key: http://localhost:2865 for channel [id: 0x805ea98b, L:/127.0.0.1:54753 - R:localhost/127.0.0.1:2865]
15:28:18.836 [Forwarding clearElement on session fb2e4809b3e27ab5e0d8c8ee646c6b18 to remote] DEBUG org.asynchttpclient.netty.request.NettyRequestSender - Using pooled Channel '[id: 0x805ea98b, L:/127.0.0.1:54753 - R:localhost/127.0.0.1:2865]' for 'POST' to 'http://localhost:2865/session/fb2e4809b3e27ab5e0d8c8ee646c6b18/element/e35c659d-61e1-42d2-8a0e-5c644aa0dc9b/clear'
15:28:18.836 [Forwarding clearElement on session fb2e4809b3e27ab5e0d8c8ee646c6b18 to remote] DEBUG org.asynchttpclient.netty.request.NettyRequestSender - Using open Channel [id: 0x805ea98b, L:/127.0.0.1:54753 - R:localhost/127.0.0.1:2865] for POST '/session/fb2e4809b3e27ab5e0d8c8ee646c6b18/element/e35c659d-61e1-42d2-8a0e-5c644aa0dc9b/clear'
15:28:18.872 [AsyncHttpClient-1-8] DEBUG org.asynchttpclient.netty.handler.HttpHandler - 

Request DefaultHttpRequest(decodeResult: success, version: HTTP/1.1)
POST /session/fb2e4809b3e27ab5e0d8c8ee646c6b18/element/e35c659d-61e1-42d2-8a0e-5c644aa0dc9b/clear HTTP/1.1
User-Agent: selenium/4.8.1 (java windows)
Content-Length: 50
Content-Type: application/json; charset=utf-8
host: localhost:2865
accept: */*

Response DefaultHttpResponse(decodeResult: success, version: HTTP/1.1)
HTTP/1.1 200 OK
Content-Length: 14
Content-Type: application/json; charset=utf-8
cache-control: no-cache

15:28:18.872 [AsyncHttpClient-1-8] DEBUG org.asynchttpclient.netty.channel.ChannelManager - Adding key: http://localhost:2865 for channel [id: 0x805ea98b, L:/127.0.0.1:54753 - R:localhost/127.0.0.1:2865]
15:28:18.874 [Forwarding sendKeysToElement on session fb2e4809b3e27ab5e0d8c8ee646c6b18 to remote] DEBUG org.asynchttpclient.netty.request.NettyRequestSender - Using pooled Channel '[id: 0x805ea98b, L:/127.0.0.1:54753 - R:localhost/127.0.0.1:2865]' for 'POST' to 'http://localhost:2865/session/fb2e4809b3e27ab5e0d8c8ee646c6b18/element/e35c659d-61e1-42d2-8a0e-5c644aa0dc9b/value'
15:28:18.875 [Forwarding sendKeysToElement on session fb2e4809b3e27ab5e0d8c8ee646c6b18 to remote] DEBUG org.asynchttpclient.netty.request.NettyRequestSender - Using open Channel [id: 0x805ea98b, L:/127.0.0.1:54753 - R:localhost/127.0.0.1:2865] for POST '/session/fb2e4809b3e27ab5e0d8c8ee646c6b18/element/e35c659d-61e1-42d2-8a0e-5c644aa0dc9b/value'
15:28:19.023 [AsyncHttpClient-1-8] DEBUG org.asynchttpclient.netty.handler.HttpHandler - 

Request DefaultHttpRequest(decodeResult: success, version: HTTP/1.1)
POST /session/fb2e4809b3e27ab5e0d8c8ee646c6b18/element/e35c659d-61e1-42d2-8a0e-5c644aa0dc9b/value HTTP/1.1
User-Agent: selenium/4.8.1 (java windows)
Content-Length: 231
Content-Type: application/json; charset=utf-8
host: localhost:2865
accept: */*

Response DefaultHttpResponse(decodeResult: success, version: HTTP/1.1)
HTTP/1.1 200 OK
Content-Length: 14
Content-Type: application/json; charset=utf-8
cache-control: no-cache

15:28:19.023 [AsyncHttpClient-1-8] DEBUG org.asynchttpclient.netty.channel.ChannelManager - Adding key: http://localhost:2865 for channel [id: 0x805ea98b, L:/127.0.0.1:54753 - R:localhost/127.0.0.1:2865]
15:28:19.028 [main] DEBUG net.thucydides.core.steps.StepInterceptor - STEP DONE: inputEmail
  &amp#27;[32mWhen &amp#27;[0m&amp#27;[32muser input valid email&amp#27;[0m                                            &amp#27;[90m# starter.stepdefinitions.LoginSteps.userInputValidEmail()&amp#27;[0m
15:28:19.037 [main] DEBUG net.thucydides.core.steps.StepInterceptor - STARTING STEP: LoginSteps.userInputValidPassword - inputPassword
15:28:19.043 [Forwarding findElement on session fb2e4809b3e27ab5e0d8c8ee646c6b18 to remote] DEBUG org.asynchttpclient.netty.request.NettyRequestSender - Using pooled Channel '[id: 0x805ea98b, L:/127.0.0.1:54753 - R:localhost/127.0.0.1:2865]' for 'POST' to 'http://localhost:2865/session/fb2e4809b3e27ab5e0d8c8ee646c6b18/element'
15:28:19.043 [Forwarding findElement on session fb2e4809b3e27ab5e0d8c8ee646c6b18 to remote] DEBUG org.asynchttpclient.netty.request.NettyRequestSender - Using open Channel [id: 0x805ea98b, L:/127.0.0.1:54753 - R:localhost/127.0.0.1:2865] for POST '/session/fb2e4809b3e27ab5e0d8c8ee646c6b18/element'
15:28:19.057 [AsyncHttpClient-1-8] DEBUG org.asynchttpclient.netty.handler.HttpHandler - 

Request DefaultHttpRequest(decodeResult: success, version: HTTP/1.1)
POST /session/fb2e4809b3e27ab5e0d8c8ee646c6b18/element HTTP/1.1
User-Agent: selenium/4.8.1 (java windows)
Content-Length: 55
Content-Type: application/json; charset=utf-8
host: localhost:2865
accept: */*

Response DefaultHttpResponse(decodeResult: success, version: HTTP/1.1)
HTTP/1.1 200 OK
Content-Length: 88
Content-Type: application/json; charset=utf-8
cache-control: no-cache

15:28:19.058 [AsyncHttpClient-1-8] DEBUG org.asynchttpclient.netty.channel.ChannelManager - Adding key: http://localhost:2865 for channel [id: 0x805ea98b, L:/127.0.0.1:54753 - R:localhost/127.0.0.1:2865]
15:28:19.061 [Forwarding clearElement on session fb2e4809b3e27ab5e0d8c8ee646c6b18 to remote] DEBUG org.asynchttpclient.netty.request.NettyRequestSender - Using pooled Channel '[id: 0x805ea98b, L:/127.0.0.1:54753 - R:localhost/127.0.0.1:2865]' for 'POST' to 'http://localhost:2865/session/fb2e4809b3e27ab5e0d8c8ee646c6b18/element/9004f27d-05e7-48ae-b64e-ba3346d50fb7/clear'
15:28:19.061 [Forwarding clearElement on session fb2e4809b3e27ab5e0d8c8ee646c6b18 to remote] DEBUG org.asynchttpclient.netty.request.NettyRequestSender - Using open Channel [id: 0x805ea98b, L:/127.0.0.1:54753 - R:localhost/127.0.0.1:2865] for POST '/session/fb2e4809b3e27ab5e0d8c8ee646c6b18/element/9004f27d-05e7-48ae-b64e-ba3346d50fb7/clear'
15:28:19.104 [AsyncHttpClient-1-8] DEBUG org.asynchttpclient.netty.handler.HttpHandler - 

Request DefaultHttpRequest(decodeResult: success, version: HTTP/1.1)
POST /session/fb2e4809b3e27ab5e0d8c8ee646c6b18/element/9004f27d-05e7-48ae-b64e-ba3346d50fb7/clear HTTP/1.1
User-Agent: selenium/4.8.1 (java windows)
Content-Length: 50
Content-Type: application/json; charset=utf-8
host: localhost:2865
accept: */*

Response DefaultHttpResponse(decodeResult: success, version: HTTP/1.1)
HTTP/1.1 200 OK
Content-Length: 14
Content-Type: application/json; charset=utf-8
cache-control: no-cache

15:28:19.105 [AsyncHttpClient-1-8] DEBUG org.asynchttpclient.netty.channel.ChannelManager - Adding key: http://localhost:2865 for channel [id: 0x805ea98b, L:/127.0.0.1:54753 - R:localhost/127.0.0.1:2865]
15:28:19.107 [Forwarding sendKeysToElement on session fb2e4809b3e27ab5e0d8c8ee646c6b18 to remote] DEBUG org.asynchttpclient.netty.request.NettyRequestSender - Using pooled Channel '[id: 0x805ea98b, L:/127.0.0.1:54753 - R:localhost/127.0.0.1:2865]' for 'POST' to 'http://localhost:2865/session/fb2e4809b3e27ab5e0d8c8ee646c6b18/element/9004f27d-05e7-48ae-b64e-ba3346d50fb7/value'
15:28:19.107 [Forwarding sendKeysToElement on session fb2e4809b3e27ab5e0d8c8ee646c6b18 to remote] DEBUG org.asynchttpclient.netty.request.NettyRequestSender - Using open Channel [id: 0x805ea98b, L:/127.0.0.1:54753 - R:localhost/127.0.0.1:2865] for POST '/session/fb2e4809b3e27ab5e0d8c8ee646c6b18/element/9004f27d-05e7-48ae-b64e-ba3346d50fb7/value'
15:28:19.197 [AsyncHttpClient-1-8] DEBUG org.asynchttpclient.netty.handler.HttpHandler - 

Request DefaultHttpRequest(decodeResult: success, version: HTTP/1.1)
POST /session/fb2e4809b3e27ab5e0d8c8ee646c6b18/element/9004f27d-05e7-48ae-b64e-ba3346d50fb7/value HTTP/1.1
User-Agent: selenium/4.8.1 (java windows)
Content-Length: 131
Content-Type: application/json; charset=utf-8
host: localhost:2865
accept: */*

Response DefaultHttpResponse(decodeResult: success, version: HTTP/1.1)
HTTP/1.1 200 OK
Content-Length: 14
Content-Type: application/json; charset=utf-8
cache-control: no-cache

15:28:19.197 [AsyncHttpClient-1-8] DEBUG org.asynchttpclient.netty.channel.ChannelManager - Adding key: http://localhost:2865 for channel [id: 0x805ea98b, L:/127.0.0.1:54753 - R:localhost/127.0.0.1:2865]
15:28:19.205 [main] DEBUG net.thucydides.core.steps.StepInterceptor - STEP DONE: inputPassword
  &amp#27;[32mAnd &amp#27;[0m&amp#27;[32muser input valid password&amp#27;[0m                                          &amp#27;[90m# starter.stepdefinitions.LoginSteps.userInputValidPassword()&amp#27;[0m
15:28:19.219 [main] DEBUG net.thucydides.core.steps.StepInterceptor - STARTING STEP: LoginSteps.userClickLoginButton - ClickLoginBtn
15:28:19.228 [Forwarding findElement on session fb2e4809b3e27ab5e0d8c8ee646c6b18 to remote] DEBUG org.asynchttpclient.netty.request.NettyRequestSender - Using pooled Channel '[id: 0x805ea98b, L:/127.0.0.1:54753 - R:localhost/127.0.0.1:2865]' for 'POST' to 'http://localhost:2865/session/fb2e4809b3e27ab5e0d8c8ee646c6b18/element'
15:28:19.228 [Forwarding findElement on session fb2e4809b3e27ab5e0d8c8ee646c6b18 to remote] DEBUG org.asynchttpclient.netty.request.NettyRequestSender - Using open Channel [id: 0x805ea98b, L:/127.0.0.1:54753 - R:localhost/127.0.0.1:2865] for POST '/session/fb2e4809b3e27ab5e0d8c8ee646c6b18/element'
15:28:19.249 [AsyncHttpClient-1-8] DEBUG org.asynchttpclient.netty.handler.HttpHandler - 

Request DefaultHttpRequest(decodeResult: success, version: HTTP/1.1)
POST /session/fb2e4809b3e27ab5e0d8c8ee646c6b18/element HTTP/1.1
User-Agent: selenium/4.8.1 (java windows)
Content-Length: 69
Content-Type: application/json; charset=utf-8
host: localhost:2865
accept: */*

Response DefaultHttpResponse(decodeResult: success, version: HTTP/1.1)
HTTP/1.1 200 OK
Content-Length: 88
Content-Type: application/json; charset=utf-8
cache-control: no-cache

15:28:19.249 [AsyncHttpClient-1-8] DEBUG org.asynchttpclient.netty.channel.ChannelManager - Adding key: http://localhost:2865 for channel [id: 0x805ea98b, L:/127.0.0.1:54753 - R:localhost/127.0.0.1:2865]
15:28:19.251 [Forwarding getElementTagName on session fb2e4809b3e27ab5e0d8c8ee646c6b18 to remote] DEBUG org.asynchttpclient.netty.request.NettyRequestSender - Using pooled Channel '[id: 0x805ea98b, L:/127.0.0.1:54753 - R:localhost/127.0.0.1:2865]' for 'GET' to 'http://localhost:2865/session/fb2e4809b3e27ab5e0d8c8ee646c6b18/element/58d19f5c-396e-4185-b8af-8af4d63d20f6/name'
15:28:19.251 [Forwarding getElementTagName on session fb2e4809b3e27ab5e0d8c8ee646c6b18 to remote] DEBUG org.asynchttpclient.netty.request.NettyRequestSender - Using open Channel [id: 0x805ea98b, L:/127.0.0.1:54753 - R:localhost/127.0.0.1:2865] for GET '/session/fb2e4809b3e27ab5e0d8c8ee646c6b18/element/58d19f5c-396e-4185-b8af-8af4d63d20f6/name'
15:28:19.256 [AsyncHttpClient-1-8] DEBUG org.asynchttpclient.netty.handler.HttpHandler - 

Request DefaultFullHttpRequest(decodeResult: success, version: HTTP/1.1, content: EmptyByteBufBE)
GET /session/fb2e4809b3e27ab5e0d8c8ee646c6b18/element/58d19f5c-396e-4185-b8af-8af4d63d20f6/name HTTP/1.1
User-Agent: selenium/4.8.1 (java windows)
Cache-Control: no-cache
Content-Type: application/json; charset=utf-8
host: localhost:2865
accept: */*

Response DefaultHttpResponse(decodeResult: success, version: HTTP/1.1)
HTTP/1.1 200 OK
Content-Length: 16
Content-Type: application/json; charset=utf-8
cache-control: no-cache

15:28:19.257 [AsyncHttpClient-1-8] DEBUG org.asynchttpclient.netty.channel.ChannelManager - Adding key: http://localhost:2865 for channel [id: 0x805ea98b, L:/127.0.0.1:54753 - R:localhost/127.0.0.1:2865]
15:28:19.258 [Forwarding getElementTagName on session fb2e4809b3e27ab5e0d8c8ee646c6b18 to remote] DEBUG org.asynchttpclient.netty.request.NettyRequestSender - Using pooled Channel '[id: 0x805ea98b, L:/127.0.0.1:54753 - R:localhost/127.0.0.1:2865]' for 'GET' to 'http://localhost:2865/session/fb2e4809b3e27ab5e0d8c8ee646c6b18/element/58d19f5c-396e-4185-b8af-8af4d63d20f6/name'
15:28:19.259 [Forwarding getElementTagName on session fb2e4809b3e27ab5e0d8c8ee646c6b18 to remote] DEBUG org.asynchttpclient.netty.request.NettyRequestSender - Using open Channel [id: 0x805ea98b, L:/127.0.0.1:54753 - R:localhost/127.0.0.1:2865] for GET '/session/fb2e4809b3e27ab5e0d8c8ee646c6b18/element/58d19f5c-396e-4185-b8af-8af4d63d20f6/name'
15:28:19.268 [AsyncHttpClient-1-8] DEBUG org.asynchttpclient.netty.handler.HttpHandler - 

Request DefaultFullHttpRequest(decodeResult: success, version: HTTP/1.1, content: EmptyByteBufBE)
GET /session/fb2e4809b3e27ab5e0d8c8ee646c6b18/element/58d19f5c-396e-4185-b8af-8af4d63d20f6/name HTTP/1.1
User-Agent: selenium/4.8.1 (java windows)
Cache-Control: no-cache
Content-Type: application/json; charset=utf-8
host: localhost:2865
accept: */*

Response DefaultHttpResponse(decodeResult: success, version: HTTP/1.1)
HTTP/1.1 200 OK
Content-Length: 16
Content-Type: application/json; charset=utf-8
cache-control: no-cache

15:28:19.268 [AsyncHttpClient-1-8] DEBUG org.asynchttpclient.netty.channel.ChannelManager - Adding key: http://localhost:2865 for channel [id: 0x805ea98b, L:/127.0.0.1:54753 - R:localhost/127.0.0.1:2865]
15:28:19.271 [Forwarding findElement on session fb2e4809b3e27ab5e0d8c8ee646c6b18 to remote] DEBUG org.asynchttpclient.netty.request.NettyRequestSender - Using pooled Channel '[id: 0x805ea98b, L:/127.0.0.1:54753 - R:localhost/127.0.0.1:2865]' for 'POST' to 'http://localhost:2865/session/fb2e4809b3e27ab5e0d8c8ee646c6b18/element'
15:28:19.271 [Forwarding findElement on session fb2e4809b3e27ab5e0d8c8ee646c6b18 to remote] DEBUG org.asynchttpclient.netty.request.NettyRequestSender - Using open Channel [id: 0x805ea98b, L:/127.0.0.1:54753 - R:localhost/127.0.0.1:2865] for POST '/session/fb2e4809b3e27ab5e0d8c8ee646c6b18/element'
15:28:19.278 [AsyncHttpClient-1-1] DEBUG org.asynchttpclient.netty.channel.DefaultChannelPool - Entry count for : http://localhost:54755 : 1
15:28:19.279 [AsyncHttpClient-1-8] DEBUG org.asynchttpclient.netty.handler.HttpHandler - 

Request DefaultHttpRequest(decodeResult: success, version: HTTP/1.1)
POST /session/fb2e4809b3e27ab5e0d8c8ee646c6b18/element HTTP/1.1
User-Agent: selenium/4.8.1 (java windows)
Content-Length: 69
Content-Type: application/json; charset=utf-8
host: localhost:2865
accept: */*

Response DefaultHttpResponse(decodeResult: success, version: HTTP/1.1)
HTTP/1.1 200 OK
Content-Length: 88
Content-Type: application/json; charset=utf-8
cache-control: no-cache

15:28:19.279 [AsyncHttpClient-1-8] DEBUG org.asynchttpclient.netty.channel.ChannelManager - Adding key: http://localhost:2865 for channel [id: 0x805ea98b, L:/127.0.0.1:54753 - R:localhost/127.0.0.1:2865]
15:28:19.284 [Forwarding clickElement on session fb2e4809b3e27ab5e0d8c8ee646c6b18 to remote] DEBUG org.asynchttpclient.netty.request.NettyRequestSender - Using pooled Channel '[id: 0x805ea98b, L:/127.0.0.1:54753 - R:localhost/127.0.0.1:2865]' for 'POST' to 'http://localhost:2865/session/fb2e4809b3e27ab5e0d8c8ee646c6b18/element/58d19f5c-396e-4185-b8af-8af4d63d20f6/click'
15:28:19.284 [Forwarding clickElement on session fb2e4809b3e27ab5e0d8c8ee646c6b18 to remote] DEBUG org.asynchttpclient.netty.request.NettyRequestSender - Using open Channel [id: 0x805ea98b, L:/127.0.0.1:54753 - R:localhost/127.0.0.1:2865] for POST '/session/fb2e4809b3e27ab5e0d8c8ee646c6b18/element/58d19f5c-396e-4185-b8af-8af4d63d20f6/click'
15:28:19.339 [AsyncHttpClient-1-8] DEBUG org.asynchttpclient.netty.handler.HttpHandler - 

Request DefaultHttpRequest(decodeResult: success, version: HTTP/1.1)
POST /session/fb2e4809b3e27ab5e0d8c8ee646c6b18/element/58d19f5c-396e-4185-b8af-8af4d63d20f6/click HTTP/1.1
User-Agent: selenium/4.8.1 (java windows)
Content-Length: 50
Content-Type: application/json; charset=utf-8
host: localhost:2865
accept: */*

Response DefaultHttpResponse(decodeResult: success, version: HTTP/1.1)
HTTP/1.1 200 OK
Content-Length: 14
Content-Type: application/json; charset=utf-8
cache-control: no-cache

15:28:19.340 [AsyncHttpClient-1-8] DEBUG org.asynchttpclient.netty.channel.ChannelManager - Adding key: http://localhost:2865 for channel [id: 0x805ea98b, L:/127.0.0.1:54753 - R:localhost/127.0.0.1:2865]
15:28:19.346 [main] DEBUG net.thucydides.core.steps.StepInterceptor - STEP DONE: ClickLoginBtn
  &amp#27;[32mAnd &amp#27;[0m&amp#27;[32muser click login button&amp#27;[0m                                            &amp#27;[90m# starter.stepdefinitions.LoginSteps.userClickLoginButton()&amp#27;[0m
15:28:19.364 [main] DEBUG net.thucydides.core.steps.StepInterceptor - STARTING STEP: LoginSteps.userOnProductsPage - onProductPage
15:28:19.369 [Forwarding findElement on session fb2e4809b3e27ab5e0d8c8ee646c6b18 to remote] DEBUG org.asynchttpclient.netty.request.NettyRequestSender - Using pooled Channel '[id: 0x805ea98b, L:/127.0.0.1:54753 - R:localhost/127.0.0.1:2865]' for 'POST' to 'http://localhost:2865/session/fb2e4809b3e27ab5e0d8c8ee646c6b18/element'
15:28:19.370 [Forwarding findElement on session fb2e4809b3e27ab5e0d8c8ee646c6b18 to remote] DEBUG org.asynchttpclient.netty.request.NettyRequestSender - Using open Channel [id: 0x805ea98b, L:/127.0.0.1:54753 - R:localhost/127.0.0.1:2865] for POST '/session/fb2e4809b3e27ab5e0d8c8ee646c6b18/element'
15:28:20.377 [AsyncHttpClient-1-1] DEBUG org.asynchttpclient.netty.channel.DefaultChannelPool - Entry count for : http://localhost:54755 : 1
15:28:21.479 [AsyncHttpClient-1-1] DEBUG org.asynchttpclient.netty.channel.DefaultChannelPool - Entry count for : http://localhost:54755 : 1
15:28:22.234 [AsyncHttpClient-1-8] DEBUG org.asynchttpclient.netty.handler.HttpHandler - 

Request DefaultHttpRequest(decodeResult: success, version: HTTP/1.1)
POST /session/fb2e4809b3e27ab5e0d8c8ee646c6b18/element HTTP/1.1
User-Agent: selenium/4.8.1 (java windows)
Content-Length: 54
Content-Type: application/json; charset=utf-8
host: localhost:2865
accept: */*

Response DefaultHttpResponse(decodeResult: success, version: HTTP/1.1)
HTTP/1.1 200 OK
Content-Length: 88
Content-Type: application/json; charset=utf-8
cache-control: no-cache

15:28:22.234 [AsyncHttpClient-1-8] DEBUG org.asynchttpclient.netty.channel.ChannelManager - Adding key: http://localhost:2865 for channel [id: 0x805ea98b, L:/127.0.0.1:54753 - R:localhost/127.0.0.1:2865]
15:28:22.243 [Forwarding isElementDisplayed on session fb2e4809b3e27ab5e0d8c8ee646c6b18 to remote] DEBUG org.asynchttpclient.netty.request.NettyRequestSender - Using pooled Channel '[id: 0x805ea98b, L:/127.0.0.1:54753 - R:localhost/127.0.0.1:2865]' for 'POST' to 'http://localhost:2865/session/fb2e4809b3e27ab5e0d8c8ee646c6b18/execute/sync'
15:28:22.243 [Forwarding isElementDisplayed on session fb2e4809b3e27ab5e0d8c8ee646c6b18 to remote] DEBUG org.asynchttpclient.netty.request.NettyRequestSender - Using open Channel [id: 0x805ea98b, L:/127.0.0.1:54753 - R:localhost/127.0.0.1:2865] for POST '/session/fb2e4809b3e27ab5e0d8c8ee646c6b18/execute/sync'
15:28:22.257 [AsyncHttpClient-1-8] DEBUG org.asynchttpclient.netty.handler.HttpHandler - 

Request DefaultHttpRequest(decodeResult: success, version: HTTP/1.1)
POST /session/fb2e4809b3e27ab5e0d8c8ee646c6b18/execute/sync HTTP/1.1
User-Agent: selenium/4.8.1 (java windows)
Content-Length: 48807
Content-Type: application/json; charset=utf-8
host: localhost:2865
accept: */*

Response DefaultHttpResponse(decodeResult: success, version: HTTP/1.1)
HTTP/1.1 200 OK
Content-Length: 14
Content-Type: application/json; charset=utf-8
cache-control: no-cache

15:28:22.257 [AsyncHttpClient-1-8] DEBUG org.asynchttpclient.netty.channel.ChannelManager - Adding key: http://localhost:2865 for channel [id: 0x805ea98b, L:/127.0.0.1:54753 - R:localhost/127.0.0.1:2865]
15:28:22.264 [Forwarding isElementDisplayed on session fb2e4809b3e27ab5e0d8c8ee646c6b18 to remote] DEBUG org.asynchttpclient.netty.request.NettyRequestSender - Using pooled Channel '[id: 0x805ea98b, L:/127.0.0.1:54753 - R:localhost/127.0.0.1:2865]' for 'POST' to 'http://localhost:2865/session/fb2e4809b3e27ab5e0d8c8ee646c6b18/execute/sync'
15:28:22.264 [Forwarding isElementDisplayed on session fb2e4809b3e27ab5e0d8c8ee646c6b18 to remote] DEBUG org.asynchttpclient.netty.request.NettyRequestSender - Using open Channel [id: 0x805ea98b, L:/127.0.0.1:54753 - R:localhost/127.0.0.1:2865] for POST '/session/fb2e4809b3e27ab5e0d8c8ee646c6b18/execute/sync'
15:28:22.273 [AsyncHttpClient-1-8] DEBUG org.asynchttpclient.netty.handler.HttpHandler - 

Request DefaultHttpRequest(decodeResult: success, version: HTTP/1.1)
POST /session/fb2e4809b3e27ab5e0d8c8ee646c6b18/execute/sync HTTP/1.1
User-Agent: selenium/4.8.1 (java windows)
Content-Length: 48807
Content-Type: application/json; charset=utf-8
host: localhost:2865
accept: */*

Response DefaultHttpResponse(decodeResult: success, version: HTTP/1.1)
HTTP/1.1 200 OK
Content-Length: 14
Content-Type: application/json; charset=utf-8
cache-control: no-cache

15:28:22.273 [AsyncHttpClient-1-8] DEBUG org.asynchttpclient.netty.channel.ChannelManager - Adding key: http://localhost:2865 for channel [id: 0x805ea98b, L:/127.0.0.1:54753 - R:localhost/127.0.0.1:2865]
15:28:22.275 [main] DEBUG net.thucydides.core.steps.StepInterceptor - STEP DONE: onProductPage
  &amp#27;[32mAnd &amp#27;[0m&amp#27;[32muser on products page&amp#27;[0m                                              &amp#27;[90m# starter.stepdefinitions.LoginSteps.userOnProductsPage()&amp#27;[0m
15:28:22.297 [Forwarding findElement on session fb2e4809b3e27ab5e0d8c8ee646c6b18 to remote] DEBUG org.asynchttpclient.netty.request.NettyRequestSender - Using pooled Channel '[id: 0x805ea98b, L:/127.0.0.1:54753 - R:localhost/127.0.0.1:2865]' for 'POST' to 'http://localhost:2865/session/fb2e4809b3e27ab5e0d8c8ee646c6b18/element'
15:28:22.298 [Forwarding findElement on session fb2e4809b3e27ab5e0d8c8ee646c6b18 to remote] DEBUG org.asynchttpclient.netty.request.NettyRequestSender - Using open Channel [id: 0x805ea98b, L:/127.0.0.1:54753 - R:localhost/127.0.0.1:2865] for POST '/session/fb2e4809b3e27ab5e0d8c8ee646c6b18/element'
15:28:22.314 [AsyncHttpClient-1-8] DEBUG org.asynchttpclient.netty.handler.HttpHandler - 

Request DefaultHttpRequest(decodeResult: success, version: HTTP/1.1)
POST /session/fb2e4809b3e27ab5e0d8c8ee646c6b18/element HTTP/1.1
User-Agent: selenium/4.8.1 (java windows)
Content-Length: 68
Content-Type: application/json; charset=utf-8
host: localhost:2865
accept: */*

Response DefaultHttpResponse(decodeResult: success, version: HTTP/1.1)
HTTP/1.1 200 OK
Content-Length: 88
Content-Type: application/json; charset=utf-8
cache-control: no-cache

15:28:22.314 [AsyncHttpClient-1-8] DEBUG org.asynchttpclient.netty.channel.ChannelManager - Adding key: http://localhost:2865 for channel [id: 0x805ea98b, L:/127.0.0.1:54753 - R:localhost/127.0.0.1:2865]
15:28:22.316 [Forwarding getElementTagName on session fb2e4809b3e27ab5e0d8c8ee646c6b18 to remote] DEBUG org.asynchttpclient.netty.request.NettyRequestSender - Using pooled Channel '[id: 0x805ea98b, L:/127.0.0.1:54753 - R:localhost/127.0.0.1:2865]' for 'GET' to 'http://localhost:2865/session/fb2e4809b3e27ab5e0d8c8ee646c6b18/element/31b25175-cb04-4e61-8c2d-7c4975f853b3/name'
15:28:22.316 [Forwarding getElementTagName on session fb2e4809b3e27ab5e0d8c8ee646c6b18 to remote] DEBUG org.asynchttpclient.netty.request.NettyRequestSender - Using open Channel [id: 0x805ea98b, L:/127.0.0.1:54753 - R:localhost/127.0.0.1:2865] for GET '/session/fb2e4809b3e27ab5e0d8c8ee646c6b18/element/31b25175-cb04-4e61-8c2d-7c4975f853b3/name'
15:28:22.322 [AsyncHttpClient-1-8] DEBUG org.asynchttpclient.netty.handler.HttpHandler - 

Request DefaultFullHttpRequest(decodeResult: success, version: HTTP/1.1, content: EmptyByteBufBE)
GET /session/fb2e4809b3e27ab5e0d8c8ee646c6b18/element/31b25175-cb04-4e61-8c2d-7c4975f853b3/name HTTP/1.1
User-Agent: selenium/4.8.1 (java windows)
Cache-Control: no-cache
Content-Type: application/json; charset=utf-8
host: localhost:2865
accept: */*

Response DefaultHttpResponse(decodeResult: success, version: HTTP/1.1)
HTTP/1.1 200 OK
Content-Length: 16
Content-Type: application/json; charset=utf-8
cache-control: no-cache

15:28:22.322 [AsyncHttpClient-1-8] DEBUG org.asynchttpclient.netty.channel.ChannelManager - Adding key: http://localhost:2865 for channel [id: 0x805ea98b, L:/127.0.0.1:54753 - R:localhost/127.0.0.1:2865]
15:28:22.324 [Forwarding getElementTagName on session fb2e4809b3e27ab5e0d8c8ee646c6b18 to remote] DEBUG org.asynchttpclient.netty.request.NettyRequestSender - Using pooled Channel '[id: 0x805ea98b, L:/127.0.0.1:54753 - R:localhost/127.0.0.1:2865]' for 'GET' to 'http://localhost:2865/session/fb2e4809b3e27ab5e0d8c8ee646c6b18/element/31b25175-cb04-4e61-8c2d-7c4975f853b3/name'
15:28:22.324 [Forwarding getElementTagName on session fb2e4809b3e27ab5e0d8c8ee646c6b18 to remote] DEBUG org.asynchttpclient.netty.request.NettyRequestSender - Using open Channel [id: 0x805ea98b, L:/127.0.0.1:54753 - R:localhost/127.0.0.1:2865] for GET '/session/fb2e4809b3e27ab5e0d8c8ee646c6b18/element/31b25175-cb04-4e61-8c2d-7c4975f853b3/name'
15:28:22.328 [AsyncHttpClient-1-8] DEBUG org.asynchttpclient.netty.handler.HttpHandler - 

Request DefaultFullHttpRequest(decodeResult: success, version: HTTP/1.1, content: EmptyByteBufBE)
GET /session/fb2e4809b3e27ab5e0d8c8ee646c6b18/element/31b25175-cb04-4e61-8c2d-7c4975f853b3/name HTTP/1.1
User-Agent: selenium/4.8.1 (java windows)
Cache-Control: no-cache
Content-Type: application/json; charset=utf-8
host: localhost:2865
accept: */*

Response DefaultHttpResponse(decodeResult: success, version: HTTP/1.1)
HTTP/1.1 200 OK
Content-Length: 16
Content-Type: application/json; charset=utf-8
cache-control: no-cache

15:28:22.328 [AsyncHttpClient-1-8] DEBUG org.asynchttpclient.netty.channel.ChannelManager - Adding key: http://localhost:2865 for channel [id: 0x805ea98b, L:/127.0.0.1:54753 - R:localhost/127.0.0.1:2865]
15:28:22.330 [Forwarding findElement on session fb2e4809b3e27ab5e0d8c8ee646c6b18 to remote] DEBUG org.asynchttpclient.netty.request.NettyRequestSender - Using pooled Channel '[id: 0x805ea98b, L:/127.0.0.1:54753 - R:localhost/127.0.0.1:2865]' for 'POST' to 'http://localhost:2865/session/fb2e4809b3e27ab5e0d8c8ee646c6b18/element'
15:28:22.330 [Forwarding findElement on session fb2e4809b3e27ab5e0d8c8ee646c6b18 to remote] DEBUG org.asynchttpclient.netty.request.NettyRequestSender - Using open Channel [id: 0x805ea98b, L:/127.0.0.1:54753 - R:localhost/127.0.0.1:2865] for POST '/session/fb2e4809b3e27ab5e0d8c8ee646c6b18/element'
15:28:22.341 [AsyncHttpClient-1-8] DEBUG org.asynchttpclient.netty.handler.HttpHandler - 

Request DefaultHttpRequest(decodeResult: success, version: HTTP/1.1)
POST /session/fb2e4809b3e27ab5e0d8c8ee646c6b18/element HTTP/1.1
User-Agent: selenium/4.8.1 (java windows)
Content-Length: 68
Content-Type: application/json; charset=utf-8
host: localhost:2865
accept: */*

Response DefaultHttpResponse(decodeResult: success, version: HTTP/1.1)
HTTP/1.1 200 OK
Content-Length: 88
Content-Type: application/json; charset=utf-8
cache-control: no-cache

15:28:22.341 [AsyncHttpClient-1-8] DEBUG org.asynchttpclient.netty.channel.ChannelManager - Adding key: http://localhost:2865 for channel [id: 0x805ea98b, L:/127.0.0.1:54753 - R:localhost/127.0.0.1:2865]
15:28:22.343 [Forwarding clickElement on session fb2e4809b3e27ab5e0d8c8ee646c6b18 to remote] DEBUG org.asynchttpclient.netty.request.NettyRequestSender - Using pooled Channel '[id: 0x805ea98b, L:/127.0.0.1:54753 - R:localhost/127.0.0.1:2865]' for 'POST' to 'http://localhost:2865/session/fb2e4809b3e27ab5e0d8c8ee646c6b18/element/31b25175-cb04-4e61-8c2d-7c4975f853b3/click'
15:28:22.343 [Forwarding clickElement on session fb2e4809b3e27ab5e0d8c8ee646c6b18 to remote] DEBUG org.asynchttpclient.netty.request.NettyRequestSender - Using open Channel [id: 0x805ea98b, L:/127.0.0.1:54753 - R:localhost/127.0.0.1:2865] for POST '/session/fb2e4809b3e27ab5e0d8c8ee646c6b18/element/31b25175-cb04-4e61-8c2d-7c4975f853b3/click'
15:28:22.469 [AsyncHttpClient-1-8] DEBUG org.asynchttpclient.netty.handler.HttpHandler - 

Request DefaultHttpRequest(decodeResult: success, version: HTTP/1.1)
POST /session/fb2e4809b3e27ab5e0d8c8ee646c6b18/element/31b25175-cb04-4e61-8c2d-7c4975f853b3/click HTTP/1.1
User-Agent: selenium/4.8.1 (java windows)
Content-Length: 50
Content-Type: application/json; charset=utf-8
host: localhost:2865
accept: */*

Response DefaultHttpResponse(decodeResult: success, version: HTTP/1.1)
HTTP/1.1 200 OK
Content-Length: 14
Content-Type: application/json; charset=utf-8
cache-control: no-cache

15:28:22.470 [AsyncHttpClient-1-8] DEBUG org.asynchttpclient.netty.channel.ChannelManager - Adding key: http://localhost:2865 for channel [id: 0x805ea98b, L:/127.0.0.1:54753 - R:localhost/127.0.0.1:2865]
  &amp#27;[32mWhen &amp#27;[0m&amp#27;[32muser click button Beli&amp#27;[0m                                            &amp#27;[90m# starter.stepdefinitions.ChooseProductSteps.userClickButtonBeli()&amp#27;[0m
15:28:22.490 [Forwarding findElement on session fb2e4809b3e27ab5e0d8c8ee646c6b18 to remote] DEBUG org.asynchttpclient.netty.request.NettyRequestSender - Using pooled Channel '[id: 0x805ea98b, L:/127.0.0.1:54753 - R:localhost/127.0.0.1:2865]' for 'POST' to 'http://localhost:2865/session/fb2e4809b3e27ab5e0d8c8ee646c6b18/element'
15:28:22.490 [Forwarding findElement on session fb2e4809b3e27ab5e0d8c8ee646c6b18 to remote] DEBUG org.asynchttpclient.netty.request.NettyRequestSender - Using open Channel [id: 0x805ea98b, L:/127.0.0.1:54753 - R:localhost/127.0.0.1:2865] for POST '/session/fb2e4809b3e27ab5e0d8c8ee646c6b18/element'
15:28:22.515 [AsyncHttpClient-1-8] DEBUG org.asynchttpclient.netty.handler.HttpHandler - 

Request DefaultHttpRequest(decodeResult: success, version: HTTP/1.1)
POST /session/fb2e4809b3e27ab5e0d8c8ee646c6b18/element HTTP/1.1
User-Agent: selenium/4.8.1 (java windows)
Content-Length: 71
Content-Type: application/json; charset=utf-8
host: localhost:2865
accept: */*

Response DefaultHttpResponse(decodeResult: success, version: HTTP/1.1)
HTTP/1.1 200 OK
Content-Length: 88
Content-Type: application/json; charset=utf-8
cache-control: no-cache

15:28:22.515 [AsyncHttpClient-1-8] DEBUG org.asynchttpclient.netty.channel.ChannelManager - Adding key: http://localhost:2865 for channel [id: 0x805ea98b, L:/127.0.0.1:54753 - R:localhost/127.0.0.1:2865]
15:28:22.517 [Forwarding getElementTagName on session fb2e4809b3e27ab5e0d8c8ee646c6b18 to remote] DEBUG org.asynchttpclient.netty.request.NettyRequestSender - Using pooled Channel '[id: 0x805ea98b, L:/127.0.0.1:54753 - R:localhost/127.0.0.1:2865]' for 'GET' to 'http://localhost:2865/session/fb2e4809b3e27ab5e0d8c8ee646c6b18/element/9beebf29-fa61-4099-9957-ed97a75b5e6d/name'
15:28:22.517 [Forwarding getElementTagName on session fb2e4809b3e27ab5e0d8c8ee646c6b18 to remote] DEBUG org.asynchttpclient.netty.request.NettyRequestSender - Using open Channel [id: 0x805ea98b, L:/127.0.0.1:54753 - R:localhost/127.0.0.1:2865] for GET '/session/fb2e4809b3e27ab5e0d8c8ee646c6b18/element/9beebf29-fa61-4099-9957-ed97a75b5e6d/name'
15:28:22.525 [AsyncHttpClient-1-8] DEBUG org.asynchttpclient.netty.handler.HttpHandler - 

Request DefaultFullHttpRequest(decodeResult: success, version: HTTP/1.1, content: EmptyByteBufBE)
GET /session/fb2e4809b3e27ab5e0d8c8ee646c6b18/element/9beebf29-fa61-4099-9957-ed97a75b5e6d/name HTTP/1.1
User-Agent: selenium/4.8.1 (java windows)
Cache-Control: no-cache
Content-Type: application/json; charset=utf-8
host: localhost:2865
accept: */*

Response DefaultHttpResponse(decodeResult: success, version: HTTP/1.1)
HTTP/1.1 200 OK
Content-Length: 13
Content-Type: application/json; charset=utf-8
cache-control: no-cache

15:28:22.526 [AsyncHttpClient-1-8] DEBUG org.asynchttpclient.netty.channel.ChannelManager - Adding key: http://localhost:2865 for channel [id: 0x805ea98b, L:/127.0.0.1:54753 - R:localhost/127.0.0.1:2865]
15:28:22.527 [Forwarding getElementTagName on session fb2e4809b3e27ab5e0d8c8ee646c6b18 to remote] DEBUG org.asynchttpclient.netty.request.NettyRequestSender - Using pooled Channel '[id: 0x805ea98b, L:/127.0.0.1:54753 - R:localhost/127.0.0.1:2865]' for 'GET' to 'http://localhost:2865/session/fb2e4809b3e27ab5e0d8c8ee646c6b18/element/9beebf29-fa61-4099-9957-ed97a75b5e6d/name'
15:28:22.527 [Forwarding getElementTagName on session fb2e4809b3e27ab5e0d8c8ee646c6b18 to remote] DEBUG org.asynchttpclient.netty.request.NettyRequestSender - Using open Channel [id: 0x805ea98b, L:/127.0.0.1:54753 - R:localhost/127.0.0.1:2865] for GET '/session/fb2e4809b3e27ab5e0d8c8ee646c6b18/element/9beebf29-fa61-4099-9957-ed97a75b5e6d/name'
15:28:22.531 [AsyncHttpClient-1-8] DEBUG org.asynchttpclient.netty.handler.HttpHandler - 

Request DefaultFullHttpRequest(decodeResult: success, version: HTTP/1.1, content: EmptyByteBufBE)
GET /session/fb2e4809b3e27ab5e0d8c8ee646c6b18/element/9beebf29-fa61-4099-9957-ed97a75b5e6d/name HTTP/1.1
User-Agent: selenium/4.8.1 (java windows)
Cache-Control: no-cache
Content-Type: application/json; charset=utf-8
host: localhost:2865
accept: */*

Response DefaultHttpResponse(decodeResult: success, version: HTTP/1.1)
HTTP/1.1 200 OK
Content-Length: 13
Content-Type: application/json; charset=utf-8
cache-control: no-cache

15:28:22.531 [AsyncHttpClient-1-8] DEBUG org.asynchttpclient.netty.channel.ChannelManager - Adding key: http://localhost:2865 for channel [id: 0x805ea98b, L:/127.0.0.1:54753 - R:localhost/127.0.0.1:2865]
15:28:22.534 [Forwarding findElement on session fb2e4809b3e27ab5e0d8c8ee646c6b18 to remote] DEBUG org.asynchttpclient.netty.request.NettyRequestSender - Using pooled Channel '[id: 0x805ea98b, L:/127.0.0.1:54753 - R:localhost/127.0.0.1:2865]' for 'POST' to 'http://localhost:2865/session/fb2e4809b3e27ab5e0d8c8ee646c6b18/element'
15:28:22.534 [Forwarding findElement on session fb2e4809b3e27ab5e0d8c8ee646c6b18 to remote] DEBUG org.asynchttpclient.netty.request.NettyRequestSender - Using open Channel [id: 0x805ea98b, L:/127.0.0.1:54753 - R:localhost/127.0.0.1:2865] for POST '/session/fb2e4809b3e27ab5e0d8c8ee646c6b18/element'
15:28:22.548 [AsyncHttpClient-1-8] DEBUG org.asynchttpclient.netty.handler.HttpHandler - 

Request DefaultHttpRequest(decodeResult: success, version: HTTP/1.1)
POST /session/fb2e4809b3e27ab5e0d8c8ee646c6b18/element HTTP/1.1
User-Agent: selenium/4.8.1 (java windows)
Content-Length: 71
Content-Type: application/json; charset=utf-8
host: localhost:2865
accept: */*

Response DefaultHttpResponse(decodeResult: success, version: HTTP/1.1)
HTTP/1.1 200 OK
Content-Length: 88
Content-Type: application/json; charset=utf-8
cache-control: no-cache

15:28:22.548 [AsyncHttpClient-1-8] DEBUG org.asynchttpclient.netty.channel.ChannelManager - Adding key: http://localhost:2865 for channel [id: 0x805ea98b, L:/127.0.0.1:54753 - R:localhost/127.0.0.1:2865]
15:28:22.549 [Forwarding clickElement on session fb2e4809b3e27ab5e0d8c8ee646c6b18 to remote] DEBUG org.asynchttpclient.netty.request.NettyRequestSender - Using pooled Channel '[id: 0x805ea98b, L:/127.0.0.1:54753 - R:localhost/127.0.0.1:2865]' for 'POST' to 'http://localhost:2865/session/fb2e4809b3e27ab5e0d8c8ee646c6b18/element/9beebf29-fa61-4099-9957-ed97a75b5e6d/click'
15:28:22.549 [Forwarding clickElement on session fb2e4809b3e27ab5e0d8c8ee646c6b18 to remote] DEBUG org.asynchttpclient.netty.request.NettyRequestSender - Using open Channel [id: 0x805ea98b, L:/127.0.0.1:54753 - R:localhost/127.0.0.1:2865] for POST '/session/fb2e4809b3e27ab5e0d8c8ee646c6b18/element/9beebf29-fa61-4099-9957-ed97a75b5e6d/click'
15:28:22.587 [AsyncHttpClient-1-1] DEBUG org.asynchttpclient.netty.channel.DefaultChannelPool - Entry count for : http://localhost:54755 : 1
15:28:22.596 [AsyncHttpClient-1-8] DEBUG org.asynchttpclient.netty.handler.HttpHandler - 

Request DefaultHttpRequest(decodeResult: success, version: HTTP/1.1)
POST /session/fb2e4809b3e27ab5e0d8c8ee646c6b18/element/9beebf29-fa61-4099-9957-ed97a75b5e6d/click HTTP/1.1
User-Agent: selenium/4.8.1 (java windows)
Content-Length: 50
Content-Type: application/json; charset=utf-8
host: localhost:2865
accept: */*

Response DefaultHttpResponse(decodeResult: success, version: HTTP/1.1)
HTTP/1.1 200 OK
Content-Length: 14
Content-Type: application/json; charset=utf-8
cache-control: no-cache

15:28:22.596 [AsyncHttpClient-1-8] DEBUG org.asynchttpclient.netty.channel.ChannelManager - Adding key: http://localhost:2865 for channel [id: 0x805ea98b, L:/127.0.0.1:54753 - R:localhost/127.0.0.1:2865]
  &amp#27;[32mAnd &amp#27;[0m&amp#27;[32muser click cart&amp#27;[0m                                                    &amp#27;[90m# starter.stepdefinitions.ChooseProductSteps.userClickCart()&amp#27;[0m
15:28:22.614 [Forwarding findElement on session fb2e4809b3e27ab5e0d8c8ee646c6b18 to remote] DEBUG org.asynchttpclient.netty.request.NettyRequestSender - Using pooled Channel '[id: 0x805ea98b, L:/127.0.0.1:54753 - R:localhost/127.0.0.1:2865]' for 'POST' to 'http://localhost:2865/session/fb2e4809b3e27ab5e0d8c8ee646c6b18/element'
15:28:22.614 [Forwarding findElement on session fb2e4809b3e27ab5e0d8c8ee646c6b18 to remote] DEBUG org.asynchttpclient.netty.request.NettyRequestSender - Using open Channel [id: 0x805ea98b, L:/127.0.0.1:54753 - R:localhost/127.0.0.1:2865] for POST '/session/fb2e4809b3e27ab5e0d8c8ee646c6b18/element'
15:28:22.784 [AsyncHttpClient-1-8] DEBUG org.asynchttpclient.netty.handler.HttpHandler - 

Request DefaultHttpRequest(decodeResult: success, version: HTTP/1.1)
POST /session/fb2e4809b3e27ab5e0d8c8ee646c6b18/element HTTP/1.1
User-Agent: selenium/4.8.1 (java windows)
Content-Length: 59
Content-Type: application/json; charset=utf-8
host: localhost:2865
accept: */*

Response DefaultHttpResponse(decodeResult: success, version: HTTP/1.1)
HTTP/1.1 200 OK
Content-Length: 88
Content-Type: application/json; charset=utf-8
cache-control: no-cache

15:28:22.785 [AsyncHttpClient-1-8] DEBUG org.asynchttpclient.netty.channel.ChannelManager - Adding key: http://localhost:2865 for channel [id: 0x805ea98b, L:/127.0.0.1:54753 - R:localhost/127.0.0.1:2865]
15:28:22.786 [Forwarding getElementTagName on session fb2e4809b3e27ab5e0d8c8ee646c6b18 to remote] DEBUG org.asynchttpclient.netty.request.NettyRequestSender - Using pooled Channel '[id: 0x805ea98b, L:/127.0.0.1:54753 - R:localhost/127.0.0.1:2865]' for 'GET' to 'http://localhost:2865/session/fb2e4809b3e27ab5e0d8c8ee646c6b18/element/0dfb9952-ac26-40d3-9a22-a2bb6220d2fd/name'
15:28:22.786 [Forwarding getElementTagName on session fb2e4809b3e27ab5e0d8c8ee646c6b18 to remote] DEBUG org.asynchttpclient.netty.request.NettyRequestSender - Using open Channel [id: 0x805ea98b, L:/127.0.0.1:54753 - R:localhost/127.0.0.1:2865] for GET '/session/fb2e4809b3e27ab5e0d8c8ee646c6b18/element/0dfb9952-ac26-40d3-9a22-a2bb6220d2fd/name'
15:28:22.792 [AsyncHttpClient-1-8] DEBUG org.asynchttpclient.netty.handler.HttpHandler - 

Request DefaultFullHttpRequest(decodeResult: success, version: HTTP/1.1, content: EmptyByteBufBE)
GET /session/fb2e4809b3e27ab5e0d8c8ee646c6b18/element/0dfb9952-ac26-40d3-9a22-a2bb6220d2fd/name HTTP/1.1
User-Agent: selenium/4.8.1 (java windows)
Cache-Control: no-cache
Content-Type: application/json; charset=utf-8
host: localhost:2865
accept: */*

Response DefaultHttpResponse(decodeResult: success, version: HTTP/1.1)
HTTP/1.1 200 OK
Content-Length: 18
Content-Type: application/json; charset=utf-8
cache-control: no-cache

15:28:22.792 [AsyncHttpClient-1-8] DEBUG org.asynchttpclient.netty.channel.ChannelManager - Adding key: http://localhost:2865 for channel [id: 0x805ea98b, L:/127.0.0.1:54753 - R:localhost/127.0.0.1:2865]
15:28:22.793 [Forwarding getElementTagName on session fb2e4809b3e27ab5e0d8c8ee646c6b18 to remote] DEBUG org.asynchttpclient.netty.request.NettyRequestSender - Using pooled Channel '[id: 0x805ea98b, L:/127.0.0.1:54753 - R:localhost/127.0.0.1:2865]' for 'GET' to 'http://localhost:2865/session/fb2e4809b3e27ab5e0d8c8ee646c6b18/element/0dfb9952-ac26-40d3-9a22-a2bb6220d2fd/name'
15:28:22.793 [Forwarding getElementTagName on session fb2e4809b3e27ab5e0d8c8ee646c6b18 to remote] DEBUG org.asynchttpclient.netty.request.NettyRequestSender - Using open Channel [id: 0x805ea98b, L:/127.0.0.1:54753 - R:localhost/127.0.0.1:2865] for GET '/session/fb2e4809b3e27ab5e0d8c8ee646c6b18/element/0dfb9952-ac26-40d3-9a22-a2bb6220d2fd/name'
15:28:22.797 [AsyncHttpClient-1-8] DEBUG org.asynchttpclient.netty.handler.HttpHandler - 

Request DefaultFullHttpRequest(decodeResult: success, version: HTTP/1.1, content: EmptyByteBufBE)
GET /session/fb2e4809b3e27ab5e0d8c8ee646c6b18/element/0dfb9952-ac26-40d3-9a22-a2bb6220d2fd/name HTTP/1.1
User-Agent: selenium/4.8.1 (java windows)
Cache-Control: no-cache
Content-Type: application/json; charset=utf-8
host: localhost:2865
accept: */*

Response DefaultHttpResponse(decodeResult: success, version: HTTP/1.1)
HTTP/1.1 200 OK
Content-Length: 18
Content-Type: application/json; charset=utf-8
cache-control: no-cache

15:28:22.798 [AsyncHttpClient-1-8] DEBUG org.asynchttpclient.netty.channel.ChannelManager - Adding key: http://localhost:2865 for channel [id: 0x805ea98b, L:/127.0.0.1:54753 - R:localhost/127.0.0.1:2865]
15:28:22.803 [Forwarding isElementEnabled on session fb2e4809b3e27ab5e0d8c8ee646c6b18 to remote] DEBUG org.asynchttpclient.netty.request.NettyRequestSender - Using pooled Channel '[id: 0x805ea98b, L:/127.0.0.1:54753 - R:localhost/127.0.0.1:2865]' for 'GET' to 'http://localhost:2865/session/fb2e4809b3e27ab5e0d8c8ee646c6b18/element/0dfb9952-ac26-40d3-9a22-a2bb6220d2fd/enabled'
15:28:22.803 [Forwarding isElementEnabled on session fb2e4809b3e27ab5e0d8c8ee646c6b18 to remote] DEBUG org.asynchttpclient.netty.request.NettyRequestSender - Using open Channel [id: 0x805ea98b, L:/127.0.0.1:54753 - R:localhost/127.0.0.1:2865] for GET '/session/fb2e4809b3e27ab5e0d8c8ee646c6b18/element/0dfb9952-ac26-40d3-9a22-a2bb6220d2fd/enabled'
15:28:22.812 [AsyncHttpClient-1-8] DEBUG org.asynchttpclient.netty.handler.HttpHandler - 

Request DefaultFullHttpRequest(decodeResult: success, version: HTTP/1.1, content: EmptyByteBufBE)
GET /session/fb2e4809b3e27ab5e0d8c8ee646c6b18/element/0dfb9952-ac26-40d3-9a22-a2bb6220d2fd/enabled HTTP/1.1
User-Agent: selenium/4.8.1 (java windows)
Cache-Control: no-cache
Content-Type: application/json; charset=utf-8
host: localhost:2865
accept: */*

Response DefaultHttpResponse(decodeResult: success, version: HTTP/1.1)
HTTP/1.1 200 OK
Content-Length: 14
Content-Type: application/json; charset=utf-8
cache-control: no-cache

15:28:22.813 [AsyncHttpClient-1-8] DEBUG org.asynchttpclient.netty.channel.ChannelManager - Adding key: http://localhost:2865 for channel [id: 0x805ea98b, L:/127.0.0.1:54753 - R:localhost/127.0.0.1:2865]
15:28:22.814 [Forwarding isElementEnabled on session fb2e4809b3e27ab5e0d8c8ee646c6b18 to remote] DEBUG org.asynchttpclient.netty.request.NettyRequestSender - Using pooled Channel '[id: 0x805ea98b, L:/127.0.0.1:54753 - R:localhost/127.0.0.1:2865]' for 'GET' to 'http://localhost:2865/session/fb2e4809b3e27ab5e0d8c8ee646c6b18/element/0dfb9952-ac26-40d3-9a22-a2bb6220d2fd/enabled'
15:28:22.814 [Forwarding isElementEnabled on session fb2e4809b3e27ab5e0d8c8ee646c6b18 to remote] DEBUG org.asynchttpclient.netty.request.NettyRequestSender - Using open Channel [id: 0x805ea98b, L:/127.0.0.1:54753 - R:localhost/127.0.0.1:2865] for GET '/session/fb2e4809b3e27ab5e0d8c8ee646c6b18/element/0dfb9952-ac26-40d3-9a22-a2bb6220d2fd/enabled'
15:28:22.821 [AsyncHttpClient-1-8] DEBUG org.asynchttpclient.netty.handler.HttpHandler - 

Request DefaultFullHttpRequest(decodeResult: success, version: HTTP/1.1, content: EmptyByteBufBE)
GET /session/fb2e4809b3e27ab5e0d8c8ee646c6b18/element/0dfb9952-ac26-40d3-9a22-a2bb6220d2fd/enabled HTTP/1.1
User-Agent: selenium/4.8.1 (java windows)
Cache-Control: no-cache
Content-Type: application/json; charset=utf-8
host: localhost:2865
accept: */*

Response DefaultHttpResponse(decodeResult: success, version: HTTP/1.1)
HTTP/1.1 200 OK
Content-Length: 14
Content-Type: application/json; charset=utf-8
cache-control: no-cache

15:28:22.822 [AsyncHttpClient-1-8] DEBUG org.asynchttpclient.netty.channel.ChannelManager - Adding key: http://localhost:2865 for channel [id: 0x805ea98b, L:/127.0.0.1:54753 - R:localhost/127.0.0.1:2865]
15:28:22.824 [Forwarding findElement on session fb2e4809b3e27ab5e0d8c8ee646c6b18 to remote] DEBUG org.asynchttpclient.netty.request.NettyRequestSender - Using pooled Channel '[id: 0x805ea98b, L:/127.0.0.1:54753 - R:localhost/127.0.0.1:2865]' for 'POST' to 'http://localhost:2865/session/fb2e4809b3e27ab5e0d8c8ee646c6b18/element'
15:28:22.824 [Forwarding findElement on session fb2e4809b3e27ab5e0d8c8ee646c6b18 to remote] DEBUG org.asynchttpclient.netty.request.NettyRequestSender - Using open Channel [id: 0x805ea98b, L:/127.0.0.1:54753 - R:localhost/127.0.0.1:2865] for POST '/session/fb2e4809b3e27ab5e0d8c8ee646c6b18/element'
15:28:22.831 [AsyncHttpClient-1-8] DEBUG org.asynchttpclient.netty.handler.HttpHandler - 

Request DefaultHttpRequest(decodeResult: success, version: HTTP/1.1)
POST /session/fb2e4809b3e27ab5e0d8c8ee646c6b18/element HTTP/1.1
User-Agent: selenium/4.8.1 (java windows)
Content-Length: 59
Content-Type: application/json; charset=utf-8
host: localhost:2865
accept: */*

Response DefaultHttpResponse(decodeResult: success, version: HTTP/1.1)
HTTP/1.1 200 OK
Content-Length: 88
Content-Type: application/json; charset=utf-8
cache-control: no-cache

15:28:22.831 [AsyncHttpClient-1-8] DEBUG org.asynchttpclient.netty.channel.ChannelManager - Adding key: http://localhost:2865 for channel [id: 0x805ea98b, L:/127.0.0.1:54753 - R:localhost/127.0.0.1:2865]
15:28:22.832 [Forwarding clickElement on session fb2e4809b3e27ab5e0d8c8ee646c6b18 to remote] DEBUG org.asynchttpclient.netty.request.NettyRequestSender - Using pooled Channel '[id: 0x805ea98b, L:/127.0.0.1:54753 - R:localhost/127.0.0.1:2865]' for 'POST' to 'http://localhost:2865/session/fb2e4809b3e27ab5e0d8c8ee646c6b18/element/0dfb9952-ac26-40d3-9a22-a2bb6220d2fd/click'
15:28:22.833 [Forwarding clickElement on session fb2e4809b3e27ab5e0d8c8ee646c6b18 to remote] DEBUG org.asynchttpclient.netty.request.NettyRequestSender - Using open Channel [id: 0x805ea98b, L:/127.0.0.1:54753 - R:localhost/127.0.0.1:2865] for POST '/session/fb2e4809b3e27ab5e0d8c8ee646c6b18/element/0dfb9952-ac26-40d3-9a22-a2bb6220d2fd/click'
15:28:22.873 [AsyncHttpClient-1-8] DEBUG org.asynchttpclient.netty.handler.HttpHandler - 

Request DefaultHttpRequest(decodeResult: success, version: HTTP/1.1)
POST /session/fb2e4809b3e27ab5e0d8c8ee646c6b18/element/0dfb9952-ac26-40d3-9a22-a2bb6220d2fd/click HTTP/1.1
User-Agent: selenium/4.8.1 (java windows)
Content-Length: 50
Content-Type: application/json; charset=utf-8
host: localhost:2865
accept: */*

Response DefaultHttpResponse(decodeResult: success, version: HTTP/1.1)
HTTP/1.1 200 OK
Content-Length: 14
Content-Type: application/json; charset=utf-8
cache-control: no-cache

15:28:22.873 [AsyncHttpClient-1-8] DEBUG org.asynchttpclient.netty.channel.ChannelManager - Adding key: http://localhost:2865 for channel [id: 0x805ea98b, L:/127.0.0.1:54753 - R:localhost/127.0.0.1:2865]
  &amp#27;[32mAnd &amp#27;[0m&amp#27;[32muser click Bayar&amp#27;[0m                                                   &amp#27;[90m# starter.stepdefinitions.ChooseProductSteps.userClickBayar()&amp#27;[0m
15:28:22.892 [Forwarding findElement on session fb2e4809b3e27ab5e0d8c8ee646c6b18 to remote] DEBUG org.asynchttpclient.netty.request.NettyRequestSender - Using pooled Channel '[id: 0x805ea98b, L:/127.0.0.1:54753 - R:localhost/127.0.0.1:2865]' for 'POST' to 'http://localhost:2865/session/fb2e4809b3e27ab5e0d8c8ee646c6b18/element'
15:28:22.892 [Forwarding findElement on session fb2e4809b3e27ab5e0d8c8ee646c6b18 to remote] DEBUG org.asynchttpclient.netty.request.NettyRequestSender - Using open Channel [id: 0x805ea98b, L:/127.0.0.1:54753 - R:localhost/127.0.0.1:2865] for POST '/session/fb2e4809b3e27ab5e0d8c8ee646c6b18/element'
15:28:22.945 [AsyncHttpClient-1-8] DEBUG org.asynchttpclient.netty.handler.HttpHandler - 

Request DefaultHttpRequest(decodeResult: success, version: HTTP/1.1)
POST /session/fb2e4809b3e27ab5e0d8c8ee646c6b18/element HTTP/1.1
User-Agent: selenium/4.8.1 (java windows)
Content-Length: 84
Content-Type: application/json; charset=utf-8
host: localhost:2865
accept: */*

Response DefaultHttpResponse(decodeResult: success, version: HTTP/1.1)
HTTP/1.1 200 OK
Content-Length: 88
Content-Type: application/json; charset=utf-8
cache-control: no-cache

15:28:22.945 [AsyncHttpClient-1-8] DEBUG org.asynchttpclient.netty.channel.ChannelManager - Adding key: http://localhost:2865 for channel [id: 0x805ea98b, L:/127.0.0.1:54753 - R:localhost/127.0.0.1:2865]
15:28:22.947 [Forwarding getElementTagName on session fb2e4809b3e27ab5e0d8c8ee646c6b18 to remote] DEBUG org.asynchttpclient.netty.request.NettyRequestSender - Using pooled Channel '[id: 0x805ea98b, L:/127.0.0.1:54753 - R:localhost/127.0.0.1:2865]' for 'GET' to 'http://localhost:2865/session/fb2e4809b3e27ab5e0d8c8ee646c6b18/element/f6e8241d-82a7-483b-80af-5a6f6f283fc1/name'
15:28:22.947 [Forwarding getElementTagName on session fb2e4809b3e27ab5e0d8c8ee646c6b18 to remote] DEBUG org.asynchttpclient.netty.request.NettyRequestSender - Using open Channel [id: 0x805ea98b, L:/127.0.0.1:54753 - R:localhost/127.0.0.1:2865] for GET '/session/fb2e4809b3e27ab5e0d8c8ee646c6b18/element/f6e8241d-82a7-483b-80af-5a6f6f283fc1/name'
15:28:22.952 [AsyncHttpClient-1-8] DEBUG org.asynchttpclient.netty.handler.HttpHandler - 

Request DefaultFullHttpRequest(decodeResult: success, version: HTTP/1.1, content: EmptyByteBufBE)
GET /session/fb2e4809b3e27ab5e0d8c8ee646c6b18/element/f6e8241d-82a7-483b-80af-5a6f6f283fc1/name HTTP/1.1
User-Agent: selenium/4.8.1 (java windows)
Cache-Control: no-cache
Content-Type: application/json; charset=utf-8
host: localhost:2865
accept: */*

Response DefaultHttpResponse(decodeResult: success, version: HTTP/1.1)
HTTP/1.1 200 OK
Content-Length: 15
Content-Type: application/json; charset=utf-8
cache-control: no-cache

15:28:22.952 [AsyncHttpClient-1-8] DEBUG org.asynchttpclient.netty.channel.ChannelManager - Adding key: http://localhost:2865 for channel [id: 0x805ea98b, L:/127.0.0.1:54753 - R:localhost/127.0.0.1:2865]
15:28:22.953 [Forwarding getElementTagName on session fb2e4809b3e27ab5e0d8c8ee646c6b18 to remote] DEBUG org.asynchttpclient.netty.request.NettyRequestSender - Using pooled Channel '[id: 0x805ea98b, L:/127.0.0.1:54753 - R:localhost/127.0.0.1:2865]' for 'GET' to 'http://localhost:2865/session/fb2e4809b3e27ab5e0d8c8ee646c6b18/element/f6e8241d-82a7-483b-80af-5a6f6f283fc1/name'
15:28:22.953 [Forwarding getElementTagName on session fb2e4809b3e27ab5e0d8c8ee646c6b18 to remote] DEBUG org.asynchttpclient.netty.request.NettyRequestSender - Using open Channel [id: 0x805ea98b, L:/127.0.0.1:54753 - R:localhost/127.0.0.1:2865] for GET '/session/fb2e4809b3e27ab5e0d8c8ee646c6b18/element/f6e8241d-82a7-483b-80af-5a6f6f283fc1/name'
15:28:22.957 [AsyncHttpClient-1-8] DEBUG org.asynchttpclient.netty.handler.HttpHandler - 

Request DefaultFullHttpRequest(decodeResult: success, version: HTTP/1.1, content: EmptyByteBufBE)
GET /session/fb2e4809b3e27ab5e0d8c8ee646c6b18/element/f6e8241d-82a7-483b-80af-5a6f6f283fc1/name HTTP/1.1
User-Agent: selenium/4.8.1 (java windows)
Cache-Control: no-cache
Content-Type: application/json; charset=utf-8
host: localhost:2865
accept: */*

Response DefaultHttpResponse(decodeResult: success, version: HTTP/1.1)
HTTP/1.1 200 OK
Content-Length: 15
Content-Type: application/json; charset=utf-8
cache-control: no-cache

15:28:22.957 [AsyncHttpClient-1-8] DEBUG org.asynchttpclient.netty.channel.ChannelManager - Adding key: http://localhost:2865 for channel [id: 0x805ea98b, L:/127.0.0.1:54753 - R:localhost/127.0.0.1:2865]
15:28:22.961 [Forwarding findElement on session fb2e4809b3e27ab5e0d8c8ee646c6b18 to remote] DEBUG org.asynchttpclient.netty.request.NettyRequestSender - Using pooled Channel '[id: 0x805ea98b, L:/127.0.0.1:54753 - R:localhost/127.0.0.1:2865]' for 'POST' to 'http://localhost:2865/session/fb2e4809b3e27ab5e0d8c8ee646c6b18/element'
15:28:22.961 [Forwarding findElement on session fb2e4809b3e27ab5e0d8c8ee646c6b18 to remote] DEBUG org.asynchttpclient.netty.request.NettyRequestSender - Using open Channel [id: 0x805ea98b, L:/127.0.0.1:54753 - R:localhost/127.0.0.1:2865] for POST '/session/fb2e4809b3e27ab5e0d8c8ee646c6b18/element'
15:28:22.970 [AsyncHttpClient-1-8] DEBUG org.asynchttpclient.netty.handler.HttpHandler - 

Request DefaultHttpRequest(decodeResult: success, version: HTTP/1.1)
POST /session/fb2e4809b3e27ab5e0d8c8ee646c6b18/element HTTP/1.1
User-Agent: selenium/4.8.1 (java windows)
Content-Length: 84
Content-Type: application/json; charset=utf-8
host: localhost:2865
accept: */*

Response DefaultHttpResponse(decodeResult: success, version: HTTP/1.1)
HTTP/1.1 200 OK
Content-Length: 88
Content-Type: application/json; charset=utf-8
cache-control: no-cache

15:28:22.970 [AsyncHttpClient-1-8] DEBUG org.asynchttpclient.netty.channel.ChannelManager - Adding key: http://localhost:2865 for channel [id: 0x805ea98b, L:/127.0.0.1:54753 - R:localhost/127.0.0.1:2865]
15:28:22.972 [Forwarding clickElement on session fb2e4809b3e27ab5e0d8c8ee646c6b18 to remote] DEBUG org.asynchttpclient.netty.request.NettyRequestSender - Using pooled Channel '[id: 0x805ea98b, L:/127.0.0.1:54753 - R:localhost/127.0.0.1:2865]' for 'POST' to 'http://localhost:2865/session/fb2e4809b3e27ab5e0d8c8ee646c6b18/element/f6e8241d-82a7-483b-80af-5a6f6f283fc1/click'
15:28:22.972 [Forwarding clickElement on session fb2e4809b3e27ab5e0d8c8ee646c6b18 to remote] DEBUG org.asynchttpclient.netty.request.NettyRequestSender - Using open Channel [id: 0x805ea98b, L:/127.0.0.1:54753 - R:localhost/127.0.0.1:2865] for POST '/session/fb2e4809b3e27ab5e0d8c8ee646c6b18/element/f6e8241d-82a7-483b-80af-5a6f6f283fc1/click'
15:28:23.011 [AsyncHttpClient-1-8] DEBUG org.asynchttpclient.netty.handler.HttpHandler - 

Request DefaultHttpRequest(decodeResult: success, version: HTTP/1.1)
POST /session/fb2e4809b3e27ab5e0d8c8ee646c6b18/element/f6e8241d-82a7-483b-80af-5a6f6f283fc1/click HTTP/1.1
User-Agent: selenium/4.8.1 (java windows)
Content-Length: 50
Content-Type: application/json; charset=utf-8
host: localhost:2865
accept: */*

Response DefaultHttpResponse(decodeResult: success, version: HTTP/1.1)
HTTP/1.1 200 OK
Content-Length: 14
Content-Type: application/json; charset=utf-8
cache-control: no-cache

15:28:23.011 [AsyncHttpClient-1-8] DEBUG org.asynchttpclient.netty.channel.ChannelManager - Adding key: http://localhost:2865 for channel [id: 0x805ea98b, L:/127.0.0.1:54753 - R:localhost/127.0.0.1:2865]
  &amp#27;[32mThen &amp#27;[0m&amp#27;[32mthe order has been successfully and user see history transactions&amp#27;[0m &amp#27;[90m# starter.stepdefinitions.ChooseProductSteps.theOrderHasBeenSuccessfullyAndUserSeeHistoryTransactions()&amp#27;[0m
15:28:23.016 [main] INFO  - 
  _____   ___   ___   _____     ___     _     ___   ___   ___   ___  
 |_   _| | __| / __| |_   _|   | _ \   /_\   / __| / __| | __| |   \ 
   | |   | _|  \__ \   | |     |  _/  / _ \  \__ \ \__ \ | _|  | |) |
   |_|   |___| |___/   |_|     |_|   /_/ \_\ |___/ |___/ |___| |___/ 

as user i want to order and pay product
----------------------------------------------------------------------
15:28:23.017 [AsyncHttpClient-1-2] DEBUG org.asynchttpclient.netty.handler.WebSocketHandler - Channel Closed: [id: 0xdc0348ce, L:/127.0.0.1:54762 ! R:localhost/127.0.0.1:54755] with attribute NettyResponseFuture{currentRetry=0,
	isDone=1,
	isCancelled=0,
	asyncHandler=org.asynchttpclient.ws.WebSocketUpgradeHandler@359a952b,
	nettyRequest=org.asynchttpclient.netty.request.NettyRequest@475e4f8,
	future=java.util.concurrent.CompletableFuture@69f1ae14[Completed normally],
	uri=ws://localhost:54755/devtools/browser/73565a31-b839-4063-9e0b-7cbaf3d8c7dd,
	keepAlive=true,
	redirectCount=0,
	timeoutsHolder=null,
	inAuth=0,
	touch=1683534497647}
15:28:23.018 [AsyncHttpClient-1-2] DEBUG org.asynchttpclient.netty.channel.ChannelManager - Closing Channel [id: 0xdc0348ce, L:/127.0.0.1:54762 ! R:localhost/127.0.0.1:54755] 
15:28:23.018 [Driver Command Executor] DEBUG org.asynchttpclient.netty.request.NettyRequestSender - Using pooled Channel '[id: 0x805ea98b, L:/127.0.0.1:54753 - R:localhost/127.0.0.1:2865]' for 'DELETE' to 'http://localhost:2865/session/fb2e4809b3e27ab5e0d8c8ee646c6b18'
15:28:23.018 [Driver Command Executor] DEBUG org.asynchttpclient.netty.request.NettyRequestSender - Using open Channel [id: 0x805ea98b, L:/127.0.0.1:54753 - R:localhost/127.0.0.1:2865] for DELETE '/session/fb2e4809b3e27ab5e0d8c8ee646c6b18'
15:28:23.066 [AsyncHttpClient-1-9] DEBUG org.asynchttpclient.netty.handler.HttpHandler - Unexpected I/O exception on channel [id: 0x97e393e6, L:/127.0.0.1:54761 - R:localhost/127.0.0.1:54755]
java.io.IOException: An existing connection was forcibly closed by the remote host
	at sun.nio.ch.SocketDispatcher.read0(Native Method)
	at sun.nio.ch.SocketDispatcher.read(SocketDispatcher.java:43)
	at sun.nio.ch.IOUtil.readIntoNativeBuffer(IOUtil.java:223)
	at sun.nio.ch.IOUtil.read(IOUtil.java:192)
	at sun.nio.ch.SocketChannelImpl.read(SocketChannelImpl.java:380)
	at io.netty.buffer.PooledByteBuf.setBytes(PooledByteBuf.java:259)
	at io.netty.buffer.AbstractByteBuf.writeBytes(AbstractByteBuf.java:1132)
	at io.netty.channel.socket.nio.NioSocketChannel.doReadBytes(NioSocketChannel.java:357)
	at io.netty.channel.nio.AbstractNioByteChannel$NioByteUnsafe.read(AbstractNioByteChannel.java:151)
	at io.netty.channel.nio.NioEventLoop.processSelectedKey(NioEventLoop.java:788)
	at io.netty.channel.nio.NioEventLoop.processSelectedKeysOptimized(NioEventLoop.java:724)
	at io.netty.channel.nio.NioEventLoop.processSelectedKeys(NioEventLoop.java:650)
	at io.netty.channel.nio.NioEventLoop.run(NioEventLoop.java:562)
	at io.netty.util.concurrent.SingleThreadEventExecutor$4.run(SingleThreadEventExecutor.java:997)
	at io.netty.util.internal.ThreadExecutorMap$2.run(ThreadExecutorMap.java:74)
	at io.netty.util.concurrent.FastThreadLocalRunnable.run(FastThreadLocalRunnable.java:30)
	at java.lang.Thread.run(Thread.java:748)
15:28:23.066 [AsyncHttpClient-1-9] DEBUG org.asynchttpclient.netty.channel.ChannelManager - Closing Channel [id: 0x97e393e6, L:/127.0.0.1:54761 - R:localhost/127.0.0.1:54755] 
15:28:23.066 [AsyncHttpClient-1-9] DEBUG org.asynchttpclient.netty.handler.HttpHandler - Channel Closed: [id: 0x97e393e6, L:/127.0.0.1:54761 ! R:localhost/127.0.0.1:54755] with attribute DISCARD
15:28:23.108 [AsyncHttpClient-1-8] DEBUG org.asynchttpclient.netty.handler.HttpHandler - 

Request DefaultFullHttpRequest(decodeResult: success, version: HTTP/1.1, content: EmptyByteBufBE)
DELETE /session/fb2e4809b3e27ab5e0d8c8ee646c6b18 HTTP/1.1
User-Agent: selenium/4.8.1 (java windows)
Content-Type: application/json; charset=utf-8
host: localhost:2865
accept: */*

Response DefaultHttpResponse(decodeResult: success, version: HTTP/1.1)
HTTP/1.1 200 OK
Content-Length: 14
Content-Type: application/json; charset=utf-8
cache-control: no-cache

15:28:23.108 [AsyncHttpClient-1-8] DEBUG org.asynchttpclient.netty.channel.ChannelManager - Adding key: http://localhost:2865 for channel [id: 0x805ea98b, L:/127.0.0.1:54753 - R:localhost/127.0.0.1:2865]
15:28:23.208 [AsyncHttpClient-1-8] DEBUG org.asynchttpclient.netty.handler.HttpHandler - Channel Closed: [id: 0x805ea98b, L:/127.0.0.1:54753 ! R:localhost/127.0.0.1:2865] with attribute DISCARD
15:28:23.677 [AsyncHttpClient-1-1] DEBUG org.asynchttpclient.netty.channel.DefaultChannelPool - Entry count for : http://localhost:2865 : 1
15:28:23.677 [AsyncHttpClient-1-1] DEBUG org.asynchttpclient.netty.channel.DefaultChannelPool - Entry count for : http://localhost:54755 : 1
15:28:23.677 [AsyncHttpClient-1-1] DEBUG org.asynchttpclient.netty.channel.DefaultChannelPool - Adding Candidate expired Channel [id: 0x805ea98b, L:/127.0.0.1:54753 ! R:localhost/127.0.0.1:2865] isIdleTimeoutExpired=false isRemotelyClosed=true isTtlExpired=false
15:28:23.677 [AsyncHttpClient-1-1] DEBUG org.asynchttpclient.netty.channel.DefaultChannelPool - Closing Idle Channel [id: 0x805ea98b, L:/127.0.0.1:54753 ! R:localhost/127.0.0.1:2865]
15:28:23.677 [AsyncHttpClient-1-1] DEBUG org.asynchttpclient.netty.channel.DefaultChannelPool - Adding Candidate expired Channel [id: 0x97e393e6, L:/127.0.0.1:54761 ! R:localhost/127.0.0.1:54755] isIdleTimeoutExpired=false isRemotelyClosed=true isTtlExpired=false
15:28:23.677 [AsyncHttpClient-1-1] DEBUG org.asynchttpclient.netty.channel.DefaultChannelPool - Closing Idle Channel [id: 0x97e393e6, L:/127.0.0.1:54761 ! R:localhost/127.0.0.1:54755]
15:28:23.678 [AsyncHttpClient-1-1] DEBUG org.asynchttpclient.netty.channel.DefaultChannelPool - Closed 2 connections out of 2 in 1 ms
]]></system-out>
    <system-err><![CDATA[Starting ChromeDriver 112.0.5615.49 (bd2a7bcb881c11e8cfe3078709382934e3916914-refs/branch-heads/5615@{#936}) on port 2865
Only local connections are allowed.
Please see https://chromedriver.chromium.org/security-considerations for suggestions on keeping ChromeDriver safe.
ChromeDriver was started successfully.
May 08, 2023 3:28:17 PM org.openqa.selenium.devtools.CdpVersionFinder findNearestMatch
WARNING: Unable to find an exact match for CDP version 112, so returning the closest version found: 110
]]></system-err>
  </testcase>
</testsuite>