<?xml version="1.0" encoding="UTF-8"?>
<testsuite xmlns:xsi="http://www.w3.org/2001/XMLSchema-instance" xsi:noNamespaceSchemaLocation="https://maven.apache.org/surefire/maven-failsafe-plugin/xsd/failsafe-test-report-3.0.xsd" version="3.0" name="starter.CucumberTestSuite" time="109.182" tests="3" errors="0" skipped="0" failures="0">
  <properties>
    <property name="sun.desktop" value="windows"/>
    <property name="awt.toolkit" value="sun.awt.windows.WToolkit"/>
    <property name="file.encoding.pkg" value="sun.io"/>
    <property name="java.specification.version" value="1.8"/>
    <property name="webdriver.chrome.driver" value="C:\Users\ADW User ACR\.cache\selenium\chromedriver\win32\112.0.5615.49\chromedriver.exe"/>
    <property name="sun.cpu.isalist" value="amd64"/>
    <property name="sun.jnu.encoding" value="Cp1252"/>
    <property name="java.class.path" value="D:\D\QE_Alta\MiniProject\Web\Pilih-Beli-Produk\target\test-classes;D:\D\QE_Alta\MiniProject\Web\Pilih-Beli-Produk\target\web-automation-altashop-1.0-SNAPSHOT.jar;C:\Users\ADW User ACR\.m2\repository\net\serenity-bdd\serenity-core\3.6.21\serenity-core-3.6.21.jar;C:\Users\ADW User ACR\.m2\repository\net\serenity-bdd\serenity-model\3.6.21\serenity-model-3.6.21.jar;C:\Users\ADW User ACR\.m2\repository\org\apache\commons\commons-text\1.10.0\commons-text-1.10.0.jar;C:\Users\ADW User ACR\.m2\repository\commons-net\commons-net\3.9.0\commons-net-3.9.0.jar;C:\Users\ADW User ACR\.m2\repository\com\google\guava\guava\31.1-jre\guava-31.1-jre.jar;C:\Users\ADW User ACR\.m2\repository\com\google\guava\failureaccess\1.0.1\failureaccess-1.0.1.jar;C:\Users\ADW User ACR\.m2\repository\com\google\guava\listenablefuture\9999.0-empty-to-avoid-conflict-with-guava\listenablefuture-9999.0-empty-to-avoid-conflict-with-guava.jar;C:\Users\ADW User ACR\.m2\repository\com\google\code\findbugs\jsr305\3.0.2\jsr305-3.0.2.jar;C:\Users\ADW User ACR\.m2\repository\org\checkerframework\checker-qual\3.12.0\checker-qual-3.12.0.jar;C:\Users\ADW User ACR\.m2\repository\com\google\errorprone\error_prone_annotations\2.11.0\error_prone_annotations-2.11.0.jar;C:\Users\ADW User ACR\.m2\repository\com\google\j2objc\j2objc-annotations\1.3\j2objc-annotations-1.3.jar;C:\Users\ADW User ACR\.m2\repository\com\google\inject\guice\5.1.0\guice-5.1.0.jar;C:\Users\ADW User ACR\.m2\repository\javax\inject\javax.inject\1\javax.inject-1.jar;C:\Users\ADW User ACR\.m2\repository\aopalliance\aopalliance\1.0\aopalliance-1.0.jar;C:\Users\ADW User ACR\.m2\repository\org\jsoup\jsoup\1.14.3\jsoup-1.14.3.jar;C:\Users\ADW User ACR\.m2\repository\com\thoughtworks\xstream\xstream\1.4.20\xstream-1.4.20.jar;C:\Users\ADW User ACR\.m2\repository\io\github\x-stream\mxparser\1.2.2\mxparser-1.2.2.jar;C:\Users\ADW User ACR\.m2\repository\xmlpull\xmlpull\1.1.3.1\xmlpull-1.1.3.1.jar;C:\Users\ADW User ACR\.m2\repository\com\typesafe\config\1.4.2\config-1.4.2.jar;C:\Users\ADW User ACR\.m2\repository\org\imgscalr\imgscalr-lib\4.2\imgscalr-lib-4.2.jar;C:\Users\ADW User ACR\.m2\repository\org\awaitility\awaitility\4.2.0\awaitility-4.2.0.jar;C:\Users\ADW User ACR\.m2\repository\org\freemarker\freemarker\2.3.31\freemarker-2.3.31.jar;C:\Users\ADW User ACR\.m2\repository\io\github\classgraph\classgraph\4.8.138\classgraph-4.8.138.jar;C:\Users\ADW User ACR\.m2\repository\net\sourceforge\jexcelapi\jxl\2.6.12\jxl-2.6.12.jar;C:\Users\ADW User ACR\.m2\repository\net\bytebuddy\byte-buddy-agent\1.14.2\byte-buddy-agent-1.14.2.jar;C:\Users\ADW User ACR\.m2\repository\org\objenesis\objenesis\3.3\objenesis-3.3.jar;C:\Users\ADW User ACR\.m2\repository\net\serenity-bdd\serenity-reports\3.6.21\serenity-reports-3.6.21.jar;C:\Users\ADW User ACR\.m2\repository\net\serenity-bdd\serenity-stats\3.6.21\serenity-stats-3.6.21.jar;C:\Users\ADW User ACR\.m2\repository\net\serenity-bdd\serenity-reports-configuration\3.6.21\serenity-reports-configuration-3.6.21.jar;C:\Users\ADW User ACR\.m2\repository\com\vladsch\flexmark\flexmark-all\0.62.2\flexmark-all-0.62.2.jar;C:\Users\ADW User ACR\.m2\repository\com\vladsch\flexmark\flexmark\0.62.2\flexmark-0.62.2.jar;C:\Users\ADW User ACR\.m2\repository\com\vladsch\flexmark\flexmark-ext-abbreviation\0.62.2\flexmark-ext-abbreviation-0.62.2.jar;C:\Users\ADW User ACR\.m2\repository\com\vladsch\flexmark\flexmark-util\0.62.2\flexmark-util-0.62.2.jar;C:\Users\ADW User ACR\.m2\repository\com\vladsch\flexmark\flexmark-ext-admonition\0.62.2\flexmark-ext-admonition-0.62.2.jar;C:\Users\ADW User ACR\.m2\repository\com\vladsch\flexmark\flexmark-ext-anchorlink\0.62.2\flexmark-ext-anchorlink-0.62.2.jar;C:\Users\ADW User ACR\.m2\repository\com\vladsch\flexmark\flexmark-ext-aside\0.62.2\flexmark-ext-aside-0.62.2.jar;C:\Users\ADW User ACR\.m2\repository\com\vladsch\flexmark\flexmark-ext-attributes\0.62.2\flexmark-ext-attributes-0.62.2.jar;C:\Users\ADW User ACR\.m2\repository\com\vladsch\flexmark\flexmark-ext-autolink\0.62.2\flexmark-ext-autolink-0.62.2.jar;C:\Users\ADW User ACR\.m2\repository\org\nibor\autolink\autolink\0.6.0\autolink-0.6.0.jar;C:\Users\ADW User ACR\.m2\repository\com\vladsch\flexmark\flexmark-ext-definition\0.62.2\flexmark-ext-definition-0.62.2.jar;C:\Users\ADW User ACR\.m2\repository\com\vladsch\flexmark\flexmark-ext-emoji\0.62.2\flexmark-ext-emoji-0.62.2.jar;C:\Users\ADW User ACR\.m2\repository\com\vladsch\flexmark\flexmark-ext-enumerated-reference\0.62.2\flexmark-ext-enumerated-reference-0.62.2.jar;C:\Users\ADW User ACR\.m2\repository\com\vladsch\flexmark\flexmark-ext-escaped-character\0.62.2\flexmark-ext-escaped-character-0.62.2.jar;C:\Users\ADW User ACR\.m2\repository\com\vladsch\flexmark\flexmark-ext-footnotes\0.62.2\flexmark-ext-footnotes-0.62.2.jar;C:\Users\ADW User ACR\.m2\repository\com\vladsch\flexmark\flexmark-ext-gfm-issues\0.62.2\flexmark-ext-gfm-issues-0.62.2.jar;C:\Users\ADW User ACR\.m2\repository\com\vladsch\flexmark\flexmark-ext-gfm-strikethrough\0.62.2\flexmark-ext-gfm-strikethrough-0.62.2.jar;C:\Users\ADW User ACR\.m2\repository\com\vladsch\flexmark\flexmark-ext-gfm-tasklist\0.62.2\flexmark-ext-gfm-tasklist-0.62.2.jar;C:\Users\ADW User ACR\.m2\repository\com\vladsch\flexmark\flexmark-ext-gfm-users\0.62.2\flexmark-ext-gfm-users-0.62.2.jar;C:\Users\ADW User ACR\.m2\repository\com\vladsch\flexmark\flexmark-ext-gitlab\0.62.2\flexmark-ext-gitlab-0.62.2.jar;C:\Users\ADW User ACR\.m2\repository\com\vladsch\flexmark\flexmark-ext-jekyll-front-matter\0.62.2\flexmark-ext-jekyll-front-matter-0.62.2.jar;C:\Users\ADW User ACR\.m2\repository\com\vladsch\flexmark\flexmark-ext-jekyll-tag\0.62.2\flexmark-ext-jekyll-tag-0.62.2.jar;C:\Users\ADW User ACR\.m2\repository\com\vladsch\flexmark\flexmark-ext-media-tags\0.62.2\flexmark-ext-media-tags-0.62.2.jar;C:\Users\ADW User ACR\.m2\repository\com\vladsch\flexmark\flexmark-ext-macros\0.62.2\flexmark-ext-macros-0.62.2.jar;C:\Users\ADW User ACR\.m2\repository\com\vladsch\flexmark\flexmark-ext-ins\0.62.2\flexmark-ext-ins-0.62.2.jar;C:\Users\ADW User ACR\.m2\repository\com\vladsch\flexmark\flexmark-ext-xwiki-macros\0.62.2\flexmark-ext-xwiki-macros-0.62.2.jar;C:\Users\ADW User ACR\.m2\repository\com\vladsch\flexmark\flexmark-ext-superscript\0.62.2\flexmark-ext-superscript-0.62.2.jar;C:\Users\ADW User ACR\.m2\repository\com\vladsch\flexmark\flexmark-ext-tables\0.62.2\flexmark-ext-tables-0.62.2.jar;C:\Users\ADW User ACR\.m2\repository\com\vladsch\flexmark\flexmark-ext-toc\0.62.2\flexmark-ext-toc-0.62.2.jar;C:\Users\ADW User ACR\.m2\repository\com\vladsch\flexmark\flexmark-ext-typographic\0.62.2\flexmark-ext-typographic-0.62.2.jar;C:\Users\ADW User ACR\.m2\repository\com\vladsch\flexmark\flexmark-ext-wikilink\0.62.2\flexmark-ext-wikilink-0.62.2.jar;C:\Users\ADW User ACR\.m2\repository\com\vladsch\flexmark\flexmark-ext-yaml-front-matter\0.62.2\flexmark-ext-yaml-front-matter-0.62.2.jar;C:\Users\ADW User ACR\.m2\repository\com\vladsch\flexmark\flexmark-ext-youtube-embedded\0.62.2\flexmark-ext-youtube-embedded-0.62.2.jar;C:\Users\ADW User ACR\.m2\repository\com\vladsch\flexmark\flexmark-html2md-converter\0.62.2\flexmark-html2md-converter-0.62.2.jar;C:\Users\ADW User ACR\.m2\repository\com\vladsch\flexmark\flexmark-jira-converter\0.62.2\flexmark-jira-converter-0.62.2.jar;C:\Users\ADW User ACR\.m2\repository\com\vladsch\flexmark\flexmark-pdf-converter\0.62.2\flexmark-pdf-converter-0.62.2.jar;C:\Users\ADW User ACR\.m2\repository\com\openhtmltopdf\openhtmltopdf-core\1.0.0\openhtmltopdf-core-1.0.0.jar;C:\Users\ADW User ACR\.m2\repository\com\openhtmltopdf\openhtmltopdf-pdfbox\1.0.0\openhtmltopdf-pdfbox-1.0.0.jar;C:\Users\ADW User ACR\.m2\repository\org\apache\pdfbox\pdfbox\2.0.16\pdfbox-2.0.16.jar;C:\Users\ADW User ACR\.m2\repository\org\apache\pdfbox\fontbox\2.0.16\fontbox-2.0.16.jar;C:\Users\ADW User ACR\.m2\repository\org\apache\pdfbox\xmpbox\2.0.16\xmpbox-2.0.16.jar;C:\Users\ADW User ACR\.m2\repository\de\rototor\pdfbox\graphics2d\0.24\graphics2d-0.24.jar;C:\Users\ADW User ACR\.m2\repository\com\openhtmltopdf\openhtmltopdf-rtl-support\1.0.0\openhtmltopdf-rtl-support-1.0.0.jar;C:\Users\ADW User ACR\.m2\repository\com\openhtmltopdf\openhtmltopdf-jsoup-dom-converter\1.0.0\openhtmltopdf-jsoup-dom-converter-1.0.0.jar;C:\Users\ADW User ACR\.m2\repository\com\vladsch\flexmark\flexmark-profile-pegdown\0.62.2\flexmark-profile-pegdown-0.62.2.jar;C:\Users\ADW User ACR\.m2\repository\com\vladsch\flexmark\flexmark-util-ast\0.62.2\flexmark-util-ast-0.62.2.jar;C:\Users\ADW User ACR\.m2\repository\com\vladsch\flexmark\flexmark-util-builder\0.62.2\flexmark-util-builder-0.62.2.jar;C:\Users\ADW User ACR\.m2\repository\com\vladsch\flexmark\flexmark-util-collection\0.62.2\flexmark-util-collection-0.62.2.jar;C:\Users\ADW User ACR\.m2\repository\com\vladsch\flexmark\flexmark-util-data\0.62.2\flexmark-util-data-0.62.2.jar;C:\Users\ADW User ACR\.m2\repository\com\vladsch\flexmark\flexmark-util-dependency\0.62.2\flexmark-util-dependency-0.62.2.jar;C:\Users\ADW User ACR\.m2\repository\com\vladsch\flexmark\flexmark-util-format\0.62.2\flexmark-util-format-0.62.2.jar;C:\Users\ADW User ACR\.m2\repository\com\vladsch\flexmark\flexmark-util-html\0.62.2\flexmark-util-html-0.62.2.jar;C:\Users\ADW User ACR\.m2\repository\com\vladsch\flexmark\flexmark-util-misc\0.62.2\flexmark-util-misc-0.62.2.jar;C:\Users\ADW User ACR\.m2\repository\com\vladsch\flexmark\flexmark-util-options\0.62.2\flexmark-util-options-0.62.2.jar;C:\Users\ADW User ACR\.m2\repository\com\vladsch\flexmark\flexmark-util-sequence\0.62.2\flexmark-util-sequence-0.62.2.jar;C:\Users\ADW User ACR\.m2\repository\com\vladsch\flexmark\flexmark-util-visitor\0.62.2\flexmark-util-visitor-0.62.2.jar;C:\Users\ADW User ACR\.m2\repository\com\vladsch\flexmark\flexmark-youtrack-converter\0.62.2\flexmark-youtrack-converter-0.62.2.jar;C:\Users\ADW User ACR\.m2\repository\com\ibm\icu\icu4j\72.1\icu4j-72.1.jar;C:\Users\ADW User ACR\.m2\repository\es\nitaur\markdown\txtmark\0.16\txtmark-0.16.jar;C:\Users\ADW User ACR\.m2\repository\net\serenity-bdd\serenity-report-resources\3.6.21\serenity-report-resources-3.6.21.jar;C:\Users\ADW User ACR\.m2\repository\com\google\code\gson\gson\2.10.1\gson-2.10.1.jar;C:\Users\ADW User ACR\.m2\repository\com\fasterxml\jackson\core\jackson-core\2.15.0-rc1\jackson-core-2.15.0-rc1.jar;C:\Users\ADW User ACR\.m2\repository\com\fasterxml\jackson\core\jackson-databind\2.15.0-rc1\jackson-databind-2.15.0-rc1.jar;C:\Users\ADW User ACR\.m2\repository\com\fasterxml\jackson\core\jackson-annotations\2.15.0-rc1\jackson-annotations-2.15.0-rc1.jar;C:\Users\ADW User ACR\.m2\repository\commons-codec\commons-codec\1.15\commons-codec-1.15.jar;C:\Users\ADW User ACR\.m2\repository\commons-io\commons-io\2.11.0\commons-io-2.11.0.jar;C:\Users\ADW User ACR\.m2\repository\org\apache\httpcomponents\httpclient\4.5.13\httpclient-4.5.13.jar;C:\Users\ADW User ACR\.m2\repository\org\apache\httpcomponents\httpcore\4.4.13\httpcore-4.4.13.jar;C:\Users\ADW User ACR\.m2\repository\commons-logging\commons-logging\1.2\commons-logging-1.2.jar;C:\Users\ADW User ACR\.m2\repository\org\seleniumhq\selenium\selenium-java\4.8.1\selenium-java-4.8.1.jar;C:\Users\ADW User ACR\.m2\repository\org\seleniumhq\selenium\selenium-devtools-v108\4.8.1\selenium-devtools-v108-4.8.1.jar;C:\Users\ADW User ACR\.m2\repository\org\seleniumhq\selenium\selenium-devtools-v109\4.8.1\selenium-devtools-v109-4.8.1.jar;C:\Users\ADW User ACR\.m2\repository\org\seleniumhq\selenium\selenium-devtools-v110\4.8.1\selenium-devtools-v110-4.8.1.jar;C:\Users\ADW User ACR\.m2\repository\org\seleniumhq\selenium\selenium-devtools-v85\4.8.1\selenium-devtools-v85-4.8.1.jar;C:\Users\ADW User ACR\.m2\repository\org\seleniumhq\selenium\selenium-remote-driver\4.8.1\selenium-remote-driver-4.8.1.jar;C:\Users\ADW User ACR\.m2\repository\com\beust\jcommander\1.82\jcommander-1.82.jar;C:\Users\ADW User ACR\.m2\repository\io\netty\netty-buffer\4.1.87.Final\netty-buffer-4.1.87.Final.jar;C:\Users\ADW User ACR\.m2\repository\io\netty\netty-codec-http\4.1.87.Final\netty-codec-http-4.1.87.Final.jar;C:\Users\ADW User ACR\.m2\repository\io\netty\netty-codec\4.1.87.Final\netty-codec-4.1.87.Final.jar;C:\Users\ADW User ACR\.m2\repository\io\netty\netty-handler\4.1.87.Final\netty-handler-4.1.87.Final.jar;C:\Users\ADW User ACR\.m2\repository\io\netty\netty-common\4.1.87.Final\netty-common-4.1.87.Final.jar;C:\Users\ADW User ACR\.m2\repository\io\netty\netty-transport-classes-epoll\4.1.87.Final\netty-transport-classes-epoll-4.1.87.Final.jar;C:\Users\ADW User ACR\.m2\repository\io\netty\netty-transport-classes-kqueue\4.1.87.Final\netty-transport-classes-kqueue-4.1.87.Final.jar;C:\Users\ADW User ACR\.m2\repository\io\netty\netty-transport-native-epoll\4.1.87.Final\netty-transport-native-epoll-4.1.87.Final.jar;C:\Users\ADW User ACR\.m2\repository\io\netty\netty-transport-native-kqueue\4.1.87.Final\netty-transport-native-kqueue-4.1.87.Final.jar;C:\Users\ADW User ACR\.m2\repository\io\netty\netty-transport-native-unix-common\4.1.87.Final\netty-transport-native-unix-common-4.1.87.Final.jar;C:\Users\ADW User ACR\.m2\repository\io\netty\netty-transport\4.1.87.Final\netty-transport-4.1.87.Final.jar;C:\Users\ADW User ACR\.m2\repository\io\netty\netty-resolver\4.1.87.Final\netty-resolver-4.1.87.Final.jar;C:\Users\ADW User ACR\.m2\repository\io\opentelemetry\opentelemetry-api\1.22.0\opentelemetry-api-1.22.0.jar;C:\Users\ADW User ACR\.m2\repository\io\opentelemetry\opentelemetry-context\1.22.0\opentelemetry-context-1.22.0.jar;C:\Users\ADW User ACR\.m2\repository\io\opentelemetry\opentelemetry-exporter-logging\1.22.0\opentelemetry-exporter-logging-1.22.0.jar;C:\Users\ADW User ACR\.m2\repository\io\opentelemetry\opentelemetry-sdk-metrics\1.22.0\opentelemetry-sdk-metrics-1.22.0.jar;C:\Users\ADW User ACR\.m2\repository\io\opentelemetry\opentelemetry-sdk-logs\1.22.0-alpha\opentelemetry-sdk-logs-1.22.0-alpha.jar;C:\Users\ADW User ACR\.m2\repository\io\opentelemetry\opentelemetry-api-logs\1.22.0-alpha\opentelemetry-api-logs-1.22.0-alpha.jar;C:\Users\ADW User ACR\.m2\repository\io\opentelemetry\opentelemetry-sdk-common\1.22.0\opentelemetry-sdk-common-1.22.0.jar;C:\Users\ADW User ACR\.m2\repository\io\opentelemetry\opentelemetry-sdk-extension-autoconfigure-spi\1.22.0\opentelemetry-sdk-extension-autoconfigure-spi-1.22.0.jar;C:\Users\ADW User ACR\.m2\repository\io\opentelemetry\opentelemetry-sdk-extension-autoconfigure\1.22.0-alpha\opentelemetry-sdk-extension-autoconfigure-1.22.0-alpha.jar;C:\Users\ADW User ACR\.m2\repository\io\opentelemetry\opentelemetry-sdk-trace\1.22.0\opentelemetry-sdk-trace-1.22.0.jar;C:\Users\ADW User ACR\.m2\repository\io\opentelemetry\opentelemetry-sdk\1.22.0\opentelemetry-sdk-1.22.0.jar;C:\Users\ADW User ACR\.m2\repository\io\opentelemetry\opentelemetry-semconv\1.22.0-alpha\opentelemetry-semconv-1.22.0-alpha.jar;C:\Users\ADW User ACR\.m2\repository\io\ous\jtoml\2.0.0\jtoml-2.0.0.jar;C:\Users\ADW User ACR\.m2\repository\org\apache\commons\commons-exec\1.3\commons-exec-1.3.jar;C:\Users\ADW User ACR\.m2\repository\org\asynchttpclient\async-http-client\2.12.3\async-http-client-2.12.3.jar;C:\Users\ADW User ACR\.m2\repository\org\asynchttpclient\async-http-client-netty-utils\2.12.3\async-http-client-netty-utils-2.12.3.jar;C:\Users\ADW User ACR\.m2\repository\io\netty\netty-codec-socks\4.1.60.Final\netty-codec-socks-4.1.60.Final.jar;C:\Users\ADW User ACR\.m2\repository\io\netty\netty-handler-proxy\4.1.60.Final\netty-handler-proxy-4.1.60.Final.jar;C:\Users\ADW User ACR\.m2\repository\io\netty\netty-transport-native-epoll\4.1.60.Final\netty-transport-native-epoll-4.1.60.Final-linux-x86_64.jar;C:\Users\ADW User ACR\.m2\repository\io\netty\netty-transport-native-kqueue\4.1.60.Final\netty-transport-native-kqueue-4.1.60.Final-osx-x86_64.jar;C:\Users\ADW User ACR\.m2\repository\org\reactivestreams\reactive-streams\1.0.3\reactive-streams-1.0.3.jar;C:\Users\ADW User ACR\.m2\repository\com\typesafe\netty\netty-reactive-streams\2.0.4\netty-reactive-streams-2.0.4.jar;C:\Users\ADW User ACR\.m2\repository\org\seleniumhq\selenium\selenium-manager\4.8.1\selenium-manager-4.8.1.jar;C:\Users\ADW User ACR\.m2\repository\org\seleniumhq\selenium\selenium-safari-driver\4.8.1\selenium-safari-driver-4.8.1.jar;C:\Users\ADW User ACR\.m2\repository\org\seleniumhq\selenium\selenium-api\4.8.1\selenium-api-4.8.1.jar;C:\Users\ADW User ACR\.m2\repository\org\seleniumhq\selenium\selenium-support\4.8.1\selenium-support-4.8.1.jar;C:\Users\ADW User ACR\.m2\repository\com\google\auto\service\auto-service-annotations\1.0.1\auto-service-annotations-1.0.1.jar;C:\Users\ADW User ACR\.m2\repository\com\google\auto\service\auto-service\1.0.1\auto-service-1.0.1.jar;C:\Users\ADW User ACR\.m2\repository\com\google\auto\auto-common\1.2\auto-common-1.2.jar;C:\Users\ADW User ACR\.m2\repository\org\seleniumhq\selenium\selenium-json\4.8.1\selenium-json-4.8.1.jar;C:\Users\ADW User ACR\.m2\repository\org\seleniumhq\selenium\selenium-chrome-driver\4.8.1\selenium-chrome-driver-4.8.1.jar;C:\Users\ADW User ACR\.m2\repository\org\seleniumhq\selenium\selenium-chromium-driver\4.8.1\selenium-chromium-driver-4.8.1.jar;C:\Users\ADW User ACR\.m2\repository\org\seleniumhq\selenium\selenium-firefox-driver\4.8.1\selenium-firefox-driver-4.8.1.jar;C:\Users\ADW User ACR\.m2\repository\org\seleniumhq\selenium\selenium-http\4.8.1\selenium-http-4.8.1.jar;C:\Users\ADW User ACR\.m2\repository\dev\failsafe\failsafe\3.3.0\failsafe-3.3.0.jar;C:\Users\ADW User ACR\.m2\repository\org\seleniumhq\selenium\selenium-edge-driver\4.8.1\selenium-edge-driver-4.8.1.jar;C:\Users\ADW User ACR\.m2\repository\org\seleniumhq\selenium\selenium-ie-driver\4.8.1\selenium-ie-driver-4.8.1.jar;C:\Users\ADW User ACR\.m2\repository\org\projectlombok\lombok\1.18.20\lombok-1.18.20.jar;C:\Users\ADW User ACR\.m2\repository\io\appium\java-client\8.3.0\java-client-8.3.0.jar;C:\Users\ADW User ACR\.m2\repository\commons-validator\commons-validator\1.7\commons-validator-1.7.jar;C:\Users\ADW User ACR\.m2\repository\commons-digester\commons-digester\2.1\commons-digester-2.1.jar;C:\Users\ADW User ACR\.m2\repository\org\apache\groovy\groovy\4.0.10\groovy-4.0.10.jar;C:\Users\ADW User ACR\.m2\repository\net\sf\opencsv\opencsv\2.0\opencsv-2.0.jar;C:\Users\ADW User ACR\.m2\repository\commons-beanutils\commons-beanutils\1.9.4\commons-beanutils-1.9.4.jar;C:\Users\ADW User ACR\.m2\repository\org\apache\commons\commons-lang3\3.12.0\commons-lang3-3.12.0.jar;C:\Users\ADW User ACR\.m2\repository\commons-collections\commons-collections\3.2.2\commons-collections-3.2.2.jar;C:\Users\ADW User ACR\.m2\repository\org\fluentlenium\fluentlenium-core\0.10.2\fluentlenium-core-0.10.2.jar;C:\Users\ADW User ACR\.m2\repository\io\github\bonigarcia\webdrivermanager\5.3.0\webdrivermanager-5.3.0.jar;C:\Users\ADW User ACR\.m2\repository\com\github\docker-java\docker-java\3.2.13\docker-java-3.2.13.jar;C:\Users\ADW User ACR\.m2\repository\com\github\docker-java\docker-java-core\3.2.13\docker-java-core-3.2.13.jar;C:\Users\ADW User ACR\.m2\repository\com\github\docker-java\docker-java-api\3.2.13\docker-java-api-3.2.13.jar;C:\Users\ADW User ACR\.m2\repository\org\apache\commons\commons-compress\1.21\commons-compress-1.21.jar;C:\Users\ADW User ACR\.m2\repository\org\bouncycastle\bcpkix-jdk15on\1.64\bcpkix-jdk15on-1.64.jar;C:\Users\ADW User ACR\.m2\repository\org\bouncycastle\bcprov-jdk15on\1.64\bcprov-jdk15on-1.64.jar;C:\Users\ADW User ACR\.m2\repository\org\slf4j\jcl-over-slf4j\1.7.30\jcl-over-slf4j-1.7.30.jar;C:\Users\ADW User ACR\.m2\repository\com\github\docker-java\docker-java-transport-httpclient5\3.2.13\docker-java-transport-httpclient5-3.2.13.jar;C:\Users\ADW User ACR\.m2\repository\com\github\docker-java\docker-java-transport\3.2.13\docker-java-transport-3.2.13.jar;C:\Users\ADW User ACR\.m2\repository\net\java\dev\jna\jna\5.8.0\jna-5.8.0.jar;C:\Users\ADW User ACR\.m2\repository\org\brotli\dec\0.1.2\dec-0.1.2.jar;C:\Users\ADW User ACR\.m2\repository\org\apache\httpcomponents\client5\httpclient5\5.1.3\httpclient5-5.1.3.jar;C:\Users\ADW User ACR\.m2\repository\org\apache\httpcomponents\core5\httpcore5\5.1.3\httpcore5-5.1.3.jar;C:\Users\ADW User ACR\.m2\repository\org\apache\httpcomponents\core5\httpcore5-h2\5.1.3\httpcore5-h2-5.1.3.jar;C:\Users\ADW User ACR\.m2\repository\com\jhlabs\filters\2.0.235\filters-2.0.235.jar;C:\Users\ADW User ACR\.m2\repository\com\paulhammant\ngwebdriver\1.1.6\ngwebdriver-1.1.6.jar;C:\Users\ADW User ACR\.m2\repository\joda-time\joda-time\2.12.2\joda-time-2.12.2.jar;C:\Users\ADW User ACR\.m2\repository\org\hamcrest\hamcrest\2.2\hamcrest-2.2.jar;C:\Users\ADW User ACR\.m2\repository\com\google\jimfs\jimfs\1.2\jimfs-1.2.jar;C:\Users\ADW User ACR\.m2\repository\org\mockito\mockito-core\3.3.3\mockito-core-3.3.3.jar;C:\Users\ADW User ACR\.m2\repository\javax\xml\bind\jaxb-api\2.3.1\jaxb-api-2.3.1.jar;C:\Users\ADW User ACR\.m2\repository\javax\activation\javax.activation-api\1.2.0\javax.activation-api-1.2.0.jar;C:\Users\ADW User ACR\.m2\repository\com\sun\xml\bind\jaxb-core\2.3.0.1\jaxb-core-2.3.0.1.jar;C:\Users\ADW User ACR\.m2\repository\com\sun\xml\bind\jaxb-impl\2.3.3\jaxb-impl-2.3.3.jar;C:\Users\ADW User ACR\.m2\repository\jakarta\xml\bind\jakarta.xml.bind-api\2.3.3\jakarta.xml.bind-api-2.3.3.jar;C:\Users\ADW User ACR\.m2\repository\com\sun\activation\jakarta.activation\1.2.2\jakarta.activation-1.2.2.jar;C:\Users\ADW User ACR\.m2\repository\javax\activation\activation\1.1.1\activation-1.1.1.jar;C:\Users\ADW User ACR\.m2\repository\net\serenity-bdd\serenity-cucumber\3.6.21\serenity-cucumber-3.6.21.jar;C:\Users\ADW User ACR\.m2\repository\io\cucumber\cucumber-core\7.11.0\cucumber-core-7.11.0.jar;C:\Users\ADW User ACR\.m2\repository\io\cucumber\cucumber-gherkin\7.11.0\cucumber-gherkin-7.11.0.jar;C:\Users\ADW User ACR\.m2\repository\io\cucumber\cucumber-gherkin-messages\7.11.0\cucumber-gherkin-messages-7.11.0.jar;C:\Users\ADW User ACR\.m2\repository\io\cucumber\gherkin\26.0.3\gherkin-26.0.3.jar;C:\Users\ADW User ACR\.m2\repository\io\cucumber\messages\21.0.1\messages-21.0.1.jar;C:\Users\ADW User ACR\.m2\repository\io\cucumber\tag-expressions\5.0.1\tag-expressions-5.0.1.jar;C:\Users\ADW User ACR\.m2\repository\io\cucumber\cucumber-expressions\16.1.1\cucumber-expressions-16.1.1.jar;C:\Users\ADW User ACR\.m2\repository\io\cucumber\datatable\7.11.0\datatable-7.11.0.jar;C:\Users\ADW User ACR\.m2\repository\io\cucumber\cucumber-plugin\7.11.0\cucumber-plugin-7.11.0.jar;C:\Users\ADW User ACR\.m2\repository\io\cucumber\docstring\7.11.0\docstring-7.11.0.jar;C:\Users\ADW User ACR\.m2\repository\io\cucumber\html-formatter\20.2.1\html-formatter-20.2.1.jar;C:\Users\ADW User ACR\.m2\repository\io\cucumber\junit-xml-formatter\0.1.0\junit-xml-formatter-0.1.0.jar;C:\Users\ADW User ACR\.m2\repository\io\cucumber\ci-environment\9.1.0\ci-environment-9.1.0.jar;C:\Users\ADW User ACR\.m2\repository\io\cucumber\cucumber-java\7.11.0\cucumber-java-7.11.0.jar;C:\Users\ADW User ACR\.m2\repository\io\cucumber\cucumber-junit\7.11.0\cucumber-junit-7.11.0.jar;C:\Users\ADW User ACR\.m2\repository\org\apache\commons\commons-csv\1.5\commons-csv-1.5.jar;C:\Users\ADW User ACR\.m2\repository\net\serenity-bdd\serenity-screenplay\3.6.21\serenity-screenplay-3.6.21.jar;C:\Users\ADW User ACR\.m2\repository\net\serenity-bdd\serenity-screenplay-webdriver\3.6.21\serenity-screenplay-webdriver-3.6.21.jar;C:\Users\ADW User ACR\.m2\repository\net\serenity-bdd\serenity-ensure\3.6.21\serenity-ensure-3.6.21.jar;C:\Users\ADW User ACR\.m2\repository\net\serenity-bdd\serenity-junit\3.6.21\serenity-junit-3.6.21.jar;C:\Users\ADW User ACR\.m2\repository\org\jetbrains\kotlin\kotlin-stdlib\1.8.10\kotlin-stdlib-1.8.10.jar;C:\Users\ADW User ACR\.m2\repository\org\jetbrains\kotlin\kotlin-stdlib-common\1.8.10\kotlin-stdlib-common-1.8.10.jar;C:\Users\ADW User ACR\.m2\repository\org\jetbrains\annotations\13.0\annotations-13.0.jar;C:\Users\ADW User ACR\.m2\repository\org\junit\platform\junit-platform-launcher\1.8.2\junit-platform-launcher-1.8.2.jar;C:\Users\ADW User ACR\.m2\repository\org\junit\platform\junit-platform-engine\1.8.2\junit-platform-engine-1.8.2.jar;C:\Users\ADW User ACR\.m2\repository\org\opentest4j\opentest4j\1.2.0\opentest4j-1.2.0.jar;C:\Users\ADW User ACR\.m2\repository\org\junit\platform\junit-platform-commons\1.8.2\junit-platform-commons-1.8.2.jar;C:\Users\ADW User ACR\.m2\repository\org\apiguardian\apiguardian-api\1.1.2\apiguardian-api-1.1.2.jar;C:\Users\ADW User ACR\.m2\repository\org\junit\jupiter\junit-jupiter-engine\5.8.2\junit-jupiter-engine-5.8.2.jar;C:\Users\ADW User ACR\.m2\repository\org\junit\jupiter\junit-jupiter-api\5.8.2\junit-jupiter-api-5.8.2.jar;C:\Users\ADW User ACR\.m2\repository\org\junit\vintage\junit-vintage-engine\5.8.2\junit-vintage-engine-5.8.2.jar;C:\Users\ADW User ACR\.m2\repository\junit\junit\4.13.2\junit-4.13.2.jar;C:\Users\ADW User ACR\.m2\repository\org\hamcrest\hamcrest-core\1.3\hamcrest-core-1.3.jar;C:\Users\ADW User ACR\.m2\repository\ch\qos\logback\logback-classic\1.2.10\logback-classic-1.2.10.jar;C:\Users\ADW User ACR\.m2\repository\ch\qos\logback\logback-core\1.2.10\logback-core-1.2.10.jar;C:\Users\ADW User ACR\.m2\repository\org\slf4j\slf4j-api\1.7.32\slf4j-api-1.7.32.jar;C:\Users\ADW User ACR\.m2\repository\org\assertj\assertj-core\3.23.1\assertj-core-3.23.1.jar;C:\Users\ADW User ACR\.m2\repository\net\bytebuddy\byte-buddy\1.12.10\byte-buddy-1.12.10.jar;"/>
    <property name="java.vm.vendor" value="Oracle Corporation"/>
    <property name="sun.arch.data.model" value="64"/>
    <property name="user.variant" value=""/>
    <property name="java.vendor.url" value="http://java.oracle.com/"/>
    <property name="user.timezone" value="Asia/Bangkok"/>
    <property name="java.vm.specification.version" value="1.8"/>
    <property name="os.name" value="Windows 10"/>
    <property name="user.country" value="US"/>
    <property name="sun.java.launcher" value="SUN_STANDARD"/>
    <property name="sun.boot.library.path" value="C:\Program Files\Java\jdk1.8.0_202\jre\bin"/>
    <property name="sun.java.command" value="C:\Users\ADW User ACR\AppData\Local\Temp\surefire4932495447658988455\surefirebooter6936234208422943795.jar C:\Users\ADW User ACR\AppData\Local\Temp\surefire4932495447658988455 2023-04-25T15-09-13_553-jvmRun1 surefire4296020662450734361tmp surefire_08132938309252337695tmp"/>
    <property name="surefire.test.class.path" value="D:\D\QE_Alta\MiniProject\Web\Pilih-Beli-Produk\target\test-classes;D:\D\QE_Alta\MiniProject\Web\Pilih-Beli-Produk\target\web-automation-altashop-1.0-SNAPSHOT.jar;C:\Users\ADW User ACR\.m2\repository\net\serenity-bdd\serenity-core\3.6.21\serenity-core-3.6.21.jar;C:\Users\ADW User ACR\.m2\repository\net\serenity-bdd\serenity-model\3.6.21\serenity-model-3.6.21.jar;C:\Users\ADW User ACR\.m2\repository\org\apache\commons\commons-text\1.10.0\commons-text-1.10.0.jar;C:\Users\ADW User ACR\.m2\repository\commons-net\commons-net\3.9.0\commons-net-3.9.0.jar;C:\Users\ADW User ACR\.m2\repository\com\google\guava\guava\31.1-jre\guava-31.1-jre.jar;C:\Users\ADW User ACR\.m2\repository\com\google\guava\failureaccess\1.0.1\failureaccess-1.0.1.jar;C:\Users\ADW User ACR\.m2\repository\com\google\guava\listenablefuture\9999.0-empty-to-avoid-conflict-with-guava\listenablefuture-9999.0-empty-to-avoid-conflict-with-guava.jar;C:\Users\ADW User ACR\.m2\repository\com\google\code\findbugs\jsr305\3.0.2\jsr305-3.0.2.jar;C:\Users\ADW User ACR\.m2\repository\org\checkerframework\checker-qual\3.12.0\checker-qual-3.12.0.jar;C:\Users\ADW User ACR\.m2\repository\com\google\errorprone\error_prone_annotations\2.11.0\error_prone_annotations-2.11.0.jar;C:\Users\ADW User ACR\.m2\repository\com\google\j2objc\j2objc-annotations\1.3\j2objc-annotations-1.3.jar;C:\Users\ADW User ACR\.m2\repository\com\google\inject\guice\5.1.0\guice-5.1.0.jar;C:\Users\ADW User ACR\.m2\repository\javax\inject\javax.inject\1\javax.inject-1.jar;C:\Users\ADW User ACR\.m2\repository\aopalliance\aopalliance\1.0\aopalliance-1.0.jar;C:\Users\ADW User ACR\.m2\repository\org\jsoup\jsoup\1.14.3\jsoup-1.14.3.jar;C:\Users\ADW User ACR\.m2\repository\com\thoughtworks\xstream\xstream\1.4.20\xstream-1.4.20.jar;C:\Users\ADW User ACR\.m2\repository\io\github\x-stream\mxparser\1.2.2\mxparser-1.2.2.jar;C:\Users\ADW User ACR\.m2\repository\xmlpull\xmlpull\1.1.3.1\xmlpull-1.1.3.1.jar;C:\Users\ADW User ACR\.m2\repository\com\typesafe\config\1.4.2\config-1.4.2.jar;C:\Users\ADW User ACR\.m2\repository\org\imgscalr\imgscalr-lib\4.2\imgscalr-lib-4.2.jar;C:\Users\ADW User ACR\.m2\repository\org\awaitility\awaitility\4.2.0\awaitility-4.2.0.jar;C:\Users\ADW User ACR\.m2\repository\org\freemarker\freemarker\2.3.31\freemarker-2.3.31.jar;C:\Users\ADW User ACR\.m2\repository\io\github\classgraph\classgraph\4.8.138\classgraph-4.8.138.jar;C:\Users\ADW User ACR\.m2\repository\net\sourceforge\jexcelapi\jxl\2.6.12\jxl-2.6.12.jar;C:\Users\ADW User ACR\.m2\repository\net\bytebuddy\byte-buddy-agent\1.14.2\byte-buddy-agent-1.14.2.jar;C:\Users\ADW User ACR\.m2\repository\org\objenesis\objenesis\3.3\objenesis-3.3.jar;C:\Users\ADW User ACR\.m2\repository\net\serenity-bdd\serenity-reports\3.6.21\serenity-reports-3.6.21.jar;C:\Users\ADW User ACR\.m2\repository\net\serenity-bdd\serenity-stats\3.6.21\serenity-stats-3.6.21.jar;C:\Users\ADW User ACR\.m2\repository\net\serenity-bdd\serenity-reports-configuration\3.6.21\serenity-reports-configuration-3.6.21.jar;C:\Users\ADW User ACR\.m2\repository\com\vladsch\flexmark\flexmark-all\0.62.2\flexmark-all-0.62.2.jar;C:\Users\ADW User ACR\.m2\repository\com\vladsch\flexmark\flexmark\0.62.2\flexmark-0.62.2.jar;C:\Users\ADW User ACR\.m2\repository\com\vladsch\flexmark\flexmark-ext-abbreviation\0.62.2\flexmark-ext-abbreviation-0.62.2.jar;C:\Users\ADW User ACR\.m2\repository\com\vladsch\flexmark\flexmark-util\0.62.2\flexmark-util-0.62.2.jar;C:\Users\ADW User ACR\.m2\repository\com\vladsch\flexmark\flexmark-ext-admonition\0.62.2\flexmark-ext-admonition-0.62.2.jar;C:\Users\ADW User ACR\.m2\repository\com\vladsch\flexmark\flexmark-ext-anchorlink\0.62.2\flexmark-ext-anchorlink-0.62.2.jar;C:\Users\ADW User ACR\.m2\repository\com\vladsch\flexmark\flexmark-ext-aside\0.62.2\flexmark-ext-aside-0.62.2.jar;C:\Users\ADW User ACR\.m2\repository\com\vladsch\flexmark\flexmark-ext-attributes\0.62.2\flexmark-ext-attributes-0.62.2.jar;C:\Users\ADW User ACR\.m2\repository\com\vladsch\flexmark\flexmark-ext-autolink\0.62.2\flexmark-ext-autolink-0.62.2.jar;C:\Users\ADW User ACR\.m2\repository\org\nibor\autolink\autolink\0.6.0\autolink-0.6.0.jar;C:\Users\ADW User ACR\.m2\repository\com\vladsch\flexmark\flexmark-ext-definition\0.62.2\flexmark-ext-definition-0.62.2.jar;C:\Users\ADW User ACR\.m2\repository\com\vladsch\flexmark\flexmark-ext-emoji\0.62.2\flexmark-ext-emoji-0.62.2.jar;C:\Users\ADW User ACR\.m2\repository\com\vladsch\flexmark\flexmark-ext-enumerated-reference\0.62.2\flexmark-ext-enumerated-reference-0.62.2.jar;C:\Users\ADW User ACR\.m2\repository\com\vladsch\flexmark\flexmark-ext-escaped-character\0.62.2\flexmark-ext-escaped-character-0.62.2.jar;C:\Users\ADW User ACR\.m2\repository\com\vladsch\flexmark\flexmark-ext-footnotes\0.62.2\flexmark-ext-footnotes-0.62.2.jar;C:\Users\ADW User ACR\.m2\repository\com\vladsch\flexmark\flexmark-ext-gfm-issues\0.62.2\flexmark-ext-gfm-issues-0.62.2.jar;C:\Users\ADW User ACR\.m2\repository\com\vladsch\flexmark\flexmark-ext-gfm-strikethrough\0.62.2\flexmark-ext-gfm-strikethrough-0.62.2.jar;C:\Users\ADW User ACR\.m2\repository\com\vladsch\flexmark\flexmark-ext-gfm-tasklist\0.62.2\flexmark-ext-gfm-tasklist-0.62.2.jar;C:\Users\ADW User ACR\.m2\repository\com\vladsch\flexmark\flexmark-ext-gfm-users\0.62.2\flexmark-ext-gfm-users-0.62.2.jar;C:\Users\ADW User ACR\.m2\repository\com\vladsch\flexmark\flexmark-ext-gitlab\0.62.2\flexmark-ext-gitlab-0.62.2.jar;C:\Users\ADW User ACR\.m2\repository\com\vladsch\flexmark\flexmark-ext-jekyll-front-matter\0.62.2\flexmark-ext-jekyll-front-matter-0.62.2.jar;C:\Users\ADW User ACR\.m2\repository\com\vladsch\flexmark\flexmark-ext-jekyll-tag\0.62.2\flexmark-ext-jekyll-tag-0.62.2.jar;C:\Users\ADW User ACR\.m2\repository\com\vladsch\flexmark\flexmark-ext-media-tags\0.62.2\flexmark-ext-media-tags-0.62.2.jar;C:\Users\ADW User ACR\.m2\repository\com\vladsch\flexmark\flexmark-ext-macros\0.62.2\flexmark-ext-macros-0.62.2.jar;C:\Users\ADW User ACR\.m2\repository\com\vladsch\flexmark\flexmark-ext-ins\0.62.2\flexmark-ext-ins-0.62.2.jar;C:\Users\ADW User ACR\.m2\repository\com\vladsch\flexmark\flexmark-ext-xwiki-macros\0.62.2\flexmark-ext-xwiki-macros-0.62.2.jar;C:\Users\ADW User ACR\.m2\repository\com\vladsch\flexmark\flexmark-ext-superscript\0.62.2\flexmark-ext-superscript-0.62.2.jar;C:\Users\ADW User ACR\.m2\repository\com\vladsch\flexmark\flexmark-ext-tables\0.62.2\flexmark-ext-tables-0.62.2.jar;C:\Users\ADW User ACR\.m2\repository\com\vladsch\flexmark\flexmark-ext-toc\0.62.2\flexmark-ext-toc-0.62.2.jar;C:\Users\ADW User ACR\.m2\repository\com\vladsch\flexmark\flexmark-ext-typographic\0.62.2\flexmark-ext-typographic-0.62.2.jar;C:\Users\ADW User ACR\.m2\repository\com\vladsch\flexmark\flexmark-ext-wikilink\0.62.2\flexmark-ext-wikilink-0.62.2.jar;C:\Users\ADW User ACR\.m2\repository\com\vladsch\flexmark\flexmark-ext-yaml-front-matter\0.62.2\flexmark-ext-yaml-front-matter-0.62.2.jar;C:\Users\ADW User ACR\.m2\repository\com\vladsch\flexmark\flexmark-ext-youtube-embedded\0.62.2\flexmark-ext-youtube-embedded-0.62.2.jar;C:\Users\ADW User ACR\.m2\repository\com\vladsch\flexmark\flexmark-html2md-converter\0.62.2\flexmark-html2md-converter-0.62.2.jar;C:\Users\ADW User ACR\.m2\repository\com\vladsch\flexmark\flexmark-jira-converter\0.62.2\flexmark-jira-converter-0.62.2.jar;C:\Users\ADW User ACR\.m2\repository\com\vladsch\flexmark\flexmark-pdf-converter\0.62.2\flexmark-pdf-converter-0.62.2.jar;C:\Users\ADW User ACR\.m2\repository\com\openhtmltopdf\openhtmltopdf-core\1.0.0\openhtmltopdf-core-1.0.0.jar;C:\Users\ADW User ACR\.m2\repository\com\openhtmltopdf\openhtmltopdf-pdfbox\1.0.0\openhtmltopdf-pdfbox-1.0.0.jar;C:\Users\ADW User ACR\.m2\repository\org\apache\pdfbox\pdfbox\2.0.16\pdfbox-2.0.16.jar;C:\Users\ADW User ACR\.m2\repository\org\apache\pdfbox\fontbox\2.0.16\fontbox-2.0.16.jar;C:\Users\ADW User ACR\.m2\repository\org\apache\pdfbox\xmpbox\2.0.16\xmpbox-2.0.16.jar;C:\Users\ADW User ACR\.m2\repository\de\rototor\pdfbox\graphics2d\0.24\graphics2d-0.24.jar;C:\Users\ADW User ACR\.m2\repository\com\openhtmltopdf\openhtmltopdf-rtl-support\1.0.0\openhtmltopdf-rtl-support-1.0.0.jar;C:\Users\ADW User ACR\.m2\repository\com\openhtmltopdf\openhtmltopdf-jsoup-dom-converter\1.0.0\openhtmltopdf-jsoup-dom-converter-1.0.0.jar;C:\Users\ADW User ACR\.m2\repository\com\vladsch\flexmark\flexmark-profile-pegdown\0.62.2\flexmark-profile-pegdown-0.62.2.jar;C:\Users\ADW User ACR\.m2\repository\com\vladsch\flexmark\flexmark-util-ast\0.62.2\flexmark-util-ast-0.62.2.jar;C:\Users\ADW User ACR\.m2\repository\com\vladsch\flexmark\flexmark-util-builder\0.62.2\flexmark-util-builder-0.62.2.jar;C:\Users\ADW User ACR\.m2\repository\com\vladsch\flexmark\flexmark-util-collection\0.62.2\flexmark-util-collection-0.62.2.jar;C:\Users\ADW User ACR\.m2\repository\com\vladsch\flexmark\flexmark-util-data\0.62.2\flexmark-util-data-0.62.2.jar;C:\Users\ADW User ACR\.m2\repository\com\vladsch\flexmark\flexmark-util-dependency\0.62.2\flexmark-util-dependency-0.62.2.jar;C:\Users\ADW User ACR\.m2\repository\com\vladsch\flexmark\flexmark-util-format\0.62.2\flexmark-util-format-0.62.2.jar;C:\Users\ADW User ACR\.m2\repository\com\vladsch\flexmark\flexmark-util-html\0.62.2\flexmark-util-html-0.62.2.jar;C:\Users\ADW User ACR\.m2\repository\com\vladsch\flexmark\flexmark-util-misc\0.62.2\flexmark-util-misc-0.62.2.jar;C:\Users\ADW User ACR\.m2\repository\com\vladsch\flexmark\flexmark-util-options\0.62.2\flexmark-util-options-0.62.2.jar;C:\Users\ADW User ACR\.m2\repository\com\vladsch\flexmark\flexmark-util-sequence\0.62.2\flexmark-util-sequence-0.62.2.jar;C:\Users\ADW User ACR\.m2\repository\com\vladsch\flexmark\flexmark-util-visitor\0.62.2\flexmark-util-visitor-0.62.2.jar;C:\Users\ADW User ACR\.m2\repository\com\vladsch\flexmark\flexmark-youtrack-converter\0.62.2\flexmark-youtrack-converter-0.62.2.jar;C:\Users\ADW User ACR\.m2\repository\com\ibm\icu\icu4j\72.1\icu4j-72.1.jar;C:\Users\ADW User ACR\.m2\repository\es\nitaur\markdown\txtmark\0.16\txtmark-0.16.jar;C:\Users\ADW User ACR\.m2\repository\net\serenity-bdd\serenity-report-resources\3.6.21\serenity-report-resources-3.6.21.jar;C:\Users\ADW User ACR\.m2\repository\com\google\code\gson\gson\2.10.1\gson-2.10.1.jar;C:\Users\ADW User ACR\.m2\repository\com\fasterxml\jackson\core\jackson-core\2.15.0-rc1\jackson-core-2.15.0-rc1.jar;C:\Users\ADW User ACR\.m2\repository\com\fasterxml\jackson\core\jackson-databind\2.15.0-rc1\jackson-databind-2.15.0-rc1.jar;C:\Users\ADW User ACR\.m2\repository\com\fasterxml\jackson\core\jackson-annotations\2.15.0-rc1\jackson-annotations-2.15.0-rc1.jar;C:\Users\ADW User ACR\.m2\repository\commons-codec\commons-codec\1.15\commons-codec-1.15.jar;C:\Users\ADW User ACR\.m2\repository\commons-io\commons-io\2.11.0\commons-io-2.11.0.jar;C:\Users\ADW User ACR\.m2\repository\org\apache\httpcomponents\httpclient\4.5.13\httpclient-4.5.13.jar;C:\Users\ADW User ACR\.m2\repository\org\apache\httpcomponents\httpcore\4.4.13\httpcore-4.4.13.jar;C:\Users\ADW User ACR\.m2\repository\commons-logging\commons-logging\1.2\commons-logging-1.2.jar;C:\Users\ADW User ACR\.m2\repository\org\seleniumhq\selenium\selenium-java\4.8.1\selenium-java-4.8.1.jar;C:\Users\ADW User ACR\.m2\repository\org\seleniumhq\selenium\selenium-devtools-v108\4.8.1\selenium-devtools-v108-4.8.1.jar;C:\Users\ADW User ACR\.m2\repository\org\seleniumhq\selenium\selenium-devtools-v109\4.8.1\selenium-devtools-v109-4.8.1.jar;C:\Users\ADW User ACR\.m2\repository\org\seleniumhq\selenium\selenium-devtools-v110\4.8.1\selenium-devtools-v110-4.8.1.jar;C:\Users\ADW User ACR\.m2\repository\org\seleniumhq\selenium\selenium-devtools-v85\4.8.1\selenium-devtools-v85-4.8.1.jar;C:\Users\ADW User ACR\.m2\repository\org\seleniumhq\selenium\selenium-remote-driver\4.8.1\selenium-remote-driver-4.8.1.jar;C:\Users\ADW User ACR\.m2\repository\com\beust\jcommander\1.82\jcommander-1.82.jar;C:\Users\ADW User ACR\.m2\repository\io\netty\netty-buffer\4.1.87.Final\netty-buffer-4.1.87.Final.jar;C:\Users\ADW User ACR\.m2\repository\io\netty\netty-codec-http\4.1.87.Final\netty-codec-http-4.1.87.Final.jar;C:\Users\ADW User ACR\.m2\repository\io\netty\netty-codec\4.1.87.Final\netty-codec-4.1.87.Final.jar;C:\Users\ADW User ACR\.m2\repository\io\netty\netty-handler\4.1.87.Final\netty-handler-4.1.87.Final.jar;C:\Users\ADW User ACR\.m2\repository\io\netty\netty-common\4.1.87.Final\netty-common-4.1.87.Final.jar;C:\Users\ADW User ACR\.m2\repository\io\netty\netty-transport-classes-epoll\4.1.87.Final\netty-transport-classes-epoll-4.1.87.Final.jar;C:\Users\ADW User ACR\.m2\repository\io\netty\netty-transport-classes-kqueue\4.1.87.Final\netty-transport-classes-kqueue-4.1.87.Final.jar;C:\Users\ADW User ACR\.m2\repository\io\netty\netty-transport-native-epoll\4.1.87.Final\netty-transport-native-epoll-4.1.87.Final.jar;C:\Users\ADW User ACR\.m2\repository\io\netty\netty-transport-native-kqueue\4.1.87.Final\netty-transport-native-kqueue-4.1.87.Final.jar;C:\Users\ADW User ACR\.m2\repository\io\netty\netty-transport-native-unix-common\4.1.87.Final\netty-transport-native-unix-common-4.1.87.Final.jar;C:\Users\ADW User ACR\.m2\repository\io\netty\netty-transport\4.1.87.Final\netty-transport-4.1.87.Final.jar;C:\Users\ADW User ACR\.m2\repository\io\netty\netty-resolver\4.1.87.Final\netty-resolver-4.1.87.Final.jar;C:\Users\ADW User ACR\.m2\repository\io\opentelemetry\opentelemetry-api\1.22.0\opentelemetry-api-1.22.0.jar;C:\Users\ADW User ACR\.m2\repository\io\opentelemetry\opentelemetry-context\1.22.0\opentelemetry-context-1.22.0.jar;C:\Users\ADW User ACR\.m2\repository\io\opentelemetry\opentelemetry-exporter-logging\1.22.0\opentelemetry-exporter-logging-1.22.0.jar;C:\Users\ADW User ACR\.m2\repository\io\opentelemetry\opentelemetry-sdk-metrics\1.22.0\opentelemetry-sdk-metrics-1.22.0.jar;C:\Users\ADW User ACR\.m2\repository\io\opentelemetry\opentelemetry-sdk-logs\1.22.0-alpha\opentelemetry-sdk-logs-1.22.0-alpha.jar;C:\Users\ADW User ACR\.m2\repository\io\opentelemetry\opentelemetry-api-logs\1.22.0-alpha\opentelemetry-api-logs-1.22.0-alpha.jar;C:\Users\ADW User ACR\.m2\repository\io\opentelemetry\opentelemetry-sdk-common\1.22.0\opentelemetry-sdk-common-1.22.0.jar;C:\Users\ADW User ACR\.m2\repository\io\opentelemetry\opentelemetry-sdk-extension-autoconfigure-spi\1.22.0\opentelemetry-sdk-extension-autoconfigure-spi-1.22.0.jar;C:\Users\ADW User ACR\.m2\repository\io\opentelemetry\opentelemetry-sdk-extension-autoconfigure\1.22.0-alpha\opentelemetry-sdk-extension-autoconfigure-1.22.0-alpha.jar;C:\Users\ADW User ACR\.m2\repository\io\opentelemetry\opentelemetry-sdk-trace\1.22.0\opentelemetry-sdk-trace-1.22.0.jar;C:\Users\ADW User ACR\.m2\repository\io\opentelemetry\opentelemetry-sdk\1.22.0\opentelemetry-sdk-1.22.0.jar;C:\Users\ADW User ACR\.m2\repository\io\opentelemetry\opentelemetry-semconv\1.22.0-alpha\opentelemetry-semconv-1.22.0-alpha.jar;C:\Users\ADW User ACR\.m2\repository\io\ous\jtoml\2.0.0\jtoml-2.0.0.jar;C:\Users\ADW User ACR\.m2\repository\org\apache\commons\commons-exec\1.3\commons-exec-1.3.jar;C:\Users\ADW User ACR\.m2\repository\org\asynchttpclient\async-http-client\2.12.3\async-http-client-2.12.3.jar;C:\Users\ADW User ACR\.m2\repository\org\asynchttpclient\async-http-client-netty-utils\2.12.3\async-http-client-netty-utils-2.12.3.jar;C:\Users\ADW User ACR\.m2\repository\io\netty\netty-codec-socks\4.1.60.Final\netty-codec-socks-4.1.60.Final.jar;C:\Users\ADW User ACR\.m2\repository\io\netty\netty-handler-proxy\4.1.60.Final\netty-handler-proxy-4.1.60.Final.jar;C:\Users\ADW User ACR\.m2\repository\io\netty\netty-transport-native-epoll\4.1.60.Final\netty-transport-native-epoll-4.1.60.Final-linux-x86_64.jar;C:\Users\ADW User ACR\.m2\repository\io\netty\netty-transport-native-kqueue\4.1.60.Final\netty-transport-native-kqueue-4.1.60.Final-osx-x86_64.jar;C:\Users\ADW User ACR\.m2\repository\org\reactivestreams\reactive-streams\1.0.3\reactive-streams-1.0.3.jar;C:\Users\ADW User ACR\.m2\repository\com\typesafe\netty\netty-reactive-streams\2.0.4\netty-reactive-streams-2.0.4.jar;C:\Users\ADW User ACR\.m2\repository\org\seleniumhq\selenium\selenium-manager\4.8.1\selenium-manager-4.8.1.jar;C:\Users\ADW User ACR\.m2\repository\org\seleniumhq\selenium\selenium-safari-driver\4.8.1\selenium-safari-driver-4.8.1.jar;C:\Users\ADW User ACR\.m2\repository\org\seleniumhq\selenium\selenium-api\4.8.1\selenium-api-4.8.1.jar;C:\Users\ADW User ACR\.m2\repository\org\seleniumhq\selenium\selenium-support\4.8.1\selenium-support-4.8.1.jar;C:\Users\ADW User ACR\.m2\repository\com\google\auto\service\auto-service-annotations\1.0.1\auto-service-annotations-1.0.1.jar;C:\Users\ADW User ACR\.m2\repository\com\google\auto\service\auto-service\1.0.1\auto-service-1.0.1.jar;C:\Users\ADW User ACR\.m2\repository\com\google\auto\auto-common\1.2\auto-common-1.2.jar;C:\Users\ADW User ACR\.m2\repository\org\seleniumhq\selenium\selenium-json\4.8.1\selenium-json-4.8.1.jar;C:\Users\ADW User ACR\.m2\repository\org\seleniumhq\selenium\selenium-chrome-driver\4.8.1\selenium-chrome-driver-4.8.1.jar;C:\Users\ADW User ACR\.m2\repository\org\seleniumhq\selenium\selenium-chromium-driver\4.8.1\selenium-chromium-driver-4.8.1.jar;C:\Users\ADW User ACR\.m2\repository\org\seleniumhq\selenium\selenium-firefox-driver\4.8.1\selenium-firefox-driver-4.8.1.jar;C:\Users\ADW User ACR\.m2\repository\org\seleniumhq\selenium\selenium-http\4.8.1\selenium-http-4.8.1.jar;C:\Users\ADW User ACR\.m2\repository\dev\failsafe\failsafe\3.3.0\failsafe-3.3.0.jar;C:\Users\ADW User ACR\.m2\repository\org\seleniumhq\selenium\selenium-edge-driver\4.8.1\selenium-edge-driver-4.8.1.jar;C:\Users\ADW User ACR\.m2\repository\org\seleniumhq\selenium\selenium-ie-driver\4.8.1\selenium-ie-driver-4.8.1.jar;C:\Users\ADW User ACR\.m2\repository\org\projectlombok\lombok\1.18.20\lombok-1.18.20.jar;C:\Users\ADW User ACR\.m2\repository\io\appium\java-client\8.3.0\java-client-8.3.0.jar;C:\Users\ADW User ACR\.m2\repository\commons-validator\commons-validator\1.7\commons-validator-1.7.jar;C:\Users\ADW User ACR\.m2\repository\commons-digester\commons-digester\2.1\commons-digester-2.1.jar;C:\Users\ADW User ACR\.m2\repository\org\apache\groovy\groovy\4.0.10\groovy-4.0.10.jar;C:\Users\ADW User ACR\.m2\repository\net\sf\opencsv\opencsv\2.0\opencsv-2.0.jar;C:\Users\ADW User ACR\.m2\repository\commons-beanutils\commons-beanutils\1.9.4\commons-beanutils-1.9.4.jar;C:\Users\ADW User ACR\.m2\repository\org\apache\commons\commons-lang3\3.12.0\commons-lang3-3.12.0.jar;C:\Users\ADW User ACR\.m2\repository\commons-collections\commons-collections\3.2.2\commons-collections-3.2.2.jar;C:\Users\ADW User ACR\.m2\repository\org\fluentlenium\fluentlenium-core\0.10.2\fluentlenium-core-0.10.2.jar;C:\Users\ADW User ACR\.m2\repository\io\github\bonigarcia\webdrivermanager\5.3.0\webdrivermanager-5.3.0.jar;C:\Users\ADW User ACR\.m2\repository\com\github\docker-java\docker-java\3.2.13\docker-java-3.2.13.jar;C:\Users\ADW User ACR\.m2\repository\com\github\docker-java\docker-java-core\3.2.13\docker-java-core-3.2.13.jar;C:\Users\ADW User ACR\.m2\repository\com\github\docker-java\docker-java-api\3.2.13\docker-java-api-3.2.13.jar;C:\Users\ADW User ACR\.m2\repository\org\apache\commons\commons-compress\1.21\commons-compress-1.21.jar;C:\Users\ADW User ACR\.m2\repository\org\bouncycastle\bcpkix-jdk15on\1.64\bcpkix-jdk15on-1.64.jar;C:\Users\ADW User ACR\.m2\repository\org\bouncycastle\bcprov-jdk15on\1.64\bcprov-jdk15on-1.64.jar;C:\Users\ADW User ACR\.m2\repository\org\slf4j\jcl-over-slf4j\1.7.30\jcl-over-slf4j-1.7.30.jar;C:\Users\ADW User ACR\.m2\repository\com\github\docker-java\docker-java-transport-httpclient5\3.2.13\docker-java-transport-httpclient5-3.2.13.jar;C:\Users\ADW User ACR\.m2\repository\com\github\docker-java\docker-java-transport\3.2.13\docker-java-transport-3.2.13.jar;C:\Users\ADW User ACR\.m2\repository\net\java\dev\jna\jna\5.8.0\jna-5.8.0.jar;C:\Users\ADW User ACR\.m2\repository\org\brotli\dec\0.1.2\dec-0.1.2.jar;C:\Users\ADW User ACR\.m2\repository\org\apache\httpcomponents\client5\httpclient5\5.1.3\httpclient5-5.1.3.jar;C:\Users\ADW User ACR\.m2\repository\org\apache\httpcomponents\core5\httpcore5\5.1.3\httpcore5-5.1.3.jar;C:\Users\ADW User ACR\.m2\repository\org\apache\httpcomponents\core5\httpcore5-h2\5.1.3\httpcore5-h2-5.1.3.jar;C:\Users\ADW User ACR\.m2\repository\com\jhlabs\filters\2.0.235\filters-2.0.235.jar;C:\Users\ADW User ACR\.m2\repository\com\paulhammant\ngwebdriver\1.1.6\ngwebdriver-1.1.6.jar;C:\Users\ADW User ACR\.m2\repository\joda-time\joda-time\2.12.2\joda-time-2.12.2.jar;C:\Users\ADW User ACR\.m2\repository\org\hamcrest\hamcrest\2.2\hamcrest-2.2.jar;C:\Users\ADW User ACR\.m2\repository\com\google\jimfs\jimfs\1.2\jimfs-1.2.jar;C:\Users\ADW User ACR\.m2\repository\org\mockito\mockito-core\3.3.3\mockito-core-3.3.3.jar;C:\Users\ADW User ACR\.m2\repository\javax\xml\bind\jaxb-api\2.3.1\jaxb-api-2.3.1.jar;C:\Users\ADW User ACR\.m2\repository\javax\activation\javax.activation-api\1.2.0\javax.activation-api-1.2.0.jar;C:\Users\ADW User ACR\.m2\repository\com\sun\xml\bind\jaxb-core\2.3.0.1\jaxb-core-2.3.0.1.jar;C:\Users\ADW User ACR\.m2\repository\com\sun\xml\bind\jaxb-impl\2.3.3\jaxb-impl-2.3.3.jar;C:\Users\ADW User ACR\.m2\repository\jakarta\xml\bind\jakarta.xml.bind-api\2.3.3\jakarta.xml.bind-api-2.3.3.jar;C:\Users\ADW User ACR\.m2\repository\com\sun\activation\jakarta.activation\1.2.2\jakarta.activation-1.2.2.jar;C:\Users\ADW User ACR\.m2\repository\javax\activation\activation\1.1.1\activation-1.1.1.jar;C:\Users\ADW User ACR\.m2\repository\net\serenity-bdd\serenity-cucumber\3.6.21\serenity-cucumber-3.6.21.jar;C:\Users\ADW User ACR\.m2\repository\io\cucumber\cucumber-core\7.11.0\cucumber-core-7.11.0.jar;C:\Users\ADW User ACR\.m2\repository\io\cucumber\cucumber-gherkin\7.11.0\cucumber-gherkin-7.11.0.jar;C:\Users\ADW User ACR\.m2\repository\io\cucumber\cucumber-gherkin-messages\7.11.0\cucumber-gherkin-messages-7.11.0.jar;C:\Users\ADW User ACR\.m2\repository\io\cucumber\gherkin\26.0.3\gherkin-26.0.3.jar;C:\Users\ADW User ACR\.m2\repository\io\cucumber\messages\21.0.1\messages-21.0.1.jar;C:\Users\ADW User ACR\.m2\repository\io\cucumber\tag-expressions\5.0.1\tag-expressions-5.0.1.jar;C:\Users\ADW User ACR\.m2\repository\io\cucumber\cucumber-expressions\16.1.1\cucumber-expressions-16.1.1.jar;C:\Users\ADW User ACR\.m2\repository\io\cucumber\datatable\7.11.0\datatable-7.11.0.jar;C:\Users\ADW User ACR\.m2\repository\io\cucumber\cucumber-plugin\7.11.0\cucumber-plugin-7.11.0.jar;C:\Users\ADW User ACR\.m2\repository\io\cucumber\docstring\7.11.0\docstring-7.11.0.jar;C:\Users\ADW User ACR\.m2\repository\io\cucumber\html-formatter\20.2.1\html-formatter-20.2.1.jar;C:\Users\ADW User ACR\.m2\repository\io\cucumber\junit-xml-formatter\0.1.0\junit-xml-formatter-0.1.0.jar;C:\Users\ADW User ACR\.m2\repository\io\cucumber\ci-environment\9.1.0\ci-environment-9.1.0.jar;C:\Users\ADW User ACR\.m2\repository\io\cucumber\cucumber-java\7.11.0\cucumber-java-7.11.0.jar;C:\Users\ADW User ACR\.m2\repository\io\cucumber\cucumber-junit\7.11.0\cucumber-junit-7.11.0.jar;C:\Users\ADW User ACR\.m2\repository\org\apache\commons\commons-csv\1.5\commons-csv-1.5.jar;C:\Users\ADW User ACR\.m2\repository\net\serenity-bdd\serenity-screenplay\3.6.21\serenity-screenplay-3.6.21.jar;C:\Users\ADW User ACR\.m2\repository\net\serenity-bdd\serenity-screenplay-webdriver\3.6.21\serenity-screenplay-webdriver-3.6.21.jar;C:\Users\ADW User ACR\.m2\repository\net\serenity-bdd\serenity-ensure\3.6.21\serenity-ensure-3.6.21.jar;C:\Users\ADW User ACR\.m2\repository\net\serenity-bdd\serenity-junit\3.6.21\serenity-junit-3.6.21.jar;C:\Users\ADW User ACR\.m2\repository\org\jetbrains\kotlin\kotlin-stdlib\1.8.10\kotlin-stdlib-1.8.10.jar;C:\Users\ADW User ACR\.m2\repository\org\jetbrains\kotlin\kotlin-stdlib-common\1.8.10\kotlin-stdlib-common-1.8.10.jar;C:\Users\ADW User ACR\.m2\repository\org\jetbrains\annotations\13.0\annotations-13.0.jar;C:\Users\ADW User ACR\.m2\repository\org\junit\platform\junit-platform-launcher\1.8.2\junit-platform-launcher-1.8.2.jar;C:\Users\ADW User ACR\.m2\repository\org\junit\platform\junit-platform-engine\1.8.2\junit-platform-engine-1.8.2.jar;C:\Users\ADW User ACR\.m2\repository\org\opentest4j\opentest4j\1.2.0\opentest4j-1.2.0.jar;C:\Users\ADW User ACR\.m2\repository\org\junit\platform\junit-platform-commons\1.8.2\junit-platform-commons-1.8.2.jar;C:\Users\ADW User ACR\.m2\repository\org\apiguardian\apiguardian-api\1.1.2\apiguardian-api-1.1.2.jar;C:\Users\ADW User ACR\.m2\repository\org\junit\jupiter\junit-jupiter-engine\5.8.2\junit-jupiter-engine-5.8.2.jar;C:\Users\ADW User ACR\.m2\repository\org\junit\jupiter\junit-jupiter-api\5.8.2\junit-jupiter-api-5.8.2.jar;C:\Users\ADW User ACR\.m2\repository\org\junit\vintage\junit-vintage-engine\5.8.2\junit-vintage-engine-5.8.2.jar;C:\Users\ADW User ACR\.m2\repository\junit\junit\4.13.2\junit-4.13.2.jar;C:\Users\ADW User ACR\.m2\repository\org\hamcrest\hamcrest-core\1.3\hamcrest-core-1.3.jar;C:\Users\ADW User ACR\.m2\repository\ch\qos\logback\logback-classic\1.2.10\logback-classic-1.2.10.jar;C:\Users\ADW User ACR\.m2\repository\ch\qos\logback\logback-core\1.2.10\logback-core-1.2.10.jar;C:\Users\ADW User ACR\.m2\repository\org\slf4j\slf4j-api\1.7.32\slf4j-api-1.7.32.jar;C:\Users\ADW User ACR\.m2\repository\org\assertj\assertj-core\3.23.1\assertj-core-3.23.1.jar;C:\Users\ADW User ACR\.m2\repository\net\bytebuddy\byte-buddy\1.12.10\byte-buddy-1.12.10.jar;"/>
    <property name="sun.cpu.endian" value="little"/>
    <property name="user.home" value="C:\Users\ADW User ACR"/>
    <property name="user.language" value="en"/>
    <property name="java.specification.vendor" value="Oracle Corporation"/>
    <property name="java.home" value="C:\Program Files\Java\jdk1.8.0_202\jre"/>
    <property name="basedir" value="D:\D\QE_Alta\MiniProject\Web\Pilih-Beli-Produk"/>
    <property name="file.separator" value="\"/>
    <property name="line.separator" value="&#10;"/>
    <property name="java.vm.specification.vendor" value="Oracle Corporation"/>
    <property name="java.specification.name" value="Java Platform API Specification"/>
    <property name="java.awt.graphicsenv" value="sun.awt.Win32GraphicsEnvironment"/>
    <property name="surefire.real.class.path" value="C:\Users\ADW User ACR\AppData\Local\Temp\surefire4932495447658988455\surefirebooter6936234208422943795.jar"/>
    <property name="sun.boot.class.path" value="C:\Program Files\Java\jdk1.8.0_202\jre\lib\resources.jar;C:\Program Files\Java\jdk1.8.0_202\jre\lib\rt.jar;C:\Program Files\Java\jdk1.8.0_202\jre\lib\sunrsasign.jar;C:\Program Files\Java\jdk1.8.0_202\jre\lib\jsse.jar;C:\Program Files\Java\jdk1.8.0_202\jre\lib\jce.jar;C:\Program Files\Java\jdk1.8.0_202\jre\lib\charsets.jar;C:\Program Files\Java\jdk1.8.0_202\jre\lib\jfr.jar;C:\Program Files\Java\jdk1.8.0_202\jre\classes"/>
    <property name="user.script" value=""/>
    <property name="sun.management.compiler" value="HotSpot 64-Bit Tiered Compilers"/>
    <property name="java.runtime.version" value="1.8.0_202-b08"/>
    <property name="user.name" value="ADW User ACR"/>
    <property name="path.separator" value=";"/>
    <property name="os.version" value="10.0"/>
    <property name="java.endorsed.dirs" value="C:\Program Files\Java\jdk1.8.0_202\jre\lib\endorsed"/>
    <property name="java.runtime.name" value="Java(TM) SE Runtime Environment"/>
    <property name="file.encoding" value="Cp1252"/>
    <property name="webdriver.base.url" value=""/>
    <property name="java.vm.name" value="Java HotSpot(TM) 64-Bit Server VM"/>
    <property name="localRepository" value="C:\Users\ADW User ACR\.m2\repository"/>
    <property name="java.vendor.url.bug" value="http://bugreport.sun.com/bugreport/"/>
    <property name="java.io.tmpdir" value="C:\Users\ADWUSE~1\AppData\Local\Temp\"/>
    <property name="java.version" value="1.8.0_202"/>
    <property name="user.dir" value="D:\D\QE_Alta\MiniProject\Web\Pilih-Beli-Produk"/>
    <property name="os.arch" value="amd64"/>
    <property name="java.vm.specification.name" value="Java Virtual Machine Specification"/>
    <property name="java.awt.printerjob" value="sun.awt.windows.WPrinterJob"/>
    <property name="sun.os.patch.level" value=""/>
    <property name="java.library.path" value="C:\Program Files\Java\jdk1.8.0_202\jre\bin;C:\Windows\Sun\Java\bin;C:\Windows\system32;C:\Windows;C:\Python311\Scripts\;C:\Python311\;C:\Program Files (x86)\Common Files\Oracle\Java\javapath;C:\Program Files (x86)\Common Files\Intel\Shared Files\cpp\bin\Intel64;C:\Windows\system32;C:\Windows;C:\Windows\System32\Wbem;C:\Windows\System32\WindowsPowerShell\v1.0\;C:\Windows\System32\OpenSSH\;C:\Program Files\apache-maven-3.9.1\bin;C:\Program Files\nodejs\;C:\ProgramData\chocolatey\bin;C:\Users\Public\Android\Sdk;C:\Users\Public\Android\Sdk\platform-tools;C:\Users\ADW User ACR\AppData\Local\Microsoft\WindowsApps;C:\Users\ADW User ACR\AppData\Local\Programs\Git\cmd;C:\Users\ADW User ACR\AppData\Roaming\npm;."/>
    <property name="java.vm.info" value="mixed mode"/>
    <property name="java.vendor" value="Oracle Corporation"/>
    <property name="java.vm.version" value="25.202-b08"/>
    <property name="java.ext.dirs" value="C:\Program Files\Java\jdk1.8.0_202\jre\lib\ext;C:\Windows\Sun\Java\lib\ext"/>
    <property name="sun.io.unicode.encoding" value="UnicodeLittle"/>
    <property name="java.class.version" value="52.0"/>
  </properties>
  <testcase name="as user i want to choose product and add product to cart" classname="As a user i have choose product so that i can order product" time="49.566">
    <system-out><![CDATA[15:09:17.968 [main] DEBUG net.thucydides.core.guice.Injectors - Created injector for module net.thucydides.core.guice.ThucydidesModule
15:09:18.377 [main] DEBUG io.cucumber.core.plugin.SerenityReporter - Running feature from file:///D:/D/QE_Alta/MiniProject/Web/Pilih-Beli-Produk/src/test/resources/features/PilihProduk.feature
15:09:18.627 [main] DEBUG net.thucydides.core.guice.Injectors - Created injector for module net.thucydides.core.guice.webdriver.WebDriverModule
15:09:18.653 [main] INFO  - 

-------------------------------------------------------------------------------------
     _______. _______ .______       _______ .__   __.  __  .___________.____    ____ 
    /       ||   ____||   _  \     |   ____||  \ |  | |  | |           |\   \  /   / 
   |   (----`|  |__   |  |_)  |    |  |__   |   \|  | |  | `---|  |----` \   \/   /  
    \   \    |   __|  |      /     |   __|  |  . `  | |  |     |  |       \_    _/   
.----)   |   |  |____ |  |\  \----.|  |____ |  |\   | |  |     |  |         |  |     
|_______/    |_______|| _| `._____||_______||__| \__| |__|     |__|         |__|    
                                                                                     
 News and tutorials at http://www.serenity-bdd.info                                  
 Documentation at https://wakaleo.gitbooks.io/the-serenity-book/content/             
 Join the Serenity Community on Gitter: https://gitter.im/serenity-bdd/serenity-core 
 Serenity BDD Support and Training at http://serenity-bdd.info/#/trainingandsupport  
-------------------------------------------------------------------------------------

15:09:18.700 [main] DEBUG net.thucydides.core.steps.StepEventBus - Test suite started for story net.thucydides.core.model.Story@5e3b7cfb
15:09:18.701 [main] INFO  - Test Suite Started: As a user i have choose product so that i can order product
15:09:18.723 [main] DEBUG io.cucumber.core.plugin.SerenityReporter - Running feature from file:///D:/D/QE_Alta/MiniProject/Web/Pilih-Beli-Produk/src/test/resources/features/PilihProduk.feature
15:09:18.726 [main] DEBUG net.thucydides.core.steps.StepEventBus - Test suite started for story net.thucydides.core.model.Story@5e3b7cfb
15:09:18.727 [main] INFO  - Test Suite Started: As a user i have choose product so that i can order product

@TestCaseMPAAAC-14
Scenario: as user i want to choose product and add product to cart &amp#27;[90m# src/test/resources/features/PilihProduk.feature:4&amp#27;[0m
15:09:18.849 [main] DEBUG io.cucumber.core.plugin.SerenityReporter - Running feature from file:///D:/D/QE_Alta/MiniProject/Web/Pilih-Beli-Produk/src/test/resources/features/PilihProduk.feature
15:09:19.061 [main] INFO  - 
  _____   ___   ___   _____     ___   _____     _     ___   _____   ___   ___  
 |_   _| | __| / __| |_   _|   / __| |_   _|   /_\   | _ \ |_   _| | __| |   \ 
   | |   | _|  \__ \   | |     \__ \   | |    / _ \  |   /   | |   | _|  | |) |
   |_|   |___| |___/   |_|     |___/   |_|   /_/ \_\ |_|_\   |_|   |___| |___/ 

as user i want to choose product and add product to cart(as-a-user-i-have-choose-product-so-that-i-can-order-product;as-user-i-want-to-choose-product-and-add-product-to-cart)
--------------------------------------------------------------------------------
15:09:19.133 [main] DEBUG net.thucydides.core.requirements.model.cucumber.CucumberParser - Loading feature D:\D\QE_Alta\MiniProject\Web\Pilih-Beli-Produk\src\test\resources\features\PilihProduk.feature
15:09:20.209 [main] DEBUG net.thucydides.core.steps.StepInterceptor - STARTING STEP: LoginSteps.userOnLoginPage - onLoginPage
15:09:20.255 [main] INFO net.serenitybdd.core.webdriver.driverproviders.DriverProvider - Using WebDriverManager configuration for chrome
15:09:21.561 [main] DEBUG io.github.bonigarcia.wdm.cache.ResolutionCache - Resolution chrome=112 in cache (valid until 15:33:17 25/04/2023 ICT)
15:09:21.563 [main] DEBUG io.github.bonigarcia.wdm.cache.ResolutionCache - Resolution chrome112=112.0.5615.49 in cache (valid until 14:33:17 26/04/2023 ICT)
15:09:21.565 [main] INFO io.github.bonigarcia.wdm.WebDriverManager - Using chromedriver 112.0.5615.49 (resolved driver for Chrome 112)
15:09:21.589 [main] DEBUG io.github.bonigarcia.wdm.WebDriverManager - Driver chromedriver 112.0.5615.49 found in cache
15:09:21.591 [main] INFO io.github.bonigarcia.wdm.WebDriverManager - Exporting webdriver.chrome.driver as C:\Users\ADW User ACR\.cache\selenium\chromedriver\win32\112.0.5615.49\chromedriver.exe
15:09:21.700 [main] INFO net.serenitybdd.core.webdriver.driverproviders.ChromeDriverProvider - Starting Chrome driver instance with capabilities:
15:09:21.703 [main] INFO net.serenitybdd.core.webdriver.driverproviders.ChromeDriverProvider - Capabilities {acceptInsecureCerts: true, browserName: chrome, goog:chromeOptions: {args: [remote-allow-origins=*, test-type, no-sandbox, ignore-certificate-errors, start-maximized, incognito, disable-infobars, disable-gpu, disable-default-apps, disable-popup-blocking, remote-allow-origins=*, test-type, no-sandbox, ignore-certificate-errors, start-maximized, incognito, disable-infobars, disable-gpu, disable-default-apps, disable-popup-blocking, remote-allow-origins=*], extensions: []}}
15:09:21.847 [main] DEBUG io.netty.util.internal.logging.InternalLoggerFactory - Using SLF4J as the default logging framework
15:09:21.857 [main] DEBUG io.netty.util.ResourceLeakDetector - -Dio.netty.leakDetection.level: simple
15:09:21.857 [main] DEBUG io.netty.util.ResourceLeakDetector - -Dio.netty.leakDetection.targetRecords: 4
15:09:21.866 [main] DEBUG io.netty.util.ResourceLeakDetectorFactory - Loaded default ResourceLeakDetector: io.netty.util.ResourceLeakDetector@ba17be6
15:09:21.903 [main] DEBUG io.netty.util.internal.PlatformDependent0 - -Dio.netty.noUnsafe: false
15:09:21.903 [main] DEBUG io.netty.util.internal.PlatformDependent0 - Java version: 8
15:09:21.904 [main] DEBUG io.netty.util.internal.PlatformDependent0 - sun.misc.Unsafe.theUnsafe: available
15:09:21.905 [main] DEBUG io.netty.util.internal.PlatformDependent0 - sun.misc.Unsafe.copyMemory: available
15:09:21.906 [main] DEBUG io.netty.util.internal.PlatformDependent0 - sun.misc.Unsafe.storeFence: available
15:09:21.907 [main] DEBUG io.netty.util.internal.PlatformDependent0 - java.nio.Buffer.address: available
15:09:21.908 [main] DEBUG io.netty.util.internal.PlatformDependent0 - direct buffer constructor: available
15:09:21.908 [main] DEBUG io.netty.util.internal.PlatformDependent0 - java.nio.Bits.unaligned: available, true
15:09:21.908 [main] DEBUG io.netty.util.internal.PlatformDependent0 - jdk.internal.misc.Unsafe.allocateUninitializedArray(int): unavailable prior to Java9
15:09:21.908 [main] DEBUG io.netty.util.internal.PlatformDependent0 - java.nio.DirectByteBuffer.<init>(long, int): available
15:09:21.908 [main] DEBUG io.netty.util.internal.PlatformDependent - sun.misc.Unsafe: available
15:09:21.909 [main] DEBUG io.netty.util.internal.PlatformDependent - -Dio.netty.tmpdir: C:\Users\ADWUSE~1\AppData\Local\Temp (java.io.tmpdir)
15:09:21.909 [main] DEBUG io.netty.util.internal.PlatformDependent - -Dio.netty.bitMode: 64 (sun.arch.data.model)
15:09:21.909 [main] DEBUG io.netty.util.internal.PlatformDependent - Platform: Windows
15:09:21.911 [main] DEBUG io.netty.util.internal.PlatformDependent - -Dio.netty.maxDirectMemory: 1840250880 bytes
15:09:21.911 [main] DEBUG io.netty.util.internal.PlatformDependent - -Dio.netty.uninitializedArrayAllocationThreshold: -1
15:09:21.925 [main] DEBUG io.netty.util.internal.CleanerJava6 - java.nio.ByteBuffer.cleaner(): available
15:09:21.925 [main] DEBUG io.netty.util.internal.PlatformDependent - -Dio.netty.noPreferDirect: false
15:09:21.942 [main] DEBUG io.netty.util.internal.PlatformDependent - org.jctools-core.MpscChunkedArrayQueue: available
15:09:21.987 [main] DEBUG io.netty.util.internal.InternalThreadLocalMap - -Dio.netty.threadLocalMap.stringBuilder.initialSize: 1024
15:09:21.987 [main] DEBUG io.netty.util.internal.InternalThreadLocalMap - -Dio.netty.threadLocalMap.stringBuilder.maxSize: 4096
15:09:22.036 [main] DEBUG io.netty.handler.ssl.JdkSslContext - Default protocols (JDK): [TLSv1.2, TLSv1.1, TLSv1] 
15:09:22.036 [main] DEBUG io.netty.handler.ssl.JdkSslContext - Default cipher suites (JDK): [TLS_ECDHE_ECDSA_WITH_AES_256_GCM_SHA384, TLS_ECDHE_ECDSA_WITH_AES_128_GCM_SHA256, TLS_ECDHE_RSA_WITH_AES_128_GCM_SHA256, TLS_ECDHE_RSA_WITH_AES_256_GCM_SHA384, TLS_ECDHE_RSA_WITH_AES_128_CBC_SHA, TLS_ECDHE_RSA_WITH_AES_256_CBC_SHA, TLS_RSA_WITH_AES_128_GCM_SHA256, TLS_RSA_WITH_AES_128_CBC_SHA, TLS_RSA_WITH_AES_256_CBC_SHA]
15:09:22.077 [main] DEBUG io.netty.channel.MultithreadEventLoopGroup - -Dio.netty.eventLoopThreads: 8
15:09:22.093 [main] DEBUG io.netty.channel.nio.NioEventLoop - -Dio.netty.noKeySetOptimization: false
15:09:22.093 [main] DEBUG io.netty.channel.nio.NioEventLoop - -Dio.netty.selectorAutoRebuildThreshold: 512
15:09:22.273 [main] DEBUG io.netty.buffer.PooledByteBufAllocator - -Dio.netty.allocator.numHeapArenas: 8
15:09:22.273 [main] DEBUG io.netty.buffer.PooledByteBufAllocator - -Dio.netty.allocator.numDirectArenas: 8
15:09:22.273 [main] DEBUG io.netty.buffer.PooledByteBufAllocator - -Dio.netty.allocator.pageSize: 8192
15:09:22.273 [main] DEBUG io.netty.buffer.PooledByteBufAllocator - -Dio.netty.allocator.maxOrder: 9
15:09:22.273 [main] DEBUG io.netty.buffer.PooledByteBufAllocator - -Dio.netty.allocator.chunkSize: 4194304
15:09:22.273 [main] DEBUG io.netty.buffer.PooledByteBufAllocator - -Dio.netty.allocator.smallCacheSize: 256
15:09:22.273 [main] DEBUG io.netty.buffer.PooledByteBufAllocator - -Dio.netty.allocator.normalCacheSize: 64
15:09:22.273 [main] DEBUG io.netty.buffer.PooledByteBufAllocator - -Dio.netty.allocator.maxCachedBufferCapacity: 32768
15:09:22.273 [main] DEBUG io.netty.buffer.PooledByteBufAllocator - -Dio.netty.allocator.cacheTrimInterval: 8192
15:09:22.274 [main] DEBUG io.netty.buffer.PooledByteBufAllocator - -Dio.netty.allocator.cacheTrimIntervalMillis: 0
15:09:22.274 [main] DEBUG io.netty.buffer.PooledByteBufAllocator - -Dio.netty.allocator.useCacheForAllThreads: false
15:09:22.274 [main] DEBUG io.netty.buffer.PooledByteBufAllocator - -Dio.netty.allocator.maxCachedByteBuffersPerChunk: 1023
15:09:22.291 [main] DEBUG io.netty.buffer.ByteBufUtil - -Dio.netty.allocator.type: pooled
15:09:22.291 [main] DEBUG io.netty.buffer.ByteBufUtil - -Dio.netty.threadLocalDirectBufferSize: 0
15:09:22.291 [main] DEBUG io.netty.buffer.ByteBufUtil - -Dio.netty.maxThreadLocalCharBufferSize: 16384
15:09:23.320 [Forwarding newSession on session null to remote] DEBUG io.netty.channel.DefaultChannelId - -Dio.netty.processId: 7828 (auto-detected)
15:09:23.324 [Forwarding newSession on session null to remote] DEBUG io.netty.util.NetUtil - -Djava.net.preferIPv4Stack: false
15:09:23.325 [Forwarding newSession on session null to remote] DEBUG io.netty.util.NetUtil - -Djava.net.preferIPv6Addresses: false
15:09:23.807 [Forwarding newSession on session null to remote] DEBUG io.netty.util.NetUtilInitializations - Loopback interface: lo (Software Loopback Interface 1, 127.0.0.1)
15:09:23.808 [Forwarding newSession on session null to remote] DEBUG io.netty.util.NetUtil - Failed to get SOMAXCONN from sysctl and file \proc\sys\net\core\somaxconn. Default: 200
15:09:23.851 [Forwarding newSession on session null to remote] DEBUG io.netty.channel.DefaultChannelId - -Dio.netty.machineId: a4:02:b9:ff:fe:26:7f:1e (auto-detected)
15:09:23.979 [AsyncHttpClient-1-2] DEBUG io.netty.buffer.AbstractByteBuf - -Dio.netty.buffer.checkAccessible: true
15:09:23.980 [AsyncHttpClient-1-2] DEBUG io.netty.buffer.AbstractByteBuf - -Dio.netty.buffer.checkBounds: true
15:09:23.980 [AsyncHttpClient-1-2] DEBUG io.netty.util.ResourceLeakDetectorFactory - Loaded default ResourceLeakDetector: io.netty.util.ResourceLeakDetector@7769fb70
15:09:24.015 [AsyncHttpClient-1-2] DEBUG org.asynchttpclient.netty.channel.NettyConnectListener - Using new Channel '[id: 0xc79303f2, L:/127.0.0.1:54979 - R:localhost/127.0.0.1:19667]' for 'POST' to '/session'
15:09:24.047 [AsyncHttpClient-1-2] DEBUG io.netty.util.Recycler - -Dio.netty.recycler.maxCapacityPerThread: 4096
15:09:24.048 [AsyncHttpClient-1-2] DEBUG io.netty.util.Recycler - -Dio.netty.recycler.ratio: 8
15:09:24.048 [AsyncHttpClient-1-2] DEBUG io.netty.util.Recycler - -Dio.netty.recycler.chunkSize: 32
15:09:24.048 [AsyncHttpClient-1-2] DEBUG io.netty.util.Recycler - -Dio.netty.recycler.blocking: false
15:09:25.845 [AsyncHttpClient-1-2] DEBUG io.netty.handler.codec.compression.Brotli - brotli4j not in the classpath; Brotli support will be unavailable.
15:09:25.846 [AsyncHttpClient-1-2] DEBUG org.asynchttpclient.netty.handler.HttpHandler - 

Request DefaultHttpRequest(decodeResult: success, version: HTTP/1.1)
POST /session HTTP/1.1
User-Agent: selenium/4.8.1 (java windows)
Content-Length: 1701
Content-Type: application/json; charset=utf-8
host: localhost:19667
accept: */*

Response DefaultHttpResponse(decodeResult: success, version: HTTP/1.1)
HTTP/1.1 200 OK
Content-Length: 861
Content-Type: application/json; charset=utf-8
cache-control: no-cache

15:09:25.866 [AsyncHttpClient-1-2] DEBUG org.asynchttpclient.netty.channel.ChannelManager - Adding key: http://localhost:19667 for channel [id: 0xc79303f2, L:/127.0.0.1:54979 - R:localhost/127.0.0.1:19667]
15:09:26.118 [AsyncHttpClient-1-3] DEBUG org.asynchttpclient.netty.channel.NettyConnectListener - Using new Channel '[id: 0x5c04eff3, L:/127.0.0.1:54988 - R:localhost/127.0.0.1:54980]' for 'GET' to '/json/version'
15:09:26.123 [AsyncHttpClient-1-3] DEBUG org.asynchttpclient.netty.handler.HttpHandler - 

Request DefaultFullHttpRequest(decodeResult: success, version: HTTP/1.1, content: EmptyByteBufBE)
GET /json/version HTTP/1.1
User-Agent: selenium/4.8.1 (java windows)
host: localhost:54980
accept: */*

Response DefaultHttpResponse(decodeResult: success, version: HTTP/1.1)
HTTP/1.1 200 OK
Content-Security-Policy: frame-ancestors 'none'
Content-Length: 424
Content-Type: application/json; charset=UTF-8

15:09:26.124 [AsyncHttpClient-1-3] DEBUG org.asynchttpclient.netty.channel.ChannelManager - Adding key: http://localhost:54980 for channel [id: 0x5c04eff3, L:/127.0.0.1:54988 - R:localhost/127.0.0.1:54980]
15:09:26.143 [main] DEBUG io.netty.util.internal.ThreadLocalRandom - -Dio.netty.initialSeedUniquifier: 0x63a40579e34dbad6
15:09:26.186 [AsyncHttpClient-1-4] DEBUG org.asynchttpclient.netty.channel.NettyConnectListener - Using new Channel '[id: 0x3cacebdf, L:/127.0.0.1:54989 - R:localhost/127.0.0.1:54980]' for 'GET' to '/devtools/browser/009cdd7c-cdaf-4d7e-97ab-fbd47f47142d'
15:09:26.188 [AsyncHttpClient-1-4] DEBUG org.asynchttpclient.netty.handler.WebSocketHandler - 

Request DefaultFullHttpRequest(decodeResult: success, version: HTTP/1.1, content: EmptyByteBufBE)
GET /devtools/browser/009cdd7c-cdaf-4d7e-97ab-fbd47f47142d HTTP/1.1
upgrade: websocket
connection: upgrade
sec-websocket-key: DueU9zuZR6iXRDcO5RWJrA==
sec-websocket-version: 13
origin: http://localhost:54980
host: localhost:54980
accept: */*
user-agent: AHC/2.1

Response DefaultHttpResponse(decodeResult: success, version: HTTP/1.1)
HTTP/1.1 101 WebSocket Protocol Handshake
Upgrade: WebSocket
Connection: Upgrade
Sec-WebSocket-Accept: 86Yws1Yme3pWo+MH5rDv0xSO7ZY=

15:09:26.366 [AsyncHttpClient-1-1] DEBUG org.asynchttpclient.netty.channel.DefaultChannelPool - Entry count for : http://localhost:54980 : 1
15:09:26.366 [AsyncHttpClient-1-1] DEBUG org.asynchttpclient.netty.channel.DefaultChannelPool - Entry count for : http://localhost:19667 : 1
15:09:26.441 [Forwarding get on session 7d9d2a7e120b0414afa232a7f005a736 to remote] DEBUG org.asynchttpclient.netty.request.NettyRequestSender - Using pooled Channel '[id: 0xc79303f2, L:/127.0.0.1:54979 - R:localhost/127.0.0.1:19667]' for 'POST' to 'http://localhost:19667/session/7d9d2a7e120b0414afa232a7f005a736/url'
15:09:26.441 [Forwarding get on session 7d9d2a7e120b0414afa232a7f005a736 to remote] DEBUG org.asynchttpclient.netty.request.NettyRequestSender - Using open Channel [id: 0xc79303f2, L:/127.0.0.1:54979 - R:localhost/127.0.0.1:19667] for POST '/session/7d9d2a7e120b0414afa232a7f005a736/url'
15:09:27.473 [AsyncHttpClient-1-1] DEBUG org.asynchttpclient.netty.channel.DefaultChannelPool - Entry count for : http://localhost:54980 : 1
15:09:27.791 [AsyncHttpClient-1-2] DEBUG org.asynchttpclient.netty.handler.HttpHandler - 

Request DefaultHttpRequest(decodeResult: success, version: HTTP/1.1)
POST /session/7d9d2a7e120b0414afa232a7f005a736/url HTTP/1.1
User-Agent: selenium/4.8.1 (java windows)
Content-Length: 74
Content-Type: application/json; charset=utf-8
host: localhost:19667
accept: */*

Response DefaultHttpResponse(decodeResult: success, version: HTTP/1.1)
HTTP/1.1 200 OK
Content-Length: 14
Content-Type: application/json; charset=utf-8
cache-control: no-cache

15:09:27.791 [AsyncHttpClient-1-2] DEBUG org.asynchttpclient.netty.channel.ChannelManager - Adding key: http://localhost:19667 for channel [id: 0xc79303f2, L:/127.0.0.1:54979 - R:localhost/127.0.0.1:19667]
15:09:27.838 [Forwarding setTimeout on session 7d9d2a7e120b0414afa232a7f005a736 to remote] DEBUG org.asynchttpclient.netty.request.NettyRequestSender - Using pooled Channel '[id: 0xc79303f2, L:/127.0.0.1:54979 - R:localhost/127.0.0.1:19667]' for 'POST' to 'http://localhost:19667/session/7d9d2a7e120b0414afa232a7f005a736/timeouts'
15:09:27.838 [Forwarding setTimeout on session 7d9d2a7e120b0414afa232a7f005a736 to remote] DEBUG org.asynchttpclient.netty.request.NettyRequestSender - Using open Channel [id: 0xc79303f2, L:/127.0.0.1:54979 - R:localhost/127.0.0.1:19667] for POST '/session/7d9d2a7e120b0414afa232a7f005a736/timeouts'
15:09:28.163 [AsyncHttpClient-1-2] DEBUG org.asynchttpclient.netty.handler.HttpHandler - 

Request DefaultHttpRequest(decodeResult: success, version: HTTP/1.1)
POST /session/7d9d2a7e120b0414afa232a7f005a736/timeouts HTTP/1.1
User-Agent: selenium/4.8.1 (java windows)
Content-Length: 22
Content-Type: application/json; charset=utf-8
host: localhost:19667
accept: */*

Response DefaultHttpResponse(decodeResult: success, version: HTTP/1.1)
HTTP/1.1 200 OK
Content-Length: 14
Content-Type: application/json; charset=utf-8
cache-control: no-cache

15:09:28.164 [AsyncHttpClient-1-2] DEBUG org.asynchttpclient.netty.channel.ChannelManager - Adding key: http://localhost:19667 for channel [id: 0xc79303f2, L:/127.0.0.1:54979 - R:localhost/127.0.0.1:19667]
15:09:28.221 [Forwarding findElement on session 7d9d2a7e120b0414afa232a7f005a736 to remote] DEBUG org.asynchttpclient.netty.request.NettyRequestSender - Using pooled Channel '[id: 0xc79303f2, L:/127.0.0.1:54979 - R:localhost/127.0.0.1:19667]' for 'POST' to 'http://localhost:19667/session/7d9d2a7e120b0414afa232a7f005a736/element'
15:09:28.222 [Forwarding findElement on session 7d9d2a7e120b0414afa232a7f005a736 to remote] DEBUG org.asynchttpclient.netty.request.NettyRequestSender - Using open Channel [id: 0xc79303f2, L:/127.0.0.1:54979 - R:localhost/127.0.0.1:19667] for POST '/session/7d9d2a7e120b0414afa232a7f005a736/element'
15:09:28.261 [AsyncHttpClient-1-2] DEBUG org.asynchttpclient.netty.handler.HttpHandler - 

Request DefaultHttpRequest(decodeResult: success, version: HTTP/1.1)
POST /session/7d9d2a7e120b0414afa232a7f005a736/element HTTP/1.1
User-Agent: selenium/4.8.1 (java windows)
Content-Length: 69
Content-Type: application/json; charset=utf-8
host: localhost:19667
accept: */*

Response DefaultHttpResponse(decodeResult: success, version: HTTP/1.1)
HTTP/1.1 200 OK
Content-Length: 88
Content-Type: application/json; charset=utf-8
cache-control: no-cache

15:09:28.262 [AsyncHttpClient-1-2] DEBUG org.asynchttpclient.netty.channel.ChannelManager - Adding key: http://localhost:19667 for channel [id: 0xc79303f2, L:/127.0.0.1:54979 - R:localhost/127.0.0.1:19667]
15:09:28.305 [Forwarding isElementDisplayed on session 7d9d2a7e120b0414afa232a7f005a736 to remote] DEBUG org.asynchttpclient.netty.request.NettyRequestSender - Using pooled Channel '[id: 0xc79303f2, L:/127.0.0.1:54979 - R:localhost/127.0.0.1:19667]' for 'POST' to 'http://localhost:19667/session/7d9d2a7e120b0414afa232a7f005a736/execute/sync'
15:09:28.306 [Forwarding isElementDisplayed on session 7d9d2a7e120b0414afa232a7f005a736 to remote] DEBUG org.asynchttpclient.netty.request.NettyRequestSender - Using open Channel [id: 0xc79303f2, L:/127.0.0.1:54979 - R:localhost/127.0.0.1:19667] for POST '/session/7d9d2a7e120b0414afa232a7f005a736/execute/sync'
15:09:28.337 [AsyncHttpClient-1-2] DEBUG org.asynchttpclient.netty.handler.HttpHandler - 

Request DefaultHttpRequest(decodeResult: success, version: HTTP/1.1)
POST /session/7d9d2a7e120b0414afa232a7f005a736/execute/sync HTTP/1.1
User-Agent: selenium/4.8.1 (java windows)
Content-Length: 48807
Content-Type: application/json; charset=utf-8
host: localhost:19667
accept: */*

Response DefaultHttpResponse(decodeResult: success, version: HTTP/1.1)
HTTP/1.1 200 OK
Content-Length: 14
Content-Type: application/json; charset=utf-8
cache-control: no-cache

15:09:28.338 [AsyncHttpClient-1-2] DEBUG org.asynchttpclient.netty.channel.ChannelManager - Adding key: http://localhost:19667 for channel [id: 0xc79303f2, L:/127.0.0.1:54979 - R:localhost/127.0.0.1:19667]
15:09:28.349 [Forwarding isElementDisplayed on session 7d9d2a7e120b0414afa232a7f005a736 to remote] DEBUG org.asynchttpclient.netty.request.NettyRequestSender - Using pooled Channel '[id: 0xc79303f2, L:/127.0.0.1:54979 - R:localhost/127.0.0.1:19667]' for 'POST' to 'http://localhost:19667/session/7d9d2a7e120b0414afa232a7f005a736/execute/sync'
15:09:28.349 [Forwarding isElementDisplayed on session 7d9d2a7e120b0414afa232a7f005a736 to remote] DEBUG org.asynchttpclient.netty.request.NettyRequestSender - Using open Channel [id: 0xc79303f2, L:/127.0.0.1:54979 - R:localhost/127.0.0.1:19667] for POST '/session/7d9d2a7e120b0414afa232a7f005a736/execute/sync'
15:09:28.372 [AsyncHttpClient-1-2] DEBUG org.asynchttpclient.netty.handler.HttpHandler - 

Request DefaultHttpRequest(decodeResult: success, version: HTTP/1.1)
POST /session/7d9d2a7e120b0414afa232a7f005a736/execute/sync HTTP/1.1
User-Agent: selenium/4.8.1 (java windows)
Content-Length: 48807
Content-Type: application/json; charset=utf-8
host: localhost:19667
accept: */*

Response DefaultHttpResponse(decodeResult: success, version: HTTP/1.1)
HTTP/1.1 200 OK
Content-Length: 14
Content-Type: application/json; charset=utf-8
cache-control: no-cache

15:09:28.372 [AsyncHttpClient-1-2] DEBUG org.asynchttpclient.netty.channel.ChannelManager - Adding key: http://localhost:19667 for channel [id: 0xc79303f2, L:/127.0.0.1:54979 - R:localhost/127.0.0.1:19667]
15:09:28.553 [AsyncHttpClient-1-1] DEBUG org.asynchttpclient.netty.channel.DefaultChannelPool - Entry count for : http://localhost:54980 : 1
15:09:28.553 [AsyncHttpClient-1-1] DEBUG org.asynchttpclient.netty.channel.DefaultChannelPool - Entry count for : http://localhost:19667 : 1
15:09:28.704 [main] DEBUG net.thucydides.core.steps.StepInterceptor - STEP DONE: onLoginPage
  &amp#27;[32mGiven &amp#27;[0m&amp#27;[32muser on login page&amp#27;[0m                                         &amp#27;[90m# starter.stepdefinitions.LoginSteps.userOnLoginPage()&amp#27;[0m
15:09:28.733 [main] DEBUG net.thucydides.core.steps.StepInterceptor - STARTING STEP: LoginSteps.userInputValidEmail - inputEmail
15:09:28.745 [Forwarding findElement on session 7d9d2a7e120b0414afa232a7f005a736 to remote] DEBUG org.asynchttpclient.netty.request.NettyRequestSender - Using pooled Channel '[id: 0xc79303f2, L:/127.0.0.1:54979 - R:localhost/127.0.0.1:19667]' for 'POST' to 'http://localhost:19667/session/7d9d2a7e120b0414afa232a7f005a736/element'
15:09:28.745 [Forwarding findElement on session 7d9d2a7e120b0414afa232a7f005a736 to remote] DEBUG org.asynchttpclient.netty.request.NettyRequestSender - Using open Channel [id: 0xc79303f2, L:/127.0.0.1:54979 - R:localhost/127.0.0.1:19667] for POST '/session/7d9d2a7e120b0414afa232a7f005a736/element'
15:09:28.760 [AsyncHttpClient-1-2] DEBUG org.asynchttpclient.netty.handler.HttpHandler - 

Request DefaultHttpRequest(decodeResult: success, version: HTTP/1.1)
POST /session/7d9d2a7e120b0414afa232a7f005a736/element HTTP/1.1
User-Agent: selenium/4.8.1 (java windows)
Content-Length: 55
Content-Type: application/json; charset=utf-8
host: localhost:19667
accept: */*

Response DefaultHttpResponse(decodeResult: success, version: HTTP/1.1)
HTTP/1.1 200 OK
Content-Length: 88
Content-Type: application/json; charset=utf-8
cache-control: no-cache

15:09:28.761 [AsyncHttpClient-1-2] DEBUG org.asynchttpclient.netty.channel.ChannelManager - Adding key: http://localhost:19667 for channel [id: 0xc79303f2, L:/127.0.0.1:54979 - R:localhost/127.0.0.1:19667]
15:09:28.772 [Forwarding clearElement on session 7d9d2a7e120b0414afa232a7f005a736 to remote] DEBUG org.asynchttpclient.netty.request.NettyRequestSender - Using pooled Channel '[id: 0xc79303f2, L:/127.0.0.1:54979 - R:localhost/127.0.0.1:19667]' for 'POST' to 'http://localhost:19667/session/7d9d2a7e120b0414afa232a7f005a736/element/4077ae6d-dc96-4eec-8872-45c09621b248/clear'
15:09:28.774 [Forwarding clearElement on session 7d9d2a7e120b0414afa232a7f005a736 to remote] DEBUG org.asynchttpclient.netty.request.NettyRequestSender - Using open Channel [id: 0xc79303f2, L:/127.0.0.1:54979 - R:localhost/127.0.0.1:19667] for POST '/session/7d9d2a7e120b0414afa232a7f005a736/element/4077ae6d-dc96-4eec-8872-45c09621b248/clear'
15:09:28.911 [AsyncHttpClient-1-2] DEBUG org.asynchttpclient.netty.handler.HttpHandler - 

Request DefaultHttpRequest(decodeResult: success, version: HTTP/1.1)
POST /session/7d9d2a7e120b0414afa232a7f005a736/element/4077ae6d-dc96-4eec-8872-45c09621b248/clear HTTP/1.1
User-Agent: selenium/4.8.1 (java windows)
Content-Length: 50
Content-Type: application/json; charset=utf-8
host: localhost:19667
accept: */*

Response DefaultHttpResponse(decodeResult: success, version: HTTP/1.1)
HTTP/1.1 200 OK
Content-Length: 14
Content-Type: application/json; charset=utf-8
cache-control: no-cache

15:09:28.911 [AsyncHttpClient-1-2] DEBUG org.asynchttpclient.netty.channel.ChannelManager - Adding key: http://localhost:19667 for channel [id: 0xc79303f2, L:/127.0.0.1:54979 - R:localhost/127.0.0.1:19667]
15:09:28.919 [Forwarding sendKeysToElement on session 7d9d2a7e120b0414afa232a7f005a736 to remote] DEBUG org.asynchttpclient.netty.request.NettyRequestSender - Using pooled Channel '[id: 0xc79303f2, L:/127.0.0.1:54979 - R:localhost/127.0.0.1:19667]' for 'POST' to 'http://localhost:19667/session/7d9d2a7e120b0414afa232a7f005a736/element/4077ae6d-dc96-4eec-8872-45c09621b248/value'
15:09:28.920 [Forwarding sendKeysToElement on session 7d9d2a7e120b0414afa232a7f005a736 to remote] DEBUG org.asynchttpclient.netty.request.NettyRequestSender - Using open Channel [id: 0xc79303f2, L:/127.0.0.1:54979 - R:localhost/127.0.0.1:19667] for POST '/session/7d9d2a7e120b0414afa232a7f005a736/element/4077ae6d-dc96-4eec-8872-45c09621b248/value'
15:09:29.067 [AsyncHttpClient-1-2] DEBUG org.asynchttpclient.netty.handler.HttpHandler - 

Request DefaultHttpRequest(decodeResult: success, version: HTTP/1.1)
POST /session/7d9d2a7e120b0414afa232a7f005a736/element/4077ae6d-dc96-4eec-8872-45c09621b248/value HTTP/1.1
User-Agent: selenium/4.8.1 (java windows)
Content-Length: 131
Content-Type: application/json; charset=utf-8
host: localhost:19667
accept: */*

Response DefaultHttpResponse(decodeResult: success, version: HTTP/1.1)
HTTP/1.1 200 OK
Content-Length: 14
Content-Type: application/json; charset=utf-8
cache-control: no-cache

15:09:29.068 [AsyncHttpClient-1-2] DEBUG org.asynchttpclient.netty.channel.ChannelManager - Adding key: http://localhost:19667 for channel [id: 0xc79303f2, L:/127.0.0.1:54979 - R:localhost/127.0.0.1:19667]
15:09:29.084 [main] DEBUG net.thucydides.core.steps.StepInterceptor - STEP DONE: inputEmail
  &amp#27;[32mWhen &amp#27;[0m&amp#27;[32muser input valid email&amp#27;[0m                                      &amp#27;[90m# starter.stepdefinitions.LoginSteps.userInputValidEmail()&amp#27;[0m
15:09:29.105 [main] DEBUG net.thucydides.core.steps.StepInterceptor - STARTING STEP: LoginSteps.userInputValidPassword - inputPassword
15:09:29.121 [Forwarding findElement on session 7d9d2a7e120b0414afa232a7f005a736 to remote] DEBUG org.asynchttpclient.netty.request.NettyRequestSender - Using pooled Channel '[id: 0xc79303f2, L:/127.0.0.1:54979 - R:localhost/127.0.0.1:19667]' for 'POST' to 'http://localhost:19667/session/7d9d2a7e120b0414afa232a7f005a736/element'
15:09:29.122 [Forwarding findElement on session 7d9d2a7e120b0414afa232a7f005a736 to remote] DEBUG org.asynchttpclient.netty.request.NettyRequestSender - Using open Channel [id: 0xc79303f2, L:/127.0.0.1:54979 - R:localhost/127.0.0.1:19667] for POST '/session/7d9d2a7e120b0414afa232a7f005a736/element'
15:09:29.152 [AsyncHttpClient-1-2] DEBUG org.asynchttpclient.netty.handler.HttpHandler - 

Request DefaultHttpRequest(decodeResult: success, version: HTTP/1.1)
POST /session/7d9d2a7e120b0414afa232a7f005a736/element HTTP/1.1
User-Agent: selenium/4.8.1 (java windows)
Content-Length: 55
Content-Type: application/json; charset=utf-8
host: localhost:19667
accept: */*

Response DefaultHttpResponse(decodeResult: success, version: HTTP/1.1)
HTTP/1.1 200 OK
Content-Length: 88
Content-Type: application/json; charset=utf-8
cache-control: no-cache

15:09:29.152 [AsyncHttpClient-1-2] DEBUG org.asynchttpclient.netty.channel.ChannelManager - Adding key: http://localhost:19667 for channel [id: 0xc79303f2, L:/127.0.0.1:54979 - R:localhost/127.0.0.1:19667]
15:09:29.155 [Forwarding clearElement on session 7d9d2a7e120b0414afa232a7f005a736 to remote] DEBUG org.asynchttpclient.netty.request.NettyRequestSender - Using pooled Channel '[id: 0xc79303f2, L:/127.0.0.1:54979 - R:localhost/127.0.0.1:19667]' for 'POST' to 'http://localhost:19667/session/7d9d2a7e120b0414afa232a7f005a736/element/b95ee98f-85a9-40c0-b2f7-f113844ece1a/clear'
15:09:29.156 [Forwarding clearElement on session 7d9d2a7e120b0414afa232a7f005a736 to remote] DEBUG org.asynchttpclient.netty.request.NettyRequestSender - Using open Channel [id: 0xc79303f2, L:/127.0.0.1:54979 - R:localhost/127.0.0.1:19667] for POST '/session/7d9d2a7e120b0414afa232a7f005a736/element/b95ee98f-85a9-40c0-b2f7-f113844ece1a/clear'
15:09:29.221 [AsyncHttpClient-1-2] DEBUG org.asynchttpclient.netty.handler.HttpHandler - 

Request DefaultHttpRequest(decodeResult: success, version: HTTP/1.1)
POST /session/7d9d2a7e120b0414afa232a7f005a736/element/b95ee98f-85a9-40c0-b2f7-f113844ece1a/clear HTTP/1.1
User-Agent: selenium/4.8.1 (java windows)
Content-Length: 50
Content-Type: application/json; charset=utf-8
host: localhost:19667
accept: */*

Response DefaultHttpResponse(decodeResult: success, version: HTTP/1.1)
HTTP/1.1 200 OK
Content-Length: 14
Content-Type: application/json; charset=utf-8
cache-control: no-cache

15:09:29.222 [AsyncHttpClient-1-2] DEBUG org.asynchttpclient.netty.channel.ChannelManager - Adding key: http://localhost:19667 for channel [id: 0xc79303f2, L:/127.0.0.1:54979 - R:localhost/127.0.0.1:19667]
15:09:29.226 [Forwarding sendKeysToElement on session 7d9d2a7e120b0414afa232a7f005a736 to remote] DEBUG org.asynchttpclient.netty.request.NettyRequestSender - Using pooled Channel '[id: 0xc79303f2, L:/127.0.0.1:54979 - R:localhost/127.0.0.1:19667]' for 'POST' to 'http://localhost:19667/session/7d9d2a7e120b0414afa232a7f005a736/element/b95ee98f-85a9-40c0-b2f7-f113844ece1a/value'
15:09:29.226 [Forwarding sendKeysToElement on session 7d9d2a7e120b0414afa232a7f005a736 to remote] DEBUG org.asynchttpclient.netty.request.NettyRequestSender - Using open Channel [id: 0xc79303f2, L:/127.0.0.1:54979 - R:localhost/127.0.0.1:19667] for POST '/session/7d9d2a7e120b0414afa232a7f005a736/element/b95ee98f-85a9-40c0-b2f7-f113844ece1a/value'
15:09:29.459 [AsyncHttpClient-1-2] DEBUG org.asynchttpclient.netty.handler.HttpHandler - 

Request DefaultHttpRequest(decodeResult: success, version: HTTP/1.1)
POST /session/7d9d2a7e120b0414afa232a7f005a736/element/b95ee98f-85a9-40c0-b2f7-f113844ece1a/value HTTP/1.1
User-Agent: selenium/4.8.1 (java windows)
Content-Length: 111
Content-Type: application/json; charset=utf-8
host: localhost:19667
accept: */*

Response DefaultHttpResponse(decodeResult: success, version: HTTP/1.1)
HTTP/1.1 200 OK
Content-Length: 14
Content-Type: application/json; charset=utf-8
cache-control: no-cache

15:09:29.460 [AsyncHttpClient-1-2] DEBUG org.asynchttpclient.netty.channel.ChannelManager - Adding key: http://localhost:19667 for channel [id: 0xc79303f2, L:/127.0.0.1:54979 - R:localhost/127.0.0.1:19667]
15:09:29.470 [main] DEBUG net.thucydides.core.steps.StepInterceptor - STEP DONE: inputPassword
  &amp#27;[32mAnd &amp#27;[0m&amp#27;[32muser input valid password&amp#27;[0m                                    &amp#27;[90m# starter.stepdefinitions.LoginSteps.userInputValidPassword()&amp#27;[0m
15:09:29.488 [main] DEBUG net.thucydides.core.steps.StepInterceptor - STARTING STEP: LoginSteps.userClickLoginButton - ClickLoginBtn
15:09:29.519 [Forwarding findElement on session 7d9d2a7e120b0414afa232a7f005a736 to remote] DEBUG org.asynchttpclient.netty.request.NettyRequestSender - Using pooled Channel '[id: 0xc79303f2, L:/127.0.0.1:54979 - R:localhost/127.0.0.1:19667]' for 'POST' to 'http://localhost:19667/session/7d9d2a7e120b0414afa232a7f005a736/element'
15:09:29.520 [Forwarding findElement on session 7d9d2a7e120b0414afa232a7f005a736 to remote] DEBUG org.asynchttpclient.netty.request.NettyRequestSender - Using open Channel [id: 0xc79303f2, L:/127.0.0.1:54979 - R:localhost/127.0.0.1:19667] for POST '/session/7d9d2a7e120b0414afa232a7f005a736/element'
15:09:29.578 [AsyncHttpClient-1-2] DEBUG org.asynchttpclient.netty.handler.HttpHandler - 

Request DefaultHttpRequest(decodeResult: success, version: HTTP/1.1)
POST /session/7d9d2a7e120b0414afa232a7f005a736/element HTTP/1.1
User-Agent: selenium/4.8.1 (java windows)
Content-Length: 69
Content-Type: application/json; charset=utf-8
host: localhost:19667
accept: */*

Response DefaultHttpResponse(decodeResult: success, version: HTTP/1.1)
HTTP/1.1 200 OK
Content-Length: 88
Content-Type: application/json; charset=utf-8
cache-control: no-cache

15:09:29.579 [AsyncHttpClient-1-2] DEBUG org.asynchttpclient.netty.channel.ChannelManager - Adding key: http://localhost:19667 for channel [id: 0xc79303f2, L:/127.0.0.1:54979 - R:localhost/127.0.0.1:19667]
15:09:29.587 [Forwarding getElementTagName on session 7d9d2a7e120b0414afa232a7f005a736 to remote] DEBUG org.asynchttpclient.netty.request.NettyRequestSender - Using pooled Channel '[id: 0xc79303f2, L:/127.0.0.1:54979 - R:localhost/127.0.0.1:19667]' for 'GET' to 'http://localhost:19667/session/7d9d2a7e120b0414afa232a7f005a736/element/f37ad800-a9c0-4241-9121-e9633e677e2b/name'
15:09:29.587 [Forwarding getElementTagName on session 7d9d2a7e120b0414afa232a7f005a736 to remote] DEBUG org.asynchttpclient.netty.request.NettyRequestSender - Using open Channel [id: 0xc79303f2, L:/127.0.0.1:54979 - R:localhost/127.0.0.1:19667] for GET '/session/7d9d2a7e120b0414afa232a7f005a736/element/f37ad800-a9c0-4241-9121-e9633e677e2b/name'
15:09:29.602 [AsyncHttpClient-1-2] DEBUG org.asynchttpclient.netty.handler.HttpHandler - 

Request DefaultFullHttpRequest(decodeResult: success, version: HTTP/1.1, content: EmptyByteBufBE)
GET /session/7d9d2a7e120b0414afa232a7f005a736/element/f37ad800-a9c0-4241-9121-e9633e677e2b/name HTTP/1.1
User-Agent: selenium/4.8.1 (java windows)
Cache-Control: no-cache
Content-Type: application/json; charset=utf-8
host: localhost:19667
accept: */*

Response DefaultHttpResponse(decodeResult: success, version: HTTP/1.1)
HTTP/1.1 200 OK
Content-Length: 16
Content-Type: application/json; charset=utf-8
cache-control: no-cache

15:09:29.603 [AsyncHttpClient-1-2] DEBUG org.asynchttpclient.netty.channel.ChannelManager - Adding key: http://localhost:19667 for channel [id: 0xc79303f2, L:/127.0.0.1:54979 - R:localhost/127.0.0.1:19667]
15:09:29.607 [Forwarding getElementTagName on session 7d9d2a7e120b0414afa232a7f005a736 to remote] DEBUG org.asynchttpclient.netty.request.NettyRequestSender - Using pooled Channel '[id: 0xc79303f2, L:/127.0.0.1:54979 - R:localhost/127.0.0.1:19667]' for 'GET' to 'http://localhost:19667/session/7d9d2a7e120b0414afa232a7f005a736/element/f37ad800-a9c0-4241-9121-e9633e677e2b/name'
15:09:29.607 [Forwarding getElementTagName on session 7d9d2a7e120b0414afa232a7f005a736 to remote] DEBUG org.asynchttpclient.netty.request.NettyRequestSender - Using open Channel [id: 0xc79303f2, L:/127.0.0.1:54979 - R:localhost/127.0.0.1:19667] for GET '/session/7d9d2a7e120b0414afa232a7f005a736/element/f37ad800-a9c0-4241-9121-e9633e677e2b/name'
15:09:29.619 [AsyncHttpClient-1-2] DEBUG org.asynchttpclient.netty.handler.HttpHandler - 

Request DefaultFullHttpRequest(decodeResult: success, version: HTTP/1.1, content: EmptyByteBufBE)
GET /session/7d9d2a7e120b0414afa232a7f005a736/element/f37ad800-a9c0-4241-9121-e9633e677e2b/name HTTP/1.1
User-Agent: selenium/4.8.1 (java windows)
Cache-Control: no-cache
Content-Type: application/json; charset=utf-8
host: localhost:19667
accept: */*

Response DefaultHttpResponse(decodeResult: success, version: HTTP/1.1)
HTTP/1.1 200 OK
Content-Length: 16
Content-Type: application/json; charset=utf-8
cache-control: no-cache

15:09:29.620 [AsyncHttpClient-1-2] DEBUG org.asynchttpclient.netty.channel.ChannelManager - Adding key: http://localhost:19667 for channel [id: 0xc79303f2, L:/127.0.0.1:54979 - R:localhost/127.0.0.1:19667]
15:09:29.626 [Forwarding findElement on session 7d9d2a7e120b0414afa232a7f005a736 to remote] DEBUG org.asynchttpclient.netty.request.NettyRequestSender - Using pooled Channel '[id: 0xc79303f2, L:/127.0.0.1:54979 - R:localhost/127.0.0.1:19667]' for 'POST' to 'http://localhost:19667/session/7d9d2a7e120b0414afa232a7f005a736/element'
15:09:29.626 [Forwarding findElement on session 7d9d2a7e120b0414afa232a7f005a736 to remote] DEBUG org.asynchttpclient.netty.request.NettyRequestSender - Using open Channel [id: 0xc79303f2, L:/127.0.0.1:54979 - R:localhost/127.0.0.1:19667] for POST '/session/7d9d2a7e120b0414afa232a7f005a736/element'
15:09:29.641 [AsyncHttpClient-1-2] DEBUG org.asynchttpclient.netty.handler.HttpHandler - 

Request DefaultHttpRequest(decodeResult: success, version: HTTP/1.1)
POST /session/7d9d2a7e120b0414afa232a7f005a736/element HTTP/1.1
User-Agent: selenium/4.8.1 (java windows)
Content-Length: 69
Content-Type: application/json; charset=utf-8
host: localhost:19667
accept: */*

Response DefaultHttpResponse(decodeResult: success, version: HTTP/1.1)
HTTP/1.1 200 OK
Content-Length: 88
Content-Type: application/json; charset=utf-8
cache-control: no-cache

15:09:29.642 [AsyncHttpClient-1-2] DEBUG org.asynchttpclient.netty.channel.ChannelManager - Adding key: http://localhost:19667 for channel [id: 0xc79303f2, L:/127.0.0.1:54979 - R:localhost/127.0.0.1:19667]
15:09:29.645 [Forwarding clickElement on session 7d9d2a7e120b0414afa232a7f005a736 to remote] DEBUG org.asynchttpclient.netty.request.NettyRequestSender - Using pooled Channel '[id: 0xc79303f2, L:/127.0.0.1:54979 - R:localhost/127.0.0.1:19667]' for 'POST' to 'http://localhost:19667/session/7d9d2a7e120b0414afa232a7f005a736/element/f37ad800-a9c0-4241-9121-e9633e677e2b/click'
15:09:29.645 [Forwarding clickElement on session 7d9d2a7e120b0414afa232a7f005a736 to remote] DEBUG org.asynchttpclient.netty.request.NettyRequestSender - Using open Channel [id: 0xc79303f2, L:/127.0.0.1:54979 - R:localhost/127.0.0.1:19667] for POST '/session/7d9d2a7e120b0414afa232a7f005a736/element/f37ad800-a9c0-4241-9121-e9633e677e2b/click'
15:09:29.652 [AsyncHttpClient-1-1] DEBUG org.asynchttpclient.netty.channel.DefaultChannelPool - Entry count for : http://localhost:54980 : 1
15:09:29.756 [AsyncHttpClient-1-2] DEBUG org.asynchttpclient.netty.handler.HttpHandler - 

Request DefaultHttpRequest(decodeResult: success, version: HTTP/1.1)
POST /session/7d9d2a7e120b0414afa232a7f005a736/element/f37ad800-a9c0-4241-9121-e9633e677e2b/click HTTP/1.1
User-Agent: selenium/4.8.1 (java windows)
Content-Length: 50
Content-Type: application/json; charset=utf-8
host: localhost:19667
accept: */*

Response DefaultHttpResponse(decodeResult: success, version: HTTP/1.1)
HTTP/1.1 200 OK
Content-Length: 14
Content-Type: application/json; charset=utf-8
cache-control: no-cache

15:09:29.756 [AsyncHttpClient-1-2] DEBUG org.asynchttpclient.netty.channel.ChannelManager - Adding key: http://localhost:19667 for channel [id: 0xc79303f2, L:/127.0.0.1:54979 - R:localhost/127.0.0.1:19667]
15:09:29.764 [main] DEBUG net.thucydides.core.steps.StepInterceptor - STEP DONE: ClickLoginBtn
  &amp#27;[32mAnd &amp#27;[0m&amp#27;[32muser click login button&amp#27;[0m                                      &amp#27;[90m# starter.stepdefinitions.LoginSteps.userClickLoginButton()&amp#27;[0m
15:09:29.784 [main] DEBUG net.thucydides.core.steps.StepInterceptor - STARTING STEP: LoginSteps.userOnProductsPage - onProductPage
15:09:29.791 [Forwarding findElement on session 7d9d2a7e120b0414afa232a7f005a736 to remote] DEBUG org.asynchttpclient.netty.request.NettyRequestSender - Using pooled Channel '[id: 0xc79303f2, L:/127.0.0.1:54979 - R:localhost/127.0.0.1:19667]' for 'POST' to 'http://localhost:19667/session/7d9d2a7e120b0414afa232a7f005a736/element'
15:09:29.792 [Forwarding findElement on session 7d9d2a7e120b0414afa232a7f005a736 to remote] DEBUG org.asynchttpclient.netty.request.NettyRequestSender - Using open Channel [id: 0xc79303f2, L:/127.0.0.1:54979 - R:localhost/127.0.0.1:19667] for POST '/session/7d9d2a7e120b0414afa232a7f005a736/element'
15:09:30.759 [AsyncHttpClient-1-1] DEBUG org.asynchttpclient.netty.channel.DefaultChannelPool - Entry count for : http://localhost:54980 : 1
15:09:31.874 [AsyncHttpClient-1-1] DEBUG org.asynchttpclient.netty.channel.DefaultChannelPool - Entry count for : http://localhost:54980 : 1
15:09:32.951 [AsyncHttpClient-1-1] DEBUG org.asynchttpclient.netty.channel.DefaultChannelPool - Entry count for : http://localhost:54980 : 1
15:09:34.088 [AsyncHttpClient-1-1] DEBUG org.asynchttpclient.netty.channel.DefaultChannelPool - Entry count for : http://localhost:54980 : 1
15:09:35.152 [AsyncHttpClient-1-1] DEBUG org.asynchttpclient.netty.channel.DefaultChannelPool - Entry count for : http://localhost:54980 : 1
15:09:36.269 [AsyncHttpClient-1-1] DEBUG org.asynchttpclient.netty.channel.DefaultChannelPool - Entry count for : http://localhost:54980 : 1
15:09:37.352 [AsyncHttpClient-1-1] DEBUG org.asynchttpclient.netty.channel.DefaultChannelPool - Entry count for : http://localhost:54980 : 1
15:09:38.485 [AsyncHttpClient-1-1] DEBUG org.asynchttpclient.netty.channel.DefaultChannelPool - Entry count for : http://localhost:54980 : 1
15:09:39.553 [AsyncHttpClient-1-1] DEBUG org.asynchttpclient.netty.channel.DefaultChannelPool - Entry count for : http://localhost:54980 : 1
15:09:40.656 [AsyncHttpClient-1-1] DEBUG org.asynchttpclient.netty.channel.DefaultChannelPool - Entry count for : http://localhost:54980 : 1
15:09:41.750 [AsyncHttpClient-1-1] DEBUG org.asynchttpclient.netty.channel.DefaultChannelPool - Entry count for : http://localhost:54980 : 1
15:09:42.852 [AsyncHttpClient-1-1] DEBUG org.asynchttpclient.netty.channel.DefaultChannelPool - Entry count for : http://localhost:54980 : 1
15:09:44.021 [AsyncHttpClient-1-1] DEBUG org.asynchttpclient.netty.channel.DefaultChannelPool - Entry count for : http://localhost:54980 : 1
15:09:45.065 [AsyncHttpClient-1-1] DEBUG org.asynchttpclient.netty.channel.DefaultChannelPool - Entry count for : http://localhost:54980 : 1
15:09:46.157 [AsyncHttpClient-1-1] DEBUG org.asynchttpclient.netty.channel.DefaultChannelPool - Entry count for : http://localhost:54980 : 1
15:09:47.251 [AsyncHttpClient-1-1] DEBUG org.asynchttpclient.netty.channel.DefaultChannelPool - Entry count for : http://localhost:54980 : 1
15:09:48.352 [AsyncHttpClient-1-1] DEBUG org.asynchttpclient.netty.channel.DefaultChannelPool - Entry count for : http://localhost:54980 : 1
15:09:49.484 [AsyncHttpClient-1-1] DEBUG org.asynchttpclient.netty.channel.DefaultChannelPool - Entry count for : http://localhost:54980 : 1
15:09:50.553 [AsyncHttpClient-1-1] DEBUG org.asynchttpclient.netty.channel.DefaultChannelPool - Entry count for : http://localhost:54980 : 1
15:09:51.739 [AsyncHttpClient-1-1] DEBUG org.asynchttpclient.netty.channel.DefaultChannelPool - Entry count for : http://localhost:54980 : 1
15:09:52.755 [AsyncHttpClient-1-1] DEBUG org.asynchttpclient.netty.channel.DefaultChannelPool - Entry count for : http://localhost:54980 : 1
15:09:53.864 [AsyncHttpClient-1-1] DEBUG org.asynchttpclient.netty.channel.DefaultChannelPool - Entry count for : http://localhost:54980 : 1
15:09:54.957 [AsyncHttpClient-1-1] DEBUG org.asynchttpclient.netty.channel.DefaultChannelPool - Entry count for : http://localhost:54980 : 1
15:09:56.051 [AsyncHttpClient-1-1] DEBUG org.asynchttpclient.netty.channel.DefaultChannelPool - Entry count for : http://localhost:54980 : 1
15:09:57.158 [AsyncHttpClient-1-1] DEBUG org.asynchttpclient.netty.channel.DefaultChannelPool - Entry count for : http://localhost:54980 : 1
15:09:58.251 [AsyncHttpClient-1-1] DEBUG org.asynchttpclient.netty.channel.DefaultChannelPool - Entry count for : http://localhost:54980 : 1
15:09:59.356 [AsyncHttpClient-1-1] DEBUG org.asynchttpclient.netty.channel.DefaultChannelPool - Entry count for : http://localhost:54980 : 1
15:10:00.424 [AsyncHttpClient-1-2] DEBUG org.asynchttpclient.netty.handler.HttpHandler - 

Request DefaultHttpRequest(decodeResult: success, version: HTTP/1.1)
POST /session/7d9d2a7e120b0414afa232a7f005a736/element HTTP/1.1
User-Agent: selenium/4.8.1 (java windows)
Content-Length: 54
Content-Type: application/json; charset=utf-8
host: localhost:19667
accept: */*

Response DefaultHttpResponse(decodeResult: success, version: HTTP/1.1)
HTTP/1.1 200 OK
Content-Length: 88
Content-Type: application/json; charset=utf-8
cache-control: no-cache

15:10:00.424 [AsyncHttpClient-1-2] DEBUG org.asynchttpclient.netty.channel.ChannelManager - Adding key: http://localhost:19667 for channel [id: 0xc79303f2, L:/127.0.0.1:54979 - R:localhost/127.0.0.1:19667]
15:10:00.432 [Forwarding isElementDisplayed on session 7d9d2a7e120b0414afa232a7f005a736 to remote] DEBUG org.asynchttpclient.netty.request.NettyRequestSender - Using pooled Channel '[id: 0xc79303f2, L:/127.0.0.1:54979 - R:localhost/127.0.0.1:19667]' for 'POST' to 'http://localhost:19667/session/7d9d2a7e120b0414afa232a7f005a736/execute/sync'
15:10:00.432 [Forwarding isElementDisplayed on session 7d9d2a7e120b0414afa232a7f005a736 to remote] DEBUG org.asynchttpclient.netty.request.NettyRequestSender - Using open Channel [id: 0xc79303f2, L:/127.0.0.1:54979 - R:localhost/127.0.0.1:19667] for POST '/session/7d9d2a7e120b0414afa232a7f005a736/execute/sync'
15:10:00.458 [AsyncHttpClient-1-2] DEBUG org.asynchttpclient.netty.handler.HttpHandler - 

Request DefaultHttpRequest(decodeResult: success, version: HTTP/1.1)
POST /session/7d9d2a7e120b0414afa232a7f005a736/execute/sync HTTP/1.1
User-Agent: selenium/4.8.1 (java windows)
Content-Length: 48807
Content-Type: application/json; charset=utf-8
host: localhost:19667
accept: */*

Response DefaultHttpResponse(decodeResult: success, version: HTTP/1.1)
HTTP/1.1 200 OK
Content-Length: 14
Content-Type: application/json; charset=utf-8
cache-control: no-cache

15:10:00.459 [AsyncHttpClient-1-2] DEBUG org.asynchttpclient.netty.channel.ChannelManager - Adding key: http://localhost:19667 for channel [id: 0xc79303f2, L:/127.0.0.1:54979 - R:localhost/127.0.0.1:19667]
15:10:00.465 [AsyncHttpClient-1-1] DEBUG org.asynchttpclient.netty.channel.DefaultChannelPool - Entry count for : http://localhost:54980 : 1
15:10:00.466 [AsyncHttpClient-1-1] DEBUG org.asynchttpclient.netty.channel.DefaultChannelPool - Entry count for : http://localhost:19667 : 1
15:10:00.470 [Forwarding isElementDisplayed on session 7d9d2a7e120b0414afa232a7f005a736 to remote] DEBUG org.asynchttpclient.netty.request.NettyRequestSender - Using pooled Channel '[id: 0xc79303f2, L:/127.0.0.1:54979 - R:localhost/127.0.0.1:19667]' for 'POST' to 'http://localhost:19667/session/7d9d2a7e120b0414afa232a7f005a736/execute/sync'
15:10:00.470 [Forwarding isElementDisplayed on session 7d9d2a7e120b0414afa232a7f005a736 to remote] DEBUG org.asynchttpclient.netty.request.NettyRequestSender - Using open Channel [id: 0xc79303f2, L:/127.0.0.1:54979 - R:localhost/127.0.0.1:19667] for POST '/session/7d9d2a7e120b0414afa232a7f005a736/execute/sync'
15:10:00.486 [AsyncHttpClient-1-2] DEBUG org.asynchttpclient.netty.handler.HttpHandler - 

Request DefaultHttpRequest(decodeResult: success, version: HTTP/1.1)
POST /session/7d9d2a7e120b0414afa232a7f005a736/execute/sync HTTP/1.1
User-Agent: selenium/4.8.1 (java windows)
Content-Length: 48807
Content-Type: application/json; charset=utf-8
host: localhost:19667
accept: */*

Response DefaultHttpResponse(decodeResult: success, version: HTTP/1.1)
HTTP/1.1 200 OK
Content-Length: 14
Content-Type: application/json; charset=utf-8
cache-control: no-cache

15:10:00.486 [AsyncHttpClient-1-2] DEBUG org.asynchttpclient.netty.channel.ChannelManager - Adding key: http://localhost:19667 for channel [id: 0xc79303f2, L:/127.0.0.1:54979 - R:localhost/127.0.0.1:19667]
15:10:00.490 [main] DEBUG net.thucydides.core.steps.StepInterceptor - STEP DONE: onProductPage
  &amp#27;[32mAnd &amp#27;[0m&amp#27;[32muser on products page&amp#27;[0m                                        &amp#27;[90m# starter.stepdefinitions.LoginSteps.userOnProductsPage()&amp#27;[0m
15:10:00.853 [Forwarding findElement on session 7d9d2a7e120b0414afa232a7f005a736 to remote] DEBUG org.asynchttpclient.netty.request.NettyRequestSender - Using pooled Channel '[id: 0xc79303f2, L:/127.0.0.1:54979 - R:localhost/127.0.0.1:19667]' for 'POST' to 'http://localhost:19667/session/7d9d2a7e120b0414afa232a7f005a736/element'
15:10:00.853 [Forwarding findElement on session 7d9d2a7e120b0414afa232a7f005a736 to remote] DEBUG org.asynchttpclient.netty.request.NettyRequestSender - Using open Channel [id: 0xc79303f2, L:/127.0.0.1:54979 - R:localhost/127.0.0.1:19667] for POST '/session/7d9d2a7e120b0414afa232a7f005a736/element'
15:10:00.994 [AsyncHttpClient-1-2] DEBUG org.asynchttpclient.netty.handler.HttpHandler - 

Request DefaultHttpRequest(decodeResult: success, version: HTTP/1.1)
POST /session/7d9d2a7e120b0414afa232a7f005a736/element HTTP/1.1
User-Agent: selenium/4.8.1 (java windows)
Content-Length: 68
Content-Type: application/json; charset=utf-8
host: localhost:19667
accept: */*

Response DefaultHttpResponse(decodeResult: success, version: HTTP/1.1)
HTTP/1.1 200 OK
Content-Length: 88
Content-Type: application/json; charset=utf-8
cache-control: no-cache

15:10:00.994 [AsyncHttpClient-1-2] DEBUG org.asynchttpclient.netty.channel.ChannelManager - Adding key: http://localhost:19667 for channel [id: 0xc79303f2, L:/127.0.0.1:54979 - R:localhost/127.0.0.1:19667]
15:10:00.997 [Forwarding getElementTagName on session 7d9d2a7e120b0414afa232a7f005a736 to remote] DEBUG org.asynchttpclient.netty.request.NettyRequestSender - Using pooled Channel '[id: 0xc79303f2, L:/127.0.0.1:54979 - R:localhost/127.0.0.1:19667]' for 'GET' to 'http://localhost:19667/session/7d9d2a7e120b0414afa232a7f005a736/element/8f0b7225-b34b-4bff-aa82-61bae611dddd/name'
15:10:00.997 [Forwarding getElementTagName on session 7d9d2a7e120b0414afa232a7f005a736 to remote] DEBUG org.asynchttpclient.netty.request.NettyRequestSender - Using open Channel [id: 0xc79303f2, L:/127.0.0.1:54979 - R:localhost/127.0.0.1:19667] for GET '/session/7d9d2a7e120b0414afa232a7f005a736/element/8f0b7225-b34b-4bff-aa82-61bae611dddd/name'
15:10:01.002 [AsyncHttpClient-1-2] DEBUG org.asynchttpclient.netty.handler.HttpHandler - 

Request DefaultFullHttpRequest(decodeResult: success, version: HTTP/1.1, content: EmptyByteBufBE)
GET /session/7d9d2a7e120b0414afa232a7f005a736/element/8f0b7225-b34b-4bff-aa82-61bae611dddd/name HTTP/1.1
User-Agent: selenium/4.8.1 (java windows)
Cache-Control: no-cache
Content-Type: application/json; charset=utf-8
host: localhost:19667
accept: */*

Response DefaultHttpResponse(decodeResult: success, version: HTTP/1.1)
HTTP/1.1 200 OK
Content-Length: 16
Content-Type: application/json; charset=utf-8
cache-control: no-cache

15:10:01.003 [AsyncHttpClient-1-2] DEBUG org.asynchttpclient.netty.channel.ChannelManager - Adding key: http://localhost:19667 for channel [id: 0xc79303f2, L:/127.0.0.1:54979 - R:localhost/127.0.0.1:19667]
15:10:01.005 [Forwarding getElementTagName on session 7d9d2a7e120b0414afa232a7f005a736 to remote] DEBUG org.asynchttpclient.netty.request.NettyRequestSender - Using pooled Channel '[id: 0xc79303f2, L:/127.0.0.1:54979 - R:localhost/127.0.0.1:19667]' for 'GET' to 'http://localhost:19667/session/7d9d2a7e120b0414afa232a7f005a736/element/8f0b7225-b34b-4bff-aa82-61bae611dddd/name'
15:10:01.005 [Forwarding getElementTagName on session 7d9d2a7e120b0414afa232a7f005a736 to remote] DEBUG org.asynchttpclient.netty.request.NettyRequestSender - Using open Channel [id: 0xc79303f2, L:/127.0.0.1:54979 - R:localhost/127.0.0.1:19667] for GET '/session/7d9d2a7e120b0414afa232a7f005a736/element/8f0b7225-b34b-4bff-aa82-61bae611dddd/name'
15:10:01.010 [AsyncHttpClient-1-2] DEBUG org.asynchttpclient.netty.handler.HttpHandler - 

Request DefaultFullHttpRequest(decodeResult: success, version: HTTP/1.1, content: EmptyByteBufBE)
GET /session/7d9d2a7e120b0414afa232a7f005a736/element/8f0b7225-b34b-4bff-aa82-61bae611dddd/name HTTP/1.1
User-Agent: selenium/4.8.1 (java windows)
Cache-Control: no-cache
Content-Type: application/json; charset=utf-8
host: localhost:19667
accept: */*

Response DefaultHttpResponse(decodeResult: success, version: HTTP/1.1)
HTTP/1.1 200 OK
Content-Length: 16
Content-Type: application/json; charset=utf-8
cache-control: no-cache

15:10:01.011 [AsyncHttpClient-1-2] DEBUG org.asynchttpclient.netty.channel.ChannelManager - Adding key: http://localhost:19667 for channel [id: 0xc79303f2, L:/127.0.0.1:54979 - R:localhost/127.0.0.1:19667]
15:10:01.014 [Forwarding findElement on session 7d9d2a7e120b0414afa232a7f005a736 to remote] DEBUG org.asynchttpclient.netty.request.NettyRequestSender - Using pooled Channel '[id: 0xc79303f2, L:/127.0.0.1:54979 - R:localhost/127.0.0.1:19667]' for 'POST' to 'http://localhost:19667/session/7d9d2a7e120b0414afa232a7f005a736/element'
15:10:01.014 [Forwarding findElement on session 7d9d2a7e120b0414afa232a7f005a736 to remote] DEBUG org.asynchttpclient.netty.request.NettyRequestSender - Using open Channel [id: 0xc79303f2, L:/127.0.0.1:54979 - R:localhost/127.0.0.1:19667] for POST '/session/7d9d2a7e120b0414afa232a7f005a736/element'
15:10:01.050 [AsyncHttpClient-1-2] DEBUG org.asynchttpclient.netty.handler.HttpHandler - 

Request DefaultHttpRequest(decodeResult: success, version: HTTP/1.1)
POST /session/7d9d2a7e120b0414afa232a7f005a736/element HTTP/1.1
User-Agent: selenium/4.8.1 (java windows)
Content-Length: 68
Content-Type: application/json; charset=utf-8
host: localhost:19667
accept: */*

Response DefaultHttpResponse(decodeResult: success, version: HTTP/1.1)
HTTP/1.1 200 OK
Content-Length: 88
Content-Type: application/json; charset=utf-8
cache-control: no-cache

15:10:01.051 [AsyncHttpClient-1-2] DEBUG org.asynchttpclient.netty.channel.ChannelManager - Adding key: http://localhost:19667 for channel [id: 0xc79303f2, L:/127.0.0.1:54979 - R:localhost/127.0.0.1:19667]
15:10:01.053 [Forwarding clickElement on session 7d9d2a7e120b0414afa232a7f005a736 to remote] DEBUG org.asynchttpclient.netty.request.NettyRequestSender - Using pooled Channel '[id: 0xc79303f2, L:/127.0.0.1:54979 - R:localhost/127.0.0.1:19667]' for 'POST' to 'http://localhost:19667/session/7d9d2a7e120b0414afa232a7f005a736/element/8f0b7225-b34b-4bff-aa82-61bae611dddd/click'
15:10:01.053 [Forwarding clickElement on session 7d9d2a7e120b0414afa232a7f005a736 to remote] DEBUG org.asynchttpclient.netty.request.NettyRequestSender - Using open Channel [id: 0xc79303f2, L:/127.0.0.1:54979 - R:localhost/127.0.0.1:19667] for POST '/session/7d9d2a7e120b0414afa232a7f005a736/element/8f0b7225-b34b-4bff-aa82-61bae611dddd/click'
15:10:01.515 [AsyncHttpClient-1-2] DEBUG org.asynchttpclient.netty.handler.HttpHandler - 

Request DefaultHttpRequest(decodeResult: success, version: HTTP/1.1)
POST /session/7d9d2a7e120b0414afa232a7f005a736/element/8f0b7225-b34b-4bff-aa82-61bae611dddd/click HTTP/1.1
User-Agent: selenium/4.8.1 (java windows)
Content-Length: 50
Content-Type: application/json; charset=utf-8
host: localhost:19667
accept: */*

Response DefaultHttpResponse(decodeResult: success, version: HTTP/1.1)
HTTP/1.1 200 OK
Content-Length: 14
Content-Type: application/json; charset=utf-8
cache-control: no-cache

15:10:01.516 [AsyncHttpClient-1-2] DEBUG org.asynchttpclient.netty.channel.ChannelManager - Adding key: http://localhost:19667 for channel [id: 0xc79303f2, L:/127.0.0.1:54979 - R:localhost/127.0.0.1:19667]
  &amp#27;[32mWhen &amp#27;[0m&amp#27;[32muser click button Beli&amp#27;[0m                                      &amp#27;[90m# starter.stepdefinitions.ChooseProductSteps.userClickButtonBeli()&amp#27;[0m
15:10:01.537 [Forwarding findElement on session 7d9d2a7e120b0414afa232a7f005a736 to remote] DEBUG org.asynchttpclient.netty.request.NettyRequestSender - Using pooled Channel '[id: 0xc79303f2, L:/127.0.0.1:54979 - R:localhost/127.0.0.1:19667]' for 'POST' to 'http://localhost:19667/session/7d9d2a7e120b0414afa232a7f005a736/element'
15:10:01.537 [Forwarding findElement on session 7d9d2a7e120b0414afa232a7f005a736 to remote] DEBUG org.asynchttpclient.netty.request.NettyRequestSender - Using open Channel [id: 0xc79303f2, L:/127.0.0.1:54979 - R:localhost/127.0.0.1:19667] for POST '/session/7d9d2a7e120b0414afa232a7f005a736/element'
15:10:01.551 [AsyncHttpClient-1-1] DEBUG org.asynchttpclient.netty.channel.DefaultChannelPool - Entry count for : http://localhost:54980 : 1
15:10:01.653 [AsyncHttpClient-1-2] DEBUG org.asynchttpclient.netty.handler.HttpHandler - 

Request DefaultHttpRequest(decodeResult: success, version: HTTP/1.1)
POST /session/7d9d2a7e120b0414afa232a7f005a736/element HTTP/1.1
User-Agent: selenium/4.8.1 (java windows)
Content-Length: 71
Content-Type: application/json; charset=utf-8
host: localhost:19667
accept: */*

Response DefaultHttpResponse(decodeResult: success, version: HTTP/1.1)
HTTP/1.1 200 OK
Content-Length: 88
Content-Type: application/json; charset=utf-8
cache-control: no-cache

15:10:01.654 [AsyncHttpClient-1-2] DEBUG org.asynchttpclient.netty.channel.ChannelManager - Adding key: http://localhost:19667 for channel [id: 0xc79303f2, L:/127.0.0.1:54979 - R:localhost/127.0.0.1:19667]
15:10:01.657 [Forwarding getElementTagName on session 7d9d2a7e120b0414afa232a7f005a736 to remote] DEBUG org.asynchttpclient.netty.request.NettyRequestSender - Using pooled Channel '[id: 0xc79303f2, L:/127.0.0.1:54979 - R:localhost/127.0.0.1:19667]' for 'GET' to 'http://localhost:19667/session/7d9d2a7e120b0414afa232a7f005a736/element/f71034f4-1e45-4399-9ecf-bc748f341b5a/name'
15:10:01.658 [Forwarding getElementTagName on session 7d9d2a7e120b0414afa232a7f005a736 to remote] DEBUG org.asynchttpclient.netty.request.NettyRequestSender - Using open Channel [id: 0xc79303f2, L:/127.0.0.1:54979 - R:localhost/127.0.0.1:19667] for GET '/session/7d9d2a7e120b0414afa232a7f005a736/element/f71034f4-1e45-4399-9ecf-bc748f341b5a/name'
15:10:01.667 [AsyncHttpClient-1-2] DEBUG org.asynchttpclient.netty.handler.HttpHandler - 

Request DefaultFullHttpRequest(decodeResult: success, version: HTTP/1.1, content: EmptyByteBufBE)
GET /session/7d9d2a7e120b0414afa232a7f005a736/element/f71034f4-1e45-4399-9ecf-bc748f341b5a/name HTTP/1.1
User-Agent: selenium/4.8.1 (java windows)
Cache-Control: no-cache
Content-Type: application/json; charset=utf-8
host: localhost:19667
accept: */*

Response DefaultHttpResponse(decodeResult: success, version: HTTP/1.1)
HTTP/1.1 200 OK
Content-Length: 13
Content-Type: application/json; charset=utf-8
cache-control: no-cache

15:10:01.667 [AsyncHttpClient-1-2] DEBUG org.asynchttpclient.netty.channel.ChannelManager - Adding key: http://localhost:19667 for channel [id: 0xc79303f2, L:/127.0.0.1:54979 - R:localhost/127.0.0.1:19667]
15:10:01.670 [Forwarding getElementTagName on session 7d9d2a7e120b0414afa232a7f005a736 to remote] DEBUG org.asynchttpclient.netty.request.NettyRequestSender - Using pooled Channel '[id: 0xc79303f2, L:/127.0.0.1:54979 - R:localhost/127.0.0.1:19667]' for 'GET' to 'http://localhost:19667/session/7d9d2a7e120b0414afa232a7f005a736/element/f71034f4-1e45-4399-9ecf-bc748f341b5a/name'
15:10:01.670 [Forwarding getElementTagName on session 7d9d2a7e120b0414afa232a7f005a736 to remote] DEBUG org.asynchttpclient.netty.request.NettyRequestSender - Using open Channel [id: 0xc79303f2, L:/127.0.0.1:54979 - R:localhost/127.0.0.1:19667] for GET '/session/7d9d2a7e120b0414afa232a7f005a736/element/f71034f4-1e45-4399-9ecf-bc748f341b5a/name'
15:10:01.758 [AsyncHttpClient-1-2] DEBUG org.asynchttpclient.netty.handler.HttpHandler - 

Request DefaultFullHttpRequest(decodeResult: success, version: HTTP/1.1, content: EmptyByteBufBE)
GET /session/7d9d2a7e120b0414afa232a7f005a736/element/f71034f4-1e45-4399-9ecf-bc748f341b5a/name HTTP/1.1
User-Agent: selenium/4.8.1 (java windows)
Cache-Control: no-cache
Content-Type: application/json; charset=utf-8
host: localhost:19667
accept: */*

Response DefaultHttpResponse(decodeResult: success, version: HTTP/1.1)
HTTP/1.1 200 OK
Content-Length: 13
Content-Type: application/json; charset=utf-8
cache-control: no-cache

15:10:01.759 [AsyncHttpClient-1-2] DEBUG org.asynchttpclient.netty.channel.ChannelManager - Adding key: http://localhost:19667 for channel [id: 0xc79303f2, L:/127.0.0.1:54979 - R:localhost/127.0.0.1:19667]
15:10:01.764 [Forwarding findElement on session 7d9d2a7e120b0414afa232a7f005a736 to remote] DEBUG org.asynchttpclient.netty.request.NettyRequestSender - Using pooled Channel '[id: 0xc79303f2, L:/127.0.0.1:54979 - R:localhost/127.0.0.1:19667]' for 'POST' to 'http://localhost:19667/session/7d9d2a7e120b0414afa232a7f005a736/element'
15:10:01.764 [Forwarding findElement on session 7d9d2a7e120b0414afa232a7f005a736 to remote] DEBUG org.asynchttpclient.netty.request.NettyRequestSender - Using open Channel [id: 0xc79303f2, L:/127.0.0.1:54979 - R:localhost/127.0.0.1:19667] for POST '/session/7d9d2a7e120b0414afa232a7f005a736/element'
15:10:01.794 [AsyncHttpClient-1-2] DEBUG org.asynchttpclient.netty.handler.HttpHandler - 

Request DefaultHttpRequest(decodeResult: success, version: HTTP/1.1)
POST /session/7d9d2a7e120b0414afa232a7f005a736/element HTTP/1.1
User-Agent: selenium/4.8.1 (java windows)
Content-Length: 71
Content-Type: application/json; charset=utf-8
host: localhost:19667
accept: */*

Response DefaultHttpResponse(decodeResult: success, version: HTTP/1.1)
HTTP/1.1 200 OK
Content-Length: 88
Content-Type: application/json; charset=utf-8
cache-control: no-cache

15:10:01.794 [AsyncHttpClient-1-2] DEBUG org.asynchttpclient.netty.channel.ChannelManager - Adding key: http://localhost:19667 for channel [id: 0xc79303f2, L:/127.0.0.1:54979 - R:localhost/127.0.0.1:19667]
15:10:01.796 [Forwarding clickElement on session 7d9d2a7e120b0414afa232a7f005a736 to remote] DEBUG org.asynchttpclient.netty.request.NettyRequestSender - Using pooled Channel '[id: 0xc79303f2, L:/127.0.0.1:54979 - R:localhost/127.0.0.1:19667]' for 'POST' to 'http://localhost:19667/session/7d9d2a7e120b0414afa232a7f005a736/element/f71034f4-1e45-4399-9ecf-bc748f341b5a/click'
15:10:01.797 [Forwarding clickElement on session 7d9d2a7e120b0414afa232a7f005a736 to remote] DEBUG org.asynchttpclient.netty.request.NettyRequestSender - Using open Channel [id: 0xc79303f2, L:/127.0.0.1:54979 - R:localhost/127.0.0.1:19667] for POST '/session/7d9d2a7e120b0414afa232a7f005a736/element/f71034f4-1e45-4399-9ecf-bc748f341b5a/click'
15:10:02.059 [AsyncHttpClient-1-2] DEBUG org.asynchttpclient.netty.handler.HttpHandler - 

Request DefaultHttpRequest(decodeResult: success, version: HTTP/1.1)
POST /session/7d9d2a7e120b0414afa232a7f005a736/element/f71034f4-1e45-4399-9ecf-bc748f341b5a/click HTTP/1.1
User-Agent: selenium/4.8.1 (java windows)
Content-Length: 50
Content-Type: application/json; charset=utf-8
host: localhost:19667
accept: */*

Response DefaultHttpResponse(decodeResult: success, version: HTTP/1.1)
HTTP/1.1 200 OK
Content-Length: 14
Content-Type: application/json; charset=utf-8
cache-control: no-cache

15:10:02.060 [AsyncHttpClient-1-2] DEBUG org.asynchttpclient.netty.channel.ChannelManager - Adding key: http://localhost:19667 for channel [id: 0xc79303f2, L:/127.0.0.1:54979 - R:localhost/127.0.0.1:19667]
  &amp#27;[32mAnd &amp#27;[0m&amp#27;[32muser click cart&amp#27;[0m                                              &amp#27;[90m# starter.stepdefinitions.ChooseProductSteps.userClickCart()&amp#27;[0m
15:10:02.080 [Forwarding findElement on session 7d9d2a7e120b0414afa232a7f005a736 to remote] DEBUG org.asynchttpclient.netty.request.NettyRequestSender - Using pooled Channel '[id: 0xc79303f2, L:/127.0.0.1:54979 - R:localhost/127.0.0.1:19667]' for 'POST' to 'http://localhost:19667/session/7d9d2a7e120b0414afa232a7f005a736/element'
15:10:02.080 [Forwarding findElement on session 7d9d2a7e120b0414afa232a7f005a736 to remote] DEBUG org.asynchttpclient.netty.request.NettyRequestSender - Using open Channel [id: 0xc79303f2, L:/127.0.0.1:54979 - R:localhost/127.0.0.1:19667] for POST '/session/7d9d2a7e120b0414afa232a7f005a736/element'
15:10:02.657 [AsyncHttpClient-1-1] DEBUG org.asynchttpclient.netty.channel.DefaultChannelPool - Entry count for : http://localhost:54980 : 1
15:10:03.757 [AsyncHttpClient-1-1] DEBUG org.asynchttpclient.netty.channel.DefaultChannelPool - Entry count for : http://localhost:54980 : 1
15:10:04.860 [AsyncHttpClient-1-1] DEBUG org.asynchttpclient.netty.channel.DefaultChannelPool - Entry count for : http://localhost:54980 : 1
15:10:05.954 [AsyncHttpClient-1-1] DEBUG org.asynchttpclient.netty.channel.DefaultChannelPool - Entry count for : http://localhost:54980 : 1
15:10:06.673 [AsyncHttpClient-1-2] DEBUG org.asynchttpclient.netty.handler.HttpHandler - 

Request DefaultHttpRequest(decodeResult: success, version: HTTP/1.1)
POST /session/7d9d2a7e120b0414afa232a7f005a736/element HTTP/1.1
User-Agent: selenium/4.8.1 (java windows)
Content-Length: 71
Content-Type: application/json; charset=utf-8
host: localhost:19667
accept: */*

Response DefaultHttpResponse(decodeResult: success, version: HTTP/1.1)
HTTP/1.1 200 OK
Content-Length: 88
Content-Type: application/json; charset=utf-8
cache-control: no-cache

15:10:06.674 [AsyncHttpClient-1-2] DEBUG org.asynchttpclient.netty.channel.ChannelManager - Adding key: http://localhost:19667 for channel [id: 0xc79303f2, L:/127.0.0.1:54979 - R:localhost/127.0.0.1:19667]
15:10:06.680 [Forwarding isElementDisplayed on session 7d9d2a7e120b0414afa232a7f005a736 to remote] DEBUG org.asynchttpclient.netty.request.NettyRequestSender - Using pooled Channel '[id: 0xc79303f2, L:/127.0.0.1:54979 - R:localhost/127.0.0.1:19667]' for 'POST' to 'http://localhost:19667/session/7d9d2a7e120b0414afa232a7f005a736/execute/sync'
15:10:06.680 [Forwarding isElementDisplayed on session 7d9d2a7e120b0414afa232a7f005a736 to remote] DEBUG org.asynchttpclient.netty.request.NettyRequestSender - Using open Channel [id: 0xc79303f2, L:/127.0.0.1:54979 - R:localhost/127.0.0.1:19667] for POST '/session/7d9d2a7e120b0414afa232a7f005a736/execute/sync'
15:10:06.694 [AsyncHttpClient-1-2] DEBUG org.asynchttpclient.netty.handler.HttpHandler - 

Request DefaultHttpRequest(decodeResult: success, version: HTTP/1.1)
POST /session/7d9d2a7e120b0414afa232a7f005a736/execute/sync HTTP/1.1
User-Agent: selenium/4.8.1 (java windows)
Content-Length: 48807
Content-Type: application/json; charset=utf-8
host: localhost:19667
accept: */*

Response DefaultHttpResponse(decodeResult: success, version: HTTP/1.1)
HTTP/1.1 200 OK
Content-Length: 14
Content-Type: application/json; charset=utf-8
cache-control: no-cache

15:10:06.694 [AsyncHttpClient-1-2] DEBUG org.asynchttpclient.netty.channel.ChannelManager - Adding key: http://localhost:19667 for channel [id: 0xc79303f2, L:/127.0.0.1:54979 - R:localhost/127.0.0.1:19667]
15:10:06.700 [Forwarding isElementDisplayed on session 7d9d2a7e120b0414afa232a7f005a736 to remote] DEBUG org.asynchttpclient.netty.request.NettyRequestSender - Using pooled Channel '[id: 0xc79303f2, L:/127.0.0.1:54979 - R:localhost/127.0.0.1:19667]' for 'POST' to 'http://localhost:19667/session/7d9d2a7e120b0414afa232a7f005a736/execute/sync'
15:10:06.700 [Forwarding isElementDisplayed on session 7d9d2a7e120b0414afa232a7f005a736 to remote] DEBUG org.asynchttpclient.netty.request.NettyRequestSender - Using open Channel [id: 0xc79303f2, L:/127.0.0.1:54979 - R:localhost/127.0.0.1:19667] for POST '/session/7d9d2a7e120b0414afa232a7f005a736/execute/sync'
15:10:06.712 [AsyncHttpClient-1-2] DEBUG org.asynchttpclient.netty.handler.HttpHandler - 

Request DefaultHttpRequest(decodeResult: success, version: HTTP/1.1)
POST /session/7d9d2a7e120b0414afa232a7f005a736/execute/sync HTTP/1.1
User-Agent: selenium/4.8.1 (java windows)
Content-Length: 48807
Content-Type: application/json; charset=utf-8
host: localhost:19667
accept: */*

Response DefaultHttpResponse(decodeResult: success, version: HTTP/1.1)
HTTP/1.1 200 OK
Content-Length: 14
Content-Type: application/json; charset=utf-8
cache-control: no-cache

15:10:06.712 [AsyncHttpClient-1-2] DEBUG org.asynchttpclient.netty.channel.ChannelManager - Adding key: http://localhost:19667 for channel [id: 0xc79303f2, L:/127.0.0.1:54979 - R:localhost/127.0.0.1:19667]
  &amp#27;[32mThen &amp#27;[0m&amp#27;[32mthe product has been successfully selected&amp#27;[0m                  &amp#27;[90m# starter.stepdefinitions.ChooseProductSteps.theProductHasBeenSuccessfullySelected()&amp#27;[0m
15:10:06.725 [main] INFO  - 
  _____   ___   ___   _____     ___     _     ___   ___   ___   ___  
 |_   _| | __| / __| |_   _|   | _ \   /_\   / __| / __| | __| |   \ 
   | |   | _|  \__ \   | |     |  _/  / _ \  \__ \ \__ \ | _|  | |) |
   |_|   |___| |___/   |_|     |_|   /_/ \_\ |___/ |___/ |___| |___/ 

as user i want to choose product and add product to cart
----------------------------------------------------------------------
15:10:06.840 [Driver Command Executor] DEBUG org.asynchttpclient.netty.request.NettyRequestSender - Using pooled Channel '[id: 0xc79303f2, L:/127.0.0.1:54979 - R:localhost/127.0.0.1:19667]' for 'DELETE' to 'http://localhost:19667/session/7d9d2a7e120b0414afa232a7f005a736'
15:10:06.841 [Driver Command Executor] DEBUG org.asynchttpclient.netty.request.NettyRequestSender - Using open Channel [id: 0xc79303f2, L:/127.0.0.1:54979 - R:localhost/127.0.0.1:19667] for DELETE '/session/7d9d2a7e120b0414afa232a7f005a736'
15:10:07.052 [AsyncHttpClient-1-1] DEBUG org.asynchttpclient.netty.channel.DefaultChannelPool - Entry count for : http://localhost:54980 : 1
15:10:07.118 [AsyncHttpClient-1-3] DEBUG org.asynchttpclient.netty.handler.HttpHandler - Unexpected I/O exception on channel [id: 0x5c04eff3, L:/127.0.0.1:54988 - R:localhost/127.0.0.1:54980]
java.io.IOException: An existing connection was forcibly closed by the remote host
	at sun.nio.ch.SocketDispatcher.read0(Native Method)
	at sun.nio.ch.SocketDispatcher.read(SocketDispatcher.java:43)
	at sun.nio.ch.IOUtil.readIntoNativeBuffer(IOUtil.java:223)
	at sun.nio.ch.IOUtil.read(IOUtil.java:192)
	at sun.nio.ch.SocketChannelImpl.read(SocketChannelImpl.java:380)
	at io.netty.buffer.PooledByteBuf.setBytes(PooledByteBuf.java:259)
	at io.netty.buffer.AbstractByteBuf.writeBytes(AbstractByteBuf.java:1132)
	at io.netty.channel.socket.nio.NioSocketChannel.doReadBytes(NioSocketChannel.java:357)
	at io.netty.channel.nio.AbstractNioByteChannel$NioByteUnsafe.read(AbstractNioByteChannel.java:151)
	at io.netty.channel.nio.NioEventLoop.processSelectedKey(NioEventLoop.java:788)
	at io.netty.channel.nio.NioEventLoop.processSelectedKeysOptimized(NioEventLoop.java:724)
	at io.netty.channel.nio.NioEventLoop.processSelectedKeys(NioEventLoop.java:650)
	at io.netty.channel.nio.NioEventLoop.run(NioEventLoop.java:562)
	at io.netty.util.concurrent.SingleThreadEventExecutor$4.run(SingleThreadEventExecutor.java:997)
	at io.netty.util.internal.ThreadExecutorMap$2.run(ThreadExecutorMap.java:74)
	at io.netty.util.concurrent.FastThreadLocalRunnable.run(FastThreadLocalRunnable.java:30)
	at java.lang.Thread.run(Thread.java:748)
15:10:07.118 [AsyncHttpClient-1-3] DEBUG org.asynchttpclient.netty.channel.ChannelManager - Closing Channel [id: 0x5c04eff3, L:/127.0.0.1:54988 - R:localhost/127.0.0.1:54980] 
15:10:07.122 [AsyncHttpClient-1-3] DEBUG org.asynchttpclient.netty.handler.HttpHandler - Channel Closed: [id: 0x5c04eff3, L:/127.0.0.1:54988 ! R:localhost/127.0.0.1:54980] with attribute DISCARD
15:10:07.141 [AsyncHttpClient-1-4] DEBUG org.asynchttpclient.netty.handler.WebSocketHandler - Unexpected I/O exception on channel [id: 0x3cacebdf, L:/127.0.0.1:54989 - R:localhost/127.0.0.1:54980]
java.io.IOException: An existing connection was forcibly closed by the remote host
	at sun.nio.ch.SocketDispatcher.read0(Native Method)
	at sun.nio.ch.SocketDispatcher.read(SocketDispatcher.java:43)
	at sun.nio.ch.IOUtil.readIntoNativeBuffer(IOUtil.java:223)
	at sun.nio.ch.IOUtil.read(IOUtil.java:192)
	at sun.nio.ch.SocketChannelImpl.read(SocketChannelImpl.java:380)
	at io.netty.buffer.PooledByteBuf.setBytes(PooledByteBuf.java:259)
	at io.netty.buffer.AbstractByteBuf.writeBytes(AbstractByteBuf.java:1132)
	at io.netty.channel.socket.nio.NioSocketChannel.doReadBytes(NioSocketChannel.java:357)
	at io.netty.channel.nio.AbstractNioByteChannel$NioByteUnsafe.read(AbstractNioByteChannel.java:151)
	at io.netty.channel.nio.NioEventLoop.processSelectedKey(NioEventLoop.java:788)
	at io.netty.channel.nio.NioEventLoop.processSelectedKeysOptimized(NioEventLoop.java:724)
	at io.netty.channel.nio.NioEventLoop.processSelectedKeys(NioEventLoop.java:650)
	at io.netty.channel.nio.NioEventLoop.run(NioEventLoop.java:562)
	at io.netty.util.concurrent.SingleThreadEventExecutor$4.run(SingleThreadEventExecutor.java:997)
	at io.netty.util.internal.ThreadExecutorMap$2.run(ThreadExecutorMap.java:74)
	at io.netty.util.concurrent.FastThreadLocalRunnable.run(FastThreadLocalRunnable.java:30)
	at java.lang.Thread.run(Thread.java:748)
15:10:07.142 [AsyncHttpClient-1-4] DEBUG org.asynchttpclient.netty.handler.WebSocketHandler - Trying to recover from dead Channel: [id: 0x3cacebdf, L:/127.0.0.1:54989 - R:localhost/127.0.0.1:54980]
15:10:07.143 [AsyncHttpClient-1-4] DEBUG org.asynchttpclient.netty.handler.WebSocketHandler - Channel Closed: [id: 0x3cacebdf, L:/127.0.0.1:54989 ! R:localhost/127.0.0.1:54980] with attribute NettyResponseFuture{currentRetry=0,
	isDone=1,
	isCancelled=0,
	asyncHandler=org.asynchttpclient.ws.WebSocketUpgradeHandler@29701f62,
	nettyRequest=org.asynchttpclient.netty.request.NettyRequest@536bd12f,
	future=java.util.concurrent.CompletableFuture@2b8c8f3d[Completed normally],
	uri=ws://localhost:54980/devtools/browser/009cdd7c-cdaf-4d7e-97ab-fbd47f47142d,
	keepAlive=true,
	redirectCount=0,
	timeoutsHolder=null,
	inAuth=0,
	touch=1682410207141}
15:10:07.143 [AsyncHttpClient-1-4] DEBUG org.asynchttpclient.netty.channel.ChannelManager - Closing Channel [id: 0x3cacebdf, L:/127.0.0.1:54989 ! R:localhost/127.0.0.1:54980] 
15:10:07.265 [AsyncHttpClient-1-2] DEBUG org.asynchttpclient.netty.handler.HttpHandler - 

Request DefaultFullHttpRequest(decodeResult: success, version: HTTP/1.1, content: EmptyByteBufBE)
DELETE /session/7d9d2a7e120b0414afa232a7f005a736 HTTP/1.1
User-Agent: selenium/4.8.1 (java windows)
Content-Type: application/json; charset=utf-8
host: localhost:19667
accept: */*

Response DefaultHttpResponse(decodeResult: success, version: HTTP/1.1)
HTTP/1.1 200 OK
Content-Length: 14
Content-Type: application/json; charset=utf-8
cache-control: no-cache

15:10:07.266 [AsyncHttpClient-1-2] DEBUG org.asynchttpclient.netty.channel.ChannelManager - Adding key: http://localhost:19667 for channel [id: 0xc79303f2, L:/127.0.0.1:54979 - R:localhost/127.0.0.1:19667]
15:10:07.757 [AsyncHttpClient-1-2] DEBUG org.asynchttpclient.netty.handler.HttpHandler - Channel Closed: [id: 0xc79303f2, L:/127.0.0.1:54979 ! R:localhost/127.0.0.1:19667] with attribute DISCARD
15:10:08.157 [AsyncHttpClient-1-1] DEBUG org.asynchttpclient.netty.channel.DefaultChannelPool - Entry count for : http://localhost:54980 : 1
15:10:08.157 [AsyncHttpClient-1-1] DEBUG org.asynchttpclient.netty.channel.DefaultChannelPool - Entry count for : http://localhost:19667 : 1
15:10:08.157 [AsyncHttpClient-1-1] DEBUG org.asynchttpclient.netty.channel.DefaultChannelPool - Adding Candidate expired Channel [id: 0x5c04eff3, L:/127.0.0.1:54988 ! R:localhost/127.0.0.1:54980] isIdleTimeoutExpired=false isRemotelyClosed=true isTtlExpired=false
15:10:08.157 [AsyncHttpClient-1-1] DEBUG org.asynchttpclient.netty.channel.DefaultChannelPool - Closing Idle Channel [id: 0x5c04eff3, L:/127.0.0.1:54988 ! R:localhost/127.0.0.1:54980]
15:10:08.158 [AsyncHttpClient-1-1] DEBUG org.asynchttpclient.netty.channel.DefaultChannelPool - Adding Candidate expired Channel [id: 0xc79303f2, L:/127.0.0.1:54979 ! R:localhost/127.0.0.1:19667] isIdleTimeoutExpired=false isRemotelyClosed=true isTtlExpired=false
15:10:08.158 [AsyncHttpClient-1-1] DEBUG org.asynchttpclient.netty.channel.DefaultChannelPool - Closing Idle Channel [id: 0xc79303f2, L:/127.0.0.1:54979 ! R:localhost/127.0.0.1:19667]
15:10:08.158 [AsyncHttpClient-1-1] DEBUG org.asynchttpclient.netty.channel.DefaultChannelPool - Closed 2 connections out of 2 in 1 ms
]]></system-out>
    <system-err><![CDATA[Starting ChromeDriver 112.0.5615.49 (bd2a7bcb881c11e8cfe3078709382934e3916914-refs/branch-heads/5615@{#936}) on port 19667
Only local connections are allowed.
Please see https://chromedriver.chromium.org/security-considerations for suggestions on keeping ChromeDriver safe.
ChromeDriver was started successfully.
Apr 25, 2023 3:09:26 PM org.openqa.selenium.devtools.CdpVersionFinder findNearestMatch
WARNING: Unable to find an exact match for CDP version 112, so returning the closest version found: 110
]]></system-err>
  </testcase>
  <testcase name="as user i can see detail product" classname="As a user i have choose product so that i can order product" time="26.319">
    <system-out><![CDATA[
@TestCaseMPAAAC-15
Scenario: as user i can see detail product &amp#27;[90m# src/test/resources/features/PilihProduk.feature:15&amp#27;[0m
15:10:08.341 [main] DEBUG io.cucumber.core.plugin.SerenityReporter - Running feature from file:///D:/D/QE_Alta/MiniProject/Web/Pilih-Beli-Produk/src/test/resources/features/PilihProduk.feature
15:10:08.346 [main] INFO  - 
  _____   ___   ___   _____     ___   _____     _     ___   _____   ___   ___  
 |_   _| | __| / __| |_   _|   / __| |_   _|   /_\   | _ \ |_   _| | __| |   \ 
   | |   | _|  \__ \   | |     \__ \   | |    / _ \  |   /   | |   | _|  | |) |
   |_|   |___| |___/   |_|     |___/   |_|   /_/ \_\ |_|_\   |_|   |___| |___/ 

as user i can see detail product(as-a-user-i-have-choose-product-so-that-i-can-order-product;as-user-i-can-see-detail-product)
--------------------------------------------------------------------------------
15:10:08.382 [main] DEBUG net.thucydides.core.steps.StepInterceptor - STARTING STEP: LoginSteps.userOnLoginPage - onLoginPage
15:10:08.437 [main] INFO net.serenitybdd.core.webdriver.driverproviders.ChromeDriverProvider - Starting Chrome driver instance with capabilities:
15:10:08.438 [main] INFO net.serenitybdd.core.webdriver.driverproviders.ChromeDriverProvider - Capabilities {acceptInsecureCerts: true, browserName: chrome, goog:chromeOptions: {args: [remote-allow-origins=*, test-type, no-sandbox, ignore-certificate-errors, start-maximized, incognito, disable-infobars, disable-gpu, disable-default-apps, disable-popup-blocking, remote-allow-origins=*, test-type, no-sandbox, ignore-certificate-errors, start-maximized, incognito, disable-infobars, disable-gpu, disable-default-apps, disable-popup-blocking, remote-allow-origins=*], extensions: []}}
15:10:09.070 [AsyncHttpClient-1-5] DEBUG org.asynchttpclient.netty.channel.NettyConnectListener - Using new Channel '[id: 0xd1d85ebc, L:/127.0.0.1:55028 - R:localhost/127.0.0.1:3590]' for 'POST' to '/session'
15:10:10.309 [AsyncHttpClient-1-5] DEBUG org.asynchttpclient.netty.handler.HttpHandler - 

Request DefaultHttpRequest(decodeResult: success, version: HTTP/1.1)
POST /session HTTP/1.1
User-Agent: selenium/4.8.1 (java windows)
Content-Length: 1701
Content-Type: application/json; charset=utf-8
host: localhost:3590
accept: */*

Response DefaultHttpResponse(decodeResult: success, version: HTTP/1.1)
HTTP/1.1 200 OK
Content-Length: 862
Content-Type: application/json; charset=utf-8
cache-control: no-cache

15:10:10.310 [AsyncHttpClient-1-5] DEBUG org.asynchttpclient.netty.channel.ChannelManager - Adding key: http://localhost:3590 for channel [id: 0xd1d85ebc, L:/127.0.0.1:55028 - R:localhost/127.0.0.1:3590]
15:10:10.355 [AsyncHttpClient-1-6] DEBUG org.asynchttpclient.netty.channel.NettyConnectListener - Using new Channel '[id: 0xd4aa516b, L:/127.0.0.1:55036 - R:localhost/127.0.0.1:55031]' for 'GET' to '/json/version'
15:10:10.358 [AsyncHttpClient-1-6] DEBUG org.asynchttpclient.netty.handler.HttpHandler - 

Request DefaultFullHttpRequest(decodeResult: success, version: HTTP/1.1, content: EmptyByteBufBE)
GET /json/version HTTP/1.1
User-Agent: selenium/4.8.1 (java windows)
host: localhost:55031
accept: */*

Response DefaultHttpResponse(decodeResult: success, version: HTTP/1.1)
HTTP/1.1 200 OK
Content-Security-Policy: frame-ancestors 'none'
Content-Length: 424
Content-Type: application/json; charset=UTF-8

15:10:10.359 [AsyncHttpClient-1-6] DEBUG org.asynchttpclient.netty.channel.ChannelManager - Adding key: http://localhost:55031 for channel [id: 0xd4aa516b, L:/127.0.0.1:55036 - R:localhost/127.0.0.1:55031]
15:10:10.362 [AsyncHttpClient-1-1] DEBUG org.asynchttpclient.netty.channel.DefaultChannelPool - Entry count for : http://localhost:55031 : 1
15:10:10.362 [AsyncHttpClient-1-1] DEBUG org.asynchttpclient.netty.channel.DefaultChannelPool - Entry count for : http://localhost:3590 : 1
15:10:10.370 [AsyncHttpClient-1-7] DEBUG org.asynchttpclient.netty.channel.NettyConnectListener - Using new Channel '[id: 0x57bba3dc, L:/127.0.0.1:55037 - R:localhost/127.0.0.1:55031]' for 'GET' to '/devtools/browser/e091e2de-f2ef-4ecd-acef-1993091f1470'
15:10:10.374 [AsyncHttpClient-1-7] DEBUG org.asynchttpclient.netty.handler.WebSocketHandler - 

Request DefaultFullHttpRequest(decodeResult: success, version: HTTP/1.1, content: EmptyByteBufBE)
GET /devtools/browser/e091e2de-f2ef-4ecd-acef-1993091f1470 HTTP/1.1
upgrade: websocket
connection: upgrade
sec-websocket-key: gEYtnqOenMx+NuayXLH62Q==
sec-websocket-version: 13
origin: http://localhost:55031
host: localhost:55031
accept: */*
user-agent: AHC/2.1

Response DefaultHttpResponse(decodeResult: success, version: HTTP/1.1)
HTTP/1.1 101 WebSocket Protocol Handshake
Upgrade: WebSocket
Connection: Upgrade
Sec-WebSocket-Accept: ottEmVAcjtcGZiTXL+ap5Az8uts=

15:10:10.386 [Forwarding get on session acac66ef810834977b03f71b7c696f42 to remote] DEBUG org.asynchttpclient.netty.request.NettyRequestSender - Using pooled Channel '[id: 0xd1d85ebc, L:/127.0.0.1:55028 - R:localhost/127.0.0.1:3590]' for 'POST' to 'http://localhost:3590/session/acac66ef810834977b03f71b7c696f42/url'
15:10:10.386 [Forwarding get on session acac66ef810834977b03f71b7c696f42 to remote] DEBUG org.asynchttpclient.netty.request.NettyRequestSender - Using open Channel [id: 0xd1d85ebc, L:/127.0.0.1:55028 - R:localhost/127.0.0.1:3590] for POST '/session/acac66ef810834977b03f71b7c696f42/url'
15:10:11.452 [AsyncHttpClient-1-1] DEBUG org.asynchttpclient.netty.channel.DefaultChannelPool - Entry count for : http://localhost:55031 : 1
15:10:12.446 [AsyncHttpClient-1-5] DEBUG org.asynchttpclient.netty.handler.HttpHandler - 

Request DefaultHttpRequest(decodeResult: success, version: HTTP/1.1)
POST /session/acac66ef810834977b03f71b7c696f42/url HTTP/1.1
User-Agent: selenium/4.8.1 (java windows)
Content-Length: 74
Content-Type: application/json; charset=utf-8
host: localhost:3590
accept: */*

Response DefaultHttpResponse(decodeResult: success, version: HTTP/1.1)
HTTP/1.1 200 OK
Content-Length: 14
Content-Type: application/json; charset=utf-8
cache-control: no-cache

15:10:12.446 [AsyncHttpClient-1-5] DEBUG org.asynchttpclient.netty.channel.ChannelManager - Adding key: http://localhost:3590 for channel [id: 0xd1d85ebc, L:/127.0.0.1:55028 - R:localhost/127.0.0.1:3590]
15:10:12.449 [Forwarding setTimeout on session acac66ef810834977b03f71b7c696f42 to remote] DEBUG org.asynchttpclient.netty.request.NettyRequestSender - Using pooled Channel '[id: 0xd1d85ebc, L:/127.0.0.1:55028 - R:localhost/127.0.0.1:3590]' for 'POST' to 'http://localhost:3590/session/acac66ef810834977b03f71b7c696f42/timeouts'
15:10:12.449 [Forwarding setTimeout on session acac66ef810834977b03f71b7c696f42 to remote] DEBUG org.asynchttpclient.netty.request.NettyRequestSender - Using open Channel [id: 0xd1d85ebc, L:/127.0.0.1:55028 - R:localhost/127.0.0.1:3590] for POST '/session/acac66ef810834977b03f71b7c696f42/timeouts'
15:10:12.451 [AsyncHttpClient-1-5] DEBUG org.asynchttpclient.netty.handler.HttpHandler - 

Request DefaultHttpRequest(decodeResult: success, version: HTTP/1.1)
POST /session/acac66ef810834977b03f71b7c696f42/timeouts HTTP/1.1
User-Agent: selenium/4.8.1 (java windows)
Content-Length: 22
Content-Type: application/json; charset=utf-8
host: localhost:3590
accept: */*

Response DefaultHttpResponse(decodeResult: success, version: HTTP/1.1)
HTTP/1.1 200 OK
Content-Length: 14
Content-Type: application/json; charset=utf-8
cache-control: no-cache

15:10:12.452 [AsyncHttpClient-1-5] DEBUG org.asynchttpclient.netty.channel.ChannelManager - Adding key: http://localhost:3590 for channel [id: 0xd1d85ebc, L:/127.0.0.1:55028 - R:localhost/127.0.0.1:3590]
15:10:12.462 [Forwarding findElement on session acac66ef810834977b03f71b7c696f42 to remote] DEBUG org.asynchttpclient.netty.request.NettyRequestSender - Using pooled Channel '[id: 0xd1d85ebc, L:/127.0.0.1:55028 - R:localhost/127.0.0.1:3590]' for 'POST' to 'http://localhost:3590/session/acac66ef810834977b03f71b7c696f42/element'
15:10:12.462 [Forwarding findElement on session acac66ef810834977b03f71b7c696f42 to remote] DEBUG org.asynchttpclient.netty.request.NettyRequestSender - Using open Channel [id: 0xd1d85ebc, L:/127.0.0.1:55028 - R:localhost/127.0.0.1:3590] for POST '/session/acac66ef810834977b03f71b7c696f42/element'
15:10:12.480 [AsyncHttpClient-1-5] DEBUG org.asynchttpclient.netty.handler.HttpHandler - 

Request DefaultHttpRequest(decodeResult: success, version: HTTP/1.1)
POST /session/acac66ef810834977b03f71b7c696f42/element HTTP/1.1
User-Agent: selenium/4.8.1 (java windows)
Content-Length: 69
Content-Type: application/json; charset=utf-8
host: localhost:3590
accept: */*

Response DefaultHttpResponse(decodeResult: success, version: HTTP/1.1)
HTTP/1.1 200 OK
Content-Length: 88
Content-Type: application/json; charset=utf-8
cache-control: no-cache

15:10:12.481 [AsyncHttpClient-1-5] DEBUG org.asynchttpclient.netty.channel.ChannelManager - Adding key: http://localhost:3590 for channel [id: 0xd1d85ebc, L:/127.0.0.1:55028 - R:localhost/127.0.0.1:3590]
15:10:12.486 [Forwarding isElementDisplayed on session acac66ef810834977b03f71b7c696f42 to remote] DEBUG org.asynchttpclient.netty.request.NettyRequestSender - Using pooled Channel '[id: 0xd1d85ebc, L:/127.0.0.1:55028 - R:localhost/127.0.0.1:3590]' for 'POST' to 'http://localhost:3590/session/acac66ef810834977b03f71b7c696f42/execute/sync'
15:10:12.486 [Forwarding isElementDisplayed on session acac66ef810834977b03f71b7c696f42 to remote] DEBUG org.asynchttpclient.netty.request.NettyRequestSender - Using open Channel [id: 0xd1d85ebc, L:/127.0.0.1:55028 - R:localhost/127.0.0.1:3590] for POST '/session/acac66ef810834977b03f71b7c696f42/execute/sync'
15:10:12.510 [AsyncHttpClient-1-5] DEBUG org.asynchttpclient.netty.handler.HttpHandler - 

Request DefaultHttpRequest(decodeResult: success, version: HTTP/1.1)
POST /session/acac66ef810834977b03f71b7c696f42/execute/sync HTTP/1.1
User-Agent: selenium/4.8.1 (java windows)
Content-Length: 48807
Content-Type: application/json; charset=utf-8
host: localhost:3590
accept: */*

Response DefaultHttpResponse(decodeResult: success, version: HTTP/1.1)
HTTP/1.1 200 OK
Content-Length: 14
Content-Type: application/json; charset=utf-8
cache-control: no-cache

15:10:12.510 [AsyncHttpClient-1-5] DEBUG org.asynchttpclient.netty.channel.ChannelManager - Adding key: http://localhost:3590 for channel [id: 0xd1d85ebc, L:/127.0.0.1:55028 - R:localhost/127.0.0.1:3590]
15:10:12.515 [Forwarding isElementDisplayed on session acac66ef810834977b03f71b7c696f42 to remote] DEBUG org.asynchttpclient.netty.request.NettyRequestSender - Using pooled Channel '[id: 0xd1d85ebc, L:/127.0.0.1:55028 - R:localhost/127.0.0.1:3590]' for 'POST' to 'http://localhost:3590/session/acac66ef810834977b03f71b7c696f42/execute/sync'
15:10:12.515 [Forwarding isElementDisplayed on session acac66ef810834977b03f71b7c696f42 to remote] DEBUG org.asynchttpclient.netty.request.NettyRequestSender - Using open Channel [id: 0xd1d85ebc, L:/127.0.0.1:55028 - R:localhost/127.0.0.1:3590] for POST '/session/acac66ef810834977b03f71b7c696f42/execute/sync'
15:10:12.535 [AsyncHttpClient-1-5] DEBUG org.asynchttpclient.netty.handler.HttpHandler - 

Request DefaultHttpRequest(decodeResult: success, version: HTTP/1.1)
POST /session/acac66ef810834977b03f71b7c696f42/execute/sync HTTP/1.1
User-Agent: selenium/4.8.1 (java windows)
Content-Length: 48807
Content-Type: application/json; charset=utf-8
host: localhost:3590
accept: */*

Response DefaultHttpResponse(decodeResult: success, version: HTTP/1.1)
HTTP/1.1 200 OK
Content-Length: 14
Content-Type: application/json; charset=utf-8
cache-control: no-cache

15:10:12.535 [AsyncHttpClient-1-5] DEBUG org.asynchttpclient.netty.channel.ChannelManager - Adding key: http://localhost:3590 for channel [id: 0xd1d85ebc, L:/127.0.0.1:55028 - R:localhost/127.0.0.1:3590]
15:10:12.539 [main] DEBUG net.thucydides.core.steps.StepInterceptor - STEP DONE: onLoginPage
  &amp#27;[32mGiven &amp#27;[0m&amp#27;[32muser on login page&amp#27;[0m                 &amp#27;[90m# starter.stepdefinitions.LoginSteps.userOnLoginPage()&amp#27;[0m
15:10:12.553 [main] DEBUG net.thucydides.core.steps.StepInterceptor - STARTING STEP: LoginSteps.userInputValidEmail - inputEmail
15:10:12.560 [AsyncHttpClient-1-1] DEBUG org.asynchttpclient.netty.channel.DefaultChannelPool - Entry count for : http://localhost:55031 : 1
15:10:12.560 [AsyncHttpClient-1-1] DEBUG org.asynchttpclient.netty.channel.DefaultChannelPool - Entry count for : http://localhost:3590 : 1
15:10:12.561 [Forwarding findElement on session acac66ef810834977b03f71b7c696f42 to remote] DEBUG org.asynchttpclient.netty.request.NettyRequestSender - Using pooled Channel '[id: 0xd1d85ebc, L:/127.0.0.1:55028 - R:localhost/127.0.0.1:3590]' for 'POST' to 'http://localhost:3590/session/acac66ef810834977b03f71b7c696f42/element'
15:10:12.562 [Forwarding findElement on session acac66ef810834977b03f71b7c696f42 to remote] DEBUG org.asynchttpclient.netty.request.NettyRequestSender - Using open Channel [id: 0xd1d85ebc, L:/127.0.0.1:55028 - R:localhost/127.0.0.1:3590] for POST '/session/acac66ef810834977b03f71b7c696f42/element'
15:10:12.578 [AsyncHttpClient-1-5] DEBUG org.asynchttpclient.netty.handler.HttpHandler - 

Request DefaultHttpRequest(decodeResult: success, version: HTTP/1.1)
POST /session/acac66ef810834977b03f71b7c696f42/element HTTP/1.1
User-Agent: selenium/4.8.1 (java windows)
Content-Length: 55
Content-Type: application/json; charset=utf-8
host: localhost:3590
accept: */*

Response DefaultHttpResponse(decodeResult: success, version: HTTP/1.1)
HTTP/1.1 200 OK
Content-Length: 88
Content-Type: application/json; charset=utf-8
cache-control: no-cache

15:10:12.579 [AsyncHttpClient-1-5] DEBUG org.asynchttpclient.netty.channel.ChannelManager - Adding key: http://localhost:3590 for channel [id: 0xd1d85ebc, L:/127.0.0.1:55028 - R:localhost/127.0.0.1:3590]
15:10:12.581 [Forwarding clearElement on session acac66ef810834977b03f71b7c696f42 to remote] DEBUG org.asynchttpclient.netty.request.NettyRequestSender - Using pooled Channel '[id: 0xd1d85ebc, L:/127.0.0.1:55028 - R:localhost/127.0.0.1:3590]' for 'POST' to 'http://localhost:3590/session/acac66ef810834977b03f71b7c696f42/element/c66df77c-449e-4c38-a438-b4b044e78615/clear'
15:10:12.581 [Forwarding clearElement on session acac66ef810834977b03f71b7c696f42 to remote] DEBUG org.asynchttpclient.netty.request.NettyRequestSender - Using open Channel [id: 0xd1d85ebc, L:/127.0.0.1:55028 - R:localhost/127.0.0.1:3590] for POST '/session/acac66ef810834977b03f71b7c696f42/element/c66df77c-449e-4c38-a438-b4b044e78615/clear'
15:10:12.631 [AsyncHttpClient-1-5] DEBUG org.asynchttpclient.netty.handler.HttpHandler - 

Request DefaultHttpRequest(decodeResult: success, version: HTTP/1.1)
POST /session/acac66ef810834977b03f71b7c696f42/element/c66df77c-449e-4c38-a438-b4b044e78615/clear HTTP/1.1
User-Agent: selenium/4.8.1 (java windows)
Content-Length: 50
Content-Type: application/json; charset=utf-8
host: localhost:3590
accept: */*

Response DefaultHttpResponse(decodeResult: success, version: HTTP/1.1)
HTTP/1.1 200 OK
Content-Length: 14
Content-Type: application/json; charset=utf-8
cache-control: no-cache

15:10:12.631 [AsyncHttpClient-1-5] DEBUG org.asynchttpclient.netty.channel.ChannelManager - Adding key: http://localhost:3590 for channel [id: 0xd1d85ebc, L:/127.0.0.1:55028 - R:localhost/127.0.0.1:3590]
15:10:12.634 [Forwarding sendKeysToElement on session acac66ef810834977b03f71b7c696f42 to remote] DEBUG org.asynchttpclient.netty.request.NettyRequestSender - Using pooled Channel '[id: 0xd1d85ebc, L:/127.0.0.1:55028 - R:localhost/127.0.0.1:3590]' for 'POST' to 'http://localhost:3590/session/acac66ef810834977b03f71b7c696f42/element/c66df77c-449e-4c38-a438-b4b044e78615/value'
15:10:12.634 [Forwarding sendKeysToElement on session acac66ef810834977b03f71b7c696f42 to remote] DEBUG org.asynchttpclient.netty.request.NettyRequestSender - Using open Channel [id: 0xd1d85ebc, L:/127.0.0.1:55028 - R:localhost/127.0.0.1:3590] for POST '/session/acac66ef810834977b03f71b7c696f42/element/c66df77c-449e-4c38-a438-b4b044e78615/value'
15:10:12.749 [AsyncHttpClient-1-5] DEBUG org.asynchttpclient.netty.handler.HttpHandler - 

Request DefaultHttpRequest(decodeResult: success, version: HTTP/1.1)
POST /session/acac66ef810834977b03f71b7c696f42/element/c66df77c-449e-4c38-a438-b4b044e78615/value HTTP/1.1
User-Agent: selenium/4.8.1 (java windows)
Content-Length: 131
Content-Type: application/json; charset=utf-8
host: localhost:3590
accept: */*

Response DefaultHttpResponse(decodeResult: success, version: HTTP/1.1)
HTTP/1.1 200 OK
Content-Length: 14
Content-Type: application/json; charset=utf-8
cache-control: no-cache

15:10:12.749 [AsyncHttpClient-1-5] DEBUG org.asynchttpclient.netty.channel.ChannelManager - Adding key: http://localhost:3590 for channel [id: 0xd1d85ebc, L:/127.0.0.1:55028 - R:localhost/127.0.0.1:3590]
15:10:12.756 [main] DEBUG net.thucydides.core.steps.StepInterceptor - STEP DONE: inputEmail
  &amp#27;[32mWhen &amp#27;[0m&amp#27;[32muser input valid email&amp#27;[0m              &amp#27;[90m# starter.stepdefinitions.LoginSteps.userInputValidEmail()&amp#27;[0m
15:10:12.771 [main] DEBUG net.thucydides.core.steps.StepInterceptor - STARTING STEP: LoginSteps.userInputValidPassword - inputPassword
15:10:12.776 [Forwarding findElement on session acac66ef810834977b03f71b7c696f42 to remote] DEBUG org.asynchttpclient.netty.request.NettyRequestSender - Using pooled Channel '[id: 0xd1d85ebc, L:/127.0.0.1:55028 - R:localhost/127.0.0.1:3590]' for 'POST' to 'http://localhost:3590/session/acac66ef810834977b03f71b7c696f42/element'
15:10:12.776 [Forwarding findElement on session acac66ef810834977b03f71b7c696f42 to remote] DEBUG org.asynchttpclient.netty.request.NettyRequestSender - Using open Channel [id: 0xd1d85ebc, L:/127.0.0.1:55028 - R:localhost/127.0.0.1:3590] for POST '/session/acac66ef810834977b03f71b7c696f42/element'
15:10:12.800 [AsyncHttpClient-1-5] DEBUG org.asynchttpclient.netty.handler.HttpHandler - 

Request DefaultHttpRequest(decodeResult: success, version: HTTP/1.1)
POST /session/acac66ef810834977b03f71b7c696f42/element HTTP/1.1
User-Agent: selenium/4.8.1 (java windows)
Content-Length: 55
Content-Type: application/json; charset=utf-8
host: localhost:3590
accept: */*

Response DefaultHttpResponse(decodeResult: success, version: HTTP/1.1)
HTTP/1.1 200 OK
Content-Length: 88
Content-Type: application/json; charset=utf-8
cache-control: no-cache

15:10:12.800 [AsyncHttpClient-1-5] DEBUG org.asynchttpclient.netty.channel.ChannelManager - Adding key: http://localhost:3590 for channel [id: 0xd1d85ebc, L:/127.0.0.1:55028 - R:localhost/127.0.0.1:3590]
15:10:12.802 [Forwarding clearElement on session acac66ef810834977b03f71b7c696f42 to remote] DEBUG org.asynchttpclient.netty.request.NettyRequestSender - Using pooled Channel '[id: 0xd1d85ebc, L:/127.0.0.1:55028 - R:localhost/127.0.0.1:3590]' for 'POST' to 'http://localhost:3590/session/acac66ef810834977b03f71b7c696f42/element/4825e79d-3b1d-4807-a786-542515faabb5/clear'
15:10:12.802 [Forwarding clearElement on session acac66ef810834977b03f71b7c696f42 to remote] DEBUG org.asynchttpclient.netty.request.NettyRequestSender - Using open Channel [id: 0xd1d85ebc, L:/127.0.0.1:55028 - R:localhost/127.0.0.1:3590] for POST '/session/acac66ef810834977b03f71b7c696f42/element/4825e79d-3b1d-4807-a786-542515faabb5/clear'
15:10:12.854 [AsyncHttpClient-1-5] DEBUG org.asynchttpclient.netty.handler.HttpHandler - 

Request DefaultHttpRequest(decodeResult: success, version: HTTP/1.1)
POST /session/acac66ef810834977b03f71b7c696f42/element/4825e79d-3b1d-4807-a786-542515faabb5/clear HTTP/1.1
User-Agent: selenium/4.8.1 (java windows)
Content-Length: 50
Content-Type: application/json; charset=utf-8
host: localhost:3590
accept: */*

Response DefaultHttpResponse(decodeResult: success, version: HTTP/1.1)
HTTP/1.1 200 OK
Content-Length: 14
Content-Type: application/json; charset=utf-8
cache-control: no-cache

15:10:12.855 [AsyncHttpClient-1-5] DEBUG org.asynchttpclient.netty.channel.ChannelManager - Adding key: http://localhost:3590 for channel [id: 0xd1d85ebc, L:/127.0.0.1:55028 - R:localhost/127.0.0.1:3590]
15:10:12.858 [Forwarding sendKeysToElement on session acac66ef810834977b03f71b7c696f42 to remote] DEBUG org.asynchttpclient.netty.request.NettyRequestSender - Using pooled Channel '[id: 0xd1d85ebc, L:/127.0.0.1:55028 - R:localhost/127.0.0.1:3590]' for 'POST' to 'http://localhost:3590/session/acac66ef810834977b03f71b7c696f42/element/4825e79d-3b1d-4807-a786-542515faabb5/value'
15:10:12.858 [Forwarding sendKeysToElement on session acac66ef810834977b03f71b7c696f42 to remote] DEBUG org.asynchttpclient.netty.request.NettyRequestSender - Using open Channel [id: 0xd1d85ebc, L:/127.0.0.1:55028 - R:localhost/127.0.0.1:3590] for POST '/session/acac66ef810834977b03f71b7c696f42/element/4825e79d-3b1d-4807-a786-542515faabb5/value'
15:10:12.978 [AsyncHttpClient-1-5] DEBUG org.asynchttpclient.netty.handler.HttpHandler - 

Request DefaultHttpRequest(decodeResult: success, version: HTTP/1.1)
POST /session/acac66ef810834977b03f71b7c696f42/element/4825e79d-3b1d-4807-a786-542515faabb5/value HTTP/1.1
User-Agent: selenium/4.8.1 (java windows)
Content-Length: 111
Content-Type: application/json; charset=utf-8
host: localhost:3590
accept: */*

Response DefaultHttpResponse(decodeResult: success, version: HTTP/1.1)
HTTP/1.1 200 OK
Content-Length: 14
Content-Type: application/json; charset=utf-8
cache-control: no-cache

15:10:12.978 [AsyncHttpClient-1-5] DEBUG org.asynchttpclient.netty.channel.ChannelManager - Adding key: http://localhost:3590 for channel [id: 0xd1d85ebc, L:/127.0.0.1:55028 - R:localhost/127.0.0.1:3590]
15:10:12.984 [main] DEBUG net.thucydides.core.steps.StepInterceptor - STEP DONE: inputPassword
  &amp#27;[32mAnd &amp#27;[0m&amp#27;[32muser input valid password&amp#27;[0m            &amp#27;[90m# starter.stepdefinitions.LoginSteps.userInputValidPassword()&amp#27;[0m
15:10:13.007 [main] DEBUG net.thucydides.core.steps.StepInterceptor - STARTING STEP: LoginSteps.userClickLoginButton - ClickLoginBtn
15:10:13.013 [Forwarding findElement on session acac66ef810834977b03f71b7c696f42 to remote] DEBUG org.asynchttpclient.netty.request.NettyRequestSender - Using pooled Channel '[id: 0xd1d85ebc, L:/127.0.0.1:55028 - R:localhost/127.0.0.1:3590]' for 'POST' to 'http://localhost:3590/session/acac66ef810834977b03f71b7c696f42/element'
15:10:13.013 [Forwarding findElement on session acac66ef810834977b03f71b7c696f42 to remote] DEBUG org.asynchttpclient.netty.request.NettyRequestSender - Using open Channel [id: 0xd1d85ebc, L:/127.0.0.1:55028 - R:localhost/127.0.0.1:3590] for POST '/session/acac66ef810834977b03f71b7c696f42/element'
15:10:13.036 [AsyncHttpClient-1-5] DEBUG org.asynchttpclient.netty.handler.HttpHandler - 

Request DefaultHttpRequest(decodeResult: success, version: HTTP/1.1)
POST /session/acac66ef810834977b03f71b7c696f42/element HTTP/1.1
User-Agent: selenium/4.8.1 (java windows)
Content-Length: 69
Content-Type: application/json; charset=utf-8
host: localhost:3590
accept: */*

Response DefaultHttpResponse(decodeResult: success, version: HTTP/1.1)
HTTP/1.1 200 OK
Content-Length: 88
Content-Type: application/json; charset=utf-8
cache-control: no-cache

15:10:13.037 [AsyncHttpClient-1-5] DEBUG org.asynchttpclient.netty.channel.ChannelManager - Adding key: http://localhost:3590 for channel [id: 0xd1d85ebc, L:/127.0.0.1:55028 - R:localhost/127.0.0.1:3590]
15:10:13.041 [Forwarding getElementTagName on session acac66ef810834977b03f71b7c696f42 to remote] DEBUG org.asynchttpclient.netty.request.NettyRequestSender - Using pooled Channel '[id: 0xd1d85ebc, L:/127.0.0.1:55028 - R:localhost/127.0.0.1:3590]' for 'GET' to 'http://localhost:3590/session/acac66ef810834977b03f71b7c696f42/element/23da5481-c42c-46fd-8faf-31c2f4a0d2b6/name'
15:10:13.042 [Forwarding getElementTagName on session acac66ef810834977b03f71b7c696f42 to remote] DEBUG org.asynchttpclient.netty.request.NettyRequestSender - Using open Channel [id: 0xd1d85ebc, L:/127.0.0.1:55028 - R:localhost/127.0.0.1:3590] for GET '/session/acac66ef810834977b03f71b7c696f42/element/23da5481-c42c-46fd-8faf-31c2f4a0d2b6/name'
15:10:13.049 [AsyncHttpClient-1-5] DEBUG org.asynchttpclient.netty.handler.HttpHandler - 

Request DefaultFullHttpRequest(decodeResult: success, version: HTTP/1.1, content: EmptyByteBufBE)
GET /session/acac66ef810834977b03f71b7c696f42/element/23da5481-c42c-46fd-8faf-31c2f4a0d2b6/name HTTP/1.1
User-Agent: selenium/4.8.1 (java windows)
Cache-Control: no-cache
Content-Type: application/json; charset=utf-8
host: localhost:3590
accept: */*

Response DefaultHttpResponse(decodeResult: success, version: HTTP/1.1)
HTTP/1.1 200 OK
Content-Length: 16
Content-Type: application/json; charset=utf-8
cache-control: no-cache

15:10:13.049 [AsyncHttpClient-1-5] DEBUG org.asynchttpclient.netty.channel.ChannelManager - Adding key: http://localhost:3590 for channel [id: 0xd1d85ebc, L:/127.0.0.1:55028 - R:localhost/127.0.0.1:3590]
15:10:13.052 [Forwarding getElementTagName on session acac66ef810834977b03f71b7c696f42 to remote] DEBUG org.asynchttpclient.netty.request.NettyRequestSender - Using pooled Channel '[id: 0xd1d85ebc, L:/127.0.0.1:55028 - R:localhost/127.0.0.1:3590]' for 'GET' to 'http://localhost:3590/session/acac66ef810834977b03f71b7c696f42/element/23da5481-c42c-46fd-8faf-31c2f4a0d2b6/name'
15:10:13.052 [Forwarding getElementTagName on session acac66ef810834977b03f71b7c696f42 to remote] DEBUG org.asynchttpclient.netty.request.NettyRequestSender - Using open Channel [id: 0xd1d85ebc, L:/127.0.0.1:55028 - R:localhost/127.0.0.1:3590] for GET '/session/acac66ef810834977b03f71b7c696f42/element/23da5481-c42c-46fd-8faf-31c2f4a0d2b6/name'
15:10:13.061 [AsyncHttpClient-1-5] DEBUG org.asynchttpclient.netty.handler.HttpHandler - 

Request DefaultFullHttpRequest(decodeResult: success, version: HTTP/1.1, content: EmptyByteBufBE)
GET /session/acac66ef810834977b03f71b7c696f42/element/23da5481-c42c-46fd-8faf-31c2f4a0d2b6/name HTTP/1.1
User-Agent: selenium/4.8.1 (java windows)
Cache-Control: no-cache
Content-Type: application/json; charset=utf-8
host: localhost:3590
accept: */*

Response DefaultHttpResponse(decodeResult: success, version: HTTP/1.1)
HTTP/1.1 200 OK
Content-Length: 16
Content-Type: application/json; charset=utf-8
cache-control: no-cache

15:10:13.062 [AsyncHttpClient-1-5] DEBUG org.asynchttpclient.netty.channel.ChannelManager - Adding key: http://localhost:3590 for channel [id: 0xd1d85ebc, L:/127.0.0.1:55028 - R:localhost/127.0.0.1:3590]
15:10:13.065 [Forwarding findElement on session acac66ef810834977b03f71b7c696f42 to remote] DEBUG org.asynchttpclient.netty.request.NettyRequestSender - Using pooled Channel '[id: 0xd1d85ebc, L:/127.0.0.1:55028 - R:localhost/127.0.0.1:3590]' for 'POST' to 'http://localhost:3590/session/acac66ef810834977b03f71b7c696f42/element'
15:10:13.065 [Forwarding findElement on session acac66ef810834977b03f71b7c696f42 to remote] DEBUG org.asynchttpclient.netty.request.NettyRequestSender - Using open Channel [id: 0xd1d85ebc, L:/127.0.0.1:55028 - R:localhost/127.0.0.1:3590] for POST '/session/acac66ef810834977b03f71b7c696f42/element'
15:10:13.078 [AsyncHttpClient-1-5] DEBUG org.asynchttpclient.netty.handler.HttpHandler - 

Request DefaultHttpRequest(decodeResult: success, version: HTTP/1.1)
POST /session/acac66ef810834977b03f71b7c696f42/element HTTP/1.1
User-Agent: selenium/4.8.1 (java windows)
Content-Length: 69
Content-Type: application/json; charset=utf-8
host: localhost:3590
accept: */*

Response DefaultHttpResponse(decodeResult: success, version: HTTP/1.1)
HTTP/1.1 200 OK
Content-Length: 88
Content-Type: application/json; charset=utf-8
cache-control: no-cache

15:10:13.079 [AsyncHttpClient-1-5] DEBUG org.asynchttpclient.netty.channel.ChannelManager - Adding key: http://localhost:3590 for channel [id: 0xd1d85ebc, L:/127.0.0.1:55028 - R:localhost/127.0.0.1:3590]
15:10:13.081 [Forwarding clickElement on session acac66ef810834977b03f71b7c696f42 to remote] DEBUG org.asynchttpclient.netty.request.NettyRequestSender - Using pooled Channel '[id: 0xd1d85ebc, L:/127.0.0.1:55028 - R:localhost/127.0.0.1:3590]' for 'POST' to 'http://localhost:3590/session/acac66ef810834977b03f71b7c696f42/element/23da5481-c42c-46fd-8faf-31c2f4a0d2b6/click'
15:10:13.081 [Forwarding clickElement on session acac66ef810834977b03f71b7c696f42 to remote] DEBUG org.asynchttpclient.netty.request.NettyRequestSender - Using open Channel [id: 0xd1d85ebc, L:/127.0.0.1:55028 - R:localhost/127.0.0.1:3590] for POST '/session/acac66ef810834977b03f71b7c696f42/element/23da5481-c42c-46fd-8faf-31c2f4a0d2b6/click'
15:10:13.161 [AsyncHttpClient-1-5] DEBUG org.asynchttpclient.netty.handler.HttpHandler - 

Request DefaultHttpRequest(decodeResult: success, version: HTTP/1.1)
POST /session/acac66ef810834977b03f71b7c696f42/element/23da5481-c42c-46fd-8faf-31c2f4a0d2b6/click HTTP/1.1
User-Agent: selenium/4.8.1 (java windows)
Content-Length: 50
Content-Type: application/json; charset=utf-8
host: localhost:3590
accept: */*

Response DefaultHttpResponse(decodeResult: success, version: HTTP/1.1)
HTTP/1.1 200 OK
Content-Length: 14
Content-Type: application/json; charset=utf-8
cache-control: no-cache

15:10:13.161 [AsyncHttpClient-1-5] DEBUG org.asynchttpclient.netty.channel.ChannelManager - Adding key: http://localhost:3590 for channel [id: 0xd1d85ebc, L:/127.0.0.1:55028 - R:localhost/127.0.0.1:3590]
15:10:13.167 [main] DEBUG net.thucydides.core.steps.StepInterceptor - STEP DONE: ClickLoginBtn
  &amp#27;[32mAnd &amp#27;[0m&amp#27;[32muser click login button&amp#27;[0m              &amp#27;[90m# starter.stepdefinitions.LoginSteps.userClickLoginButton()&amp#27;[0m
15:10:13.183 [main] DEBUG net.thucydides.core.steps.StepInterceptor - STARTING STEP: LoginSteps.userOnProductsPage - onProductPage
15:10:13.190 [Forwarding findElement on session acac66ef810834977b03f71b7c696f42 to remote] DEBUG org.asynchttpclient.netty.request.NettyRequestSender - Using pooled Channel '[id: 0xd1d85ebc, L:/127.0.0.1:55028 - R:localhost/127.0.0.1:3590]' for 'POST' to 'http://localhost:3590/session/acac66ef810834977b03f71b7c696f42/element'
15:10:13.190 [Forwarding findElement on session acac66ef810834977b03f71b7c696f42 to remote] DEBUG org.asynchttpclient.netty.request.NettyRequestSender - Using open Channel [id: 0xd1d85ebc, L:/127.0.0.1:55028 - R:localhost/127.0.0.1:3590] for POST '/session/acac66ef810834977b03f71b7c696f42/element'
15:10:13.673 [AsyncHttpClient-1-1] DEBUG org.asynchttpclient.netty.channel.DefaultChannelPool - Entry count for : http://localhost:55031 : 1
15:10:14.752 [AsyncHttpClient-1-1] DEBUG org.asynchttpclient.netty.channel.DefaultChannelPool - Entry count for : http://localhost:55031 : 1
15:10:15.856 [AsyncHttpClient-1-1] DEBUG org.asynchttpclient.netty.channel.DefaultChannelPool - Entry count for : http://localhost:55031 : 1
15:10:16.955 [AsyncHttpClient-1-1] DEBUG org.asynchttpclient.netty.channel.DefaultChannelPool - Entry count for : http://localhost:55031 : 1
15:10:18.060 [AsyncHttpClient-1-1] DEBUG org.asynchttpclient.netty.channel.DefaultChannelPool - Entry count for : http://localhost:55031 : 1
15:10:19.152 [AsyncHttpClient-1-1] DEBUG org.asynchttpclient.netty.channel.DefaultChannelPool - Entry count for : http://localhost:55031 : 1
15:10:20.262 [AsyncHttpClient-1-1] DEBUG org.asynchttpclient.netty.channel.DefaultChannelPool - Entry count for : http://localhost:55031 : 1
15:10:21.352 [AsyncHttpClient-1-1] DEBUG org.asynchttpclient.netty.channel.DefaultChannelPool - Entry count for : http://localhost:55031 : 1
15:10:22.454 [AsyncHttpClient-1-1] DEBUG org.asynchttpclient.netty.channel.DefaultChannelPool - Entry count for : http://localhost:55031 : 1
15:10:23.551 [AsyncHttpClient-1-1] DEBUG org.asynchttpclient.netty.channel.DefaultChannelPool - Entry count for : http://localhost:55031 : 1
15:10:24.665 [AsyncHttpClient-1-1] DEBUG org.asynchttpclient.netty.channel.DefaultChannelPool - Entry count for : http://localhost:55031 : 1
15:10:25.756 [AsyncHttpClient-1-1] DEBUG org.asynchttpclient.netty.channel.DefaultChannelPool - Entry count for : http://localhost:55031 : 1
15:10:26.853 [AsyncHttpClient-1-1] DEBUG org.asynchttpclient.netty.channel.DefaultChannelPool - Entry count for : http://localhost:55031 : 1
15:10:27.951 [AsyncHttpClient-1-1] DEBUG org.asynchttpclient.netty.channel.DefaultChannelPool - Entry count for : http://localhost:55031 : 1
15:10:29.062 [AsyncHttpClient-1-1] DEBUG org.asynchttpclient.netty.channel.DefaultChannelPool - Entry count for : http://localhost:55031 : 1
15:10:29.683 [AsyncHttpClient-1-5] DEBUG org.asynchttpclient.netty.handler.HttpHandler - 

Request DefaultHttpRequest(decodeResult: success, version: HTTP/1.1)
POST /session/acac66ef810834977b03f71b7c696f42/element HTTP/1.1
User-Agent: selenium/4.8.1 (java windows)
Content-Length: 54
Content-Type: application/json; charset=utf-8
host: localhost:3590
accept: */*

Response DefaultHttpResponse(decodeResult: success, version: HTTP/1.1)
HTTP/1.1 200 OK
Content-Length: 88
Content-Type: application/json; charset=utf-8
cache-control: no-cache

15:10:29.683 [AsyncHttpClient-1-5] DEBUG org.asynchttpclient.netty.channel.ChannelManager - Adding key: http://localhost:3590 for channel [id: 0xd1d85ebc, L:/127.0.0.1:55028 - R:localhost/127.0.0.1:3590]
15:10:29.687 [Forwarding isElementDisplayed on session acac66ef810834977b03f71b7c696f42 to remote] DEBUG org.asynchttpclient.netty.request.NettyRequestSender - Using pooled Channel '[id: 0xd1d85ebc, L:/127.0.0.1:55028 - R:localhost/127.0.0.1:3590]' for 'POST' to 'http://localhost:3590/session/acac66ef810834977b03f71b7c696f42/execute/sync'
15:10:29.687 [Forwarding isElementDisplayed on session acac66ef810834977b03f71b7c696f42 to remote] DEBUG org.asynchttpclient.netty.request.NettyRequestSender - Using open Channel [id: 0xd1d85ebc, L:/127.0.0.1:55028 - R:localhost/127.0.0.1:3590] for POST '/session/acac66ef810834977b03f71b7c696f42/execute/sync'
15:10:29.714 [AsyncHttpClient-1-5] DEBUG org.asynchttpclient.netty.handler.HttpHandler - 

Request DefaultHttpRequest(decodeResult: success, version: HTTP/1.1)
POST /session/acac66ef810834977b03f71b7c696f42/execute/sync HTTP/1.1
User-Agent: selenium/4.8.1 (java windows)
Content-Length: 48807
Content-Type: application/json; charset=utf-8
host: localhost:3590
accept: */*

Response DefaultHttpResponse(decodeResult: success, version: HTTP/1.1)
HTTP/1.1 200 OK
Content-Length: 14
Content-Type: application/json; charset=utf-8
cache-control: no-cache

15:10:29.714 [AsyncHttpClient-1-5] DEBUG org.asynchttpclient.netty.channel.ChannelManager - Adding key: http://localhost:3590 for channel [id: 0xd1d85ebc, L:/127.0.0.1:55028 - R:localhost/127.0.0.1:3590]
15:10:29.718 [Forwarding isElementDisplayed on session acac66ef810834977b03f71b7c696f42 to remote] DEBUG org.asynchttpclient.netty.request.NettyRequestSender - Using pooled Channel '[id: 0xd1d85ebc, L:/127.0.0.1:55028 - R:localhost/127.0.0.1:3590]' for 'POST' to 'http://localhost:3590/session/acac66ef810834977b03f71b7c696f42/execute/sync'
15:10:29.718 [Forwarding isElementDisplayed on session acac66ef810834977b03f71b7c696f42 to remote] DEBUG org.asynchttpclient.netty.request.NettyRequestSender - Using open Channel [id: 0xd1d85ebc, L:/127.0.0.1:55028 - R:localhost/127.0.0.1:3590] for POST '/session/acac66ef810834977b03f71b7c696f42/execute/sync'
15:10:29.728 [AsyncHttpClient-1-5] DEBUG org.asynchttpclient.netty.handler.HttpHandler - 

Request DefaultHttpRequest(decodeResult: success, version: HTTP/1.1)
POST /session/acac66ef810834977b03f71b7c696f42/execute/sync HTTP/1.1
User-Agent: selenium/4.8.1 (java windows)
Content-Length: 48807
Content-Type: application/json; charset=utf-8
host: localhost:3590
accept: */*

Response DefaultHttpResponse(decodeResult: success, version: HTTP/1.1)
HTTP/1.1 200 OK
Content-Length: 14
Content-Type: application/json; charset=utf-8
cache-control: no-cache

15:10:29.729 [AsyncHttpClient-1-5] DEBUG org.asynchttpclient.netty.channel.ChannelManager - Adding key: http://localhost:3590 for channel [id: 0xd1d85ebc, L:/127.0.0.1:55028 - R:localhost/127.0.0.1:3590]
15:10:29.731 [main] DEBUG net.thucydides.core.steps.StepInterceptor - STEP DONE: onProductPage
  &amp#27;[32mAnd &amp#27;[0m&amp#27;[32muser on products page&amp#27;[0m                &amp#27;[90m# starter.stepdefinitions.LoginSteps.userOnProductsPage()&amp#27;[0m
15:10:29.751 [Forwarding findElement on session acac66ef810834977b03f71b7c696f42 to remote] DEBUG org.asynchttpclient.netty.request.NettyRequestSender - Using pooled Channel '[id: 0xd1d85ebc, L:/127.0.0.1:55028 - R:localhost/127.0.0.1:3590]' for 'POST' to 'http://localhost:3590/session/acac66ef810834977b03f71b7c696f42/element'
15:10:29.751 [Forwarding findElement on session acac66ef810834977b03f71b7c696f42 to remote] DEBUG org.asynchttpclient.netty.request.NettyRequestSender - Using open Channel [id: 0xd1d85ebc, L:/127.0.0.1:55028 - R:localhost/127.0.0.1:3590] for POST '/session/acac66ef810834977b03f71b7c696f42/element'
15:10:29.819 [AsyncHttpClient-1-5] DEBUG org.asynchttpclient.netty.handler.HttpHandler - 

Request DefaultHttpRequest(decodeResult: success, version: HTTP/1.1)
POST /session/acac66ef810834977b03f71b7c696f42/element HTTP/1.1
User-Agent: selenium/4.8.1 (java windows)
Content-Length: 70
Content-Type: application/json; charset=utf-8
host: localhost:3590
accept: */*

Response DefaultHttpResponse(decodeResult: success, version: HTTP/1.1)
HTTP/1.1 200 OK
Content-Length: 88
Content-Type: application/json; charset=utf-8
cache-control: no-cache

15:10:29.820 [AsyncHttpClient-1-5] DEBUG org.asynchttpclient.netty.channel.ChannelManager - Adding key: http://localhost:3590 for channel [id: 0xd1d85ebc, L:/127.0.0.1:55028 - R:localhost/127.0.0.1:3590]
15:10:29.821 [Forwarding getElementTagName on session acac66ef810834977b03f71b7c696f42 to remote] DEBUG org.asynchttpclient.netty.request.NettyRequestSender - Using pooled Channel '[id: 0xd1d85ebc, L:/127.0.0.1:55028 - R:localhost/127.0.0.1:3590]' for 'GET' to 'http://localhost:3590/session/acac66ef810834977b03f71b7c696f42/element/a70cd540-ef2e-456b-9ef9-f570932c6733/name'
15:10:29.821 [Forwarding getElementTagName on session acac66ef810834977b03f71b7c696f42 to remote] DEBUG org.asynchttpclient.netty.request.NettyRequestSender - Using open Channel [id: 0xd1d85ebc, L:/127.0.0.1:55028 - R:localhost/127.0.0.1:3590] for GET '/session/acac66ef810834977b03f71b7c696f42/element/a70cd540-ef2e-456b-9ef9-f570932c6733/name'
15:10:29.826 [AsyncHttpClient-1-5] DEBUG org.asynchttpclient.netty.handler.HttpHandler - 

Request DefaultFullHttpRequest(decodeResult: success, version: HTTP/1.1, content: EmptyByteBufBE)
GET /session/acac66ef810834977b03f71b7c696f42/element/a70cd540-ef2e-456b-9ef9-f570932c6733/name HTTP/1.1
User-Agent: selenium/4.8.1 (java windows)
Cache-Control: no-cache
Content-Type: application/json; charset=utf-8
host: localhost:3590
accept: */*

Response DefaultHttpResponse(decodeResult: success, version: HTTP/1.1)
HTTP/1.1 200 OK
Content-Length: 16
Content-Type: application/json; charset=utf-8
cache-control: no-cache

15:10:29.827 [AsyncHttpClient-1-5] DEBUG org.asynchttpclient.netty.channel.ChannelManager - Adding key: http://localhost:3590 for channel [id: 0xd1d85ebc, L:/127.0.0.1:55028 - R:localhost/127.0.0.1:3590]
15:10:29.828 [Forwarding getElementTagName on session acac66ef810834977b03f71b7c696f42 to remote] DEBUG org.asynchttpclient.netty.request.NettyRequestSender - Using pooled Channel '[id: 0xd1d85ebc, L:/127.0.0.1:55028 - R:localhost/127.0.0.1:3590]' for 'GET' to 'http://localhost:3590/session/acac66ef810834977b03f71b7c696f42/element/a70cd540-ef2e-456b-9ef9-f570932c6733/name'
15:10:29.828 [Forwarding getElementTagName on session acac66ef810834977b03f71b7c696f42 to remote] DEBUG org.asynchttpclient.netty.request.NettyRequestSender - Using open Channel [id: 0xd1d85ebc, L:/127.0.0.1:55028 - R:localhost/127.0.0.1:3590] for GET '/session/acac66ef810834977b03f71b7c696f42/element/a70cd540-ef2e-456b-9ef9-f570932c6733/name'
15:10:29.833 [AsyncHttpClient-1-5] DEBUG org.asynchttpclient.netty.handler.HttpHandler - 

Request DefaultFullHttpRequest(decodeResult: success, version: HTTP/1.1, content: EmptyByteBufBE)
GET /session/acac66ef810834977b03f71b7c696f42/element/a70cd540-ef2e-456b-9ef9-f570932c6733/name HTTP/1.1
User-Agent: selenium/4.8.1 (java windows)
Cache-Control: no-cache
Content-Type: application/json; charset=utf-8
host: localhost:3590
accept: */*

Response DefaultHttpResponse(decodeResult: success, version: HTTP/1.1)
HTTP/1.1 200 OK
Content-Length: 16
Content-Type: application/json; charset=utf-8
cache-control: no-cache

15:10:29.834 [AsyncHttpClient-1-5] DEBUG org.asynchttpclient.netty.channel.ChannelManager - Adding key: http://localhost:3590 for channel [id: 0xd1d85ebc, L:/127.0.0.1:55028 - R:localhost/127.0.0.1:3590]
15:10:29.837 [Forwarding findElement on session acac66ef810834977b03f71b7c696f42 to remote] DEBUG org.asynchttpclient.netty.request.NettyRequestSender - Using pooled Channel '[id: 0xd1d85ebc, L:/127.0.0.1:55028 - R:localhost/127.0.0.1:3590]' for 'POST' to 'http://localhost:3590/session/acac66ef810834977b03f71b7c696f42/element'
15:10:29.837 [Forwarding findElement on session acac66ef810834977b03f71b7c696f42 to remote] DEBUG org.asynchttpclient.netty.request.NettyRequestSender - Using open Channel [id: 0xd1d85ebc, L:/127.0.0.1:55028 - R:localhost/127.0.0.1:3590] for POST '/session/acac66ef810834977b03f71b7c696f42/element'
15:10:29.866 [AsyncHttpClient-1-5] DEBUG org.asynchttpclient.netty.handler.HttpHandler - 

Request DefaultHttpRequest(decodeResult: success, version: HTTP/1.1)
POST /session/acac66ef810834977b03f71b7c696f42/element HTTP/1.1
User-Agent: selenium/4.8.1 (java windows)
Content-Length: 70
Content-Type: application/json; charset=utf-8
host: localhost:3590
accept: */*

Response DefaultHttpResponse(decodeResult: success, version: HTTP/1.1)
HTTP/1.1 200 OK
Content-Length: 88
Content-Type: application/json; charset=utf-8
cache-control: no-cache

15:10:29.866 [AsyncHttpClient-1-5] DEBUG org.asynchttpclient.netty.channel.ChannelManager - Adding key: http://localhost:3590 for channel [id: 0xd1d85ebc, L:/127.0.0.1:55028 - R:localhost/127.0.0.1:3590]
15:10:29.868 [Forwarding clickElement on session acac66ef810834977b03f71b7c696f42 to remote] DEBUG org.asynchttpclient.netty.request.NettyRequestSender - Using pooled Channel '[id: 0xd1d85ebc, L:/127.0.0.1:55028 - R:localhost/127.0.0.1:3590]' for 'POST' to 'http://localhost:3590/session/acac66ef810834977b03f71b7c696f42/element/a70cd540-ef2e-456b-9ef9-f570932c6733/click'
15:10:29.868 [Forwarding clickElement on session acac66ef810834977b03f71b7c696f42 to remote] DEBUG org.asynchttpclient.netty.request.NettyRequestSender - Using open Channel [id: 0xd1d85ebc, L:/127.0.0.1:55028 - R:localhost/127.0.0.1:3590] for POST '/session/acac66ef810834977b03f71b7c696f42/element/a70cd540-ef2e-456b-9ef9-f570932c6733/click'
15:10:30.158 [AsyncHttpClient-1-1] DEBUG org.asynchttpclient.netty.channel.DefaultChannelPool - Entry count for : http://localhost:55031 : 1
15:10:30.346 [AsyncHttpClient-1-5] DEBUG org.asynchttpclient.netty.handler.HttpHandler - 

Request DefaultHttpRequest(decodeResult: success, version: HTTP/1.1)
POST /session/acac66ef810834977b03f71b7c696f42/element/a70cd540-ef2e-456b-9ef9-f570932c6733/click HTTP/1.1
User-Agent: selenium/4.8.1 (java windows)
Content-Length: 50
Content-Type: application/json; charset=utf-8
host: localhost:3590
accept: */*

Response DefaultHttpResponse(decodeResult: success, version: HTTP/1.1)
HTTP/1.1 200 OK
Content-Length: 14
Content-Type: application/json; charset=utf-8
cache-control: no-cache

15:10:30.346 [AsyncHttpClient-1-5] DEBUG org.asynchttpclient.netty.channel.ChannelManager - Adding key: http://localhost:3590 for channel [id: 0xd1d85ebc, L:/127.0.0.1:55028 - R:localhost/127.0.0.1:3590]
  &amp#27;[32mWhen &amp#27;[0m&amp#27;[32muser click button Detail&amp#27;[0m            &amp#27;[90m# starter.stepdefinitions.ChooseProductSteps.userClickButtonDetail()&amp#27;[0m
15:10:30.363 [Forwarding findElement on session acac66ef810834977b03f71b7c696f42 to remote] DEBUG org.asynchttpclient.netty.request.NettyRequestSender - Using pooled Channel '[id: 0xd1d85ebc, L:/127.0.0.1:55028 - R:localhost/127.0.0.1:3590]' for 'POST' to 'http://localhost:3590/session/acac66ef810834977b03f71b7c696f42/element'
15:10:30.364 [Forwarding findElement on session acac66ef810834977b03f71b7c696f42 to remote] DEBUG org.asynchttpclient.netty.request.NettyRequestSender - Using open Channel [id: 0xd1d85ebc, L:/127.0.0.1:55028 - R:localhost/127.0.0.1:3590] for POST '/session/acac66ef810834977b03f71b7c696f42/element'
15:10:31.258 [AsyncHttpClient-1-1] DEBUG org.asynchttpclient.netty.channel.DefaultChannelPool - Entry count for : http://localhost:55031 : 1
15:10:32.352 [AsyncHttpClient-1-1] DEBUG org.asynchttpclient.netty.channel.DefaultChannelPool - Entry count for : http://localhost:55031 : 1
15:10:32.723 [AsyncHttpClient-1-5] DEBUG org.asynchttpclient.netty.handler.HttpHandler - 

Request DefaultHttpRequest(decodeResult: success, version: HTTP/1.1)
POST /session/acac66ef810834977b03f71b7c696f42/element HTTP/1.1
User-Agent: selenium/4.8.1 (java windows)
Content-Length: 84
Content-Type: application/json; charset=utf-8
host: localhost:3590
accept: */*

Response DefaultHttpResponse(decodeResult: success, version: HTTP/1.1)
HTTP/1.1 404 Not Found
Content-Length: 985
Content-Type: application/json; charset=utf-8
cache-control: no-cache

15:10:32.724 [AsyncHttpClient-1-5] DEBUG org.asynchttpclient.netty.channel.ChannelManager - Adding key: http://localhost:3590 for channel [id: 0xd1d85ebc, L:/127.0.0.1:55028 - R:localhost/127.0.0.1:3590]
15:10:32.853 [Forwarding findElement on session acac66ef810834977b03f71b7c696f42 to remote] DEBUG org.asynchttpclient.netty.request.NettyRequestSender - Using pooled Channel '[id: 0xd1d85ebc, L:/127.0.0.1:55028 - R:localhost/127.0.0.1:3590]' for 'POST' to 'http://localhost:3590/session/acac66ef810834977b03f71b7c696f42/element'
15:10:32.853 [Forwarding findElement on session acac66ef810834977b03f71b7c696f42 to remote] DEBUG org.asynchttpclient.netty.request.NettyRequestSender - Using open Channel [id: 0xd1d85ebc, L:/127.0.0.1:55028 - R:localhost/127.0.0.1:3590] for POST '/session/acac66ef810834977b03f71b7c696f42/element'
15:10:32.887 [AsyncHttpClient-1-5] DEBUG org.asynchttpclient.netty.handler.HttpHandler - 

Request DefaultHttpRequest(decodeResult: success, version: HTTP/1.1)
POST /session/acac66ef810834977b03f71b7c696f42/element HTTP/1.1
User-Agent: selenium/4.8.1 (java windows)
Content-Length: 84
Content-Type: application/json; charset=utf-8
host: localhost:3590
accept: */*

Response DefaultHttpResponse(decodeResult: success, version: HTTP/1.1)
HTTP/1.1 200 OK
Content-Length: 88
Content-Type: application/json; charset=utf-8
cache-control: no-cache

15:10:32.887 [AsyncHttpClient-1-5] DEBUG org.asynchttpclient.netty.channel.ChannelManager - Adding key: http://localhost:3590 for channel [id: 0xd1d85ebc, L:/127.0.0.1:55028 - R:localhost/127.0.0.1:3590]
15:10:32.891 [Forwarding getElementTagName on session acac66ef810834977b03f71b7c696f42 to remote] DEBUG org.asynchttpclient.netty.request.NettyRequestSender - Using pooled Channel '[id: 0xd1d85ebc, L:/127.0.0.1:55028 - R:localhost/127.0.0.1:3590]' for 'GET' to 'http://localhost:3590/session/acac66ef810834977b03f71b7c696f42/element/4501d4aa-58fe-4c63-9644-7383c0e33b8a/name'
15:10:32.891 [Forwarding getElementTagName on session acac66ef810834977b03f71b7c696f42 to remote] DEBUG org.asynchttpclient.netty.request.NettyRequestSender - Using open Channel [id: 0xd1d85ebc, L:/127.0.0.1:55028 - R:localhost/127.0.0.1:3590] for GET '/session/acac66ef810834977b03f71b7c696f42/element/4501d4aa-58fe-4c63-9644-7383c0e33b8a/name'
15:10:32.899 [AsyncHttpClient-1-5] DEBUG org.asynchttpclient.netty.handler.HttpHandler - 

Request DefaultFullHttpRequest(decodeResult: success, version: HTTP/1.1, content: EmptyByteBufBE)
GET /session/acac66ef810834977b03f71b7c696f42/element/4501d4aa-58fe-4c63-9644-7383c0e33b8a/name HTTP/1.1
User-Agent: selenium/4.8.1 (java windows)
Cache-Control: no-cache
Content-Type: application/json; charset=utf-8
host: localhost:3590
accept: */*

Response DefaultHttpResponse(decodeResult: success, version: HTTP/1.1)
HTTP/1.1 200 OK
Content-Length: 18
Content-Type: application/json; charset=utf-8
cache-control: no-cache

15:10:32.900 [AsyncHttpClient-1-5] DEBUG org.asynchttpclient.netty.channel.ChannelManager - Adding key: http://localhost:3590 for channel [id: 0xd1d85ebc, L:/127.0.0.1:55028 - R:localhost/127.0.0.1:3590]
15:10:32.903 [Forwarding getElementTagName on session acac66ef810834977b03f71b7c696f42 to remote] DEBUG org.asynchttpclient.netty.request.NettyRequestSender - Using pooled Channel '[id: 0xd1d85ebc, L:/127.0.0.1:55028 - R:localhost/127.0.0.1:3590]' for 'GET' to 'http://localhost:3590/session/acac66ef810834977b03f71b7c696f42/element/4501d4aa-58fe-4c63-9644-7383c0e33b8a/name'
15:10:32.903 [Forwarding getElementTagName on session acac66ef810834977b03f71b7c696f42 to remote] DEBUG org.asynchttpclient.netty.request.NettyRequestSender - Using open Channel [id: 0xd1d85ebc, L:/127.0.0.1:55028 - R:localhost/127.0.0.1:3590] for GET '/session/acac66ef810834977b03f71b7c696f42/element/4501d4aa-58fe-4c63-9644-7383c0e33b8a/name'
15:10:32.908 [AsyncHttpClient-1-5] DEBUG org.asynchttpclient.netty.handler.HttpHandler - 

Request DefaultFullHttpRequest(decodeResult: success, version: HTTP/1.1, content: EmptyByteBufBE)
GET /session/acac66ef810834977b03f71b7c696f42/element/4501d4aa-58fe-4c63-9644-7383c0e33b8a/name HTTP/1.1
User-Agent: selenium/4.8.1 (java windows)
Cache-Control: no-cache
Content-Type: application/json; charset=utf-8
host: localhost:3590
accept: */*

Response DefaultHttpResponse(decodeResult: success, version: HTTP/1.1)
HTTP/1.1 200 OK
Content-Length: 18
Content-Type: application/json; charset=utf-8
cache-control: no-cache

15:10:32.908 [AsyncHttpClient-1-5] DEBUG org.asynchttpclient.netty.channel.ChannelManager - Adding key: http://localhost:3590 for channel [id: 0xd1d85ebc, L:/127.0.0.1:55028 - R:localhost/127.0.0.1:3590]
15:10:32.914 [Forwarding isElementEnabled on session acac66ef810834977b03f71b7c696f42 to remote] DEBUG org.asynchttpclient.netty.request.NettyRequestSender - Using pooled Channel '[id: 0xd1d85ebc, L:/127.0.0.1:55028 - R:localhost/127.0.0.1:3590]' for 'GET' to 'http://localhost:3590/session/acac66ef810834977b03f71b7c696f42/element/4501d4aa-58fe-4c63-9644-7383c0e33b8a/enabled'
15:10:32.914 [Forwarding isElementEnabled on session acac66ef810834977b03f71b7c696f42 to remote] DEBUG org.asynchttpclient.netty.request.NettyRequestSender - Using open Channel [id: 0xd1d85ebc, L:/127.0.0.1:55028 - R:localhost/127.0.0.1:3590] for GET '/session/acac66ef810834977b03f71b7c696f42/element/4501d4aa-58fe-4c63-9644-7383c0e33b8a/enabled'
15:10:32.930 [AsyncHttpClient-1-5] DEBUG org.asynchttpclient.netty.handler.HttpHandler - 

Request DefaultFullHttpRequest(decodeResult: success, version: HTTP/1.1, content: EmptyByteBufBE)
GET /session/acac66ef810834977b03f71b7c696f42/element/4501d4aa-58fe-4c63-9644-7383c0e33b8a/enabled HTTP/1.1
User-Agent: selenium/4.8.1 (java windows)
Cache-Control: no-cache
Content-Type: application/json; charset=utf-8
host: localhost:3590
accept: */*

Response DefaultHttpResponse(decodeResult: success, version: HTTP/1.1)
HTTP/1.1 200 OK
Content-Length: 14
Content-Type: application/json; charset=utf-8
cache-control: no-cache

15:10:32.930 [AsyncHttpClient-1-5] DEBUG org.asynchttpclient.netty.channel.ChannelManager - Adding key: http://localhost:3590 for channel [id: 0xd1d85ebc, L:/127.0.0.1:55028 - R:localhost/127.0.0.1:3590]
15:10:32.932 [Forwarding isElementEnabled on session acac66ef810834977b03f71b7c696f42 to remote] DEBUG org.asynchttpclient.netty.request.NettyRequestSender - Using pooled Channel '[id: 0xd1d85ebc, L:/127.0.0.1:55028 - R:localhost/127.0.0.1:3590]' for 'GET' to 'http://localhost:3590/session/acac66ef810834977b03f71b7c696f42/element/4501d4aa-58fe-4c63-9644-7383c0e33b8a/enabled'
15:10:32.933 [Forwarding isElementEnabled on session acac66ef810834977b03f71b7c696f42 to remote] DEBUG org.asynchttpclient.netty.request.NettyRequestSender - Using open Channel [id: 0xd1d85ebc, L:/127.0.0.1:55028 - R:localhost/127.0.0.1:3590] for GET '/session/acac66ef810834977b03f71b7c696f42/element/4501d4aa-58fe-4c63-9644-7383c0e33b8a/enabled'
15:10:32.946 [AsyncHttpClient-1-5] DEBUG org.asynchttpclient.netty.handler.HttpHandler - 

Request DefaultFullHttpRequest(decodeResult: success, version: HTTP/1.1, content: EmptyByteBufBE)
GET /session/acac66ef810834977b03f71b7c696f42/element/4501d4aa-58fe-4c63-9644-7383c0e33b8a/enabled HTTP/1.1
User-Agent: selenium/4.8.1 (java windows)
Cache-Control: no-cache
Content-Type: application/json; charset=utf-8
host: localhost:3590
accept: */*

Response DefaultHttpResponse(decodeResult: success, version: HTTP/1.1)
HTTP/1.1 200 OK
Content-Length: 14
Content-Type: application/json; charset=utf-8
cache-control: no-cache

15:10:32.947 [AsyncHttpClient-1-5] DEBUG org.asynchttpclient.netty.channel.ChannelManager - Adding key: http://localhost:3590 for channel [id: 0xd1d85ebc, L:/127.0.0.1:55028 - R:localhost/127.0.0.1:3590]
15:10:32.951 [Forwarding findElement on session acac66ef810834977b03f71b7c696f42 to remote] DEBUG org.asynchttpclient.netty.request.NettyRequestSender - Using pooled Channel '[id: 0xd1d85ebc, L:/127.0.0.1:55028 - R:localhost/127.0.0.1:3590]' for 'POST' to 'http://localhost:3590/session/acac66ef810834977b03f71b7c696f42/element'
15:10:32.952 [Forwarding findElement on session acac66ef810834977b03f71b7c696f42 to remote] DEBUG org.asynchttpclient.netty.request.NettyRequestSender - Using open Channel [id: 0xd1d85ebc, L:/127.0.0.1:55028 - R:localhost/127.0.0.1:3590] for POST '/session/acac66ef810834977b03f71b7c696f42/element'
15:10:32.961 [AsyncHttpClient-1-5] DEBUG org.asynchttpclient.netty.handler.HttpHandler - 

Request DefaultHttpRequest(decodeResult: success, version: HTTP/1.1)
POST /session/acac66ef810834977b03f71b7c696f42/element HTTP/1.1
User-Agent: selenium/4.8.1 (java windows)
Content-Length: 84
Content-Type: application/json; charset=utf-8
host: localhost:3590
accept: */*

Response DefaultHttpResponse(decodeResult: success, version: HTTP/1.1)
HTTP/1.1 200 OK
Content-Length: 88
Content-Type: application/json; charset=utf-8
cache-control: no-cache

15:10:32.961 [AsyncHttpClient-1-5] DEBUG org.asynchttpclient.netty.channel.ChannelManager - Adding key: http://localhost:3590 for channel [id: 0xd1d85ebc, L:/127.0.0.1:55028 - R:localhost/127.0.0.1:3590]
15:10:32.964 [Forwarding clickElement on session acac66ef810834977b03f71b7c696f42 to remote] DEBUG org.asynchttpclient.netty.request.NettyRequestSender - Using pooled Channel '[id: 0xd1d85ebc, L:/127.0.0.1:55028 - R:localhost/127.0.0.1:3590]' for 'POST' to 'http://localhost:3590/session/acac66ef810834977b03f71b7c696f42/element/4501d4aa-58fe-4c63-9644-7383c0e33b8a/click'
15:10:32.964 [Forwarding clickElement on session acac66ef810834977b03f71b7c696f42 to remote] DEBUG org.asynchttpclient.netty.request.NettyRequestSender - Using open Channel [id: 0xd1d85ebc, L:/127.0.0.1:55028 - R:localhost/127.0.0.1:3590] for POST '/session/acac66ef810834977b03f71b7c696f42/element/4501d4aa-58fe-4c63-9644-7383c0e33b8a/click'
15:10:33.021 [AsyncHttpClient-1-5] DEBUG org.asynchttpclient.netty.handler.HttpHandler - 

Request DefaultHttpRequest(decodeResult: success, version: HTTP/1.1)
POST /session/acac66ef810834977b03f71b7c696f42/element/4501d4aa-58fe-4c63-9644-7383c0e33b8a/click HTTP/1.1
User-Agent: selenium/4.8.1 (java windows)
Content-Length: 50
Content-Type: application/json; charset=utf-8
host: localhost:3590
accept: */*

Response DefaultHttpResponse(decodeResult: success, version: HTTP/1.1)
HTTP/1.1 200 OK
Content-Length: 14
Content-Type: application/json; charset=utf-8
cache-control: no-cache

15:10:33.021 [AsyncHttpClient-1-5] DEBUG org.asynchttpclient.netty.channel.ChannelManager - Adding key: http://localhost:3590 for channel [id: 0xd1d85ebc, L:/127.0.0.1:55028 - R:localhost/127.0.0.1:3590]
  &amp#27;[32mThen &amp#27;[0m&amp#27;[32muser can see detail product&amp#27;[0m         &amp#27;[90m# starter.stepdefinitions.ChooseProductSteps.userCanSeeDetailProduct()&amp#27;[0m
15:10:33.029 [main] INFO  - 
  _____   ___   ___   _____     ___     _     ___   ___   ___   ___  
 |_   _| | __| / __| |_   _|   | _ \   /_\   / __| / __| | __| |   \ 
   | |   | _|  \__ \   | |     |  _/  / _ \  \__ \ \__ \ | _|  | |) |
   |_|   |___| |___/   |_|     |_|   /_/ \_\ |___/ |___/ |___| |___/ 

as user i can see detail product
----------------------------------------------------------------------
15:10:33.031 [AsyncHttpClient-1-7] DEBUG org.asynchttpclient.netty.handler.WebSocketHandler - Channel Closed: [id: 0x57bba3dc, L:/127.0.0.1:55037 ! R:localhost/127.0.0.1:55031] with attribute NettyResponseFuture{currentRetry=0,
	isDone=1,
	isCancelled=0,
	asyncHandler=org.asynchttpclient.ws.WebSocketUpgradeHandler@285542fa,
	nettyRequest=org.asynchttpclient.netty.request.NettyRequest@6d57d994,
	future=java.util.concurrent.CompletableFuture@26fd5ccd[Completed normally],
	uri=ws://localhost:55031/devtools/browser/e091e2de-f2ef-4ecd-acef-1993091f1470,
	keepAlive=true,
	redirectCount=0,
	timeoutsHolder=null,
	inAuth=0,
	touch=1682410210375}
15:10:33.031 [AsyncHttpClient-1-7] DEBUG org.asynchttpclient.netty.channel.ChannelManager - Closing Channel [id: 0x57bba3dc, L:/127.0.0.1:55037 ! R:localhost/127.0.0.1:55031] 
15:10:33.031 [Driver Command Executor] DEBUG org.asynchttpclient.netty.request.NettyRequestSender - Using pooled Channel '[id: 0xd1d85ebc, L:/127.0.0.1:55028 - R:localhost/127.0.0.1:3590]' for 'DELETE' to 'http://localhost:3590/session/acac66ef810834977b03f71b7c696f42'
15:10:33.031 [Driver Command Executor] DEBUG org.asynchttpclient.netty.request.NettyRequestSender - Using open Channel [id: 0xd1d85ebc, L:/127.0.0.1:55028 - R:localhost/127.0.0.1:3590] for DELETE '/session/acac66ef810834977b03f71b7c696f42'
15:10:33.127 [AsyncHttpClient-1-6] DEBUG org.asynchttpclient.netty.handler.HttpHandler - Unexpected I/O exception on channel [id: 0xd4aa516b, L:/127.0.0.1:55036 - R:localhost/127.0.0.1:55031]
java.io.IOException: An existing connection was forcibly closed by the remote host
	at sun.nio.ch.SocketDispatcher.read0(Native Method)
	at sun.nio.ch.SocketDispatcher.read(SocketDispatcher.java:43)
	at sun.nio.ch.IOUtil.readIntoNativeBuffer(IOUtil.java:223)
	at sun.nio.ch.IOUtil.read(IOUtil.java:192)
	at sun.nio.ch.SocketChannelImpl.read(SocketChannelImpl.java:380)
	at io.netty.buffer.PooledByteBuf.setBytes(PooledByteBuf.java:259)
	at io.netty.buffer.AbstractByteBuf.writeBytes(AbstractByteBuf.java:1132)
	at io.netty.channel.socket.nio.NioSocketChannel.doReadBytes(NioSocketChannel.java:357)
	at io.netty.channel.nio.AbstractNioByteChannel$NioByteUnsafe.read(AbstractNioByteChannel.java:151)
	at io.netty.channel.nio.NioEventLoop.processSelectedKey(NioEventLoop.java:788)
	at io.netty.channel.nio.NioEventLoop.processSelectedKeysOptimized(NioEventLoop.java:724)
	at io.netty.channel.nio.NioEventLoop.processSelectedKeys(NioEventLoop.java:650)
	at io.netty.channel.nio.NioEventLoop.run(NioEventLoop.java:562)
	at io.netty.util.concurrent.SingleThreadEventExecutor$4.run(SingleThreadEventExecutor.java:997)
	at io.netty.util.internal.ThreadExecutorMap$2.run(ThreadExecutorMap.java:74)
	at io.netty.util.concurrent.FastThreadLocalRunnable.run(FastThreadLocalRunnable.java:30)
	at java.lang.Thread.run(Thread.java:748)
15:10:33.127 [AsyncHttpClient-1-6] DEBUG org.asynchttpclient.netty.channel.ChannelManager - Closing Channel [id: 0xd4aa516b, L:/127.0.0.1:55036 - R:localhost/127.0.0.1:55031] 
15:10:33.128 [AsyncHttpClient-1-6] DEBUG org.asynchttpclient.netty.handler.HttpHandler - Channel Closed: [id: 0xd4aa516b, L:/127.0.0.1:55036 ! R:localhost/127.0.0.1:55031] with attribute DISCARD
15:10:33.175 [AsyncHttpClient-1-5] DEBUG org.asynchttpclient.netty.handler.HttpHandler - 

Request DefaultFullHttpRequest(decodeResult: success, version: HTTP/1.1, content: EmptyByteBufBE)
DELETE /session/acac66ef810834977b03f71b7c696f42 HTTP/1.1
User-Agent: selenium/4.8.1 (java windows)
Content-Type: application/json; charset=utf-8
host: localhost:3590
accept: */*

Response DefaultHttpResponse(decodeResult: success, version: HTTP/1.1)
HTTP/1.1 200 OK
Content-Length: 14
Content-Type: application/json; charset=utf-8
cache-control: no-cache

15:10:33.176 [AsyncHttpClient-1-5] DEBUG org.asynchttpclient.netty.channel.ChannelManager - Adding key: http://localhost:3590 for channel [id: 0xd1d85ebc, L:/127.0.0.1:55028 - R:localhost/127.0.0.1:3590]
15:10:33.462 [AsyncHttpClient-1-1] DEBUG org.asynchttpclient.netty.channel.DefaultChannelPool - Entry count for : http://localhost:55031 : 1
15:10:33.463 [AsyncHttpClient-1-1] DEBUG org.asynchttpclient.netty.channel.DefaultChannelPool - Entry count for : http://localhost:3590 : 1
15:10:33.469 [AsyncHttpClient-1-1] DEBUG org.asynchttpclient.netty.channel.DefaultChannelPool - Adding Candidate expired Channel [id: 0xd4aa516b, L:/127.0.0.1:55036 ! R:localhost/127.0.0.1:55031] isIdleTimeoutExpired=false isRemotelyClosed=true isTtlExpired=false
15:10:33.473 [AsyncHttpClient-1-1] DEBUG org.asynchttpclient.netty.channel.DefaultChannelPool - Closing Idle Channel [id: 0xd4aa516b, L:/127.0.0.1:55036 ! R:localhost/127.0.0.1:55031]
15:10:33.474 [AsyncHttpClient-1-1] DEBUG org.asynchttpclient.netty.channel.DefaultChannelPool - Closed 1 connections out of 2 in 10 ms
15:10:34.086 [AsyncHttpClient-1-5] DEBUG org.asynchttpclient.netty.handler.HttpHandler - Channel Closed: [id: 0xd1d85ebc, L:/127.0.0.1:55028 ! R:localhost/127.0.0.1:3590] with attribute DISCARD
15:10:34.551 [AsyncHttpClient-1-1] DEBUG org.asynchttpclient.netty.channel.DefaultChannelPool - Entry count for : http://localhost:3590 : 1
15:10:34.551 [AsyncHttpClient-1-1] DEBUG org.asynchttpclient.netty.channel.DefaultChannelPool - Adding Candidate expired Channel [id: 0xd1d85ebc, L:/127.0.0.1:55028 ! R:localhost/127.0.0.1:3590] isIdleTimeoutExpired=false isRemotelyClosed=true isTtlExpired=false
15:10:34.551 [AsyncHttpClient-1-1] DEBUG org.asynchttpclient.netty.channel.DefaultChannelPool - Closing Idle Channel [id: 0xd1d85ebc, L:/127.0.0.1:55028 ! R:localhost/127.0.0.1:3590]
15:10:34.551 [AsyncHttpClient-1-1] DEBUG org.asynchttpclient.netty.channel.DefaultChannelPool - Closed 1 connections out of 1 in 0 ms
]]></system-out>
    <system-err><![CDATA[Starting ChromeDriver 112.0.5615.49 (bd2a7bcb881c11e8cfe3078709382934e3916914-refs/branch-heads/5615@{#936}) on port 3590
Only local connections are allowed.
Please see https://chromedriver.chromium.org/security-considerations for suggestions on keeping ChromeDriver safe.
ChromeDriver was started successfully.
Apr 25, 2023 3:10:10 PM org.openqa.selenium.devtools.CdpVersionFinder findNearestMatch
WARNING: Unable to find an exact match for CDP version 112, so returning the closest version found: 110
]]></system-err>
  </testcase>
  <testcase name="as user i want to order and pay product" classname="As a user i have choose product so that i can order product" time="25.683">
    <system-out><![CDATA[
@TestCaseMPAAAC-16
Scenario: as user i want to order and pay product                        &amp#27;[90m# src/test/resources/features/PilihProduk.feature:25&amp#27;[0m
15:10:34.635 [main] DEBUG io.cucumber.core.plugin.SerenityReporter - Running feature from file:///D:/D/QE_Alta/MiniProject/Web/Pilih-Beli-Produk/src/test/resources/features/PilihProduk.feature
15:10:34.640 [main] INFO  - 
  _____   ___   ___   _____     ___   _____     _     ___   _____   ___   ___  
 |_   _| | __| / __| |_   _|   / __| |_   _|   /_\   | _ \ |_   _| | __| |   \ 
   | |   | _|  \__ \   | |     \__ \   | |    / _ \  |   /   | |   | _|  | |) |
   |_|   |___| |___/   |_|     |___/   |_|   /_/ \_\ |_|_\   |_|   |___| |___/ 

as user i want to order and pay product(as-a-user-i-have-choose-product-so-that-i-can-order-product;as-user-i-want-to-order-and-pay-product)
--------------------------------------------------------------------------------
15:10:34.675 [main] DEBUG net.thucydides.core.steps.StepInterceptor - STARTING STEP: LoginSteps.userOnLoginPage - onLoginPage
15:10:34.748 [main] INFO net.serenitybdd.core.webdriver.driverproviders.ChromeDriverProvider - Starting Chrome driver instance with capabilities:
15:10:34.748 [main] INFO net.serenitybdd.core.webdriver.driverproviders.ChromeDriverProvider - Capabilities {acceptInsecureCerts: true, browserName: chrome, goog:chromeOptions: {args: [remote-allow-origins=*, test-type, no-sandbox, ignore-certificate-errors, start-maximized, incognito, disable-infobars, disable-gpu, disable-default-apps, disable-popup-blocking, remote-allow-origins=*, test-type, no-sandbox, ignore-certificate-errors, start-maximized, incognito, disable-infobars, disable-gpu, disable-default-apps, disable-popup-blocking, remote-allow-origins=*], extensions: []}}
15:10:35.373 [AsyncHttpClient-1-8] DEBUG org.asynchttpclient.netty.channel.NettyConnectListener - Using new Channel '[id: 0xfee8b889, L:/127.0.0.1:55080 - R:localhost/127.0.0.1:4893]' for 'POST' to '/session'
15:10:36.522 [AsyncHttpClient-1-8] DEBUG org.asynchttpclient.netty.handler.HttpHandler - 

Request DefaultHttpRequest(decodeResult: success, version: HTTP/1.1)
POST /session HTTP/1.1
User-Agent: selenium/4.8.1 (java windows)
Content-Length: 1701
Content-Type: application/json; charset=utf-8
host: localhost:4893
accept: */*

Response DefaultHttpResponse(decodeResult: success, version: HTTP/1.1)
HTTP/1.1 200 OK
Content-Length: 862
Content-Type: application/json; charset=utf-8
cache-control: no-cache

15:10:36.522 [AsyncHttpClient-1-8] DEBUG org.asynchttpclient.netty.channel.ChannelManager - Adding key: http://localhost:4893 for channel [id: 0xfee8b889, L:/127.0.0.1:55080 - R:localhost/127.0.0.1:4893]
15:10:36.597 [AsyncHttpClient-1-9] DEBUG org.asynchttpclient.netty.channel.NettyConnectListener - Using new Channel '[id: 0x8c17edb7, L:/127.0.0.1:55087 - R:localhost/127.0.0.1:55081]' for 'GET' to '/json/version'
15:10:36.600 [AsyncHttpClient-1-9] DEBUG org.asynchttpclient.netty.handler.HttpHandler - 

Request DefaultFullHttpRequest(decodeResult: success, version: HTTP/1.1, content: EmptyByteBufBE)
GET /json/version HTTP/1.1
User-Agent: selenium/4.8.1 (java windows)
host: localhost:55081
accept: */*

Response DefaultHttpResponse(decodeResult: success, version: HTTP/1.1)
HTTP/1.1 200 OK
Content-Security-Policy: frame-ancestors 'none'
Content-Length: 424
Content-Type: application/json; charset=UTF-8

15:10:36.600 [AsyncHttpClient-1-9] DEBUG org.asynchttpclient.netty.channel.ChannelManager - Adding key: http://localhost:55081 for channel [id: 0x8c17edb7, L:/127.0.0.1:55087 - R:localhost/127.0.0.1:55081]
15:10:36.608 [AsyncHttpClient-1-2] DEBUG org.asynchttpclient.netty.channel.NettyConnectListener - Using new Channel '[id: 0x52061942, L:/127.0.0.1:55088 - R:localhost/127.0.0.1:55081]' for 'GET' to '/devtools/browser/d9bdbafe-c745-416b-b27d-495ce1df931d'
15:10:36.610 [AsyncHttpClient-1-2] DEBUG org.asynchttpclient.netty.handler.WebSocketHandler - 

Request DefaultFullHttpRequest(decodeResult: success, version: HTTP/1.1, content: EmptyByteBufBE)
GET /devtools/browser/d9bdbafe-c745-416b-b27d-495ce1df931d HTTP/1.1
upgrade: websocket
connection: upgrade
sec-websocket-key: uh7/9zuhiTEHXdhRH90uxQ==
sec-websocket-version: 13
origin: http://localhost:55081
host: localhost:55081
accept: */*
user-agent: AHC/2.1

Response DefaultHttpResponse(decodeResult: success, version: HTTP/1.1)
HTTP/1.1 101 WebSocket Protocol Handshake
Upgrade: WebSocket
Connection: Upgrade
Sec-WebSocket-Accept: 0ucN5Uayid15lILD0rZjCwVMOXw=

15:10:36.623 [Forwarding get on session 8612472598685f044113b1de384afa82 to remote] DEBUG org.asynchttpclient.netty.request.NettyRequestSender - Using pooled Channel '[id: 0xfee8b889, L:/127.0.0.1:55080 - R:localhost/127.0.0.1:4893]' for 'POST' to 'http://localhost:4893/session/8612472598685f044113b1de384afa82/url'
15:10:36.623 [Forwarding get on session 8612472598685f044113b1de384afa82 to remote] DEBUG org.asynchttpclient.netty.request.NettyRequestSender - Using open Channel [id: 0xfee8b889, L:/127.0.0.1:55080 - R:localhost/127.0.0.1:4893] for POST '/session/8612472598685f044113b1de384afa82/url'
15:10:36.762 [AsyncHttpClient-1-1] DEBUG org.asynchttpclient.netty.channel.DefaultChannelPool - Entry count for : http://localhost:55081 : 1
15:10:37.821 [AsyncHttpClient-1-8] DEBUG org.asynchttpclient.netty.handler.HttpHandler - 

Request DefaultHttpRequest(decodeResult: success, version: HTTP/1.1)
POST /session/8612472598685f044113b1de384afa82/url HTTP/1.1
User-Agent: selenium/4.8.1 (java windows)
Content-Length: 74
Content-Type: application/json; charset=utf-8
host: localhost:4893
accept: */*

Response DefaultHttpResponse(decodeResult: success, version: HTTP/1.1)
HTTP/1.1 200 OK
Content-Length: 14
Content-Type: application/json; charset=utf-8
cache-control: no-cache

15:10:37.821 [AsyncHttpClient-1-8] DEBUG org.asynchttpclient.netty.channel.ChannelManager - Adding key: http://localhost:4893 for channel [id: 0xfee8b889, L:/127.0.0.1:55080 - R:localhost/127.0.0.1:4893]
15:10:37.823 [Forwarding setTimeout on session 8612472598685f044113b1de384afa82 to remote] DEBUG org.asynchttpclient.netty.request.NettyRequestSender - Using pooled Channel '[id: 0xfee8b889, L:/127.0.0.1:55080 - R:localhost/127.0.0.1:4893]' for 'POST' to 'http://localhost:4893/session/8612472598685f044113b1de384afa82/timeouts'
15:10:37.824 [Forwarding setTimeout on session 8612472598685f044113b1de384afa82 to remote] DEBUG org.asynchttpclient.netty.request.NettyRequestSender - Using open Channel [id: 0xfee8b889, L:/127.0.0.1:55080 - R:localhost/127.0.0.1:4893] for POST '/session/8612472598685f044113b1de384afa82/timeouts'
15:10:37.827 [AsyncHttpClient-1-8] DEBUG org.asynchttpclient.netty.handler.HttpHandler - 

Request DefaultHttpRequest(decodeResult: success, version: HTTP/1.1)
POST /session/8612472598685f044113b1de384afa82/timeouts HTTP/1.1
User-Agent: selenium/4.8.1 (java windows)
Content-Length: 22
Content-Type: application/json; charset=utf-8
host: localhost:4893
accept: */*

Response DefaultHttpResponse(decodeResult: success, version: HTTP/1.1)
HTTP/1.1 200 OK
Content-Length: 14
Content-Type: application/json; charset=utf-8
cache-control: no-cache

15:10:37.827 [AsyncHttpClient-1-8] DEBUG org.asynchttpclient.netty.channel.ChannelManager - Adding key: http://localhost:4893 for channel [id: 0xfee8b889, L:/127.0.0.1:55080 - R:localhost/127.0.0.1:4893]
15:10:37.837 [Forwarding findElement on session 8612472598685f044113b1de384afa82 to remote] DEBUG org.asynchttpclient.netty.request.NettyRequestSender - Using pooled Channel '[id: 0xfee8b889, L:/127.0.0.1:55080 - R:localhost/127.0.0.1:4893]' for 'POST' to 'http://localhost:4893/session/8612472598685f044113b1de384afa82/element'
15:10:37.837 [Forwarding findElement on session 8612472598685f044113b1de384afa82 to remote] DEBUG org.asynchttpclient.netty.request.NettyRequestSender - Using open Channel [id: 0xfee8b889, L:/127.0.0.1:55080 - R:localhost/127.0.0.1:4893] for POST '/session/8612472598685f044113b1de384afa82/element'
15:10:37.857 [AsyncHttpClient-1-8] DEBUG org.asynchttpclient.netty.handler.HttpHandler - 

Request DefaultHttpRequest(decodeResult: success, version: HTTP/1.1)
POST /session/8612472598685f044113b1de384afa82/element HTTP/1.1
User-Agent: selenium/4.8.1 (java windows)
Content-Length: 69
Content-Type: application/json; charset=utf-8
host: localhost:4893
accept: */*

Response DefaultHttpResponse(decodeResult: success, version: HTTP/1.1)
HTTP/1.1 200 OK
Content-Length: 88
Content-Type: application/json; charset=utf-8
cache-control: no-cache

15:10:37.858 [AsyncHttpClient-1-8] DEBUG org.asynchttpclient.netty.channel.ChannelManager - Adding key: http://localhost:4893 for channel [id: 0xfee8b889, L:/127.0.0.1:55080 - R:localhost/127.0.0.1:4893]
15:10:37.863 [Forwarding isElementDisplayed on session 8612472598685f044113b1de384afa82 to remote] DEBUG org.asynchttpclient.netty.request.NettyRequestSender - Using pooled Channel '[id: 0xfee8b889, L:/127.0.0.1:55080 - R:localhost/127.0.0.1:4893]' for 'POST' to 'http://localhost:4893/session/8612472598685f044113b1de384afa82/execute/sync'
15:10:37.863 [Forwarding isElementDisplayed on session 8612472598685f044113b1de384afa82 to remote] DEBUG org.asynchttpclient.netty.request.NettyRequestSender - Using open Channel [id: 0xfee8b889, L:/127.0.0.1:55080 - R:localhost/127.0.0.1:4893] for POST '/session/8612472598685f044113b1de384afa82/execute/sync'
15:10:37.894 [AsyncHttpClient-1-1] DEBUG org.asynchttpclient.netty.channel.DefaultChannelPool - Entry count for : http://localhost:55081 : 1
15:10:37.960 [AsyncHttpClient-1-8] DEBUG org.asynchttpclient.netty.handler.HttpHandler - 

Request DefaultHttpRequest(decodeResult: success, version: HTTP/1.1)
POST /session/8612472598685f044113b1de384afa82/execute/sync HTTP/1.1
User-Agent: selenium/4.8.1 (java windows)
Content-Length: 48807
Content-Type: application/json; charset=utf-8
host: localhost:4893
accept: */*

Response DefaultHttpResponse(decodeResult: success, version: HTTP/1.1)
HTTP/1.1 200 OK
Content-Length: 14
Content-Type: application/json; charset=utf-8
cache-control: no-cache

15:10:37.960 [AsyncHttpClient-1-8] DEBUG org.asynchttpclient.netty.channel.ChannelManager - Adding key: http://localhost:4893 for channel [id: 0xfee8b889, L:/127.0.0.1:55080 - R:localhost/127.0.0.1:4893]
15:10:37.966 [Forwarding isElementDisplayed on session 8612472598685f044113b1de384afa82 to remote] DEBUG org.asynchttpclient.netty.request.NettyRequestSender - Using pooled Channel '[id: 0xfee8b889, L:/127.0.0.1:55080 - R:localhost/127.0.0.1:4893]' for 'POST' to 'http://localhost:4893/session/8612472598685f044113b1de384afa82/execute/sync'
15:10:37.966 [Forwarding isElementDisplayed on session 8612472598685f044113b1de384afa82 to remote] DEBUG org.asynchttpclient.netty.request.NettyRequestSender - Using open Channel [id: 0xfee8b889, L:/127.0.0.1:55080 - R:localhost/127.0.0.1:4893] for POST '/session/8612472598685f044113b1de384afa82/execute/sync'
15:10:38.173 [AsyncHttpClient-1-8] DEBUG org.asynchttpclient.netty.handler.HttpHandler - 

Request DefaultHttpRequest(decodeResult: success, version: HTTP/1.1)
POST /session/8612472598685f044113b1de384afa82/execute/sync HTTP/1.1
User-Agent: selenium/4.8.1 (java windows)
Content-Length: 48807
Content-Type: application/json; charset=utf-8
host: localhost:4893
accept: */*

Response DefaultHttpResponse(decodeResult: success, version: HTTP/1.1)
HTTP/1.1 200 OK
Content-Length: 14
Content-Type: application/json; charset=utf-8
cache-control: no-cache

15:10:38.173 [AsyncHttpClient-1-8] DEBUG org.asynchttpclient.netty.channel.ChannelManager - Adding key: http://localhost:4893 for channel [id: 0xfee8b889, L:/127.0.0.1:55080 - R:localhost/127.0.0.1:4893]
15:10:38.176 [main] DEBUG net.thucydides.core.steps.StepInterceptor - STEP DONE: onLoginPage
  &amp#27;[32mGiven &amp#27;[0m&amp#27;[32muser on login page&amp#27;[0m                                               &amp#27;[90m# starter.stepdefinitions.LoginSteps.userOnLoginPage()&amp#27;[0m
15:10:38.190 [main] DEBUG net.thucydides.core.steps.StepInterceptor - STARTING STEP: LoginSteps.userInputValidEmail - inputEmail
15:10:38.195 [Forwarding findElement on session 8612472598685f044113b1de384afa82 to remote] DEBUG org.asynchttpclient.netty.request.NettyRequestSender - Using pooled Channel '[id: 0xfee8b889, L:/127.0.0.1:55080 - R:localhost/127.0.0.1:4893]' for 'POST' to 'http://localhost:4893/session/8612472598685f044113b1de384afa82/element'
15:10:38.195 [Forwarding findElement on session 8612472598685f044113b1de384afa82 to remote] DEBUG org.asynchttpclient.netty.request.NettyRequestSender - Using open Channel [id: 0xfee8b889, L:/127.0.0.1:55080 - R:localhost/127.0.0.1:4893] for POST '/session/8612472598685f044113b1de384afa82/element'
15:10:38.284 [AsyncHttpClient-1-8] DEBUG org.asynchttpclient.netty.handler.HttpHandler - 

Request DefaultHttpRequest(decodeResult: success, version: HTTP/1.1)
POST /session/8612472598685f044113b1de384afa82/element HTTP/1.1
User-Agent: selenium/4.8.1 (java windows)
Content-Length: 55
Content-Type: application/json; charset=utf-8
host: localhost:4893
accept: */*

Response DefaultHttpResponse(decodeResult: success, version: HTTP/1.1)
HTTP/1.1 200 OK
Content-Length: 88
Content-Type: application/json; charset=utf-8
cache-control: no-cache

15:10:38.285 [AsyncHttpClient-1-8] DEBUG org.asynchttpclient.netty.channel.ChannelManager - Adding key: http://localhost:4893 for channel [id: 0xfee8b889, L:/127.0.0.1:55080 - R:localhost/127.0.0.1:4893]
15:10:38.287 [Forwarding clearElement on session 8612472598685f044113b1de384afa82 to remote] DEBUG org.asynchttpclient.netty.request.NettyRequestSender - Using pooled Channel '[id: 0xfee8b889, L:/127.0.0.1:55080 - R:localhost/127.0.0.1:4893]' for 'POST' to 'http://localhost:4893/session/8612472598685f044113b1de384afa82/element/d4dce584-c6fb-4f7a-9d7e-101329e0ab4e/clear'
15:10:38.287 [Forwarding clearElement on session 8612472598685f044113b1de384afa82 to remote] DEBUG org.asynchttpclient.netty.request.NettyRequestSender - Using open Channel [id: 0xfee8b889, L:/127.0.0.1:55080 - R:localhost/127.0.0.1:4893] for POST '/session/8612472598685f044113b1de384afa82/element/d4dce584-c6fb-4f7a-9d7e-101329e0ab4e/clear'
15:10:38.347 [AsyncHttpClient-1-8] DEBUG org.asynchttpclient.netty.handler.HttpHandler - 

Request DefaultHttpRequest(decodeResult: success, version: HTTP/1.1)
POST /session/8612472598685f044113b1de384afa82/element/d4dce584-c6fb-4f7a-9d7e-101329e0ab4e/clear HTTP/1.1
User-Agent: selenium/4.8.1 (java windows)
Content-Length: 50
Content-Type: application/json; charset=utf-8
host: localhost:4893
accept: */*

Response DefaultHttpResponse(decodeResult: success, version: HTTP/1.1)
HTTP/1.1 200 OK
Content-Length: 14
Content-Type: application/json; charset=utf-8
cache-control: no-cache

15:10:38.347 [AsyncHttpClient-1-8] DEBUG org.asynchttpclient.netty.channel.ChannelManager - Adding key: http://localhost:4893 for channel [id: 0xfee8b889, L:/127.0.0.1:55080 - R:localhost/127.0.0.1:4893]
15:10:38.350 [Forwarding sendKeysToElement on session 8612472598685f044113b1de384afa82 to remote] DEBUG org.asynchttpclient.netty.request.NettyRequestSender - Using pooled Channel '[id: 0xfee8b889, L:/127.0.0.1:55080 - R:localhost/127.0.0.1:4893]' for 'POST' to 'http://localhost:4893/session/8612472598685f044113b1de384afa82/element/d4dce584-c6fb-4f7a-9d7e-101329e0ab4e/value'
15:10:38.351 [Forwarding sendKeysToElement on session 8612472598685f044113b1de384afa82 to remote] DEBUG org.asynchttpclient.netty.request.NettyRequestSender - Using open Channel [id: 0xfee8b889, L:/127.0.0.1:55080 - R:localhost/127.0.0.1:4893] for POST '/session/8612472598685f044113b1de384afa82/element/d4dce584-c6fb-4f7a-9d7e-101329e0ab4e/value'
15:10:38.462 [AsyncHttpClient-1-8] DEBUG org.asynchttpclient.netty.handler.HttpHandler - 

Request DefaultHttpRequest(decodeResult: success, version: HTTP/1.1)
POST /session/8612472598685f044113b1de384afa82/element/d4dce584-c6fb-4f7a-9d7e-101329e0ab4e/value HTTP/1.1
User-Agent: selenium/4.8.1 (java windows)
Content-Length: 131
Content-Type: application/json; charset=utf-8
host: localhost:4893
accept: */*

Response DefaultHttpResponse(decodeResult: success, version: HTTP/1.1)
HTTP/1.1 200 OK
Content-Length: 14
Content-Type: application/json; charset=utf-8
cache-control: no-cache

15:10:38.463 [AsyncHttpClient-1-8] DEBUG org.asynchttpclient.netty.channel.ChannelManager - Adding key: http://localhost:4893 for channel [id: 0xfee8b889, L:/127.0.0.1:55080 - R:localhost/127.0.0.1:4893]
15:10:38.470 [main] DEBUG net.thucydides.core.steps.StepInterceptor - STEP DONE: inputEmail
  &amp#27;[32mWhen &amp#27;[0m&amp#27;[32muser input valid email&amp#27;[0m                                            &amp#27;[90m# starter.stepdefinitions.LoginSteps.userInputValidEmail()&amp#27;[0m
15:10:38.484 [main] DEBUG net.thucydides.core.steps.StepInterceptor - STARTING STEP: LoginSteps.userInputValidPassword - inputPassword
15:10:38.489 [Forwarding findElement on session 8612472598685f044113b1de384afa82 to remote] DEBUG org.asynchttpclient.netty.request.NettyRequestSender - Using pooled Channel '[id: 0xfee8b889, L:/127.0.0.1:55080 - R:localhost/127.0.0.1:4893]' for 'POST' to 'http://localhost:4893/session/8612472598685f044113b1de384afa82/element'
15:10:38.489 [Forwarding findElement on session 8612472598685f044113b1de384afa82 to remote] DEBUG org.asynchttpclient.netty.request.NettyRequestSender - Using open Channel [id: 0xfee8b889, L:/127.0.0.1:55080 - R:localhost/127.0.0.1:4893] for POST '/session/8612472598685f044113b1de384afa82/element'
15:10:38.506 [AsyncHttpClient-1-8] DEBUG org.asynchttpclient.netty.handler.HttpHandler - 

Request DefaultHttpRequest(decodeResult: success, version: HTTP/1.1)
POST /session/8612472598685f044113b1de384afa82/element HTTP/1.1
User-Agent: selenium/4.8.1 (java windows)
Content-Length: 55
Content-Type: application/json; charset=utf-8
host: localhost:4893
accept: */*

Response DefaultHttpResponse(decodeResult: success, version: HTTP/1.1)
HTTP/1.1 200 OK
Content-Length: 88
Content-Type: application/json; charset=utf-8
cache-control: no-cache

15:10:38.506 [AsyncHttpClient-1-8] DEBUG org.asynchttpclient.netty.channel.ChannelManager - Adding key: http://localhost:4893 for channel [id: 0xfee8b889, L:/127.0.0.1:55080 - R:localhost/127.0.0.1:4893]
15:10:38.508 [Forwarding clearElement on session 8612472598685f044113b1de384afa82 to remote] DEBUG org.asynchttpclient.netty.request.NettyRequestSender - Using pooled Channel '[id: 0xfee8b889, L:/127.0.0.1:55080 - R:localhost/127.0.0.1:4893]' for 'POST' to 'http://localhost:4893/session/8612472598685f044113b1de384afa82/element/71945417-bab5-48df-b33a-32e5ec1214a3/clear'
15:10:38.509 [Forwarding clearElement on session 8612472598685f044113b1de384afa82 to remote] DEBUG org.asynchttpclient.netty.request.NettyRequestSender - Using open Channel [id: 0xfee8b889, L:/127.0.0.1:55080 - R:localhost/127.0.0.1:4893] for POST '/session/8612472598685f044113b1de384afa82/element/71945417-bab5-48df-b33a-32e5ec1214a3/clear'
15:10:38.577 [AsyncHttpClient-1-8] DEBUG org.asynchttpclient.netty.handler.HttpHandler - 

Request DefaultHttpRequest(decodeResult: success, version: HTTP/1.1)
POST /session/8612472598685f044113b1de384afa82/element/71945417-bab5-48df-b33a-32e5ec1214a3/clear HTTP/1.1
User-Agent: selenium/4.8.1 (java windows)
Content-Length: 50
Content-Type: application/json; charset=utf-8
host: localhost:4893
accept: */*

Response DefaultHttpResponse(decodeResult: success, version: HTTP/1.1)
HTTP/1.1 200 OK
Content-Length: 14
Content-Type: application/json; charset=utf-8
cache-control: no-cache

15:10:38.577 [AsyncHttpClient-1-8] DEBUG org.asynchttpclient.netty.channel.ChannelManager - Adding key: http://localhost:4893 for channel [id: 0xfee8b889, L:/127.0.0.1:55080 - R:localhost/127.0.0.1:4893]
15:10:38.580 [Forwarding sendKeysToElement on session 8612472598685f044113b1de384afa82 to remote] DEBUG org.asynchttpclient.netty.request.NettyRequestSender - Using pooled Channel '[id: 0xfee8b889, L:/127.0.0.1:55080 - R:localhost/127.0.0.1:4893]' for 'POST' to 'http://localhost:4893/session/8612472598685f044113b1de384afa82/element/71945417-bab5-48df-b33a-32e5ec1214a3/value'
15:10:38.580 [Forwarding sendKeysToElement on session 8612472598685f044113b1de384afa82 to remote] DEBUG org.asynchttpclient.netty.request.NettyRequestSender - Using open Channel [id: 0xfee8b889, L:/127.0.0.1:55080 - R:localhost/127.0.0.1:4893] for POST '/session/8612472598685f044113b1de384afa82/element/71945417-bab5-48df-b33a-32e5ec1214a3/value'
15:10:38.708 [AsyncHttpClient-1-8] DEBUG org.asynchttpclient.netty.handler.HttpHandler - 

Request DefaultHttpRequest(decodeResult: success, version: HTTP/1.1)
POST /session/8612472598685f044113b1de384afa82/element/71945417-bab5-48df-b33a-32e5ec1214a3/value HTTP/1.1
User-Agent: selenium/4.8.1 (java windows)
Content-Length: 111
Content-Type: application/json; charset=utf-8
host: localhost:4893
accept: */*

Response DefaultHttpResponse(decodeResult: success, version: HTTP/1.1)
HTTP/1.1 200 OK
Content-Length: 14
Content-Type: application/json; charset=utf-8
cache-control: no-cache

15:10:38.708 [AsyncHttpClient-1-8] DEBUG org.asynchttpclient.netty.channel.ChannelManager - Adding key: http://localhost:4893 for channel [id: 0xfee8b889, L:/127.0.0.1:55080 - R:localhost/127.0.0.1:4893]
15:10:38.714 [main] DEBUG net.thucydides.core.steps.StepInterceptor - STEP DONE: inputPassword
  &amp#27;[32mAnd &amp#27;[0m&amp#27;[32muser input valid password&amp#27;[0m                                          &amp#27;[90m# starter.stepdefinitions.LoginSteps.userInputValidPassword()&amp#27;[0m
15:10:38.737 [main] DEBUG net.thucydides.core.steps.StepInterceptor - STARTING STEP: LoginSteps.userClickLoginButton - ClickLoginBtn
15:10:38.743 [Forwarding findElement on session 8612472598685f044113b1de384afa82 to remote] DEBUG org.asynchttpclient.netty.request.NettyRequestSender - Using pooled Channel '[id: 0xfee8b889, L:/127.0.0.1:55080 - R:localhost/127.0.0.1:4893]' for 'POST' to 'http://localhost:4893/session/8612472598685f044113b1de384afa82/element'
15:10:38.743 [Forwarding findElement on session 8612472598685f044113b1de384afa82 to remote] DEBUG org.asynchttpclient.netty.request.NettyRequestSender - Using open Channel [id: 0xfee8b889, L:/127.0.0.1:55080 - R:localhost/127.0.0.1:4893] for POST '/session/8612472598685f044113b1de384afa82/element'
15:10:38.801 [AsyncHttpClient-1-8] DEBUG org.asynchttpclient.netty.handler.HttpHandler - 

Request DefaultHttpRequest(decodeResult: success, version: HTTP/1.1)
POST /session/8612472598685f044113b1de384afa82/element HTTP/1.1
User-Agent: selenium/4.8.1 (java windows)
Content-Length: 69
Content-Type: application/json; charset=utf-8
host: localhost:4893
accept: */*

Response DefaultHttpResponse(decodeResult: success, version: HTTP/1.1)
HTTP/1.1 200 OK
Content-Length: 88
Content-Type: application/json; charset=utf-8
cache-control: no-cache

15:10:38.801 [AsyncHttpClient-1-8] DEBUG org.asynchttpclient.netty.channel.ChannelManager - Adding key: http://localhost:4893 for channel [id: 0xfee8b889, L:/127.0.0.1:55080 - R:localhost/127.0.0.1:4893]
15:10:38.804 [Forwarding getElementTagName on session 8612472598685f044113b1de384afa82 to remote] DEBUG org.asynchttpclient.netty.request.NettyRequestSender - Using pooled Channel '[id: 0xfee8b889, L:/127.0.0.1:55080 - R:localhost/127.0.0.1:4893]' for 'GET' to 'http://localhost:4893/session/8612472598685f044113b1de384afa82/element/a72a81c0-8880-4bf2-8497-5b13a1c38030/name'
15:10:38.804 [Forwarding getElementTagName on session 8612472598685f044113b1de384afa82 to remote] DEBUG org.asynchttpclient.netty.request.NettyRequestSender - Using open Channel [id: 0xfee8b889, L:/127.0.0.1:55080 - R:localhost/127.0.0.1:4893] for GET '/session/8612472598685f044113b1de384afa82/element/a72a81c0-8880-4bf2-8497-5b13a1c38030/name'
15:10:38.809 [AsyncHttpClient-1-8] DEBUG org.asynchttpclient.netty.handler.HttpHandler - 

Request DefaultFullHttpRequest(decodeResult: success, version: HTTP/1.1, content: EmptyByteBufBE)
GET /session/8612472598685f044113b1de384afa82/element/a72a81c0-8880-4bf2-8497-5b13a1c38030/name HTTP/1.1
User-Agent: selenium/4.8.1 (java windows)
Cache-Control: no-cache
Content-Type: application/json; charset=utf-8
host: localhost:4893
accept: */*

Response DefaultHttpResponse(decodeResult: success, version: HTTP/1.1)
HTTP/1.1 200 OK
Content-Length: 16
Content-Type: application/json; charset=utf-8
cache-control: no-cache

15:10:38.809 [AsyncHttpClient-1-8] DEBUG org.asynchttpclient.netty.channel.ChannelManager - Adding key: http://localhost:4893 for channel [id: 0xfee8b889, L:/127.0.0.1:55080 - R:localhost/127.0.0.1:4893]
15:10:38.811 [Forwarding getElementTagName on session 8612472598685f044113b1de384afa82 to remote] DEBUG org.asynchttpclient.netty.request.NettyRequestSender - Using pooled Channel '[id: 0xfee8b889, L:/127.0.0.1:55080 - R:localhost/127.0.0.1:4893]' for 'GET' to 'http://localhost:4893/session/8612472598685f044113b1de384afa82/element/a72a81c0-8880-4bf2-8497-5b13a1c38030/name'
15:10:38.811 [Forwarding getElementTagName on session 8612472598685f044113b1de384afa82 to remote] DEBUG org.asynchttpclient.netty.request.NettyRequestSender - Using open Channel [id: 0xfee8b889, L:/127.0.0.1:55080 - R:localhost/127.0.0.1:4893] for GET '/session/8612472598685f044113b1de384afa82/element/a72a81c0-8880-4bf2-8497-5b13a1c38030/name'
15:10:38.817 [AsyncHttpClient-1-8] DEBUG org.asynchttpclient.netty.handler.HttpHandler - 

Request DefaultFullHttpRequest(decodeResult: success, version: HTTP/1.1, content: EmptyByteBufBE)
GET /session/8612472598685f044113b1de384afa82/element/a72a81c0-8880-4bf2-8497-5b13a1c38030/name HTTP/1.1
User-Agent: selenium/4.8.1 (java windows)
Cache-Control: no-cache
Content-Type: application/json; charset=utf-8
host: localhost:4893
accept: */*

Response DefaultHttpResponse(decodeResult: success, version: HTTP/1.1)
HTTP/1.1 200 OK
Content-Length: 16
Content-Type: application/json; charset=utf-8
cache-control: no-cache

15:10:38.817 [AsyncHttpClient-1-8] DEBUG org.asynchttpclient.netty.channel.ChannelManager - Adding key: http://localhost:4893 for channel [id: 0xfee8b889, L:/127.0.0.1:55080 - R:localhost/127.0.0.1:4893]
15:10:38.820 [Forwarding findElement on session 8612472598685f044113b1de384afa82 to remote] DEBUG org.asynchttpclient.netty.request.NettyRequestSender - Using pooled Channel '[id: 0xfee8b889, L:/127.0.0.1:55080 - R:localhost/127.0.0.1:4893]' for 'POST' to 'http://localhost:4893/session/8612472598685f044113b1de384afa82/element'
15:10:38.820 [Forwarding findElement on session 8612472598685f044113b1de384afa82 to remote] DEBUG org.asynchttpclient.netty.request.NettyRequestSender - Using open Channel [id: 0xfee8b889, L:/127.0.0.1:55080 - R:localhost/127.0.0.1:4893] for POST '/session/8612472598685f044113b1de384afa82/element'
15:10:38.829 [AsyncHttpClient-1-8] DEBUG org.asynchttpclient.netty.handler.HttpHandler - 

Request DefaultHttpRequest(decodeResult: success, version: HTTP/1.1)
POST /session/8612472598685f044113b1de384afa82/element HTTP/1.1
User-Agent: selenium/4.8.1 (java windows)
Content-Length: 69
Content-Type: application/json; charset=utf-8
host: localhost:4893
accept: */*

Response DefaultHttpResponse(decodeResult: success, version: HTTP/1.1)
HTTP/1.1 200 OK
Content-Length: 88
Content-Type: application/json; charset=utf-8
cache-control: no-cache

15:10:38.829 [AsyncHttpClient-1-8] DEBUG org.asynchttpclient.netty.channel.ChannelManager - Adding key: http://localhost:4893 for channel [id: 0xfee8b889, L:/127.0.0.1:55080 - R:localhost/127.0.0.1:4893]
15:10:38.832 [Forwarding clickElement on session 8612472598685f044113b1de384afa82 to remote] DEBUG org.asynchttpclient.netty.request.NettyRequestSender - Using pooled Channel '[id: 0xfee8b889, L:/127.0.0.1:55080 - R:localhost/127.0.0.1:4893]' for 'POST' to 'http://localhost:4893/session/8612472598685f044113b1de384afa82/element/a72a81c0-8880-4bf2-8497-5b13a1c38030/click'
15:10:38.832 [Forwarding clickElement on session 8612472598685f044113b1de384afa82 to remote] DEBUG org.asynchttpclient.netty.request.NettyRequestSender - Using open Channel [id: 0xfee8b889, L:/127.0.0.1:55080 - R:localhost/127.0.0.1:4893] for POST '/session/8612472598685f044113b1de384afa82/element/a72a81c0-8880-4bf2-8497-5b13a1c38030/click'
15:10:38.925 [AsyncHttpClient-1-8] DEBUG org.asynchttpclient.netty.handler.HttpHandler - 

Request DefaultHttpRequest(decodeResult: success, version: HTTP/1.1)
POST /session/8612472598685f044113b1de384afa82/element/a72a81c0-8880-4bf2-8497-5b13a1c38030/click HTTP/1.1
User-Agent: selenium/4.8.1 (java windows)
Content-Length: 50
Content-Type: application/json; charset=utf-8
host: localhost:4893
accept: */*

Response DefaultHttpResponse(decodeResult: success, version: HTTP/1.1)
HTTP/1.1 200 OK
Content-Length: 14
Content-Type: application/json; charset=utf-8
cache-control: no-cache

15:10:38.926 [AsyncHttpClient-1-8] DEBUG org.asynchttpclient.netty.channel.ChannelManager - Adding key: http://localhost:4893 for channel [id: 0xfee8b889, L:/127.0.0.1:55080 - R:localhost/127.0.0.1:4893]
15:10:38.931 [main] DEBUG net.thucydides.core.steps.StepInterceptor - STEP DONE: ClickLoginBtn
  &amp#27;[32mAnd &amp#27;[0m&amp#27;[32muser click login button&amp#27;[0m                                            &amp#27;[90m# starter.stepdefinitions.LoginSteps.userClickLoginButton()&amp#27;[0m
15:10:38.945 [main] DEBUG net.thucydides.core.steps.StepInterceptor - STARTING STEP: LoginSteps.userOnProductsPage - onProductPage
15:10:38.950 [Forwarding findElement on session 8612472598685f044113b1de384afa82 to remote] DEBUG org.asynchttpclient.netty.request.NettyRequestSender - Using pooled Channel '[id: 0xfee8b889, L:/127.0.0.1:55080 - R:localhost/127.0.0.1:4893]' for 'POST' to 'http://localhost:4893/session/8612472598685f044113b1de384afa82/element'
15:10:38.950 [Forwarding findElement on session 8612472598685f044113b1de384afa82 to remote] DEBUG org.asynchttpclient.netty.request.NettyRequestSender - Using open Channel [id: 0xfee8b889, L:/127.0.0.1:55080 - R:localhost/127.0.0.1:4893] for POST '/session/8612472598685f044113b1de384afa82/element'
15:10:38.959 [AsyncHttpClient-1-1] DEBUG org.asynchttpclient.netty.channel.DefaultChannelPool - Entry count for : http://localhost:55081 : 1
15:10:40.056 [AsyncHttpClient-1-1] DEBUG org.asynchttpclient.netty.channel.DefaultChannelPool - Entry count for : http://localhost:55081 : 1
15:10:41.151 [AsyncHttpClient-1-1] DEBUG org.asynchttpclient.netty.channel.DefaultChannelPool - Entry count for : http://localhost:55081 : 1
15:10:42.272 [AsyncHttpClient-1-1] DEBUG org.asynchttpclient.netty.channel.DefaultChannelPool - Entry count for : http://localhost:55081 : 1
15:10:43.360 [AsyncHttpClient-1-1] DEBUG org.asynchttpclient.netty.channel.DefaultChannelPool - Entry count for : http://localhost:55081 : 1
15:10:44.466 [AsyncHttpClient-1-1] DEBUG org.asynchttpclient.netty.channel.DefaultChannelPool - Entry count for : http://localhost:55081 : 1
15:10:45.562 [AsyncHttpClient-1-1] DEBUG org.asynchttpclient.netty.channel.DefaultChannelPool - Entry count for : http://localhost:55081 : 1
15:10:46.661 [AsyncHttpClient-1-1] DEBUG org.asynchttpclient.netty.channel.DefaultChannelPool - Entry count for : http://localhost:55081 : 1
15:10:47.752 [AsyncHttpClient-1-1] DEBUG org.asynchttpclient.netty.channel.DefaultChannelPool - Entry count for : http://localhost:55081 : 1
15:10:48.853 [AsyncHttpClient-1-1] DEBUG org.asynchttpclient.netty.channel.DefaultChannelPool - Entry count for : http://localhost:55081 : 1
15:10:49.954 [AsyncHttpClient-1-1] DEBUG org.asynchttpclient.netty.channel.DefaultChannelPool - Entry count for : http://localhost:55081 : 1
15:10:51.053 [AsyncHttpClient-1-1] DEBUG org.asynchttpclient.netty.channel.DefaultChannelPool - Entry count for : http://localhost:55081 : 1
15:10:52.153 [AsyncHttpClient-1-1] DEBUG org.asynchttpclient.netty.channel.DefaultChannelPool - Entry count for : http://localhost:55081 : 1
15:10:53.255 [AsyncHttpClient-1-1] DEBUG org.asynchttpclient.netty.channel.DefaultChannelPool - Entry count for : http://localhost:55081 : 1
15:10:54.351 [AsyncHttpClient-1-1] DEBUG org.asynchttpclient.netty.channel.DefaultChannelPool - Entry count for : http://localhost:55081 : 1
15:10:55.451 [AsyncHttpClient-1-1] DEBUG org.asynchttpclient.netty.channel.DefaultChannelPool - Entry count for : http://localhost:55081 : 1
15:10:56.035 [AsyncHttpClient-1-8] DEBUG org.asynchttpclient.netty.handler.HttpHandler - 

Request DefaultHttpRequest(decodeResult: success, version: HTTP/1.1)
POST /session/8612472598685f044113b1de384afa82/element HTTP/1.1
User-Agent: selenium/4.8.1 (java windows)
Content-Length: 54
Content-Type: application/json; charset=utf-8
host: localhost:4893
accept: */*

Response DefaultHttpResponse(decodeResult: success, version: HTTP/1.1)
HTTP/1.1 200 OK
Content-Length: 88
Content-Type: application/json; charset=utf-8
cache-control: no-cache

15:10:56.035 [AsyncHttpClient-1-8] DEBUG org.asynchttpclient.netty.channel.ChannelManager - Adding key: http://localhost:4893 for channel [id: 0xfee8b889, L:/127.0.0.1:55080 - R:localhost/127.0.0.1:4893]
15:10:56.039 [Forwarding isElementDisplayed on session 8612472598685f044113b1de384afa82 to remote] DEBUG org.asynchttpclient.netty.request.NettyRequestSender - Using pooled Channel '[id: 0xfee8b889, L:/127.0.0.1:55080 - R:localhost/127.0.0.1:4893]' for 'POST' to 'http://localhost:4893/session/8612472598685f044113b1de384afa82/execute/sync'
15:10:56.039 [Forwarding isElementDisplayed on session 8612472598685f044113b1de384afa82 to remote] DEBUG org.asynchttpclient.netty.request.NettyRequestSender - Using open Channel [id: 0xfee8b889, L:/127.0.0.1:55080 - R:localhost/127.0.0.1:4893] for POST '/session/8612472598685f044113b1de384afa82/execute/sync'
15:10:56.056 [AsyncHttpClient-1-8] DEBUG org.asynchttpclient.netty.handler.HttpHandler - 

Request DefaultHttpRequest(decodeResult: success, version: HTTP/1.1)
POST /session/8612472598685f044113b1de384afa82/execute/sync HTTP/1.1
User-Agent: selenium/4.8.1 (java windows)
Content-Length: 48807
Content-Type: application/json; charset=utf-8
host: localhost:4893
accept: */*

Response DefaultHttpResponse(decodeResult: success, version: HTTP/1.1)
HTTP/1.1 200 OK
Content-Length: 14
Content-Type: application/json; charset=utf-8
cache-control: no-cache

15:10:56.057 [AsyncHttpClient-1-8] DEBUG org.asynchttpclient.netty.channel.ChannelManager - Adding key: http://localhost:4893 for channel [id: 0xfee8b889, L:/127.0.0.1:55080 - R:localhost/127.0.0.1:4893]
15:10:56.060 [Forwarding isElementDisplayed on session 8612472598685f044113b1de384afa82 to remote] DEBUG org.asynchttpclient.netty.request.NettyRequestSender - Using pooled Channel '[id: 0xfee8b889, L:/127.0.0.1:55080 - R:localhost/127.0.0.1:4893]' for 'POST' to 'http://localhost:4893/session/8612472598685f044113b1de384afa82/execute/sync'
15:10:56.060 [Forwarding isElementDisplayed on session 8612472598685f044113b1de384afa82 to remote] DEBUG org.asynchttpclient.netty.request.NettyRequestSender - Using open Channel [id: 0xfee8b889, L:/127.0.0.1:55080 - R:localhost/127.0.0.1:4893] for POST '/session/8612472598685f044113b1de384afa82/execute/sync'
15:10:56.069 [AsyncHttpClient-1-8] DEBUG org.asynchttpclient.netty.handler.HttpHandler - 

Request DefaultHttpRequest(decodeResult: success, version: HTTP/1.1)
POST /session/8612472598685f044113b1de384afa82/execute/sync HTTP/1.1
User-Agent: selenium/4.8.1 (java windows)
Content-Length: 48807
Content-Type: application/json; charset=utf-8
host: localhost:4893
accept: */*

Response DefaultHttpResponse(decodeResult: success, version: HTTP/1.1)
HTTP/1.1 200 OK
Content-Length: 14
Content-Type: application/json; charset=utf-8
cache-control: no-cache

15:10:56.069 [AsyncHttpClient-1-8] DEBUG org.asynchttpclient.netty.channel.ChannelManager - Adding key: http://localhost:4893 for channel [id: 0xfee8b889, L:/127.0.0.1:55080 - R:localhost/127.0.0.1:4893]
15:10:56.071 [main] DEBUG net.thucydides.core.steps.StepInterceptor - STEP DONE: onProductPage
  &amp#27;[32mAnd &amp#27;[0m&amp#27;[32muser on products page&amp#27;[0m                                              &amp#27;[90m# starter.stepdefinitions.LoginSteps.userOnProductsPage()&amp#27;[0m
15:10:56.088 [Forwarding findElement on session 8612472598685f044113b1de384afa82 to remote] DEBUG org.asynchttpclient.netty.request.NettyRequestSender - Using pooled Channel '[id: 0xfee8b889, L:/127.0.0.1:55080 - R:localhost/127.0.0.1:4893]' for 'POST' to 'http://localhost:4893/session/8612472598685f044113b1de384afa82/element'
15:10:56.088 [Forwarding findElement on session 8612472598685f044113b1de384afa82 to remote] DEBUG org.asynchttpclient.netty.request.NettyRequestSender - Using open Channel [id: 0xfee8b889, L:/127.0.0.1:55080 - R:localhost/127.0.0.1:4893] for POST '/session/8612472598685f044113b1de384afa82/element'
15:10:56.145 [AsyncHttpClient-1-8] DEBUG org.asynchttpclient.netty.handler.HttpHandler - 

Request DefaultHttpRequest(decodeResult: success, version: HTTP/1.1)
POST /session/8612472598685f044113b1de384afa82/element HTTP/1.1
User-Agent: selenium/4.8.1 (java windows)
Content-Length: 68
Content-Type: application/json; charset=utf-8
host: localhost:4893
accept: */*

Response DefaultHttpResponse(decodeResult: success, version: HTTP/1.1)
HTTP/1.1 200 OK
Content-Length: 88
Content-Type: application/json; charset=utf-8
cache-control: no-cache

15:10:56.145 [AsyncHttpClient-1-8] DEBUG org.asynchttpclient.netty.channel.ChannelManager - Adding key: http://localhost:4893 for channel [id: 0xfee8b889, L:/127.0.0.1:55080 - R:localhost/127.0.0.1:4893]
15:10:56.146 [Forwarding getElementTagName on session 8612472598685f044113b1de384afa82 to remote] DEBUG org.asynchttpclient.netty.request.NettyRequestSender - Using pooled Channel '[id: 0xfee8b889, L:/127.0.0.1:55080 - R:localhost/127.0.0.1:4893]' for 'GET' to 'http://localhost:4893/session/8612472598685f044113b1de384afa82/element/5938bc06-3c0e-472e-a797-26944ed36f5b/name'
15:10:56.146 [Forwarding getElementTagName on session 8612472598685f044113b1de384afa82 to remote] DEBUG org.asynchttpclient.netty.request.NettyRequestSender - Using open Channel [id: 0xfee8b889, L:/127.0.0.1:55080 - R:localhost/127.0.0.1:4893] for GET '/session/8612472598685f044113b1de384afa82/element/5938bc06-3c0e-472e-a797-26944ed36f5b/name'
15:10:56.151 [AsyncHttpClient-1-8] DEBUG org.asynchttpclient.netty.handler.HttpHandler - 

Request DefaultFullHttpRequest(decodeResult: success, version: HTTP/1.1, content: EmptyByteBufBE)
GET /session/8612472598685f044113b1de384afa82/element/5938bc06-3c0e-472e-a797-26944ed36f5b/name HTTP/1.1
User-Agent: selenium/4.8.1 (java windows)
Cache-Control: no-cache
Content-Type: application/json; charset=utf-8
host: localhost:4893
accept: */*

Response DefaultHttpResponse(decodeResult: success, version: HTTP/1.1)
HTTP/1.1 200 OK
Content-Length: 16
Content-Type: application/json; charset=utf-8
cache-control: no-cache

15:10:56.151 [AsyncHttpClient-1-8] DEBUG org.asynchttpclient.netty.channel.ChannelManager - Adding key: http://localhost:4893 for channel [id: 0xfee8b889, L:/127.0.0.1:55080 - R:localhost/127.0.0.1:4893]
15:10:56.153 [Forwarding getElementTagName on session 8612472598685f044113b1de384afa82 to remote] DEBUG org.asynchttpclient.netty.request.NettyRequestSender - Using pooled Channel '[id: 0xfee8b889, L:/127.0.0.1:55080 - R:localhost/127.0.0.1:4893]' for 'GET' to 'http://localhost:4893/session/8612472598685f044113b1de384afa82/element/5938bc06-3c0e-472e-a797-26944ed36f5b/name'
15:10:56.153 [Forwarding getElementTagName on session 8612472598685f044113b1de384afa82 to remote] DEBUG org.asynchttpclient.netty.request.NettyRequestSender - Using open Channel [id: 0xfee8b889, L:/127.0.0.1:55080 - R:localhost/127.0.0.1:4893] for GET '/session/8612472598685f044113b1de384afa82/element/5938bc06-3c0e-472e-a797-26944ed36f5b/name'
15:10:56.157 [AsyncHttpClient-1-8] DEBUG org.asynchttpclient.netty.handler.HttpHandler - 

Request DefaultFullHttpRequest(decodeResult: success, version: HTTP/1.1, content: EmptyByteBufBE)
GET /session/8612472598685f044113b1de384afa82/element/5938bc06-3c0e-472e-a797-26944ed36f5b/name HTTP/1.1
User-Agent: selenium/4.8.1 (java windows)
Cache-Control: no-cache
Content-Type: application/json; charset=utf-8
host: localhost:4893
accept: */*

Response DefaultHttpResponse(decodeResult: success, version: HTTP/1.1)
HTTP/1.1 200 OK
Content-Length: 16
Content-Type: application/json; charset=utf-8
cache-control: no-cache

15:10:56.157 [AsyncHttpClient-1-8] DEBUG org.asynchttpclient.netty.channel.ChannelManager - Adding key: http://localhost:4893 for channel [id: 0xfee8b889, L:/127.0.0.1:55080 - R:localhost/127.0.0.1:4893]
15:10:56.159 [Forwarding findElement on session 8612472598685f044113b1de384afa82 to remote] DEBUG org.asynchttpclient.netty.request.NettyRequestSender - Using pooled Channel '[id: 0xfee8b889, L:/127.0.0.1:55080 - R:localhost/127.0.0.1:4893]' for 'POST' to 'http://localhost:4893/session/8612472598685f044113b1de384afa82/element'
15:10:56.159 [Forwarding findElement on session 8612472598685f044113b1de384afa82 to remote] DEBUG org.asynchttpclient.netty.request.NettyRequestSender - Using open Channel [id: 0xfee8b889, L:/127.0.0.1:55080 - R:localhost/127.0.0.1:4893] for POST '/session/8612472598685f044113b1de384afa82/element'
15:10:56.187 [AsyncHttpClient-1-8] DEBUG org.asynchttpclient.netty.handler.HttpHandler - 

Request DefaultHttpRequest(decodeResult: success, version: HTTP/1.1)
POST /session/8612472598685f044113b1de384afa82/element HTTP/1.1
User-Agent: selenium/4.8.1 (java windows)
Content-Length: 68
Content-Type: application/json; charset=utf-8
host: localhost:4893
accept: */*

Response DefaultHttpResponse(decodeResult: success, version: HTTP/1.1)
HTTP/1.1 200 OK
Content-Length: 88
Content-Type: application/json; charset=utf-8
cache-control: no-cache

15:10:56.187 [AsyncHttpClient-1-8] DEBUG org.asynchttpclient.netty.channel.ChannelManager - Adding key: http://localhost:4893 for channel [id: 0xfee8b889, L:/127.0.0.1:55080 - R:localhost/127.0.0.1:4893]
15:10:56.188 [Forwarding clickElement on session 8612472598685f044113b1de384afa82 to remote] DEBUG org.asynchttpclient.netty.request.NettyRequestSender - Using pooled Channel '[id: 0xfee8b889, L:/127.0.0.1:55080 - R:localhost/127.0.0.1:4893]' for 'POST' to 'http://localhost:4893/session/8612472598685f044113b1de384afa82/element/5938bc06-3c0e-472e-a797-26944ed36f5b/click'
15:10:56.188 [Forwarding clickElement on session 8612472598685f044113b1de384afa82 to remote] DEBUG org.asynchttpclient.netty.request.NettyRequestSender - Using open Channel [id: 0xfee8b889, L:/127.0.0.1:55080 - R:localhost/127.0.0.1:4893] for POST '/session/8612472598685f044113b1de384afa82/element/5938bc06-3c0e-472e-a797-26944ed36f5b/click'
15:10:56.561 [AsyncHttpClient-1-1] DEBUG org.asynchttpclient.netty.channel.DefaultChannelPool - Entry count for : http://localhost:55081 : 1
15:10:56.587 [AsyncHttpClient-1-8] DEBUG org.asynchttpclient.netty.handler.HttpHandler - 

Request DefaultHttpRequest(decodeResult: success, version: HTTP/1.1)
POST /session/8612472598685f044113b1de384afa82/element/5938bc06-3c0e-472e-a797-26944ed36f5b/click HTTP/1.1
User-Agent: selenium/4.8.1 (java windows)
Content-Length: 50
Content-Type: application/json; charset=utf-8
host: localhost:4893
accept: */*

Response DefaultHttpResponse(decodeResult: success, version: HTTP/1.1)
HTTP/1.1 200 OK
Content-Length: 14
Content-Type: application/json; charset=utf-8
cache-control: no-cache

15:10:56.587 [AsyncHttpClient-1-8] DEBUG org.asynchttpclient.netty.channel.ChannelManager - Adding key: http://localhost:4893 for channel [id: 0xfee8b889, L:/127.0.0.1:55080 - R:localhost/127.0.0.1:4893]
  &amp#27;[32mWhen &amp#27;[0m&amp#27;[32muser click button Beli&amp#27;[0m                                            &amp#27;[90m# starter.stepdefinitions.ChooseProductSteps.userClickButtonBeli()&amp#27;[0m
15:10:56.606 [Forwarding findElement on session 8612472598685f044113b1de384afa82 to remote] DEBUG org.asynchttpclient.netty.request.NettyRequestSender - Using pooled Channel '[id: 0xfee8b889, L:/127.0.0.1:55080 - R:localhost/127.0.0.1:4893]' for 'POST' to 'http://localhost:4893/session/8612472598685f044113b1de384afa82/element'
15:10:56.606 [Forwarding findElement on session 8612472598685f044113b1de384afa82 to remote] DEBUG org.asynchttpclient.netty.request.NettyRequestSender - Using open Channel [id: 0xfee8b889, L:/127.0.0.1:55080 - R:localhost/127.0.0.1:4893] for POST '/session/8612472598685f044113b1de384afa82/element'
15:10:56.724 [AsyncHttpClient-1-8] DEBUG org.asynchttpclient.netty.handler.HttpHandler - 

Request DefaultHttpRequest(decodeResult: success, version: HTTP/1.1)
POST /session/8612472598685f044113b1de384afa82/element HTTP/1.1
User-Agent: selenium/4.8.1 (java windows)
Content-Length: 71
Content-Type: application/json; charset=utf-8
host: localhost:4893
accept: */*

Response DefaultHttpResponse(decodeResult: success, version: HTTP/1.1)
HTTP/1.1 200 OK
Content-Length: 88
Content-Type: application/json; charset=utf-8
cache-control: no-cache

15:10:56.724 [AsyncHttpClient-1-8] DEBUG org.asynchttpclient.netty.channel.ChannelManager - Adding key: http://localhost:4893 for channel [id: 0xfee8b889, L:/127.0.0.1:55080 - R:localhost/127.0.0.1:4893]
15:10:56.725 [Forwarding getElementTagName on session 8612472598685f044113b1de384afa82 to remote] DEBUG org.asynchttpclient.netty.request.NettyRequestSender - Using pooled Channel '[id: 0xfee8b889, L:/127.0.0.1:55080 - R:localhost/127.0.0.1:4893]' for 'GET' to 'http://localhost:4893/session/8612472598685f044113b1de384afa82/element/fc891fde-791b-40d8-bc3e-a93824d9d41e/name'
15:10:56.725 [Forwarding getElementTagName on session 8612472598685f044113b1de384afa82 to remote] DEBUG org.asynchttpclient.netty.request.NettyRequestSender - Using open Channel [id: 0xfee8b889, L:/127.0.0.1:55080 - R:localhost/127.0.0.1:4893] for GET '/session/8612472598685f044113b1de384afa82/element/fc891fde-791b-40d8-bc3e-a93824d9d41e/name'
15:10:56.732 [AsyncHttpClient-1-8] DEBUG org.asynchttpclient.netty.handler.HttpHandler - 

Request DefaultFullHttpRequest(decodeResult: success, version: HTTP/1.1, content: EmptyByteBufBE)
GET /session/8612472598685f044113b1de384afa82/element/fc891fde-791b-40d8-bc3e-a93824d9d41e/name HTTP/1.1
User-Agent: selenium/4.8.1 (java windows)
Cache-Control: no-cache
Content-Type: application/json; charset=utf-8
host: localhost:4893
accept: */*

Response DefaultHttpResponse(decodeResult: success, version: HTTP/1.1)
HTTP/1.1 200 OK
Content-Length: 13
Content-Type: application/json; charset=utf-8
cache-control: no-cache

15:10:56.732 [AsyncHttpClient-1-8] DEBUG org.asynchttpclient.netty.channel.ChannelManager - Adding key: http://localhost:4893 for channel [id: 0xfee8b889, L:/127.0.0.1:55080 - R:localhost/127.0.0.1:4893]
15:10:56.734 [Forwarding getElementTagName on session 8612472598685f044113b1de384afa82 to remote] DEBUG org.asynchttpclient.netty.request.NettyRequestSender - Using pooled Channel '[id: 0xfee8b889, L:/127.0.0.1:55080 - R:localhost/127.0.0.1:4893]' for 'GET' to 'http://localhost:4893/session/8612472598685f044113b1de384afa82/element/fc891fde-791b-40d8-bc3e-a93824d9d41e/name'
15:10:56.734 [Forwarding getElementTagName on session 8612472598685f044113b1de384afa82 to remote] DEBUG org.asynchttpclient.netty.request.NettyRequestSender - Using open Channel [id: 0xfee8b889, L:/127.0.0.1:55080 - R:localhost/127.0.0.1:4893] for GET '/session/8612472598685f044113b1de384afa82/element/fc891fde-791b-40d8-bc3e-a93824d9d41e/name'
15:10:56.738 [AsyncHttpClient-1-8] DEBUG org.asynchttpclient.netty.handler.HttpHandler - 

Request DefaultFullHttpRequest(decodeResult: success, version: HTTP/1.1, content: EmptyByteBufBE)
GET /session/8612472598685f044113b1de384afa82/element/fc891fde-791b-40d8-bc3e-a93824d9d41e/name HTTP/1.1
User-Agent: selenium/4.8.1 (java windows)
Cache-Control: no-cache
Content-Type: application/json; charset=utf-8
host: localhost:4893
accept: */*

Response DefaultHttpResponse(decodeResult: success, version: HTTP/1.1)
HTTP/1.1 200 OK
Content-Length: 13
Content-Type: application/json; charset=utf-8
cache-control: no-cache

15:10:56.738 [AsyncHttpClient-1-8] DEBUG org.asynchttpclient.netty.channel.ChannelManager - Adding key: http://localhost:4893 for channel [id: 0xfee8b889, L:/127.0.0.1:55080 - R:localhost/127.0.0.1:4893]
15:10:56.741 [Forwarding findElement on session 8612472598685f044113b1de384afa82 to remote] DEBUG org.asynchttpclient.netty.request.NettyRequestSender - Using pooled Channel '[id: 0xfee8b889, L:/127.0.0.1:55080 - R:localhost/127.0.0.1:4893]' for 'POST' to 'http://localhost:4893/session/8612472598685f044113b1de384afa82/element'
15:10:56.741 [Forwarding findElement on session 8612472598685f044113b1de384afa82 to remote] DEBUG org.asynchttpclient.netty.request.NettyRequestSender - Using open Channel [id: 0xfee8b889, L:/127.0.0.1:55080 - R:localhost/127.0.0.1:4893] for POST '/session/8612472598685f044113b1de384afa82/element'
15:10:56.761 [AsyncHttpClient-1-8] DEBUG org.asynchttpclient.netty.handler.HttpHandler - 

Request DefaultHttpRequest(decodeResult: success, version: HTTP/1.1)
POST /session/8612472598685f044113b1de384afa82/element HTTP/1.1
User-Agent: selenium/4.8.1 (java windows)
Content-Length: 71
Content-Type: application/json; charset=utf-8
host: localhost:4893
accept: */*

Response DefaultHttpResponse(decodeResult: success, version: HTTP/1.1)
HTTP/1.1 200 OK
Content-Length: 88
Content-Type: application/json; charset=utf-8
cache-control: no-cache

15:10:56.761 [AsyncHttpClient-1-8] DEBUG org.asynchttpclient.netty.channel.ChannelManager - Adding key: http://localhost:4893 for channel [id: 0xfee8b889, L:/127.0.0.1:55080 - R:localhost/127.0.0.1:4893]
15:10:56.764 [Forwarding clickElement on session 8612472598685f044113b1de384afa82 to remote] DEBUG org.asynchttpclient.netty.request.NettyRequestSender - Using pooled Channel '[id: 0xfee8b889, L:/127.0.0.1:55080 - R:localhost/127.0.0.1:4893]' for 'POST' to 'http://localhost:4893/session/8612472598685f044113b1de384afa82/element/fc891fde-791b-40d8-bc3e-a93824d9d41e/click'
15:10:56.764 [Forwarding clickElement on session 8612472598685f044113b1de384afa82 to remote] DEBUG org.asynchttpclient.netty.request.NettyRequestSender - Using open Channel [id: 0xfee8b889, L:/127.0.0.1:55080 - R:localhost/127.0.0.1:4893] for POST '/session/8612472598685f044113b1de384afa82/element/fc891fde-791b-40d8-bc3e-a93824d9d41e/click'
15:10:57.034 [AsyncHttpClient-1-8] DEBUG org.asynchttpclient.netty.handler.HttpHandler - 

Request DefaultHttpRequest(decodeResult: success, version: HTTP/1.1)
POST /session/8612472598685f044113b1de384afa82/element/fc891fde-791b-40d8-bc3e-a93824d9d41e/click HTTP/1.1
User-Agent: selenium/4.8.1 (java windows)
Content-Length: 50
Content-Type: application/json; charset=utf-8
host: localhost:4893
accept: */*

Response DefaultHttpResponse(decodeResult: success, version: HTTP/1.1)
HTTP/1.1 200 OK
Content-Length: 14
Content-Type: application/json; charset=utf-8
cache-control: no-cache

15:10:57.034 [AsyncHttpClient-1-8] DEBUG org.asynchttpclient.netty.channel.ChannelManager - Adding key: http://localhost:4893 for channel [id: 0xfee8b889, L:/127.0.0.1:55080 - R:localhost/127.0.0.1:4893]
  &amp#27;[32mAnd &amp#27;[0m&amp#27;[32muser click cart&amp#27;[0m                                                    &amp#27;[90m# starter.stepdefinitions.ChooseProductSteps.userClickCart()&amp#27;[0m
15:10:57.049 [Forwarding findElement on session 8612472598685f044113b1de384afa82 to remote] DEBUG org.asynchttpclient.netty.request.NettyRequestSender - Using pooled Channel '[id: 0xfee8b889, L:/127.0.0.1:55080 - R:localhost/127.0.0.1:4893]' for 'POST' to 'http://localhost:4893/session/8612472598685f044113b1de384afa82/element'
15:10:57.049 [Forwarding findElement on session 8612472598685f044113b1de384afa82 to remote] DEBUG org.asynchttpclient.netty.request.NettyRequestSender - Using open Channel [id: 0xfee8b889, L:/127.0.0.1:55080 - R:localhost/127.0.0.1:4893] for POST '/session/8612472598685f044113b1de384afa82/element'
15:10:57.655 [AsyncHttpClient-1-1] DEBUG org.asynchttpclient.netty.channel.DefaultChannelPool - Entry count for : http://localhost:55081 : 1
15:10:58.751 [AsyncHttpClient-1-1] DEBUG org.asynchttpclient.netty.channel.DefaultChannelPool - Entry count for : http://localhost:55081 : 1
15:10:59.075 [AsyncHttpClient-1-8] DEBUG org.asynchttpclient.netty.handler.HttpHandler - 

Request DefaultHttpRequest(decodeResult: success, version: HTTP/1.1)
POST /session/8612472598685f044113b1de384afa82/element HTTP/1.1
User-Agent: selenium/4.8.1 (java windows)
Content-Length: 59
Content-Type: application/json; charset=utf-8
host: localhost:4893
accept: */*

Response DefaultHttpResponse(decodeResult: success, version: HTTP/1.1)
HTTP/1.1 200 OK
Content-Length: 88
Content-Type: application/json; charset=utf-8
cache-control: no-cache

15:10:59.075 [AsyncHttpClient-1-8] DEBUG org.asynchttpclient.netty.channel.ChannelManager - Adding key: http://localhost:4893 for channel [id: 0xfee8b889, L:/127.0.0.1:55080 - R:localhost/127.0.0.1:4893]
15:10:59.077 [Forwarding getElementTagName on session 8612472598685f044113b1de384afa82 to remote] DEBUG org.asynchttpclient.netty.request.NettyRequestSender - Using pooled Channel '[id: 0xfee8b889, L:/127.0.0.1:55080 - R:localhost/127.0.0.1:4893]' for 'GET' to 'http://localhost:4893/session/8612472598685f044113b1de384afa82/element/b994b740-9ad9-4c54-a898-98862f4929d5/name'
15:10:59.077 [Forwarding getElementTagName on session 8612472598685f044113b1de384afa82 to remote] DEBUG org.asynchttpclient.netty.request.NettyRequestSender - Using open Channel [id: 0xfee8b889, L:/127.0.0.1:55080 - R:localhost/127.0.0.1:4893] for GET '/session/8612472598685f044113b1de384afa82/element/b994b740-9ad9-4c54-a898-98862f4929d5/name'
15:10:59.083 [AsyncHttpClient-1-8] DEBUG org.asynchttpclient.netty.handler.HttpHandler - 

Request DefaultFullHttpRequest(decodeResult: success, version: HTTP/1.1, content: EmptyByteBufBE)
GET /session/8612472598685f044113b1de384afa82/element/b994b740-9ad9-4c54-a898-98862f4929d5/name HTTP/1.1
User-Agent: selenium/4.8.1 (java windows)
Cache-Control: no-cache
Content-Type: application/json; charset=utf-8
host: localhost:4893
accept: */*

Response DefaultHttpResponse(decodeResult: success, version: HTTP/1.1)
HTTP/1.1 200 OK
Content-Length: 18
Content-Type: application/json; charset=utf-8
cache-control: no-cache

15:10:59.083 [AsyncHttpClient-1-8] DEBUG org.asynchttpclient.netty.channel.ChannelManager - Adding key: http://localhost:4893 for channel [id: 0xfee8b889, L:/127.0.0.1:55080 - R:localhost/127.0.0.1:4893]
15:10:59.084 [Forwarding getElementTagName on session 8612472598685f044113b1de384afa82 to remote] DEBUG org.asynchttpclient.netty.request.NettyRequestSender - Using pooled Channel '[id: 0xfee8b889, L:/127.0.0.1:55080 - R:localhost/127.0.0.1:4893]' for 'GET' to 'http://localhost:4893/session/8612472598685f044113b1de384afa82/element/b994b740-9ad9-4c54-a898-98862f4929d5/name'
15:10:59.085 [Forwarding getElementTagName on session 8612472598685f044113b1de384afa82 to remote] DEBUG org.asynchttpclient.netty.request.NettyRequestSender - Using open Channel [id: 0xfee8b889, L:/127.0.0.1:55080 - R:localhost/127.0.0.1:4893] for GET '/session/8612472598685f044113b1de384afa82/element/b994b740-9ad9-4c54-a898-98862f4929d5/name'
15:10:59.089 [AsyncHttpClient-1-8] DEBUG org.asynchttpclient.netty.handler.HttpHandler - 

Request DefaultFullHttpRequest(decodeResult: success, version: HTTP/1.1, content: EmptyByteBufBE)
GET /session/8612472598685f044113b1de384afa82/element/b994b740-9ad9-4c54-a898-98862f4929d5/name HTTP/1.1
User-Agent: selenium/4.8.1 (java windows)
Cache-Control: no-cache
Content-Type: application/json; charset=utf-8
host: localhost:4893
accept: */*

Response DefaultHttpResponse(decodeResult: success, version: HTTP/1.1)
HTTP/1.1 200 OK
Content-Length: 18
Content-Type: application/json; charset=utf-8
cache-control: no-cache

15:10:59.089 [AsyncHttpClient-1-8] DEBUG org.asynchttpclient.netty.channel.ChannelManager - Adding key: http://localhost:4893 for channel [id: 0xfee8b889, L:/127.0.0.1:55080 - R:localhost/127.0.0.1:4893]
15:10:59.092 [Forwarding isElementEnabled on session 8612472598685f044113b1de384afa82 to remote] DEBUG org.asynchttpclient.netty.request.NettyRequestSender - Using pooled Channel '[id: 0xfee8b889, L:/127.0.0.1:55080 - R:localhost/127.0.0.1:4893]' for 'GET' to 'http://localhost:4893/session/8612472598685f044113b1de384afa82/element/b994b740-9ad9-4c54-a898-98862f4929d5/enabled'
15:10:59.092 [Forwarding isElementEnabled on session 8612472598685f044113b1de384afa82 to remote] DEBUG org.asynchttpclient.netty.request.NettyRequestSender - Using open Channel [id: 0xfee8b889, L:/127.0.0.1:55080 - R:localhost/127.0.0.1:4893] for GET '/session/8612472598685f044113b1de384afa82/element/b994b740-9ad9-4c54-a898-98862f4929d5/enabled'
15:10:59.104 [AsyncHttpClient-1-8] DEBUG org.asynchttpclient.netty.handler.HttpHandler - 

Request DefaultFullHttpRequest(decodeResult: success, version: HTTP/1.1, content: EmptyByteBufBE)
GET /session/8612472598685f044113b1de384afa82/element/b994b740-9ad9-4c54-a898-98862f4929d5/enabled HTTP/1.1
User-Agent: selenium/4.8.1 (java windows)
Cache-Control: no-cache
Content-Type: application/json; charset=utf-8
host: localhost:4893
accept: */*

Response DefaultHttpResponse(decodeResult: success, version: HTTP/1.1)
HTTP/1.1 200 OK
Content-Length: 14
Content-Type: application/json; charset=utf-8
cache-control: no-cache

15:10:59.104 [AsyncHttpClient-1-8] DEBUG org.asynchttpclient.netty.channel.ChannelManager - Adding key: http://localhost:4893 for channel [id: 0xfee8b889, L:/127.0.0.1:55080 - R:localhost/127.0.0.1:4893]
15:10:59.106 [Forwarding isElementEnabled on session 8612472598685f044113b1de384afa82 to remote] DEBUG org.asynchttpclient.netty.request.NettyRequestSender - Using pooled Channel '[id: 0xfee8b889, L:/127.0.0.1:55080 - R:localhost/127.0.0.1:4893]' for 'GET' to 'http://localhost:4893/session/8612472598685f044113b1de384afa82/element/b994b740-9ad9-4c54-a898-98862f4929d5/enabled'
15:10:59.106 [Forwarding isElementEnabled on session 8612472598685f044113b1de384afa82 to remote] DEBUG org.asynchttpclient.netty.request.NettyRequestSender - Using open Channel [id: 0xfee8b889, L:/127.0.0.1:55080 - R:localhost/127.0.0.1:4893] for GET '/session/8612472598685f044113b1de384afa82/element/b994b740-9ad9-4c54-a898-98862f4929d5/enabled'
15:10:59.114 [AsyncHttpClient-1-8] DEBUG org.asynchttpclient.netty.handler.HttpHandler - 

Request DefaultFullHttpRequest(decodeResult: success, version: HTTP/1.1, content: EmptyByteBufBE)
GET /session/8612472598685f044113b1de384afa82/element/b994b740-9ad9-4c54-a898-98862f4929d5/enabled HTTP/1.1
User-Agent: selenium/4.8.1 (java windows)
Cache-Control: no-cache
Content-Type: application/json; charset=utf-8
host: localhost:4893
accept: */*

Response DefaultHttpResponse(decodeResult: success, version: HTTP/1.1)
HTTP/1.1 200 OK
Content-Length: 14
Content-Type: application/json; charset=utf-8
cache-control: no-cache

15:10:59.115 [AsyncHttpClient-1-8] DEBUG org.asynchttpclient.netty.channel.ChannelManager - Adding key: http://localhost:4893 for channel [id: 0xfee8b889, L:/127.0.0.1:55080 - R:localhost/127.0.0.1:4893]
15:10:59.117 [Forwarding findElement on session 8612472598685f044113b1de384afa82 to remote] DEBUG org.asynchttpclient.netty.request.NettyRequestSender - Using pooled Channel '[id: 0xfee8b889, L:/127.0.0.1:55080 - R:localhost/127.0.0.1:4893]' for 'POST' to 'http://localhost:4893/session/8612472598685f044113b1de384afa82/element'
15:10:59.117 [Forwarding findElement on session 8612472598685f044113b1de384afa82 to remote] DEBUG org.asynchttpclient.netty.request.NettyRequestSender - Using open Channel [id: 0xfee8b889, L:/127.0.0.1:55080 - R:localhost/127.0.0.1:4893] for POST '/session/8612472598685f044113b1de384afa82/element'
15:10:59.124 [AsyncHttpClient-1-8] DEBUG org.asynchttpclient.netty.handler.HttpHandler - 

Request DefaultHttpRequest(decodeResult: success, version: HTTP/1.1)
POST /session/8612472598685f044113b1de384afa82/element HTTP/1.1
User-Agent: selenium/4.8.1 (java windows)
Content-Length: 59
Content-Type: application/json; charset=utf-8
host: localhost:4893
accept: */*

Response DefaultHttpResponse(decodeResult: success, version: HTTP/1.1)
HTTP/1.1 200 OK
Content-Length: 88
Content-Type: application/json; charset=utf-8
cache-control: no-cache

15:10:59.124 [AsyncHttpClient-1-8] DEBUG org.asynchttpclient.netty.channel.ChannelManager - Adding key: http://localhost:4893 for channel [id: 0xfee8b889, L:/127.0.0.1:55080 - R:localhost/127.0.0.1:4893]
15:10:59.125 [Forwarding clickElement on session 8612472598685f044113b1de384afa82 to remote] DEBUG org.asynchttpclient.netty.request.NettyRequestSender - Using pooled Channel '[id: 0xfee8b889, L:/127.0.0.1:55080 - R:localhost/127.0.0.1:4893]' for 'POST' to 'http://localhost:4893/session/8612472598685f044113b1de384afa82/element/b994b740-9ad9-4c54-a898-98862f4929d5/click'
15:10:59.125 [Forwarding clickElement on session 8612472598685f044113b1de384afa82 to remote] DEBUG org.asynchttpclient.netty.request.NettyRequestSender - Using open Channel [id: 0xfee8b889, L:/127.0.0.1:55080 - R:localhost/127.0.0.1:4893] for POST '/session/8612472598685f044113b1de384afa82/element/b994b740-9ad9-4c54-a898-98862f4929d5/click'
15:10:59.169 [AsyncHttpClient-1-8] DEBUG org.asynchttpclient.netty.handler.HttpHandler - 

Request DefaultHttpRequest(decodeResult: success, version: HTTP/1.1)
POST /session/8612472598685f044113b1de384afa82/element/b994b740-9ad9-4c54-a898-98862f4929d5/click HTTP/1.1
User-Agent: selenium/4.8.1 (java windows)
Content-Length: 50
Content-Type: application/json; charset=utf-8
host: localhost:4893
accept: */*

Response DefaultHttpResponse(decodeResult: success, version: HTTP/1.1)
HTTP/1.1 200 OK
Content-Length: 14
Content-Type: application/json; charset=utf-8
cache-control: no-cache

15:10:59.170 [AsyncHttpClient-1-8] DEBUG org.asynchttpclient.netty.channel.ChannelManager - Adding key: http://localhost:4893 for channel [id: 0xfee8b889, L:/127.0.0.1:55080 - R:localhost/127.0.0.1:4893]
  &amp#27;[32mAnd &amp#27;[0m&amp#27;[32muser click Bayar&amp#27;[0m                                                   &amp#27;[90m# starter.stepdefinitions.ChooseProductSteps.userClickBayar()&amp#27;[0m
15:10:59.190 [Forwarding findElement on session 8612472598685f044113b1de384afa82 to remote] DEBUG org.asynchttpclient.netty.request.NettyRequestSender - Using pooled Channel '[id: 0xfee8b889, L:/127.0.0.1:55080 - R:localhost/127.0.0.1:4893]' for 'POST' to 'http://localhost:4893/session/8612472598685f044113b1de384afa82/element'
15:10:59.190 [Forwarding findElement on session 8612472598685f044113b1de384afa82 to remote] DEBUG org.asynchttpclient.netty.request.NettyRequestSender - Using open Channel [id: 0xfee8b889, L:/127.0.0.1:55080 - R:localhost/127.0.0.1:4893] for POST '/session/8612472598685f044113b1de384afa82/element'
15:10:59.257 [AsyncHttpClient-1-8] DEBUG org.asynchttpclient.netty.handler.HttpHandler - 

Request DefaultHttpRequest(decodeResult: success, version: HTTP/1.1)
POST /session/8612472598685f044113b1de384afa82/element HTTP/1.1
User-Agent: selenium/4.8.1 (java windows)
Content-Length: 84
Content-Type: application/json; charset=utf-8
host: localhost:4893
accept: */*

Response DefaultHttpResponse(decodeResult: success, version: HTTP/1.1)
HTTP/1.1 200 OK
Content-Length: 88
Content-Type: application/json; charset=utf-8
cache-control: no-cache

15:10:59.257 [AsyncHttpClient-1-8] DEBUG org.asynchttpclient.netty.channel.ChannelManager - Adding key: http://localhost:4893 for channel [id: 0xfee8b889, L:/127.0.0.1:55080 - R:localhost/127.0.0.1:4893]
15:10:59.259 [Forwarding getElementTagName on session 8612472598685f044113b1de384afa82 to remote] DEBUG org.asynchttpclient.netty.request.NettyRequestSender - Using pooled Channel '[id: 0xfee8b889, L:/127.0.0.1:55080 - R:localhost/127.0.0.1:4893]' for 'GET' to 'http://localhost:4893/session/8612472598685f044113b1de384afa82/element/2fab4c1c-689f-473e-a545-9961a5d941f0/name'
15:10:59.259 [Forwarding getElementTagName on session 8612472598685f044113b1de384afa82 to remote] DEBUG org.asynchttpclient.netty.request.NettyRequestSender - Using open Channel [id: 0xfee8b889, L:/127.0.0.1:55080 - R:localhost/127.0.0.1:4893] for GET '/session/8612472598685f044113b1de384afa82/element/2fab4c1c-689f-473e-a545-9961a5d941f0/name'
15:10:59.266 [AsyncHttpClient-1-8] DEBUG org.asynchttpclient.netty.handler.HttpHandler - 

Request DefaultFullHttpRequest(decodeResult: success, version: HTTP/1.1, content: EmptyByteBufBE)
GET /session/8612472598685f044113b1de384afa82/element/2fab4c1c-689f-473e-a545-9961a5d941f0/name HTTP/1.1
User-Agent: selenium/4.8.1 (java windows)
Cache-Control: no-cache
Content-Type: application/json; charset=utf-8
host: localhost:4893
accept: */*

Response DefaultHttpResponse(decodeResult: success, version: HTTP/1.1)
HTTP/1.1 200 OK
Content-Length: 15
Content-Type: application/json; charset=utf-8
cache-control: no-cache

15:10:59.266 [AsyncHttpClient-1-8] DEBUG org.asynchttpclient.netty.channel.ChannelManager - Adding key: http://localhost:4893 for channel [id: 0xfee8b889, L:/127.0.0.1:55080 - R:localhost/127.0.0.1:4893]
15:10:59.268 [Forwarding getElementTagName on session 8612472598685f044113b1de384afa82 to remote] DEBUG org.asynchttpclient.netty.request.NettyRequestSender - Using pooled Channel '[id: 0xfee8b889, L:/127.0.0.1:55080 - R:localhost/127.0.0.1:4893]' for 'GET' to 'http://localhost:4893/session/8612472598685f044113b1de384afa82/element/2fab4c1c-689f-473e-a545-9961a5d941f0/name'
15:10:59.268 [Forwarding getElementTagName on session 8612472598685f044113b1de384afa82 to remote] DEBUG org.asynchttpclient.netty.request.NettyRequestSender - Using open Channel [id: 0xfee8b889, L:/127.0.0.1:55080 - R:localhost/127.0.0.1:4893] for GET '/session/8612472598685f044113b1de384afa82/element/2fab4c1c-689f-473e-a545-9961a5d941f0/name'
15:10:59.272 [AsyncHttpClient-1-8] DEBUG org.asynchttpclient.netty.handler.HttpHandler - 

Request DefaultFullHttpRequest(decodeResult: success, version: HTTP/1.1, content: EmptyByteBufBE)
GET /session/8612472598685f044113b1de384afa82/element/2fab4c1c-689f-473e-a545-9961a5d941f0/name HTTP/1.1
User-Agent: selenium/4.8.1 (java windows)
Cache-Control: no-cache
Content-Type: application/json; charset=utf-8
host: localhost:4893
accept: */*

Response DefaultHttpResponse(decodeResult: success, version: HTTP/1.1)
HTTP/1.1 200 OK
Content-Length: 15
Content-Type: application/json; charset=utf-8
cache-control: no-cache

15:10:59.272 [AsyncHttpClient-1-8] DEBUG org.asynchttpclient.netty.channel.ChannelManager - Adding key: http://localhost:4893 for channel [id: 0xfee8b889, L:/127.0.0.1:55080 - R:localhost/127.0.0.1:4893]
15:10:59.274 [Forwarding findElement on session 8612472598685f044113b1de384afa82 to remote] DEBUG org.asynchttpclient.netty.request.NettyRequestSender - Using pooled Channel '[id: 0xfee8b889, L:/127.0.0.1:55080 - R:localhost/127.0.0.1:4893]' for 'POST' to 'http://localhost:4893/session/8612472598685f044113b1de384afa82/element'
15:10:59.274 [Forwarding findElement on session 8612472598685f044113b1de384afa82 to remote] DEBUG org.asynchttpclient.netty.request.NettyRequestSender - Using open Channel [id: 0xfee8b889, L:/127.0.0.1:55080 - R:localhost/127.0.0.1:4893] for POST '/session/8612472598685f044113b1de384afa82/element'
15:10:59.283 [AsyncHttpClient-1-8] DEBUG org.asynchttpclient.netty.handler.HttpHandler - 

Request DefaultHttpRequest(decodeResult: success, version: HTTP/1.1)
POST /session/8612472598685f044113b1de384afa82/element HTTP/1.1
User-Agent: selenium/4.8.1 (java windows)
Content-Length: 84
Content-Type: application/json; charset=utf-8
host: localhost:4893
accept: */*

Response DefaultHttpResponse(decodeResult: success, version: HTTP/1.1)
HTTP/1.1 200 OK
Content-Length: 88
Content-Type: application/json; charset=utf-8
cache-control: no-cache

15:10:59.284 [AsyncHttpClient-1-8] DEBUG org.asynchttpclient.netty.channel.ChannelManager - Adding key: http://localhost:4893 for channel [id: 0xfee8b889, L:/127.0.0.1:55080 - R:localhost/127.0.0.1:4893]
15:10:59.285 [Forwarding clickElement on session 8612472598685f044113b1de384afa82 to remote] DEBUG org.asynchttpclient.netty.request.NettyRequestSender - Using pooled Channel '[id: 0xfee8b889, L:/127.0.0.1:55080 - R:localhost/127.0.0.1:4893]' for 'POST' to 'http://localhost:4893/session/8612472598685f044113b1de384afa82/element/2fab4c1c-689f-473e-a545-9961a5d941f0/click'
15:10:59.285 [Forwarding clickElement on session 8612472598685f044113b1de384afa82 to remote] DEBUG org.asynchttpclient.netty.request.NettyRequestSender - Using open Channel [id: 0xfee8b889, L:/127.0.0.1:55080 - R:localhost/127.0.0.1:4893] for POST '/session/8612472598685f044113b1de384afa82/element/2fab4c1c-689f-473e-a545-9961a5d941f0/click'
15:10:59.323 [AsyncHttpClient-1-8] DEBUG org.asynchttpclient.netty.handler.HttpHandler - 

Request DefaultHttpRequest(decodeResult: success, version: HTTP/1.1)
POST /session/8612472598685f044113b1de384afa82/element/2fab4c1c-689f-473e-a545-9961a5d941f0/click HTTP/1.1
User-Agent: selenium/4.8.1 (java windows)
Content-Length: 50
Content-Type: application/json; charset=utf-8
host: localhost:4893
accept: */*

Response DefaultHttpResponse(decodeResult: success, version: HTTP/1.1)
HTTP/1.1 200 OK
Content-Length: 14
Content-Type: application/json; charset=utf-8
cache-control: no-cache

15:10:59.323 [AsyncHttpClient-1-8] DEBUG org.asynchttpclient.netty.channel.ChannelManager - Adding key: http://localhost:4893 for channel [id: 0xfee8b889, L:/127.0.0.1:55080 - R:localhost/127.0.0.1:4893]
  &amp#27;[32mThen &amp#27;[0m&amp#27;[32mthe order has been successfully and user see history transactions&amp#27;[0m &amp#27;[90m# starter.stepdefinitions.ChooseProductSteps.theOrderHasBeenSuccessfullyAndUserSeeHistoryTransactions()&amp#27;[0m
15:10:59.331 [main] INFO  - 
  _____   ___   ___   _____     ___     _     ___   ___   ___   ___  
 |_   _| | __| / __| |_   _|   | _ \   /_\   / __| / __| | __| |   \ 
   | |   | _|  \__ \   | |     |  _/  / _ \  \__ \ \__ \ | _|  | |) |
   |_|   |___| |___/   |_|     |_|   /_/ \_\ |___/ |___/ |___| |___/ 

as user i want to order and pay product
----------------------------------------------------------------------
15:10:59.332 [AsyncHttpClient-1-2] DEBUG org.asynchttpclient.netty.handler.WebSocketHandler - Channel Closed: [id: 0x52061942, L:/127.0.0.1:55088 ! R:localhost/127.0.0.1:55081] with attribute NettyResponseFuture{currentRetry=0,
	isDone=1,
	isCancelled=0,
	asyncHandler=org.asynchttpclient.ws.WebSocketUpgradeHandler@12e8221a,
	nettyRequest=org.asynchttpclient.netty.request.NettyRequest@4f6505d6,
	future=java.util.concurrent.CompletableFuture@3367ae2e[Completed normally],
	uri=ws://localhost:55081/devtools/browser/d9bdbafe-c745-416b-b27d-495ce1df931d,
	keepAlive=true,
	redirectCount=0,
	timeoutsHolder=null,
	inAuth=0,
	touch=1682410236612}
15:10:59.333 [AsyncHttpClient-1-2] DEBUG org.asynchttpclient.netty.channel.ChannelManager - Closing Channel [id: 0x52061942, L:/127.0.0.1:55088 ! R:localhost/127.0.0.1:55081] 
15:10:59.334 [Driver Command Executor] DEBUG org.asynchttpclient.netty.request.NettyRequestSender - Using pooled Channel '[id: 0xfee8b889, L:/127.0.0.1:55080 - R:localhost/127.0.0.1:4893]' for 'DELETE' to 'http://localhost:4893/session/8612472598685f044113b1de384afa82'
15:10:59.334 [Driver Command Executor] DEBUG org.asynchttpclient.netty.request.NettyRequestSender - Using open Channel [id: 0xfee8b889, L:/127.0.0.1:55080 - R:localhost/127.0.0.1:4893] for DELETE '/session/8612472598685f044113b1de384afa82'
15:10:59.401 [AsyncHttpClient-1-9] DEBUG org.asynchttpclient.netty.handler.HttpHandler - Unexpected I/O exception on channel [id: 0x8c17edb7, L:/127.0.0.1:55087 - R:localhost/127.0.0.1:55081]
java.io.IOException: An existing connection was forcibly closed by the remote host
	at sun.nio.ch.SocketDispatcher.read0(Native Method)
	at sun.nio.ch.SocketDispatcher.read(SocketDispatcher.java:43)
	at sun.nio.ch.IOUtil.readIntoNativeBuffer(IOUtil.java:223)
	at sun.nio.ch.IOUtil.read(IOUtil.java:192)
	at sun.nio.ch.SocketChannelImpl.read(SocketChannelImpl.java:380)
	at io.netty.buffer.PooledByteBuf.setBytes(PooledByteBuf.java:259)
	at io.netty.buffer.AbstractByteBuf.writeBytes(AbstractByteBuf.java:1132)
	at io.netty.channel.socket.nio.NioSocketChannel.doReadBytes(NioSocketChannel.java:357)
	at io.netty.channel.nio.AbstractNioByteChannel$NioByteUnsafe.read(AbstractNioByteChannel.java:151)
	at io.netty.channel.nio.NioEventLoop.processSelectedKey(NioEventLoop.java:788)
	at io.netty.channel.nio.NioEventLoop.processSelectedKeysOptimized(NioEventLoop.java:724)
	at io.netty.channel.nio.NioEventLoop.processSelectedKeys(NioEventLoop.java:650)
	at io.netty.channel.nio.NioEventLoop.run(NioEventLoop.java:562)
	at io.netty.util.concurrent.SingleThreadEventExecutor$4.run(SingleThreadEventExecutor.java:997)
	at io.netty.util.internal.ThreadExecutorMap$2.run(ThreadExecutorMap.java:74)
	at io.netty.util.concurrent.FastThreadLocalRunnable.run(FastThreadLocalRunnable.java:30)
	at java.lang.Thread.run(Thread.java:748)
15:10:59.401 [AsyncHttpClient-1-9] DEBUG org.asynchttpclient.netty.channel.ChannelManager - Closing Channel [id: 0x8c17edb7, L:/127.0.0.1:55087 - R:localhost/127.0.0.1:55081] 
15:10:59.401 [AsyncHttpClient-1-9] DEBUG org.asynchttpclient.netty.handler.HttpHandler - Channel Closed: [id: 0x8c17edb7, L:/127.0.0.1:55087 ! R:localhost/127.0.0.1:55081] with attribute DISCARD
15:10:59.492 [AsyncHttpClient-1-8] DEBUG org.asynchttpclient.netty.handler.HttpHandler - 

Request DefaultFullHttpRequest(decodeResult: success, version: HTTP/1.1, content: EmptyByteBufBE)
DELETE /session/8612472598685f044113b1de384afa82 HTTP/1.1
User-Agent: selenium/4.8.1 (java windows)
Content-Type: application/json; charset=utf-8
host: localhost:4893
accept: */*

Response DefaultHttpResponse(decodeResult: success, version: HTTP/1.1)
HTTP/1.1 200 OK
Content-Length: 14
Content-Type: application/json; charset=utf-8
cache-control: no-cache

15:10:59.492 [AsyncHttpClient-1-8] DEBUG org.asynchttpclient.netty.channel.ChannelManager - Adding key: http://localhost:4893 for channel [id: 0xfee8b889, L:/127.0.0.1:55080 - R:localhost/127.0.0.1:4893]
15:10:59.772 [AsyncHttpClient-1-8] DEBUG org.asynchttpclient.netty.handler.HttpHandler - Channel Closed: [id: 0xfee8b889, L:/127.0.0.1:55080 ! R:localhost/127.0.0.1:4893] with attribute DISCARD
15:10:59.851 [AsyncHttpClient-1-1] DEBUG org.asynchttpclient.netty.channel.DefaultChannelPool - Entry count for : http://localhost:55081 : 1
15:10:59.851 [AsyncHttpClient-1-1] DEBUG org.asynchttpclient.netty.channel.DefaultChannelPool - Entry count for : http://localhost:4893 : 1
15:10:59.851 [AsyncHttpClient-1-1] DEBUG org.asynchttpclient.netty.channel.DefaultChannelPool - Adding Candidate expired Channel [id: 0x8c17edb7, L:/127.0.0.1:55087 ! R:localhost/127.0.0.1:55081] isIdleTimeoutExpired=false isRemotelyClosed=true isTtlExpired=false
15:10:59.851 [AsyncHttpClient-1-1] DEBUG org.asynchttpclient.netty.channel.DefaultChannelPool - Closing Idle Channel [id: 0x8c17edb7, L:/127.0.0.1:55087 ! R:localhost/127.0.0.1:55081]
15:10:59.851 [AsyncHttpClient-1-1] DEBUG org.asynchttpclient.netty.channel.DefaultChannelPool - Adding Candidate expired Channel [id: 0xfee8b889, L:/127.0.0.1:55080 ! R:localhost/127.0.0.1:4893] isIdleTimeoutExpired=false isRemotelyClosed=true isTtlExpired=false
15:10:59.851 [AsyncHttpClient-1-1] DEBUG org.asynchttpclient.netty.channel.DefaultChannelPool - Closing Idle Channel [id: 0xfee8b889, L:/127.0.0.1:55080 ! R:localhost/127.0.0.1:4893]
15:10:59.851 [AsyncHttpClient-1-1] DEBUG org.asynchttpclient.netty.channel.DefaultChannelPool - Closed 2 connections out of 2 in 0 ms
]]></system-out>
    <system-err><![CDATA[Starting ChromeDriver 112.0.5615.49 (bd2a7bcb881c11e8cfe3078709382934e3916914-refs/branch-heads/5615@{#936}) on port 4893
Only local connections are allowed.
Please see https://chromedriver.chromium.org/security-considerations for suggestions on keeping ChromeDriver safe.
ChromeDriver was started successfully.
Apr 25, 2023 3:10:36 PM org.openqa.selenium.devtools.CdpVersionFinder findNearestMatch
WARNING: Unable to find an exact match for CDP version 112, so returning the closest version found: 110
]]></system-err>
  </testcase>
</testsuite>